Tue, 30 Dec 2014 09:07:15 demo_dynamic_user_item_num.py[line:97]                            INFO user num: 3386

Tue, 30 Dec 2014 09:07:15 demo_dynamic_user_item_num.py[line:98]                            INFO doc num: 7695

Tue, 30 Dec 2014 09:07:15 demo_dynamic_user_item_num.py[line:99]                            INFO time step num: 20

Tue, 30 Dec 2014 09:07:15 demo_dynamic_user_item_num.py[line:106]                            INFO non zero cell num: 1338
Tue, 30 Dec 2014 09:07:15 demo_dynamic_user_item_num.py[line:107]                            INFO start nmf:

Tue, 30 Dec 2014 09:07:15 nmf.py[line:109]                            INFO Iter: 1	 Loss: 1354.62287355	 Delta: 998645.377126

Tue, 30 Dec 2014 09:07:15 nmf.py[line:109]                            INFO Iter: 2	 Loss: 1203.29546515	 Delta: 151.327408397

Tue, 30 Dec 2014 09:07:15 nmf.py[line:109]                            INFO Iter: 3	 Loss: 1069.12649965	 Delta: 134.168965508

Tue, 30 Dec 2014 09:07:15 nmf.py[line:109]                            INFO Iter: 4	 Loss: 831.929601194	 Delta: 237.196898452

Tue, 30 Dec 2014 09:07:15 nmf.py[line:109]                            INFO Iter: 5	 Loss: 627.046453603	 Delta: 204.883147591

Tue, 30 Dec 2014 09:07:15 nmf.py[line:109]                            INFO Iter: 6	 Loss: 482.461328517	 Delta: 144.585125085

Tue, 30 Dec 2014 09:07:15 nmf.py[line:109]                            INFO Iter: 7	 Loss: 385.756153144	 Delta: 96.7051753732

Tue, 30 Dec 2014 09:07:15 nmf.py[line:109]                            INFO Iter: 8	 Loss: 314.46358046	 Delta: 71.2925726843

Tue, 30 Dec 2014 09:07:16 nmf.py[line:109]                            INFO Iter: 9	 Loss: 269.350408245	 Delta: 45.1131722151

Tue, 30 Dec 2014 09:07:16 nmf.py[line:109]                            INFO Iter: 10	 Loss: 236.574645729	 Delta: 32.7757625158

Tue, 30 Dec 2014 09:07:16 nmf.py[line:109]                            INFO Iter: 11	 Loss: 213.095106521	 Delta: 23.4795392077

Tue, 30 Dec 2014 09:07:16 nmf.py[line:109]                            INFO Iter: 12	 Loss: 190.616679069	 Delta: 22.4784274524

Tue, 30 Dec 2014 09:07:16 nmf.py[line:109]                            INFO Iter: 13	 Loss: 173.7461116	 Delta: 16.8705674682

Tue, 30 Dec 2014 09:07:16 nmf.py[line:109]                            INFO Iter: 14	 Loss: 159.610889682	 Delta: 14.1352219183

Tue, 30 Dec 2014 09:07:16 nmf.py[line:109]                            INFO Iter: 15	 Loss: 148.331287666	 Delta: 11.2796020165

Tue, 30 Dec 2014 09:07:16 nmf.py[line:109]                            INFO Iter: 16	 Loss: 141.587105767	 Delta: 6.74418189844

Tue, 30 Dec 2014 09:07:16 nmf.py[line:109]                            INFO Iter: 17	 Loss: 136.330417227	 Delta: 5.25668854028

Tue, 30 Dec 2014 09:07:16 nmf.py[line:109]                            INFO Iter: 18	 Loss: 131.447973612	 Delta: 4.88244361504

Tue, 30 Dec 2014 09:07:16 nmf.py[line:109]                            INFO Iter: 19	 Loss: 127.670882731	 Delta: 3.77709088084

Tue, 30 Dec 2014 09:07:16 nmf.py[line:109]                            INFO Iter: 20	 Loss: 124.510518731	 Delta: 3.16036399984

Tue, 30 Dec 2014 09:07:16 nmf.py[line:109]                            INFO Iter: 21	 Loss: 121.485867151	 Delta: 3.02465157972

Tue, 30 Dec 2014 09:07:16 nmf.py[line:109]                            INFO Iter: 22	 Loss: 116.850258598	 Delta: 4.63560855386

Tue, 30 Dec 2014 09:07:16 nmf.py[line:109]                            INFO Iter: 23	 Loss: 112.71600216	 Delta: 4.13425643732

Tue, 30 Dec 2014 09:07:16 nmf.py[line:109]                            INFO Iter: 24	 Loss: 110.249303784	 Delta: 2.46669837653

Tue, 30 Dec 2014 09:07:17 nmf.py[line:109]                            INFO Iter: 25	 Loss: 108.226227959	 Delta: 2.02307582453

Tue, 30 Dec 2014 09:07:17 nmf.py[line:109]                            INFO Iter: 26	 Loss: 106.380997898	 Delta: 1.84523006074

Tue, 30 Dec 2014 09:07:17 nmf.py[line:109]                            INFO Iter: 27	 Loss: 104.555650892	 Delta: 1.82534700629

Tue, 30 Dec 2014 09:07:17 nmf.py[line:109]                            INFO Iter: 28	 Loss: 102.667212721	 Delta: 1.88843817076

Tue, 30 Dec 2014 09:07:17 nmf.py[line:109]                            INFO Iter: 29	 Loss: 100.754572504	 Delta: 1.91264021716

Tue, 30 Dec 2014 09:07:17 nmf.py[line:109]                            INFO Iter: 30	 Loss: 99.0337490452	 Delta: 1.72082345909

Tue, 30 Dec 2014 09:07:17 nmf.py[line:109]                            INFO Iter: 31	 Loss: 97.6437395651	 Delta: 1.39000948008

Tue, 30 Dec 2014 09:07:17 nmf.py[line:109]                            INFO Iter: 32	 Loss: 96.4233730968	 Delta: 1.22036646827

Tue, 30 Dec 2014 09:07:17 nmf.py[line:109]                            INFO Iter: 33	 Loss: 95.5507940188	 Delta: 0.872579078026

Tue, 30 Dec 2014 09:07:17 nmf.py[line:113]                            INFO NMF OK
Tue, 30 Dec 2014 09:07:17 demo_dynamic_user_item_num.py[line:117]                            INFO 
=========================

Tue, 30 Dec 2014 09:07:17 demo_dynamic_user_item_num.py[line:118]                            INFO time_step number %i:	2
Tue, 30 Dec 2014 09:07:17 demo_dynamic_user_item_num.py[line:119]                            INFO ----------------

Tue, 30 Dec 2014 09:07:17 demo_dynamic_user_item_num.py[line:142]                            INFO non zero cell num: 1665
Tue, 30 Dec 2014 09:07:17 demo_dynamic_user_item_num.py[line:144]                            INFO computing JPP decomposition...
Tue, 30 Dec 2014 09:07:17 JPPCF.py[line:86]                            INFO Iter: 1	 Loss: 3307.42235006	 Delta: 996692.57765

Tue, 30 Dec 2014 09:07:18 JPPCF.py[line:86]                            INFO Iter: 2	 Loss: 3170.65686455	 Delta: 136.765485511

Tue, 30 Dec 2014 09:07:18 JPPCF.py[line:86]                            INFO Iter: 3	 Loss: 2391.41801448	 Delta: 779.238850077

Tue, 30 Dec 2014 09:07:18 JPPCF.py[line:86]                            INFO Iter: 4	 Loss: 1686.965671	 Delta: 704.452343479

Tue, 30 Dec 2014 09:07:19 JPPCF.py[line:86]                            INFO Iter: 5	 Loss: 1271.58564081	 Delta: 415.380030184

Tue, 30 Dec 2014 09:07:19 JPPCF.py[line:86]                            INFO Iter: 6	 Loss: 1045.77385407	 Delta: 225.811786739

Tue, 30 Dec 2014 09:07:19 JPPCF.py[line:86]                            INFO Iter: 7	 Loss: 893.609392277	 Delta: 152.164461796

Tue, 30 Dec 2014 09:07:20 JPPCF.py[line:86]                            INFO Iter: 8	 Loss: 794.807121676	 Delta: 98.8022706005

Tue, 30 Dec 2014 09:07:20 JPPCF.py[line:86]                            INFO Iter: 9	 Loss: 719.249862384	 Delta: 75.5572592923

Tue, 30 Dec 2014 09:07:20 JPPCF.py[line:86]                            INFO Iter: 10	 Loss: 657.117868505	 Delta: 62.1319938795

Tue, 30 Dec 2014 09:07:21 JPPCF.py[line:86]                            INFO Iter: 11	 Loss: 608.909369121	 Delta: 48.2084993835

Tue, 30 Dec 2014 09:07:21 JPPCF.py[line:86]                            INFO Iter: 12	 Loss: 581.805864993	 Delta: 27.1035041281

Tue, 30 Dec 2014 09:07:21 JPPCF.py[line:86]                            INFO Iter: 13	 Loss: 559.435263937	 Delta: 22.3706010557

Tue, 30 Dec 2014 09:07:22 JPPCF.py[line:86]                            INFO Iter: 14	 Loss: 541.334227178	 Delta: 18.1010367595

Tue, 30 Dec 2014 09:07:22 JPPCF.py[line:86]                            INFO Iter: 15	 Loss: 527.921505521	 Delta: 13.4127216568

Tue, 30 Dec 2014 09:07:22 JPPCF.py[line:86]                            INFO Iter: 16	 Loss: 519.357420567	 Delta: 8.56408495447

Tue, 30 Dec 2014 09:07:23 JPPCF.py[line:86]                            INFO Iter: 17	 Loss: 512.008320358	 Delta: 7.34910020862

Tue, 30 Dec 2014 09:07:23 JPPCF.py[line:86]                            INFO Iter: 18	 Loss: 506.426752418	 Delta: 5.58156793998

Tue, 30 Dec 2014 09:07:23 JPPCF.py[line:86]                            INFO Iter: 19	 Loss: 502.480059347	 Delta: 3.94669307047

Tue, 30 Dec 2014 09:07:24 JPPCF.py[line:86]                            INFO Iter: 20	 Loss: 499.79722982	 Delta: 2.68282952743

Tue, 30 Dec 2014 09:07:24 JPPCF.py[line:86]                            INFO Iter: 21	 Loss: 497.823336314	 Delta: 1.97389350587

Tue, 30 Dec 2014 09:07:25 JPPCF.py[line:86]                            INFO Iter: 22	 Loss: 496.754960624	 Delta: 1.06837569034

Tue, 30 Dec 2014 09:07:25 JPPCF.py[line:86]                            INFO Iter: 23	 Loss: 496.817772065	 Delta: 0.0628114416146

Tue, 30 Dec 2014 09:07:25 JPPCF.py[line:88]                            INFO JPPCF OK

Tue, 30 Dec 2014 09:07:25 demo_dynamic_user_item_num.py[line:153]                            INFO [ok]
computing t-model NMF decomposition...
Tue, 30 Dec 2014 09:07:25 nmf.py[line:109]                            INFO Iter: 1	 Loss: 1678.61992807	 Delta: 998321.380072

Tue, 30 Dec 2014 09:07:25 nmf.py[line:109]                            INFO Iter: 2	 Loss: 1581.44704679	 Delta: 97.1728812804

Tue, 30 Dec 2014 09:07:25 nmf.py[line:109]                            INFO Iter: 3	 Loss: 1408.16026879	 Delta: 173.286778002

Tue, 30 Dec 2014 09:07:26 nmf.py[line:109]                            INFO Iter: 4	 Loss: 1070.12599395	 Delta: 338.034274834

Tue, 30 Dec 2014 09:07:26 nmf.py[line:109]                            INFO Iter: 5	 Loss: 835.167372302	 Delta: 234.958621652

Tue, 30 Dec 2014 09:07:26 nmf.py[line:109]                            INFO Iter: 6	 Loss: 681.259570577	 Delta: 153.907801725

Tue, 30 Dec 2014 09:07:26 nmf.py[line:109]                            INFO Iter: 7	 Loss: 577.869290234	 Delta: 103.390280343

Tue, 30 Dec 2014 09:07:26 nmf.py[line:109]                            INFO Iter: 8	 Loss: 506.168765146	 Delta: 71.7005250885

Tue, 30 Dec 2014 09:07:26 nmf.py[line:109]                            INFO Iter: 9	 Loss: 444.764651771	 Delta: 61.4041133749

Tue, 30 Dec 2014 09:07:26 nmf.py[line:109]                            INFO Iter: 10	 Loss: 401.194944367	 Delta: 43.5697074042

Tue, 30 Dec 2014 09:07:27 nmf.py[line:109]                            INFO Iter: 11	 Loss: 362.158444132	 Delta: 39.0365002346

Tue, 30 Dec 2014 09:07:27 nmf.py[line:109]                            INFO Iter: 12	 Loss: 335.333315765	 Delta: 26.8251283669

Tue, 30 Dec 2014 09:07:27 nmf.py[line:109]                            INFO Iter: 13	 Loss: 317.134849571	 Delta: 18.1984661939

Tue, 30 Dec 2014 09:07:27 nmf.py[line:109]                            INFO Iter: 14	 Loss: 303.880571113	 Delta: 13.2542784579

Tue, 30 Dec 2014 09:07:27 nmf.py[line:109]                            INFO Iter: 15	 Loss: 294.189060609	 Delta: 9.69151050379

Tue, 30 Dec 2014 09:07:27 nmf.py[line:109]                            INFO Iter: 16	 Loss: 286.979770179	 Delta: 7.2092904302

Tue, 30 Dec 2014 09:07:28 nmf.py[line:109]                            INFO Iter: 17	 Loss: 280.218521868	 Delta: 6.76124831164

Tue, 30 Dec 2014 09:07:28 nmf.py[line:109]                            INFO Iter: 18	 Loss: 273.539379621	 Delta: 6.67914224642

Tue, 30 Dec 2014 09:07:28 nmf.py[line:109]                            INFO Iter: 19	 Loss: 267.773653289	 Delta: 5.76572633256

Tue, 30 Dec 2014 09:07:28 nmf.py[line:109]                            INFO Iter: 20	 Loss: 263.169114053	 Delta: 4.60453923555

Tue, 30 Dec 2014 09:07:28 nmf.py[line:109]                            INFO Iter: 21	 Loss: 259.929020331	 Delta: 3.24009372161

Tue, 30 Dec 2014 09:07:28 nmf.py[line:109]                            INFO Iter: 22	 Loss: 257.478404086	 Delta: 2.45061624527

Tue, 30 Dec 2014 09:07:29 nmf.py[line:109]                            INFO Iter: 23	 Loss: 255.332711365	 Delta: 2.14569272155

Tue, 30 Dec 2014 09:07:29 nmf.py[line:109]                            INFO Iter: 24	 Loss: 253.320134021	 Delta: 2.0125773437

Tue, 30 Dec 2014 09:07:29 nmf.py[line:109]                            INFO Iter: 25	 Loss: 251.424512372	 Delta: 1.89562164941

Tue, 30 Dec 2014 09:07:29 nmf.py[line:109]                            INFO Iter: 26	 Loss: 249.990566306	 Delta: 1.4339460653

Tue, 30 Dec 2014 09:07:29 nmf.py[line:109]                            INFO Iter: 27	 Loss: 248.444199578	 Delta: 1.54636672844

Tue, 30 Dec 2014 09:07:29 nmf.py[line:109]                            INFO Iter: 28	 Loss: 246.462280215	 Delta: 1.98191936299

Tue, 30 Dec 2014 09:07:29 nmf.py[line:109]                            INFO Iter: 29	 Loss: 244.709535629	 Delta: 1.75274458534

Tue, 30 Dec 2014 09:07:30 nmf.py[line:109]                            INFO Iter: 30	 Loss: 243.708478107	 Delta: 1.00105752248

Tue, 30 Dec 2014 09:07:30 nmf.py[line:109]                            INFO Iter: 31	 Loss: 242.847748637	 Delta: 0.860729469496

Tue, 30 Dec 2014 09:07:30 nmf.py[line:113]                            INFO NMF OK
Tue, 30 Dec 2014 09:07:30 demo_dynamic_user_item_num.py[line:159]                            INFO [ok]
computing fix_model NMF decomposition...
Tue, 30 Dec 2014 09:07:30 demo_dynamic_user_item_num.py[line:169]                            INFO non zero cell num: 1665
Tue, 30 Dec 2014 09:07:30 nmf.py[line:109]                            INFO Iter: 1	 Loss: 1678.65771807	 Delta: 998321.342282

Tue, 30 Dec 2014 09:07:30 nmf.py[line:109]                            INFO Iter: 2	 Loss: 1579.82399747	 Delta: 98.8337206085

Tue, 30 Dec 2014 09:07:30 nmf.py[line:109]                            INFO Iter: 3	 Loss: 1386.15610563	 Delta: 193.66789184

Tue, 30 Dec 2014 09:07:30 nmf.py[line:109]                            INFO Iter: 4	 Loss: 1048.0145761	 Delta: 338.141529521

Tue, 30 Dec 2014 09:07:30 nmf.py[line:109]                            INFO Iter: 5	 Loss: 826.641897063	 Delta: 221.372679041

Tue, 30 Dec 2014 09:07:31 nmf.py[line:109]                            INFO Iter: 6	 Loss: 682.720803843	 Delta: 143.92109322

Tue, 30 Dec 2014 09:07:31 nmf.py[line:109]                            INFO Iter: 7	 Loss: 569.989140291	 Delta: 112.731663553

Tue, 30 Dec 2014 09:07:31 nmf.py[line:109]                            INFO Iter: 8	 Loss: 492.394755891	 Delta: 77.5943843992

Tue, 30 Dec 2014 09:07:31 nmf.py[line:109]                            INFO Iter: 9	 Loss: 441.545313721	 Delta: 50.8494421704

Tue, 30 Dec 2014 09:07:31 nmf.py[line:109]                            INFO Iter: 10	 Loss: 404.449569681	 Delta: 37.0957440398

Tue, 30 Dec 2014 09:07:31 nmf.py[line:109]                            INFO Iter: 11	 Loss: 376.558654818	 Delta: 27.8909148634

Tue, 30 Dec 2014 09:07:31 nmf.py[line:109]                            INFO Iter: 12	 Loss: 353.382794758	 Delta: 23.1758600593

Tue, 30 Dec 2014 09:07:32 nmf.py[line:109]                            INFO Iter: 13	 Loss: 333.723146523	 Delta: 19.6596482352

Tue, 30 Dec 2014 09:07:32 nmf.py[line:109]                            INFO Iter: 14	 Loss: 317.12542117	 Delta: 16.5977253534

Tue, 30 Dec 2014 09:07:32 nmf.py[line:109]                            INFO Iter: 15	 Loss: 304.542048596	 Delta: 12.583372574

Tue, 30 Dec 2014 09:07:32 nmf.py[line:109]                            INFO Iter: 16	 Loss: 293.383443034	 Delta: 11.1586055617

Tue, 30 Dec 2014 09:07:32 nmf.py[line:109]                            INFO Iter: 17	 Loss: 285.699950024	 Delta: 7.68349301042

Tue, 30 Dec 2014 09:07:32 nmf.py[line:109]                            INFO Iter: 18	 Loss: 278.931265511	 Delta: 6.76868451321

Tue, 30 Dec 2014 09:07:33 nmf.py[line:109]                            INFO Iter: 19	 Loss: 272.762831111	 Delta: 6.16843439907

Tue, 30 Dec 2014 09:07:33 nmf.py[line:109]                            INFO Iter: 20	 Loss: 268.050095309	 Delta: 4.71273580292

Tue, 30 Dec 2014 09:07:33 nmf.py[line:109]                            INFO Iter: 21	 Loss: 264.58770332	 Delta: 3.46239198898

Tue, 30 Dec 2014 09:07:33 nmf.py[line:109]                            INFO Iter: 22	 Loss: 261.497088488	 Delta: 3.09061483137

Tue, 30 Dec 2014 09:07:33 nmf.py[line:109]                            INFO Iter: 23	 Loss: 258.430869937	 Delta: 3.06621855128

Tue, 30 Dec 2014 09:07:33 nmf.py[line:109]                            INFO Iter: 24	 Loss: 255.693475983	 Delta: 2.73739395405

Tue, 30 Dec 2014 09:07:33 nmf.py[line:109]                            INFO Iter: 25	 Loss: 253.400821685	 Delta: 2.29265429814

Tue, 30 Dec 2014 09:07:33 nmf.py[line:109]                            INFO Iter: 26	 Loss: 251.322131756	 Delta: 2.07868992876

Tue, 30 Dec 2014 09:07:34 nmf.py[line:109]                            INFO Iter: 27	 Loss: 249.19153693	 Delta: 2.13059482613

Tue, 30 Dec 2014 09:07:34 nmf.py[line:109]                            INFO Iter: 28	 Loss: 247.273498698	 Delta: 1.91803823181

Tue, 30 Dec 2014 09:07:34 nmf.py[line:109]                            INFO Iter: 29	 Loss: 245.642785626	 Delta: 1.63071307161

Tue, 30 Dec 2014 09:07:34 nmf.py[line:109]                            INFO Iter: 30	 Loss: 244.281298231	 Delta: 1.3614873949

Tue, 30 Dec 2014 09:07:34 nmf.py[line:109]                            INFO Iter: 31	 Loss: 243.135153984	 Delta: 1.14614424761

Tue, 30 Dec 2014 09:07:34 nmf.py[line:109]                            INFO Iter: 32	 Loss: 242.182708758	 Delta: 0.952445225531

Tue, 30 Dec 2014 09:07:34 nmf.py[line:113]                            INFO NMF OK
Tue, 30 Dec 2014 09:07:34 demo_dynamic_user_item_num.py[line:175]                            INFO [ok]

Tue, 30 Dec 2014 09:07:34 demo_dynamic_user_item_num.py[line:177]                            INFO 	 fold_id:0

Tue, 30 Dec 2014 09:07:34 demo_dynamic_user_item_num.py[line:179]                            INFO 	recall at 10:
Tue, 30 Dec 2014 09:07:36 demo_dynamic_user_item_num.py[line:207]                            INFO 		t-model NMF :  0.284477124183

Tue, 30 Dec 2014 09:07:36 demo_dynamic_user_item_num.py[line:208]                            INFO 		f-model NMF :  0.257536347872

Tue, 30 Dec 2014 09:07:36 demo_dynamic_user_item_num.py[line:209]                            INFO 		JPPCF :  0.269501133787

Tue, 30 Dec 2014 09:07:36 demo_dynamic_user_item_num.py[line:179]                            INFO 	recall at 50:
Tue, 30 Dec 2014 09:07:37 demo_dynamic_user_item_num.py[line:207]                            INFO 		t-model NMF :  0.568110577564

Tue, 30 Dec 2014 09:07:37 demo_dynamic_user_item_num.py[line:208]                            INFO 		f-model NMF :  0.537071495265

Tue, 30 Dec 2014 09:07:37 demo_dynamic_user_item_num.py[line:209]                            INFO 		JPPCF :  0.537938508737

Tue, 30 Dec 2014 09:07:37 demo_dynamic_user_item_num.py[line:179]                            INFO 	recall at 100:
Tue, 30 Dec 2014 09:07:39 demo_dynamic_user_item_num.py[line:207]                            INFO 		t-model NMF :  0.645131385888

Tue, 30 Dec 2014 09:07:39 demo_dynamic_user_item_num.py[line:208]                            INFO 		f-model NMF :  0.641906762705

Tue, 30 Dec 2014 09:07:39 demo_dynamic_user_item_num.py[line:209]                            INFO 		JPPCF :  0.634470454849

Tue, 30 Dec 2014 09:07:39 demo_dynamic_user_item_num.py[line:179]                            INFO 	recall at 300:
Tue, 30 Dec 2014 09:07:40 demo_dynamic_user_item_num.py[line:207]                            INFO 		t-model NMF :  0.824979991997

Tue, 30 Dec 2014 09:07:40 demo_dynamic_user_item_num.py[line:208]                            INFO 		f-model NMF :  0.830965719621

Tue, 30 Dec 2014 09:07:40 demo_dynamic_user_item_num.py[line:209]                            INFO 		JPPCF :  0.813478724823

Tue, 30 Dec 2014 09:07:40 demo_dynamic_user_item_num.py[line:179]                            INFO 	recall at 500:
Tue, 30 Dec 2014 09:07:42 demo_dynamic_user_item_num.py[line:207]                            INFO 		t-model NMF :  0.863795518207

Tue, 30 Dec 2014 09:07:42 demo_dynamic_user_item_num.py[line:208]                            INFO 		f-model NMF :  0.865196078431

Tue, 30 Dec 2014 09:07:42 demo_dynamic_user_item_num.py[line:209]                            INFO 		JPPCF :  0.882819794585

Tue, 30 Dec 2014 09:07:42 demo_dynamic_user_item_num.py[line:179]                            INFO 	recall at 1000:
Tue, 30 Dec 2014 09:07:43 demo_dynamic_user_item_num.py[line:207]                            INFO 		t-model NMF :  0.946778711485

Tue, 30 Dec 2014 09:07:43 demo_dynamic_user_item_num.py[line:208]                            INFO 		f-model NMF :  0.957983193277

Tue, 30 Dec 2014 09:07:43 demo_dynamic_user_item_num.py[line:209]                            INFO 		JPPCF :  0.966386554622

Tue, 30 Dec 2014 09:07:43 demo_dynamic_user_item_num.py[line:211]                            INFO current_time_step: 2

Tue, 30 Dec 2014 09:07:43 demo_dynamic_user_item_num.py[line:214]                            INFO 	recall at 10:
Tue, 30 Dec 2014 09:07:43 demo_dynamic_user_item_num.py[line:218]                            INFO 		avg t-model NMF :  0.284477124183

Tue, 30 Dec 2014 09:07:43 demo_dynamic_user_item_num.py[line:219]                            INFO 		avg f-model NMF :  0.257536347872

Tue, 30 Dec 2014 09:07:43 demo_dynamic_user_item_num.py[line:220]                            INFO 		avg JPPCF :  0.269501133787

Tue, 30 Dec 2014 09:07:43 demo_dynamic_user_item_num.py[line:214]                            INFO 	recall at 50:
Tue, 30 Dec 2014 09:07:43 demo_dynamic_user_item_num.py[line:218]                            INFO 		avg t-model NMF :  0.568110577564

Tue, 30 Dec 2014 09:07:43 demo_dynamic_user_item_num.py[line:219]                            INFO 		avg f-model NMF :  0.537071495265

Tue, 30 Dec 2014 09:07:43 demo_dynamic_user_item_num.py[line:220]                            INFO 		avg JPPCF :  0.537938508737

Tue, 30 Dec 2014 09:07:43 demo_dynamic_user_item_num.py[line:214]                            INFO 	recall at 100:
Tue, 30 Dec 2014 09:07:43 demo_dynamic_user_item_num.py[line:218]                            INFO 		avg t-model NMF :  0.645131385888

Tue, 30 Dec 2014 09:07:43 demo_dynamic_user_item_num.py[line:219]                            INFO 		avg f-model NMF :  0.641906762705

Tue, 30 Dec 2014 09:07:43 demo_dynamic_user_item_num.py[line:220]                            INFO 		avg JPPCF :  0.634470454849

Tue, 30 Dec 2014 09:07:43 demo_dynamic_user_item_num.py[line:214]                            INFO 	recall at 300:
Tue, 30 Dec 2014 09:07:43 demo_dynamic_user_item_num.py[line:218]                            INFO 		avg t-model NMF :  0.824979991997

Tue, 30 Dec 2014 09:07:43 demo_dynamic_user_item_num.py[line:219]                            INFO 		avg f-model NMF :  0.830965719621

Tue, 30 Dec 2014 09:07:43 demo_dynamic_user_item_num.py[line:220]                            INFO 		avg JPPCF :  0.813478724823

Tue, 30 Dec 2014 09:07:43 demo_dynamic_user_item_num.py[line:214]                            INFO 	recall at 500:
Tue, 30 Dec 2014 09:07:43 demo_dynamic_user_item_num.py[line:218]                            INFO 		avg t-model NMF :  0.863795518207

Tue, 30 Dec 2014 09:07:43 demo_dynamic_user_item_num.py[line:219]                            INFO 		avg f-model NMF :  0.865196078431

Tue, 30 Dec 2014 09:07:43 demo_dynamic_user_item_num.py[line:220]                            INFO 		avg JPPCF :  0.882819794585

Tue, 30 Dec 2014 09:07:43 demo_dynamic_user_item_num.py[line:214]                            INFO 	recall at 1000:
Tue, 30 Dec 2014 09:07:43 demo_dynamic_user_item_num.py[line:218]                            INFO 		avg t-model NMF :  0.946778711485

Tue, 30 Dec 2014 09:07:43 demo_dynamic_user_item_num.py[line:219]                            INFO 		avg f-model NMF :  0.957983193277

Tue, 30 Dec 2014 09:07:43 demo_dynamic_user_item_num.py[line:220]                            INFO 		avg JPPCF :  0.966386554622

Tue, 30 Dec 2014 09:07:43 demo_dynamic_user_item_num.py[line:234]                            INFO =========================

Tue, 30 Dec 2014 09:07:43 demo_dynamic_user_item_num.py[line:117]                            INFO 
=========================

Tue, 30 Dec 2014 09:07:43 demo_dynamic_user_item_num.py[line:118]                            INFO time_step number %i:	3
Tue, 30 Dec 2014 09:07:43 demo_dynamic_user_item_num.py[line:119]                            INFO ----------------

Tue, 30 Dec 2014 09:07:43 demo_dynamic_user_item_num.py[line:142]                            INFO non zero cell num: 2740
Tue, 30 Dec 2014 09:07:43 demo_dynamic_user_item_num.py[line:144]                            INFO computing JPP decomposition...
Tue, 30 Dec 2014 09:07:44 JPPCF.py[line:86]                            INFO Iter: 1	 Loss: 5462.67329356	 Delta: 994537.326706

Tue, 30 Dec 2014 09:07:45 JPPCF.py[line:86]                            INFO Iter: 2	 Loss: 5189.21350793	 Delta: 273.459785628

Tue, 30 Dec 2014 09:07:46 JPPCF.py[line:86]                            INFO Iter: 3	 Loss: 3920.0028307	 Delta: 1269.21067724

Tue, 30 Dec 2014 09:07:46 JPPCF.py[line:86]                            INFO Iter: 4	 Loss: 2627.92706048	 Delta: 1292.07577022

Tue, 30 Dec 2014 09:07:47 JPPCF.py[line:86]                            INFO Iter: 5	 Loss: 2021.85220019	 Delta: 606.07486029

Tue, 30 Dec 2014 09:07:48 JPPCF.py[line:86]                            INFO Iter: 6	 Loss: 1703.77563327	 Delta: 318.076566921

Tue, 30 Dec 2014 09:07:49 JPPCF.py[line:86]                            INFO Iter: 7	 Loss: 1494.64901646	 Delta: 209.126616811

Tue, 30 Dec 2014 09:07:50 JPPCF.py[line:86]                            INFO Iter: 8	 Loss: 1328.39964894	 Delta: 166.249367518

Tue, 30 Dec 2014 09:07:50 JPPCF.py[line:86]                            INFO Iter: 9	 Loss: 1203.87836723	 Delta: 124.521281705

Tue, 30 Dec 2014 09:07:51 JPPCF.py[line:86]                            INFO Iter: 10	 Loss: 1115.20612039	 Delta: 88.6722468395

Tue, 30 Dec 2014 09:07:52 JPPCF.py[line:86]                            INFO Iter: 11	 Loss: 1049.81020391	 Delta: 65.3959164857

Tue, 30 Dec 2014 09:07:53 JPPCF.py[line:86]                            INFO Iter: 12	 Loss: 991.296945405	 Delta: 58.5132585036

Tue, 30 Dec 2014 09:07:53 JPPCF.py[line:86]                            INFO Iter: 13	 Loss: 947.771947723	 Delta: 43.524997682

Tue, 30 Dec 2014 09:07:54 JPPCF.py[line:86]                            INFO Iter: 14	 Loss: 916.597067008	 Delta: 31.1748807151

Tue, 30 Dec 2014 09:07:55 JPPCF.py[line:86]                            INFO Iter: 15	 Loss: 891.95257076	 Delta: 24.6444962474

Tue, 30 Dec 2014 09:07:56 JPPCF.py[line:86]                            INFO Iter: 16	 Loss: 869.802208166	 Delta: 22.150362594

Tue, 30 Dec 2014 09:07:57 JPPCF.py[line:86]                            INFO Iter: 17	 Loss: 848.977104802	 Delta: 20.8251033643

Tue, 30 Dec 2014 09:07:58 JPPCF.py[line:86]                            INFO Iter: 18	 Loss: 832.591418961	 Delta: 16.3856858416

Tue, 30 Dec 2014 09:07:58 JPPCF.py[line:86]                            INFO Iter: 19	 Loss: 818.60933194	 Delta: 13.9820870206

Tue, 30 Dec 2014 09:07:59 JPPCF.py[line:86]                            INFO Iter: 20	 Loss: 806.7152708	 Delta: 11.8940611399

Tue, 30 Dec 2014 09:08:00 JPPCF.py[line:86]                            INFO Iter: 21	 Loss: 791.800441394	 Delta: 14.9148294063

Tue, 30 Dec 2014 09:08:01 JPPCF.py[line:86]                            INFO Iter: 22	 Loss: 773.311554436	 Delta: 18.4888869575

Tue, 30 Dec 2014 09:08:02 JPPCF.py[line:86]                            INFO Iter: 23	 Loss: 764.569600674	 Delta: 8.7419537624

Tue, 30 Dec 2014 09:08:03 JPPCF.py[line:86]                            INFO Iter: 24	 Loss: 758.154636805	 Delta: 6.41496386913

Tue, 30 Dec 2014 09:08:04 JPPCF.py[line:86]                            INFO Iter: 25	 Loss: 753.204825668	 Delta: 4.94981113657

Tue, 30 Dec 2014 09:08:05 JPPCF.py[line:86]                            INFO Iter: 26	 Loss: 748.590622979	 Delta: 4.61420268927

Tue, 30 Dec 2014 09:08:05 JPPCF.py[line:86]                            INFO Iter: 27	 Loss: 744.98334142	 Delta: 3.60728155905

Tue, 30 Dec 2014 09:08:06 JPPCF.py[line:86]                            INFO Iter: 28	 Loss: 740.134209737	 Delta: 4.84913168316

Tue, 30 Dec 2014 09:08:07 JPPCF.py[line:86]                            INFO Iter: 29	 Loss: 734.93318137	 Delta: 5.20102836703

Tue, 30 Dec 2014 09:08:08 JPPCF.py[line:86]                            INFO Iter: 30	 Loss: 729.533866827	 Delta: 5.3993145423

Tue, 30 Dec 2014 09:08:09 JPPCF.py[line:86]                            INFO Iter: 31	 Loss: 724.900718842	 Delta: 4.63314798589

Tue, 30 Dec 2014 09:08:10 JPPCF.py[line:86]                            INFO Iter: 32	 Loss: 720.644288992	 Delta: 4.25642984935

Tue, 30 Dec 2014 09:08:11 JPPCF.py[line:86]                            INFO Iter: 33	 Loss: 717.47981965	 Delta: 3.16446934256

Tue, 30 Dec 2014 09:08:12 JPPCF.py[line:86]                            INFO Iter: 34	 Loss: 715.287346643	 Delta: 2.19247300645

Tue, 30 Dec 2014 09:08:13 JPPCF.py[line:86]                            INFO Iter: 35	 Loss: 713.384849361	 Delta: 1.90249728214

Tue, 30 Dec 2014 09:08:14 JPPCF.py[line:86]                            INFO Iter: 36	 Loss: 712.194901886	 Delta: 1.18994747464

Tue, 30 Dec 2014 09:08:15 JPPCF.py[line:86]                            INFO Iter: 37	 Loss: 710.913243686	 Delta: 1.28165820083

Tue, 30 Dec 2014 09:08:16 JPPCF.py[line:86]                            INFO Iter: 38	 Loss: 709.073211904	 Delta: 1.84003178139

Tue, 30 Dec 2014 09:08:17 JPPCF.py[line:86]                            INFO Iter: 39	 Loss: 707.020252309	 Delta: 2.05295959475

Tue, 30 Dec 2014 09:08:18 JPPCF.py[line:86]                            INFO Iter: 40	 Loss: 705.722677514	 Delta: 1.29757479557

Tue, 30 Dec 2014 09:08:19 JPPCF.py[line:86]                            INFO Iter: 41	 Loss: 705.2720069	 Delta: 0.450670614279

Tue, 30 Dec 2014 09:08:19 JPPCF.py[line:88]                            INFO JPPCF OK

Tue, 30 Dec 2014 09:08:19 demo_dynamic_user_item_num.py[line:153]                            INFO [ok]
computing t-model NMF decomposition...
Tue, 30 Dec 2014 09:08:19 nmf.py[line:109]                            INFO Iter: 1	 Loss: 2757.83107302	 Delta: 997242.168927

Tue, 30 Dec 2014 09:08:19 nmf.py[line:109]                            INFO Iter: 2	 Loss: 2603.20278381	 Delta: 154.628289213

Tue, 30 Dec 2014 09:08:19 nmf.py[line:109]                            INFO Iter: 3	 Loss: 2406.44819838	 Delta: 196.754585427

Tue, 30 Dec 2014 09:08:20 nmf.py[line:109]                            INFO Iter: 4	 Loss: 2083.73922075	 Delta: 322.708977629

Tue, 30 Dec 2014 09:08:20 nmf.py[line:109]                            INFO Iter: 5	 Loss: 1726.05212071	 Delta: 357.687100043

Tue, 30 Dec 2014 09:08:20 nmf.py[line:109]                            INFO Iter: 6	 Loss: 1425.21524181	 Delta: 300.836878902

Tue, 30 Dec 2014 09:08:20 nmf.py[line:109]                            INFO Iter: 7	 Loss: 1205.49287946	 Delta: 219.722362344

Tue, 30 Dec 2014 09:08:21 nmf.py[line:109]                            INFO Iter: 8	 Loss: 1055.43990655	 Delta: 150.052972914

Tue, 30 Dec 2014 09:08:21 nmf.py[line:109]                            INFO Iter: 9	 Loss: 962.032497744	 Delta: 93.4074088063

Tue, 30 Dec 2014 09:08:21 nmf.py[line:109]                            INFO Iter: 10	 Loss: 893.786277133	 Delta: 68.2462206108

Tue, 30 Dec 2014 09:08:22 nmf.py[line:109]                            INFO Iter: 11	 Loss: 836.229788216	 Delta: 57.556488917

Tue, 30 Dec 2014 09:08:22 nmf.py[line:109]                            INFO Iter: 12	 Loss: 790.033511849	 Delta: 46.1962763665

Tue, 30 Dec 2014 09:08:22 nmf.py[line:109]                            INFO Iter: 13	 Loss: 757.637420612	 Delta: 32.3960912376

Tue, 30 Dec 2014 09:08:23 nmf.py[line:109]                            INFO Iter: 14	 Loss: 734.244003185	 Delta: 23.3934174265

Tue, 30 Dec 2014 09:08:23 nmf.py[line:109]                            INFO Iter: 15	 Loss: 717.178043869	 Delta: 17.0659593161

Tue, 30 Dec 2014 09:08:23 nmf.py[line:109]                            INFO Iter: 16	 Loss: 704.158678261	 Delta: 13.0193656082

Tue, 30 Dec 2014 09:08:24 nmf.py[line:109]                            INFO Iter: 17	 Loss: 692.624614319	 Delta: 11.5340639423

Tue, 30 Dec 2014 09:08:24 nmf.py[line:109]                            INFO Iter: 18	 Loss: 681.472308608	 Delta: 11.1523057109

Tue, 30 Dec 2014 09:08:24 nmf.py[line:109]                            INFO Iter: 19	 Loss: 670.841358594	 Delta: 10.6309500139

Tue, 30 Dec 2014 09:08:24 nmf.py[line:109]                            INFO Iter: 20	 Loss: 660.133134162	 Delta: 10.7082244316

Tue, 30 Dec 2014 09:08:25 nmf.py[line:109]                            INFO Iter: 21	 Loss: 649.962735815	 Delta: 10.1703983475

Tue, 30 Dec 2014 09:08:25 nmf.py[line:109]                            INFO Iter: 22	 Loss: 640.874110717	 Delta: 9.08862509778

Tue, 30 Dec 2014 09:08:25 nmf.py[line:109]                            INFO Iter: 23	 Loss: 632.524183304	 Delta: 8.34992741264

Tue, 30 Dec 2014 09:08:26 nmf.py[line:109]                            INFO Iter: 24	 Loss: 625.592634076	 Delta: 6.93154922806

Tue, 30 Dec 2014 09:08:26 nmf.py[line:109]                            INFO Iter: 25	 Loss: 620.342114332	 Delta: 5.25051974434

Tue, 30 Dec 2014 09:08:26 nmf.py[line:109]                            INFO Iter: 26	 Loss: 616.217624077	 Delta: 4.12449025478

Tue, 30 Dec 2014 09:08:26 nmf.py[line:109]                            INFO Iter: 27	 Loss: 612.38786774	 Delta: 3.82975633672

Tue, 30 Dec 2014 09:08:27 nmf.py[line:109]                            INFO Iter: 28	 Loss: 608.132454179	 Delta: 4.25541356188

Tue, 30 Dec 2014 09:08:27 nmf.py[line:109]                            INFO Iter: 29	 Loss: 603.740588919	 Delta: 4.39186525921

Tue, 30 Dec 2014 09:08:27 nmf.py[line:109]                            INFO Iter: 30	 Loss: 599.594494845	 Delta: 4.1460940742

Tue, 30 Dec 2014 09:08:28 nmf.py[line:109]                            INFO Iter: 31	 Loss: 595.641168961	 Delta: 3.95332588466

Tue, 30 Dec 2014 09:08:28 nmf.py[line:109]                            INFO Iter: 32	 Loss: 592.134451702	 Delta: 3.50671725824

Tue, 30 Dec 2014 09:08:28 nmf.py[line:109]                            INFO Iter: 33	 Loss: 589.053170622	 Delta: 3.0812810807

Tue, 30 Dec 2014 09:08:28 nmf.py[line:109]                            INFO Iter: 34	 Loss: 586.445584525	 Delta: 2.60758609656

Tue, 30 Dec 2014 09:08:29 nmf.py[line:109]                            INFO Iter: 35	 Loss: 583.942457901	 Delta: 2.50312662357

Tue, 30 Dec 2014 09:08:29 nmf.py[line:109]                            INFO Iter: 36	 Loss: 581.735384664	 Delta: 2.20707323755

Tue, 30 Dec 2014 09:08:29 nmf.py[line:109]                            INFO Iter: 37	 Loss: 579.979423002	 Delta: 1.75596166196

Tue, 30 Dec 2014 09:08:29 nmf.py[line:109]                            INFO Iter: 38	 Loss: 578.502410401	 Delta: 1.47701260131

Tue, 30 Dec 2014 09:08:30 nmf.py[line:109]                            INFO Iter: 39	 Loss: 577.072130556	 Delta: 1.43027984448

Tue, 30 Dec 2014 09:08:30 nmf.py[line:109]                            INFO Iter: 40	 Loss: 575.13275535	 Delta: 1.93937520632

Tue, 30 Dec 2014 09:08:30 nmf.py[line:109]                            INFO Iter: 41	 Loss: 573.341531033	 Delta: 1.79122431666

Tue, 30 Dec 2014 09:08:30 nmf.py[line:109]                            INFO Iter: 42	 Loss: 571.694108835	 Delta: 1.64742219778

Tue, 30 Dec 2014 09:08:31 nmf.py[line:109]                            INFO Iter: 43	 Loss: 570.052136921	 Delta: 1.64197191398

Tue, 30 Dec 2014 09:08:31 nmf.py[line:109]                            INFO Iter: 44	 Loss: 568.451303004	 Delta: 1.60083391791

Tue, 30 Dec 2014 09:08:31 nmf.py[line:109]                            INFO Iter: 45	 Loss: 567.088304849	 Delta: 1.36299815412

Tue, 30 Dec 2014 09:08:31 nmf.py[line:109]                            INFO Iter: 46	 Loss: 565.915215088	 Delta: 1.1730897613

Tue, 30 Dec 2014 09:08:31 nmf.py[line:109]                            INFO Iter: 47	 Loss: 564.808566417	 Delta: 1.1066486712

Tue, 30 Dec 2014 09:08:32 nmf.py[line:109]                            INFO Iter: 48	 Loss: 563.762240843	 Delta: 1.04632557359

Tue, 30 Dec 2014 09:08:32 nmf.py[line:109]                            INFO Iter: 49	 Loss: 562.852910564	 Delta: 0.909330279007

Tue, 30 Dec 2014 09:08:32 nmf.py[line:113]                            INFO NMF OK
Tue, 30 Dec 2014 09:08:32 demo_dynamic_user_item_num.py[line:159]                            INFO [ok]
computing fix_model NMF decomposition...
Tue, 30 Dec 2014 09:08:32 demo_dynamic_user_item_num.py[line:169]                            INFO non zero cell num: 4612
Tue, 30 Dec 2014 09:08:32 nmf.py[line:109]                            INFO Iter: 1	 Loss: 4647.39608216	 Delta: 995352.603918

Tue, 30 Dec 2014 09:08:33 nmf.py[line:109]                            INFO Iter: 2	 Loss: 4450.02831662	 Delta: 197.367765539

Tue, 30 Dec 2014 09:08:33 nmf.py[line:109]                            INFO Iter: 3	 Loss: 4191.6489403	 Delta: 258.379376323

Tue, 30 Dec 2014 09:08:33 nmf.py[line:109]                            INFO Iter: 4	 Loss: 3536.77604762	 Delta: 654.872892678

Tue, 30 Dec 2014 09:08:33 nmf.py[line:109]                            INFO Iter: 5	 Loss: 2890.27696905	 Delta: 646.499078565

Tue, 30 Dec 2014 09:08:33 nmf.py[line:109]                            INFO Iter: 6	 Loss: 2427.08749136	 Delta: 463.189477694

Tue, 30 Dec 2014 09:08:34 nmf.py[line:109]                            INFO Iter: 7	 Loss: 2105.31204093	 Delta: 321.775450434

Tue, 30 Dec 2014 09:08:34 nmf.py[line:109]                            INFO Iter: 8	 Loss: 1872.54426543	 Delta: 232.767775494

Tue, 30 Dec 2014 09:08:34 nmf.py[line:109]                            INFO Iter: 9	 Loss: 1701.76805255	 Delta: 170.776212887

Tue, 30 Dec 2014 09:08:34 nmf.py[line:109]                            INFO Iter: 10	 Loss: 1577.37192643	 Delta: 124.39612612

Tue, 30 Dec 2014 09:08:35 nmf.py[line:109]                            INFO Iter: 11	 Loss: 1484.3826202	 Delta: 92.9893062226

Tue, 30 Dec 2014 09:08:35 nmf.py[line:109]                            INFO Iter: 12	 Loss: 1408.9409657	 Delta: 75.441654507

Tue, 30 Dec 2014 09:08:35 nmf.py[line:109]                            INFO Iter: 13	 Loss: 1343.37843598	 Delta: 65.5625297118

Tue, 30 Dec 2014 09:08:35 nmf.py[line:109]                            INFO Iter: 14	 Loss: 1288.39746121	 Delta: 54.9809747779

Tue, 30 Dec 2014 09:08:36 nmf.py[line:109]                            INFO Iter: 15	 Loss: 1243.18622869	 Delta: 45.21123252

Tue, 30 Dec 2014 09:08:36 nmf.py[line:109]                            INFO Iter: 16	 Loss: 1205.81814037	 Delta: 37.3680883176

Tue, 30 Dec 2014 09:08:37 nmf.py[line:109]                            INFO Iter: 17	 Loss: 1175.27665065	 Delta: 30.5414897169

Tue, 30 Dec 2014 09:08:37 nmf.py[line:109]                            INFO Iter: 18	 Loss: 1151.05992435	 Delta: 24.2167263051

Tue, 30 Dec 2014 09:08:37 nmf.py[line:109]                            INFO Iter: 19	 Loss: 1131.73986118	 Delta: 19.3200631677

Tue, 30 Dec 2014 09:08:37 nmf.py[line:109]                            INFO Iter: 20	 Loss: 1116.25236787	 Delta: 15.4874933134

Tue, 30 Dec 2014 09:08:38 nmf.py[line:109]                            INFO Iter: 21	 Loss: 1104.28023753	 Delta: 11.9721303407

Tue, 30 Dec 2014 09:08:38 nmf.py[line:109]                            INFO Iter: 22	 Loss: 1094.15353969	 Delta: 10.1266978358

Tue, 30 Dec 2014 09:08:38 nmf.py[line:109]                            INFO Iter: 23	 Loss: 1085.12144922	 Delta: 9.03209046971

Tue, 30 Dec 2014 09:08:39 nmf.py[line:109]                            INFO Iter: 24	 Loss: 1076.99159808	 Delta: 8.12985113623

Tue, 30 Dec 2014 09:08:39 nmf.py[line:109]                            INFO Iter: 25	 Loss: 1069.54862174	 Delta: 7.44297634682

Tue, 30 Dec 2014 09:08:39 nmf.py[line:109]                            INFO Iter: 26	 Loss: 1062.46245655	 Delta: 7.08616518386

Tue, 30 Dec 2014 09:08:40 nmf.py[line:109]                            INFO Iter: 27	 Loss: 1055.66853463	 Delta: 6.79392191986

Tue, 30 Dec 2014 09:08:40 nmf.py[line:109]                            INFO Iter: 28	 Loss: 1049.04667312	 Delta: 6.62186151794

Tue, 30 Dec 2014 09:08:40 nmf.py[line:109]                            INFO Iter: 29	 Loss: 1042.76646587	 Delta: 6.28020724343

Tue, 30 Dec 2014 09:08:40 nmf.py[line:109]                            INFO Iter: 30	 Loss: 1036.75147381	 Delta: 6.01499206594

Tue, 30 Dec 2014 09:08:41 nmf.py[line:109]                            INFO Iter: 31	 Loss: 1031.55905671	 Delta: 5.19241709851

Tue, 30 Dec 2014 09:08:41 nmf.py[line:109]                            INFO Iter: 32	 Loss: 1027.69843603	 Delta: 3.86062067902

Tue, 30 Dec 2014 09:08:41 nmf.py[line:109]                            INFO Iter: 33	 Loss: 1024.51200822	 Delta: 3.18642781239

Tue, 30 Dec 2014 09:08:42 nmf.py[line:109]                            INFO Iter: 34	 Loss: 1021.64968272	 Delta: 2.86232549731

Tue, 30 Dec 2014 09:08:42 nmf.py[line:109]                            INFO Iter: 35	 Loss: 1018.9062201	 Delta: 2.7434626192

Tue, 30 Dec 2014 09:08:42 nmf.py[line:109]                            INFO Iter: 36	 Loss: 1015.79488322	 Delta: 3.11133687601

Tue, 30 Dec 2014 09:08:43 nmf.py[line:109]                            INFO Iter: 37	 Loss: 1012.02669097	 Delta: 3.76819225429

Tue, 30 Dec 2014 09:08:43 nmf.py[line:109]                            INFO Iter: 38	 Loss: 1007.59509976	 Delta: 4.43159121362

Tue, 30 Dec 2014 09:08:43 nmf.py[line:109]                            INFO Iter: 39	 Loss: 1003.3883843	 Delta: 4.20671545895

Tue, 30 Dec 2014 09:08:43 nmf.py[line:109]                            INFO Iter: 40	 Loss: 999.81256693	 Delta: 3.57581736703

Tue, 30 Dec 2014 09:08:44 nmf.py[line:109]                            INFO Iter: 41	 Loss: 996.711265519	 Delta: 3.10130141035

Tue, 30 Dec 2014 09:08:44 nmf.py[line:109]                            INFO Iter: 42	 Loss: 993.86530188	 Delta: 2.84596363965

Tue, 30 Dec 2014 09:08:44 nmf.py[line:109]                            INFO Iter: 43	 Loss: 991.057857712	 Delta: 2.80744416752

Tue, 30 Dec 2014 09:08:44 nmf.py[line:109]                            INFO Iter: 44	 Loss: 988.195049083	 Delta: 2.86280862939

Tue, 30 Dec 2014 09:08:45 nmf.py[line:109]                            INFO Iter: 45	 Loss: 985.604848589	 Delta: 2.59020049316

Tue, 30 Dec 2014 09:08:45 nmf.py[line:109]                            INFO Iter: 46	 Loss: 983.504516279	 Delta: 2.10033231017

Tue, 30 Dec 2014 09:08:45 nmf.py[line:109]                            INFO Iter: 47	 Loss: 981.480318351	 Delta: 2.02419792854

Tue, 30 Dec 2014 09:08:45 nmf.py[line:109]                            INFO Iter: 48	 Loss: 978.902164118	 Delta: 2.57815423289

Tue, 30 Dec 2014 09:08:46 nmf.py[line:109]                            INFO Iter: 49	 Loss: 976.431936948	 Delta: 2.47022717009

Tue, 30 Dec 2014 09:08:46 nmf.py[line:109]                            INFO Iter: 50	 Loss: 974.590048796	 Delta: 1.84188815178

Tue, 30 Dec 2014 09:08:46 nmf.py[line:109]                            INFO Iter: 51	 Loss: 973.085254812	 Delta: 1.50479398385

Tue, 30 Dec 2014 09:08:46 nmf.py[line:109]                            INFO Iter: 52	 Loss: 971.782890252	 Delta: 1.30236456015

Tue, 30 Dec 2014 09:08:47 nmf.py[line:109]                            INFO Iter: 53	 Loss: 970.611820666	 Delta: 1.17106958626

Tue, 30 Dec 2014 09:08:47 nmf.py[line:109]                            INFO Iter: 54	 Loss: 969.562202807	 Delta: 1.0496178586

Tue, 30 Dec 2014 09:08:47 nmf.py[line:109]                            INFO Iter: 55	 Loss: 968.568617099	 Delta: 0.993585708421

Tue, 30 Dec 2014 09:08:47 nmf.py[line:113]                            INFO NMF OK
Tue, 30 Dec 2014 09:08:47 demo_dynamic_user_item_num.py[line:175]                            INFO [ok]

Tue, 30 Dec 2014 09:08:47 demo_dynamic_user_item_num.py[line:177]                            INFO 	 fold_id:0

Tue, 30 Dec 2014 09:08:47 demo_dynamic_user_item_num.py[line:179]                            INFO 	recall at 10:
Tue, 30 Dec 2014 09:08:52 demo_dynamic_user_item_num.py[line:207]                            INFO 		t-model NMF :  0.305103425698

Tue, 30 Dec 2014 09:08:52 demo_dynamic_user_item_num.py[line:208]                            INFO 		f-model NMF :  0.251566641875

Tue, 30 Dec 2014 09:08:52 demo_dynamic_user_item_num.py[line:209]                            INFO 		JPPCF :  0.292048996808

Tue, 30 Dec 2014 09:08:52 demo_dynamic_user_item_num.py[line:179]                            INFO 	recall at 50:
Tue, 30 Dec 2014 09:08:57 demo_dynamic_user_item_num.py[line:207]                            INFO 		t-model NMF :  0.488829920884

Tue, 30 Dec 2014 09:08:57 demo_dynamic_user_item_num.py[line:208]                            INFO 		f-model NMF :  0.462128489024

Tue, 30 Dec 2014 09:08:57 demo_dynamic_user_item_num.py[line:209]                            INFO 		JPPCF :  0.503551680563

Tue, 30 Dec 2014 09:08:57 demo_dynamic_user_item_num.py[line:179]                            INFO 	recall at 100:
Tue, 30 Dec 2014 09:09:02 demo_dynamic_user_item_num.py[line:207]                            INFO 		t-model NMF :  0.602438264263

Tue, 30 Dec 2014 09:09:02 demo_dynamic_user_item_num.py[line:208]                            INFO 		f-model NMF :  0.589993782012

Tue, 30 Dec 2014 09:09:02 demo_dynamic_user_item_num.py[line:209]                            INFO 		JPPCF :  0.609208920379

Tue, 30 Dec 2014 09:09:02 demo_dynamic_user_item_num.py[line:179]                            INFO 	recall at 300:
Tue, 30 Dec 2014 09:09:08 demo_dynamic_user_item_num.py[line:207]                            INFO 		t-model NMF :  0.782879488803

Tue, 30 Dec 2014 09:09:08 demo_dynamic_user_item_num.py[line:208]                            INFO 		f-model NMF :  0.798223465485

Tue, 30 Dec 2014 09:09:08 demo_dynamic_user_item_num.py[line:209]                            INFO 		JPPCF :  0.741036269421

Tue, 30 Dec 2014 09:09:08 demo_dynamic_user_item_num.py[line:179]                            INFO 	recall at 500:
Tue, 30 Dec 2014 09:09:13 demo_dynamic_user_item_num.py[line:207]                            INFO 		t-model NMF :  0.838418483132

Tue, 30 Dec 2014 09:09:13 demo_dynamic_user_item_num.py[line:208]                            INFO 		f-model NMF :  0.871182896502

Tue, 30 Dec 2014 09:09:13 demo_dynamic_user_item_num.py[line:209]                            INFO 		JPPCF :  0.8247710034

Tue, 30 Dec 2014 09:09:13 demo_dynamic_user_item_num.py[line:179]                            INFO 	recall at 1000:
Tue, 30 Dec 2014 09:09:19 demo_dynamic_user_item_num.py[line:207]                            INFO 		t-model NMF :  0.884099014055

Tue, 30 Dec 2014 09:09:19 demo_dynamic_user_item_num.py[line:208]                            INFO 		f-model NMF :  0.930354520663

Tue, 30 Dec 2014 09:09:19 demo_dynamic_user_item_num.py[line:209]                            INFO 		JPPCF :  0.899952800503

Tue, 30 Dec 2014 09:09:19 demo_dynamic_user_item_num.py[line:211]                            INFO current_time_step: 3

Tue, 30 Dec 2014 09:09:19 demo_dynamic_user_item_num.py[line:214]                            INFO 	recall at 10:
Tue, 30 Dec 2014 09:09:19 demo_dynamic_user_item_num.py[line:218]                            INFO 		avg t-model NMF :  0.305103425698

Tue, 30 Dec 2014 09:09:19 demo_dynamic_user_item_num.py[line:219]                            INFO 		avg f-model NMF :  0.251566641875

Tue, 30 Dec 2014 09:09:19 demo_dynamic_user_item_num.py[line:220]                            INFO 		avg JPPCF :  0.292048996808

Tue, 30 Dec 2014 09:09:19 demo_dynamic_user_item_num.py[line:214]                            INFO 	recall at 50:
Tue, 30 Dec 2014 09:09:19 demo_dynamic_user_item_num.py[line:218]                            INFO 		avg t-model NMF :  0.488829920884

Tue, 30 Dec 2014 09:09:19 demo_dynamic_user_item_num.py[line:219]                            INFO 		avg f-model NMF :  0.462128489024

Tue, 30 Dec 2014 09:09:19 demo_dynamic_user_item_num.py[line:220]                            INFO 		avg JPPCF :  0.503551680563

Tue, 30 Dec 2014 09:09:19 demo_dynamic_user_item_num.py[line:214]                            INFO 	recall at 100:
Tue, 30 Dec 2014 09:09:19 demo_dynamic_user_item_num.py[line:218]                            INFO 		avg t-model NMF :  0.602438264263

Tue, 30 Dec 2014 09:09:19 demo_dynamic_user_item_num.py[line:219]                            INFO 		avg f-model NMF :  0.589993782012

Tue, 30 Dec 2014 09:09:19 demo_dynamic_user_item_num.py[line:220]                            INFO 		avg JPPCF :  0.609208920379

Tue, 30 Dec 2014 09:09:19 demo_dynamic_user_item_num.py[line:214]                            INFO 	recall at 300:
Tue, 30 Dec 2014 09:09:19 demo_dynamic_user_item_num.py[line:218]                            INFO 		avg t-model NMF :  0.782879488803

Tue, 30 Dec 2014 09:09:19 demo_dynamic_user_item_num.py[line:219]                            INFO 		avg f-model NMF :  0.798223465485

Tue, 30 Dec 2014 09:09:19 demo_dynamic_user_item_num.py[line:220]                            INFO 		avg JPPCF :  0.741036269421

Tue, 30 Dec 2014 09:09:19 demo_dynamic_user_item_num.py[line:214]                            INFO 	recall at 500:
Tue, 30 Dec 2014 09:09:19 demo_dynamic_user_item_num.py[line:218]                            INFO 		avg t-model NMF :  0.838418483132

Tue, 30 Dec 2014 09:09:19 demo_dynamic_user_item_num.py[line:219]                            INFO 		avg f-model NMF :  0.871182896502

Tue, 30 Dec 2014 09:09:19 demo_dynamic_user_item_num.py[line:220]                            INFO 		avg JPPCF :  0.8247710034

Tue, 30 Dec 2014 09:09:19 demo_dynamic_user_item_num.py[line:214]                            INFO 	recall at 1000:
Tue, 30 Dec 2014 09:09:19 demo_dynamic_user_item_num.py[line:218]                            INFO 		avg t-model NMF :  0.884099014055

Tue, 30 Dec 2014 09:09:19 demo_dynamic_user_item_num.py[line:219]                            INFO 		avg f-model NMF :  0.930354520663

Tue, 30 Dec 2014 09:09:19 demo_dynamic_user_item_num.py[line:220]                            INFO 		avg JPPCF :  0.899952800503

Tue, 30 Dec 2014 09:09:19 demo_dynamic_user_item_num.py[line:234]                            INFO =========================

Tue, 30 Dec 2014 09:09:19 demo_dynamic_user_item_num.py[line:117]                            INFO 
=========================

Tue, 30 Dec 2014 09:09:19 demo_dynamic_user_item_num.py[line:118]                            INFO time_step number %i:	4
Tue, 30 Dec 2014 09:09:19 demo_dynamic_user_item_num.py[line:119]                            INFO ----------------

Tue, 30 Dec 2014 09:09:19 demo_dynamic_user_item_num.py[line:142]                            INFO non zero cell num: 2707
Tue, 30 Dec 2014 09:09:19 demo_dynamic_user_item_num.py[line:144]                            INFO computing JPP decomposition...
Tue, 30 Dec 2014 09:09:20 JPPCF.py[line:86]                            INFO Iter: 1	 Loss: 5420.13666672	 Delta: 994579.863333

Tue, 30 Dec 2014 09:09:21 JPPCF.py[line:86]                            INFO Iter: 2	 Loss: 5311.64652636	 Delta: 108.49014036

Tue, 30 Dec 2014 09:09:22 JPPCF.py[line:86]                            INFO Iter: 3	 Loss: 3940.90508657	 Delta: 1370.7414398

Tue, 30 Dec 2014 09:09:24 JPPCF.py[line:86]                            INFO Iter: 4	 Loss: 2788.16950376	 Delta: 1152.73558281

Tue, 30 Dec 2014 09:09:25 JPPCF.py[line:86]                            INFO Iter: 5	 Loss: 2050.46088991	 Delta: 737.708613846

Tue, 30 Dec 2014 09:09:26 JPPCF.py[line:86]                            INFO Iter: 6	 Loss: 1661.20150767	 Delta: 389.25938224

Tue, 30 Dec 2014 09:09:27 JPPCF.py[line:86]                            INFO Iter: 7	 Loss: 1426.25182054	 Delta: 234.949687132

Tue, 30 Dec 2014 09:09:29 JPPCF.py[line:86]                            INFO Iter: 8	 Loss: 1281.12983693	 Delta: 145.121983609

Tue, 30 Dec 2014 09:09:30 JPPCF.py[line:86]                            INFO Iter: 9	 Loss: 1194.90379906	 Delta: 86.226037869

Tue, 30 Dec 2014 09:09:31 JPPCF.py[line:86]                            INFO Iter: 10	 Loss: 1132.69191239	 Delta: 62.2118866768

Tue, 30 Dec 2014 09:09:32 JPPCF.py[line:86]                            INFO Iter: 11	 Loss: 1087.23633461	 Delta: 45.4555777818

Tue, 30 Dec 2014 09:09:34 JPPCF.py[line:86]                            INFO Iter: 12	 Loss: 1049.68682872	 Delta: 37.5495058851

Tue, 30 Dec 2014 09:09:35 JPPCF.py[line:86]                            INFO Iter: 13	 Loss: 1012.58422303	 Delta: 37.1026056869

Tue, 30 Dec 2014 09:09:36 JPPCF.py[line:86]                            INFO Iter: 14	 Loss: 980.135748829	 Delta: 32.4484742042

Tue, 30 Dec 2014 09:09:38 JPPCF.py[line:86]                            INFO Iter: 15	 Loss: 951.779767191	 Delta: 28.3559816378

Tue, 30 Dec 2014 09:09:39 JPPCF.py[line:86]                            INFO Iter: 16	 Loss: 929.031297132	 Delta: 22.7484700588

Tue, 30 Dec 2014 09:09:41 JPPCF.py[line:86]                            INFO Iter: 17	 Loss: 908.328020525	 Delta: 20.7032766072

Tue, 30 Dec 2014 09:09:43 JPPCF.py[line:86]                            INFO Iter: 18	 Loss: 888.77563446	 Delta: 19.5523860649

Tue, 30 Dec 2014 09:09:44 JPPCF.py[line:86]                            INFO Iter: 19	 Loss: 874.300880151	 Delta: 14.4747543099

Tue, 30 Dec 2014 09:09:46 JPPCF.py[line:86]                            INFO Iter: 20	 Loss: 864.806038244	 Delta: 9.49484190687

Tue, 30 Dec 2014 09:09:48 JPPCF.py[line:86]                            INFO Iter: 21	 Loss: 852.445267831	 Delta: 12.3607704125

Tue, 30 Dec 2014 09:09:49 JPPCF.py[line:86]                            INFO Iter: 22	 Loss: 840.630436504	 Delta: 11.8148313271

Tue, 30 Dec 2014 09:09:51 JPPCF.py[line:86]                            INFO Iter: 23	 Loss: 828.565419506	 Delta: 12.0650169986

Tue, 30 Dec 2014 09:09:53 JPPCF.py[line:86]                            INFO Iter: 24	 Loss: 820.750257881	 Delta: 7.81516162453

Tue, 30 Dec 2014 09:09:55 JPPCF.py[line:86]                            INFO Iter: 25	 Loss: 814.069134485	 Delta: 6.68112339577

Tue, 30 Dec 2014 09:09:56 JPPCF.py[line:86]                            INFO Iter: 26	 Loss: 807.654664591	 Delta: 6.4144698939

Tue, 30 Dec 2014 09:09:58 JPPCF.py[line:86]                            INFO Iter: 27	 Loss: 802.498960365	 Delta: 5.15570422601

Tue, 30 Dec 2014 09:10:00 JPPCF.py[line:86]                            INFO Iter: 28	 Loss: 797.407585772	 Delta: 5.09137459287

Tue, 30 Dec 2014 09:10:02 JPPCF.py[line:86]                            INFO Iter: 29	 Loss: 792.371305988	 Delta: 5.03627978414

Tue, 30 Dec 2014 09:10:04 JPPCF.py[line:86]                            INFO Iter: 30	 Loss: 787.895184657	 Delta: 4.47612133129

Tue, 30 Dec 2014 09:10:06 JPPCF.py[line:86]                            INFO Iter: 31	 Loss: 783.536300884	 Delta: 4.35888377331

Tue, 30 Dec 2014 09:10:07 JPPCF.py[line:86]                            INFO Iter: 32	 Loss: 779.192122789	 Delta: 4.34417809447

Tue, 30 Dec 2014 09:10:09 JPPCF.py[line:86]                            INFO Iter: 33	 Loss: 774.742100737	 Delta: 4.45002205266

Tue, 30 Dec 2014 09:10:11 JPPCF.py[line:86]                            INFO Iter: 34	 Loss: 768.566571928	 Delta: 6.17552880873

Tue, 30 Dec 2014 09:10:13 JPPCF.py[line:86]                            INFO Iter: 35	 Loss: 760.250014092	 Delta: 8.31655783624

Tue, 30 Dec 2014 09:10:15 JPPCF.py[line:86]                            INFO Iter: 36	 Loss: 753.249845605	 Delta: 7.0001684861

Tue, 30 Dec 2014 09:10:17 JPPCF.py[line:86]                            INFO Iter: 37	 Loss: 747.356436547	 Delta: 5.89340905841

Tue, 30 Dec 2014 09:10:19 JPPCF.py[line:86]                            INFO Iter: 38	 Loss: 742.701627572	 Delta: 4.65480897549

Tue, 30 Dec 2014 09:10:21 JPPCF.py[line:86]                            INFO Iter: 39	 Loss: 738.798912956	 Delta: 3.90271461548

Tue, 30 Dec 2014 09:10:23 JPPCF.py[line:86]                            INFO Iter: 40	 Loss: 734.683552286	 Delta: 4.11536066973

Tue, 30 Dec 2014 09:10:25 JPPCF.py[line:86]                            INFO Iter: 41	 Loss: 731.09770247	 Delta: 3.58584981631

Tue, 30 Dec 2014 09:10:27 JPPCF.py[line:86]                            INFO Iter: 42	 Loss: 728.29692548	 Delta: 2.80077699049

Tue, 30 Dec 2014 09:10:29 JPPCF.py[line:86]                            INFO Iter: 43	 Loss: 723.88089847	 Delta: 4.41602700987

Tue, 30 Dec 2014 09:10:31 JPPCF.py[line:86]                            INFO Iter: 44	 Loss: 720.757287173	 Delta: 3.12361129656

Tue, 30 Dec 2014 09:10:33 JPPCF.py[line:86]                            INFO Iter: 45	 Loss: 718.271208948	 Delta: 2.48607822541

Tue, 30 Dec 2014 09:10:35 JPPCF.py[line:86]                            INFO Iter: 46	 Loss: 716.575961066	 Delta: 1.69524788136

Tue, 30 Dec 2014 09:10:37 JPPCF.py[line:86]                            INFO Iter: 47	 Loss: 714.830746826	 Delta: 1.74521424019

Tue, 30 Dec 2014 09:10:39 JPPCF.py[line:86]                            INFO Iter: 48	 Loss: 712.289217465	 Delta: 2.54152936143

Tue, 30 Dec 2014 09:10:41 JPPCF.py[line:86]                            INFO Iter: 49	 Loss: 709.474062958	 Delta: 2.81515450663

Tue, 30 Dec 2014 09:10:43 JPPCF.py[line:86]                            INFO Iter: 50	 Loss: 706.307787707	 Delta: 3.1662752515

Tue, 30 Dec 2014 09:10:45 JPPCF.py[line:86]                            INFO Iter: 51	 Loss: 703.438519364	 Delta: 2.86926834262

Tue, 30 Dec 2014 09:10:47 JPPCF.py[line:86]                            INFO Iter: 52	 Loss: 700.989975387	 Delta: 2.44854397669

Tue, 30 Dec 2014 09:10:49 JPPCF.py[line:86]                            INFO Iter: 53	 Loss: 698.433565259	 Delta: 2.55641012832

Tue, 30 Dec 2014 09:10:51 JPPCF.py[line:86]                            INFO Iter: 54	 Loss: 695.830382936	 Delta: 2.603182323

Tue, 30 Dec 2014 09:10:53 JPPCF.py[line:86]                            INFO Iter: 55	 Loss: 693.21672713	 Delta: 2.61365580595

Tue, 30 Dec 2014 09:10:55 JPPCF.py[line:86]                            INFO Iter: 56	 Loss: 690.419300811	 Delta: 2.79742631896

Tue, 30 Dec 2014 09:10:57 JPPCF.py[line:86]                            INFO Iter: 57	 Loss: 687.774588978	 Delta: 2.64471183329

Tue, 30 Dec 2014 09:10:59 JPPCF.py[line:86]                            INFO Iter: 58	 Loss: 684.965293337	 Delta: 2.80929564086

Tue, 30 Dec 2014 09:11:01 JPPCF.py[line:86]                            INFO Iter: 59	 Loss: 681.806126215	 Delta: 3.15916712145

Tue, 30 Dec 2014 09:11:03 JPPCF.py[line:86]                            INFO Iter: 60	 Loss: 678.113081754	 Delta: 3.69304446172

Tue, 30 Dec 2014 09:11:05 JPPCF.py[line:86]                            INFO Iter: 61	 Loss: 675.362904742	 Delta: 2.75017701195

Tue, 30 Dec 2014 09:11:07 JPPCF.py[line:86]                            INFO Iter: 62	 Loss: 673.284507519	 Delta: 2.07839722295

Tue, 30 Dec 2014 09:11:09 JPPCF.py[line:86]                            INFO Iter: 63	 Loss: 671.07091084	 Delta: 2.2135966789

Tue, 30 Dec 2014 09:11:11 JPPCF.py[line:86]                            INFO Iter: 64	 Loss: 667.075700767	 Delta: 3.99521007315

Tue, 30 Dec 2014 09:11:13 JPPCF.py[line:86]                            INFO Iter: 65	 Loss: 661.889198996	 Delta: 5.18650177102

Tue, 30 Dec 2014 09:11:15 JPPCF.py[line:86]                            INFO Iter: 66	 Loss: 658.140156665	 Delta: 3.74904233071

Tue, 30 Dec 2014 09:11:17 JPPCF.py[line:86]                            INFO Iter: 67	 Loss: 656.416588624	 Delta: 1.72356804072

Tue, 30 Dec 2014 09:11:19 JPPCF.py[line:86]                            INFO Iter: 68	 Loss: 655.188806279	 Delta: 1.22778234494

Tue, 30 Dec 2014 09:11:21 JPPCF.py[line:86]                            INFO Iter: 69	 Loss: 654.300489679	 Delta: 0.888316600714

Tue, 30 Dec 2014 09:11:21 JPPCF.py[line:88]                            INFO JPPCF OK

Tue, 30 Dec 2014 09:11:21 demo_dynamic_user_item_num.py[line:153]                            INFO [ok]
computing t-model NMF decomposition...
Tue, 30 Dec 2014 09:11:22 nmf.py[line:109]                            INFO Iter: 1	 Loss: 2718.10490383	 Delta: 997281.895096

Tue, 30 Dec 2014 09:11:22 nmf.py[line:109]                            INFO Iter: 2	 Loss: 2631.72403659	 Delta: 86.3808672435

Tue, 30 Dec 2014 09:11:22 nmf.py[line:109]                            INFO Iter: 3	 Loss: 2452.97488429	 Delta: 178.749152302

Tue, 30 Dec 2014 09:11:23 nmf.py[line:109]                            INFO Iter: 4	 Loss: 2069.09366939	 Delta: 383.881214897

Tue, 30 Dec 2014 09:11:23 nmf.py[line:109]                            INFO Iter: 5	 Loss: 1669.54362948	 Delta: 399.550039909

Tue, 30 Dec 2014 09:11:23 nmf.py[line:109]                            INFO Iter: 6	 Loss: 1386.98353833	 Delta: 282.560091147

Tue, 30 Dec 2014 09:11:24 nmf.py[line:109]                            INFO Iter: 7	 Loss: 1222.69061536	 Delta: 164.292922969

Tue, 30 Dec 2014 09:11:24 nmf.py[line:109]                            INFO Iter: 8	 Loss: 1106.97269103	 Delta: 115.717924338

Tue, 30 Dec 2014 09:11:24 nmf.py[line:109]                            INFO Iter: 9	 Loss: 1013.77811459	 Delta: 93.1945764345

Tue, 30 Dec 2014 09:11:25 nmf.py[line:109]                            INFO Iter: 10	 Loss: 946.103864642	 Delta: 67.6742499499

Tue, 30 Dec 2014 09:11:25 nmf.py[line:109]                            INFO Iter: 11	 Loss: 897.729584831	 Delta: 48.3742798114

Tue, 30 Dec 2014 09:11:26 nmf.py[line:109]                            INFO Iter: 12	 Loss: 861.844479512	 Delta: 35.8851053192

Tue, 30 Dec 2014 09:11:26 nmf.py[line:109]                            INFO Iter: 13	 Loss: 833.958320602	 Delta: 27.8861589091

Tue, 30 Dec 2014 09:11:27 nmf.py[line:109]                            INFO Iter: 14	 Loss: 810.339867758	 Delta: 23.618452844

Tue, 30 Dec 2014 09:11:27 nmf.py[line:109]                            INFO Iter: 15	 Loss: 789.670318672	 Delta: 20.6695490862

Tue, 30 Dec 2014 09:11:28 nmf.py[line:109]                            INFO Iter: 16	 Loss: 771.871422886	 Delta: 17.7988957865

Tue, 30 Dec 2014 09:11:28 nmf.py[line:109]                            INFO Iter: 17	 Loss: 756.926154772	 Delta: 14.9452681137

Tue, 30 Dec 2014 09:11:29 nmf.py[line:109]                            INFO Iter: 18	 Loss: 743.356344288	 Delta: 13.5698104844

Tue, 30 Dec 2014 09:11:29 nmf.py[line:109]                            INFO Iter: 19	 Loss: 731.551117256	 Delta: 11.8052270316

Tue, 30 Dec 2014 09:11:29 nmf.py[line:109]                            INFO Iter: 20	 Loss: 721.564302763	 Delta: 9.9868144934

Tue, 30 Dec 2014 09:11:30 nmf.py[line:109]                            INFO Iter: 21	 Loss: 713.426219446	 Delta: 8.13808331625

Tue, 30 Dec 2014 09:11:30 nmf.py[line:109]                            INFO Iter: 22	 Loss: 705.989819262	 Delta: 7.4364001848

Tue, 30 Dec 2014 09:11:31 nmf.py[line:109]                            INFO Iter: 23	 Loss: 699.808932182	 Delta: 6.18088707969

Tue, 30 Dec 2014 09:11:31 nmf.py[line:109]                            INFO Iter: 24	 Loss: 694.985701163	 Delta: 4.8232310193

Tue, 30 Dec 2014 09:11:31 nmf.py[line:109]                            INFO Iter: 25	 Loss: 690.671032959	 Delta: 4.31466820317

Tue, 30 Dec 2014 09:11:32 nmf.py[line:109]                            INFO Iter: 26	 Loss: 686.301901955	 Delta: 4.36913100418

Tue, 30 Dec 2014 09:11:32 nmf.py[line:109]                            INFO Iter: 27	 Loss: 682.182801251	 Delta: 4.11910070432

Tue, 30 Dec 2014 09:11:32 nmf.py[line:109]                            INFO Iter: 28	 Loss: 678.743994887	 Delta: 3.43880636421

Tue, 30 Dec 2014 09:11:33 nmf.py[line:109]                            INFO Iter: 29	 Loss: 675.833886441	 Delta: 2.91010844561

Tue, 30 Dec 2014 09:11:33 nmf.py[line:109]                            INFO Iter: 30	 Loss: 673.613749809	 Delta: 2.22013663187

Tue, 30 Dec 2014 09:11:34 nmf.py[line:109]                            INFO Iter: 31	 Loss: 671.950082981	 Delta: 1.66366682779

Tue, 30 Dec 2014 09:11:34 nmf.py[line:109]                            INFO Iter: 32	 Loss: 670.78671437	 Delta: 1.16336861144

Tue, 30 Dec 2014 09:11:34 nmf.py[line:109]                            INFO Iter: 33	 Loss: 670.014786321	 Delta: 0.771928048708

Tue, 30 Dec 2014 09:11:34 nmf.py[line:113]                            INFO NMF OK
Tue, 30 Dec 2014 09:11:34 demo_dynamic_user_item_num.py[line:159]                            INFO [ok]
computing fix_model NMF decomposition...
Tue, 30 Dec 2014 09:11:34 demo_dynamic_user_item_num.py[line:169]                            INFO non zero cell num: 7728
Tue, 30 Dec 2014 09:11:35 nmf.py[line:109]                            INFO Iter: 1	 Loss: 7781.80878609	 Delta: 992218.191214

Tue, 30 Dec 2014 09:11:35 nmf.py[line:109]                            INFO Iter: 2	 Loss: 7504.379309	 Delta: 277.429477092

Tue, 30 Dec 2014 09:11:35 nmf.py[line:109]                            INFO Iter: 3	 Loss: 7221.45455147	 Delta: 282.924757526

Tue, 30 Dec 2014 09:11:36 nmf.py[line:109]                            INFO Iter: 4	 Loss: 6459.45832863	 Delta: 761.99622284

Tue, 30 Dec 2014 09:11:36 nmf.py[line:109]                            INFO Iter: 5	 Loss: 5507.34213467	 Delta: 952.116193957

Tue, 30 Dec 2014 09:11:36 nmf.py[line:109]                            INFO Iter: 6	 Loss: 4787.88488043	 Delta: 719.457254244

Tue, 30 Dec 2014 09:11:37 nmf.py[line:109]                            INFO Iter: 7	 Loss: 4251.95875353	 Delta: 535.926126903

Tue, 30 Dec 2014 09:11:37 nmf.py[line:109]                            INFO Iter: 8	 Loss: 3847.76345878	 Delta: 404.195294751

Tue, 30 Dec 2014 09:11:37 nmf.py[line:109]                            INFO Iter: 9	 Loss: 3531.46449207	 Delta: 316.298966706

Tue, 30 Dec 2014 09:11:38 nmf.py[line:109]                            INFO Iter: 10	 Loss: 3283.73819817	 Delta: 247.726293895

Tue, 30 Dec 2014 09:11:38 nmf.py[line:109]                            INFO Iter: 11	 Loss: 3096.06034422	 Delta: 187.677853959

Tue, 30 Dec 2014 09:11:39 nmf.py[line:109]                            INFO Iter: 12	 Loss: 2954.9969692	 Delta: 141.063375014

Tue, 30 Dec 2014 09:11:39 nmf.py[line:109]                            INFO Iter: 13	 Loss: 2845.17940806	 Delta: 109.817561143

Tue, 30 Dec 2014 09:11:39 nmf.py[line:109]                            INFO Iter: 14	 Loss: 2755.68165769	 Delta: 89.4977503715

Tue, 30 Dec 2014 09:11:40 nmf.py[line:109]                            INFO Iter: 15	 Loss: 2682.70737371	 Delta: 72.9742839805

Tue, 30 Dec 2014 09:11:41 nmf.py[line:109]                            INFO Iter: 16	 Loss: 2624.38641293	 Delta: 58.3209607759

Tue, 30 Dec 2014 09:11:41 nmf.py[line:109]                            INFO Iter: 17	 Loss: 2577.74548428	 Delta: 46.6409286504

Tue, 30 Dec 2014 09:11:42 nmf.py[line:109]                            INFO Iter: 18	 Loss: 2540.41115611	 Delta: 37.3343281722

Tue, 30 Dec 2014 09:11:42 nmf.py[line:109]                            INFO Iter: 19	 Loss: 2509.791515	 Delta: 30.6196411107

Tue, 30 Dec 2014 09:11:43 nmf.py[line:109]                            INFO Iter: 20	 Loss: 2485.24018763	 Delta: 24.55132737

Tue, 30 Dec 2014 09:11:43 nmf.py[line:109]                            INFO Iter: 21	 Loss: 2465.41338792	 Delta: 19.8267997097

Tue, 30 Dec 2014 09:11:44 nmf.py[line:109]                            INFO Iter: 22	 Loss: 2449.04633807	 Delta: 16.3670498516

Tue, 30 Dec 2014 09:11:44 nmf.py[line:109]                            INFO Iter: 23	 Loss: 2435.42720395	 Delta: 13.6191341208

Tue, 30 Dec 2014 09:11:45 nmf.py[line:109]                            INFO Iter: 24	 Loss: 2423.86822774	 Delta: 11.5589762069

Tue, 30 Dec 2014 09:11:45 nmf.py[line:109]                            INFO Iter: 25	 Loss: 2413.55528487	 Delta: 10.3129428644

Tue, 30 Dec 2014 09:11:46 nmf.py[line:109]                            INFO Iter: 26	 Loss: 2404.23330801	 Delta: 9.32197686014

Tue, 30 Dec 2014 09:11:46 nmf.py[line:109]                            INFO Iter: 27	 Loss: 2395.89926536	 Delta: 8.33404265223

Tue, 30 Dec 2014 09:11:47 nmf.py[line:109]                            INFO Iter: 28	 Loss: 2388.30743822	 Delta: 7.5918271457

Tue, 30 Dec 2014 09:11:48 nmf.py[line:109]                            INFO Iter: 29	 Loss: 2381.46386908	 Delta: 6.84356913962

Tue, 30 Dec 2014 09:11:48 nmf.py[line:109]                            INFO Iter: 30	 Loss: 2375.34162366	 Delta: 6.12224542016

Tue, 30 Dec 2014 09:11:49 nmf.py[line:109]                            INFO Iter: 31	 Loss: 2369.825777	 Delta: 5.51584665652

Tue, 30 Dec 2014 09:11:49 nmf.py[line:109]                            INFO Iter: 32	 Loss: 2364.924596	 Delta: 4.90118100138

