Tue, 30 Dec 2014 09:07:15 demo_dynamic_user_item_num.py[line:97]                            INFO user num: 3386

Tue, 30 Dec 2014 09:07:15 demo_dynamic_user_item_num.py[line:98]                            INFO doc num: 7695

Tue, 30 Dec 2014 09:07:15 demo_dynamic_user_item_num.py[line:99]                            INFO time step num: 20

Tue, 30 Dec 2014 09:07:15 demo_dynamic_user_item_num.py[line:106]                            INFO non zero cell num: 1338
Tue, 30 Dec 2014 09:07:15 demo_dynamic_user_item_num.py[line:107]                            INFO start nmf:

Tue, 30 Dec 2014 09:07:15 nmf.py[line:109]                            INFO Iter: 1	 Loss: 1354.57919365	 Delta: 998645.420806

Tue, 30 Dec 2014 09:07:15 nmf.py[line:109]                            INFO Iter: 2	 Loss: 1200.80773156	 Delta: 153.771462092

Tue, 30 Dec 2014 09:07:15 nmf.py[line:109]                            INFO Iter: 3	 Loss: 1060.90006835	 Delta: 139.907663215

Tue, 30 Dec 2014 09:07:15 nmf.py[line:109]                            INFO Iter: 4	 Loss: 824.483592536	 Delta: 236.41647581

Tue, 30 Dec 2014 09:07:15 nmf.py[line:109]                            INFO Iter: 5	 Loss: 626.543848158	 Delta: 197.939744377

Tue, 30 Dec 2014 09:07:15 nmf.py[line:109]                            INFO Iter: 6	 Loss: 492.618876417	 Delta: 133.924971742

Tue, 30 Dec 2014 09:07:16 nmf.py[line:109]                            INFO Iter: 7	 Loss: 399.747391109	 Delta: 92.8714853081

Tue, 30 Dec 2014 09:07:16 nmf.py[line:109]                            INFO Iter: 8	 Loss: 335.882500881	 Delta: 63.864890228

Tue, 30 Dec 2014 09:07:16 nmf.py[line:109]                            INFO Iter: 9	 Loss: 290.642634057	 Delta: 45.2398668234

Tue, 30 Dec 2014 09:07:16 nmf.py[line:109]                            INFO Iter: 10	 Loss: 257.988822974	 Delta: 32.6538110833

Tue, 30 Dec 2014 09:07:16 nmf.py[line:109]                            INFO Iter: 11	 Loss: 230.434222653	 Delta: 27.5546003205

Tue, 30 Dec 2014 09:07:16 nmf.py[line:109]                            INFO Iter: 12	 Loss: 208.632628779	 Delta: 21.8015938745

Tue, 30 Dec 2014 09:07:16 nmf.py[line:109]                            INFO Iter: 13	 Loss: 190.340535925	 Delta: 18.2920928543

Tue, 30 Dec 2014 09:07:16 nmf.py[line:109]                            INFO Iter: 14	 Loss: 177.183319239	 Delta: 13.1572166851

Tue, 30 Dec 2014 09:07:16 nmf.py[line:109]                            INFO Iter: 15	 Loss: 166.776165593	 Delta: 10.4071536469

Tue, 30 Dec 2014 09:07:16 nmf.py[line:109]                            INFO Iter: 16	 Loss: 158.600828456	 Delta: 8.17533713665

Tue, 30 Dec 2014 09:07:16 nmf.py[line:109]                            INFO Iter: 17	 Loss: 152.294655144	 Delta: 6.30617331207

Tue, 30 Dec 2014 09:07:16 nmf.py[line:109]                            INFO Iter: 18	 Loss: 147.413272259	 Delta: 4.88138288509

Tue, 30 Dec 2014 09:07:16 nmf.py[line:109]                            INFO Iter: 19	 Loss: 143.243540968	 Delta: 4.1697312911

Tue, 30 Dec 2014 09:07:16 nmf.py[line:109]                            INFO Iter: 20	 Loss: 139.523582442	 Delta: 3.71995852609

Tue, 30 Dec 2014 09:07:16 nmf.py[line:109]                            INFO Iter: 21	 Loss: 136.311229063	 Delta: 3.21235337903

Tue, 30 Dec 2014 09:07:16 nmf.py[line:109]                            INFO Iter: 22	 Loss: 132.859080151	 Delta: 3.4521489117

Tue, 30 Dec 2014 09:07:16 nmf.py[line:109]                            INFO Iter: 23	 Loss: 128.975069505	 Delta: 3.88401064614

Tue, 30 Dec 2014 09:07:17 nmf.py[line:109]                            INFO Iter: 24	 Loss: 125.435327717	 Delta: 3.5397417874

Tue, 30 Dec 2014 09:07:17 nmf.py[line:109]                            INFO Iter: 25	 Loss: 122.754927898	 Delta: 2.68039981934

Tue, 30 Dec 2014 09:07:17 nmf.py[line:109]                            INFO Iter: 26	 Loss: 120.420476767	 Delta: 2.33445113113

Tue, 30 Dec 2014 09:07:17 nmf.py[line:109]                            INFO Iter: 27	 Loss: 117.967506038	 Delta: 2.45297072849

Tue, 30 Dec 2014 09:07:17 nmf.py[line:109]                            INFO Iter: 28	 Loss: 115.535813644	 Delta: 2.43169239396

Tue, 30 Dec 2014 09:07:17 nmf.py[line:109]                            INFO Iter: 29	 Loss: 113.572404698	 Delta: 1.96340894648

Tue, 30 Dec 2014 09:07:17 nmf.py[line:109]                            INFO Iter: 30	 Loss: 111.736584999	 Delta: 1.83581969896

Tue, 30 Dec 2014 09:07:17 nmf.py[line:109]                            INFO Iter: 31	 Loss: 110.165825626	 Delta: 1.57075937249

Tue, 30 Dec 2014 09:07:17 nmf.py[line:109]                            INFO Iter: 32	 Loss: 108.693836385	 Delta: 1.47198924188

Tue, 30 Dec 2014 09:07:17 nmf.py[line:109]                            INFO Iter: 33	 Loss: 107.411317336	 Delta: 1.28251904842

Tue, 30 Dec 2014 09:07:17 nmf.py[line:109]                            INFO Iter: 34	 Loss: 106.281976143	 Delta: 1.1293411931

Tue, 30 Dec 2014 09:07:17 nmf.py[line:109]                            INFO Iter: 35	 Loss: 105.207732459	 Delta: 1.07424368421

Tue, 30 Dec 2014 09:07:17 nmf.py[line:109]                            INFO Iter: 36	 Loss: 104.15472062	 Delta: 1.05301183867

Tue, 30 Dec 2014 09:07:17 nmf.py[line:109]                            INFO Iter: 37	 Loss: 103.198737073	 Delta: 0.955983547153

Tue, 30 Dec 2014 09:07:17 nmf.py[line:113]                            INFO NMF OK
Tue, 30 Dec 2014 09:07:17 demo_dynamic_user_item_num.py[line:117]                            INFO 
=========================

Tue, 30 Dec 2014 09:07:17 demo_dynamic_user_item_num.py[line:118]                            INFO time_step number %i:	2
Tue, 30 Dec 2014 09:07:17 demo_dynamic_user_item_num.py[line:119]                            INFO ----------------

Tue, 30 Dec 2014 09:07:17 demo_dynamic_user_item_num.py[line:142]                            INFO non zero cell num: 1665
Tue, 30 Dec 2014 09:07:17 demo_dynamic_user_item_num.py[line:144]                            INFO computing JPP decomposition...
Tue, 30 Dec 2014 09:07:18 JPPCF.py[line:86]                            INFO Iter: 1	 Loss: 3307.11158161	 Delta: 996692.888418

Tue, 30 Dec 2014 09:07:18 JPPCF.py[line:86]                            INFO Iter: 2	 Loss: 3177.98461925	 Delta: 129.126962358

Tue, 30 Dec 2014 09:07:18 JPPCF.py[line:86]                            INFO Iter: 3	 Loss: 2336.38758329	 Delta: 841.597035954

Tue, 30 Dec 2014 09:07:19 JPPCF.py[line:86]                            INFO Iter: 4	 Loss: 1565.95275765	 Delta: 770.434825645

Tue, 30 Dec 2014 09:07:19 JPPCF.py[line:86]                            INFO Iter: 5	 Loss: 1136.68834677	 Delta: 429.26441088

Tue, 30 Dec 2014 09:07:19 JPPCF.py[line:86]                            INFO Iter: 6	 Loss: 904.05511276	 Delta: 232.63323401

Tue, 30 Dec 2014 09:07:20 JPPCF.py[line:86]                            INFO Iter: 7	 Loss: 765.112346523	 Delta: 138.942766237

Tue, 30 Dec 2014 09:07:20 JPPCF.py[line:86]                            INFO Iter: 8	 Loss: 681.183419909	 Delta: 83.928926614

Tue, 30 Dec 2014 09:07:20 JPPCF.py[line:86]                            INFO Iter: 9	 Loss: 629.317526737	 Delta: 51.8658931718

Tue, 30 Dec 2014 09:07:21 JPPCF.py[line:86]                            INFO Iter: 10	 Loss: 584.376959874	 Delta: 44.9405668629

Tue, 30 Dec 2014 09:07:21 JPPCF.py[line:86]                            INFO Iter: 11	 Loss: 550.094468471	 Delta: 34.282491403

Tue, 30 Dec 2014 09:07:21 JPPCF.py[line:86]                            INFO Iter: 12	 Loss: 527.3011654	 Delta: 22.7933030709

Tue, 30 Dec 2014 09:07:22 JPPCF.py[line:86]                            INFO Iter: 13	 Loss: 519.797153867	 Delta: 7.50401153325

Tue, 30 Dec 2014 09:07:22 JPPCF.py[line:86]                            INFO Iter: 14	 Loss: 521.384975244	 Delta: 1.58782137702

Tue, 30 Dec 2014 09:07:22 JPPCF.py[line:86]                            INFO Iter: 15	 Loss: 524.932648967	 Delta: 3.54767372325

Tue, 30 Dec 2014 09:07:23 JPPCF.py[line:86]                            INFO Iter: 16	 Loss: 527.408082403	 Delta: 2.47543343644

Tue, 30 Dec 2014 09:07:23 JPPCF.py[line:86]                            INFO Iter: 17	 Loss: 527.18856548	 Delta: 0.219516923823

Tue, 30 Dec 2014 09:07:23 JPPCF.py[line:88]                            INFO JPPCF OK

Tue, 30 Dec 2014 09:07:23 demo_dynamic_user_item_num.py[line:153]                            INFO [ok]
computing t-model NMF decomposition...
Tue, 30 Dec 2014 09:07:23 nmf.py[line:109]                            INFO Iter: 1	 Loss: 1678.64739129	 Delta: 998321.352609

Tue, 30 Dec 2014 09:07:23 nmf.py[line:109]                            INFO Iter: 2	 Loss: 1580.86565129	 Delta: 97.7817400024

Tue, 30 Dec 2014 09:07:24 nmf.py[line:109]                            INFO Iter: 3	 Loss: 1405.24155393	 Delta: 175.624097352

Tue, 30 Dec 2014 09:07:24 nmf.py[line:109]                            INFO Iter: 4	 Loss: 1046.66904437	 Delta: 358.572509569

Tue, 30 Dec 2014 09:07:24 nmf.py[line:109]                            INFO Iter: 5	 Loss: 798.055389888	 Delta: 248.613654478

Tue, 30 Dec 2014 09:07:24 nmf.py[line:109]                            INFO Iter: 6	 Loss: 637.893243701	 Delta: 160.162146187

Tue, 30 Dec 2014 09:07:24 nmf.py[line:109]                            INFO Iter: 7	 Loss: 543.917894484	 Delta: 93.975349217

Tue, 30 Dec 2014 09:07:24 nmf.py[line:109]                            INFO Iter: 8	 Loss: 478.896230934	 Delta: 65.0216635496

Tue, 30 Dec 2014 09:07:24 nmf.py[line:109]                            INFO Iter: 9	 Loss: 430.14780507	 Delta: 48.748425864

Tue, 30 Dec 2014 09:07:24 nmf.py[line:109]                            INFO Iter: 10	 Loss: 392.33216219	 Delta: 37.8156428796

Tue, 30 Dec 2014 09:07:25 nmf.py[line:109]                            INFO Iter: 11	 Loss: 361.120393893	 Delta: 31.2117682975

Tue, 30 Dec 2014 09:07:25 nmf.py[line:109]                            INFO Iter: 12	 Loss: 336.291403543	 Delta: 24.8289903503

Tue, 30 Dec 2014 09:07:25 nmf.py[line:109]                            INFO Iter: 13	 Loss: 315.205065842	 Delta: 21.0863377011

Tue, 30 Dec 2014 09:07:25 nmf.py[line:109]                            INFO Iter: 14	 Loss: 297.857967591	 Delta: 17.3470982507

Tue, 30 Dec 2014 09:07:25 nmf.py[line:109]                            INFO Iter: 15	 Loss: 284.948814514	 Delta: 12.9091530768

Tue, 30 Dec 2014 09:07:26 nmf.py[line:109]                            INFO Iter: 16	 Loss: 275.370101365	 Delta: 9.5787131489

Tue, 30 Dec 2014 09:07:26 nmf.py[line:109]                            INFO Iter: 17	 Loss: 267.878620492	 Delta: 7.4914808732

Tue, 30 Dec 2014 09:07:26 nmf.py[line:109]                            INFO Iter: 18	 Loss: 261.180973693	 Delta: 6.6976467989

Tue, 30 Dec 2014 09:07:26 nmf.py[line:109]                            INFO Iter: 19	 Loss: 255.605887163	 Delta: 5.57508652974

Tue, 30 Dec 2014 09:07:26 nmf.py[line:109]                            INFO Iter: 20	 Loss: 251.271990684	 Delta: 4.3338964795

Tue, 30 Dec 2014 09:07:26 nmf.py[line:109]                            INFO Iter: 21	 Loss: 248.040274568	 Delta: 3.23171611575

Tue, 30 Dec 2014 09:07:26 nmf.py[line:109]                            INFO Iter: 22	 Loss: 245.218706952	 Delta: 2.82156761598

Tue, 30 Dec 2014 09:07:27 nmf.py[line:109]                            INFO Iter: 23	 Loss: 242.648223748	 Delta: 2.57048320404

Tue, 30 Dec 2014 09:07:27 nmf.py[line:109]                            INFO Iter: 24	 Loss: 240.356977305	 Delta: 2.29124644329

Tue, 30 Dec 2014 09:07:27 nmf.py[line:109]                            INFO Iter: 25	 Loss: 238.316750326	 Delta: 2.04022697876

Tue, 30 Dec 2014 09:07:27 nmf.py[line:109]                            INFO Iter: 26	 Loss: 236.339342053	 Delta: 1.97740827275

Tue, 30 Dec 2014 09:07:27 nmf.py[line:109]                            INFO Iter: 27	 Loss: 235.150605908	 Delta: 1.18873614554

Tue, 30 Dec 2014 09:07:27 nmf.py[line:109]                            INFO Iter: 28	 Loss: 234.319019403	 Delta: 0.831586504662

Tue, 30 Dec 2014 09:07:27 nmf.py[line:113]                            INFO NMF OK
Tue, 30 Dec 2014 09:07:27 demo_dynamic_user_item_num.py[line:159]                            INFO [ok]
computing fix_model NMF decomposition...
Tue, 30 Dec 2014 09:07:27 demo_dynamic_user_item_num.py[line:169]                            INFO non zero cell num: 1665
Tue, 30 Dec 2014 09:07:28 nmf.py[line:109]                            INFO Iter: 1	 Loss: 1678.70522363	 Delta: 998321.294776

Tue, 30 Dec 2014 09:07:28 nmf.py[line:109]                            INFO Iter: 2	 Loss: 1577.56927921	 Delta: 101.135944421

Tue, 30 Dec 2014 09:07:28 nmf.py[line:109]                            INFO Iter: 3	 Loss: 1414.7158287	 Delta: 162.853450506

Tue, 30 Dec 2014 09:07:28 nmf.py[line:109]                            INFO Iter: 4	 Loss: 1073.49244145	 Delta: 341.223387252

Tue, 30 Dec 2014 09:07:28 nmf.py[line:109]                            INFO Iter: 5	 Loss: 825.609345481	 Delta: 247.883095969

Tue, 30 Dec 2014 09:07:28 nmf.py[line:109]                            INFO Iter: 6	 Loss: 663.176881099	 Delta: 162.432464382

Tue, 30 Dec 2014 09:07:28 nmf.py[line:109]                            INFO Iter: 7	 Loss: 538.692800353	 Delta: 124.484080746

Tue, 30 Dec 2014 09:07:28 nmf.py[line:109]                            INFO Iter: 8	 Loss: 456.278533443	 Delta: 82.4142669096

Tue, 30 Dec 2014 09:07:29 nmf.py[line:109]                            INFO Iter: 9	 Loss: 399.863314272	 Delta: 56.4152191707

Tue, 30 Dec 2014 09:07:29 nmf.py[line:109]                            INFO Iter: 10	 Loss: 363.160133603	 Delta: 36.7031806696

Tue, 30 Dec 2014 09:07:29 nmf.py[line:109]                            INFO Iter: 11	 Loss: 338.032349771	 Delta: 25.1277838318

Tue, 30 Dec 2014 09:07:29 nmf.py[line:109]                            INFO Iter: 12	 Loss: 318.358318185	 Delta: 19.674031586

Tue, 30 Dec 2014 09:07:29 nmf.py[line:109]                            INFO Iter: 13	 Loss: 301.695214098	 Delta: 16.6631040875

Tue, 30 Dec 2014 09:07:29 nmf.py[line:109]                            INFO Iter: 14	 Loss: 288.913309465	 Delta: 12.7819046325

Tue, 30 Dec 2014 09:07:30 nmf.py[line:109]                            INFO Iter: 15	 Loss: 279.973071644	 Delta: 8.94023782153

Tue, 30 Dec 2014 09:07:30 nmf.py[line:109]                            INFO Iter: 16	 Loss: 272.689646449	 Delta: 7.28342519461

Tue, 30 Dec 2014 09:07:30 nmf.py[line:109]                            INFO Iter: 17	 Loss: 266.934881159	 Delta: 5.75476529001

Tue, 30 Dec 2014 09:07:30 nmf.py[line:109]                            INFO Iter: 18	 Loss: 262.930739766	 Delta: 4.0041413931

Tue, 30 Dec 2014 09:07:30 nmf.py[line:109]                            INFO Iter: 19	 Loss: 259.945616721	 Delta: 2.98512304454

Tue, 30 Dec 2014 09:07:30 nmf.py[line:109]                            INFO Iter: 20	 Loss: 257.209364157	 Delta: 2.73625256419

Tue, 30 Dec 2014 09:07:31 nmf.py[line:109]                            INFO Iter: 21	 Loss: 254.577479628	 Delta: 2.63188452882

Tue, 30 Dec 2014 09:07:31 nmf.py[line:109]                            INFO Iter: 22	 Loss: 252.350630416	 Delta: 2.22684921199

Tue, 30 Dec 2014 09:07:31 nmf.py[line:109]                            INFO Iter: 23	 Loss: 250.414022198	 Delta: 1.9366082188

Tue, 30 Dec 2014 09:07:31 nmf.py[line:109]                            INFO Iter: 24	 Loss: 248.658912419	 Delta: 1.75510977873

Tue, 30 Dec 2014 09:07:31 nmf.py[line:109]                            INFO Iter: 25	 Loss: 246.835303348	 Delta: 1.82360907051

Tue, 30 Dec 2014 09:07:31 nmf.py[line:109]                            INFO Iter: 26	 Loss: 244.501038963	 Delta: 2.33426438569

Tue, 30 Dec 2014 09:07:32 nmf.py[line:109]                            INFO Iter: 27	 Loss: 242.806212779	 Delta: 1.69482618356

Tue, 30 Dec 2014 09:07:32 nmf.py[line:109]                            INFO Iter: 28	 Loss: 241.586450134	 Delta: 1.219762645

Tue, 30 Dec 2014 09:07:32 nmf.py[line:109]                            INFO Iter: 29	 Loss: 240.543672529	 Delta: 1.04277760476

Tue, 30 Dec 2014 09:07:32 nmf.py[line:109]                            INFO Iter: 30	 Loss: 239.49567443	 Delta: 1.04799809976

Tue, 30 Dec 2014 09:07:32 nmf.py[line:109]                            INFO Iter: 31	 Loss: 238.526477815	 Delta: 0.969196614159

Tue, 30 Dec 2014 09:07:32 nmf.py[line:113]                            INFO NMF OK
Tue, 30 Dec 2014 09:07:32 demo_dynamic_user_item_num.py[line:175]                            INFO [ok]

Tue, 30 Dec 2014 09:07:32 demo_dynamic_user_item_num.py[line:177]                            INFO 	 fold_id:0

Tue, 30 Dec 2014 09:07:32 demo_dynamic_user_item_num.py[line:179]                            INFO 	recall at 10:
Tue, 30 Dec 2014 09:07:34 demo_dynamic_user_item_num.py[line:207]                            INFO 		t-model NMF :  0.291579965319

Tue, 30 Dec 2014 09:07:34 demo_dynamic_user_item_num.py[line:208]                            INFO 		f-model NMF :  0.30325130052

Tue, 30 Dec 2014 09:07:34 demo_dynamic_user_item_num.py[line:209]                            INFO 		JPPCF :  0.280405495532

Tue, 30 Dec 2014 09:07:34 demo_dynamic_user_item_num.py[line:179]                            INFO 	recall at 50:
Tue, 30 Dec 2014 09:07:36 demo_dynamic_user_item_num.py[line:207]                            INFO 		t-model NMF :  0.560070694945

Tue, 30 Dec 2014 09:07:36 demo_dynamic_user_item_num.py[line:208]                            INFO 		f-model NMF :  0.553134587168

Tue, 30 Dec 2014 09:07:36 demo_dynamic_user_item_num.py[line:209]                            INFO 		JPPCF :  0.550623582766

Tue, 30 Dec 2014 09:07:36 demo_dynamic_user_item_num.py[line:179]                            INFO 	recall at 100:
Tue, 30 Dec 2014 09:07:37 demo_dynamic_user_item_num.py[line:207]                            INFO 		t-model NMF :  0.655005335468

Tue, 30 Dec 2014 09:07:37 demo_dynamic_user_item_num.py[line:208]                            INFO 		f-model NMF :  0.659086968121

Tue, 30 Dec 2014 09:07:37 demo_dynamic_user_item_num.py[line:209]                            INFO 		JPPCF :  0.650683606776

Tue, 30 Dec 2014 09:07:37 demo_dynamic_user_item_num.py[line:179]                            INFO 	recall at 300:
Tue, 30 Dec 2014 09:07:39 demo_dynamic_user_item_num.py[line:207]                            INFO 		t-model NMF :  0.811194477791

Tue, 30 Dec 2014 09:07:39 demo_dynamic_user_item_num.py[line:208]                            INFO 		f-model NMF :  0.81802054155

Tue, 30 Dec 2014 09:07:39 demo_dynamic_user_item_num.py[line:209]                            INFO 		JPPCF :  0.811497932506

Tue, 30 Dec 2014 09:07:39 demo_dynamic_user_item_num.py[line:179]                            INFO 	recall at 500:
Tue, 30 Dec 2014 09:07:40 demo_dynamic_user_item_num.py[line:207]                            INFO 		t-model NMF :  0.8674969988

Tue, 30 Dec 2014 09:07:40 demo_dynamic_user_item_num.py[line:208]                            INFO 		f-model NMF :  0.851330532213

Tue, 30 Dec 2014 09:07:40 demo_dynamic_user_item_num.py[line:209]                            INFO 		JPPCF :  0.86983126584

Tue, 30 Dec 2014 09:07:40 demo_dynamic_user_item_num.py[line:179]                            INFO 	recall at 1000:
Tue, 30 Dec 2014 09:07:42 demo_dynamic_user_item_num.py[line:207]                            INFO 		t-model NMF :  0.955182072829

Tue, 30 Dec 2014 09:07:42 demo_dynamic_user_item_num.py[line:208]                            INFO 		f-model NMF :  0.942577030812

Tue, 30 Dec 2014 09:07:42 demo_dynamic_user_item_num.py[line:209]                            INFO 		JPPCF :  0.966386554622

Tue, 30 Dec 2014 09:07:42 demo_dynamic_user_item_num.py[line:211]                            INFO current_time_step: 2

Tue, 30 Dec 2014 09:07:42 demo_dynamic_user_item_num.py[line:214]                            INFO 	recall at 10:
Tue, 30 Dec 2014 09:07:42 demo_dynamic_user_item_num.py[line:218]                            INFO 		avg t-model NMF :  0.291579965319

Tue, 30 Dec 2014 09:07:42 demo_dynamic_user_item_num.py[line:219]                            INFO 		avg f-model NMF :  0.30325130052

Tue, 30 Dec 2014 09:07:42 demo_dynamic_user_item_num.py[line:220]                            INFO 		avg JPPCF :  0.280405495532

Tue, 30 Dec 2014 09:07:42 demo_dynamic_user_item_num.py[line:214]                            INFO 	recall at 50:
Tue, 30 Dec 2014 09:07:42 demo_dynamic_user_item_num.py[line:218]                            INFO 		avg t-model NMF :  0.560070694945

Tue, 30 Dec 2014 09:07:42 demo_dynamic_user_item_num.py[line:219]                            INFO 		avg f-model NMF :  0.553134587168

Tue, 30 Dec 2014 09:07:42 demo_dynamic_user_item_num.py[line:220]                            INFO 		avg JPPCF :  0.550623582766

Tue, 30 Dec 2014 09:07:42 demo_dynamic_user_item_num.py[line:214]                            INFO 	recall at 100:
Tue, 30 Dec 2014 09:07:42 demo_dynamic_user_item_num.py[line:218]                            INFO 		avg t-model NMF :  0.655005335468

Tue, 30 Dec 2014 09:07:42 demo_dynamic_user_item_num.py[line:219]                            INFO 		avg f-model NMF :  0.659086968121

Tue, 30 Dec 2014 09:07:42 demo_dynamic_user_item_num.py[line:220]                            INFO 		avg JPPCF :  0.650683606776

Tue, 30 Dec 2014 09:07:42 demo_dynamic_user_item_num.py[line:214]                            INFO 	recall at 300:
Tue, 30 Dec 2014 09:07:42 demo_dynamic_user_item_num.py[line:218]                            INFO 		avg t-model NMF :  0.811194477791

Tue, 30 Dec 2014 09:07:42 demo_dynamic_user_item_num.py[line:219]                            INFO 		avg f-model NMF :  0.81802054155

Tue, 30 Dec 2014 09:07:42 demo_dynamic_user_item_num.py[line:220]                            INFO 		avg JPPCF :  0.811497932506

Tue, 30 Dec 2014 09:07:42 demo_dynamic_user_item_num.py[line:214]                            INFO 	recall at 500:
Tue, 30 Dec 2014 09:07:42 demo_dynamic_user_item_num.py[line:218]                            INFO 		avg t-model NMF :  0.8674969988

Tue, 30 Dec 2014 09:07:42 demo_dynamic_user_item_num.py[line:219]                            INFO 		avg f-model NMF :  0.851330532213

Tue, 30 Dec 2014 09:07:42 demo_dynamic_user_item_num.py[line:220]                            INFO 		avg JPPCF :  0.86983126584

Tue, 30 Dec 2014 09:07:42 demo_dynamic_user_item_num.py[line:214]                            INFO 	recall at 1000:
Tue, 30 Dec 2014 09:07:42 demo_dynamic_user_item_num.py[line:218]                            INFO 		avg t-model NMF :  0.955182072829

Tue, 30 Dec 2014 09:07:42 demo_dynamic_user_item_num.py[line:219]                            INFO 		avg f-model NMF :  0.942577030812

Tue, 30 Dec 2014 09:07:42 demo_dynamic_user_item_num.py[line:220]                            INFO 		avg JPPCF :  0.966386554622

Tue, 30 Dec 2014 09:07:42 demo_dynamic_user_item_num.py[line:234]                            INFO =========================

Tue, 30 Dec 2014 09:07:42 demo_dynamic_user_item_num.py[line:117]                            INFO 
=========================

Tue, 30 Dec 2014 09:07:42 demo_dynamic_user_item_num.py[line:118]                            INFO time_step number %i:	3
Tue, 30 Dec 2014 09:07:42 demo_dynamic_user_item_num.py[line:119]                            INFO ----------------

Tue, 30 Dec 2014 09:07:42 demo_dynamic_user_item_num.py[line:142]                            INFO non zero cell num: 2740
Tue, 30 Dec 2014 09:07:42 demo_dynamic_user_item_num.py[line:144]                            INFO computing JPP decomposition...
Tue, 30 Dec 2014 09:07:43 JPPCF.py[line:86]                            INFO Iter: 1	 Loss: 5463.06214431	 Delta: 994536.937856

Tue, 30 Dec 2014 09:07:43 JPPCF.py[line:86]                            INFO Iter: 2	 Loss: 5128.64208833	 Delta: 334.42005598

Tue, 30 Dec 2014 09:07:44 JPPCF.py[line:86]                            INFO Iter: 3	 Loss: 3803.78215255	 Delta: 1324.85993578

Tue, 30 Dec 2014 09:07:45 JPPCF.py[line:86]                            INFO Iter: 4	 Loss: 2531.22852835	 Delta: 1272.5536242

Tue, 30 Dec 2014 09:07:46 JPPCF.py[line:86]                            INFO Iter: 5	 Loss: 1893.20170206	 Delta: 638.026826284

Tue, 30 Dec 2014 09:07:46 JPPCF.py[line:86]                            INFO Iter: 6	 Loss: 1557.02244463	 Delta: 336.179257431

Tue, 30 Dec 2014 09:07:47 JPPCF.py[line:86]                            INFO Iter: 7	 Loss: 1354.42549141	 Delta: 202.596953224

Tue, 30 Dec 2014 09:07:48 JPPCF.py[line:86]                            INFO Iter: 8	 Loss: 1209.13893888	 Delta: 145.286552528

Tue, 30 Dec 2014 09:07:49 JPPCF.py[line:86]                            INFO Iter: 9	 Loss: 1101.13734595	 Delta: 108.001592935

Tue, 30 Dec 2014 09:07:49 JPPCF.py[line:86]                            INFO Iter: 10	 Loss: 1010.35605407	 Delta: 90.7812918739

Tue, 30 Dec 2014 09:07:50 JPPCF.py[line:86]                            INFO Iter: 11	 Loss: 932.221903836	 Delta: 78.1341502359

Tue, 30 Dec 2014 09:07:51 JPPCF.py[line:86]                            INFO Iter: 12	 Loss: 868.150254679	 Delta: 64.0716491572

Tue, 30 Dec 2014 09:07:52 JPPCF.py[line:86]                            INFO Iter: 13	 Loss: 818.814655036	 Delta: 49.3355996422

Tue, 30 Dec 2014 09:07:52 JPPCF.py[line:86]                            INFO Iter: 14	 Loss: 785.148861472	 Delta: 33.6657935642

Tue, 30 Dec 2014 09:07:53 JPPCF.py[line:86]                            INFO Iter: 15	 Loss: 760.360595322	 Delta: 24.78826615

Tue, 30 Dec 2014 09:07:54 JPPCF.py[line:86]                            INFO Iter: 16	 Loss: 739.978001854	 Delta: 20.382593468

Tue, 30 Dec 2014 09:07:55 JPPCF.py[line:86]                            INFO Iter: 17	 Loss: 722.073320673	 Delta: 17.9046811809

Tue, 30 Dec 2014 09:07:56 JPPCF.py[line:86]                            INFO Iter: 18	 Loss: 706.933596676	 Delta: 15.1397239974

Tue, 30 Dec 2014 09:07:57 JPPCF.py[line:86]                            INFO Iter: 19	 Loss: 696.464603967	 Delta: 10.4689927093

Tue, 30 Dec 2014 09:07:58 JPPCF.py[line:86]                            INFO Iter: 20	 Loss: 688.079013732	 Delta: 8.38559023416

Tue, 30 Dec 2014 09:07:58 JPPCF.py[line:86]                            INFO Iter: 21	 Loss: 681.810300055	 Delta: 6.26871367747

Tue, 30 Dec 2014 09:07:59 JPPCF.py[line:86]                            INFO Iter: 22	 Loss: 673.674764484	 Delta: 8.13553557063

Tue, 30 Dec 2014 09:08:00 JPPCF.py[line:86]                            INFO Iter: 23	 Loss: 658.812200723	 Delta: 14.8625637608

Tue, 30 Dec 2014 09:08:01 JPPCF.py[line:86]                            INFO Iter: 24	 Loss: 647.760458096	 Delta: 11.0517426277

Tue, 30 Dec 2014 09:08:02 JPPCF.py[line:86]                            INFO Iter: 25	 Loss: 638.087487751	 Delta: 9.67297034505

Tue, 30 Dec 2014 09:08:03 JPPCF.py[line:86]                            INFO Iter: 26	 Loss: 631.779663793	 Delta: 6.30782395733

Tue, 30 Dec 2014 09:08:04 JPPCF.py[line:86]                            INFO Iter: 27	 Loss: 626.200755353	 Delta: 5.57890844

Tue, 30 Dec 2014 09:08:05 JPPCF.py[line:86]                            INFO Iter: 28	 Loss: 621.023182024	 Delta: 5.1775733299

Tue, 30 Dec 2014 09:08:06 JPPCF.py[line:86]                            INFO Iter: 29	 Loss: 614.734383945	 Delta: 6.28879807806

Tue, 30 Dec 2014 09:08:07 JPPCF.py[line:86]                            INFO Iter: 30	 Loss: 608.388282151	 Delta: 6.34610179486

Tue, 30 Dec 2014 09:08:08 JPPCF.py[line:86]                            INFO Iter: 31	 Loss: 602.389028732	 Delta: 5.99925341862

Tue, 30 Dec 2014 09:08:09 JPPCF.py[line:86]                            INFO Iter: 32	 Loss: 596.585859234	 Delta: 5.80316949783

Tue, 30 Dec 2014 09:08:10 JPPCF.py[line:86]                            INFO Iter: 33	 Loss: 591.165487475	 Delta: 5.42037175958

Tue, 30 Dec 2014 09:08:10 JPPCF.py[line:86]                            INFO Iter: 34	 Loss: 580.575025256	 Delta: 10.5904622189

Tue, 30 Dec 2014 09:08:11 JPPCF.py[line:86]                            INFO Iter: 35	 Loss: 572.814248785	 Delta: 7.76077647084

Tue, 30 Dec 2014 09:08:12 JPPCF.py[line:86]                            INFO Iter: 36	 Loss: 565.519779865	 Delta: 7.29446892012

Tue, 30 Dec 2014 09:08:13 JPPCF.py[line:86]                            INFO Iter: 37	 Loss: 561.606067493	 Delta: 3.9137123714

Tue, 30 Dec 2014 09:08:14 JPPCF.py[line:86]                            INFO Iter: 38	 Loss: 556.513405439	 Delta: 5.09266205402

Tue, 30 Dec 2014 09:08:15 JPPCF.py[line:86]                            INFO Iter: 39	 Loss: 551.28161295	 Delta: 5.23179248934

Tue, 30 Dec 2014 09:08:16 JPPCF.py[line:86]                            INFO Iter: 40	 Loss: 546.974200343	 Delta: 4.30741260741

Tue, 30 Dec 2014 09:08:17 JPPCF.py[line:86]                            INFO Iter: 41	 Loss: 543.995165506	 Delta: 2.97903483635

Tue, 30 Dec 2014 09:08:18 JPPCF.py[line:86]                            INFO Iter: 42	 Loss: 541.76850627	 Delta: 2.22665923591

Tue, 30 Dec 2014 09:08:19 JPPCF.py[line:86]                            INFO Iter: 43	 Loss: 539.365965292	 Delta: 2.40254097851

Tue, 30 Dec 2014 09:08:20 JPPCF.py[line:86]                            INFO Iter: 44	 Loss: 537.270442707	 Delta: 2.09552258503

Tue, 30 Dec 2014 09:08:21 JPPCF.py[line:86]                            INFO Iter: 45	 Loss: 533.963870273	 Delta: 3.30657243363

Tue, 30 Dec 2014 09:08:22 JPPCF.py[line:86]                            INFO Iter: 46	 Loss: 530.143681982	 Delta: 3.82018829066

Tue, 30 Dec 2014 09:08:23 JPPCF.py[line:86]                            INFO Iter: 47	 Loss: 527.245863813	 Delta: 2.89781816987

Tue, 30 Dec 2014 09:08:24 JPPCF.py[line:86]                            INFO Iter: 48	 Loss: 524.828284053	 Delta: 2.41757975912

Tue, 30 Dec 2014 09:08:25 JPPCF.py[line:86]                            INFO Iter: 49	 Loss: 522.297049639	 Delta: 2.53123441468

Tue, 30 Dec 2014 09:08:26 JPPCF.py[line:86]                            INFO Iter: 50	 Loss: 520.033420307	 Delta: 2.26362933213

Tue, 30 Dec 2014 09:08:27 JPPCF.py[line:86]                            INFO Iter: 51	 Loss: 518.614025909	 Delta: 1.41939439734

Tue, 30 Dec 2014 09:08:28 JPPCF.py[line:86]                            INFO Iter: 52	 Loss: 517.113928479	 Delta: 1.50009743049

Tue, 30 Dec 2014 09:08:29 JPPCF.py[line:86]                            INFO Iter: 53	 Loss: 515.129734522	 Delta: 1.98419395655

Tue, 30 Dec 2014 09:08:30 JPPCF.py[line:86]                            INFO Iter: 54	 Loss: 512.802314117	 Delta: 2.32742040492

Tue, 30 Dec 2014 09:08:31 JPPCF.py[line:86]                            INFO Iter: 55	 Loss: 511.073642867	 Delta: 1.72867125014

Tue, 30 Dec 2014 09:08:32 JPPCF.py[line:86]                            INFO Iter: 56	 Loss: 509.660871194	 Delta: 1.41277167316

Tue, 30 Dec 2014 09:08:33 JPPCF.py[line:86]                            INFO Iter: 57	 Loss: 508.491015658	 Delta: 1.16985553567

Tue, 30 Dec 2014 09:08:34 JPPCF.py[line:86]                            INFO Iter: 58	 Loss: 507.196248512	 Delta: 1.29476714647

Tue, 30 Dec 2014 09:08:35 JPPCF.py[line:86]                            INFO Iter: 59	 Loss: 504.671868428	 Delta: 2.52438008424

Tue, 30 Dec 2014 09:08:36 JPPCF.py[line:86]                            INFO Iter: 60	 Loss: 502.613225354	 Delta: 2.05864307355

Tue, 30 Dec 2014 09:08:37 JPPCF.py[line:86]                            INFO Iter: 61	 Loss: 500.439211519	 Delta: 2.1740138354

Tue, 30 Dec 2014 09:08:38 JPPCF.py[line:86]                            INFO Iter: 62	 Loss: 497.56677408	 Delta: 2.87243743916

Tue, 30 Dec 2014 09:08:38 JPPCF.py[line:86]                            INFO Iter: 63	 Loss: 495.09535221	 Delta: 2.47142186917

Tue, 30 Dec 2014 09:08:39 JPPCF.py[line:86]                            INFO Iter: 64	 Loss: 493.644511694	 Delta: 1.45084051634

Tue, 30 Dec 2014 09:08:40 JPPCF.py[line:86]                            INFO Iter: 65	 Loss: 492.703701425	 Delta: 0.940810268708

Tue, 30 Dec 2014 09:08:40 JPPCF.py[line:88]                            INFO JPPCF OK

Tue, 30 Dec 2014 09:08:40 demo_dynamic_user_item_num.py[line:153]                            INFO [ok]
computing t-model NMF decomposition...
Tue, 30 Dec 2014 09:08:41 nmf.py[line:109]                            INFO Iter: 1	 Loss: 2757.86022142	 Delta: 997242.139779

Tue, 30 Dec 2014 09:08:41 nmf.py[line:109]                            INFO Iter: 2	 Loss: 2603.2571205	 Delta: 154.603100922

Tue, 30 Dec 2014 09:08:41 nmf.py[line:109]                            INFO Iter: 3	 Loss: 2401.15730974	 Delta: 202.099810755

Tue, 30 Dec 2014 09:08:41 nmf.py[line:109]                            INFO Iter: 4	 Loss: 2068.84860229	 Delta: 332.308707449

Tue, 30 Dec 2014 09:08:41 nmf.py[line:109]                            INFO Iter: 5	 Loss: 1695.01002426	 Delta: 373.838578038

Tue, 30 Dec 2014 09:08:42 nmf.py[line:109]                            INFO Iter: 6	 Loss: 1419.46606466	 Delta: 275.5439596

Tue, 30 Dec 2014 09:08:42 nmf.py[line:109]                            INFO Iter: 7	 Loss: 1220.58894506	 Delta: 198.877119596

Tue, 30 Dec 2014 09:08:42 nmf.py[line:109]                            INFO Iter: 8	 Loss: 1077.71745378	 Delta: 142.87149128

Tue, 30 Dec 2014 09:08:42 nmf.py[line:109]                            INFO Iter: 9	 Loss: 980.813264948	 Delta: 96.9041888315

Tue, 30 Dec 2014 09:08:42 nmf.py[line:109]                            INFO Iter: 10	 Loss: 908.260673124	 Delta: 72.5525918248

Tue, 30 Dec 2014 09:08:43 nmf.py[line:109]                            INFO Iter: 11	 Loss: 852.929422578	 Delta: 55.3312505456

Tue, 30 Dec 2014 09:08:43 nmf.py[line:109]                            INFO Iter: 12	 Loss: 804.436076433	 Delta: 48.493346145

Tue, 30 Dec 2014 09:08:43 nmf.py[line:109]                            INFO Iter: 13	 Loss: 766.561441213	 Delta: 37.8746352202

Tue, 30 Dec 2014 09:08:44 nmf.py[line:109]                            INFO Iter: 14	 Loss: 737.626405805	 Delta: 28.9350354077

Tue, 30 Dec 2014 09:08:44 nmf.py[line:109]                            INFO Iter: 15	 Loss: 713.009661648	 Delta: 24.6167441566

Tue, 30 Dec 2014 09:08:44 nmf.py[line:109]                            INFO Iter: 16	 Loss: 693.058177193	 Delta: 19.9514844551

Tue, 30 Dec 2014 09:08:45 nmf.py[line:109]                            INFO Iter: 17	 Loss: 676.797841777	 Delta: 16.2603354161

Tue, 30 Dec 2014 09:08:45 nmf.py[line:109]                            INFO Iter: 18	 Loss: 665.101608363	 Delta: 11.6962334139

Tue, 30 Dec 2014 09:08:45 nmf.py[line:109]                            INFO Iter: 19	 Loss: 656.361500582	 Delta: 8.74010778141

Tue, 30 Dec 2014 09:08:45 nmf.py[line:109]                            INFO Iter: 20	 Loss: 648.294853226	 Delta: 8.06664735551

Tue, 30 Dec 2014 09:08:46 nmf.py[line:109]                            INFO Iter: 21	 Loss: 639.987340338	 Delta: 8.30751288801

Tue, 30 Dec 2014 09:08:46 nmf.py[line:109]                            INFO Iter: 22	 Loss: 631.072086289	 Delta: 8.91525404893

Tue, 30 Dec 2014 09:08:46 nmf.py[line:109]                            INFO Iter: 23	 Loss: 622.012354413	 Delta: 9.05973187682

Tue, 30 Dec 2014 09:08:46 nmf.py[line:109]                            INFO Iter: 24	 Loss: 613.572674193	 Delta: 8.43968021928

Tue, 30 Dec 2014 09:08:47 nmf.py[line:109]                            INFO Iter: 25	 Loss: 606.732715465	 Delta: 6.83995872864

Tue, 30 Dec 2014 09:08:47 nmf.py[line:109]                            INFO Iter: 26	 Loss: 601.592743825	 Delta: 5.13997163959

Tue, 30 Dec 2014 09:08:47 nmf.py[line:109]                            INFO Iter: 27	 Loss: 597.359809521	 Delta: 4.23293430445

Tue, 30 Dec 2014 09:08:47 nmf.py[line:109]                            INFO Iter: 28	 Loss: 594.218271284	 Delta: 3.14153823629

Tue, 30 Dec 2014 09:08:48 nmf.py[line:109]                            INFO Iter: 29	 Loss: 591.704715177	 Delta: 2.51355610705

Tue, 30 Dec 2014 09:08:48 nmf.py[line:109]                            INFO Iter: 30	 Loss: 589.917570438	 Delta: 1.78714473959

Tue, 30 Dec 2014 09:08:48 nmf.py[line:109]                            INFO Iter: 31	 Loss: 588.554067321	 Delta: 1.36350311713

Tue, 30 Dec 2014 09:08:48 nmf.py[line:109]                            INFO Iter: 32	 Loss: 587.393505336	 Delta: 1.16056198496

Tue, 30 Dec 2014 09:08:48 nmf.py[line:109]                            INFO Iter: 33	 Loss: 586.311474405	 Delta: 1.08203093102

Tue, 30 Dec 2014 09:08:49 nmf.py[line:109]                            INFO Iter: 34	 Loss: 585.163247225	 Delta: 1.14822717945

Tue, 30 Dec 2014 09:08:49 nmf.py[line:109]                            INFO Iter: 35	 Loss: 583.792418474	 Delta: 1.37082875095

Tue, 30 Dec 2014 09:08:49 nmf.py[line:109]                            INFO Iter: 36	 Loss: 582.40628746	 Delta: 1.38613101391

Tue, 30 Dec 2014 09:08:49 nmf.py[line:109]                            INFO Iter: 37	 Loss: 581.021062406	 Delta: 1.38522505415

Tue, 30 Dec 2014 09:08:50 nmf.py[line:109]                            INFO Iter: 38	 Loss: 579.668495037	 Delta: 1.35256736927

Tue, 30 Dec 2014 09:08:50 nmf.py[line:109]                            INFO Iter: 39	 Loss: 578.43269295	 Delta: 1.23580208658

Tue, 30 Dec 2014 09:08:50 nmf.py[line:109]                            INFO Iter: 40	 Loss: 577.405931663	 Delta: 1.02676128746

Tue, 30 Dec 2014 09:08:50 nmf.py[line:109]                            INFO Iter: 41	 Loss: 576.494720618	 Delta: 0.911211044813

Tue, 30 Dec 2014 09:08:50 nmf.py[line:113]                            INFO NMF OK
Tue, 30 Dec 2014 09:08:50 demo_dynamic_user_item_num.py[line:159]                            INFO [ok]
computing fix_model NMF decomposition...
Tue, 30 Dec 2014 09:08:50 demo_dynamic_user_item_num.py[line:169]                            INFO non zero cell num: 4612
Tue, 30 Dec 2014 09:08:51 nmf.py[line:109]                            INFO Iter: 1	 Loss: 4647.45482249	 Delta: 995352.545178

Tue, 30 Dec 2014 09:08:51 nmf.py[line:109]                            INFO Iter: 2	 Loss: 4453.57188519	 Delta: 193.882937299

Tue, 30 Dec 2014 09:08:51 nmf.py[line:109]                            INFO Iter: 3	 Loss: 4207.59731833	 Delta: 245.974566856

Tue, 30 Dec 2014 09:08:51 nmf.py[line:109]                            INFO Iter: 4	 Loss: 3568.19668267	 Delta: 639.400635665

Tue, 30 Dec 2014 09:08:51 nmf.py[line:109]                            INFO Iter: 5	 Loss: 2936.08056686	 Delta: 632.116115808

Tue, 30 Dec 2014 09:08:51 nmf.py[line:109]                            INFO Iter: 6	 Loss: 2474.5847638	 Delta: 461.495803064

Tue, 30 Dec 2014 09:08:52 nmf.py[line:109]                            INFO Iter: 7	 Loss: 2149.16608199	 Delta: 325.418681804

Tue, 30 Dec 2014 09:08:52 nmf.py[line:109]                            INFO Iter: 8	 Loss: 1902.44857275	 Delta: 246.717509246

Tue, 30 Dec 2014 09:08:52 nmf.py[line:109]                            INFO Iter: 9	 Loss: 1713.93004522	 Delta: 188.518527531

Tue, 30 Dec 2014 09:08:52 nmf.py[line:109]                            INFO Iter: 10	 Loss: 1575.5325608	 Delta: 138.397484415

Tue, 30 Dec 2014 09:08:52 nmf.py[line:109]                            INFO Iter: 11	 Loss: 1474.86449525	 Delta: 100.668065552

Tue, 30 Dec 2014 09:08:53 nmf.py[line:109]                            INFO Iter: 12	 Loss: 1400.452445	 Delta: 74.4120502483

Tue, 30 Dec 2014 09:08:53 nmf.py[line:109]                            INFO Iter: 13	 Loss: 1341.52588521	 Delta: 58.9265597961

Tue, 30 Dec 2014 09:08:53 nmf.py[line:109]                            INFO Iter: 14	 Loss: 1295.06674259	 Delta: 46.4591426186

Tue, 30 Dec 2014 09:08:54 nmf.py[line:109]                            INFO Iter: 15	 Loss: 1260.94283712	 Delta: 34.1239054676

Tue, 30 Dec 2014 09:08:54 nmf.py[line:109]                            INFO Iter: 16	 Loss: 1235.16595832	 Delta: 25.7768787969

Tue, 30 Dec 2014 09:08:54 nmf.py[line:109]                            INFO Iter: 17	 Loss: 1214.04057078	 Delta: 21.1253875395

Tue, 30 Dec 2014 09:08:55 nmf.py[line:109]                            INFO Iter: 18	 Loss: 1195.76335153	 Delta: 18.2772192563

Tue, 30 Dec 2014 09:08:55 nmf.py[line:109]                            INFO Iter: 19	 Loss: 1178.78670969	 Delta: 16.9766418409

Tue, 30 Dec 2014 09:08:55 nmf.py[line:109]                            INFO Iter: 20	 Loss: 1162.51256509	 Delta: 16.2741445971

Tue, 30 Dec 2014 09:08:56 nmf.py[line:109]                            INFO Iter: 21	 Loss: 1146.68956258	 Delta: 15.8230025098

Tue, 30 Dec 2014 09:08:56 nmf.py[line:109]                            INFO Iter: 22	 Loss: 1131.94446744	 Delta: 14.745095135

Tue, 30 Dec 2014 09:08:56 nmf.py[line:109]                            INFO Iter: 23	 Loss: 1119.2283862	 Delta: 12.7160812428

Tue, 30 Dec 2014 09:08:57 nmf.py[line:109]                            INFO Iter: 24	 Loss: 1107.65411064	 Delta: 11.5742755626

Tue, 30 Dec 2014 09:08:57 nmf.py[line:109]                            INFO Iter: 25	 Loss: 1096.51625594	 Delta: 11.1378547027

Tue, 30 Dec 2014 09:08:57 nmf.py[line:109]                            INFO Iter: 26	 Loss: 1085.59026748	 Delta: 10.9259884589

Tue, 30 Dec 2014 09:08:58 nmf.py[line:109]                            INFO Iter: 27	 Loss: 1074.78404867	 Delta: 10.8062188071

Tue, 30 Dec 2014 09:08:58 nmf.py[line:109]                            INFO Iter: 28	 Loss: 1064.15385112	 Delta: 10.6301975503

Tue, 30 Dec 2014 09:08:58 nmf.py[line:109]                            INFO Iter: 29	 Loss: 1055.03774357	 Delta: 9.11610754558

Tue, 30 Dec 2014 09:08:58 nmf.py[line:109]                            INFO Iter: 30	 Loss: 1047.6198588	 Delta: 7.41788477512

Tue, 30 Dec 2014 09:08:59 nmf.py[line:109]                            INFO Iter: 31	 Loss: 1041.24464316	 Delta: 6.37521564054

Tue, 30 Dec 2014 09:08:59 nmf.py[line:109]                            INFO Iter: 32	 Loss: 1035.17011906	 Delta: 6.07452409428

Tue, 30 Dec 2014 09:08:59 nmf.py[line:109]                            INFO Iter: 33	 Loss: 1029.88493553	 Delta: 5.28518353425

Tue, 30 Dec 2014 09:09:00 nmf.py[line:109]                            INFO Iter: 34	 Loss: 1025.42234757	 Delta: 4.46258796351

Tue, 30 Dec 2014 09:09:00 nmf.py[line:109]                            INFO Iter: 35	 Loss: 1021.59244021	 Delta: 3.82990735249

Tue, 30 Dec 2014 09:09:00 nmf.py[line:109]                            INFO Iter: 36	 Loss: 1018.25074867	 Delta: 3.34169154277

Tue, 30 Dec 2014 09:09:00 nmf.py[line:109]                            INFO Iter: 37	 Loss: 1015.09814116	 Delta: 3.15260750923

Tue, 30 Dec 2014 09:09:01 nmf.py[line:109]                            INFO Iter: 38	 Loss: 1011.98860793	 Delta: 3.10953323644

Tue, 30 Dec 2014 09:09:01 nmf.py[line:109]                            INFO Iter: 39	 Loss: 1008.93611915	 Delta: 3.0524887766

Tue, 30 Dec 2014 09:09:01 nmf.py[line:109]                            INFO Iter: 40	 Loss: 1005.87934592	 Delta: 3.0567732308

Tue, 30 Dec 2014 09:09:02 nmf.py[line:109]                            INFO Iter: 41	 Loss: 1003.00913741	 Delta: 2.87020850735

Tue, 30 Dec 2014 09:09:02 nmf.py[line:109]                            INFO Iter: 42	 Loss: 1000.59409838	 Delta: 2.41503902845

Tue, 30 Dec 2014 09:09:02 nmf.py[line:109]                            INFO Iter: 43	 Loss: 998.466532512	 Delta: 2.12756587017

Tue, 30 Dec 2014 09:09:02 nmf.py[line:109]                            INFO Iter: 44	 Loss: 996.552359175	 Delta: 1.91417333688

Tue, 30 Dec 2014 09:09:03 nmf.py[line:109]                            INFO Iter: 45	 Loss: 994.802706236	 Delta: 1.74965293952

Tue, 30 Dec 2014 09:09:03 nmf.py[line:109]                            INFO Iter: 46	 Loss: 992.984633827	 Delta: 1.81807240931

Tue, 30 Dec 2014 09:09:03 nmf.py[line:109]                            INFO Iter: 47	 Loss: 990.935708681	 Delta: 2.04892514548

Tue, 30 Dec 2014 09:09:03 nmf.py[line:109]                            INFO Iter: 48	 Loss: 988.950624036	 Delta: 1.98508464499

Tue, 30 Dec 2014 09:09:04 nmf.py[line:109]                            INFO Iter: 49	 Loss: 987.220247616	 Delta: 1.73037642044

Tue, 30 Dec 2014 09:09:04 nmf.py[line:109]                            INFO Iter: 50	 Loss: 985.829914399	 Delta: 1.39033321631

Tue, 30 Dec 2014 09:09:04 nmf.py[line:109]                            INFO Iter: 51	 Loss: 984.777773095	 Delta: 1.05214130439

Tue, 30 Dec 2014 09:09:04 nmf.py[line:109]                            INFO Iter: 52	 Loss: 983.841806747	 Delta: 0.935966347843

Tue, 30 Dec 2014 09:09:04 nmf.py[line:113]                            INFO NMF OK
Tue, 30 Dec 2014 09:09:04 demo_dynamic_user_item_num.py[line:175]                            INFO [ok]

Tue, 30 Dec 2014 09:09:04 demo_dynamic_user_item_num.py[line:177]                            INFO 	 fold_id:0

Tue, 30 Dec 2014 09:09:04 demo_dynamic_user_item_num.py[line:179]                            INFO 	recall at 10:
Tue, 30 Dec 2014 09:09:09 demo_dynamic_user_item_num.py[line:207]                            INFO 		t-model NMF :  0.302009537594

Tue, 30 Dec 2014 09:09:09 demo_dynamic_user_item_num.py[line:208]                            INFO 		f-model NMF :  0.260525161522

Tue, 30 Dec 2014 09:09:09 demo_dynamic_user_item_num.py[line:209]                            INFO 		JPPCF :  0.273551578519

Tue, 30 Dec 2014 09:09:09 demo_dynamic_user_item_num.py[line:179]                            INFO 	recall at 50:
Tue, 30 Dec 2014 09:09:15 demo_dynamic_user_item_num.py[line:207]                            INFO 		t-model NMF :  0.514044756799

Tue, 30 Dec 2014 09:09:15 demo_dynamic_user_item_num.py[line:208]                            INFO 		f-model NMF :  0.480383260246

Tue, 30 Dec 2014 09:09:15 demo_dynamic_user_item_num.py[line:209]                            INFO 		JPPCF :  0.485228590098

Tue, 30 Dec 2014 09:09:15 demo_dynamic_user_item_num.py[line:179]                            INFO 	recall at 100:
Tue, 30 Dec 2014 09:09:20 demo_dynamic_user_item_num.py[line:207]                            INFO 		t-model NMF :  0.622647904302

Tue, 30 Dec 2014 09:09:20 demo_dynamic_user_item_num.py[line:208]                            INFO 		f-model NMF :  0.584648344931

Tue, 30 Dec 2014 09:09:20 demo_dynamic_user_item_num.py[line:209]                            INFO 		JPPCF :  0.591722071498

Tue, 30 Dec 2014 09:09:20 demo_dynamic_user_item_num.py[line:179]                            INFO 	recall at 300:
Tue, 30 Dec 2014 09:09:26 demo_dynamic_user_item_num.py[line:207]                            INFO 		t-model NMF :  0.788054119413

Tue, 30 Dec 2014 09:09:26 demo_dynamic_user_item_num.py[line:208]                            INFO 		f-model NMF :  0.781524086213

Tue, 30 Dec 2014 09:09:26 demo_dynamic_user_item_num.py[line:209]                            INFO 		JPPCF :  0.74522620963

Tue, 30 Dec 2014 09:09:26 demo_dynamic_user_item_num.py[line:179]                            INFO 	recall at 500:
Tue, 30 Dec 2014 09:09:31 demo_dynamic_user_item_num.py[line:207]                            INFO 		t-model NMF :  0.843658430217

Tue, 30 Dec 2014 09:09:31 demo_dynamic_user_item_num.py[line:208]                            INFO 		f-model NMF :  0.87727466778

Tue, 30 Dec 2014 09:09:31 demo_dynamic_user_item_num.py[line:209]                            INFO 		JPPCF :  0.811161974152

Tue, 30 Dec 2014 09:09:31 demo_dynamic_user_item_num.py[line:179]                            INFO 	recall at 1000:
Tue, 30 Dec 2014 09:09:38 demo_dynamic_user_item_num.py[line:207]                            INFO 		t-model NMF :  0.892437591777

Tue, 30 Dec 2014 09:09:38 demo_dynamic_user_item_num.py[line:208]                            INFO 		f-model NMF :  0.952931613174

Tue, 30 Dec 2014 09:09:38 demo_dynamic_user_item_num.py[line:209]                            INFO 		JPPCF :  0.908326181894

Tue, 30 Dec 2014 09:09:38 demo_dynamic_user_item_num.py[line:211]                            INFO current_time_step: 3

Tue, 30 Dec 2014 09:09:38 demo_dynamic_user_item_num.py[line:214]                            INFO 	recall at 10:
Tue, 30 Dec 2014 09:09:38 demo_dynamic_user_item_num.py[line:218]                            INFO 		avg t-model NMF :  0.302009537594

Tue, 30 Dec 2014 09:09:38 demo_dynamic_user_item_num.py[line:219]                            INFO 		avg f-model NMF :  0.260525161522

Tue, 30 Dec 2014 09:09:38 demo_dynamic_user_item_num.py[line:220]                            INFO 		avg JPPCF :  0.273551578519

Tue, 30 Dec 2014 09:09:38 demo_dynamic_user_item_num.py[line:214]                            INFO 	recall at 50:
Tue, 30 Dec 2014 09:09:38 demo_dynamic_user_item_num.py[line:218]                            INFO 		avg t-model NMF :  0.514044756799

Tue, 30 Dec 2014 09:09:38 demo_dynamic_user_item_num.py[line:219]                            INFO 		avg f-model NMF :  0.480383260246

Tue, 30 Dec 2014 09:09:38 demo_dynamic_user_item_num.py[line:220]                            INFO 		avg JPPCF :  0.485228590098

Tue, 30 Dec 2014 09:09:38 demo_dynamic_user_item_num.py[line:214]                            INFO 	recall at 100:
Tue, 30 Dec 2014 09:09:38 demo_dynamic_user_item_num.py[line:218]                            INFO 		avg t-model NMF :  0.622647904302

Tue, 30 Dec 2014 09:09:38 demo_dynamic_user_item_num.py[line:219]                            INFO 		avg f-model NMF :  0.584648344931

Tue, 30 Dec 2014 09:09:38 demo_dynamic_user_item_num.py[line:220]                            INFO 		avg JPPCF :  0.591722071498

Tue, 30 Dec 2014 09:09:38 demo_dynamic_user_item_num.py[line:214]                            INFO 	recall at 300:
Tue, 30 Dec 2014 09:09:38 demo_dynamic_user_item_num.py[line:218]                            INFO 		avg t-model NMF :  0.788054119413

Tue, 30 Dec 2014 09:09:38 demo_dynamic_user_item_num.py[line:219]                            INFO 		avg f-model NMF :  0.781524086213

Tue, 30 Dec 2014 09:09:38 demo_dynamic_user_item_num.py[line:220]                            INFO 		avg JPPCF :  0.74522620963

Tue, 30 Dec 2014 09:09:38 demo_dynamic_user_item_num.py[line:214]                            INFO 	recall at 500:
Tue, 30 Dec 2014 09:09:38 demo_dynamic_user_item_num.py[line:218]                            INFO 		avg t-model NMF :  0.843658430217

Tue, 30 Dec 2014 09:09:38 demo_dynamic_user_item_num.py[line:219]                            INFO 		avg f-model NMF :  0.87727466778

Tue, 30 Dec 2014 09:09:38 demo_dynamic_user_item_num.py[line:220]                            INFO 		avg JPPCF :  0.811161974152

Tue, 30 Dec 2014 09:09:38 demo_dynamic_user_item_num.py[line:214]                            INFO 	recall at 1000:
Tue, 30 Dec 2014 09:09:38 demo_dynamic_user_item_num.py[line:218]                            INFO 		avg t-model NMF :  0.892437591777

Tue, 30 Dec 2014 09:09:38 demo_dynamic_user_item_num.py[line:219]                            INFO 		avg f-model NMF :  0.952931613174

Tue, 30 Dec 2014 09:09:38 demo_dynamic_user_item_num.py[line:220]                            INFO 		avg JPPCF :  0.908326181894

Tue, 30 Dec 2014 09:09:38 demo_dynamic_user_item_num.py[line:234]                            INFO =========================

Tue, 30 Dec 2014 09:09:38 demo_dynamic_user_item_num.py[line:117]                            INFO 
=========================

Tue, 30 Dec 2014 09:09:38 demo_dynamic_user_item_num.py[line:118]                            INFO time_step number %i:	4
Tue, 30 Dec 2014 09:09:38 demo_dynamic_user_item_num.py[line:119]                            INFO ----------------

Tue, 30 Dec 2014 09:09:38 demo_dynamic_user_item_num.py[line:142]                            INFO non zero cell num: 2707
Tue, 30 Dec 2014 09:09:38 demo_dynamic_user_item_num.py[line:144]                            INFO computing JPP decomposition...
Tue, 30 Dec 2014 09:09:40 JPPCF.py[line:86]                            INFO Iter: 1	 Loss: 5419.91984117	 Delta: 994580.080159

Tue, 30 Dec 2014 09:09:41 JPPCF.py[line:86]                            INFO Iter: 2	 Loss: 5280.89893417	 Delta: 139.020906999

Tue, 30 Dec 2014 09:09:42 JPPCF.py[line:86]                            INFO Iter: 3	 Loss: 3886.84492289	 Delta: 1394.05401128

Tue, 30 Dec 2014 09:09:43 JPPCF.py[line:86]                            INFO Iter: 4	 Loss: 2728.16488151	 Delta: 1158.68004138

Tue, 30 Dec 2014 09:09:45 JPPCF.py[line:86]                            INFO Iter: 5	 Loss: 1955.06833081	 Delta: 773.096550701

Tue, 30 Dec 2014 09:09:46 JPPCF.py[line:86]                            INFO Iter: 6	 Loss: 1518.01302841	 Delta: 437.0553024

Tue, 30 Dec 2014 09:09:48 JPPCF.py[line:86]                            INFO Iter: 7	 Loss: 1253.61488238	 Delta: 264.398146023

Tue, 30 Dec 2014 09:09:49 JPPCF.py[line:86]                            INFO Iter: 8	 Loss: 1087.86632608	 Delta: 165.748556305

Tue, 30 Dec 2014 09:09:50 JPPCF.py[line:86]                            INFO Iter: 9	 Loss: 960.039164474	 Delta: 127.827161605

Tue, 30 Dec 2014 09:09:52 JPPCF.py[line:86]                            INFO Iter: 10	 Loss: 863.457331778	 Delta: 96.5818326966

Tue, 30 Dec 2014 09:09:53 JPPCF.py[line:86]                            INFO Iter: 11	 Loss: 792.386559677	 Delta: 71.0707721006

Tue, 30 Dec 2014 09:09:55 JPPCF.py[line:86]                            INFO Iter: 12	 Loss: 741.697479548	 Delta: 50.6890801297

Tue, 30 Dec 2014 09:09:56 JPPCF.py[line:86]                            INFO Iter: 13	 Loss: 699.226575445	 Delta: 42.4709041026

Tue, 30 Dec 2014 09:09:58 JPPCF.py[line:86]                            INFO Iter: 14	 Loss: 665.810562843	 Delta: 33.4160126022

Tue, 30 Dec 2014 09:10:00 JPPCF.py[line:86]                            INFO Iter: 15	 Loss: 637.012329294	 Delta: 28.7982335483

Tue, 30 Dec 2014 09:10:02 JPPCF.py[line:86]                            INFO Iter: 16	 Loss: 611.427750613	 Delta: 25.5845786818

Tue, 30 Dec 2014 09:10:03 JPPCF.py[line:86]                            INFO Iter: 17	 Loss: 586.343507554	 Delta: 25.084243059

Tue, 30 Dec 2014 09:10:05 JPPCF.py[line:86]                            INFO Iter: 18	 Loss: 566.173169355	 Delta: 20.1703381991

Tue, 30 Dec 2014 09:10:07 JPPCF.py[line:86]                            INFO Iter: 19	 Loss: 548.901837355	 Delta: 17.2713319998

Tue, 30 Dec 2014 09:10:09 JPPCF.py[line:86]                            INFO Iter: 20	 Loss: 531.97769463	 Delta: 16.9241427247

Tue, 30 Dec 2014 09:10:10 JPPCF.py[line:86]                            INFO Iter: 21	 Loss: 517.311406771	 Delta: 14.6662878593

Tue, 30 Dec 2014 09:10:12 JPPCF.py[line:86]                            INFO Iter: 22	 Loss: 505.605722982	 Delta: 11.7056837889

Tue, 30 Dec 2014 09:10:14 JPPCF.py[line:86]                            INFO Iter: 23	 Loss: 495.332931589	 Delta: 10.2727913929

Tue, 30 Dec 2014 09:10:16 JPPCF.py[line:86]                            INFO Iter: 24	 Loss: 486.373221829	 Delta: 8.95970976016

Tue, 30 Dec 2014 09:10:18 JPPCF.py[line:86]                            INFO Iter: 25	 Loss: 478.596362653	 Delta: 7.77685917601

Tue, 30 Dec 2014 09:10:20 JPPCF.py[line:86]                            INFO Iter: 26	 Loss: 473.476446164	 Delta: 5.11991648873

Tue, 30 Dec 2014 09:10:22 JPPCF.py[line:86]                            INFO Iter: 27	 Loss: 468.437764506	 Delta: 5.03868165853

Tue, 30 Dec 2014 09:10:23 JPPCF.py[line:86]                            INFO Iter: 28	 Loss: 459.666627341	 Delta: 8.77113716485

Tue, 30 Dec 2014 09:10:25 JPPCF.py[line:86]                            INFO Iter: 29	 Loss: 451.405446459	 Delta: 8.26118088147

Tue, 30 Dec 2014 09:10:27 JPPCF.py[line:86]                            INFO Iter: 30	 Loss: 448.047563697	 Delta: 3.35788276197

Tue, 30 Dec 2014 09:10:29 JPPCF.py[line:86]                            INFO Iter: 31	 Loss: 444.760465305	 Delta: 3.28709839231

Tue, 30 Dec 2014 09:10:31 JPPCF.py[line:86]                            INFO Iter: 32	 Loss: 440.34771593	 Delta: 4.41274937537

Tue, 30 Dec 2014 09:10:33 JPPCF.py[line:86]                            INFO Iter: 33	 Loss: 435.942866512	 Delta: 4.40484941754

Tue, 30 Dec 2014 09:10:35 JPPCF.py[line:86]                            INFO Iter: 34	 Loss: 431.849177411	 Delta: 4.09368910137

Tue, 30 Dec 2014 09:10:37 JPPCF.py[line:86]                            INFO Iter: 35	 Loss: 428.964536322	 Delta: 2.88464108916

Tue, 30 Dec 2014 09:10:39 JPPCF.py[line:86]                            INFO Iter: 36	 Loss: 426.754271254	 Delta: 2.21026506758

Tue, 30 Dec 2014 09:10:41 JPPCF.py[line:86]                            INFO Iter: 37	 Loss: 424.78860267	 Delta: 1.96566858368

Tue, 30 Dec 2014 09:10:43 JPPCF.py[line:86]                            INFO Iter: 38	 Loss: 422.564545955	 Delta: 2.22405671524

Tue, 30 Dec 2014 09:10:45 JPPCF.py[line:86]                            INFO Iter: 39	 Loss: 419.675434374	 Delta: 2.88911158114

Tue, 30 Dec 2014 09:10:47 JPPCF.py[line:86]                            INFO Iter: 40	 Loss: 415.112565855	 Delta: 4.56286851902

Tue, 30 Dec 2014 09:10:49 JPPCF.py[line:86]                            INFO Iter: 41	 Loss: 410.635227552	 Delta: 4.47733830272

Tue, 30 Dec 2014 09:10:51 JPPCF.py[line:86]                            INFO Iter: 42	 Loss: 406.970537657	 Delta: 3.66468989549

Tue, 30 Dec 2014 09:10:53 JPPCF.py[line:86]                            INFO Iter: 43	 Loss: 404.259014551	 Delta: 2.7115231057

Tue, 30 Dec 2014 09:10:54 JPPCF.py[line:86]                            INFO Iter: 44	 Loss: 402.478112948	 Delta: 1.78090160281

Tue, 30 Dec 2014 09:10:56 JPPCF.py[line:86]                            INFO Iter: 45	 Loss: 400.831731556	 Delta: 1.64638139232

Tue, 30 Dec 2014 09:10:58 JPPCF.py[line:86]                            INFO Iter: 46	 Loss: 399.513477365	 Delta: 1.31825419128

Tue, 30 Dec 2014 09:11:00 JPPCF.py[line:86]                            INFO Iter: 47	 Loss: 397.89489149	 Delta: 1.6185858742

Tue, 30 Dec 2014 09:11:02 JPPCF.py[line:86]                            INFO Iter: 48	 Loss: 396.440503495	 Delta: 1.45438799495

Tue, 30 Dec 2014 09:11:04 JPPCF.py[line:86]                            INFO Iter: 49	 Loss: 394.366196102	 Delta: 2.07430739327

Tue, 30 Dec 2014 09:11:06 JPPCF.py[line:86]                            INFO Iter: 50	 Loss: 392.195705696	 Delta: 2.17049040644

Tue, 30 Dec 2014 09:11:08 JPPCF.py[line:86]                            INFO Iter: 51	 Loss: 389.830776249	 Delta: 2.36492944677

Tue, 30 Dec 2014 09:11:10 JPPCF.py[line:86]                            INFO Iter: 52	 Loss: 387.388843391	 Delta: 2.44193285821

Tue, 30 Dec 2014 09:11:12 JPPCF.py[line:86]                            INFO Iter: 53	 Loss: 383.612501691	 Delta: 3.77634169976

Tue, 30 Dec 2014 09:11:14 JPPCF.py[line:86]                            INFO Iter: 54	 Loss: 379.079612078	 Delta: 4.53288961252

Tue, 30 Dec 2014 09:11:16 JPPCF.py[line:86]                            INFO Iter: 55	 Loss: 376.101889904	 Delta: 2.97772217473

Tue, 30 Dec 2014 09:11:17 JPPCF.py[line:86]                            INFO Iter: 56	 Loss: 374.754957251	 Delta: 1.34693265221

Tue, 30 Dec 2014 09:11:19 JPPCF.py[line:86]                            INFO Iter: 57	 Loss: 374.432127668	 Delta: 0.322829583496

Tue, 30 Dec 2014 09:11:19 JPPCF.py[line:88]                            INFO JPPCF OK

Tue, 30 Dec 2014 09:11:20 demo_dynamic_user_item_num.py[line:153]                            INFO [ok]
computing t-model NMF decomposition...
Tue, 30 Dec 2014 09:11:20 nmf.py[line:109]                            INFO Iter: 1	 Loss: 2718.11284219	 Delta: 997281.887158

Tue, 30 Dec 2014 09:11:20 nmf.py[line:109]                            INFO Iter: 2	 Loss: 2629.52535896	 Delta: 88.5874832288

Tue, 30 Dec 2014 09:11:21 nmf.py[line:109]                            INFO Iter: 3	 Loss: 2443.73586852	 Delta: 185.789490446

Tue, 30 Dec 2014 09:11:21 nmf.py[line:109]                            INFO Iter: 4	 Loss: 2049.17004035	 Delta: 394.565828166

Tue, 30 Dec 2014 09:11:21 nmf.py[line:109]                            INFO Iter: 5	 Loss: 1680.42790383	 Delta: 368.742136518

Tue, 30 Dec 2014 09:11:21 nmf.py[line:109]                            INFO Iter: 6	 Loss: 1400.8144928	 Delta: 279.61341103

Tue, 30 Dec 2014 09:11:22 nmf.py[line:109]                            INFO Iter: 7	 Loss: 1217.70156735	 Delta: 183.112925448

Tue, 30 Dec 2014 09:11:22 nmf.py[line:109]                            INFO Iter: 8	 Loss: 1105.49444255	 Delta: 112.207124805

Tue, 30 Dec 2014 09:11:23 nmf.py[line:109]                            INFO Iter: 9	 Loss: 1026.37104809	 Delta: 79.123394457

Tue, 30 Dec 2014 09:11:23 nmf.py[line:109]                            INFO Iter: 10	 Loss: 968.222543866	 Delta: 58.1485042262

Tue, 30 Dec 2014 09:11:24 nmf.py[line:109]                            INFO Iter: 11	 Loss: 925.472600173	 Delta: 42.7499436927

Tue, 30 Dec 2014 09:11:24 nmf.py[line:109]                            INFO Iter: 12	 Loss: 889.202631675	 Delta: 36.2699684976

Tue, 30 Dec 2014 09:11:25 nmf.py[line:109]                            INFO Iter: 13	 Loss: 859.643738947	 Delta: 29.5588927282

Tue, 30 Dec 2014 09:11:25 nmf.py[line:109]                            INFO Iter: 14	 Loss: 836.386062419	 Delta: 23.2576765277

Tue, 30 Dec 2014 09:11:26 nmf.py[line:109]                            INFO Iter: 15	 Loss: 818.727371134	 Delta: 17.6586912856

Tue, 30 Dec 2014 09:11:26 nmf.py[line:109]                            INFO Iter: 16	 Loss: 805.19695104	 Delta: 13.5304200941

Tue, 30 Dec 2014 09:11:26 nmf.py[line:109]                            INFO Iter: 17	 Loss: 793.349906268	 Delta: 11.8470447717

Tue, 30 Dec 2014 09:11:27 nmf.py[line:109]                            INFO Iter: 18	 Loss: 781.929440182	 Delta: 11.4204660863

Tue, 30 Dec 2014 09:11:27 nmf.py[line:109]                            INFO Iter: 19	 Loss: 772.302431519	 Delta: 9.62700866248

Tue, 30 Dec 2014 09:11:28 nmf.py[line:109]                            INFO Iter: 20	 Loss: 765.23101216	 Delta: 7.07141935957

Tue, 30 Dec 2014 09:11:28 nmf.py[line:109]                            INFO Iter: 21	 Loss: 759.93540332	 Delta: 5.29560883938

Tue, 30 Dec 2014 09:11:29 nmf.py[line:109]                            INFO Iter: 22	 Loss: 755.564030146	 Delta: 4.37137317417

Tue, 30 Dec 2014 09:11:29 nmf.py[line:109]                            INFO Iter: 23	 Loss: 751.51838956	 Delta: 4.04564058569

Tue, 30 Dec 2014 09:11:29 nmf.py[line:109]                            INFO Iter: 24	 Loss: 747.586131759	 Delta: 3.93225780171

Tue, 30 Dec 2014 09:11:30 nmf.py[line:109]                            INFO Iter: 25	 Loss: 743.145370721	 Delta: 4.44076103723

Tue, 30 Dec 2014 09:11:30 nmf.py[line:109]                            INFO Iter: 26	 Loss: 738.025040062	 Delta: 5.1203306592

Tue, 30 Dec 2014 09:11:31 nmf.py[line:109]                            INFO Iter: 27	 Loss: 732.898691901	 Delta: 5.12634816164

Tue, 30 Dec 2014 09:11:31 nmf.py[line:109]                            INFO Iter: 28	 Loss: 729.093697856	 Delta: 3.80499404468

Tue, 30 Dec 2014 09:11:31 nmf.py[line:109]                            INFO Iter: 29	 Loss: 726.276502537	 Delta: 2.81719531902

Tue, 30 Dec 2014 09:11:32 nmf.py[line:109]                            INFO Iter: 30	 Loss: 723.859390857	 Delta: 2.41711167977

Tue, 30 Dec 2014 09:11:32 nmf.py[line:109]                            INFO Iter: 31	 Loss: 721.523427308	 Delta: 2.33596354875

Tue, 30 Dec 2014 09:11:33 nmf.py[line:109]                            INFO Iter: 32	 Loss: 719.879824224	 Delta: 1.64360308429

Tue, 30 Dec 2014 09:11:33 nmf.py[line:109]                            INFO Iter: 33	 Loss: 718.570454735	 Delta: 1.30936948951

Tue, 30 Dec 2014 09:11:33 nmf.py[line:109]                            INFO Iter: 34	 Loss: 717.291307389	 Delta: 1.27914734522

Tue, 30 Dec 2014 09:11:34 nmf.py[line:109]                            INFO Iter: 35	 Loss: 716.068378374	 Delta: 1.22292901532

Tue, 30 Dec 2014 09:11:34 nmf.py[line:109]                            INFO Iter: 36	 Loss: 714.936310249	 Delta: 1.13206812553

Tue, 30 Dec 2014 09:11:34 nmf.py[line:109]                            INFO Iter: 37	 Loss: 713.953353318	 Delta: 0.982956930608

Tue, 30 Dec 2014 09:11:34 nmf.py[line:113]                            INFO NMF OK
Tue, 30 Dec 2014 09:11:35 demo_dynamic_user_item_num.py[line:159]                            INFO [ok]
computing fix_model NMF decomposition...
Tue, 30 Dec 2014 09:11:35 demo_dynamic_user_item_num.py[line:169]                            INFO non zero cell num: 7728
Tue, 30 Dec 2014 09:11:35 nmf.py[line:109]                            INFO Iter: 1	 Loss: 7781.97739868	 Delta: 992218.022601

Tue, 30 Dec 2014 09:11:35 nmf.py[line:109]                            INFO Iter: 2	 Loss: 7505.59735066	 Delta: 276.380048017

Tue, 30 Dec 2014 09:11:36 nmf.py[line:109]                            INFO Iter: 3	 Loss: 7204.04195178	 Delta: 301.555398886

Tue, 30 Dec 2014 09:11:36 nmf.py[line:109]                            INFO Iter: 4	 Loss: 6426.31257093	 Delta: 777.729380847

Tue, 30 Dec 2014 09:11:36 nmf.py[line:109]                            INFO Iter: 5	 Loss: 5443.65924953	 Delta: 982.653321397

Tue, 30 Dec 2014 09:11:37 nmf.py[line:109]                            INFO Iter: 6	 Loss: 4720.12701609	 Delta: 723.532233444

Tue, 30 Dec 2014 09:11:37 nmf.py[line:109]                            INFO Iter: 7	 Loss: 4208.01036425	 Delta: 512.11665184

Tue, 30 Dec 2014 09:11:37 nmf.py[line:109]                            INFO Iter: 8	 Loss: 3844.40660613	 Delta: 363.603758121

Tue, 30 Dec 2014 09:11:38 nmf.py[line:109]                            INFO Iter: 9	 Loss: 3577.51046863	 Delta: 266.896137499

Tue, 30 Dec 2014 09:11:38 nmf.py[line:109]                            INFO Iter: 10	 Loss: 3374.95663883	 Delta: 202.553829798

Tue, 30 Dec 2014 09:11:38 nmf.py[line:109]                            INFO Iter: 11	 Loss: 3210.77803361	 Delta: 164.178605222

Tue, 30 Dec 2014 09:11:39 nmf.py[line:109]                            INFO Iter: 12	 Loss: 3077.88434147	 Delta: 132.89369214

Tue, 30 Dec 2014 09:11:39 nmf.py[line:109]                            INFO Iter: 13	 Loss: 2968.12154669	 Delta: 109.762794781

Tue, 30 Dec 2014 09:11:40 nmf.py[line:109]                            INFO Iter: 14	 Loss: 2874.63371956	 Delta: 93.487827124

Tue, 30 Dec 2014 09:11:40 nmf.py[line:109]                            INFO Iter: 15	 Loss: 2794.47474071	 Delta: 80.1589788487

Tue, 30 Dec 2014 09:11:41 nmf.py[line:109]                            INFO Iter: 16	 Loss: 2728.47260178	 Delta: 66.0021389334

Tue, 30 Dec 2014 09:11:41 nmf.py[line:109]                            INFO Iter: 17	 Loss: 2673.46575387	 Delta: 55.0068479135

Tue, 30 Dec 2014 09:11:42 nmf.py[line:109]                            INFO Iter: 18	 Loss: 2627.88180805	 Delta: 45.5839458157

Tue, 30 Dec 2014 09:11:43 nmf.py[line:109]                            INFO Iter: 19	 Loss: 2590.97548092	 Delta: 36.9063271273

Tue, 30 Dec 2014 09:11:43 nmf.py[line:109]                            INFO Iter: 20	 Loss: 2560.77231482	 Delta: 30.2031661075

Tue, 30 Dec 2014 09:11:44 nmf.py[line:109]                            INFO Iter: 21	 Loss: 2535.32082797	 Delta: 25.4514868457

Tue, 30 Dec 2014 09:11:44 nmf.py[line:109]                            INFO Iter: 22	 Loss: 2513.23920642	 Delta: 22.0816215476

Tue, 30 Dec 2014 09:11:45 nmf.py[line:109]                            INFO Iter: 23	 Loss: 2493.69134415	 Delta: 19.547862277

Tue, 30 Dec 2014 09:11:45 nmf.py[line:109]                            INFO Iter: 24	 Loss: 2476.40266977	 Delta: 17.2886743719

Tue, 30 Dec 2014 09:11:46 nmf.py[line:109]                            INFO Iter: 25	 Loss: 2461.46143341	 Delta: 14.9412363657

Tue, 30 Dec 2014 09:11:46 nmf.py[line:109]                            INFO Iter: 26	 Loss: 2447.50651482	 Delta: 13.9549185849

Tue, 30 Dec 2014 09:11:47 nmf.py[line:109]                            INFO Iter: 27	 Loss: 2434.8716864	 Delta: 12.6348284257

Tue, 30 Dec 2014 09:11:47 nmf.py[line:109]                            INFO Iter: 28	 Loss: 2423.32841091	 Delta: 11.5432754882

Tue, 30 Dec 2014 09:11:48 nmf.py[line:109]                            INFO Iter: 29	 Loss: 2412.7656486	 Delta: 10.5627623051

Tue, 30 Dec 2014 09:11:49 nmf.py[line:109]                            INFO Iter: 30	 Loss: 2403.72425554	 Delta: 9.04139306837

Tue, 30 Dec 2014 09:11:49 nmf.py[line:109]                            INFO Iter: 31	 Loss: 2395.65794646	 Delta: 8.06630907385

