Tue, 30 Dec 2014 09:07:15 demo_dynamic_user_item_num.py[line:97]                            INFO user num: 3386

Tue, 30 Dec 2014 09:07:15 demo_dynamic_user_item_num.py[line:98]                            INFO doc num: 7695

Tue, 30 Dec 2014 09:07:15 demo_dynamic_user_item_num.py[line:99]                            INFO time step num: 20

Tue, 30 Dec 2014 09:07:15 demo_dynamic_user_item_num.py[line:106]                            INFO non zero cell num: 1338
Tue, 30 Dec 2014 09:07:15 demo_dynamic_user_item_num.py[line:107]                            INFO start nmf:

Tue, 30 Dec 2014 09:07:15 nmf.py[line:109]                            INFO Iter: 1	 Loss: 1354.38726999	 Delta: 998645.61273

Tue, 30 Dec 2014 09:07:15 nmf.py[line:109]                            INFO Iter: 2	 Loss: 1197.14423707	 Delta: 157.243032912

Tue, 30 Dec 2014 09:07:15 nmf.py[line:109]                            INFO Iter: 3	 Loss: 1065.26222055	 Delta: 131.882016529

Tue, 30 Dec 2014 09:07:15 nmf.py[line:109]                            INFO Iter: 4	 Loss: 832.830168438	 Delta: 232.432052108

Tue, 30 Dec 2014 09:07:15 nmf.py[line:109]                            INFO Iter: 5	 Loss: 626.454591458	 Delta: 206.37557698

Tue, 30 Dec 2014 09:07:15 nmf.py[line:109]                            INFO Iter: 6	 Loss: 482.083232842	 Delta: 144.371358616

Tue, 30 Dec 2014 09:07:16 nmf.py[line:109]                            INFO Iter: 7	 Loss: 387.191127681	 Delta: 94.8921051608

Tue, 30 Dec 2014 09:07:16 nmf.py[line:109]                            INFO Iter: 8	 Loss: 325.779327086	 Delta: 61.4118005954

Tue, 30 Dec 2014 09:07:16 nmf.py[line:109]                            INFO Iter: 9	 Loss: 279.713892892	 Delta: 46.0654341939

Tue, 30 Dec 2014 09:07:16 nmf.py[line:109]                            INFO Iter: 10	 Loss: 249.117470876	 Delta: 30.5964220157

Tue, 30 Dec 2014 09:07:16 nmf.py[line:109]                            INFO Iter: 11	 Loss: 224.472130017	 Delta: 24.6453408588

Tue, 30 Dec 2014 09:07:16 nmf.py[line:109]                            INFO Iter: 12	 Loss: 205.96184847	 Delta: 18.5102815476

Tue, 30 Dec 2014 09:07:16 nmf.py[line:109]                            INFO Iter: 13	 Loss: 191.108092125	 Delta: 14.8537563449

Tue, 30 Dec 2014 09:07:16 nmf.py[line:109]                            INFO Iter: 14	 Loss: 178.392504288	 Delta: 12.7155878373

Tue, 30 Dec 2014 09:07:16 nmf.py[line:109]                            INFO Iter: 15	 Loss: 169.042033032	 Delta: 9.35047125534

Tue, 30 Dec 2014 09:07:16 nmf.py[line:109]                            INFO Iter: 16	 Loss: 160.458663242	 Delta: 8.58336979012

Tue, 30 Dec 2014 09:07:16 nmf.py[line:109]                            INFO Iter: 17	 Loss: 154.409725832	 Delta: 6.04893741046

Tue, 30 Dec 2014 09:07:16 nmf.py[line:109]                            INFO Iter: 18	 Loss: 150.198973697	 Delta: 4.21075213452

Tue, 30 Dec 2014 09:07:16 nmf.py[line:109]                            INFO Iter: 19	 Loss: 146.943860502	 Delta: 3.25511319523

Tue, 30 Dec 2014 09:07:16 nmf.py[line:109]                            INFO Iter: 20	 Loss: 144.258010125	 Delta: 2.68585037678

Tue, 30 Dec 2014 09:07:16 nmf.py[line:109]                            INFO Iter: 21	 Loss: 141.925627107	 Delta: 2.3323830183

Tue, 30 Dec 2014 09:07:16 nmf.py[line:109]                            INFO Iter: 22	 Loss: 139.873111038	 Delta: 2.05251606879

Tue, 30 Dec 2014 09:07:16 nmf.py[line:109]                            INFO Iter: 23	 Loss: 137.962213055	 Delta: 1.91089798305

Tue, 30 Dec 2014 09:07:17 nmf.py[line:109]                            INFO Iter: 24	 Loss: 135.083608513	 Delta: 2.87860454153

Tue, 30 Dec 2014 09:07:17 nmf.py[line:109]                            INFO Iter: 25	 Loss: 131.507691851	 Delta: 3.57591666272

Tue, 30 Dec 2014 09:07:17 nmf.py[line:109]                            INFO Iter: 26	 Loss: 126.73828748	 Delta: 4.769404371

Tue, 30 Dec 2014 09:07:17 nmf.py[line:109]                            INFO Iter: 27	 Loss: 122.246302971	 Delta: 4.49198450896

Tue, 30 Dec 2014 09:07:17 nmf.py[line:109]                            INFO Iter: 28	 Loss: 118.375687286	 Delta: 3.87061568425

Tue, 30 Dec 2014 09:07:17 nmf.py[line:109]                            INFO Iter: 29	 Loss: 115.588022199	 Delta: 2.7876650872

Tue, 30 Dec 2014 09:07:17 nmf.py[line:109]                            INFO Iter: 30	 Loss: 113.350446523	 Delta: 2.23757567628

Tue, 30 Dec 2014 09:07:17 nmf.py[line:109]                            INFO Iter: 31	 Loss: 111.130812145	 Delta: 2.21963437771

Tue, 30 Dec 2014 09:07:17 nmf.py[line:109]                            INFO Iter: 32	 Loss: 109.389437809	 Delta: 1.74137433607

Tue, 30 Dec 2014 09:07:17 nmf.py[line:109]                            INFO Iter: 33	 Loss: 107.905570769	 Delta: 1.48386704018

Tue, 30 Dec 2014 09:07:17 nmf.py[line:109]                            INFO Iter: 34	 Loss: 106.510199966	 Delta: 1.39537080331

Tue, 30 Dec 2014 09:07:17 nmf.py[line:109]                            INFO Iter: 35	 Loss: 104.926654072	 Delta: 1.58354589411

Tue, 30 Dec 2014 09:07:17 nmf.py[line:109]                            INFO Iter: 36	 Loss: 103.689848839	 Delta: 1.23680523257

Tue, 30 Dec 2014 09:07:17 nmf.py[line:109]                            INFO Iter: 37	 Loss: 102.736373496	 Delta: 0.953475343183

Tue, 30 Dec 2014 09:07:17 nmf.py[line:113]                            INFO NMF OK
Tue, 30 Dec 2014 09:07:17 demo_dynamic_user_item_num.py[line:117]                            INFO 
=========================

Tue, 30 Dec 2014 09:07:17 demo_dynamic_user_item_num.py[line:118]                            INFO time_step number %i:	2
Tue, 30 Dec 2014 09:07:17 demo_dynamic_user_item_num.py[line:119]                            INFO ----------------

Tue, 30 Dec 2014 09:07:17 demo_dynamic_user_item_num.py[line:142]                            INFO non zero cell num: 1665
Tue, 30 Dec 2014 09:07:17 demo_dynamic_user_item_num.py[line:144]                            INFO computing JPP decomposition...
Tue, 30 Dec 2014 09:07:18 JPPCF.py[line:86]                            INFO Iter: 1	 Loss: 3307.32633752	 Delta: 996692.673662

Tue, 30 Dec 2014 09:07:18 JPPCF.py[line:86]                            INFO Iter: 2	 Loss: 3169.68391134	 Delta: 137.642426183

Tue, 30 Dec 2014 09:07:18 JPPCF.py[line:86]                            INFO Iter: 3	 Loss: 2275.13944121	 Delta: 894.544470127

Tue, 30 Dec 2014 09:07:19 JPPCF.py[line:86]                            INFO Iter: 4	 Loss: 1530.95158219	 Delta: 744.187859027

Tue, 30 Dec 2014 09:07:19 JPPCF.py[line:86]                            INFO Iter: 5	 Loss: 1092.66153776	 Delta: 438.290044423

Tue, 30 Dec 2014 09:07:19 JPPCF.py[line:86]                            INFO Iter: 6	 Loss: 881.019907134	 Delta: 211.641630628

Tue, 30 Dec 2014 09:07:20 JPPCF.py[line:86]                            INFO Iter: 7	 Loss: 740.52875948	 Delta: 140.491147654

Tue, 30 Dec 2014 09:07:20 JPPCF.py[line:86]                            INFO Iter: 8	 Loss: 642.836937166	 Delta: 97.6918223143

Tue, 30 Dec 2014 09:07:21 JPPCF.py[line:86]                            INFO Iter: 9	 Loss: 580.164489698	 Delta: 62.6724474678

Tue, 30 Dec 2014 09:07:21 JPPCF.py[line:86]                            INFO Iter: 10	 Loss: 537.358813763	 Delta: 42.8056759358

Tue, 30 Dec 2014 09:07:21 JPPCF.py[line:86]                            INFO Iter: 11	 Loss: 508.772360159	 Delta: 28.5864536033

Tue, 30 Dec 2014 09:07:21 JPPCF.py[line:86]                            INFO Iter: 12	 Loss: 485.997610419	 Delta: 22.7747497398

Tue, 30 Dec 2014 09:07:22 JPPCF.py[line:86]                            INFO Iter: 13	 Loss: 470.474709778	 Delta: 15.5229006414

Tue, 30 Dec 2014 09:07:22 JPPCF.py[line:86]                            INFO Iter: 14	 Loss: 459.605683394	 Delta: 10.8690263845

Tue, 30 Dec 2014 09:07:22 JPPCF.py[line:86]                            INFO Iter: 15	 Loss: 451.987402665	 Delta: 7.61828072866

Tue, 30 Dec 2014 09:07:23 JPPCF.py[line:86]                            INFO Iter: 16	 Loss: 447.949334896	 Delta: 4.03806776931

Tue, 30 Dec 2014 09:07:23 JPPCF.py[line:86]                            INFO Iter: 17	 Loss: 447.666778591	 Delta: 0.282556304904

Tue, 30 Dec 2014 09:07:23 JPPCF.py[line:88]                            INFO JPPCF OK

Tue, 30 Dec 2014 09:07:23 demo_dynamic_user_item_num.py[line:153]                            INFO [ok]
computing t-model NMF decomposition...
Tue, 30 Dec 2014 09:07:23 nmf.py[line:109]                            INFO Iter: 1	 Loss: 1678.6441533	 Delta: 998321.355847

Tue, 30 Dec 2014 09:07:23 nmf.py[line:109]                            INFO Iter: 2	 Loss: 1578.97022597	 Delta: 99.6739273288

Tue, 30 Dec 2014 09:07:24 nmf.py[line:109]                            INFO Iter: 3	 Loss: 1396.85971702	 Delta: 182.110508954

Tue, 30 Dec 2014 09:07:24 nmf.py[line:109]                            INFO Iter: 4	 Loss: 1073.53694066	 Delta: 323.322776359

Tue, 30 Dec 2014 09:07:24 nmf.py[line:109]                            INFO Iter: 5	 Loss: 830.36041053	 Delta: 243.176530132

Tue, 30 Dec 2014 09:07:24 nmf.py[line:109]                            INFO Iter: 6	 Loss: 677.603455521	 Delta: 152.756955009

Tue, 30 Dec 2014 09:07:24 nmf.py[line:109]                            INFO Iter: 7	 Loss: 582.060887106	 Delta: 95.5425684152

Tue, 30 Dec 2014 09:07:24 nmf.py[line:109]                            INFO Iter: 8	 Loss: 511.135580431	 Delta: 70.9253066747

Tue, 30 Dec 2014 09:07:24 nmf.py[line:109]                            INFO Iter: 9	 Loss: 453.742820889	 Delta: 57.3927595419

Tue, 30 Dec 2014 09:07:24 nmf.py[line:109]                            INFO Iter: 10	 Loss: 410.676285007	 Delta: 43.0665358817

Tue, 30 Dec 2014 09:07:25 nmf.py[line:109]                            INFO Iter: 11	 Loss: 377.324084199	 Delta: 33.3522008089

Tue, 30 Dec 2014 09:07:25 nmf.py[line:109]                            INFO Iter: 12	 Loss: 350.746743831	 Delta: 26.5773403676

Tue, 30 Dec 2014 09:07:25 nmf.py[line:109]                            INFO Iter: 13	 Loss: 327.734759417	 Delta: 23.0119844143

Tue, 30 Dec 2014 09:07:25 nmf.py[line:109]                            INFO Iter: 14	 Loss: 311.544488426	 Delta: 16.190270991

Tue, 30 Dec 2014 09:07:25 nmf.py[line:109]                            INFO Iter: 15	 Loss: 299.777965056	 Delta: 11.7665233694

Tue, 30 Dec 2014 09:07:26 nmf.py[line:109]                            INFO Iter: 16	 Loss: 289.079947667	 Delta: 10.6980173898

Tue, 30 Dec 2014 09:07:26 nmf.py[line:109]                            INFO Iter: 17	 Loss: 279.858904292	 Delta: 9.22104337479

Tue, 30 Dec 2014 09:07:26 nmf.py[line:109]                            INFO Iter: 18	 Loss: 272.325096319	 Delta: 7.53380797316

Tue, 30 Dec 2014 09:07:26 nmf.py[line:109]                            INFO Iter: 19	 Loss: 266.450152827	 Delta: 5.87494349137

Tue, 30 Dec 2014 09:07:26 nmf.py[line:109]                            INFO Iter: 20	 Loss: 261.596652596	 Delta: 4.85350023139

Tue, 30 Dec 2014 09:07:26 nmf.py[line:109]                            INFO Iter: 21	 Loss: 257.568341693	 Delta: 4.02831090318

Tue, 30 Dec 2014 09:07:26 nmf.py[line:109]                            INFO Iter: 22	 Loss: 254.96023689	 Delta: 2.60810480231

Tue, 30 Dec 2014 09:07:27 nmf.py[line:109]                            INFO Iter: 23	 Loss: 252.735523382	 Delta: 2.22471350872

Tue, 30 Dec 2014 09:07:27 nmf.py[line:109]                            INFO Iter: 24	 Loss: 251.138932778	 Delta: 1.59659060343

Tue, 30 Dec 2014 09:07:27 nmf.py[line:109]                            INFO Iter: 25	 Loss: 249.745596326	 Delta: 1.39333645204

Tue, 30 Dec 2014 09:07:27 nmf.py[line:109]                            INFO Iter: 26	 Loss: 248.345456588	 Delta: 1.40013973867

Tue, 30 Dec 2014 09:07:27 nmf.py[line:109]                            INFO Iter: 27	 Loss: 246.750523299	 Delta: 1.59493328858

Tue, 30 Dec 2014 09:07:27 nmf.py[line:109]                            INFO Iter: 28	 Loss: 244.831438166	 Delta: 1.91908513261

Tue, 30 Dec 2014 09:07:27 nmf.py[line:109]                            INFO Iter: 29	 Loss: 242.722433658	 Delta: 2.10900450849

Tue, 30 Dec 2014 09:07:28 nmf.py[line:109]                            INFO Iter: 30	 Loss: 240.983736932	 Delta: 1.73869672559

Tue, 30 Dec 2014 09:07:28 nmf.py[line:109]                            INFO Iter: 31	 Loss: 239.810485353	 Delta: 1.17325157911

Tue, 30 Dec 2014 09:07:28 nmf.py[line:109]                            INFO Iter: 32	 Loss: 238.877629615	 Delta: 0.932855737694

Tue, 30 Dec 2014 09:07:28 nmf.py[line:113]                            INFO NMF OK
Tue, 30 Dec 2014 09:07:28 demo_dynamic_user_item_num.py[line:159]                            INFO [ok]
computing fix_model NMF decomposition...
Tue, 30 Dec 2014 09:07:28 demo_dynamic_user_item_num.py[line:169]                            INFO non zero cell num: 1665
Tue, 30 Dec 2014 09:07:28 nmf.py[line:109]                            INFO Iter: 1	 Loss: 1678.62109803	 Delta: 998321.378902

Tue, 30 Dec 2014 09:07:28 nmf.py[line:109]                            INFO Iter: 2	 Loss: 1579.7070056	 Delta: 98.9140924268

Tue, 30 Dec 2014 09:07:28 nmf.py[line:109]                            INFO Iter: 3	 Loss: 1399.54000414	 Delta: 180.167001457

Tue, 30 Dec 2014 09:07:28 nmf.py[line:109]                            INFO Iter: 4	 Loss: 1061.72950321	 Delta: 337.810500936

Tue, 30 Dec 2014 09:07:29 nmf.py[line:109]                            INFO Iter: 5	 Loss: 815.651578627	 Delta: 246.077924579

Tue, 30 Dec 2014 09:07:29 nmf.py[line:109]                            INFO Iter: 6	 Loss: 663.397228931	 Delta: 152.254349696

Tue, 30 Dec 2014 09:07:29 nmf.py[line:109]                            INFO Iter: 7	 Loss: 552.406703026	 Delta: 110.990525906

Tue, 30 Dec 2014 09:07:29 nmf.py[line:109]                            INFO Iter: 8	 Loss: 464.77364237	 Delta: 87.633060656

Tue, 30 Dec 2014 09:07:29 nmf.py[line:109]                            INFO Iter: 9	 Loss: 408.158347552	 Delta: 56.6152948172

Tue, 30 Dec 2014 09:07:29 nmf.py[line:109]                            INFO Iter: 10	 Loss: 368.217431406	 Delta: 39.940916146

Tue, 30 Dec 2014 09:07:29 nmf.py[line:109]                            INFO Iter: 11	 Loss: 336.847805001	 Delta: 31.3696264051

Tue, 30 Dec 2014 09:07:30 nmf.py[line:109]                            INFO Iter: 12	 Loss: 314.282761417	 Delta: 22.5650435848

Tue, 30 Dec 2014 09:07:30 nmf.py[line:109]                            INFO Iter: 13	 Loss: 295.740281845	 Delta: 18.5424795714

Tue, 30 Dec 2014 09:07:30 nmf.py[line:109]                            INFO Iter: 14	 Loss: 280.66246729	 Delta: 15.0778145556

Tue, 30 Dec 2014 09:07:30 nmf.py[line:109]                            INFO Iter: 15	 Loss: 268.885261076	 Delta: 11.7772062131

Tue, 30 Dec 2014 09:07:30 nmf.py[line:109]                            INFO Iter: 16	 Loss: 259.085687252	 Delta: 9.79957382395

Tue, 30 Dec 2014 09:07:30 nmf.py[line:109]                            INFO Iter: 17	 Loss: 251.301031739	 Delta: 7.78465551329

Tue, 30 Dec 2014 09:07:31 nmf.py[line:109]                            INFO Iter: 18	 Loss: 244.953204279	 Delta: 6.34782746051

Tue, 30 Dec 2014 09:07:31 nmf.py[line:109]                            INFO Iter: 19	 Loss: 239.698991397	 Delta: 5.25421288126

Tue, 30 Dec 2014 09:07:31 nmf.py[line:109]                            INFO Iter: 20	 Loss: 235.312765348	 Delta: 4.38622604892

Tue, 30 Dec 2014 09:07:31 nmf.py[line:109]                            INFO Iter: 21	 Loss: 231.42040449	 Delta: 3.89236085809

Tue, 30 Dec 2014 09:07:31 nmf.py[line:109]                            INFO Iter: 22	 Loss: 227.949066076	 Delta: 3.47133841425

Tue, 30 Dec 2014 09:07:31 nmf.py[line:109]                            INFO Iter: 23	 Loss: 224.814224868	 Delta: 3.134841208

Tue, 30 Dec 2014 09:07:32 nmf.py[line:109]                            INFO Iter: 24	 Loss: 222.264292603	 Delta: 2.54993226544

Tue, 30 Dec 2014 09:07:32 nmf.py[line:109]                            INFO Iter: 25	 Loss: 220.354670005	 Delta: 1.90962259776

Tue, 30 Dec 2014 09:07:32 nmf.py[line:109]                            INFO Iter: 26	 Loss: 218.862131259	 Delta: 1.49253874583

Tue, 30 Dec 2014 09:07:32 nmf.py[line:109]                            INFO Iter: 27	 Loss: 217.65000237	 Delta: 1.21212888936

Tue, 30 Dec 2014 09:07:32 nmf.py[line:109]                            INFO Iter: 28	 Loss: 216.702375667	 Delta: 0.94762670236

Tue, 30 Dec 2014 09:07:32 nmf.py[line:113]                            INFO NMF OK
Tue, 30 Dec 2014 09:07:32 demo_dynamic_user_item_num.py[line:175]                            INFO [ok]

Tue, 30 Dec 2014 09:07:32 demo_dynamic_user_item_num.py[line:177]                            INFO 	 fold_id:0

Tue, 30 Dec 2014 09:07:32 demo_dynamic_user_item_num.py[line:179]                            INFO 	recall at 10:
Tue, 30 Dec 2014 09:07:34 demo_dynamic_user_item_num.py[line:207]                            INFO 		t-model NMF :  0.297962518341

Tue, 30 Dec 2014 09:07:34 demo_dynamic_user_item_num.py[line:208]                            INFO 		f-model NMF :  0.276153794851

Tue, 30 Dec 2014 09:07:34 demo_dynamic_user_item_num.py[line:209]                            INFO 		JPPCF :  0.287528344671

Tue, 30 Dec 2014 09:07:34 demo_dynamic_user_item_num.py[line:179]                            INFO 	recall at 50:
Tue, 30 Dec 2014 09:07:35 demo_dynamic_user_item_num.py[line:207]                            INFO 		t-model NMF :  0.557959850607

Tue, 30 Dec 2014 09:07:35 demo_dynamic_user_item_num.py[line:208]                            INFO 		f-model NMF :  0.544374416433

Tue, 30 Dec 2014 09:07:35 demo_dynamic_user_item_num.py[line:209]                            INFO 		JPPCF :  0.546525276777

Tue, 30 Dec 2014 09:07:35 demo_dynamic_user_item_num.py[line:179]                            INFO 	recall at 100:
Tue, 30 Dec 2014 09:07:37 demo_dynamic_user_item_num.py[line:207]                            INFO 		t-model NMF :  0.657613045218

Tue, 30 Dec 2014 09:07:37 demo_dynamic_user_item_num.py[line:208]                            INFO 		f-model NMF :  0.641966786715

Tue, 30 Dec 2014 09:07:37 demo_dynamic_user_item_num.py[line:209]                            INFO 		JPPCF :  0.662841803388

Tue, 30 Dec 2014 09:07:37 demo_dynamic_user_item_num.py[line:179]                            INFO 	recall at 300:
Tue, 30 Dec 2014 09:07:39 demo_dynamic_user_item_num.py[line:207]                            INFO 		t-model NMF :  0.825633586768

Tue, 30 Dec 2014 09:07:39 demo_dynamic_user_item_num.py[line:208]                            INFO 		f-model NMF :  0.814345738295

Tue, 30 Dec 2014 09:07:39 demo_dynamic_user_item_num.py[line:209]                            INFO 		JPPCF :  0.779631852741

Tue, 30 Dec 2014 09:07:39 demo_dynamic_user_item_num.py[line:179]                            INFO 	recall at 500:
Tue, 30 Dec 2014 09:07:40 demo_dynamic_user_item_num.py[line:207]                            INFO 		t-model NMF :  0.860994397759

Tue, 30 Dec 2014 09:07:40 demo_dynamic_user_item_num.py[line:208]                            INFO 		f-model NMF :  0.869397759104

Tue, 30 Dec 2014 09:07:40 demo_dynamic_user_item_num.py[line:209]                            INFO 		JPPCF :  0.862861811391

Tue, 30 Dec 2014 09:07:40 demo_dynamic_user_item_num.py[line:179]                            INFO 	recall at 1000:
Tue, 30 Dec 2014 09:07:42 demo_dynamic_user_item_num.py[line:207]                            INFO 		t-model NMF :  0.955182072829

Tue, 30 Dec 2014 09:07:42 demo_dynamic_user_item_num.py[line:208]                            INFO 		f-model NMF :  0.955182072829

Tue, 30 Dec 2014 09:07:42 demo_dynamic_user_item_num.py[line:209]                            INFO 		JPPCF :  0.966386554622

Tue, 30 Dec 2014 09:07:42 demo_dynamic_user_item_num.py[line:211]                            INFO current_time_step: 2

Tue, 30 Dec 2014 09:07:42 demo_dynamic_user_item_num.py[line:214]                            INFO 	recall at 10:
Tue, 30 Dec 2014 09:07:42 demo_dynamic_user_item_num.py[line:218]                            INFO 		avg t-model NMF :  0.297962518341

Tue, 30 Dec 2014 09:07:42 demo_dynamic_user_item_num.py[line:219]                            INFO 		avg f-model NMF :  0.276153794851

Tue, 30 Dec 2014 09:07:42 demo_dynamic_user_item_num.py[line:220]                            INFO 		avg JPPCF :  0.287528344671

Tue, 30 Dec 2014 09:07:42 demo_dynamic_user_item_num.py[line:214]                            INFO 	recall at 50:
Tue, 30 Dec 2014 09:07:42 demo_dynamic_user_item_num.py[line:218]                            INFO 		avg t-model NMF :  0.557959850607

Tue, 30 Dec 2014 09:07:42 demo_dynamic_user_item_num.py[line:219]                            INFO 		avg f-model NMF :  0.544374416433

Tue, 30 Dec 2014 09:07:42 demo_dynamic_user_item_num.py[line:220]                            INFO 		avg JPPCF :  0.546525276777

Tue, 30 Dec 2014 09:07:42 demo_dynamic_user_item_num.py[line:214]                            INFO 	recall at 100:
Tue, 30 Dec 2014 09:07:42 demo_dynamic_user_item_num.py[line:218]                            INFO 		avg t-model NMF :  0.657613045218

Tue, 30 Dec 2014 09:07:42 demo_dynamic_user_item_num.py[line:219]                            INFO 		avg f-model NMF :  0.641966786715

Tue, 30 Dec 2014 09:07:42 demo_dynamic_user_item_num.py[line:220]                            INFO 		avg JPPCF :  0.662841803388

Tue, 30 Dec 2014 09:07:42 demo_dynamic_user_item_num.py[line:214]                            INFO 	recall at 300:
Tue, 30 Dec 2014 09:07:42 demo_dynamic_user_item_num.py[line:218]                            INFO 		avg t-model NMF :  0.825633586768

Tue, 30 Dec 2014 09:07:42 demo_dynamic_user_item_num.py[line:219]                            INFO 		avg f-model NMF :  0.814345738295

Tue, 30 Dec 2014 09:07:42 demo_dynamic_user_item_num.py[line:220]                            INFO 		avg JPPCF :  0.779631852741

Tue, 30 Dec 2014 09:07:42 demo_dynamic_user_item_num.py[line:214]                            INFO 	recall at 500:
Tue, 30 Dec 2014 09:07:42 demo_dynamic_user_item_num.py[line:218]                            INFO 		avg t-model NMF :  0.860994397759

Tue, 30 Dec 2014 09:07:42 demo_dynamic_user_item_num.py[line:219]                            INFO 		avg f-model NMF :  0.869397759104

Tue, 30 Dec 2014 09:07:42 demo_dynamic_user_item_num.py[line:220]                            INFO 		avg JPPCF :  0.862861811391

Tue, 30 Dec 2014 09:07:42 demo_dynamic_user_item_num.py[line:214]                            INFO 	recall at 1000:
Tue, 30 Dec 2014 09:07:42 demo_dynamic_user_item_num.py[line:218]                            INFO 		avg t-model NMF :  0.955182072829

Tue, 30 Dec 2014 09:07:42 demo_dynamic_user_item_num.py[line:219]                            INFO 		avg f-model NMF :  0.955182072829

Tue, 30 Dec 2014 09:07:42 demo_dynamic_user_item_num.py[line:220]                            INFO 		avg JPPCF :  0.966386554622

Tue, 30 Dec 2014 09:07:42 demo_dynamic_user_item_num.py[line:234]                            INFO =========================

Tue, 30 Dec 2014 09:07:42 demo_dynamic_user_item_num.py[line:117]                            INFO 
=========================

Tue, 30 Dec 2014 09:07:42 demo_dynamic_user_item_num.py[line:118]                            INFO time_step number %i:	3
Tue, 30 Dec 2014 09:07:42 demo_dynamic_user_item_num.py[line:119]                            INFO ----------------

Tue, 30 Dec 2014 09:07:42 demo_dynamic_user_item_num.py[line:142]                            INFO non zero cell num: 2740
Tue, 30 Dec 2014 09:07:42 demo_dynamic_user_item_num.py[line:144]                            INFO computing JPP decomposition...
Tue, 30 Dec 2014 09:07:42 JPPCF.py[line:86]                            INFO Iter: 1	 Loss: 5463.01801864	 Delta: 994536.981981

Tue, 30 Dec 2014 09:07:43 JPPCF.py[line:86]                            INFO Iter: 2	 Loss: 5143.89194054	 Delta: 319.126078105

Tue, 30 Dec 2014 09:07:44 JPPCF.py[line:86]                            INFO Iter: 3	 Loss: 3880.59797652	 Delta: 1263.29396401

Tue, 30 Dec 2014 09:07:44 JPPCF.py[line:86]                            INFO Iter: 4	 Loss: 2549.43844221	 Delta: 1331.15953431

Tue, 30 Dec 2014 09:07:45 JPPCF.py[line:86]                            INFO Iter: 5	 Loss: 1870.75087948	 Delta: 678.687562731

Tue, 30 Dec 2014 09:07:46 JPPCF.py[line:86]                            INFO Iter: 6	 Loss: 1537.96941626	 Delta: 332.781463223

Tue, 30 Dec 2014 09:07:47 JPPCF.py[line:86]                            INFO Iter: 7	 Loss: 1310.98652442	 Delta: 226.982891842

Tue, 30 Dec 2014 09:07:47 JPPCF.py[line:86]                            INFO Iter: 8	 Loss: 1142.02866898	 Delta: 168.957855441

Tue, 30 Dec 2014 09:07:48 JPPCF.py[line:86]                            INFO Iter: 9	 Loss: 1019.61009461	 Delta: 122.418574368

Tue, 30 Dec 2014 09:07:49 JPPCF.py[line:86]                            INFO Iter: 10	 Loss: 929.694821003	 Delta: 89.9152736058

Tue, 30 Dec 2014 09:07:50 JPPCF.py[line:86]                            INFO Iter: 11	 Loss: 864.91907691	 Delta: 64.7757440934

Tue, 30 Dec 2014 09:07:50 JPPCF.py[line:86]                            INFO Iter: 12	 Loss: 820.723780505	 Delta: 44.1952964045

Tue, 30 Dec 2014 09:07:51 JPPCF.py[line:86]                            INFO Iter: 13	 Loss: 789.668640692	 Delta: 31.0551398134

Tue, 30 Dec 2014 09:07:52 JPPCF.py[line:86]                            INFO Iter: 14	 Loss: 762.794337633	 Delta: 26.874303059

Tue, 30 Dec 2014 09:07:53 JPPCF.py[line:86]                            INFO Iter: 15	 Loss: 729.357928433	 Delta: 33.4364091993

Tue, 30 Dec 2014 09:07:54 JPPCF.py[line:86]                            INFO Iter: 16	 Loss: 711.439722105	 Delta: 17.9182063287

Tue, 30 Dec 2014 09:07:55 JPPCF.py[line:86]                            INFO Iter: 17	 Loss: 696.055661838	 Delta: 15.3840602666

Tue, 30 Dec 2014 09:07:55 JPPCF.py[line:86]                            INFO Iter: 18	 Loss: 684.07537065	 Delta: 11.9802911879

Tue, 30 Dec 2014 09:07:56 JPPCF.py[line:86]                            INFO Iter: 19	 Loss: 672.771518619	 Delta: 11.3038520308

Tue, 30 Dec 2014 09:07:57 JPPCF.py[line:86]                            INFO Iter: 20	 Loss: 662.266418337	 Delta: 10.5051002826

Tue, 30 Dec 2014 09:07:58 JPPCF.py[line:86]                            INFO Iter: 21	 Loss: 653.158614863	 Delta: 9.1078034736

Tue, 30 Dec 2014 09:07:59 JPPCF.py[line:86]                            INFO Iter: 22	 Loss: 644.212074971	 Delta: 8.94653989227

Tue, 30 Dec 2014 09:08:00 JPPCF.py[line:86]                            INFO Iter: 23	 Loss: 635.21894458	 Delta: 8.99313039141

Tue, 30 Dec 2014 09:08:00 JPPCF.py[line:86]                            INFO Iter: 24	 Loss: 627.309255514	 Delta: 7.90968906576

Tue, 30 Dec 2014 09:08:01 JPPCF.py[line:86]                            INFO Iter: 25	 Loss: 619.866151549	 Delta: 7.44310396499

Tue, 30 Dec 2014 09:08:02 JPPCF.py[line:86]                            INFO Iter: 26	 Loss: 613.364321747	 Delta: 6.50182980136

Tue, 30 Dec 2014 09:08:03 JPPCF.py[line:86]                            INFO Iter: 27	 Loss: 607.31439979	 Delta: 6.04992195749

Tue, 30 Dec 2014 09:08:04 JPPCF.py[line:86]                            INFO Iter: 28	 Loss: 601.348666446	 Delta: 5.96573334431

Tue, 30 Dec 2014 09:08:05 JPPCF.py[line:86]                            INFO Iter: 29	 Loss: 595.988233134	 Delta: 5.36043331128

Tue, 30 Dec 2014 09:08:06 JPPCF.py[line:86]                            INFO Iter: 30	 Loss: 590.076753819	 Delta: 5.91147931516

Tue, 30 Dec 2014 09:08:07 JPPCF.py[line:86]                            INFO Iter: 31	 Loss: 586.80978827	 Delta: 3.26696554893

Tue, 30 Dec 2014 09:08:08 JPPCF.py[line:86]                            INFO Iter: 32	 Loss: 584.595720772	 Delta: 2.21406749846

Tue, 30 Dec 2014 09:08:08 JPPCF.py[line:86]                            INFO Iter: 33	 Loss: 581.834814494	 Delta: 2.7609062781

Tue, 30 Dec 2014 09:08:09 JPPCF.py[line:86]                            INFO Iter: 34	 Loss: 578.965314629	 Delta: 2.86949986455

Tue, 30 Dec 2014 09:08:10 JPPCF.py[line:86]                            INFO Iter: 35	 Loss: 574.077215985	 Delta: 4.88809864422

Tue, 30 Dec 2014 09:08:11 JPPCF.py[line:86]                            INFO Iter: 36	 Loss: 569.372427011	 Delta: 4.70478897395

Tue, 30 Dec 2014 09:08:12 JPPCF.py[line:86]                            INFO Iter: 37	 Loss: 565.705607187	 Delta: 3.66681982385

Tue, 30 Dec 2014 09:08:13 JPPCF.py[line:86]                            INFO Iter: 38	 Loss: 561.939303625	 Delta: 3.7663035618

Tue, 30 Dec 2014 09:08:14 JPPCF.py[line:86]                            INFO Iter: 39	 Loss: 557.919814344	 Delta: 4.01948928113

Tue, 30 Dec 2014 09:08:15 JPPCF.py[line:86]                            INFO Iter: 40	 Loss: 553.73402777	 Delta: 4.18578657441

Tue, 30 Dec 2014 09:08:16 JPPCF.py[line:86]                            INFO Iter: 41	 Loss: 546.069047109	 Delta: 7.66498066111

Tue, 30 Dec 2014 09:08:17 JPPCF.py[line:86]                            INFO Iter: 42	 Loss: 540.103660413	 Delta: 5.96538669581

Tue, 30 Dec 2014 09:08:18 JPPCF.py[line:86]                            INFO Iter: 43	 Loss: 536.521037932	 Delta: 3.5826224813

Tue, 30 Dec 2014 09:08:19 JPPCF.py[line:86]                            INFO Iter: 44	 Loss: 533.054535015	 Delta: 3.46650291653

Tue, 30 Dec 2014 09:08:20 JPPCF.py[line:86]                            INFO Iter: 45	 Loss: 529.943682745	 Delta: 3.11085227052

Tue, 30 Dec 2014 09:08:21 JPPCF.py[line:86]                            INFO Iter: 46	 Loss: 526.374414184	 Delta: 3.56926856065

Tue, 30 Dec 2014 09:08:22 JPPCF.py[line:86]                            INFO Iter: 47	 Loss: 523.172841655	 Delta: 3.20157252899

Tue, 30 Dec 2014 09:08:23 JPPCF.py[line:86]                            INFO Iter: 48	 Loss: 520.87740952	 Delta: 2.29543213532

Tue, 30 Dec 2014 09:08:24 JPPCF.py[line:86]                            INFO Iter: 49	 Loss: 519.805668146	 Delta: 1.07174137332

Tue, 30 Dec 2014 09:08:25 JPPCF.py[line:86]                            INFO Iter: 50	 Loss: 518.685672785	 Delta: 1.11999536123

Tue, 30 Dec 2014 09:08:26 JPPCF.py[line:86]                            INFO Iter: 51	 Loss: 517.473877503	 Delta: 1.2117952819

Tue, 30 Dec 2014 09:08:27 JPPCF.py[line:86]                            INFO Iter: 52	 Loss: 516.028179435	 Delta: 1.44569806834

Tue, 30 Dec 2014 09:08:28 JPPCF.py[line:86]                            INFO Iter: 53	 Loss: 514.913997621	 Delta: 1.11418181333

Tue, 30 Dec 2014 09:08:29 JPPCF.py[line:86]                            INFO Iter: 54	 Loss: 514.033899353	 Delta: 0.880098268523

Tue, 30 Dec 2014 09:08:29 JPPCF.py[line:88]                            INFO JPPCF OK

Tue, 30 Dec 2014 09:08:29 demo_dynamic_user_item_num.py[line:153]                            INFO [ok]
computing t-model NMF decomposition...
Tue, 30 Dec 2014 09:08:29 nmf.py[line:109]                            INFO Iter: 1	 Loss: 2757.80743237	 Delta: 997242.192568

Tue, 30 Dec 2014 09:08:30 nmf.py[line:109]                            INFO Iter: 2	 Loss: 2601.74438312	 Delta: 156.063049252

Tue, 30 Dec 2014 09:08:30 nmf.py[line:109]                            INFO Iter: 3	 Loss: 2400.34966092	 Delta: 201.394722204

Tue, 30 Dec 2014 09:08:30 nmf.py[line:109]                            INFO Iter: 4	 Loss: 2037.15989318	 Delta: 363.189767737

Tue, 30 Dec 2014 09:08:30 nmf.py[line:109]                            INFO Iter: 5	 Loss: 1664.30863596	 Delta: 372.851257226

Tue, 30 Dec 2014 09:08:30 nmf.py[line:109]                            INFO Iter: 6	 Loss: 1392.14194444	 Delta: 272.166691515

Tue, 30 Dec 2014 09:08:31 nmf.py[line:109]                            INFO Iter: 7	 Loss: 1202.65071225	 Delta: 189.491232187

Tue, 30 Dec 2014 09:08:31 nmf.py[line:109]                            INFO Iter: 8	 Loss: 1063.88260913	 Delta: 138.768103124

Tue, 30 Dec 2014 09:08:31 nmf.py[line:109]                            INFO Iter: 9	 Loss: 967.088634883	 Delta: 96.7939742469

Tue, 30 Dec 2014 09:08:31 nmf.py[line:109]                            INFO Iter: 10	 Loss: 893.878552625	 Delta: 73.2100822577

Tue, 30 Dec 2014 09:08:32 nmf.py[line:109]                            INFO Iter: 11	 Loss: 835.690424843	 Delta: 58.1881277821

Tue, 30 Dec 2014 09:08:32 nmf.py[line:109]                            INFO Iter: 12	 Loss: 793.08229344	 Delta: 42.6081314033

Tue, 30 Dec 2014 09:08:32 nmf.py[line:109]                            INFO Iter: 13	 Loss: 760.986156927	 Delta: 32.0961365132

Tue, 30 Dec 2014 09:08:33 nmf.py[line:109]                            INFO Iter: 14	 Loss: 734.828666414	 Delta: 26.157490513

Tue, 30 Dec 2014 09:08:33 nmf.py[line:109]                            INFO Iter: 15	 Loss: 710.684629938	 Delta: 24.1440364758

Tue, 30 Dec 2014 09:08:33 nmf.py[line:109]                            INFO Iter: 16	 Loss: 689.235871879	 Delta: 21.4487580591

Tue, 30 Dec 2014 09:08:34 nmf.py[line:109]                            INFO Iter: 17	 Loss: 673.37023901	 Delta: 15.8656328685

Tue, 30 Dec 2014 09:08:34 nmf.py[line:109]                            INFO Iter: 18	 Loss: 658.750437226	 Delta: 14.6198017847

Tue, 30 Dec 2014 09:08:34 nmf.py[line:109]                            INFO Iter: 19	 Loss: 646.068916086	 Delta: 12.6815211391

Tue, 30 Dec 2014 09:08:34 nmf.py[line:109]                            INFO Iter: 20	 Loss: 636.343604226	 Delta: 9.72531186071

Tue, 30 Dec 2014 09:08:35 nmf.py[line:109]                            INFO Iter: 21	 Loss: 629.080215557	 Delta: 7.26338866856

Tue, 30 Dec 2014 09:08:35 nmf.py[line:109]                            INFO Iter: 22	 Loss: 622.608758585	 Delta: 6.47145697179

Tue, 30 Dec 2014 09:08:35 nmf.py[line:109]                            INFO Iter: 23	 Loss: 617.590776098	 Delta: 5.0179824878

Tue, 30 Dec 2014 09:08:36 nmf.py[line:109]                            INFO Iter: 24	 Loss: 613.406093596	 Delta: 4.18468250201

Tue, 30 Dec 2014 09:08:36 nmf.py[line:109]                            INFO Iter: 25	 Loss: 609.672022455	 Delta: 3.7340711402

Tue, 30 Dec 2014 09:08:36 nmf.py[line:109]                            INFO Iter: 26	 Loss: 606.0967582	 Delta: 3.57526425528

Tue, 30 Dec 2014 09:08:36 nmf.py[line:109]                            INFO Iter: 27	 Loss: 603.036450278	 Delta: 3.06030792159

Tue, 30 Dec 2014 09:08:36 nmf.py[line:109]                            INFO Iter: 28	 Loss: 600.267240358	 Delta: 2.76920992018

Tue, 30 Dec 2014 09:08:37 nmf.py[line:109]                            INFO Iter: 29	 Loss: 598.266584948	 Delta: 2.00065541028

Tue, 30 Dec 2014 09:08:37 nmf.py[line:109]                            INFO Iter: 30	 Loss: 596.493841157	 Delta: 1.77274379109

Tue, 30 Dec 2014 09:08:37 nmf.py[line:109]                            INFO Iter: 31	 Loss: 594.644437734	 Delta: 1.84940342331

Tue, 30 Dec 2014 09:08:37 nmf.py[line:109]                            INFO Iter: 32	 Loss: 592.777967671	 Delta: 1.86647006222

Tue, 30 Dec 2014 09:08:38 nmf.py[line:109]                            INFO Iter: 33	 Loss: 590.940426067	 Delta: 1.83754160463

Tue, 30 Dec 2014 09:08:38 nmf.py[line:109]                            INFO Iter: 34	 Loss: 589.072366453	 Delta: 1.86805961391

Tue, 30 Dec 2014 09:08:38 nmf.py[line:109]                            INFO Iter: 35	 Loss: 587.137079485	 Delta: 1.93528696787

Tue, 30 Dec 2014 09:08:38 nmf.py[line:109]                            INFO Iter: 36	 Loss: 585.308838477	 Delta: 1.82824100781

Tue, 30 Dec 2014 09:08:39 nmf.py[line:109]                            INFO Iter: 37	 Loss: 583.491724089	 Delta: 1.81711438828

Tue, 30 Dec 2014 09:08:39 nmf.py[line:109]                            INFO Iter: 38	 Loss: 581.827420971	 Delta: 1.66430311741

Tue, 30 Dec 2014 09:08:39 nmf.py[line:109]                            INFO Iter: 39	 Loss: 580.457957657	 Delta: 1.36946331469

Tue, 30 Dec 2014 09:08:39 nmf.py[line:109]                            INFO Iter: 40	 Loss: 579.11415018	 Delta: 1.34380747641

Tue, 30 Dec 2014 09:08:40 nmf.py[line:109]                            INFO Iter: 41	 Loss: 577.702025871	 Delta: 1.41212430985

Tue, 30 Dec 2014 09:08:40 nmf.py[line:109]                            INFO Iter: 42	 Loss: 576.089497953	 Delta: 1.61252791721

Tue, 30 Dec 2014 09:08:40 nmf.py[line:109]                            INFO Iter: 43	 Loss: 574.305537096	 Delta: 1.78396085757

Tue, 30 Dec 2014 09:08:40 nmf.py[line:109]                            INFO Iter: 44	 Loss: 572.615239906	 Delta: 1.6902971899

Tue, 30 Dec 2014 09:08:40 nmf.py[line:109]                            INFO Iter: 45	 Loss: 571.292869392	 Delta: 1.32237051339

Tue, 30 Dec 2014 09:08:41 nmf.py[line:109]                            INFO Iter: 46	 Loss: 569.885951745	 Delta: 1.40691764743

Tue, 30 Dec 2014 09:08:41 nmf.py[line:109]                            INFO Iter: 47	 Loss: 568.554273399	 Delta: 1.33167834651

Tue, 30 Dec 2014 09:08:41 nmf.py[line:109]                            INFO Iter: 48	 Loss: 567.559867411	 Delta: 0.994405987708

Tue, 30 Dec 2014 09:08:41 nmf.py[line:113]                            INFO NMF OK
Tue, 30 Dec 2014 09:08:41 demo_dynamic_user_item_num.py[line:159]                            INFO [ok]
computing fix_model NMF decomposition...
Tue, 30 Dec 2014 09:08:41 demo_dynamic_user_item_num.py[line:169]                            INFO non zero cell num: 4612
Tue, 30 Dec 2014 09:08:41 nmf.py[line:109]                            INFO Iter: 1	 Loss: 4647.31369144	 Delta: 995352.686309

Tue, 30 Dec 2014 09:08:42 nmf.py[line:109]                            INFO Iter: 2	 Loss: 4445.55613325	 Delta: 201.757558191

Tue, 30 Dec 2014 09:08:42 nmf.py[line:109]                            INFO Iter: 3	 Loss: 4188.70989429	 Delta: 256.846238958

Tue, 30 Dec 2014 09:08:42 nmf.py[line:109]                            INFO Iter: 4	 Loss: 3576.39604578	 Delta: 612.313848515

Tue, 30 Dec 2014 09:08:42 nmf.py[line:109]                            INFO Iter: 5	 Loss: 2930.69576765	 Delta: 645.700278127

Tue, 30 Dec 2014 09:08:42 nmf.py[line:109]                            INFO Iter: 6	 Loss: 2490.11467919	 Delta: 440.581088465

Tue, 30 Dec 2014 09:08:43 nmf.py[line:109]                            INFO Iter: 7	 Loss: 2169.06106631	 Delta: 321.05361288

Tue, 30 Dec 2014 09:08:43 nmf.py[line:109]                            INFO Iter: 8	 Loss: 1926.69841948	 Delta: 242.362646822

Tue, 30 Dec 2014 09:08:43 nmf.py[line:109]                            INFO Iter: 9	 Loss: 1746.10231494	 Delta: 180.596104546

Tue, 30 Dec 2014 09:08:43 nmf.py[line:109]                            INFO Iter: 10	 Loss: 1609.48807413	 Delta: 136.614240808

Tue, 30 Dec 2014 09:08:43 nmf.py[line:109]                            INFO Iter: 11	 Loss: 1505.43182645	 Delta: 104.056247684

Tue, 30 Dec 2014 09:08:44 nmf.py[line:109]                            INFO Iter: 12	 Loss: 1426.67900515	 Delta: 78.7528212982

Tue, 30 Dec 2014 09:08:44 nmf.py[line:109]                            INFO Iter: 13	 Loss: 1365.47189367	 Delta: 61.2071114739

Tue, 30 Dec 2014 09:08:44 nmf.py[line:109]                            INFO Iter: 14	 Loss: 1317.16978295	 Delta: 48.3021107247

Tue, 30 Dec 2014 09:08:45 nmf.py[line:109]                            INFO Iter: 15	 Loss: 1280.1377226	 Delta: 37.0320603535

Tue, 30 Dec 2014 09:08:45 nmf.py[line:109]                            INFO Iter: 16	 Loss: 1248.94448302	 Delta: 31.1932395731

Tue, 30 Dec 2014 09:08:45 nmf.py[line:109]                            INFO Iter: 17	 Loss: 1219.67401898	 Delta: 29.2704640423

Tue, 30 Dec 2014 09:08:46 nmf.py[line:109]                            INFO Iter: 18	 Loss: 1192.32836713	 Delta: 27.3456518534

Tue, 30 Dec 2014 09:08:46 nmf.py[line:109]                            INFO Iter: 19	 Loss: 1170.32514463	 Delta: 22.0032225016

Tue, 30 Dec 2014 09:08:46 nmf.py[line:109]                            INFO Iter: 20	 Loss: 1152.24812688	 Delta: 18.0770177422

Tue, 30 Dec 2014 09:08:47 nmf.py[line:109]                            INFO Iter: 21	 Loss: 1135.93685121	 Delta: 16.3112756765

Tue, 30 Dec 2014 09:08:47 nmf.py[line:109]                            INFO Iter: 22	 Loss: 1121.93645432	 Delta: 14.0003968909

Tue, 30 Dec 2014 09:08:47 nmf.py[line:109]                            INFO Iter: 23	 Loss: 1109.35464062	 Delta: 12.5818137001

Tue, 30 Dec 2014 09:08:48 nmf.py[line:109]                            INFO Iter: 24	 Loss: 1098.92884791	 Delta: 10.4257927104

Tue, 30 Dec 2014 09:08:48 nmf.py[line:109]                            INFO Iter: 25	 Loss: 1090.97327096	 Delta: 7.95557694384

Tue, 30 Dec 2014 09:08:48 nmf.py[line:109]                            INFO Iter: 26	 Loss: 1084.70532251	 Delta: 6.26794845094

Tue, 30 Dec 2014 09:08:48 nmf.py[line:109]                            INFO Iter: 27	 Loss: 1079.25677758	 Delta: 5.44854493402

Tue, 30 Dec 2014 09:08:49 nmf.py[line:109]                            INFO Iter: 28	 Loss: 1074.09848111	 Delta: 5.15829647109

Tue, 30 Dec 2014 09:08:49 nmf.py[line:109]                            INFO Iter: 29	 Loss: 1068.89946341	 Delta: 5.19901769705

Tue, 30 Dec 2014 09:08:49 nmf.py[line:109]                            INFO Iter: 30	 Loss: 1063.66878011	 Delta: 5.23068330105

Tue, 30 Dec 2014 09:08:50 nmf.py[line:109]                            INFO Iter: 31	 Loss: 1058.38528296	 Delta: 5.28349714813

Tue, 30 Dec 2014 09:08:50 nmf.py[line:109]                            INFO Iter: 32	 Loss: 1053.37769039	 Delta: 5.00759256824

Tue, 30 Dec 2014 09:08:50 nmf.py[line:109]                            INFO Iter: 33	 Loss: 1048.98862519	 Delta: 4.38906519907

Tue, 30 Dec 2014 09:08:50 nmf.py[line:109]                            INFO Iter: 34	 Loss: 1045.00672937	 Delta: 3.98189581902

Tue, 30 Dec 2014 09:08:51 nmf.py[line:109]                            INFO Iter: 35	 Loss: 1041.18553758	 Delta: 3.82119179528

Tue, 30 Dec 2014 09:08:51 nmf.py[line:109]                            INFO Iter: 36	 Loss: 1037.39060768	 Delta: 3.79492989852

Tue, 30 Dec 2014 09:08:51 nmf.py[line:109]                            INFO Iter: 37	 Loss: 1033.107623	 Delta: 4.28298468035

Tue, 30 Dec 2014 09:08:51 nmf.py[line:109]                            INFO Iter: 38	 Loss: 1029.26198633	 Delta: 3.84563666992

Tue, 30 Dec 2014 09:08:52 nmf.py[line:109]                            INFO Iter: 39	 Loss: 1025.97161643	 Delta: 3.29036989972

Tue, 30 Dec 2014 09:08:52 nmf.py[line:109]                            INFO Iter: 40	 Loss: 1022.65196571	 Delta: 3.31965072066

Tue, 30 Dec 2014 09:08:52 nmf.py[line:109]                            INFO Iter: 41	 Loss: 1019.59779485	 Delta: 3.05417085495

Tue, 30 Dec 2014 09:08:52 nmf.py[line:109]                            INFO Iter: 42	 Loss: 1016.83630537	 Delta: 2.76148948028

Tue, 30 Dec 2014 09:08:53 nmf.py[line:109]                            INFO Iter: 43	 Loss: 1014.41880073	 Delta: 2.41750464004

Tue, 30 Dec 2014 09:08:53 nmf.py[line:109]                            INFO Iter: 44	 Loss: 1012.2374023	 Delta: 2.18139843057

Tue, 30 Dec 2014 09:08:53 nmf.py[line:109]                            INFO Iter: 45	 Loss: 1010.24884606	 Delta: 1.98855624309

Tue, 30 Dec 2014 09:08:53 nmf.py[line:109]                            INFO Iter: 46	 Loss: 1008.23945491	 Delta: 2.0093911523

Tue, 30 Dec 2014 09:08:54 nmf.py[line:109]                            INFO Iter: 47	 Loss: 1006.29849807	 Delta: 1.94095683251

Tue, 30 Dec 2014 09:08:54 nmf.py[line:109]                            INFO Iter: 48	 Loss: 1004.42384254	 Delta: 1.87465553081

Tue, 30 Dec 2014 09:08:54 nmf.py[line:109]                            INFO Iter: 49	 Loss: 1002.6137557	 Delta: 1.81008684514

Tue, 30 Dec 2014 09:08:54 nmf.py[line:109]                            INFO Iter: 50	 Loss: 1000.7503763	 Delta: 1.86337939551

Tue, 30 Dec 2014 09:08:55 nmf.py[line:109]                            INFO Iter: 51	 Loss: 998.958677837	 Delta: 1.79169846668

Tue, 30 Dec 2014 09:08:55 nmf.py[line:109]                            INFO Iter: 52	 Loss: 997.315891482	 Delta: 1.6427863551

Tue, 30 Dec 2014 09:08:55 nmf.py[line:109]                            INFO Iter: 53	 Loss: 995.793988773	 Delta: 1.52190270897

Tue, 30 Dec 2014 09:08:55 nmf.py[line:109]                            INFO Iter: 54	 Loss: 994.407135796	 Delta: 1.38685297611

Tue, 30 Dec 2014 09:08:56 nmf.py[line:109]                            INFO Iter: 55	 Loss: 993.130160771	 Delta: 1.27697502569

Tue, 30 Dec 2014 09:08:56 nmf.py[line:109]                            INFO Iter: 56	 Loss: 991.990415258	 Delta: 1.13974551241

Tue, 30 Dec 2014 09:08:56 nmf.py[line:109]                            INFO Iter: 57	 Loss: 990.95292885	 Delta: 1.03748640809

Tue, 30 Dec 2014 09:08:56 nmf.py[line:109]                            INFO Iter: 58	 Loss: 989.846587589	 Delta: 1.10634126082

Tue, 30 Dec 2014 09:08:57 nmf.py[line:109]                            INFO Iter: 59	 Loss: 989.021150439	 Delta: 0.825437150252

Tue, 30 Dec 2014 09:08:57 nmf.py[line:113]                            INFO NMF OK
Tue, 30 Dec 2014 09:08:57 demo_dynamic_user_item_num.py[line:175]                            INFO [ok]

Tue, 30 Dec 2014 09:08:57 demo_dynamic_user_item_num.py[line:177]                            INFO 	 fold_id:0

Tue, 30 Dec 2014 09:08:57 demo_dynamic_user_item_num.py[line:179]                            INFO 	recall at 10:
Tue, 30 Dec 2014 09:09:02 demo_dynamic_user_item_num.py[line:207]                            INFO 		t-model NMF :  0.286846262298

Tue, 30 Dec 2014 09:09:02 demo_dynamic_user_item_num.py[line:208]                            INFO 		f-model NMF :  0.243594527301

Tue, 30 Dec 2014 09:09:02 demo_dynamic_user_item_num.py[line:209]                            INFO 		JPPCF :  0.270348361225

Tue, 30 Dec 2014 09:09:02 demo_dynamic_user_item_num.py[line:179]                            INFO 	recall at 50:
Tue, 30 Dec 2014 09:09:07 demo_dynamic_user_item_num.py[line:207]                            INFO 		t-model NMF :  0.513349001258

Tue, 30 Dec 2014 09:09:07 demo_dynamic_user_item_num.py[line:208]                            INFO 		f-model NMF :  0.468675234007

Tue, 30 Dec 2014 09:09:07 demo_dynamic_user_item_num.py[line:209]                            INFO 		JPPCF :  0.475537746382

Tue, 30 Dec 2014 09:09:07 demo_dynamic_user_item_num.py[line:179]                            INFO 	recall at 100:
Tue, 30 Dec 2014 09:09:12 demo_dynamic_user_item_num.py[line:207]                            INFO 		t-model NMF :  0.618531853931

Tue, 30 Dec 2014 09:09:12 demo_dynamic_user_item_num.py[line:208]                            INFO 		f-model NMF :  0.577550780235

Tue, 30 Dec 2014 09:09:12 demo_dynamic_user_item_num.py[line:209]                            INFO 		JPPCF :  0.586083877094

Tue, 30 Dec 2014 09:09:12 demo_dynamic_user_item_num.py[line:179]                            INFO 	recall at 300:
Tue, 30 Dec 2014 09:09:18 demo_dynamic_user_item_num.py[line:207]                            INFO 		t-model NMF :  0.792898177897

Tue, 30 Dec 2014 09:09:18 demo_dynamic_user_item_num.py[line:208]                            INFO 		f-model NMF :  0.808370253159

Tue, 30 Dec 2014 09:09:18 demo_dynamic_user_item_num.py[line:209]                            INFO 		JPPCF :  0.764651449743

Tue, 30 Dec 2014 09:09:18 demo_dynamic_user_item_num.py[line:179]                            INFO 	recall at 500:
Tue, 30 Dec 2014 09:09:23 demo_dynamic_user_item_num.py[line:207]                            INFO 		t-model NMF :  0.837662346027

Tue, 30 Dec 2014 09:09:23 demo_dynamic_user_item_num.py[line:208]                            INFO 		f-model NMF :  0.89024928494

Tue, 30 Dec 2014 09:09:23 demo_dynamic_user_item_num.py[line:209]                            INFO 		JPPCF :  0.824469697806

Tue, 30 Dec 2014 09:09:23 demo_dynamic_user_item_num.py[line:179]                            INFO 	recall at 1000:
Tue, 30 Dec 2014 09:09:29 demo_dynamic_user_item_num.py[line:207]                            INFO 		t-model NMF :  0.880176211454

Tue, 30 Dec 2014 09:09:29 demo_dynamic_user_item_num.py[line:208]                            INFO 		f-model NMF :  0.9453010279

Tue, 30 Dec 2014 09:09:29 demo_dynamic_user_item_num.py[line:209]                            INFO 		JPPCF :  0.906408642752

Tue, 30 Dec 2014 09:09:29 demo_dynamic_user_item_num.py[line:211]                            INFO current_time_step: 3

Tue, 30 Dec 2014 09:09:29 demo_dynamic_user_item_num.py[line:214]                            INFO 	recall at 10:
Tue, 30 Dec 2014 09:09:29 demo_dynamic_user_item_num.py[line:218]                            INFO 		avg t-model NMF :  0.286846262298

Tue, 30 Dec 2014 09:09:29 demo_dynamic_user_item_num.py[line:219]                            INFO 		avg f-model NMF :  0.243594527301

Tue, 30 Dec 2014 09:09:29 demo_dynamic_user_item_num.py[line:220]                            INFO 		avg JPPCF :  0.270348361225

Tue, 30 Dec 2014 09:09:29 demo_dynamic_user_item_num.py[line:214]                            INFO 	recall at 50:
Tue, 30 Dec 2014 09:09:29 demo_dynamic_user_item_num.py[line:218]                            INFO 		avg t-model NMF :  0.513349001258

Tue, 30 Dec 2014 09:09:29 demo_dynamic_user_item_num.py[line:219]                            INFO 		avg f-model NMF :  0.468675234007

Tue, 30 Dec 2014 09:09:29 demo_dynamic_user_item_num.py[line:220]                            INFO 		avg JPPCF :  0.475537746382

Tue, 30 Dec 2014 09:09:29 demo_dynamic_user_item_num.py[line:214]                            INFO 	recall at 100:
Tue, 30 Dec 2014 09:09:29 demo_dynamic_user_item_num.py[line:218]                            INFO 		avg t-model NMF :  0.618531853931

Tue, 30 Dec 2014 09:09:29 demo_dynamic_user_item_num.py[line:219]                            INFO 		avg f-model NMF :  0.577550780235

Tue, 30 Dec 2014 09:09:29 demo_dynamic_user_item_num.py[line:220]                            INFO 		avg JPPCF :  0.586083877094

Tue, 30 Dec 2014 09:09:29 demo_dynamic_user_item_num.py[line:214]                            INFO 	recall at 300:
Tue, 30 Dec 2014 09:09:29 demo_dynamic_user_item_num.py[line:218]                            INFO 		avg t-model NMF :  0.792898177897

Tue, 30 Dec 2014 09:09:29 demo_dynamic_user_item_num.py[line:219]                            INFO 		avg f-model NMF :  0.808370253159

Tue, 30 Dec 2014 09:09:29 demo_dynamic_user_item_num.py[line:220]                            INFO 		avg JPPCF :  0.764651449743

Tue, 30 Dec 2014 09:09:29 demo_dynamic_user_item_num.py[line:214]                            INFO 	recall at 500:
Tue, 30 Dec 2014 09:09:29 demo_dynamic_user_item_num.py[line:218]                            INFO 		avg t-model NMF :  0.837662346027

Tue, 30 Dec 2014 09:09:29 demo_dynamic_user_item_num.py[line:219]                            INFO 		avg f-model NMF :  0.89024928494

Tue, 30 Dec 2014 09:09:29 demo_dynamic_user_item_num.py[line:220]                            INFO 		avg JPPCF :  0.824469697806

Tue, 30 Dec 2014 09:09:29 demo_dynamic_user_item_num.py[line:214]                            INFO 	recall at 1000:
Tue, 30 Dec 2014 09:09:29 demo_dynamic_user_item_num.py[line:218]                            INFO 		avg t-model NMF :  0.880176211454

Tue, 30 Dec 2014 09:09:29 demo_dynamic_user_item_num.py[line:219]                            INFO 		avg f-model NMF :  0.9453010279

Tue, 30 Dec 2014 09:09:29 demo_dynamic_user_item_num.py[line:220]                            INFO 		avg JPPCF :  0.906408642752

Tue, 30 Dec 2014 09:09:29 demo_dynamic_user_item_num.py[line:234]                            INFO =========================

Tue, 30 Dec 2014 09:09:29 demo_dynamic_user_item_num.py[line:117]                            INFO 
=========================

Tue, 30 Dec 2014 09:09:29 demo_dynamic_user_item_num.py[line:118]                            INFO time_step number %i:	4
Tue, 30 Dec 2014 09:09:29 demo_dynamic_user_item_num.py[line:119]                            INFO ----------------

Tue, 30 Dec 2014 09:09:29 demo_dynamic_user_item_num.py[line:142]                            INFO non zero cell num: 2707
Tue, 30 Dec 2014 09:09:29 demo_dynamic_user_item_num.py[line:144]                            INFO computing JPP decomposition...
Tue, 30 Dec 2014 09:09:30 JPPCF.py[line:86]                            INFO Iter: 1	 Loss: 5420.22548388	 Delta: 994579.774516

Tue, 30 Dec 2014 09:09:31 JPPCF.py[line:86]                            INFO Iter: 2	 Loss: 5306.22719518	 Delta: 113.998288697

Tue, 30 Dec 2014 09:09:32 JPPCF.py[line:86]                            INFO Iter: 3	 Loss: 3897.65747293	 Delta: 1408.56972225

Tue, 30 Dec 2014 09:09:34 JPPCF.py[line:86]                            INFO Iter: 4	 Loss: 2764.73389355	 Delta: 1132.92357937

Tue, 30 Dec 2014 09:09:35 JPPCF.py[line:86]                            INFO Iter: 5	 Loss: 2063.09576741	 Delta: 701.638126144

Tue, 30 Dec 2014 09:09:36 JPPCF.py[line:86]                            INFO Iter: 6	 Loss: 1670.1112108	 Delta: 392.984556609

Tue, 30 Dec 2014 09:09:38 JPPCF.py[line:86]                            INFO Iter: 7	 Loss: 1377.42684097	 Delta: 292.684369828

Tue, 30 Dec 2014 09:09:39 JPPCF.py[line:86]                            INFO Iter: 8	 Loss: 1191.53940384	 Delta: 185.887437133

Tue, 30 Dec 2014 09:09:40 JPPCF.py[line:86]                            INFO Iter: 9	 Loss: 1077.33068158	 Delta: 114.208722258

Tue, 30 Dec 2014 09:09:42 JPPCF.py[line:86]                            INFO Iter: 10	 Loss: 987.761241003	 Delta: 89.5694405789

Tue, 30 Dec 2014 09:09:43 JPPCF.py[line:86]                            INFO Iter: 11	 Loss: 921.969203957	 Delta: 65.7920370463

Tue, 30 Dec 2014 09:09:45 JPPCF.py[line:86]                            INFO Iter: 12	 Loss: 874.538649901	 Delta: 47.4305540556

Tue, 30 Dec 2014 09:09:46 JPPCF.py[line:86]                            INFO Iter: 13	 Loss: 840.102679635	 Delta: 34.4359702663

Tue, 30 Dec 2014 09:09:48 JPPCF.py[line:86]                            INFO Iter: 14	 Loss: 809.057170461	 Delta: 31.0455091738

Tue, 30 Dec 2014 09:09:49 JPPCF.py[line:86]                            INFO Iter: 15	 Loss: 780.065022064	 Delta: 28.9921483972

Tue, 30 Dec 2014 09:09:51 JPPCF.py[line:86]                            INFO Iter: 16	 Loss: 761.973675855	 Delta: 18.0913462093

Tue, 30 Dec 2014 09:09:52 JPPCF.py[line:86]                            INFO Iter: 17	 Loss: 745.941570671	 Delta: 16.0321051836

Tue, 30 Dec 2014 09:09:54 JPPCF.py[line:86]                            INFO Iter: 18	 Loss: 731.519122114	 Delta: 14.4224485567

Tue, 30 Dec 2014 09:09:56 JPPCF.py[line:86]                            INFO Iter: 19	 Loss: 717.889301448	 Delta: 13.6298206668

Tue, 30 Dec 2014 09:09:57 JPPCF.py[line:86]                            INFO Iter: 20	 Loss: 703.684791742	 Delta: 14.2045097055

Tue, 30 Dec 2014 09:09:59 JPPCF.py[line:86]                            INFO Iter: 21	 Loss: 693.178266199	 Delta: 10.5065255429

Tue, 30 Dec 2014 09:10:01 JPPCF.py[line:86]                            INFO Iter: 22	 Loss: 682.012799748	 Delta: 11.1654664511

Tue, 30 Dec 2014 09:10:03 JPPCF.py[line:86]                            INFO Iter: 23	 Loss: 673.543101822	 Delta: 8.46969792597

Tue, 30 Dec 2014 09:10:04 JPPCF.py[line:86]                            INFO Iter: 24	 Loss: 668.291438732	 Delta: 5.25166309011

Tue, 30 Dec 2014 09:10:06 JPPCF.py[line:86]                            INFO Iter: 25	 Loss: 662.703028921	 Delta: 5.58840981149

Tue, 30 Dec 2014 09:10:08 JPPCF.py[line:86]                            INFO Iter: 26	 Loss: 657.931602287	 Delta: 4.7714266338

Tue, 30 Dec 2014 09:10:10 JPPCF.py[line:86]                            INFO Iter: 27	 Loss: 654.230518572	 Delta: 3.70108371439

Tue, 30 Dec 2014 09:10:12 JPPCF.py[line:86]                            INFO Iter: 28	 Loss: 649.538664178	 Delta: 4.691854394

Tue, 30 Dec 2014 09:10:13 JPPCF.py[line:86]                            INFO Iter: 29	 Loss: 643.46403828	 Delta: 6.0746258986

Tue, 30 Dec 2014 09:10:15 JPPCF.py[line:86]                            INFO Iter: 30	 Loss: 630.354523617	 Delta: 13.1095146631

Tue, 30 Dec 2014 09:10:17 JPPCF.py[line:86]                            INFO Iter: 31	 Loss: 621.533045046	 Delta: 8.82147857079

Tue, 30 Dec 2014 09:10:19 JPPCF.py[line:86]                            INFO Iter: 32	 Loss: 614.130813546	 Delta: 7.40223149982

Tue, 30 Dec 2014 09:10:21 JPPCF.py[line:86]                            INFO Iter: 33	 Loss: 607.606534156	 Delta: 6.52427939017

Tue, 30 Dec 2014 09:10:22 JPPCF.py[line:86]                            INFO Iter: 34	 Loss: 602.131605974	 Delta: 5.47492818161

Tue, 30 Dec 2014 09:10:24 JPPCF.py[line:86]                            INFO Iter: 35	 Loss: 597.977928367	 Delta: 4.1536776071

Tue, 30 Dec 2014 09:10:26 JPPCF.py[line:86]                            INFO Iter: 36	 Loss: 594.549881568	 Delta: 3.42804679968

Tue, 30 Dec 2014 09:10:28 JPPCF.py[line:86]                            INFO Iter: 37	 Loss: 591.891091761	 Delta: 2.65878980698

Tue, 30 Dec 2014 09:10:30 JPPCF.py[line:86]                            INFO Iter: 38	 Loss: 590.037748028	 Delta: 1.85334373251

Tue, 30 Dec 2014 09:10:32 JPPCF.py[line:86]                            INFO Iter: 39	 Loss: 588.136166716	 Delta: 1.90158131228

Tue, 30 Dec 2014 09:10:34 JPPCF.py[line:86]                            INFO Iter: 40	 Loss: 585.705441635	 Delta: 2.43072508055

Tue, 30 Dec 2014 09:10:36 JPPCF.py[line:86]                            INFO Iter: 41	 Loss: 583.279565037	 Delta: 2.42587659785

Tue, 30 Dec 2014 09:10:38 JPPCF.py[line:86]                            INFO Iter: 42	 Loss: 581.088167745	 Delta: 2.1913972922

Tue, 30 Dec 2014 09:10:40 JPPCF.py[line:86]                            INFO Iter: 43	 Loss: 578.203753001	 Delta: 2.88441474391

Tue, 30 Dec 2014 09:10:42 JPPCF.py[line:86]                            INFO Iter: 44	 Loss: 574.461135151	 Delta: 3.74261785029

Tue, 30 Dec 2014 09:10:44 JPPCF.py[line:86]                            INFO Iter: 45	 Loss: 570.003358292	 Delta: 4.45777685851

Tue, 30 Dec 2014 09:10:46 JPPCF.py[line:86]                            INFO Iter: 46	 Loss: 565.153821599	 Delta: 4.84953669382

Tue, 30 Dec 2014 09:10:48 JPPCF.py[line:86]                            INFO Iter: 47	 Loss: 560.431841772	 Delta: 4.72197982633

Tue, 30 Dec 2014 09:10:50 JPPCF.py[line:86]                            INFO Iter: 48	 Loss: 556.118128919	 Delta: 4.31371285321

Tue, 30 Dec 2014 09:10:52 JPPCF.py[line:86]                            INFO Iter: 49	 Loss: 551.957285281	 Delta: 4.16084363818

Tue, 30 Dec 2014 09:10:54 JPPCF.py[line:86]                            INFO Iter: 50	 Loss: 548.605207717	 Delta: 3.35207756435

Tue, 30 Dec 2014 09:10:56 JPPCF.py[line:86]                            INFO Iter: 51	 Loss: 545.969392834	 Delta: 2.63581488215

Tue, 30 Dec 2014 09:10:58 JPPCF.py[line:86]                            INFO Iter: 52	 Loss: 544.207372879	 Delta: 1.76201995529

Tue, 30 Dec 2014 09:11:00 JPPCF.py[line:86]                            INFO Iter: 53	 Loss: 542.796146567	 Delta: 1.41122631201

Tue, 30 Dec 2014 09:11:02 JPPCF.py[line:86]                            INFO Iter: 54	 Loss: 541.007069944	 Delta: 1.7890766233

Tue, 30 Dec 2014 09:11:04 JPPCF.py[line:86]                            INFO Iter: 55	 Loss: 538.521638532	 Delta: 2.48543141144

Tue, 30 Dec 2014 09:11:06 JPPCF.py[line:86]                            INFO Iter: 56	 Loss: 536.368416148	 Delta: 2.15322238434

Tue, 30 Dec 2014 09:11:08 JPPCF.py[line:86]                            INFO Iter: 57	 Loss: 534.353324068	 Delta: 2.01509207986

Tue, 30 Dec 2014 09:11:10 JPPCF.py[line:86]                            INFO Iter: 58	 Loss: 531.912226122	 Delta: 2.44109794615

Tue, 30 Dec 2014 09:11:12 JPPCF.py[line:86]                            INFO Iter: 59	 Loss: 529.553410843	 Delta: 2.35881527865

Tue, 30 Dec 2014 09:11:14 JPPCF.py[line:86]                            INFO Iter: 60	 Loss: 528.176033801	 Delta: 1.37737704272

Tue, 30 Dec 2014 09:11:16 JPPCF.py[line:86]                            INFO Iter: 61	 Loss: 527.174486229	 Delta: 1.00154757177

Tue, 30 Dec 2014 09:11:18 JPPCF.py[line:86]                            INFO Iter: 62	 Loss: 526.259727121	 Delta: 0.914759108335

Tue, 30 Dec 2014 09:11:18 JPPCF.py[line:88]                            INFO JPPCF OK

Tue, 30 Dec 2014 09:11:18 demo_dynamic_user_item_num.py[line:153]                            INFO [ok]
computing t-model NMF decomposition...
Tue, 30 Dec 2014 09:11:19 nmf.py[line:109]                            INFO Iter: 1	 Loss: 2718.12295981	 Delta: 997281.87704

Tue, 30 Dec 2014 09:11:19 nmf.py[line:109]                            INFO Iter: 2	 Loss: 2623.9271983	 Delta: 94.1957615042

Tue, 30 Dec 2014 09:11:20 nmf.py[line:109]                            INFO Iter: 3	 Loss: 2437.14493961	 Delta: 186.782258693

Tue, 30 Dec 2014 09:11:20 nmf.py[line:109]                            INFO Iter: 4	 Loss: 2069.22171721	 Delta: 367.923222405

Tue, 30 Dec 2014 09:11:20 nmf.py[line:109]                            INFO Iter: 5	 Loss: 1706.56121315	 Delta: 362.660504054

Tue, 30 Dec 2014 09:11:20 nmf.py[line:109]                            INFO Iter: 6	 Loss: 1463.25973651	 Delta: 243.301476642

Tue, 30 Dec 2014 09:11:21 nmf.py[line:109]                            INFO Iter: 7	 Loss: 1291.03971251	 Delta: 172.220023997

Tue, 30 Dec 2014 09:11:21 nmf.py[line:109]                            INFO Iter: 8	 Loss: 1166.17672662	 Delta: 124.862985894

Tue, 30 Dec 2014 09:11:22 nmf.py[line:109]                            INFO Iter: 9	 Loss: 1085.55700166	 Delta: 80.6197249557

Tue, 30 Dec 2014 09:11:22 nmf.py[line:109]                            INFO Iter: 10	 Loss: 1024.95633035	 Delta: 60.6006713098

Tue, 30 Dec 2014 09:11:23 nmf.py[line:109]                            INFO Iter: 11	 Loss: 977.063685173	 Delta: 47.8926451795

Tue, 30 Dec 2014 09:11:23 nmf.py[line:109]                            INFO Iter: 12	 Loss: 936.681823609	 Delta: 40.381861564

Tue, 30 Dec 2014 09:11:24 nmf.py[line:109]                            INFO Iter: 13	 Loss: 901.852662845	 Delta: 34.8291607637

Tue, 30 Dec 2014 09:11:24 nmf.py[line:109]                            INFO Iter: 14	 Loss: 872.959846707	 Delta: 28.8928161389

Tue, 30 Dec 2014 09:11:25 nmf.py[line:109]                            INFO Iter: 15	 Loss: 849.47940924	 Delta: 23.4804374667

Tue, 30 Dec 2014 09:11:25 nmf.py[line:109]                            INFO Iter: 16	 Loss: 827.813978598	 Delta: 21.6654306418

Tue, 30 Dec 2014 09:11:25 nmf.py[line:109]                            INFO Iter: 17	 Loss: 807.239355681	 Delta: 20.5746229169

Tue, 30 Dec 2014 09:11:26 nmf.py[line:109]                            INFO Iter: 18	 Loss: 790.033630936	 Delta: 17.2057247452

Tue, 30 Dec 2014 09:11:26 nmf.py[line:109]                            INFO Iter: 19	 Loss: 776.810959624	 Delta: 13.2226713117

Tue, 30 Dec 2014 09:11:27 nmf.py[line:109]                            INFO Iter: 20	 Loss: 766.271663939	 Delta: 10.5392956853

Tue, 30 Dec 2014 09:11:27 nmf.py[line:109]                            INFO Iter: 21	 Loss: 757.603805564	 Delta: 8.66785837514

Tue, 30 Dec 2014 09:11:27 nmf.py[line:109]                            INFO Iter: 22	 Loss: 749.779418557	 Delta: 7.82438700671

Tue, 30 Dec 2014 09:11:28 nmf.py[line:109]                            INFO Iter: 23	 Loss: 742.995979073	 Delta: 6.78343948425

Tue, 30 Dec 2014 09:11:28 nmf.py[line:109]                            INFO Iter: 24	 Loss: 736.229878178	 Delta: 6.76610089449

Tue, 30 Dec 2014 09:11:29 nmf.py[line:109]                            INFO Iter: 25	 Loss: 729.839642092	 Delta: 6.39023608596

Tue, 30 Dec 2014 09:11:29 nmf.py[line:109]                            INFO Iter: 26	 Loss: 725.511653575	 Delta: 4.3279885178

Tue, 30 Dec 2014 09:11:29 nmf.py[line:109]                            INFO Iter: 27	 Loss: 722.446270772	 Delta: 3.0653828029

Tue, 30 Dec 2014 09:11:30 nmf.py[line:109]                            INFO Iter: 28	 Loss: 719.811162972	 Delta: 2.63510779989

Tue, 30 Dec 2014 09:11:30 nmf.py[line:109]                            INFO Iter: 29	 Loss: 717.69646738	 Delta: 2.11469559183

Tue, 30 Dec 2014 09:11:30 nmf.py[line:109]                            INFO Iter: 30	 Loss: 716.054418953	 Delta: 1.64204842668

Tue, 30 Dec 2014 09:11:31 nmf.py[line:109]                            INFO Iter: 31	 Loss: 714.559036441	 Delta: 1.49538251254

Tue, 30 Dec 2014 09:11:31 nmf.py[line:109]                            INFO Iter: 32	 Loss: 713.226421629	 Delta: 1.3326148122

Tue, 30 Dec 2014 09:11:32 nmf.py[line:109]                            INFO Iter: 33	 Loss: 712.174803066	 Delta: 1.05161856238

Tue, 30 Dec 2014 09:11:32 nmf.py[line:109]                            INFO Iter: 34	 Loss: 711.176086813	 Delta: 0.998716252949

Tue, 30 Dec 2014 09:11:32 nmf.py[line:113]                            INFO NMF OK
Tue, 30 Dec 2014 09:11:32 demo_dynamic_user_item_num.py[line:159]                            INFO [ok]
computing fix_model NMF decomposition...
Tue, 30 Dec 2014 09:11:32 demo_dynamic_user_item_num.py[line:169]                            INFO non zero cell num: 7728
Tue, 30 Dec 2014 09:11:33 nmf.py[line:109]                            INFO Iter: 1	 Loss: 7781.93931354	 Delta: 992218.060686

Tue, 30 Dec 2014 09:11:33 nmf.py[line:109]                            INFO Iter: 2	 Loss: 7509.90849953	 Delta: 272.030814013

Tue, 30 Dec 2014 09:11:33 nmf.py[line:109]                            INFO Iter: 3	 Loss: 7229.80750853	 Delta: 280.100991003

Tue, 30 Dec 2014 09:11:34 nmf.py[line:109]                            INFO Iter: 4	 Loss: 6501.62742854	 Delta: 728.180079985

Tue, 30 Dec 2014 09:11:34 nmf.py[line:109]                            INFO Iter: 5	 Loss: 5557.03668476	 Delta: 944.590743784

Tue, 30 Dec 2014 09:11:34 nmf.py[line:109]                            INFO Iter: 6	 Loss: 4820.70254041	 Delta: 736.334144347

Tue, 30 Dec 2014 09:11:35 nmf.py[line:109]                            INFO Iter: 7	 Loss: 4281.10506058	 Delta: 539.597479827

Tue, 30 Dec 2014 09:11:35 nmf.py[line:109]                            INFO Iter: 8	 Loss: 3893.12248968	 Delta: 387.982570909

Tue, 30 Dec 2014 09:11:35 nmf.py[line:109]                            INFO Iter: 9	 Loss: 3615.86724815	 Delta: 277.255241524

Tue, 30 Dec 2014 09:11:36 nmf.py[line:109]                            INFO Iter: 10	 Loss: 3403.11875277	 Delta: 212.748495384

Tue, 30 Dec 2014 09:11:36 nmf.py[line:109]                            INFO Iter: 11	 Loss: 3231.71128912	 Delta: 171.407463644

Tue, 30 Dec 2014 09:11:36 nmf.py[line:109]                            INFO Iter: 12	 Loss: 3089.78439902	 Delta: 141.926890105

Tue, 30 Dec 2014 09:11:37 nmf.py[line:109]                            INFO Iter: 13	 Loss: 2969.73545458	 Delta: 120.048944436

Tue, 30 Dec 2014 09:11:37 nmf.py[line:109]                            INFO Iter: 14	 Loss: 2871.83950429	 Delta: 97.8959502956

Tue, 30 Dec 2014 09:11:38 nmf.py[line:109]                            INFO Iter: 15	 Loss: 2795.4218669	 Delta: 76.4176373883

Tue, 30 Dec 2014 09:11:38 nmf.py[line:109]                            INFO Iter: 16	 Loss: 2735.61282965	 Delta: 59.8090372441

Tue, 30 Dec 2014 09:11:39 nmf.py[line:109]                            INFO Iter: 17	 Loss: 2687.84716631	 Delta: 47.7656633402

Tue, 30 Dec 2014 09:11:39 nmf.py[line:109]                            INFO Iter: 18	 Loss: 2649.83136008	 Delta: 38.0158062342

Tue, 30 Dec 2014 09:11:40 nmf.py[line:109]                            INFO Iter: 19	 Loss: 2618.66239557	 Delta: 31.1689645144

Tue, 30 Dec 2014 09:11:41 nmf.py[line:109]                            INFO Iter: 20	 Loss: 2591.27684831	 Delta: 27.3855472583

Tue, 30 Dec 2014 09:11:41 nmf.py[line:109]                            INFO Iter: 21	 Loss: 2565.4322587	 Delta: 25.8445896108

Tue, 30 Dec 2014 09:11:42 nmf.py[line:109]                            INFO Iter: 22	 Loss: 2541.04395944	 Delta: 24.3882992517

Tue, 30 Dec 2014 09:11:42 nmf.py[line:109]                            INFO Iter: 23	 Loss: 2518.62182953	 Delta: 22.4221299154

Tue, 30 Dec 2014 09:11:43 nmf.py[line:109]                            INFO Iter: 24	 Loss: 2498.35670027	 Delta: 20.265129256

Tue, 30 Dec 2014 09:11:43 nmf.py[line:109]                            INFO Iter: 25	 Loss: 2480.6046566	 Delta: 17.752043671

Tue, 30 Dec 2014 09:11:44 nmf.py[line:109]                            INFO Iter: 26	 Loss: 2465.25976806	 Delta: 15.3448885462

Tue, 30 Dec 2014 09:11:44 nmf.py[line:109]                            INFO Iter: 27	 Loss: 2451.67125566	 Delta: 13.5885124005

Tue, 30 Dec 2014 09:11:45 nmf.py[line:109]                            INFO Iter: 28	 Loss: 2439.46109566	 Delta: 12.2101599976

Tue, 30 Dec 2014 09:11:46 nmf.py[line:109]                            INFO Iter: 29	 Loss: 2427.7123939	 Delta: 11.7487017539

Tue, 30 Dec 2014 09:11:46 nmf.py[line:109]                            INFO Iter: 30	 Loss: 2418.68455588	 Delta: 9.02783802485

Tue, 30 Dec 2014 09:11:47 nmf.py[line:109]                            INFO Iter: 31	 Loss: 2411.15615918	 Delta: 7.52839669849

Tue, 30 Dec 2014 09:11:47 nmf.py[line:109]                            INFO Iter: 32	 Loss: 2403.28955057	 Delta: 7.86660861314

Tue, 30 Dec 2014 09:11:48 nmf.py[line:109]                            INFO Iter: 33	 Loss: 2396.53580119	 Delta: 6.75374937774

Tue, 30 Dec 2014 09:11:48 nmf.py[line:109]                            INFO Iter: 34	 Loss: 2390.84666883	 Delta: 5.68913236461

Tue, 30 Dec 2014 09:11:49 nmf.py[line:109]                            INFO Iter: 35	 Loss: 2385.94696836	 Delta: 4.89970046052

Tue, 30 Dec 2014 09:11:49 nmf.py[line:109]                            INFO Iter: 36	 Loss: 2381.50069104	 Delta: 4.44627732816

