Tue, 30 Dec 2014 09:07:15 demo_dynamic_user_item_num.py[line:97]                            INFO user num: 3386

Tue, 30 Dec 2014 09:07:15 demo_dynamic_user_item_num.py[line:98]                            INFO doc num: 7695

Tue, 30 Dec 2014 09:07:15 demo_dynamic_user_item_num.py[line:99]                            INFO time step num: 20

Tue, 30 Dec 2014 09:07:15 demo_dynamic_user_item_num.py[line:106]                            INFO non zero cell num: 1338
Tue, 30 Dec 2014 09:07:15 demo_dynamic_user_item_num.py[line:107]                            INFO start nmf:

Tue, 30 Dec 2014 09:07:15 nmf.py[line:109]                            INFO Iter: 1	 Loss: 1354.8015152	 Delta: 998645.198485

Tue, 30 Dec 2014 09:07:15 nmf.py[line:109]                            INFO Iter: 2	 Loss: 1201.37778222	 Delta: 153.423732977

Tue, 30 Dec 2014 09:07:15 nmf.py[line:109]                            INFO Iter: 3	 Loss: 1059.55301492	 Delta: 141.824767301

Tue, 30 Dec 2014 09:07:15 nmf.py[line:109]                            INFO Iter: 4	 Loss: 841.337986295	 Delta: 218.215028627

Tue, 30 Dec 2014 09:07:15 nmf.py[line:109]                            INFO Iter: 5	 Loss: 619.398250096	 Delta: 221.939736199

Tue, 30 Dec 2014 09:07:15 nmf.py[line:109]                            INFO Iter: 6	 Loss: 472.149469889	 Delta: 147.248780207

Tue, 30 Dec 2014 09:07:15 nmf.py[line:109]                            INFO Iter: 7	 Loss: 379.310089841	 Delta: 92.8393800478

Tue, 30 Dec 2014 09:07:15 nmf.py[line:109]                            INFO Iter: 8	 Loss: 320.760401639	 Delta: 58.549688202

Tue, 30 Dec 2014 09:07:16 nmf.py[line:109]                            INFO Iter: 9	 Loss: 277.535811911	 Delta: 43.2245897275

Tue, 30 Dec 2014 09:07:16 nmf.py[line:109]                            INFO Iter: 10	 Loss: 244.827071328	 Delta: 32.7087405836

Tue, 30 Dec 2014 09:07:16 nmf.py[line:109]                            INFO Iter: 11	 Loss: 220.511878624	 Delta: 24.3151927038

Tue, 30 Dec 2014 09:07:16 nmf.py[line:109]                            INFO Iter: 12	 Loss: 202.183698675	 Delta: 18.3281799487

Tue, 30 Dec 2014 09:07:16 nmf.py[line:109]                            INFO Iter: 13	 Loss: 187.299128331	 Delta: 14.884570344

Tue, 30 Dec 2014 09:07:16 nmf.py[line:109]                            INFO Iter: 14	 Loss: 175.012006731	 Delta: 12.2871216005

Tue, 30 Dec 2014 09:07:16 nmf.py[line:109]                            INFO Iter: 15	 Loss: 164.448733294	 Delta: 10.5632734368

Tue, 30 Dec 2014 09:07:16 nmf.py[line:109]                            INFO Iter: 16	 Loss: 155.431536502	 Delta: 9.01719679137

Tue, 30 Dec 2014 09:07:16 nmf.py[line:109]                            INFO Iter: 17	 Loss: 148.130319578	 Delta: 7.30121692409

Tue, 30 Dec 2014 09:07:16 nmf.py[line:109]                            INFO Iter: 18	 Loss: 141.410030135	 Delta: 6.72028944381

Tue, 30 Dec 2014 09:07:16 nmf.py[line:109]                            INFO Iter: 19	 Loss: 134.033910188	 Delta: 7.3761199464

Tue, 30 Dec 2014 09:07:16 nmf.py[line:109]                            INFO Iter: 20	 Loss: 128.940013005	 Delta: 5.09389718282

Tue, 30 Dec 2014 09:07:16 nmf.py[line:109]                            INFO Iter: 21	 Loss: 125.001683367	 Delta: 3.93832963839

Tue, 30 Dec 2014 09:07:16 nmf.py[line:109]                            INFO Iter: 22	 Loss: 121.929203312	 Delta: 3.07248005515

Tue, 30 Dec 2014 09:07:16 nmf.py[line:109]                            INFO Iter: 23	 Loss: 119.624675636	 Delta: 2.30452767549

Tue, 30 Dec 2014 09:07:16 nmf.py[line:109]                            INFO Iter: 24	 Loss: 117.85212117	 Delta: 1.77255446636

Tue, 30 Dec 2014 09:07:16 nmf.py[line:109]                            INFO Iter: 25	 Loss: 116.432574408	 Delta: 1.41954676244

Tue, 30 Dec 2014 09:07:17 nmf.py[line:109]                            INFO Iter: 26	 Loss: 115.242700906	 Delta: 1.18987350107

Tue, 30 Dec 2014 09:07:17 nmf.py[line:109]                            INFO Iter: 27	 Loss: 114.176782581	 Delta: 1.06591832533

Tue, 30 Dec 2014 09:07:17 nmf.py[line:109]                            INFO Iter: 28	 Loss: 112.690139138	 Delta: 1.48664344342

Tue, 30 Dec 2014 09:07:17 nmf.py[line:109]                            INFO Iter: 29	 Loss: 111.554857121	 Delta: 1.13528201687

Tue, 30 Dec 2014 09:07:17 nmf.py[line:109]                            INFO Iter: 30	 Loss: 110.750874468	 Delta: 0.803982652367

Tue, 30 Dec 2014 09:07:17 nmf.py[line:113]                            INFO NMF OK
Tue, 30 Dec 2014 09:07:17 demo_dynamic_user_item_num.py[line:117]                            INFO 
=========================

Tue, 30 Dec 2014 09:07:17 demo_dynamic_user_item_num.py[line:118]                            INFO time_step number %i:	2
Tue, 30 Dec 2014 09:07:17 demo_dynamic_user_item_num.py[line:119]                            INFO ----------------

Tue, 30 Dec 2014 09:07:17 demo_dynamic_user_item_num.py[line:142]                            INFO non zero cell num: 1665
Tue, 30 Dec 2014 09:07:17 demo_dynamic_user_item_num.py[line:144]                            INFO computing JPP decomposition...
Tue, 30 Dec 2014 09:07:17 JPPCF.py[line:86]                            INFO Iter: 1	 Loss: 3307.36895121	 Delta: 996692.631049

Tue, 30 Dec 2014 09:07:17 JPPCF.py[line:86]                            INFO Iter: 2	 Loss: 3186.23497016	 Delta: 121.133981047

Tue, 30 Dec 2014 09:07:18 JPPCF.py[line:86]                            INFO Iter: 3	 Loss: 2372.37048398	 Delta: 813.86448618

Tue, 30 Dec 2014 09:07:18 JPPCF.py[line:86]                            INFO Iter: 4	 Loss: 1557.90336947	 Delta: 814.467114509

Tue, 30 Dec 2014 09:07:18 JPPCF.py[line:86]                            INFO Iter: 5	 Loss: 1100.94168515	 Delta: 456.961684326

Tue, 30 Dec 2014 09:07:19 JPPCF.py[line:86]                            INFO Iter: 6	 Loss: 845.372709266	 Delta: 255.568975879

Tue, 30 Dec 2014 09:07:19 JPPCF.py[line:86]                            INFO Iter: 7	 Loss: 724.58109664	 Delta: 120.791612627

Tue, 30 Dec 2014 09:07:20 JPPCF.py[line:86]                            INFO Iter: 8	 Loss: 640.372024	 Delta: 84.2090726397

Tue, 30 Dec 2014 09:07:20 JPPCF.py[line:86]                            INFO Iter: 9	 Loss: 575.927485027	 Delta: 64.4445389725

Tue, 30 Dec 2014 09:07:20 JPPCF.py[line:86]                            INFO Iter: 10	 Loss: 536.749666375	 Delta: 39.1778186526

Tue, 30 Dec 2014 09:07:21 JPPCF.py[line:86]                            INFO Iter: 11	 Loss: 508.513782567	 Delta: 28.2358838079

Tue, 30 Dec 2014 09:07:21 JPPCF.py[line:86]                            INFO Iter: 12	 Loss: 487.911530454	 Delta: 20.6022521131

Tue, 30 Dec 2014 09:07:21 JPPCF.py[line:86]                            INFO Iter: 13	 Loss: 468.946344541	 Delta: 18.9651859128

Tue, 30 Dec 2014 09:07:22 JPPCF.py[line:86]                            INFO Iter: 14	 Loss: 456.318864952	 Delta: 12.6274795885

Tue, 30 Dec 2014 09:07:22 JPPCF.py[line:86]                            INFO Iter: 15	 Loss: 447.908365078	 Delta: 8.41049987414

Tue, 30 Dec 2014 09:07:22 JPPCF.py[line:86]                            INFO Iter: 16	 Loss: 442.418885919	 Delta: 5.48947915966

Tue, 30 Dec 2014 09:07:23 JPPCF.py[line:86]                            INFO Iter: 17	 Loss: 438.65265204	 Delta: 3.76623387901

Tue, 30 Dec 2014 09:07:23 JPPCF.py[line:86]                            INFO Iter: 18	 Loss: 434.744657207	 Delta: 3.90799483282

Tue, 30 Dec 2014 09:07:23 JPPCF.py[line:86]                            INFO Iter: 19	 Loss: 429.915109277	 Delta: 4.82954792966

Tue, 30 Dec 2014 09:07:24 JPPCF.py[line:86]                            INFO Iter: 20	 Loss: 425.553872655	 Delta: 4.36123662242

Tue, 30 Dec 2014 09:07:24 JPPCF.py[line:86]                            INFO Iter: 21	 Loss: 421.459862093	 Delta: 4.09401056197

Tue, 30 Dec 2014 09:07:24 JPPCF.py[line:86]                            INFO Iter: 22	 Loss: 417.914884162	 Delta: 3.54497793087

Tue, 30 Dec 2014 09:07:25 JPPCF.py[line:86]                            INFO Iter: 23	 Loss: 414.894779304	 Delta: 3.02010485742

Tue, 30 Dec 2014 09:07:25 JPPCF.py[line:86]                            INFO Iter: 24	 Loss: 412.014551393	 Delta: 2.88022791133

Tue, 30 Dec 2014 09:07:26 JPPCF.py[line:86]                            INFO Iter: 25	 Loss: 409.334795612	 Delta: 2.67975578079

Tue, 30 Dec 2014 09:07:26 JPPCF.py[line:86]                            INFO Iter: 26	 Loss: 406.063092886	 Delta: 3.27170272617

Tue, 30 Dec 2014 09:07:26 JPPCF.py[line:86]                            INFO Iter: 27	 Loss: 402.58066962	 Delta: 3.48242326644

Tue, 30 Dec 2014 09:07:27 JPPCF.py[line:86]                            INFO Iter: 28	 Loss: 399.625434253	 Delta: 2.95523536652

Tue, 30 Dec 2014 09:07:27 JPPCF.py[line:86]                            INFO Iter: 29	 Loss: 397.477547092	 Delta: 2.14788716075

Tue, 30 Dec 2014 09:07:27 JPPCF.py[line:86]                            INFO Iter: 30	 Loss: 395.918396029	 Delta: 1.55915106312

Tue, 30 Dec 2014 09:07:28 JPPCF.py[line:86]                            INFO Iter: 31	 Loss: 394.438054701	 Delta: 1.4803413282

Tue, 30 Dec 2014 09:07:28 JPPCF.py[line:86]                            INFO Iter: 32	 Loss: 393.452818012	 Delta: 0.985236689238

Tue, 30 Dec 2014 09:07:28 JPPCF.py[line:88]                            INFO JPPCF OK

Tue, 30 Dec 2014 09:07:28 demo_dynamic_user_item_num.py[line:153]                            INFO [ok]
computing t-model NMF decomposition...
Tue, 30 Dec 2014 09:07:28 nmf.py[line:109]                            INFO Iter: 1	 Loss: 1678.64699219	 Delta: 998321.353008

Tue, 30 Dec 2014 09:07:28 nmf.py[line:109]                            INFO Iter: 2	 Loss: 1580.62688081	 Delta: 98.0201113858

Tue, 30 Dec 2014 09:07:29 nmf.py[line:109]                            INFO Iter: 3	 Loss: 1412.46931992	 Delta: 168.15756089

Tue, 30 Dec 2014 09:07:29 nmf.py[line:109]                            INFO Iter: 4	 Loss: 1072.40265152	 Delta: 340.066668401

Tue, 30 Dec 2014 09:07:29 nmf.py[line:109]                            INFO Iter: 5	 Loss: 830.632338263	 Delta: 241.770313252

Tue, 30 Dec 2014 09:07:29 nmf.py[line:109]                            INFO Iter: 6	 Loss: 683.106132436	 Delta: 147.526205827

Tue, 30 Dec 2014 09:07:29 nmf.py[line:109]                            INFO Iter: 7	 Loss: 577.265256362	 Delta: 105.840876074

Tue, 30 Dec 2014 09:07:29 nmf.py[line:109]                            INFO Iter: 8	 Loss: 504.271485386	 Delta: 72.9937709762

Tue, 30 Dec 2014 09:07:29 nmf.py[line:109]                            INFO Iter: 9	 Loss: 451.081675877	 Delta: 53.1898095093

Tue, 30 Dec 2014 09:07:30 nmf.py[line:109]                            INFO Iter: 10	 Loss: 413.791781133	 Delta: 37.2898947438

Tue, 30 Dec 2014 09:07:30 nmf.py[line:109]                            INFO Iter: 11	 Loss: 386.568214131	 Delta: 27.2235670021

Tue, 30 Dec 2014 09:07:30 nmf.py[line:109]                            INFO Iter: 12	 Loss: 366.747223066	 Delta: 19.8209910651

Tue, 30 Dec 2014 09:07:30 nmf.py[line:109]                            INFO Iter: 13	 Loss: 350.274204653	 Delta: 16.4730184127

Tue, 30 Dec 2014 09:07:30 nmf.py[line:109]                            INFO Iter: 14	 Loss: 335.279401242	 Delta: 14.994803411

Tue, 30 Dec 2014 09:07:30 nmf.py[line:109]                            INFO Iter: 15	 Loss: 321.114285266	 Delta: 14.1651159759

Tue, 30 Dec 2014 09:07:31 nmf.py[line:109]                            INFO Iter: 16	 Loss: 306.958173108	 Delta: 14.1561121579

Tue, 30 Dec 2014 09:07:31 nmf.py[line:109]                            INFO Iter: 17	 Loss: 295.152307786	 Delta: 11.8058653221

Tue, 30 Dec 2014 09:07:31 nmf.py[line:109]                            INFO Iter: 18	 Loss: 286.021771047	 Delta: 9.13053673969

Tue, 30 Dec 2014 09:07:31 nmf.py[line:109]                            INFO Iter: 19	 Loss: 279.274048185	 Delta: 6.74772286153

Tue, 30 Dec 2014 09:07:31 nmf.py[line:109]                            INFO Iter: 20	 Loss: 273.855461024	 Delta: 5.41858716091

Tue, 30 Dec 2014 09:07:31 nmf.py[line:109]                            INFO Iter: 21	 Loss: 269.079563918	 Delta: 4.77589710635

Tue, 30 Dec 2014 09:07:32 nmf.py[line:109]                            INFO Iter: 22	 Loss: 265.277378529	 Delta: 3.80218538866

Tue, 30 Dec 2014 09:07:32 nmf.py[line:109]                            INFO Iter: 23	 Loss: 262.305643443	 Delta: 2.97173508575

Tue, 30 Dec 2014 09:07:32 nmf.py[line:109]                            INFO Iter: 24	 Loss: 259.817576344	 Delta: 2.4880670998

Tue, 30 Dec 2014 09:07:32 nmf.py[line:109]                            INFO Iter: 25	 Loss: 257.590037605	 Delta: 2.22753873898

Tue, 30 Dec 2014 09:07:32 nmf.py[line:109]                            INFO Iter: 26	 Loss: 255.558202189	 Delta: 2.03183541582

Tue, 30 Dec 2014 09:07:32 nmf.py[line:109]                            INFO Iter: 27	 Loss: 253.635234219	 Delta: 1.92296797024

Tue, 30 Dec 2014 09:07:32 nmf.py[line:109]                            INFO Iter: 28	 Loss: 251.779693141	 Delta: 1.85554107728

Tue, 30 Dec 2014 09:07:33 nmf.py[line:109]                            INFO Iter: 29	 Loss: 250.074003211	 Delta: 1.70568992997

Tue, 30 Dec 2014 09:07:33 nmf.py[line:109]                            INFO Iter: 30	 Loss: 248.554591057	 Delta: 1.5194121539

Tue, 30 Dec 2014 09:07:33 nmf.py[line:109]                            INFO Iter: 31	 Loss: 247.238657436	 Delta: 1.31593362155

Tue, 30 Dec 2014 09:07:33 nmf.py[line:109]                            INFO Iter: 32	 Loss: 246.224436774	 Delta: 1.014220662

Tue, 30 Dec 2014 09:07:33 nmf.py[line:109]                            INFO Iter: 33	 Loss: 245.326935707	 Delta: 0.897501066836

Tue, 30 Dec 2014 09:07:33 nmf.py[line:113]                            INFO NMF OK
Tue, 30 Dec 2014 09:07:33 demo_dynamic_user_item_num.py[line:159]                            INFO [ok]
computing fix_model NMF decomposition...
Tue, 30 Dec 2014 09:07:33 demo_dynamic_user_item_num.py[line:169]                            INFO non zero cell num: 1665
Tue, 30 Dec 2014 09:07:33 nmf.py[line:109]                            INFO Iter: 1	 Loss: 1678.66455556	 Delta: 998321.335444

Tue, 30 Dec 2014 09:07:33 nmf.py[line:109]                            INFO Iter: 2	 Loss: 1579.22982817	 Delta: 99.4347273837

Tue, 30 Dec 2014 09:07:33 nmf.py[line:109]                            INFO Iter: 3	 Loss: 1388.05192254	 Delta: 191.177905635

Tue, 30 Dec 2014 09:07:33 nmf.py[line:109]                            INFO Iter: 4	 Loss: 1058.58130337	 Delta: 329.470619167

Tue, 30 Dec 2014 09:07:34 nmf.py[line:109]                            INFO Iter: 5	 Loss: 836.461816526	 Delta: 222.119486844

Tue, 30 Dec 2014 09:07:34 nmf.py[line:109]                            INFO Iter: 6	 Loss: 680.612204761	 Delta: 155.849611765

Tue, 30 Dec 2014 09:07:34 nmf.py[line:109]                            INFO Iter: 7	 Loss: 561.438911271	 Delta: 119.17329349

Tue, 30 Dec 2014 09:07:34 nmf.py[line:109]                            INFO Iter: 8	 Loss: 481.14686459	 Delta: 80.2920466806

Tue, 30 Dec 2014 09:07:34 nmf.py[line:109]                            INFO Iter: 9	 Loss: 427.84425371	 Delta: 53.30261088

Tue, 30 Dec 2014 09:07:34 nmf.py[line:109]                            INFO Iter: 10	 Loss: 387.852581157	 Delta: 39.9916725534

Tue, 30 Dec 2014 09:07:34 nmf.py[line:109]                            INFO Iter: 11	 Loss: 352.163191973	 Delta: 35.689389184

Tue, 30 Dec 2014 09:07:35 nmf.py[line:109]                            INFO Iter: 12	 Loss: 322.763473071	 Delta: 29.3997189017

Tue, 30 Dec 2014 09:07:35 nmf.py[line:109]                            INFO Iter: 13	 Loss: 301.685556904	 Delta: 21.0779161668

Tue, 30 Dec 2014 09:07:35 nmf.py[line:109]                            INFO Iter: 14	 Loss: 289.47504945	 Delta: 12.210507454

Tue, 30 Dec 2014 09:07:35 nmf.py[line:109]                            INFO Iter: 15	 Loss: 280.654536669	 Delta: 8.82051278121

Tue, 30 Dec 2014 09:07:35 nmf.py[line:109]                            INFO Iter: 16	 Loss: 273.441313469	 Delta: 7.2132231999

Tue, 30 Dec 2014 09:07:35 nmf.py[line:109]                            INFO Iter: 17	 Loss: 267.416681848	 Delta: 6.02463162159

Tue, 30 Dec 2014 09:07:35 nmf.py[line:109]                            INFO Iter: 18	 Loss: 262.797768927	 Delta: 4.61891292017

Tue, 30 Dec 2014 09:07:36 nmf.py[line:109]                            INFO Iter: 19	 Loss: 259.450655331	 Delta: 3.3471135961

Tue, 30 Dec 2014 09:07:36 nmf.py[line:109]                            INFO Iter: 20	 Loss: 256.920932238	 Delta: 2.52972309309

Tue, 30 Dec 2014 09:07:36 nmf.py[line:109]                            INFO Iter: 21	 Loss: 254.701036032	 Delta: 2.219896206

Tue, 30 Dec 2014 09:07:36 nmf.py[line:109]                            INFO Iter: 22	 Loss: 252.707589686	 Delta: 1.99344634634

Tue, 30 Dec 2014 09:07:36 nmf.py[line:109]                            INFO Iter: 23	 Loss: 250.833179195	 Delta: 1.87441049071

Tue, 30 Dec 2014 09:07:36 nmf.py[line:109]                            INFO Iter: 24	 Loss: 248.950386434	 Delta: 1.88279276117

Tue, 30 Dec 2014 09:07:36 nmf.py[line:109]                            INFO Iter: 25	 Loss: 246.901156496	 Delta: 2.04922993775

Tue, 30 Dec 2014 09:07:36 nmf.py[line:109]                            INFO Iter: 26	 Loss: 244.278611608	 Delta: 2.62254488778

Tue, 30 Dec 2014 09:07:36 nmf.py[line:109]                            INFO Iter: 27	 Loss: 240.888266168	 Delta: 3.39034544065

Tue, 30 Dec 2014 09:07:37 nmf.py[line:109]                            INFO Iter: 28	 Loss: 237.103570102	 Delta: 3.78469606624

Tue, 30 Dec 2014 09:07:37 nmf.py[line:109]                            INFO Iter: 29	 Loss: 233.630782279	 Delta: 3.47278782277

Tue, 30 Dec 2014 09:07:37 nmf.py[line:109]                            INFO Iter: 30	 Loss: 230.974820192	 Delta: 2.65596208637

Tue, 30 Dec 2014 09:07:37 nmf.py[line:109]                            INFO Iter: 31	 Loss: 229.122450891	 Delta: 1.85236930127

Tue, 30 Dec 2014 09:07:37 nmf.py[line:109]                            INFO Iter: 32	 Loss: 227.892436618	 Delta: 1.23001427305

Tue, 30 Dec 2014 09:07:37 nmf.py[line:109]                            INFO Iter: 33	 Loss: 227.020531682	 Delta: 0.871904936302

Tue, 30 Dec 2014 09:07:37 nmf.py[line:113]                            INFO NMF OK
Tue, 30 Dec 2014 09:07:37 demo_dynamic_user_item_num.py[line:175]                            INFO [ok]

Tue, 30 Dec 2014 09:07:37 demo_dynamic_user_item_num.py[line:177]                            INFO 	 fold_id:0

Tue, 30 Dec 2014 09:07:37 demo_dynamic_user_item_num.py[line:179]                            INFO 	recall at 10:
Tue, 30 Dec 2014 09:07:39 demo_dynamic_user_item_num.py[line:207]                            INFO 		t-model NMF :  0.274853274643

Tue, 30 Dec 2014 09:07:39 demo_dynamic_user_item_num.py[line:208]                            INFO 		f-model NMF :  0.309333733493

Tue, 30 Dec 2014 09:07:39 demo_dynamic_user_item_num.py[line:209]                            INFO 		JPPCF :  0.272802454315

Tue, 30 Dec 2014 09:07:39 demo_dynamic_user_item_num.py[line:179]                            INFO 	recall at 50:
Tue, 30 Dec 2014 09:07:40 demo_dynamic_user_item_num.py[line:207]                            INFO 		t-model NMF :  0.548145925037

Tue, 30 Dec 2014 09:07:40 demo_dynamic_user_item_num.py[line:208]                            INFO 		f-model NMF :  0.546455248766

Tue, 30 Dec 2014 09:07:40 demo_dynamic_user_item_num.py[line:209]                            INFO 		JPPCF :  0.55272775777

Tue, 30 Dec 2014 09:07:40 demo_dynamic_user_item_num.py[line:179]                            INFO 	recall at 100:
Tue, 30 Dec 2014 09:07:42 demo_dynamic_user_item_num.py[line:207]                            INFO 		t-model NMF :  0.645551553955

Tue, 30 Dec 2014 09:07:42 demo_dynamic_user_item_num.py[line:208]                            INFO 		f-model NMF :  0.646388555422

Tue, 30 Dec 2014 09:07:42 demo_dynamic_user_item_num.py[line:209]                            INFO 		JPPCF :  0.624966653328

Tue, 30 Dec 2014 09:07:42 demo_dynamic_user_item_num.py[line:179]                            INFO 	recall at 300:
Tue, 30 Dec 2014 09:07:43 demo_dynamic_user_item_num.py[line:207]                            INFO 		t-model NMF :  0.828664799253

Tue, 30 Dec 2014 09:07:43 demo_dynamic_user_item_num.py[line:208]                            INFO 		f-model NMF :  0.828164599173

Tue, 30 Dec 2014 09:07:43 demo_dynamic_user_item_num.py[line:209]                            INFO 		JPPCF :  0.820028011204

Tue, 30 Dec 2014 09:07:43 demo_dynamic_user_item_num.py[line:179]                            INFO 	recall at 500:
Tue, 30 Dec 2014 09:07:45 demo_dynamic_user_item_num.py[line:207]                            INFO 		t-model NMF :  0.87266573296

Tue, 30 Dec 2014 09:07:45 demo_dynamic_user_item_num.py[line:208]                            INFO 		f-model NMF :  0.85119047619

Tue, 30 Dec 2014 09:07:45 demo_dynamic_user_item_num.py[line:209]                            INFO 		JPPCF :  0.877100840336

Tue, 30 Dec 2014 09:07:45 demo_dynamic_user_item_num.py[line:179]                            INFO 	recall at 1000:
Tue, 30 Dec 2014 09:07:47 demo_dynamic_user_item_num.py[line:207]                            INFO 		t-model NMF :  0.953781512605

Tue, 30 Dec 2014 09:07:47 demo_dynamic_user_item_num.py[line:208]                            INFO 		f-model NMF :  0.950980392157

Tue, 30 Dec 2014 09:07:47 demo_dynamic_user_item_num.py[line:209]                            INFO 		JPPCF :  0.966386554622

Tue, 30 Dec 2014 09:07:47 demo_dynamic_user_item_num.py[line:211]                            INFO current_time_step: 2

Tue, 30 Dec 2014 09:07:47 demo_dynamic_user_item_num.py[line:214]                            INFO 	recall at 10:
Tue, 30 Dec 2014 09:07:47 demo_dynamic_user_item_num.py[line:218]                            INFO 		avg t-model NMF :  0.274853274643

Tue, 30 Dec 2014 09:07:47 demo_dynamic_user_item_num.py[line:219]                            INFO 		avg f-model NMF :  0.309333733493

Tue, 30 Dec 2014 09:07:47 demo_dynamic_user_item_num.py[line:220]                            INFO 		avg JPPCF :  0.272802454315

Tue, 30 Dec 2014 09:07:47 demo_dynamic_user_item_num.py[line:214]                            INFO 	recall at 50:
Tue, 30 Dec 2014 09:07:47 demo_dynamic_user_item_num.py[line:218]                            INFO 		avg t-model NMF :  0.548145925037

Tue, 30 Dec 2014 09:07:47 demo_dynamic_user_item_num.py[line:219]                            INFO 		avg f-model NMF :  0.546455248766

Tue, 30 Dec 2014 09:07:47 demo_dynamic_user_item_num.py[line:220]                            INFO 		avg JPPCF :  0.55272775777

Tue, 30 Dec 2014 09:07:47 demo_dynamic_user_item_num.py[line:214]                            INFO 	recall at 100:
Tue, 30 Dec 2014 09:07:47 demo_dynamic_user_item_num.py[line:218]                            INFO 		avg t-model NMF :  0.645551553955

Tue, 30 Dec 2014 09:07:47 demo_dynamic_user_item_num.py[line:219]                            INFO 		avg f-model NMF :  0.646388555422

Tue, 30 Dec 2014 09:07:47 demo_dynamic_user_item_num.py[line:220]                            INFO 		avg JPPCF :  0.624966653328

Tue, 30 Dec 2014 09:07:47 demo_dynamic_user_item_num.py[line:214]                            INFO 	recall at 300:
Tue, 30 Dec 2014 09:07:47 demo_dynamic_user_item_num.py[line:218]                            INFO 		avg t-model NMF :  0.828664799253

Tue, 30 Dec 2014 09:07:47 demo_dynamic_user_item_num.py[line:219]                            INFO 		avg f-model NMF :  0.828164599173

Tue, 30 Dec 2014 09:07:47 demo_dynamic_user_item_num.py[line:220]                            INFO 		avg JPPCF :  0.820028011204

Tue, 30 Dec 2014 09:07:47 demo_dynamic_user_item_num.py[line:214]                            INFO 	recall at 500:
Tue, 30 Dec 2014 09:07:47 demo_dynamic_user_item_num.py[line:218]                            INFO 		avg t-model NMF :  0.87266573296

Tue, 30 Dec 2014 09:07:47 demo_dynamic_user_item_num.py[line:219]                            INFO 		avg f-model NMF :  0.85119047619

Tue, 30 Dec 2014 09:07:47 demo_dynamic_user_item_num.py[line:220]                            INFO 		avg JPPCF :  0.877100840336

Tue, 30 Dec 2014 09:07:47 demo_dynamic_user_item_num.py[line:214]                            INFO 	recall at 1000:
Tue, 30 Dec 2014 09:07:47 demo_dynamic_user_item_num.py[line:218]                            INFO 		avg t-model NMF :  0.953781512605

Tue, 30 Dec 2014 09:07:47 demo_dynamic_user_item_num.py[line:219]                            INFO 		avg f-model NMF :  0.950980392157

Tue, 30 Dec 2014 09:07:47 demo_dynamic_user_item_num.py[line:220]                            INFO 		avg JPPCF :  0.966386554622

Tue, 30 Dec 2014 09:07:47 demo_dynamic_user_item_num.py[line:234]                            INFO =========================

Tue, 30 Dec 2014 09:07:47 demo_dynamic_user_item_num.py[line:117]                            INFO 
=========================

Tue, 30 Dec 2014 09:07:47 demo_dynamic_user_item_num.py[line:118]                            INFO time_step number %i:	3
Tue, 30 Dec 2014 09:07:47 demo_dynamic_user_item_num.py[line:119]                            INFO ----------------

Tue, 30 Dec 2014 09:07:47 demo_dynamic_user_item_num.py[line:142]                            INFO non zero cell num: 2740
Tue, 30 Dec 2014 09:07:47 demo_dynamic_user_item_num.py[line:144]                            INFO computing JPP decomposition...
Tue, 30 Dec 2014 09:07:48 JPPCF.py[line:86]                            INFO Iter: 1	 Loss: 5462.83476753	 Delta: 994537.165232

Tue, 30 Dec 2014 09:07:49 JPPCF.py[line:86]                            INFO Iter: 2	 Loss: 5067.37699968	 Delta: 395.457767848

Tue, 30 Dec 2014 09:07:49 JPPCF.py[line:86]                            INFO Iter: 3	 Loss: 3628.18141659	 Delta: 1439.19558309

Tue, 30 Dec 2014 09:07:50 JPPCF.py[line:86]                            INFO Iter: 4	 Loss: 2168.29920544	 Delta: 1459.88221115

Tue, 30 Dec 2014 09:07:51 JPPCF.py[line:86]                            INFO Iter: 5	 Loss: 1407.53120202	 Delta: 760.768003412

Tue, 30 Dec 2014 09:07:52 JPPCF.py[line:86]                            INFO Iter: 6	 Loss: 1035.16742614	 Delta: 372.36377589

Tue, 30 Dec 2014 09:07:53 JPPCF.py[line:86]                            INFO Iter: 7	 Loss: 778.717257525	 Delta: 256.450168611

Tue, 30 Dec 2014 09:07:54 JPPCF.py[line:86]                            INFO Iter: 8	 Loss: 592.987823266	 Delta: 185.729434259

Tue, 30 Dec 2014 09:07:54 JPPCF.py[line:86]                            INFO Iter: 9	 Loss: 455.15329941	 Delta: 137.834523857

Tue, 30 Dec 2014 09:07:55 JPPCF.py[line:86]                            INFO Iter: 10	 Loss: 360.27428813	 Delta: 94.8790112797

Tue, 30 Dec 2014 09:07:56 JPPCF.py[line:86]                            INFO Iter: 11	 Loss: 294.315556216	 Delta: 65.9587319137

Tue, 30 Dec 2014 09:07:57 JPPCF.py[line:86]                            INFO Iter: 12	 Loss: 242.134769498	 Delta: 52.1807867182

Tue, 30 Dec 2014 09:07:58 JPPCF.py[line:86]                            INFO Iter: 13	 Loss: 196.692931536	 Delta: 45.4418379619

Tue, 30 Dec 2014 09:07:59 JPPCF.py[line:86]                            INFO Iter: 14	 Loss: 158.928652074	 Delta: 37.7642794622

Tue, 30 Dec 2014 09:08:00 JPPCF.py[line:86]                            INFO Iter: 15	 Loss: 138.295519162	 Delta: 20.6331329114

Tue, 30 Dec 2014 09:08:00 JPPCF.py[line:86]                            INFO Iter: 16	 Loss: 127.858154889	 Delta: 10.4373642739

Tue, 30 Dec 2014 09:08:01 JPPCF.py[line:86]                            INFO Iter: 17	 Loss: 119.34376126	 Delta: 8.51439362837

Tue, 30 Dec 2014 09:08:02 JPPCF.py[line:86]                            INFO Iter: 18	 Loss: 109.579427608	 Delta: 9.76433365196

Tue, 30 Dec 2014 09:08:03 JPPCF.py[line:86]                            INFO Iter: 19	 Loss: 101.850472632	 Delta: 7.72895497601

Tue, 30 Dec 2014 09:08:04 JPPCF.py[line:86]                            INFO Iter: 20	 Loss: 94.203940405	 Delta: 7.64653222732

Tue, 30 Dec 2014 09:08:05 JPPCF.py[line:86]                            INFO Iter: 21	 Loss: 85.8481522001	 Delta: 8.35578820482

Tue, 30 Dec 2014 09:08:06 JPPCF.py[line:86]                            INFO Iter: 22	 Loss: 78.0781664808	 Delta: 7.76998571937

Tue, 30 Dec 2014 09:08:07 JPPCF.py[line:86]                            INFO Iter: 23	 Loss: 72.9816327618	 Delta: 5.09653371893

Tue, 30 Dec 2014 09:08:08 JPPCF.py[line:86]                            INFO Iter: 24	 Loss: 67.6957467332	 Delta: 5.2858860286

Tue, 30 Dec 2014 09:08:09 JPPCF.py[line:86]                            INFO Iter: 25	 Loss: 63.4480561084	 Delta: 4.24769062488

Tue, 30 Dec 2014 09:08:10 JPPCF.py[line:86]                            INFO Iter: 26	 Loss: 60.4443706837	 Delta: 3.00368542468

Tue, 30 Dec 2014 09:08:11 JPPCF.py[line:86]                            INFO Iter: 27	 Loss: 58.2496468352	 Delta: 2.19472384852

Tue, 30 Dec 2014 09:08:12 JPPCF.py[line:86]                            INFO Iter: 28	 Loss: 54.5812187383	 Delta: 3.66842809686

Tue, 30 Dec 2014 09:08:13 JPPCF.py[line:86]                            INFO Iter: 29	 Loss: 50.1970055391	 Delta: 4.38421319924

Tue, 30 Dec 2014 09:08:14 JPPCF.py[line:86]                            INFO Iter: 30	 Loss: 45.1051927662	 Delta: 5.09181277281

Tue, 30 Dec 2014 09:08:15 JPPCF.py[line:86]                            INFO Iter: 31	 Loss: 38.7322582232	 Delta: 6.37293454301

Tue, 30 Dec 2014 09:08:16 JPPCF.py[line:86]                            INFO Iter: 32	 Loss: 34.9228895647	 Delta: 3.80936865854

Tue, 30 Dec 2014 09:08:17 JPPCF.py[line:86]                            INFO Iter: 33	 Loss: 32.607228308	 Delta: 2.31566125666

Tue, 30 Dec 2014 09:08:18 JPPCF.py[line:86]                            INFO Iter: 34	 Loss: 30.3658270965	 Delta: 2.24140121154

Tue, 30 Dec 2014 09:08:19 JPPCF.py[line:86]                            INFO Iter: 35	 Loss: 27.1904712571	 Delta: 3.1753558394

Tue, 30 Dec 2014 09:08:20 JPPCF.py[line:86]                            INFO Iter: 36	 Loss: 23.5565867608	 Delta: 3.63388449631

Tue, 30 Dec 2014 09:08:21 JPPCF.py[line:86]                            INFO Iter: 37	 Loss: 18.0266232237	 Delta: 5.52996353707

Tue, 30 Dec 2014 09:08:22 JPPCF.py[line:86]                            INFO Iter: 38	 Loss: 12.1578354971	 Delta: 5.86878772666

Tue, 30 Dec 2014 09:08:23 JPPCF.py[line:86]                            INFO Iter: 39	 Loss: 8.8491283871	 Delta: 3.30870710997

Tue, 30 Dec 2014 09:08:24 JPPCF.py[line:86]                            INFO Iter: 40	 Loss: 4.29720800176	 Delta: 4.55192038534

Tue, 30 Dec 2014 09:08:25 JPPCF.py[line:86]                            INFO Iter: 41	 Loss: 1.05966946754	 Delta: 3.23753853422

Tue, 30 Dec 2014 09:08:26 JPPCF.py[line:86]                            INFO Iter: 42	 Loss: -0.987516652245	 Delta: 2.04718611979

Tue, 30 Dec 2014 09:08:27 JPPCF.py[line:86]                            INFO Iter: 43	 Loss: -4.2580071513	 Delta: 3.27049049906

Tue, 30 Dec 2014 09:08:28 JPPCF.py[line:86]                            INFO Iter: 44	 Loss: -6.95996292789	 Delta: 2.70195577658

Tue, 30 Dec 2014 09:08:29 JPPCF.py[line:86]                            INFO Iter: 45	 Loss: -10.213857128	 Delta: 3.25389420015

Tue, 30 Dec 2014 09:08:30 JPPCF.py[line:86]                            INFO Iter: 46	 Loss: -13.4123420879	 Delta: 3.19848495986

Tue, 30 Dec 2014 09:08:31 JPPCF.py[line:86]                            INFO Iter: 47	 Loss: -18.2143257381	 Delta: 4.80198365024

Tue, 30 Dec 2014 09:08:32 JPPCF.py[line:86]                            INFO Iter: 48	 Loss: -22.1688638727	 Delta: 3.95453813454

Tue, 30 Dec 2014 09:08:33 JPPCF.py[line:86]                            INFO Iter: 49	 Loss: -25.2194670726	 Delta: 3.05060319992

Tue, 30 Dec 2014 09:08:34 JPPCF.py[line:86]                            INFO Iter: 50	 Loss: -27.3712306976	 Delta: 2.151763625

Tue, 30 Dec 2014 09:08:35 JPPCF.py[line:86]                            INFO Iter: 51	 Loss: -30.4234775904	 Delta: 3.05224689283

Tue, 30 Dec 2014 09:08:36 JPPCF.py[line:86]                            INFO Iter: 52	 Loss: -34.2406522987	 Delta: 3.81717470822

Tue, 30 Dec 2014 09:08:37 JPPCF.py[line:86]                            INFO Iter: 53	 Loss: -36.4288866827	 Delta: 2.18823438407

Tue, 30 Dec 2014 09:08:38 JPPCF.py[line:86]                            INFO Iter: 54	 Loss: -36.6883879082	 Delta: 0.259501225505

Tue, 30 Dec 2014 09:08:38 JPPCF.py[line:88]                            INFO JPPCF OK

Tue, 30 Dec 2014 09:08:38 demo_dynamic_user_item_num.py[line:153]                            INFO [ok]
computing t-model NMF decomposition...
Tue, 30 Dec 2014 09:08:38 nmf.py[line:109]                            INFO Iter: 1	 Loss: 2757.84104481	 Delta: 997242.158955

Tue, 30 Dec 2014 09:08:39 nmf.py[line:109]                            INFO Iter: 2	 Loss: 2600.80289106	 Delta: 157.038153755

Tue, 30 Dec 2014 09:08:39 nmf.py[line:109]                            INFO Iter: 3	 Loss: 2402.3291904	 Delta: 198.473700654

Tue, 30 Dec 2014 09:08:39 nmf.py[line:109]                            INFO Iter: 4	 Loss: 2020.17721585	 Delta: 382.151974551

Tue, 30 Dec 2014 09:08:39 nmf.py[line:109]                            INFO Iter: 5	 Loss: 1650.47274798	 Delta: 369.704467874

Tue, 30 Dec 2014 09:08:39 nmf.py[line:109]                            INFO Iter: 6	 Loss: 1371.27529796	 Delta: 279.197450015

Tue, 30 Dec 2014 09:08:40 nmf.py[line:109]                            INFO Iter: 7	 Loss: 1187.08152673	 Delta: 184.193771237

Tue, 30 Dec 2014 09:08:40 nmf.py[line:109]                            INFO Iter: 8	 Loss: 1046.91275907	 Delta: 140.168767657

Tue, 30 Dec 2014 09:08:40 nmf.py[line:109]                            INFO Iter: 9	 Loss: 943.427955317	 Delta: 103.484803751

Tue, 30 Dec 2014 09:08:40 nmf.py[line:109]                            INFO Iter: 10	 Loss: 865.423348671	 Delta: 78.0046066461

Tue, 30 Dec 2014 09:08:41 nmf.py[line:109]                            INFO Iter: 11	 Loss: 808.648938305	 Delta: 56.7744103666

Tue, 30 Dec 2014 09:08:41 nmf.py[line:109]                            INFO Iter: 12	 Loss: 767.132875526	 Delta: 41.5160627785

Tue, 30 Dec 2014 09:08:41 nmf.py[line:109]                            INFO Iter: 13	 Loss: 735.080532764	 Delta: 32.0523427627

Tue, 30 Dec 2014 09:08:42 nmf.py[line:109]                            INFO Iter: 14	 Loss: 709.919363695	 Delta: 25.1611690683

Tue, 30 Dec 2014 09:08:42 nmf.py[line:109]                            INFO Iter: 15	 Loss: 688.442680762	 Delta: 21.4766829328

Tue, 30 Dec 2014 09:08:42 nmf.py[line:109]                            INFO Iter: 16	 Loss: 670.085588057	 Delta: 18.357092705

Tue, 30 Dec 2014 09:08:42 nmf.py[line:109]                            INFO Iter: 17	 Loss: 655.039821741	 Delta: 15.0457663165

Tue, 30 Dec 2014 09:08:43 nmf.py[line:109]                            INFO Iter: 18	 Loss: 642.027105202	 Delta: 13.012716539

Tue, 30 Dec 2014 09:08:43 nmf.py[line:109]                            INFO Iter: 19	 Loss: 631.332936167	 Delta: 10.6941690352

Tue, 30 Dec 2014 09:08:43 nmf.py[line:109]                            INFO Iter: 20	 Loss: 621.938644534	 Delta: 9.39429163221

Tue, 30 Dec 2014 09:08:43 nmf.py[line:109]                            INFO Iter: 21	 Loss: 616.108279342	 Delta: 5.83036519259

Tue, 30 Dec 2014 09:08:44 nmf.py[line:109]                            INFO Iter: 22	 Loss: 612.296117269	 Delta: 3.81216207289

Tue, 30 Dec 2014 09:08:44 nmf.py[line:109]                            INFO Iter: 23	 Loss: 607.987737353	 Delta: 4.30837991607

Tue, 30 Dec 2014 09:08:44 nmf.py[line:109]                            INFO Iter: 24	 Loss: 604.827562682	 Delta: 3.16017467069

Tue, 30 Dec 2014 09:08:44 nmf.py[line:109]                            INFO Iter: 25	 Loss: 602.24443305	 Delta: 2.58312963183

Tue, 30 Dec 2014 09:08:45 nmf.py[line:109]                            INFO Iter: 26	 Loss: 600.230887279	 Delta: 2.0135457719

Tue, 30 Dec 2014 09:08:45 nmf.py[line:109]                            INFO Iter: 27	 Loss: 598.464179047	 Delta: 1.76670823131

Tue, 30 Dec 2014 09:08:45 nmf.py[line:109]                            INFO Iter: 28	 Loss: 596.763062907	 Delta: 1.70111613992

Tue, 30 Dec 2014 09:08:45 nmf.py[line:109]                            INFO Iter: 29	 Loss: 594.963907841	 Delta: 1.79915506626

Tue, 30 Dec 2014 09:08:46 nmf.py[line:109]                            INFO Iter: 30	 Loss: 592.54774319	 Delta: 2.41616465143

Tue, 30 Dec 2014 09:08:46 nmf.py[line:109]                            INFO Iter: 31	 Loss: 589.904049021	 Delta: 2.64369416858

Tue, 30 Dec 2014 09:08:46 nmf.py[line:109]                            INFO Iter: 32	 Loss: 587.349817916	 Delta: 2.55423110474

Tue, 30 Dec 2014 09:08:46 nmf.py[line:109]                            INFO Iter: 33	 Loss: 584.845635231	 Delta: 2.50418268506

Tue, 30 Dec 2014 09:08:47 nmf.py[line:109]                            INFO Iter: 34	 Loss: 583.046247723	 Delta: 1.7993875081

Tue, 30 Dec 2014 09:08:47 nmf.py[line:109]                            INFO Iter: 35	 Loss: 581.532042038	 Delta: 1.51420568538

Tue, 30 Dec 2014 09:08:47 nmf.py[line:109]                            INFO Iter: 36	 Loss: 580.284341156	 Delta: 1.24770088218

Tue, 30 Dec 2014 09:08:47 nmf.py[line:109]                            INFO Iter: 37	 Loss: 579.488930289	 Delta: 0.795410866144

Tue, 30 Dec 2014 09:08:47 nmf.py[line:113]                            INFO NMF OK
Tue, 30 Dec 2014 09:08:47 demo_dynamic_user_item_num.py[line:159]                            INFO [ok]
computing fix_model NMF decomposition...
Tue, 30 Dec 2014 09:08:48 demo_dynamic_user_item_num.py[line:169]                            INFO non zero cell num: 4612
Tue, 30 Dec 2014 09:08:48 nmf.py[line:109]                            INFO Iter: 1	 Loss: 4647.28089713	 Delta: 995352.719103

Tue, 30 Dec 2014 09:08:48 nmf.py[line:109]                            INFO Iter: 2	 Loss: 4447.26406319	 Delta: 200.016833938

Tue, 30 Dec 2014 09:08:48 nmf.py[line:109]                            INFO Iter: 3	 Loss: 4189.01160982	 Delta: 258.252453376

Tue, 30 Dec 2014 09:08:48 nmf.py[line:109]                            INFO Iter: 4	 Loss: 3590.99644201	 Delta: 598.015167802

Tue, 30 Dec 2014 09:08:48 nmf.py[line:109]                            INFO Iter: 5	 Loss: 2948.90813877	 Delta: 642.088303243

Tue, 30 Dec 2014 09:08:49 nmf.py[line:109]                            INFO Iter: 6	 Loss: 2468.47888475	 Delta: 480.42925402

Tue, 30 Dec 2014 09:08:49 nmf.py[line:109]                            INFO Iter: 7	 Loss: 2134.73333614	 Delta: 333.745548607

Tue, 30 Dec 2014 09:08:49 nmf.py[line:109]                            INFO Iter: 8	 Loss: 1900.24307676	 Delta: 234.490259388

Tue, 30 Dec 2014 09:08:49 nmf.py[line:109]                            INFO Iter: 9	 Loss: 1730.05795056	 Delta: 170.1851262

Tue, 30 Dec 2014 09:08:49 nmf.py[line:109]                            INFO Iter: 10	 Loss: 1605.18912058	 Delta: 124.868829975

Tue, 30 Dec 2014 09:08:50 nmf.py[line:109]                            INFO Iter: 11	 Loss: 1507.70661393	 Delta: 97.4825066489

Tue, 30 Dec 2014 09:08:50 nmf.py[line:109]                            INFO Iter: 12	 Loss: 1426.49175298	 Delta: 81.2148609508

Tue, 30 Dec 2014 09:08:50 nmf.py[line:109]                            INFO Iter: 13	 Loss: 1359.06040292	 Delta: 67.4313500639

Tue, 30 Dec 2014 09:08:50 nmf.py[line:109]                            INFO Iter: 14	 Loss: 1303.66464105	 Delta: 55.3957618658

Tue, 30 Dec 2014 09:08:51 nmf.py[line:109]                            INFO Iter: 15	 Loss: 1259.31690283	 Delta: 44.3477382199

Tue, 30 Dec 2014 09:08:51 nmf.py[line:109]                            INFO Iter: 16	 Loss: 1222.75452418	 Delta: 36.5623786554

Tue, 30 Dec 2014 09:08:51 nmf.py[line:109]                            INFO Iter: 17	 Loss: 1189.90608437	 Delta: 32.8484398104

Tue, 30 Dec 2014 09:08:52 nmf.py[line:109]                            INFO Iter: 18	 Loss: 1160.58692169	 Delta: 29.3191626779

Tue, 30 Dec 2014 09:08:52 nmf.py[line:109]                            INFO Iter: 19	 Loss: 1136.23818001	 Delta: 24.3487416821

Tue, 30 Dec 2014 09:08:52 nmf.py[line:109]                            INFO Iter: 20	 Loss: 1117.13484061	 Delta: 19.103339399

Tue, 30 Dec 2014 09:08:53 nmf.py[line:109]                            INFO Iter: 21	 Loss: 1101.77093027	 Delta: 15.3639103389

Tue, 30 Dec 2014 09:08:53 nmf.py[line:109]                            INFO Iter: 22	 Loss: 1088.90594822	 Delta: 12.8649820534

Tue, 30 Dec 2014 09:08:53 nmf.py[line:109]                            INFO Iter: 23	 Loss: 1077.67094688	 Delta: 11.2350013395

Tue, 30 Dec 2014 09:08:54 nmf.py[line:109]                            INFO Iter: 24	 Loss: 1067.68865054	 Delta: 9.98229633906

Tue, 30 Dec 2014 09:08:54 nmf.py[line:109]                            INFO Iter: 25	 Loss: 1059.99877575	 Delta: 7.68987478973

Tue, 30 Dec 2014 09:08:54 nmf.py[line:109]                            INFO Iter: 26	 Loss: 1054.06433982	 Delta: 5.93443592832

Tue, 30 Dec 2014 09:08:55 nmf.py[line:109]                            INFO Iter: 27	 Loss: 1049.27691783	 Delta: 4.78742198869

Tue, 30 Dec 2014 09:08:55 nmf.py[line:109]                            INFO Iter: 28	 Loss: 1045.34271932	 Delta: 3.93419850587

Tue, 30 Dec 2014 09:08:55 nmf.py[line:109]                            INFO Iter: 29	 Loss: 1041.90959134	 Delta: 3.43312798502

Tue, 30 Dec 2014 09:08:56 nmf.py[line:109]                            INFO Iter: 30	 Loss: 1038.75783124	 Delta: 3.15176009961

Tue, 30 Dec 2014 09:08:56 nmf.py[line:109]                            INFO Iter: 31	 Loss: 1035.92046375	 Delta: 2.8373674901

Tue, 30 Dec 2014 09:08:56 nmf.py[line:109]                            INFO Iter: 32	 Loss: 1033.1958701	 Delta: 2.7245936484

Tue, 30 Dec 2014 09:08:56 nmf.py[line:109]                            INFO Iter: 33	 Loss: 1030.44089175	 Delta: 2.75497835424

Tue, 30 Dec 2014 09:08:57 nmf.py[line:109]                            INFO Iter: 34	 Loss: 1028.32828198	 Delta: 2.11260976998

Tue, 30 Dec 2014 09:08:57 nmf.py[line:109]                            INFO Iter: 35	 Loss: 1026.54136814	 Delta: 1.78691383937

Tue, 30 Dec 2014 09:08:57 nmf.py[line:109]                            INFO Iter: 36	 Loss: 1024.90527533	 Delta: 1.63609280755

Tue, 30 Dec 2014 09:08:58 nmf.py[line:109]                            INFO Iter: 37	 Loss: 1023.34754753	 Delta: 1.5577278001

Tue, 30 Dec 2014 09:08:58 nmf.py[line:109]                            INFO Iter: 38	 Loss: 1021.7923091	 Delta: 1.55523843053

Tue, 30 Dec 2014 09:08:58 nmf.py[line:109]                            INFO Iter: 39	 Loss: 1020.33368383	 Delta: 1.45862526705

Tue, 30 Dec 2014 09:08:58 nmf.py[line:109]                            INFO Iter: 40	 Loss: 1018.94460566	 Delta: 1.38907817335

Tue, 30 Dec 2014 09:08:59 nmf.py[line:109]                            INFO Iter: 41	 Loss: 1017.61322155	 Delta: 1.33138410743

Tue, 30 Dec 2014 09:08:59 nmf.py[line:109]                            INFO Iter: 42	 Loss: 1016.30662289	 Delta: 1.30659866112

Tue, 30 Dec 2014 09:08:59 nmf.py[line:109]                            INFO Iter: 43	 Loss: 1015.05530486	 Delta: 1.25131803092

Tue, 30 Dec 2014 09:08:59 nmf.py[line:109]                            INFO Iter: 44	 Loss: 1014.0081908	 Delta: 1.04711406048

Tue, 30 Dec 2014 09:09:00 nmf.py[line:109]                            INFO Iter: 45	 Loss: 1013.08948203	 Delta: 0.918708766758

Tue, 30 Dec 2014 09:09:00 nmf.py[line:113]                            INFO NMF OK
Tue, 30 Dec 2014 09:09:00 demo_dynamic_user_item_num.py[line:175]                            INFO [ok]

Tue, 30 Dec 2014 09:09:00 demo_dynamic_user_item_num.py[line:177]                            INFO 	 fold_id:0

Tue, 30 Dec 2014 09:09:00 demo_dynamic_user_item_num.py[line:179]                            INFO 	recall at 10:
Tue, 30 Dec 2014 09:09:05 demo_dynamic_user_item_num.py[line:207]                            INFO 		t-model NMF :  0.303949342385

Tue, 30 Dec 2014 09:09:05 demo_dynamic_user_item_num.py[line:208]                            INFO 		f-model NMF :  0.265856956502

Tue, 30 Dec 2014 09:09:05 demo_dynamic_user_item_num.py[line:209]                            INFO 		JPPCF :  0.298527238534

Tue, 30 Dec 2014 09:09:05 demo_dynamic_user_item_num.py[line:179]                            INFO 	recall at 50:
Tue, 30 Dec 2014 09:09:10 demo_dynamic_user_item_num.py[line:207]                            INFO 		t-model NMF :  0.498317479723

Tue, 30 Dec 2014 09:09:10 demo_dynamic_user_item_num.py[line:208]                            INFO 		f-model NMF :  0.485046466788

Tue, 30 Dec 2014 09:09:10 demo_dynamic_user_item_num.py[line:209]                            INFO 		JPPCF :  0.507110872228

Tue, 30 Dec 2014 09:09:10 demo_dynamic_user_item_num.py[line:179]                            INFO 	recall at 100:
Tue, 30 Dec 2014 09:09:16 demo_dynamic_user_item_num.py[line:207]                            INFO 		t-model NMF :  0.600382614526

Tue, 30 Dec 2014 09:09:16 demo_dynamic_user_item_num.py[line:208]                            INFO 		f-model NMF :  0.582909742317

Tue, 30 Dec 2014 09:09:16 demo_dynamic_user_item_num.py[line:209]                            INFO 		JPPCF :  0.614724260591

Tue, 30 Dec 2014 09:09:16 demo_dynamic_user_item_num.py[line:179]                            INFO 	recall at 300:
Tue, 30 Dec 2014 09:09:21 demo_dynamic_user_item_num.py[line:207]                            INFO 		t-model NMF :  0.77449484076

Tue, 30 Dec 2014 09:09:21 demo_dynamic_user_item_num.py[line:208]                            INFO 		f-model NMF :  0.77826397525

Tue, 30 Dec 2014 09:09:21 demo_dynamic_user_item_num.py[line:209]                            INFO 		JPPCF :  0.740673461454

Tue, 30 Dec 2014 09:09:21 demo_dynamic_user_item_num.py[line:179]                            INFO 	recall at 500:
Tue, 30 Dec 2014 09:09:26 demo_dynamic_user_item_num.py[line:207]                            INFO 		t-model NMF :  0.842277734116

Tue, 30 Dec 2014 09:09:26 demo_dynamic_user_item_num.py[line:208]                            INFO 		f-model NMF :  0.884493957494

Tue, 30 Dec 2014 09:09:26 demo_dynamic_user_item_num.py[line:209]                            INFO 		JPPCF :  0.807946536679

Tue, 30 Dec 2014 09:09:26 demo_dynamic_user_item_num.py[line:179]                            INFO 	recall at 1000:
Tue, 30 Dec 2014 09:09:32 demo_dynamic_user_item_num.py[line:207]                            INFO 		t-model NMF :  0.894965387036

Tue, 30 Dec 2014 09:09:32 demo_dynamic_user_item_num.py[line:208]                            INFO 		f-model NMF :  0.941874694077

Tue, 30 Dec 2014 09:09:32 demo_dynamic_user_item_num.py[line:209]                            INFO 		JPPCF :  0.904106356199

Tue, 30 Dec 2014 09:09:32 demo_dynamic_user_item_num.py[line:211]                            INFO current_time_step: 3

Tue, 30 Dec 2014 09:09:32 demo_dynamic_user_item_num.py[line:214]                            INFO 	recall at 10:
Tue, 30 Dec 2014 09:09:32 demo_dynamic_user_item_num.py[line:218]                            INFO 		avg t-model NMF :  0.303949342385

Tue, 30 Dec 2014 09:09:32 demo_dynamic_user_item_num.py[line:219]                            INFO 		avg f-model NMF :  0.265856956502

Tue, 30 Dec 2014 09:09:32 demo_dynamic_user_item_num.py[line:220]                            INFO 		avg JPPCF :  0.298527238534

Tue, 30 Dec 2014 09:09:32 demo_dynamic_user_item_num.py[line:214]                            INFO 	recall at 50:
Tue, 30 Dec 2014 09:09:32 demo_dynamic_user_item_num.py[line:218]                            INFO 		avg t-model NMF :  0.498317479723

Tue, 30 Dec 2014 09:09:32 demo_dynamic_user_item_num.py[line:219]                            INFO 		avg f-model NMF :  0.485046466788

Tue, 30 Dec 2014 09:09:32 demo_dynamic_user_item_num.py[line:220]                            INFO 		avg JPPCF :  0.507110872228

Tue, 30 Dec 2014 09:09:32 demo_dynamic_user_item_num.py[line:214]                            INFO 	recall at 100:
Tue, 30 Dec 2014 09:09:32 demo_dynamic_user_item_num.py[line:218]                            INFO 		avg t-model NMF :  0.600382614526

Tue, 30 Dec 2014 09:09:32 demo_dynamic_user_item_num.py[line:219]                            INFO 		avg f-model NMF :  0.582909742317

Tue, 30 Dec 2014 09:09:32 demo_dynamic_user_item_num.py[line:220]                            INFO 		avg JPPCF :  0.614724260591

Tue, 30 Dec 2014 09:09:32 demo_dynamic_user_item_num.py[line:214]                            INFO 	recall at 300:
Tue, 30 Dec 2014 09:09:32 demo_dynamic_user_item_num.py[line:218]                            INFO 		avg t-model NMF :  0.77449484076

Tue, 30 Dec 2014 09:09:32 demo_dynamic_user_item_num.py[line:219]                            INFO 		avg f-model NMF :  0.77826397525

Tue, 30 Dec 2014 09:09:32 demo_dynamic_user_item_num.py[line:220]                            INFO 		avg JPPCF :  0.740673461454

Tue, 30 Dec 2014 09:09:32 demo_dynamic_user_item_num.py[line:214]                            INFO 	recall at 500:
Tue, 30 Dec 2014 09:09:32 demo_dynamic_user_item_num.py[line:218]                            INFO 		avg t-model NMF :  0.842277734116

Tue, 30 Dec 2014 09:09:32 demo_dynamic_user_item_num.py[line:219]                            INFO 		avg f-model NMF :  0.884493957494

Tue, 30 Dec 2014 09:09:32 demo_dynamic_user_item_num.py[line:220]                            INFO 		avg JPPCF :  0.807946536679

Tue, 30 Dec 2014 09:09:32 demo_dynamic_user_item_num.py[line:214]                            INFO 	recall at 1000:
Tue, 30 Dec 2014 09:09:32 demo_dynamic_user_item_num.py[line:218]                            INFO 		avg t-model NMF :  0.894965387036

Tue, 30 Dec 2014 09:09:32 demo_dynamic_user_item_num.py[line:219]                            INFO 		avg f-model NMF :  0.941874694077

Tue, 30 Dec 2014 09:09:32 demo_dynamic_user_item_num.py[line:220]                            INFO 		avg JPPCF :  0.904106356199

Tue, 30 Dec 2014 09:09:32 demo_dynamic_user_item_num.py[line:234]                            INFO =========================

Tue, 30 Dec 2014 09:09:32 demo_dynamic_user_item_num.py[line:117]                            INFO 
=========================

Tue, 30 Dec 2014 09:09:32 demo_dynamic_user_item_num.py[line:118]                            INFO time_step number %i:	4
Tue, 30 Dec 2014 09:09:32 demo_dynamic_user_item_num.py[line:119]                            INFO ----------------

Tue, 30 Dec 2014 09:09:32 demo_dynamic_user_item_num.py[line:142]                            INFO non zero cell num: 2707
Tue, 30 Dec 2014 09:09:32 demo_dynamic_user_item_num.py[line:144]                            INFO computing JPP decomposition...
Tue, 30 Dec 2014 09:09:33 JPPCF.py[line:86]                            INFO Iter: 1	 Loss: 5419.80202374	 Delta: 994580.197976

Tue, 30 Dec 2014 09:09:34 JPPCF.py[line:86]                            INFO Iter: 2	 Loss: 5220.75190689	 Delta: 199.050116847

Tue, 30 Dec 2014 09:09:36 JPPCF.py[line:86]                            INFO Iter: 3	 Loss: 3669.73752816	 Delta: 1551.01437873

Tue, 30 Dec 2014 09:09:37 JPPCF.py[line:86]                            INFO Iter: 4	 Loss: 2518.48694585	 Delta: 1151.25058231

Tue, 30 Dec 2014 09:09:38 JPPCF.py[line:86]                            INFO Iter: 5	 Loss: 1736.73658944	 Delta: 781.750356409

Tue, 30 Dec 2014 09:09:40 JPPCF.py[line:86]                            INFO Iter: 6	 Loss: 1287.4152611	 Delta: 449.321328341

Tue, 30 Dec 2014 09:09:41 JPPCF.py[line:86]                            INFO Iter: 7	 Loss: 977.583806383	 Delta: 309.831454713

Tue, 30 Dec 2014 09:09:42 JPPCF.py[line:86]                            INFO Iter: 8	 Loss: 792.104966146	 Delta: 185.478840237

Tue, 30 Dec 2014 09:09:44 JPPCF.py[line:86]                            INFO Iter: 9	 Loss: 667.214069064	 Delta: 124.890897082

Tue, 30 Dec 2014 09:09:45 JPPCF.py[line:86]                            INFO Iter: 10	 Loss: 564.024663288	 Delta: 103.189405776

Tue, 30 Dec 2014 09:09:47 JPPCF.py[line:86]                            INFO Iter: 11	 Loss: 484.252831195	 Delta: 79.7718320928

Tue, 30 Dec 2014 09:09:48 JPPCF.py[line:86]                            INFO Iter: 12	 Loss: 426.974701816	 Delta: 57.2781293791

Tue, 30 Dec 2014 09:09:50 JPPCF.py[line:86]                            INFO Iter: 13	 Loss: 386.978818531	 Delta: 39.9958832848

Tue, 30 Dec 2014 09:09:51 JPPCF.py[line:86]                            INFO Iter: 14	 Loss: 357.386725646	 Delta: 29.5920928851

Tue, 30 Dec 2014 09:09:53 JPPCF.py[line:86]                            INFO Iter: 15	 Loss: 330.353633216	 Delta: 27.0330924307

Tue, 30 Dec 2014 09:09:54 JPPCF.py[line:86]                            INFO Iter: 16	 Loss: 304.558163102	 Delta: 25.7954701136

Tue, 30 Dec 2014 09:09:56 JPPCF.py[line:86]                            INFO Iter: 17	 Loss: 279.167029299	 Delta: 25.3911338027

Tue, 30 Dec 2014 09:09:58 JPPCF.py[line:86]                            INFO Iter: 18	 Loss: 256.027111031	 Delta: 23.1399182687

Tue, 30 Dec 2014 09:10:00 JPPCF.py[line:86]                            INFO Iter: 19	 Loss: 237.242659145	 Delta: 18.7844518859

Tue, 30 Dec 2014 09:10:01 JPPCF.py[line:86]                            INFO Iter: 20	 Loss: 222.721138538	 Delta: 14.5215206071

Tue, 30 Dec 2014 09:10:03 JPPCF.py[line:86]                            INFO Iter: 21	 Loss: 208.957352034	 Delta: 13.7637865042

Tue, 30 Dec 2014 09:10:05 JPPCF.py[line:86]                            INFO Iter: 22	 Loss: 193.741969264	 Delta: 15.2153827691

Tue, 30 Dec 2014 09:10:07 JPPCF.py[line:86]                            INFO Iter: 23	 Loss: 178.804530484	 Delta: 14.9374387808

Tue, 30 Dec 2014 09:10:09 JPPCF.py[line:86]                            INFO Iter: 24	 Loss: 166.640261359	 Delta: 12.1642691244

Tue, 30 Dec 2014 09:10:10 JPPCF.py[line:86]                            INFO Iter: 25	 Loss: 158.735056099	 Delta: 7.90520526054

Tue, 30 Dec 2014 09:10:12 JPPCF.py[line:86]                            INFO Iter: 26	 Loss: 150.318931009	 Delta: 8.41612509026

Tue, 30 Dec 2014 09:10:14 JPPCF.py[line:86]                            INFO Iter: 27	 Loss: 141.789415231	 Delta: 8.52951577755

Tue, 30 Dec 2014 09:10:16 JPPCF.py[line:86]                            INFO Iter: 28	 Loss: 134.854299534	 Delta: 6.93511569721

Tue, 30 Dec 2014 09:10:17 JPPCF.py[line:86]                            INFO Iter: 29	 Loss: 128.261274484	 Delta: 6.59302504941

Tue, 30 Dec 2014 09:10:19 JPPCF.py[line:86]                            INFO Iter: 30	 Loss: 122.264699363	 Delta: 5.99657512088

Tue, 30 Dec 2014 09:10:21 JPPCF.py[line:86]                            INFO Iter: 31	 Loss: 117.177301353	 Delta: 5.08739801092

Tue, 30 Dec 2014 09:10:23 JPPCF.py[line:86]                            INFO Iter: 32	 Loss: 112.99322376	 Delta: 4.18407759231

Tue, 30 Dec 2014 09:10:25 JPPCF.py[line:86]                            INFO Iter: 33	 Loss: 109.559307582	 Delta: 3.43391617834

Tue, 30 Dec 2014 09:10:27 JPPCF.py[line:86]                            INFO Iter: 34	 Loss: 106.430592542	 Delta: 3.1287150395

Tue, 30 Dec 2014 09:10:29 JPPCF.py[line:86]                            INFO Iter: 35	 Loss: 103.091952645	 Delta: 3.33863989767

Tue, 30 Dec 2014 09:10:30 JPPCF.py[line:86]                            INFO Iter: 36	 Loss: 99.6906271151	 Delta: 3.40132552965

Tue, 30 Dec 2014 09:10:32 JPPCF.py[line:86]                            INFO Iter: 37	 Loss: 95.971973992	 Delta: 3.71865312305

Tue, 30 Dec 2014 09:10:34 JPPCF.py[line:86]                            INFO Iter: 38	 Loss: 91.6453653276	 Delta: 4.32660866438

Tue, 30 Dec 2014 09:10:36 JPPCF.py[line:86]                            INFO Iter: 39	 Loss: 89.1385587634	 Delta: 2.50680656422

Tue, 30 Dec 2014 09:10:38 JPPCF.py[line:86]                            INFO Iter: 40	 Loss: 86.6535694423	 Delta: 2.48498932107

Tue, 30 Dec 2014 09:10:40 JPPCF.py[line:86]                            INFO Iter: 41	 Loss: 84.1202624217	 Delta: 2.53330702069

Tue, 30 Dec 2014 09:10:42 JPPCF.py[line:86]                            INFO Iter: 42	 Loss: 82.4644971503	 Delta: 1.65576527132

Tue, 30 Dec 2014 09:10:44 JPPCF.py[line:86]                            INFO Iter: 43	 Loss: 81.3258490055	 Delta: 1.13864814485

Tue, 30 Dec 2014 09:10:46 JPPCF.py[line:86]                            INFO Iter: 44	 Loss: 80.1971527404	 Delta: 1.12869626507

Tue, 30 Dec 2014 09:10:47 JPPCF.py[line:86]                            INFO Iter: 45	 Loss: 77.9367600087	 Delta: 2.26039273174

Tue, 30 Dec 2014 09:10:49 JPPCF.py[line:86]                            INFO Iter: 46	 Loss: 76.1091549639	 Delta: 1.82760504475

Tue, 30 Dec 2014 09:10:51 JPPCF.py[line:86]                            INFO Iter: 47	 Loss: 74.9098721519	 Delta: 1.19928281202

Tue, 30 Dec 2014 09:10:53 JPPCF.py[line:86]                            INFO Iter: 48	 Loss: 73.418819396	 Delta: 1.49105275593

Tue, 30 Dec 2014 09:10:55 JPPCF.py[line:86]                            INFO Iter: 49	 Loss: 70.6522980807	 Delta: 2.76652131533

Tue, 30 Dec 2014 09:10:57 JPPCF.py[line:86]                            INFO Iter: 50	 Loss: 65.3392496182	 Delta: 5.31304846246

Tue, 30 Dec 2014 09:10:59 JPPCF.py[line:86]                            INFO Iter: 51	 Loss: 60.340862109	 Delta: 4.99838750923

Tue, 30 Dec 2014 09:11:01 JPPCF.py[line:86]                            INFO Iter: 52	 Loss: 55.6898953591	 Delta: 4.65096674982

Tue, 30 Dec 2014 09:11:03 JPPCF.py[line:86]                            INFO Iter: 53	 Loss: 52.367758357	 Delta: 3.32213700217

Tue, 30 Dec 2014 09:11:05 JPPCF.py[line:86]                            INFO Iter: 54	 Loss: 49.3693078784	 Delta: 2.99845047857

Tue, 30 Dec 2014 09:11:07 JPPCF.py[line:86]                            INFO Iter: 55	 Loss: 46.8865474247	 Delta: 2.48276045374

Tue, 30 Dec 2014 09:11:09 JPPCF.py[line:86]                            INFO Iter: 56	 Loss: 44.3086461074	 Delta: 2.57790131722

Tue, 30 Dec 2014 09:11:11 JPPCF.py[line:86]                            INFO Iter: 57	 Loss: 42.4047753606	 Delta: 1.9038707468

Tue, 30 Dec 2014 09:11:13 JPPCF.py[line:86]                            INFO Iter: 58	 Loss: 41.2759155667	 Delta: 1.12885979397

Tue, 30 Dec 2014 09:11:15 JPPCF.py[line:86]                            INFO Iter: 59	 Loss: 40.7082559076	 Delta: 0.5676596591

Tue, 30 Dec 2014 09:11:15 JPPCF.py[line:88]                            INFO JPPCF OK

Tue, 30 Dec 2014 09:11:15 demo_dynamic_user_item_num.py[line:153]                            INFO [ok]
computing t-model NMF decomposition...
Tue, 30 Dec 2014 09:11:15 nmf.py[line:109]                            INFO Iter: 1	 Loss: 2718.11534217	 Delta: 997281.884658

Tue, 30 Dec 2014 09:11:16 nmf.py[line:109]                            INFO Iter: 2	 Loss: 2625.79867009	 Delta: 92.3166720795

Tue, 30 Dec 2014 09:11:16 nmf.py[line:109]                            INFO Iter: 3	 Loss: 2442.28374049	 Delta: 183.514929598

Tue, 30 Dec 2014 09:11:16 nmf.py[line:109]                            INFO Iter: 4	 Loss: 2040.03203145	 Delta: 402.251709041

Tue, 30 Dec 2014 09:11:17 nmf.py[line:109]                            INFO Iter: 5	 Loss: 1678.83266078	 Delta: 361.19937067

Tue, 30 Dec 2014 09:11:17 nmf.py[line:109]                            INFO Iter: 6	 Loss: 1432.87889411	 Delta: 245.95376667

Tue, 30 Dec 2014 09:11:18 nmf.py[line:109]                            INFO Iter: 7	 Loss: 1261.7349789	 Delta: 171.143915205

Tue, 30 Dec 2014 09:11:18 nmf.py[line:109]                            INFO Iter: 8	 Loss: 1143.6367816	 Delta: 118.098197303

Tue, 30 Dec 2014 09:11:18 nmf.py[line:109]                            INFO Iter: 9	 Loss: 1063.64174508	 Delta: 79.9950365244

Tue, 30 Dec 2014 09:11:19 nmf.py[line:109]                            INFO Iter: 10	 Loss: 1003.59714621	 Delta: 60.0445988676

Tue, 30 Dec 2014 09:11:19 nmf.py[line:109]                            INFO Iter: 11	 Loss: 957.629525839	 Delta: 45.9676203708

Tue, 30 Dec 2014 09:11:20 nmf.py[line:109]                            INFO Iter: 12	 Loss: 922.172681209	 Delta: 35.4568446298

Tue, 30 Dec 2014 09:11:20 nmf.py[line:109]                            INFO Iter: 13	 Loss: 892.027618613	 Delta: 30.145062596

Tue, 30 Dec 2014 09:11:21 nmf.py[line:109]                            INFO Iter: 14	 Loss: 866.752799659	 Delta: 25.2748189547

Tue, 30 Dec 2014 09:11:21 nmf.py[line:109]                            INFO Iter: 15	 Loss: 844.414542472	 Delta: 22.3382571863

Tue, 30 Dec 2014 09:11:22 nmf.py[line:109]                            INFO Iter: 16	 Loss: 824.420511644	 Delta: 19.9940308277

Tue, 30 Dec 2014 09:11:22 nmf.py[line:109]                            INFO Iter: 17	 Loss: 804.481455377	 Delta: 19.939056267

Tue, 30 Dec 2014 09:11:23 nmf.py[line:109]                            INFO Iter: 18	 Loss: 788.526086927	 Delta: 15.9553684504

Tue, 30 Dec 2014 09:11:23 nmf.py[line:109]                            INFO Iter: 19	 Loss: 777.3949688	 Delta: 11.1311181266

Tue, 30 Dec 2014 09:11:23 nmf.py[line:109]                            INFO Iter: 20	 Loss: 768.448668536	 Delta: 8.94630026454

Tue, 30 Dec 2014 09:11:24 nmf.py[line:109]                            INFO Iter: 21	 Loss: 761.49433001	 Delta: 6.95433852581

Tue, 30 Dec 2014 09:11:24 nmf.py[line:109]                            INFO Iter: 22	 Loss: 755.776114427	 Delta: 5.71821558346

Tue, 30 Dec 2014 09:11:25 nmf.py[line:109]                            INFO Iter: 23	 Loss: 750.697880185	 Delta: 5.07823424122

Tue, 30 Dec 2014 09:11:25 nmf.py[line:109]                            INFO Iter: 24	 Loss: 746.72529716	 Delta: 3.97258302564

Tue, 30 Dec 2014 09:11:25 nmf.py[line:109]                            INFO Iter: 25	 Loss: 743.100318281	 Delta: 3.62497887879

Tue, 30 Dec 2014 09:11:26 nmf.py[line:109]                            INFO Iter: 26	 Loss: 740.367800286	 Delta: 2.73251799508

Tue, 30 Dec 2014 09:11:26 nmf.py[line:109]                            INFO Iter: 27	 Loss: 738.05778666	 Delta: 2.31001362572

Tue, 30 Dec 2014 09:11:27 nmf.py[line:109]                            INFO Iter: 28	 Loss: 735.95945094	 Delta: 2.09833572064

Tue, 30 Dec 2014 09:11:27 nmf.py[line:109]                            INFO Iter: 29	 Loss: 733.414252625	 Delta: 2.54519831502

Tue, 30 Dec 2014 09:11:27 nmf.py[line:109]                            INFO Iter: 30	 Loss: 728.816780904	 Delta: 4.59747172057

Tue, 30 Dec 2014 09:11:28 nmf.py[line:109]                            INFO Iter: 31	 Loss: 723.98016751	 Delta: 4.83661339374

Tue, 30 Dec 2014 09:11:28 nmf.py[line:109]                            INFO Iter: 32	 Loss: 720.970207085	 Delta: 3.00996042505

Tue, 30 Dec 2014 09:11:29 nmf.py[line:109]                            INFO Iter: 33	 Loss: 718.742304183	 Delta: 2.22790290252

Tue, 30 Dec 2014 09:11:29 nmf.py[line:109]                            INFO Iter: 34	 Loss: 716.882488648	 Delta: 1.85981553484

Tue, 30 Dec 2014 09:11:29 nmf.py[line:109]                            INFO Iter: 35	 Loss: 715.235139739	 Delta: 1.64734890902

Tue, 30 Dec 2014 09:11:30 nmf.py[line:109]                            INFO Iter: 36	 Loss: 713.615281635	 Delta: 1.61985810346

Tue, 30 Dec 2014 09:11:30 nmf.py[line:109]                            INFO Iter: 37	 Loss: 711.647265486	 Delta: 1.9680161489

Tue, 30 Dec 2014 09:11:31 nmf.py[line:109]                            INFO Iter: 38	 Loss: 708.963751133	 Delta: 2.6835143534

Tue, 30 Dec 2014 09:11:31 nmf.py[line:109]                            INFO Iter: 39	 Loss: 705.937661978	 Delta: 3.02608915477

Tue, 30 Dec 2014 09:11:31 nmf.py[line:109]                            INFO Iter: 40	 Loss: 704.370282046	 Delta: 1.56737993226

Tue, 30 Dec 2014 09:11:32 nmf.py[line:109]                            INFO Iter: 41	 Loss: 703.291012045	 Delta: 1.07927000087

Tue, 30 Dec 2014 09:11:32 nmf.py[line:109]                            INFO Iter: 42	 Loss: 702.204411192	 Delta: 1.08660085319

Tue, 30 Dec 2014 09:11:32 nmf.py[line:109]                            INFO Iter: 43	 Loss: 700.910512749	 Delta: 1.29389844296

Tue, 30 Dec 2014 09:11:33 nmf.py[line:109]                            INFO Iter: 44	 Loss: 699.444399038	 Delta: 1.46611371067

Tue, 30 Dec 2014 09:11:33 nmf.py[line:109]                            INFO Iter: 45	 Loss: 698.170183061	 Delta: 1.27421597749

Tue, 30 Dec 2014 09:11:34 nmf.py[line:109]                            INFO Iter: 46	 Loss: 697.204938556	 Delta: 0.965244504791

Tue, 30 Dec 2014 09:11:34 nmf.py[line:113]                            INFO NMF OK
Tue, 30 Dec 2014 09:11:34 demo_dynamic_user_item_num.py[line:159]                            INFO [ok]
computing fix_model NMF decomposition...
Tue, 30 Dec 2014 09:11:34 demo_dynamic_user_item_num.py[line:169]                            INFO non zero cell num: 7728
Tue, 30 Dec 2014 09:11:34 nmf.py[line:109]                            INFO Iter: 1	 Loss: 7782.01604433	 Delta: 992217.983956

Tue, 30 Dec 2014 09:11:34 nmf.py[line:109]                            INFO Iter: 2	 Loss: 7511.35882416	 Delta: 270.65722017

Tue, 30 Dec 2014 09:11:35 nmf.py[line:109]                            INFO Iter: 3	 Loss: 7213.61099224	 Delta: 297.747831925

Tue, 30 Dec 2014 09:11:35 nmf.py[line:109]                            INFO Iter: 4	 Loss: 6407.64659831	 Delta: 805.964393928

Tue, 30 Dec 2014 09:11:35 nmf.py[line:109]                            INFO Iter: 5	 Loss: 5530.89957046	 Delta: 876.747027848

Tue, 30 Dec 2014 09:11:36 nmf.py[line:109]                            INFO Iter: 6	 Loss: 4810.23304178	 Delta: 720.666528682

Tue, 30 Dec 2014 09:11:36 nmf.py[line:109]                            INFO Iter: 7	 Loss: 4264.47458787	 Delta: 545.758453905

Tue, 30 Dec 2014 09:11:36 nmf.py[line:109]                            INFO Iter: 8	 Loss: 3861.25536553	 Delta: 403.219222347

Tue, 30 Dec 2014 09:11:37 nmf.py[line:109]                            INFO Iter: 9	 Loss: 3565.56021495	 Delta: 295.695150579

Tue, 30 Dec 2014 09:11:37 nmf.py[line:109]                            INFO Iter: 10	 Loss: 3342.88498222	 Delta: 222.675232732

Tue, 30 Dec 2014 09:11:37 nmf.py[line:109]                            INFO Iter: 11	 Loss: 3173.95651878	 Delta: 168.928463433

Tue, 30 Dec 2014 09:11:38 nmf.py[line:109]                            INFO Iter: 12	 Loss: 3045.0644737	 Delta: 128.892045085

Tue, 30 Dec 2014 09:11:38 nmf.py[line:109]                            INFO Iter: 13	 Loss: 2940.74867244	 Delta: 104.315801253

Tue, 30 Dec 2014 09:11:39 nmf.py[line:109]                            INFO Iter: 14	 Loss: 2851.58904613	 Delta: 89.1596263167

Tue, 30 Dec 2014 09:11:39 nmf.py[line:109]                            INFO Iter: 15	 Loss: 2775.89936531	 Delta: 75.6896808162

Tue, 30 Dec 2014 09:11:40 nmf.py[line:109]                            INFO Iter: 16	 Loss: 2713.42508918	 Delta: 62.4742761258

Tue, 30 Dec 2014 09:11:40 nmf.py[line:109]                            INFO Iter: 17	 Loss: 2661.47075409	 Delta: 51.954335094

Tue, 30 Dec 2014 09:11:41 nmf.py[line:109]                            INFO Iter: 18	 Loss: 2616.72864512	 Delta: 44.7421089751

Tue, 30 Dec 2014 09:11:41 nmf.py[line:109]                            INFO Iter: 19	 Loss: 2578.11495197	 Delta: 38.6136931463

Tue, 30 Dec 2014 09:11:42 nmf.py[line:109]                            INFO Iter: 20	 Loss: 2547.0784423	 Delta: 31.0365096685

Tue, 30 Dec 2014 09:11:42 nmf.py[line:109]                            INFO Iter: 21	 Loss: 2523.05136872	 Delta: 24.0270735764

Tue, 30 Dec 2014 09:11:43 nmf.py[line:109]                            INFO Iter: 22	 Loss: 2503.52805187	 Delta: 19.5233168576

Tue, 30 Dec 2014 09:11:43 nmf.py[line:109]                            INFO Iter: 23	 Loss: 2487.56222083	 Delta: 15.9658310338

Tue, 30 Dec 2014 09:11:44 nmf.py[line:109]                            INFO Iter: 24	 Loss: 2473.54862054	 Delta: 14.0136002948

Tue, 30 Dec 2014 09:11:45 nmf.py[line:109]                            INFO Iter: 25	 Loss: 2460.63768061	 Delta: 12.9109399296

Tue, 30 Dec 2014 09:11:45 nmf.py[line:109]                            INFO Iter: 26	 Loss: 2449.31281086	 Delta: 11.3248697499

Tue, 30 Dec 2014 09:11:46 nmf.py[line:109]                            INFO Iter: 27	 Loss: 2439.58090795	 Delta: 9.73190290405

Tue, 30 Dec 2014 09:11:46 nmf.py[line:109]                            INFO Iter: 28	 Loss: 2430.63243344	 Delta: 8.94847451306

Tue, 30 Dec 2014 09:11:47 nmf.py[line:109]                            INFO Iter: 29	 Loss: 2422.18433772	 Delta: 8.4480957242

Tue, 30 Dec 2014 09:11:47 nmf.py[line:109]                            INFO Iter: 30	 Loss: 2414.23606072	 Delta: 7.94827699685

Tue, 30 Dec 2014 09:11:48 nmf.py[line:109]                            INFO Iter: 31	 Loss: 2407.16963125	 Delta: 7.06642946712

Tue, 30 Dec 2014 09:11:48 nmf.py[line:109]                            INFO Iter: 32	 Loss: 2401.14922952	 Delta: 6.02040173554

Tue, 30 Dec 2014 09:11:49 nmf.py[line:109]                            INFO Iter: 33	 Loss: 2396.02772342	 Delta: 5.12150609419

Tue, 30 Dec 2014 09:11:49 nmf.py[line:109]                            INFO Iter: 34	 Loss: 2391.63222232	 Delta: 4.39550109883

