Tue, 30 Dec 2014 09:07:15 demo_dynamic_user_item_num.py[line:97]                            INFO user num: 3386

Tue, 30 Dec 2014 09:07:15 demo_dynamic_user_item_num.py[line:98]                            INFO doc num: 7695

Tue, 30 Dec 2014 09:07:15 demo_dynamic_user_item_num.py[line:99]                            INFO time step num: 20

Tue, 30 Dec 2014 09:07:15 demo_dynamic_user_item_num.py[line:106]                            INFO non zero cell num: 1338
Tue, 30 Dec 2014 09:07:15 demo_dynamic_user_item_num.py[line:107]                            INFO start nmf:

Tue, 30 Dec 2014 09:07:15 nmf.py[line:109]                            INFO Iter: 1	 Loss: 1354.70982577	 Delta: 998645.290174

Tue, 30 Dec 2014 09:07:15 nmf.py[line:109]                            INFO Iter: 2	 Loss: 1202.23178674	 Delta: 152.478039032

Tue, 30 Dec 2014 09:07:15 nmf.py[line:109]                            INFO Iter: 3	 Loss: 1080.80368836	 Delta: 121.428098384

Tue, 30 Dec 2014 09:07:15 nmf.py[line:109]                            INFO Iter: 4	 Loss: 827.229678847	 Delta: 253.574009511

Tue, 30 Dec 2014 09:07:15 nmf.py[line:109]                            INFO Iter: 5	 Loss: 644.939264139	 Delta: 182.290414707

Tue, 30 Dec 2014 09:07:15 nmf.py[line:109]                            INFO Iter: 6	 Loss: 478.147391312	 Delta: 166.791872827

Tue, 30 Dec 2014 09:07:15 nmf.py[line:109]                            INFO Iter: 7	 Loss: 386.967724456	 Delta: 91.1796668564

Tue, 30 Dec 2014 09:07:15 nmf.py[line:109]                            INFO Iter: 8	 Loss: 321.093455086	 Delta: 65.8742693699

Tue, 30 Dec 2014 09:07:15 nmf.py[line:109]                            INFO Iter: 9	 Loss: 276.209637785	 Delta: 44.8838173005

Tue, 30 Dec 2014 09:07:16 nmf.py[line:109]                            INFO Iter: 10	 Loss: 243.009956278	 Delta: 33.1996815076

Tue, 30 Dec 2014 09:07:16 nmf.py[line:109]                            INFO Iter: 11	 Loss: 212.535813454	 Delta: 30.4741428237

Tue, 30 Dec 2014 09:07:16 nmf.py[line:109]                            INFO Iter: 12	 Loss: 191.445133886	 Delta: 21.0906795684

Tue, 30 Dec 2014 09:07:16 nmf.py[line:109]                            INFO Iter: 13	 Loss: 177.487599521	 Delta: 13.9575343647

Tue, 30 Dec 2014 09:07:16 nmf.py[line:109]                            INFO Iter: 14	 Loss: 167.450575995	 Delta: 10.0370235263

Tue, 30 Dec 2014 09:07:16 nmf.py[line:109]                            INFO Iter: 15	 Loss: 159.561175075	 Delta: 7.88940091996

Tue, 30 Dec 2014 09:07:16 nmf.py[line:109]                            INFO Iter: 16	 Loss: 150.950807704	 Delta: 8.61036737099

Tue, 30 Dec 2014 09:07:16 nmf.py[line:109]                            INFO Iter: 17	 Loss: 142.482421137	 Delta: 8.46838656725

Tue, 30 Dec 2014 09:07:16 nmf.py[line:109]                            INFO Iter: 18	 Loss: 137.069364044	 Delta: 5.41305709262

Tue, 30 Dec 2014 09:07:16 nmf.py[line:109]                            INFO Iter: 19	 Loss: 132.415991685	 Delta: 4.65337235905

Tue, 30 Dec 2014 09:07:16 nmf.py[line:109]                            INFO Iter: 20	 Loss: 128.39921102	 Delta: 4.01678066537

Tue, 30 Dec 2014 09:07:16 nmf.py[line:109]                            INFO Iter: 21	 Loss: 124.959320805	 Delta: 3.43989021463

Tue, 30 Dec 2014 09:07:16 nmf.py[line:109]                            INFO Iter: 22	 Loss: 121.996683374	 Delta: 2.96263743124

Tue, 30 Dec 2014 09:07:16 nmf.py[line:109]                            INFO Iter: 23	 Loss: 119.099909757	 Delta: 2.89677361678

Tue, 30 Dec 2014 09:07:16 nmf.py[line:109]                            INFO Iter: 24	 Loss: 116.137430748	 Delta: 2.96247900884

Tue, 30 Dec 2014 09:07:16 nmf.py[line:109]                            INFO Iter: 25	 Loss: 113.656107823	 Delta: 2.48132292453

Tue, 30 Dec 2014 09:07:17 nmf.py[line:109]                            INFO Iter: 26	 Loss: 111.616969257	 Delta: 2.03913856666

Tue, 30 Dec 2014 09:07:17 nmf.py[line:109]                            INFO Iter: 27	 Loss: 109.802177419	 Delta: 1.81479183796

Tue, 30 Dec 2014 09:07:17 nmf.py[line:109]                            INFO Iter: 28	 Loss: 108.126113719	 Delta: 1.67606369975

Tue, 30 Dec 2014 09:07:17 nmf.py[line:109]                            INFO Iter: 29	 Loss: 106.522721568	 Delta: 1.60339215083

Tue, 30 Dec 2014 09:07:17 nmf.py[line:109]                            INFO Iter: 30	 Loss: 104.923032965	 Delta: 1.59968860302

Tue, 30 Dec 2014 09:07:17 nmf.py[line:109]                            INFO Iter: 31	 Loss: 103.303502119	 Delta: 1.61953084621

Tue, 30 Dec 2014 09:07:17 nmf.py[line:109]                            INFO Iter: 32	 Loss: 101.7273601	 Delta: 1.57614201933

Tue, 30 Dec 2014 09:07:17 nmf.py[line:109]                            INFO Iter: 33	 Loss: 100.250830656	 Delta: 1.47652944379

Tue, 30 Dec 2014 09:07:17 nmf.py[line:109]                            INFO Iter: 34	 Loss: 98.9436707233	 Delta: 1.30715993264

Tue, 30 Dec 2014 09:07:17 nmf.py[line:109]                            INFO Iter: 35	 Loss: 97.9511887455	 Delta: 0.992481977813

Tue, 30 Dec 2014 09:07:17 nmf.py[line:113]                            INFO NMF OK
Tue, 30 Dec 2014 09:07:17 demo_dynamic_user_item_num.py[line:117]                            INFO 
=========================

Tue, 30 Dec 2014 09:07:17 demo_dynamic_user_item_num.py[line:118]                            INFO time_step number %i:	2
Tue, 30 Dec 2014 09:07:17 demo_dynamic_user_item_num.py[line:119]                            INFO ----------------

Tue, 30 Dec 2014 09:07:17 demo_dynamic_user_item_num.py[line:142]                            INFO non zero cell num: 1665
Tue, 30 Dec 2014 09:07:17 demo_dynamic_user_item_num.py[line:144]                            INFO computing JPP decomposition...
Tue, 30 Dec 2014 09:07:17 JPPCF.py[line:86]                            INFO Iter: 1	 Loss: 3306.8393457	 Delta: 996693.160654

Tue, 30 Dec 2014 09:07:18 JPPCF.py[line:86]                            INFO Iter: 2	 Loss: 3187.51810632	 Delta: 119.321239374

Tue, 30 Dec 2014 09:07:18 JPPCF.py[line:86]                            INFO Iter: 3	 Loss: 2305.65329952	 Delta: 881.864806799

Tue, 30 Dec 2014 09:07:18 JPPCF.py[line:86]                            INFO Iter: 4	 Loss: 1419.05457789	 Delta: 886.598721638

Tue, 30 Dec 2014 09:07:19 JPPCF.py[line:86]                            INFO Iter: 5	 Loss: 976.753084403	 Delta: 442.301493485

Tue, 30 Dec 2014 09:07:19 JPPCF.py[line:86]                            INFO Iter: 6	 Loss: 742.48603535	 Delta: 234.267049053

Tue, 30 Dec 2014 09:07:20 JPPCF.py[line:86]                            INFO Iter: 7	 Loss: 595.555809811	 Delta: 146.930225539

Tue, 30 Dec 2014 09:07:20 JPPCF.py[line:86]                            INFO Iter: 8	 Loss: 518.399566449	 Delta: 77.1562433613

Tue, 30 Dec 2014 09:07:20 JPPCF.py[line:86]                            INFO Iter: 9	 Loss: 468.446312191	 Delta: 49.9532542586

Tue, 30 Dec 2014 09:07:21 JPPCF.py[line:86]                            INFO Iter: 10	 Loss: 435.418763921	 Delta: 33.0275482701

Tue, 30 Dec 2014 09:07:21 JPPCF.py[line:86]                            INFO Iter: 11	 Loss: 413.749674627	 Delta: 21.6690892939

Tue, 30 Dec 2014 09:07:21 JPPCF.py[line:86]                            INFO Iter: 12	 Loss: 394.296077077	 Delta: 19.4535975501

Tue, 30 Dec 2014 09:07:22 JPPCF.py[line:86]                            INFO Iter: 13	 Loss: 380.120914167	 Delta: 14.1751629095

Tue, 30 Dec 2014 09:07:22 JPPCF.py[line:86]                            INFO Iter: 14	 Loss: 372.092951421	 Delta: 8.02796274651

Tue, 30 Dec 2014 09:07:22 JPPCF.py[line:86]                            INFO Iter: 15	 Loss: 363.345774452	 Delta: 8.74717696866

Tue, 30 Dec 2014 09:07:23 JPPCF.py[line:86]                            INFO Iter: 16	 Loss: 354.86158666	 Delta: 8.48418779208

Tue, 30 Dec 2014 09:07:23 JPPCF.py[line:86]                            INFO Iter: 17	 Loss: 351.889635656	 Delta: 2.97195100422

Tue, 30 Dec 2014 09:07:23 JPPCF.py[line:86]                            INFO Iter: 18	 Loss: 350.077442148	 Delta: 1.81219350745

Tue, 30 Dec 2014 09:07:24 JPPCF.py[line:86]                            INFO Iter: 19	 Loss: 351.539780741	 Delta: 1.46233859316

Tue, 30 Dec 2014 09:07:24 JPPCF.py[line:86]                            INFO Iter: 20	 Loss: 354.236316048	 Delta: 2.69653530687

Tue, 30 Dec 2014 09:07:25 JPPCF.py[line:86]                            INFO Iter: 21	 Loss: 355.807187673	 Delta: 1.57087162457

Tue, 30 Dec 2014 09:07:25 JPPCF.py[line:86]                            INFO Iter: 22	 Loss: 357.177200065	 Delta: 1.37001239215

Tue, 30 Dec 2014 09:07:25 JPPCF.py[line:86]                            INFO Iter: 23	 Loss: 358.012186619	 Delta: 0.834986554177

Tue, 30 Dec 2014 09:07:25 JPPCF.py[line:88]                            INFO JPPCF OK

Tue, 30 Dec 2014 09:07:25 demo_dynamic_user_item_num.py[line:153]                            INFO [ok]
computing t-model NMF decomposition...
Tue, 30 Dec 2014 09:07:26 nmf.py[line:109]                            INFO Iter: 1	 Loss: 1678.6748285	 Delta: 998321.325171

Tue, 30 Dec 2014 09:07:26 nmf.py[line:109]                            INFO Iter: 2	 Loss: 1581.18189586	 Delta: 97.4929326399

Tue, 30 Dec 2014 09:07:26 nmf.py[line:109]                            INFO Iter: 3	 Loss: 1387.27790638	 Delta: 193.903989486

Tue, 30 Dec 2014 09:07:26 nmf.py[line:109]                            INFO Iter: 4	 Loss: 1042.69144188	 Delta: 344.586464501

Tue, 30 Dec 2014 09:07:26 nmf.py[line:109]                            INFO Iter: 5	 Loss: 790.881084968	 Delta: 251.810356908

Tue, 30 Dec 2014 09:07:26 nmf.py[line:109]                            INFO Iter: 6	 Loss: 628.058136212	 Delta: 162.822948756

Tue, 30 Dec 2014 09:07:26 nmf.py[line:109]                            INFO Iter: 7	 Loss: 518.289004437	 Delta: 109.769131775

Tue, 30 Dec 2014 09:07:26 nmf.py[line:109]                            INFO Iter: 8	 Loss: 447.010403705	 Delta: 71.2786007324

Tue, 30 Dec 2014 09:07:27 nmf.py[line:109]                            INFO Iter: 9	 Loss: 396.275957502	 Delta: 50.7344462025

Tue, 30 Dec 2014 09:07:27 nmf.py[line:109]                            INFO Iter: 10	 Loss: 355.58481762	 Delta: 40.6911398827

Tue, 30 Dec 2014 09:07:27 nmf.py[line:109]                            INFO Iter: 11	 Loss: 324.328469839	 Delta: 31.256347781

Tue, 30 Dec 2014 09:07:27 nmf.py[line:109]                            INFO Iter: 12	 Loss: 302.342595146	 Delta: 21.9858746932

Tue, 30 Dec 2014 09:07:27 nmf.py[line:109]                            INFO Iter: 13	 Loss: 285.62837601	 Delta: 16.7142191359

Tue, 30 Dec 2014 09:07:27 nmf.py[line:109]                            INFO Iter: 14	 Loss: 271.876493297	 Delta: 13.751882713

Tue, 30 Dec 2014 09:07:28 nmf.py[line:109]                            INFO Iter: 15	 Loss: 262.547277582	 Delta: 9.32921571452

Tue, 30 Dec 2014 09:07:28 nmf.py[line:109]                            INFO Iter: 16	 Loss: 256.124159287	 Delta: 6.42311829487

Tue, 30 Dec 2014 09:07:28 nmf.py[line:109]                            INFO Iter: 17	 Loss: 250.930791932	 Delta: 5.1933673549

Tue, 30 Dec 2014 09:07:28 nmf.py[line:109]                            INFO Iter: 18	 Loss: 246.274748395	 Delta: 4.65604353777

Tue, 30 Dec 2014 09:07:28 nmf.py[line:109]                            INFO Iter: 19	 Loss: 241.915621708	 Delta: 4.35912668685

Tue, 30 Dec 2014 09:07:28 nmf.py[line:109]                            INFO Iter: 20	 Loss: 237.207605885	 Delta: 4.70801582222

Tue, 30 Dec 2014 09:07:29 nmf.py[line:109]                            INFO Iter: 21	 Loss: 232.342032724	 Delta: 4.86557316165

Tue, 30 Dec 2014 09:07:29 nmf.py[line:109]                            INFO Iter: 22	 Loss: 228.383563556	 Delta: 3.95846916743

Tue, 30 Dec 2014 09:07:29 nmf.py[line:109]                            INFO Iter: 23	 Loss: 225.417929282	 Delta: 2.96563427462

Tue, 30 Dec 2014 09:07:29 nmf.py[line:109]                            INFO Iter: 24	 Loss: 222.720300212	 Delta: 2.69762906934

Tue, 30 Dec 2014 09:07:29 nmf.py[line:109]                            INFO Iter: 25	 Loss: 219.84139182	 Delta: 2.87890839226

Tue, 30 Dec 2014 09:07:29 nmf.py[line:109]                            INFO Iter: 26	 Loss: 217.596229729	 Delta: 2.24516209075

Tue, 30 Dec 2014 09:07:29 nmf.py[line:109]                            INFO Iter: 27	 Loss: 216.036059703	 Delta: 1.56017002684

Tue, 30 Dec 2014 09:07:30 nmf.py[line:109]                            INFO Iter: 28	 Loss: 214.892650477	 Delta: 1.14340922571

Tue, 30 Dec 2014 09:07:30 nmf.py[line:109]                            INFO Iter: 29	 Loss: 213.839130852	 Delta: 1.05351962492

Tue, 30 Dec 2014 09:07:30 nmf.py[line:109]                            INFO Iter: 30	 Loss: 212.868879036	 Delta: 0.970251815812

Tue, 30 Dec 2014 09:07:30 nmf.py[line:113]                            INFO NMF OK
Tue, 30 Dec 2014 09:07:30 demo_dynamic_user_item_num.py[line:159]                            INFO [ok]
computing fix_model NMF decomposition...
Tue, 30 Dec 2014 09:07:30 demo_dynamic_user_item_num.py[line:169]                            INFO non zero cell num: 1665
Tue, 30 Dec 2014 09:07:30 nmf.py[line:109]                            INFO Iter: 1	 Loss: 1678.70626966	 Delta: 998321.29373

Tue, 30 Dec 2014 09:07:30 nmf.py[line:109]                            INFO Iter: 2	 Loss: 1579.6859825	 Delta: 99.0202871647

Tue, 30 Dec 2014 09:07:30 nmf.py[line:109]                            INFO Iter: 3	 Loss: 1412.51712479	 Delta: 167.168857712

Tue, 30 Dec 2014 09:07:30 nmf.py[line:109]                            INFO Iter: 4	 Loss: 1054.51253691	 Delta: 358.004587874

Tue, 30 Dec 2014 09:07:31 nmf.py[line:109]                            INFO Iter: 5	 Loss: 799.372167883	 Delta: 255.14036903

Tue, 30 Dec 2014 09:07:31 nmf.py[line:109]                            INFO Iter: 6	 Loss: 654.570304958	 Delta: 144.801862925

Tue, 30 Dec 2014 09:07:31 nmf.py[line:109]                            INFO Iter: 7	 Loss: 554.714870824	 Delta: 99.8554341338

Tue, 30 Dec 2014 09:07:31 nmf.py[line:109]                            INFO Iter: 8	 Loss: 474.538016373	 Delta: 80.1768544505

Tue, 30 Dec 2014 09:07:31 nmf.py[line:109]                            INFO Iter: 9	 Loss: 418.571494549	 Delta: 55.9665218241

Tue, 30 Dec 2014 09:07:31 nmf.py[line:109]                            INFO Iter: 10	 Loss: 379.185245573	 Delta: 39.386248976

Tue, 30 Dec 2014 09:07:31 nmf.py[line:109]                            INFO Iter: 11	 Loss: 351.060420275	 Delta: 28.1248252981

Tue, 30 Dec 2014 09:07:31 nmf.py[line:109]                            INFO Iter: 12	 Loss: 329.135972356	 Delta: 21.9244479195

Tue, 30 Dec 2014 09:07:32 nmf.py[line:109]                            INFO Iter: 13	 Loss: 311.236146494	 Delta: 17.899825862

Tue, 30 Dec 2014 09:07:32 nmf.py[line:109]                            INFO Iter: 14	 Loss: 297.534478443	 Delta: 13.7016680509

Tue, 30 Dec 2014 09:07:32 nmf.py[line:109]                            INFO Iter: 15	 Loss: 287.608205021	 Delta: 9.92627342175

Tue, 30 Dec 2014 09:07:32 nmf.py[line:109]                            INFO Iter: 16	 Loss: 280.079171404	 Delta: 7.52903361671

Tue, 30 Dec 2014 09:07:32 nmf.py[line:109]                            INFO Iter: 17	 Loss: 274.351742111	 Delta: 5.72742929336

Tue, 30 Dec 2014 09:07:32 nmf.py[line:109]                            INFO Iter: 18	 Loss: 270.110613612	 Delta: 4.24112849905

Tue, 30 Dec 2014 09:07:33 nmf.py[line:109]                            INFO Iter: 19	 Loss: 266.758058587	 Delta: 3.35255502534

Tue, 30 Dec 2014 09:07:33 nmf.py[line:109]                            INFO Iter: 20	 Loss: 263.996458199	 Delta: 2.76160038724

Tue, 30 Dec 2014 09:07:33 nmf.py[line:109]                            INFO Iter: 21	 Loss: 261.50284219	 Delta: 2.49361600911

Tue, 30 Dec 2014 09:07:33 nmf.py[line:109]                            INFO Iter: 22	 Loss: 258.914553179	 Delta: 2.58828901171

Tue, 30 Dec 2014 09:07:33 nmf.py[line:109]                            INFO Iter: 23	 Loss: 255.955840089	 Delta: 2.95871309

Tue, 30 Dec 2014 09:07:33 nmf.py[line:109]                            INFO Iter: 24	 Loss: 252.415646423	 Delta: 3.54019366559

Tue, 30 Dec 2014 09:07:33 nmf.py[line:109]                            INFO Iter: 25	 Loss: 248.468787399	 Delta: 3.94685902387

Tue, 30 Dec 2014 09:07:34 nmf.py[line:109]                            INFO Iter: 26	 Loss: 244.840592599	 Delta: 3.62819479973

Tue, 30 Dec 2014 09:07:34 nmf.py[line:109]                            INFO Iter: 27	 Loss: 242.011205984	 Delta: 2.82938661506

Tue, 30 Dec 2014 09:07:34 nmf.py[line:109]                            INFO Iter: 28	 Loss: 239.889258555	 Delta: 2.12194742933

Tue, 30 Dec 2014 09:07:34 nmf.py[line:109]                            INFO Iter: 29	 Loss: 238.282643841	 Delta: 1.60661471384

Tue, 30 Dec 2014 09:07:34 nmf.py[line:109]                            INFO Iter: 30	 Loss: 237.053775274	 Delta: 1.22886856755

Tue, 30 Dec 2014 09:07:34 nmf.py[line:109]                            INFO Iter: 31	 Loss: 235.731525514	 Delta: 1.32224976003

Tue, 30 Dec 2014 09:07:34 nmf.py[line:109]                            INFO Iter: 32	 Loss: 234.590353908	 Delta: 1.14117160542

Tue, 30 Dec 2014 09:07:34 nmf.py[line:109]                            INFO Iter: 33	 Loss: 233.343810081	 Delta: 1.24654382759

Tue, 30 Dec 2014 09:07:35 nmf.py[line:109]                            INFO Iter: 34	 Loss: 232.165831202	 Delta: 1.17797887899

Tue, 30 Dec 2014 09:07:35 nmf.py[line:109]                            INFO Iter: 35	 Loss: 231.179121546	 Delta: 0.986709655906

Tue, 30 Dec 2014 09:07:35 nmf.py[line:113]                            INFO NMF OK
Tue, 30 Dec 2014 09:07:35 demo_dynamic_user_item_num.py[line:175]                            INFO [ok]

Tue, 30 Dec 2014 09:07:35 demo_dynamic_user_item_num.py[line:177]                            INFO 	 fold_id:0

Tue, 30 Dec 2014 09:07:35 demo_dynamic_user_item_num.py[line:179]                            INFO 	recall at 10:
Tue, 30 Dec 2014 09:07:36 demo_dynamic_user_item_num.py[line:207]                            INFO 		t-model NMF :  0.282102841136

Tue, 30 Dec 2014 09:07:36 demo_dynamic_user_item_num.py[line:208]                            INFO 		f-model NMF :  0.263188608777

Tue, 30 Dec 2014 09:07:36 demo_dynamic_user_item_num.py[line:209]                            INFO 		JPPCF :  0.25864679205

Tue, 30 Dec 2014 09:07:36 demo_dynamic_user_item_num.py[line:179]                            INFO 	recall at 50:
Tue, 30 Dec 2014 09:07:38 demo_dynamic_user_item_num.py[line:207]                            INFO 		t-model NMF :  0.546848739496

Tue, 30 Dec 2014 09:07:38 demo_dynamic_user_item_num.py[line:208]                            INFO 		f-model NMF :  0.557876483927

Tue, 30 Dec 2014 09:07:38 demo_dynamic_user_item_num.py[line:209]                            INFO 		JPPCF :  0.535444177671

Tue, 30 Dec 2014 09:07:38 demo_dynamic_user_item_num.py[line:179]                            INFO 	recall at 100:
Tue, 30 Dec 2014 09:07:39 demo_dynamic_user_item_num.py[line:207]                            INFO 		t-model NMF :  0.666536614646

Tue, 30 Dec 2014 09:07:39 demo_dynamic_user_item_num.py[line:208]                            INFO 		f-model NMF :  0.63356342537

Tue, 30 Dec 2014 09:07:39 demo_dynamic_user_item_num.py[line:209]                            INFO 		JPPCF :  0.640916366547

Tue, 30 Dec 2014 09:07:39 demo_dynamic_user_item_num.py[line:179]                            INFO 	recall at 300:
Tue, 30 Dec 2014 09:07:40 demo_dynamic_user_item_num.py[line:207]                            INFO 		t-model NMF :  0.798402694411

Tue, 30 Dec 2014 09:07:40 demo_dynamic_user_item_num.py[line:208]                            INFO 		f-model NMF :  0.838038548753

Tue, 30 Dec 2014 09:07:40 demo_dynamic_user_item_num.py[line:209]                            INFO 		JPPCF :  0.790356142457

Tue, 30 Dec 2014 09:07:40 demo_dynamic_user_item_num.py[line:179]                            INFO 	recall at 500:
Tue, 30 Dec 2014 09:07:42 demo_dynamic_user_item_num.py[line:207]                            INFO 		t-model NMF :  0.852791116447

Tue, 30 Dec 2014 09:07:42 demo_dynamic_user_item_num.py[line:208]                            INFO 		f-model NMF :  0.876400560224

Tue, 30 Dec 2014 09:07:42 demo_dynamic_user_item_num.py[line:209]                            INFO 		JPPCF :  0.887021475257

Tue, 30 Dec 2014 09:07:42 demo_dynamic_user_item_num.py[line:179]                            INFO 	recall at 1000:
Tue, 30 Dec 2014 09:07:44 demo_dynamic_user_item_num.py[line:207]                            INFO 		t-model NMF :  0.955182072829

Tue, 30 Dec 2014 09:07:44 demo_dynamic_user_item_num.py[line:208]                            INFO 		f-model NMF :  0.957983193277

Tue, 30 Dec 2014 09:07:44 demo_dynamic_user_item_num.py[line:209]                            INFO 		JPPCF :  0.966386554622

Tue, 30 Dec 2014 09:07:44 demo_dynamic_user_item_num.py[line:211]                            INFO current_time_step: 2

Tue, 30 Dec 2014 09:07:44 demo_dynamic_user_item_num.py[line:214]                            INFO 	recall at 10:
Tue, 30 Dec 2014 09:07:44 demo_dynamic_user_item_num.py[line:218]                            INFO 		avg t-model NMF :  0.282102841136

Tue, 30 Dec 2014 09:07:44 demo_dynamic_user_item_num.py[line:219]                            INFO 		avg f-model NMF :  0.263188608777

Tue, 30 Dec 2014 09:07:44 demo_dynamic_user_item_num.py[line:220]                            INFO 		avg JPPCF :  0.25864679205

Tue, 30 Dec 2014 09:07:44 demo_dynamic_user_item_num.py[line:214]                            INFO 	recall at 50:
Tue, 30 Dec 2014 09:07:44 demo_dynamic_user_item_num.py[line:218]                            INFO 		avg t-model NMF :  0.546848739496

Tue, 30 Dec 2014 09:07:44 demo_dynamic_user_item_num.py[line:219]                            INFO 		avg f-model NMF :  0.557876483927

Tue, 30 Dec 2014 09:07:44 demo_dynamic_user_item_num.py[line:220]                            INFO 		avg JPPCF :  0.535444177671

Tue, 30 Dec 2014 09:07:44 demo_dynamic_user_item_num.py[line:214]                            INFO 	recall at 100:
Tue, 30 Dec 2014 09:07:44 demo_dynamic_user_item_num.py[line:218]                            INFO 		avg t-model NMF :  0.666536614646

Tue, 30 Dec 2014 09:07:44 demo_dynamic_user_item_num.py[line:219]                            INFO 		avg f-model NMF :  0.63356342537

Tue, 30 Dec 2014 09:07:44 demo_dynamic_user_item_num.py[line:220]                            INFO 		avg JPPCF :  0.640916366547

Tue, 30 Dec 2014 09:07:44 demo_dynamic_user_item_num.py[line:214]                            INFO 	recall at 300:
Tue, 30 Dec 2014 09:07:44 demo_dynamic_user_item_num.py[line:218]                            INFO 		avg t-model NMF :  0.798402694411

Tue, 30 Dec 2014 09:07:44 demo_dynamic_user_item_num.py[line:219]                            INFO 		avg f-model NMF :  0.838038548753

Tue, 30 Dec 2014 09:07:44 demo_dynamic_user_item_num.py[line:220]                            INFO 		avg JPPCF :  0.790356142457

Tue, 30 Dec 2014 09:07:44 demo_dynamic_user_item_num.py[line:214]                            INFO 	recall at 500:
Tue, 30 Dec 2014 09:07:44 demo_dynamic_user_item_num.py[line:218]                            INFO 		avg t-model NMF :  0.852791116447

Tue, 30 Dec 2014 09:07:44 demo_dynamic_user_item_num.py[line:219]                            INFO 		avg f-model NMF :  0.876400560224

Tue, 30 Dec 2014 09:07:44 demo_dynamic_user_item_num.py[line:220]                            INFO 		avg JPPCF :  0.887021475257

Tue, 30 Dec 2014 09:07:44 demo_dynamic_user_item_num.py[line:214]                            INFO 	recall at 1000:
Tue, 30 Dec 2014 09:07:44 demo_dynamic_user_item_num.py[line:218]                            INFO 		avg t-model NMF :  0.955182072829

Tue, 30 Dec 2014 09:07:44 demo_dynamic_user_item_num.py[line:219]                            INFO 		avg f-model NMF :  0.957983193277

Tue, 30 Dec 2014 09:07:44 demo_dynamic_user_item_num.py[line:220]                            INFO 		avg JPPCF :  0.966386554622

Tue, 30 Dec 2014 09:07:44 demo_dynamic_user_item_num.py[line:234]                            INFO =========================

Tue, 30 Dec 2014 09:07:44 demo_dynamic_user_item_num.py[line:117]                            INFO 
=========================

Tue, 30 Dec 2014 09:07:44 demo_dynamic_user_item_num.py[line:118]                            INFO time_step number %i:	3
Tue, 30 Dec 2014 09:07:44 demo_dynamic_user_item_num.py[line:119]                            INFO ----------------

Tue, 30 Dec 2014 09:07:44 demo_dynamic_user_item_num.py[line:142]                            INFO non zero cell num: 2740
Tue, 30 Dec 2014 09:07:44 demo_dynamic_user_item_num.py[line:144]                            INFO computing JPP decomposition...
Tue, 30 Dec 2014 09:07:44 JPPCF.py[line:86]                            INFO Iter: 1	 Loss: 5462.64938412	 Delta: 994537.350616

Tue, 30 Dec 2014 09:07:45 JPPCF.py[line:86]                            INFO Iter: 2	 Loss: 5015.0566598	 Delta: 447.592724326

Tue, 30 Dec 2014 09:07:46 JPPCF.py[line:86]                            INFO Iter: 3	 Loss: 3022.64975116	 Delta: 1992.40690863

Tue, 30 Dec 2014 09:07:47 JPPCF.py[line:86]                            INFO Iter: 4	 Loss: 1590.03689733	 Delta: 1432.61285383

Tue, 30 Dec 2014 09:07:47 JPPCF.py[line:86]                            INFO Iter: 5	 Loss: 718.498914034	 Delta: 871.5379833

Tue, 30 Dec 2014 09:07:48 JPPCF.py[line:86]                            INFO Iter: 6	 Loss: 317.5820053	 Delta: 400.916908734

Tue, 30 Dec 2014 09:07:49 JPPCF.py[line:86]                            INFO Iter: 7	 Loss: 113.516672467	 Delta: 204.065332833

Tue, 30 Dec 2014 09:07:50 JPPCF.py[line:86]                            INFO Iter: 8	 Loss: -27.0169575804	 Delta: 140.533630048

Tue, 30 Dec 2014 09:07:50 JPPCF.py[line:86]                            INFO Iter: 9	 Loss: -112.573155887	 Delta: 85.5561983071

Tue, 30 Dec 2014 09:07:51 JPPCF.py[line:86]                            INFO Iter: 10	 Loss: -157.413683286	 Delta: 44.8405273989

Tue, 30 Dec 2014 09:07:52 JPPCF.py[line:86]                            INFO Iter: 11	 Loss: -176.015770886	 Delta: 18.6020875993

Tue, 30 Dec 2014 09:07:53 JPPCF.py[line:86]                            INFO Iter: 12	 Loss: -180.509432558	 Delta: 4.49366167204

Tue, 30 Dec 2014 09:07:54 JPPCF.py[line:86]                            INFO Iter: 13	 Loss: -180.991475144	 Delta: 0.482042586743

Tue, 30 Dec 2014 09:07:54 JPPCF.py[line:88]                            INFO JPPCF OK

Tue, 30 Dec 2014 09:07:54 demo_dynamic_user_item_num.py[line:153]                            INFO [ok]
computing t-model NMF decomposition...
Tue, 30 Dec 2014 09:07:54 nmf.py[line:109]                            INFO Iter: 1	 Loss: 2757.83972054	 Delta: 997242.160279

Tue, 30 Dec 2014 09:07:54 nmf.py[line:109]                            INFO Iter: 2	 Loss: 2602.08195216	 Delta: 155.757768379

Tue, 30 Dec 2014 09:07:55 nmf.py[line:109]                            INFO Iter: 3	 Loss: 2399.16641661	 Delta: 202.91553555

Tue, 30 Dec 2014 09:07:55 nmf.py[line:109]                            INFO Iter: 4	 Loss: 2011.72087922	 Delta: 387.44553739

Tue, 30 Dec 2014 09:07:55 nmf.py[line:109]                            INFO Iter: 5	 Loss: 1687.5146276	 Delta: 324.206251626

Tue, 30 Dec 2014 09:07:55 nmf.py[line:109]                            INFO Iter: 6	 Loss: 1408.54630887	 Delta: 278.968318726

Tue, 30 Dec 2014 09:07:56 nmf.py[line:109]                            INFO Iter: 7	 Loss: 1207.39427981	 Delta: 201.152029062

Tue, 30 Dec 2014 09:07:56 nmf.py[line:109]                            INFO Iter: 8	 Loss: 1073.51002276	 Delta: 133.884257052

Tue, 30 Dec 2014 09:07:56 nmf.py[line:109]                            INFO Iter: 9	 Loss: 975.909524252	 Delta: 97.6004985054

Tue, 30 Dec 2014 09:07:56 nmf.py[line:109]                            INFO Iter: 10	 Loss: 899.880375315	 Delta: 76.0291489371

Tue, 30 Dec 2014 09:07:57 nmf.py[line:109]                            INFO Iter: 11	 Loss: 837.069426889	 Delta: 62.8109484259

Tue, 30 Dec 2014 09:07:57 nmf.py[line:109]                            INFO Iter: 12	 Loss: 792.03520619	 Delta: 45.0342206994

Tue, 30 Dec 2014 09:07:57 nmf.py[line:109]                            INFO Iter: 13	 Loss: 760.303154085	 Delta: 31.732052105

Tue, 30 Dec 2014 09:07:58 nmf.py[line:109]                            INFO Iter: 14	 Loss: 736.02721873	 Delta: 24.2759353549

Tue, 30 Dec 2014 09:07:58 nmf.py[line:109]                            INFO Iter: 15	 Loss: 713.567847548	 Delta: 22.4593711819

Tue, 30 Dec 2014 09:07:58 nmf.py[line:109]                            INFO Iter: 16	 Loss: 694.50781401	 Delta: 19.0600335383

Tue, 30 Dec 2014 09:07:59 nmf.py[line:109]                            INFO Iter: 17	 Loss: 677.711697374	 Delta: 16.7961166357

Tue, 30 Dec 2014 09:07:59 nmf.py[line:109]                            INFO Iter: 18	 Loss: 665.014000495	 Delta: 12.6976968792

Tue, 30 Dec 2014 09:07:59 nmf.py[line:109]                            INFO Iter: 19	 Loss: 655.146465063	 Delta: 9.86753543185

Tue, 30 Dec 2014 09:08:00 nmf.py[line:109]                            INFO Iter: 20	 Loss: 646.892972789	 Delta: 8.25349227404

Tue, 30 Dec 2014 09:08:00 nmf.py[line:109]                            INFO Iter: 21	 Loss: 639.867178782	 Delta: 7.02579400741

Tue, 30 Dec 2014 09:08:00 nmf.py[line:109]                            INFO Iter: 22	 Loss: 633.361367205	 Delta: 6.50581157691

Tue, 30 Dec 2014 09:08:01 nmf.py[line:109]                            INFO Iter: 23	 Loss: 627.585673243	 Delta: 5.77569396223

Tue, 30 Dec 2014 09:08:01 nmf.py[line:109]                            INFO Iter: 24	 Loss: 622.40501586	 Delta: 5.18065738286

Tue, 30 Dec 2014 09:08:01 nmf.py[line:109]                            INFO Iter: 25	 Loss: 617.413294692	 Delta: 4.99172116726

Tue, 30 Dec 2014 09:08:01 nmf.py[line:109]                            INFO Iter: 26	 Loss: 612.216560728	 Delta: 5.19673396402

Tue, 30 Dec 2014 09:08:02 nmf.py[line:109]                            INFO Iter: 27	 Loss: 607.062833909	 Delta: 5.15372681942

Tue, 30 Dec 2014 09:08:02 nmf.py[line:109]                            INFO Iter: 28	 Loss: 602.041936744	 Delta: 5.02089716537

Tue, 30 Dec 2014 09:08:02 nmf.py[line:109]                            INFO Iter: 29	 Loss: 597.733653836	 Delta: 4.30828290739

Tue, 30 Dec 2014 09:08:03 nmf.py[line:109]                            INFO Iter: 30	 Loss: 594.244700739	 Delta: 3.48895309704

Tue, 30 Dec 2014 09:08:03 nmf.py[line:109]                            INFO Iter: 31	 Loss: 591.237551976	 Delta: 3.00714876328

Tue, 30 Dec 2014 09:08:03 nmf.py[line:109]                            INFO Iter: 32	 Loss: 588.451249042	 Delta: 2.78630293372

Tue, 30 Dec 2014 09:08:03 nmf.py[line:109]                            INFO Iter: 33	 Loss: 585.968516641	 Delta: 2.48273240131

Tue, 30 Dec 2014 09:08:04 nmf.py[line:109]                            INFO Iter: 34	 Loss: 583.702619113	 Delta: 2.26589752764

Tue, 30 Dec 2014 09:08:04 nmf.py[line:109]                            INFO Iter: 35	 Loss: 581.982780584	 Delta: 1.71983852917

Tue, 30 Dec 2014 09:08:04 nmf.py[line:109]                            INFO Iter: 36	 Loss: 580.746291582	 Delta: 1.23648900178

Tue, 30 Dec 2014 09:08:05 nmf.py[line:109]                            INFO Iter: 37	 Loss: 579.772423923	 Delta: 0.97386765933

Tue, 30 Dec 2014 09:08:05 nmf.py[line:113]                            INFO NMF OK
Tue, 30 Dec 2014 09:08:05 demo_dynamic_user_item_num.py[line:159]                            INFO [ok]
computing fix_model NMF decomposition...
Tue, 30 Dec 2014 09:08:05 demo_dynamic_user_item_num.py[line:169]                            INFO non zero cell num: 4612
Tue, 30 Dec 2014 09:08:05 nmf.py[line:109]                            INFO Iter: 1	 Loss: 4647.402387	 Delta: 995352.597613

Tue, 30 Dec 2014 09:08:05 nmf.py[line:109]                            INFO Iter: 2	 Loss: 4447.91280597	 Delta: 199.489581037

Tue, 30 Dec 2014 09:08:05 nmf.py[line:109]                            INFO Iter: 3	 Loss: 4185.55035435	 Delta: 262.362451618

Tue, 30 Dec 2014 09:08:06 nmf.py[line:109]                            INFO Iter: 4	 Loss: 3583.45036937	 Delta: 602.099984978

Tue, 30 Dec 2014 09:08:06 nmf.py[line:109]                            INFO Iter: 5	 Loss: 2921.49897806	 Delta: 661.951391316

Tue, 30 Dec 2014 09:08:06 nmf.py[line:109]                            INFO Iter: 6	 Loss: 2486.26148795	 Delta: 435.237490107

Tue, 30 Dec 2014 09:08:06 nmf.py[line:109]                            INFO Iter: 7	 Loss: 2168.80340789	 Delta: 317.458080057

Tue, 30 Dec 2014 09:08:07 nmf.py[line:109]                            INFO Iter: 8	 Loss: 1926.40302372	 Delta: 242.400384176

Tue, 30 Dec 2014 09:08:07 nmf.py[line:109]                            INFO Iter: 9	 Loss: 1752.14677772	 Delta: 174.256245999

Tue, 30 Dec 2014 09:08:07 nmf.py[line:109]                            INFO Iter: 10	 Loss: 1622.10343338	 Delta: 130.04334434

Tue, 30 Dec 2014 09:08:07 nmf.py[line:109]                            INFO Iter: 11	 Loss: 1521.3385477	 Delta: 100.764885681

Tue, 30 Dec 2014 09:08:08 nmf.py[line:109]                            INFO Iter: 12	 Loss: 1439.46773885	 Delta: 81.870808847

Tue, 30 Dec 2014 09:08:08 nmf.py[line:109]                            INFO Iter: 13	 Loss: 1372.84596873	 Delta: 66.6217701154

Tue, 30 Dec 2014 09:08:08 nmf.py[line:109]                            INFO Iter: 14	 Loss: 1319.58038383	 Delta: 53.265584907

Tue, 30 Dec 2014 09:08:09 nmf.py[line:109]                            INFO Iter: 15	 Loss: 1275.42080628	 Delta: 44.1595775425

Tue, 30 Dec 2014 09:08:09 nmf.py[line:109]                            INFO Iter: 16	 Loss: 1237.53816718	 Delta: 37.8826391031

Tue, 30 Dec 2014 09:08:10 nmf.py[line:109]                            INFO Iter: 17	 Loss: 1203.38595967	 Delta: 34.1522075067

Tue, 30 Dec 2014 09:08:10 nmf.py[line:109]                            INFO Iter: 18	 Loss: 1173.16718145	 Delta: 30.2187782227

Tue, 30 Dec 2014 09:08:10 nmf.py[line:109]                            INFO Iter: 19	 Loss: 1146.09152357	 Delta: 27.0756578832

Tue, 30 Dec 2014 09:08:11 nmf.py[line:109]                            INFO Iter: 20	 Loss: 1121.52862592	 Delta: 24.5628976433

Tue, 30 Dec 2014 09:08:11 nmf.py[line:109]                            INFO Iter: 21	 Loss: 1099.91859715	 Delta: 21.610028778

Tue, 30 Dec 2014 09:08:11 nmf.py[line:109]                            INFO Iter: 22	 Loss: 1080.83768592	 Delta: 19.0809112303

Tue, 30 Dec 2014 09:08:12 nmf.py[line:109]                            INFO Iter: 23	 Loss: 1063.9511484	 Delta: 16.8865375116

Tue, 30 Dec 2014 09:08:12 nmf.py[line:109]                            INFO Iter: 24	 Loss: 1049.5455568	 Delta: 14.4055916052

Tue, 30 Dec 2014 09:08:13 nmf.py[line:109]                            INFO Iter: 25	 Loss: 1038.14903185	 Delta: 11.3965249545

Tue, 30 Dec 2014 09:08:13 nmf.py[line:109]                            INFO Iter: 26	 Loss: 1028.88717817	 Delta: 9.26185367547

Tue, 30 Dec 2014 09:08:13 nmf.py[line:109]                            INFO Iter: 27	 Loss: 1021.02263681	 Delta: 7.86454135788

Tue, 30 Dec 2014 09:08:14 nmf.py[line:109]                            INFO Iter: 28	 Loss: 1014.81258626	 Delta: 6.21005055306

Tue, 30 Dec 2014 09:08:14 nmf.py[line:109]                            INFO Iter: 29	 Loss: 1010.50619342	 Delta: 4.3063928381

Tue, 30 Dec 2014 09:08:14 nmf.py[line:109]                            INFO Iter: 30	 Loss: 1007.22819241	 Delta: 3.27800101543

Tue, 30 Dec 2014 09:08:15 nmf.py[line:109]                            INFO Iter: 31	 Loss: 1004.44188517	 Delta: 2.78630723338

Tue, 30 Dec 2014 09:08:15 nmf.py[line:109]                            INFO Iter: 32	 Loss: 1001.90381329	 Delta: 2.53807188269

Tue, 30 Dec 2014 09:08:15 nmf.py[line:109]                            INFO Iter: 33	 Loss: 999.765125714	 Delta: 2.13868757541

Tue, 30 Dec 2014 09:08:16 nmf.py[line:109]                            INFO Iter: 34	 Loss: 997.760748343	 Delta: 2.00437737108

Tue, 30 Dec 2014 09:08:16 nmf.py[line:109]                            INFO Iter: 35	 Loss: 995.691095956	 Delta: 2.06965238668

Tue, 30 Dec 2014 09:08:16 nmf.py[line:109]                            INFO Iter: 36	 Loss: 993.887303221	 Delta: 1.80379273494

Tue, 30 Dec 2014 09:08:16 nmf.py[line:109]                            INFO Iter: 37	 Loss: 992.175443807	 Delta: 1.71185941392

Tue, 30 Dec 2014 09:08:17 nmf.py[line:109]                            INFO Iter: 38	 Loss: 990.523235321	 Delta: 1.6522084866

Tue, 30 Dec 2014 09:08:17 nmf.py[line:109]                            INFO Iter: 39	 Loss: 988.932305242	 Delta: 1.59093007832

Tue, 30 Dec 2014 09:08:17 nmf.py[line:109]                            INFO Iter: 40	 Loss: 987.417432846	 Delta: 1.51487239588

Tue, 30 Dec 2014 09:08:18 nmf.py[line:109]                            INFO Iter: 41	 Loss: 986.000162025	 Delta: 1.4172708217

Tue, 30 Dec 2014 09:08:18 nmf.py[line:109]                            INFO Iter: 42	 Loss: 984.624525747	 Delta: 1.37563627739

Tue, 30 Dec 2014 09:08:18 nmf.py[line:109]                            INFO Iter: 43	 Loss: 983.138832283	 Delta: 1.48569346436

Tue, 30 Dec 2014 09:08:19 nmf.py[line:109]                            INFO Iter: 44	 Loss: 981.537116494	 Delta: 1.60171578871

Tue, 30 Dec 2014 09:08:19 nmf.py[line:109]                            INFO Iter: 45	 Loss: 979.917302223	 Delta: 1.61981427121

Tue, 30 Dec 2014 09:08:19 nmf.py[line:109]                            INFO Iter: 46	 Loss: 978.096259009	 Delta: 1.82104321433

Tue, 30 Dec 2014 09:08:20 nmf.py[line:109]                            INFO Iter: 47	 Loss: 976.073630017	 Delta: 2.02262899205

Tue, 30 Dec 2014 09:08:20 nmf.py[line:109]                            INFO Iter: 48	 Loss: 973.859483876	 Delta: 2.2141461409

Tue, 30 Dec 2014 09:08:20 nmf.py[line:109]                            INFO Iter: 49	 Loss: 971.413770059	 Delta: 2.44571381642

Tue, 30 Dec 2014 09:08:20 nmf.py[line:109]                            INFO Iter: 50	 Loss: 968.8210553	 Delta: 2.59271475932

Tue, 30 Dec 2014 09:08:21 nmf.py[line:109]                            INFO Iter: 51	 Loss: 966.145927342	 Delta: 2.67512795836

Tue, 30 Dec 2014 09:08:21 nmf.py[line:109]                            INFO Iter: 52	 Loss: 963.473740132	 Delta: 2.67218720945

Tue, 30 Dec 2014 09:08:21 nmf.py[line:109]                            INFO Iter: 53	 Loss: 961.594777908	 Delta: 1.8789622238

Tue, 30 Dec 2014 09:08:22 nmf.py[line:109]                            INFO Iter: 54	 Loss: 960.068154322	 Delta: 1.52662358596

Tue, 30 Dec 2014 09:08:22 nmf.py[line:109]                            INFO Iter: 55	 Loss: 958.852684916	 Delta: 1.2154694069

Tue, 30 Dec 2014 09:08:22 nmf.py[line:109]                            INFO Iter: 56	 Loss: 957.813414352	 Delta: 1.03927056307

Tue, 30 Dec 2014 09:08:23 nmf.py[line:109]                            INFO Iter: 57	 Loss: 956.81493501	 Delta: 0.998479341991

Tue, 30 Dec 2014 09:08:23 nmf.py[line:113]                            INFO NMF OK
Tue, 30 Dec 2014 09:08:23 demo_dynamic_user_item_num.py[line:175]                            INFO [ok]

Tue, 30 Dec 2014 09:08:23 demo_dynamic_user_item_num.py[line:177]                            INFO 	 fold_id:0

Tue, 30 Dec 2014 09:08:23 demo_dynamic_user_item_num.py[line:179]                            INFO 	recall at 10:
Tue, 30 Dec 2014 09:08:28 demo_dynamic_user_item_num.py[line:207]                            INFO 		t-model NMF :  0.299175819672

Tue, 30 Dec 2014 09:08:28 demo_dynamic_user_item_num.py[line:208]                            INFO 		f-model NMF :  0.270604391101

Tue, 30 Dec 2014 09:08:28 demo_dynamic_user_item_num.py[line:209]                            INFO 		JPPCF :  0.275730391926

Tue, 30 Dec 2014 09:08:28 demo_dynamic_user_item_num.py[line:179]                            INFO 	recall at 50:
Tue, 30 Dec 2014 09:08:34 demo_dynamic_user_item_num.py[line:207]                            INFO 		t-model NMF :  0.48273051304

Tue, 30 Dec 2014 09:08:34 demo_dynamic_user_item_num.py[line:208]                            INFO 		f-model NMF :  0.462850943271

Tue, 30 Dec 2014 09:08:34 demo_dynamic_user_item_num.py[line:209]                            INFO 		JPPCF :  0.48241219455

Tue, 30 Dec 2014 09:08:34 demo_dynamic_user_item_num.py[line:179]                            INFO 	recall at 100:
Tue, 30 Dec 2014 09:08:40 demo_dynamic_user_item_num.py[line:207]                            INFO 		t-model NMF :  0.595042873503

Tue, 30 Dec 2014 09:08:40 demo_dynamic_user_item_num.py[line:208]                            INFO 		f-model NMF :  0.584480666691

Tue, 30 Dec 2014 09:08:40 demo_dynamic_user_item_num.py[line:209]                            INFO 		JPPCF :  0.616441885651

Tue, 30 Dec 2014 09:08:40 demo_dynamic_user_item_num.py[line:179]                            INFO 	recall at 300:
Tue, 30 Dec 2014 09:08:45 demo_dynamic_user_item_num.py[line:207]                            INFO 		t-model NMF :  0.772370386653

Tue, 30 Dec 2014 09:08:45 demo_dynamic_user_item_num.py[line:208]                            INFO 		f-model NMF :  0.807482069544

Tue, 30 Dec 2014 09:08:45 demo_dynamic_user_item_num.py[line:209]                            INFO 		JPPCF :  0.765010435246

Tue, 30 Dec 2014 09:08:45 demo_dynamic_user_item_num.py[line:179]                            INFO 	recall at 500:
Tue, 30 Dec 2014 09:08:50 demo_dynamic_user_item_num.py[line:207]                            INFO 		t-model NMF :  0.828353397511

Tue, 30 Dec 2014 09:08:50 demo_dynamic_user_item_num.py[line:208]                            INFO 		f-model NMF :  0.878890742408

Tue, 30 Dec 2014 09:08:50 demo_dynamic_user_item_num.py[line:209]                            INFO 		JPPCF :  0.840804562802

Tue, 30 Dec 2014 09:08:50 demo_dynamic_user_item_num.py[line:179]                            INFO 	recall at 1000:
Tue, 30 Dec 2014 09:08:55 demo_dynamic_user_item_num.py[line:207]                            INFO 		t-model NMF :  0.891189427313

Tue, 30 Dec 2014 09:08:55 demo_dynamic_user_item_num.py[line:208]                            INFO 		f-model NMF :  0.943496958255

Tue, 30 Dec 2014 09:08:55 demo_dynamic_user_item_num.py[line:209]                            INFO 		JPPCF :  0.910824417873

Tue, 30 Dec 2014 09:08:55 demo_dynamic_user_item_num.py[line:211]                            INFO current_time_step: 3

Tue, 30 Dec 2014 09:08:55 demo_dynamic_user_item_num.py[line:214]                            INFO 	recall at 10:
Tue, 30 Dec 2014 09:08:55 demo_dynamic_user_item_num.py[line:218]                            INFO 		avg t-model NMF :  0.299175819672

Tue, 30 Dec 2014 09:08:55 demo_dynamic_user_item_num.py[line:219]                            INFO 		avg f-model NMF :  0.270604391101

Tue, 30 Dec 2014 09:08:55 demo_dynamic_user_item_num.py[line:220]                            INFO 		avg JPPCF :  0.275730391926

Tue, 30 Dec 2014 09:08:55 demo_dynamic_user_item_num.py[line:214]                            INFO 	recall at 50:
Tue, 30 Dec 2014 09:08:55 demo_dynamic_user_item_num.py[line:218]                            INFO 		avg t-model NMF :  0.48273051304

Tue, 30 Dec 2014 09:08:55 demo_dynamic_user_item_num.py[line:219]                            INFO 		avg f-model NMF :  0.462850943271

Tue, 30 Dec 2014 09:08:55 demo_dynamic_user_item_num.py[line:220]                            INFO 		avg JPPCF :  0.48241219455

Tue, 30 Dec 2014 09:08:55 demo_dynamic_user_item_num.py[line:214]                            INFO 	recall at 100:
Tue, 30 Dec 2014 09:08:55 demo_dynamic_user_item_num.py[line:218]                            INFO 		avg t-model NMF :  0.595042873503

Tue, 30 Dec 2014 09:08:55 demo_dynamic_user_item_num.py[line:219]                            INFO 		avg f-model NMF :  0.584480666691

Tue, 30 Dec 2014 09:08:55 demo_dynamic_user_item_num.py[line:220]                            INFO 		avg JPPCF :  0.616441885651

Tue, 30 Dec 2014 09:08:55 demo_dynamic_user_item_num.py[line:214]                            INFO 	recall at 300:
Tue, 30 Dec 2014 09:08:55 demo_dynamic_user_item_num.py[line:218]                            INFO 		avg t-model NMF :  0.772370386653

Tue, 30 Dec 2014 09:08:55 demo_dynamic_user_item_num.py[line:219]                            INFO 		avg f-model NMF :  0.807482069544

Tue, 30 Dec 2014 09:08:55 demo_dynamic_user_item_num.py[line:220]                            INFO 		avg JPPCF :  0.765010435246

Tue, 30 Dec 2014 09:08:55 demo_dynamic_user_item_num.py[line:214]                            INFO 	recall at 500:
Tue, 30 Dec 2014 09:08:55 demo_dynamic_user_item_num.py[line:218]                            INFO 		avg t-model NMF :  0.828353397511

Tue, 30 Dec 2014 09:08:55 demo_dynamic_user_item_num.py[line:219]                            INFO 		avg f-model NMF :  0.878890742408

Tue, 30 Dec 2014 09:08:55 demo_dynamic_user_item_num.py[line:220]                            INFO 		avg JPPCF :  0.840804562802

Tue, 30 Dec 2014 09:08:55 demo_dynamic_user_item_num.py[line:214]                            INFO 	recall at 1000:
Tue, 30 Dec 2014 09:08:55 demo_dynamic_user_item_num.py[line:218]                            INFO 		avg t-model NMF :  0.891189427313

Tue, 30 Dec 2014 09:08:55 demo_dynamic_user_item_num.py[line:219]                            INFO 		avg f-model NMF :  0.943496958255

Tue, 30 Dec 2014 09:08:55 demo_dynamic_user_item_num.py[line:220]                            INFO 		avg JPPCF :  0.910824417873

Tue, 30 Dec 2014 09:08:55 demo_dynamic_user_item_num.py[line:234]                            INFO =========================

Tue, 30 Dec 2014 09:08:55 demo_dynamic_user_item_num.py[line:117]                            INFO 
=========================

Tue, 30 Dec 2014 09:08:55 demo_dynamic_user_item_num.py[line:118]                            INFO time_step number %i:	4
Tue, 30 Dec 2014 09:08:55 demo_dynamic_user_item_num.py[line:119]                            INFO ----------------

Tue, 30 Dec 2014 09:08:55 demo_dynamic_user_item_num.py[line:142]                            INFO non zero cell num: 2707
Tue, 30 Dec 2014 09:08:55 demo_dynamic_user_item_num.py[line:144]                            INFO computing JPP decomposition...
Tue, 30 Dec 2014 09:08:57 JPPCF.py[line:86]                            INFO Iter: 1	 Loss: 5419.92774314	 Delta: 994580.072257

Tue, 30 Dec 2014 09:08:58 JPPCF.py[line:86]                            INFO Iter: 2	 Loss: 5140.71565215	 Delta: 279.212090985

Tue, 30 Dec 2014 09:08:59 JPPCF.py[line:86]                            INFO Iter: 3	 Loss: 3422.49923047	 Delta: 1718.21642168

Tue, 30 Dec 2014 09:09:01 JPPCF.py[line:86]                            INFO Iter: 4	 Loss: 2453.9814895	 Delta: 968.517740975

Tue, 30 Dec 2014 09:09:02 JPPCF.py[line:86]                            INFO Iter: 5	 Loss: 1616.26701526	 Delta: 837.714474235

Tue, 30 Dec 2014 09:09:04 JPPCF.py[line:86]                            INFO Iter: 6	 Loss: 1151.72448255	 Delta: 464.542532712

Tue, 30 Dec 2014 09:09:05 JPPCF.py[line:86]                            INFO Iter: 7	 Loss: 805.417846538	 Delta: 346.306636012

Tue, 30 Dec 2014 09:09:07 JPPCF.py[line:86]                            INFO Iter: 8	 Loss: 559.484629857	 Delta: 245.933216681

Tue, 30 Dec 2014 09:09:08 JPPCF.py[line:86]                            INFO Iter: 9	 Loss: 364.065069691	 Delta: 195.419560166

Tue, 30 Dec 2014 09:09:09 JPPCF.py[line:86]                            INFO Iter: 10	 Loss: 207.996918135	 Delta: 156.068151557

Tue, 30 Dec 2014 09:09:10 JPPCF.py[line:86]                            INFO Iter: 11	 Loss: 71.34814807	 Delta: 136.648770065

Tue, 30 Dec 2014 09:09:12 JPPCF.py[line:86]                            INFO Iter: 12	 Loss: -18.3229177763	 Delta: 89.6710658463

Tue, 30 Dec 2014 09:09:13 JPPCF.py[line:86]                            INFO Iter: 13	 Loss: -79.1202088851	 Delta: 60.7972911088

Tue, 30 Dec 2014 09:09:15 JPPCF.py[line:86]                            INFO Iter: 14	 Loss: -136.294992652	 Delta: 57.1747837668

Tue, 30 Dec 2014 09:09:16 JPPCF.py[line:86]                            INFO Iter: 15	 Loss: -173.585006923	 Delta: 37.2900142708

Tue, 30 Dec 2014 09:09:18 JPPCF.py[line:86]                            INFO Iter: 16	 Loss: -206.106639033	 Delta: 32.5216321105

Tue, 30 Dec 2014 09:09:20 JPPCF.py[line:86]                            INFO Iter: 17	 Loss: -235.275251547	 Delta: 29.1686125137

Tue, 30 Dec 2014 09:09:21 JPPCF.py[line:86]                            INFO Iter: 18	 Loss: -260.513306519	 Delta: 25.2380549721

Tue, 30 Dec 2014 09:09:23 JPPCF.py[line:86]                            INFO Iter: 19	 Loss: -281.58655061	 Delta: 21.0732440905

Tue, 30 Dec 2014 09:09:24 JPPCF.py[line:86]                            INFO Iter: 20	 Loss: -301.011968048	 Delta: 19.4254174385

Tue, 30 Dec 2014 09:09:26 JPPCF.py[line:86]                            INFO Iter: 21	 Loss: -317.193672461	 Delta: 16.1817044127

Tue, 30 Dec 2014 09:09:27 JPPCF.py[line:86]                            INFO Iter: 22	 Loss: -330.956021215	 Delta: 13.7623487546

Tue, 30 Dec 2014 09:09:29 JPPCF.py[line:86]                            INFO Iter: 23	 Loss: -343.014199139	 Delta: 12.0581779232

Tue, 30 Dec 2014 09:09:31 JPPCF.py[line:86]                            INFO Iter: 24	 Loss: -354.169227562	 Delta: 11.1550284239

Tue, 30 Dec 2014 09:09:32 JPPCF.py[line:86]                            INFO Iter: 25	 Loss: -364.21283141	 Delta: 10.0436038479

Tue, 30 Dec 2014 09:09:34 JPPCF.py[line:86]                            INFO Iter: 26	 Loss: -372.652431341	 Delta: 8.43959993051

Tue, 30 Dec 2014 09:09:36 JPPCF.py[line:86]                            INFO Iter: 27	 Loss: -384.486675129	 Delta: 11.8342437877

Tue, 30 Dec 2014 09:09:38 JPPCF.py[line:86]                            INFO Iter: 28	 Loss: -394.108195976	 Delta: 9.62152084761

Tue, 30 Dec 2014 09:09:40 JPPCF.py[line:86]                            INFO Iter: 29	 Loss: -402.346086218	 Delta: 8.23789024134

Tue, 30 Dec 2014 09:09:41 JPPCF.py[line:86]                            INFO Iter: 30	 Loss: -409.757781986	 Delta: 7.41169576803

Tue, 30 Dec 2014 09:09:43 JPPCF.py[line:86]                            INFO Iter: 31	 Loss: -416.916428759	 Delta: 7.15864677359

Tue, 30 Dec 2014 09:09:45 JPPCF.py[line:86]                            INFO Iter: 32	 Loss: -426.518267845	 Delta: 9.60183908552

Tue, 30 Dec 2014 09:09:47 JPPCF.py[line:86]                            INFO Iter: 33	 Loss: -434.886643361	 Delta: 8.36837551635

Tue, 30 Dec 2014 09:09:50 JPPCF.py[line:86]                            INFO Iter: 34	 Loss: -440.982079771	 Delta: 6.09543641002

Tue, 30 Dec 2014 09:09:52 JPPCF.py[line:86]                            INFO Iter: 35	 Loss: -444.624250892	 Delta: 3.6421711213

Tue, 30 Dec 2014 09:09:54 JPPCF.py[line:86]                            INFO Iter: 36	 Loss: -447.426351963	 Delta: 2.80210107015

Tue, 30 Dec 2014 09:09:56 JPPCF.py[line:86]                            INFO Iter: 37	 Loss: -451.022723668	 Delta: 3.59637170559

Tue, 30 Dec 2014 09:09:58 JPPCF.py[line:86]                            INFO Iter: 38	 Loss: -453.881684316	 Delta: 2.85896064768

Tue, 30 Dec 2014 09:10:00 JPPCF.py[line:86]                            INFO Iter: 39	 Loss: -456.285209466	 Delta: 2.40352515015

Tue, 30 Dec 2014 09:10:03 JPPCF.py[line:86]                            INFO Iter: 40	 Loss: -457.804797596	 Delta: 1.5195881299

Tue, 30 Dec 2014 09:10:05 JPPCF.py[line:86]                            INFO Iter: 41	 Loss: -459.364240622	 Delta: 1.55944302661

Tue, 30 Dec 2014 09:10:07 JPPCF.py[line:86]                            INFO Iter: 42	 Loss: -460.849934792	 Delta: 1.48569416925

Tue, 30 Dec 2014 09:10:10 JPPCF.py[line:86]                            INFO Iter: 43	 Loss: -462.689372387	 Delta: 1.83943759535

Tue, 30 Dec 2014 09:10:12 JPPCF.py[line:86]                            INFO Iter: 44	 Loss: -465.005763787	 Delta: 2.3163913995

Tue, 30 Dec 2014 09:10:14 JPPCF.py[line:86]                            INFO Iter: 45	 Loss: -468.269395198	 Delta: 3.26363141139

Tue, 30 Dec 2014 09:10:17 JPPCF.py[line:86]                            INFO Iter: 46	 Loss: -474.102799041	 Delta: 5.83340384295

Tue, 30 Dec 2014 09:10:19 JPPCF.py[line:86]                            INFO Iter: 47	 Loss: -478.677686792	 Delta: 4.57488775142

Tue, 30 Dec 2014 09:10:22 JPPCF.py[line:86]                            INFO Iter: 48	 Loss: -482.398266366	 Delta: 3.72057957349

Tue, 30 Dec 2014 09:10:24 JPPCF.py[line:86]                            INFO Iter: 49	 Loss: -486.048750016	 Delta: 3.65048365008

Tue, 30 Dec 2014 09:10:27 JPPCF.py[line:86]                            INFO Iter: 50	 Loss: -488.751628516	 Delta: 2.70287850045

Tue, 30 Dec 2014 09:10:29 JPPCF.py[line:86]                            INFO Iter: 51	 Loss: -490.616319019	 Delta: 1.86469050257

Tue, 30 Dec 2014 09:10:32 JPPCF.py[line:86]                            INFO Iter: 52	 Loss: -492.698674145	 Delta: 2.08235512581

Tue, 30 Dec 2014 09:10:35 JPPCF.py[line:86]                            INFO Iter: 53	 Loss: -495.350023891	 Delta: 2.6513497464

Tue, 30 Dec 2014 09:10:37 JPPCF.py[line:86]                            INFO Iter: 54	 Loss: -498.309476774	 Delta: 2.9594528832

Tue, 30 Dec 2014 09:10:40 JPPCF.py[line:86]                            INFO Iter: 55	 Loss: -501.146104275	 Delta: 2.83662750045

Tue, 30 Dec 2014 09:10:43 JPPCF.py[line:86]                            INFO Iter: 56	 Loss: -503.88773006	 Delta: 2.74162578525

Tue, 30 Dec 2014 09:10:46 JPPCF.py[line:86]                            INFO Iter: 57	 Loss: -506.771238828	 Delta: 2.88350876839

Tue, 30 Dec 2014 09:10:48 JPPCF.py[line:86]                            INFO Iter: 58	 Loss: -508.442699119	 Delta: 1.67146029101

Tue, 30 Dec 2014 09:10:51 JPPCF.py[line:86]                            INFO Iter: 59	 Loss: -509.698306204	 Delta: 1.25560708451

Tue, 30 Dec 2014 09:10:54 JPPCF.py[line:86]                            INFO Iter: 60	 Loss: -511.827023318	 Delta: 2.12871711378

Tue, 30 Dec 2014 09:10:56 JPPCF.py[line:86]                            INFO Iter: 61	 Loss: -514.418378713	 Delta: 2.59135539561

Tue, 30 Dec 2014 09:10:59 JPPCF.py[line:86]                            INFO Iter: 62	 Loss: -516.714717143	 Delta: 2.29633842959

Tue, 30 Dec 2014 09:11:02 JPPCF.py[line:86]                            INFO Iter: 63	 Loss: -518.498168021	 Delta: 1.78345087837

Tue, 30 Dec 2014 09:11:05 JPPCF.py[line:86]                            INFO Iter: 64	 Loss: -521.239509433	 Delta: 2.74134141169

Tue, 30 Dec 2014 09:11:07 JPPCF.py[line:86]                            INFO Iter: 65	 Loss: -523.853984698	 Delta: 2.614475265

Tue, 30 Dec 2014 09:11:10 JPPCF.py[line:86]                            INFO Iter: 66	 Loss: -525.348504615	 Delta: 1.49451991656

Tue, 30 Dec 2014 09:11:13 JPPCF.py[line:86]                            INFO Iter: 67	 Loss: -525.723033344	 Delta: 0.374528729091

Tue, 30 Dec 2014 09:11:13 JPPCF.py[line:88]                            INFO JPPCF OK

Tue, 30 Dec 2014 09:11:14 demo_dynamic_user_item_num.py[line:153]                            INFO [ok]
computing t-model NMF decomposition...
Tue, 30 Dec 2014 09:11:14 nmf.py[line:109]                            INFO Iter: 1	 Loss: 2718.11469679	 Delta: 997281.885303

Tue, 30 Dec 2014 09:11:14 nmf.py[line:109]                            INFO Iter: 2	 Loss: 2627.35976444	 Delta: 90.75493235

Tue, 30 Dec 2014 09:11:15 nmf.py[line:109]                            INFO Iter: 3	 Loss: 2439.24729419	 Delta: 188.11247025

Tue, 30 Dec 2014 09:11:15 nmf.py[line:109]                            INFO Iter: 4	 Loss: 2085.76615285	 Delta: 353.481141342

Tue, 30 Dec 2014 09:11:15 nmf.py[line:109]                            INFO Iter: 5	 Loss: 1696.01391204	 Delta: 389.752240804

Tue, 30 Dec 2014 09:11:16 nmf.py[line:109]                            INFO Iter: 6	 Loss: 1439.56517527	 Delta: 256.448736774

Tue, 30 Dec 2014 09:11:16 nmf.py[line:109]                            INFO Iter: 7	 Loss: 1269.35367781	 Delta: 170.211497464

Tue, 30 Dec 2014 09:11:16 nmf.py[line:109]                            INFO Iter: 8	 Loss: 1142.48473029	 Delta: 126.868947514

Tue, 30 Dec 2014 09:11:17 nmf.py[line:109]                            INFO Iter: 9	 Loss: 1058.19309249	 Delta: 84.2916378033

Tue, 30 Dec 2014 09:11:17 nmf.py[line:109]                            INFO Iter: 10	 Loss: 993.214414807	 Delta: 64.9786776806

Tue, 30 Dec 2014 09:11:18 nmf.py[line:109]                            INFO Iter: 11	 Loss: 947.396218424	 Delta: 45.8181963829

Tue, 30 Dec 2014 09:11:18 nmf.py[line:109]                            INFO Iter: 12	 Loss: 912.479618078	 Delta: 34.9166003465

Tue, 30 Dec 2014 09:11:19 nmf.py[line:109]                            INFO Iter: 13	 Loss: 876.138138415	 Delta: 36.3414796626

Tue, 30 Dec 2014 09:11:19 nmf.py[line:109]                            INFO Iter: 14	 Loss: 843.983539486	 Delta: 32.1545989289

Tue, 30 Dec 2014 09:11:20 nmf.py[line:109]                            INFO Iter: 15	 Loss: 820.50821798	 Delta: 23.4753215068

Tue, 30 Dec 2014 09:11:20 nmf.py[line:109]                            INFO Iter: 16	 Loss: 801.5715713	 Delta: 18.9366466795

Tue, 30 Dec 2014 09:11:21 nmf.py[line:109]                            INFO Iter: 17	 Loss: 785.343752916	 Delta: 16.2278183836

Tue, 30 Dec 2014 09:11:21 nmf.py[line:109]                            INFO Iter: 18	 Loss: 771.177340582	 Delta: 14.1664123342

Tue, 30 Dec 2014 09:11:22 nmf.py[line:109]                            INFO Iter: 19	 Loss: 758.988224756	 Delta: 12.1891158267

Tue, 30 Dec 2014 09:11:22 nmf.py[line:109]                            INFO Iter: 20	 Loss: 749.047115465	 Delta: 9.94110929045

Tue, 30 Dec 2014 09:11:22 nmf.py[line:109]                            INFO Iter: 21	 Loss: 741.134590154	 Delta: 7.912525311

Tue, 30 Dec 2014 09:11:23 nmf.py[line:109]                            INFO Iter: 22	 Loss: 735.009048645	 Delta: 6.12554150959

Tue, 30 Dec 2014 09:11:23 nmf.py[line:109]                            INFO Iter: 23	 Loss: 730.316735281	 Delta: 4.69231336387

Tue, 30 Dec 2014 09:11:24 nmf.py[line:109]                            INFO Iter: 24	 Loss: 726.401089105	 Delta: 3.91564617607

Tue, 30 Dec 2014 09:11:24 nmf.py[line:109]                            INFO Iter: 25	 Loss: 722.965608576	 Delta: 3.43548052875

Tue, 30 Dec 2014 09:11:24 nmf.py[line:109]                            INFO Iter: 26	 Loss: 720.140862799	 Delta: 2.82474577715

Tue, 30 Dec 2014 09:11:25 nmf.py[line:109]                            INFO Iter: 27	 Loss: 717.015074697	 Delta: 3.12578810137

Tue, 30 Dec 2014 09:11:25 nmf.py[line:109]                            INFO Iter: 28	 Loss: 713.585500168	 Delta: 3.42957452968

Tue, 30 Dec 2014 09:11:26 nmf.py[line:109]                            INFO Iter: 29	 Loss: 711.154302076	 Delta: 2.43119809186

Tue, 30 Dec 2014 09:11:26 nmf.py[line:109]                            INFO Iter: 30	 Loss: 709.565949776	 Delta: 1.58835229994

Tue, 30 Dec 2014 09:11:26 nmf.py[line:109]                            INFO Iter: 31	 Loss: 708.453028331	 Delta: 1.11292144439

Tue, 30 Dec 2014 09:11:27 nmf.py[line:109]                            INFO Iter: 32	 Loss: 707.50366762	 Delta: 0.949360711484

Tue, 30 Dec 2014 09:11:27 nmf.py[line:113]                            INFO NMF OK
Tue, 30 Dec 2014 09:11:27 demo_dynamic_user_item_num.py[line:159]                            INFO [ok]
computing fix_model NMF decomposition...
Tue, 30 Dec 2014 09:11:27 demo_dynamic_user_item_num.py[line:169]                            INFO non zero cell num: 7728
Tue, 30 Dec 2014 09:11:27 nmf.py[line:109]                            INFO Iter: 1	 Loss: 7781.92617802	 Delta: 992218.073822

Tue, 30 Dec 2014 09:11:28 nmf.py[line:109]                            INFO Iter: 2	 Loss: 7503.57610217	 Delta: 278.350075852

Tue, 30 Dec 2014 09:11:28 nmf.py[line:109]                            INFO Iter: 3	 Loss: 7202.75160062	 Delta: 300.824501546

Tue, 30 Dec 2014 09:11:28 nmf.py[line:109]                            INFO Iter: 4	 Loss: 6366.13711558	 Delta: 836.614485038

Tue, 30 Dec 2014 09:11:29 nmf.py[line:109]                            INFO Iter: 5	 Loss: 5421.87253933	 Delta: 944.264576256

Tue, 30 Dec 2014 09:11:29 nmf.py[line:109]                            INFO Iter: 6	 Loss: 4705.99202195	 Delta: 715.880517378

Tue, 30 Dec 2014 09:11:29 nmf.py[line:109]                            INFO Iter: 7	 Loss: 4184.75678741	 Delta: 521.235234537

Tue, 30 Dec 2014 09:11:30 nmf.py[line:109]                            INFO Iter: 8	 Loss: 3797.82316808	 Delta: 386.933619329

Tue, 30 Dec 2014 09:11:30 nmf.py[line:109]                            INFO Iter: 9	 Loss: 3493.46761519	 Delta: 304.355552898

Tue, 30 Dec 2014 09:11:30 nmf.py[line:109]                            INFO Iter: 10	 Loss: 3275.14941428	 Delta: 218.318200908

Tue, 30 Dec 2014 09:11:30 nmf.py[line:109]                            INFO Iter: 11	 Loss: 3106.95874973	 Delta: 168.190664545

Tue, 30 Dec 2014 09:11:31 nmf.py[line:109]                            INFO Iter: 12	 Loss: 2972.8050896	 Delta: 134.153660129

Tue, 30 Dec 2014 09:11:31 nmf.py[line:109]                            INFO Iter: 13	 Loss: 2870.99391312	 Delta: 101.811176489

Tue, 30 Dec 2014 09:11:32 nmf.py[line:109]                            INFO Iter: 14	 Loss: 2793.31396224	 Delta: 77.6799508716

Tue, 30 Dec 2014 09:11:32 nmf.py[line:109]                            INFO Iter: 15	 Loss: 2731.561604	 Delta: 61.7523582447

Tue, 30 Dec 2014 09:11:33 nmf.py[line:109]                            INFO Iter: 16	 Loss: 2677.75092627	 Delta: 53.8106777265

Tue, 30 Dec 2014 09:11:34 nmf.py[line:109]                            INFO Iter: 17	 Loss: 2628.96795915	 Delta: 48.7829671219

Tue, 30 Dec 2014 09:11:34 nmf.py[line:109]                            INFO Iter: 18	 Loss: 2586.70708775	 Delta: 42.260871398

Tue, 30 Dec 2014 09:11:35 nmf.py[line:109]                            INFO Iter: 19	 Loss: 2551.93412154	 Delta: 34.7729662122

Tue, 30 Dec 2014 09:11:35 nmf.py[line:109]                            INFO Iter: 20	 Loss: 2523.73731897	 Delta: 28.1968025697

Tue, 30 Dec 2014 09:11:36 nmf.py[line:109]                            INFO Iter: 21	 Loss: 2500.53254653	 Delta: 23.2047724428

Tue, 30 Dec 2014 09:11:37 nmf.py[line:109]                            INFO Iter: 22	 Loss: 2481.79853635	 Delta: 18.7340101758

Tue, 30 Dec 2014 09:11:37 nmf.py[line:109]                            INFO Iter: 23	 Loss: 2466.430419	 Delta: 15.3681173528

Tue, 30 Dec 2014 09:11:38 nmf.py[line:109]                            INFO Iter: 24	 Loss: 2453.33833212	 Delta: 13.0920868804

Tue, 30 Dec 2014 09:11:38 nmf.py[line:109]                            INFO Iter: 25	 Loss: 2441.6846045	 Delta: 11.6537276155

Tue, 30 Dec 2014 09:11:39 nmf.py[line:109]                            INFO Iter: 26	 Loss: 2431.48725659	 Delta: 10.1973479169

Tue, 30 Dec 2014 09:11:39 nmf.py[line:109]                            INFO Iter: 27	 Loss: 2423.23817114	 Delta: 8.24908544986

Tue, 30 Dec 2014 09:11:40 nmf.py[line:109]                            INFO Iter: 28	 Loss: 2416.46792987	 Delta: 6.77024127063

Tue, 30 Dec 2014 09:11:41 nmf.py[line:109]                            INFO Iter: 29	 Loss: 2410.59779449	 Delta: 5.87013537266

Tue, 30 Dec 2014 09:11:41 nmf.py[line:109]                            INFO Iter: 30	 Loss: 2405.01703603	 Delta: 5.58075846766

Tue, 30 Dec 2014 09:11:42 nmf.py[line:109]                            INFO Iter: 31	 Loss: 2399.63026778	 Delta: 5.38676824449

Tue, 30 Dec 2014 09:11:42 nmf.py[line:109]                            INFO Iter: 32	 Loss: 2394.26627457	 Delta: 5.36399321323

Tue, 30 Dec 2014 09:11:43 nmf.py[line:109]                            INFO Iter: 33	 Loss: 2388.9294807	 Delta: 5.33679387017

Tue, 30 Dec 2014 09:11:43 nmf.py[line:109]                            INFO Iter: 34	 Loss: 2383.4908824	 Delta: 5.43859829488

Tue, 30 Dec 2014 09:11:44 nmf.py[line:109]                            INFO Iter: 35	 Loss: 2378.06031611	 Delta: 5.43056629609

Tue, 30 Dec 2014 09:11:44 nmf.py[line:109]                            INFO Iter: 36	 Loss: 2372.70441577	 Delta: 5.35590033746

Tue, 30 Dec 2014 09:11:45 nmf.py[line:109]                            INFO Iter: 37	 Loss: 2367.47336936	 Delta: 5.23104641307

Tue, 30 Dec 2014 09:11:45 nmf.py[line:109]                            INFO Iter: 38	 Loss: 2362.41489095	 Delta: 5.05847840735

Tue, 30 Dec 2014 09:11:46 nmf.py[line:109]                            INFO Iter: 39	 Loss: 2357.30631961	 Delta: 5.10857133586

Tue, 30 Dec 2014 09:11:46 nmf.py[line:109]                            INFO Iter: 40	 Loss: 2352.02649868	 Delta: 5.27982093635

Tue, 30 Dec 2014 09:11:47 nmf.py[line:109]                            INFO Iter: 41	 Loss: 2346.5411647	 Delta: 5.48533397825

Tue, 30 Dec 2014 09:11:47 nmf.py[line:109]                            INFO Iter: 42	 Loss: 2340.98514639	 Delta: 5.55601830449

Tue, 30 Dec 2014 09:11:48 nmf.py[line:109]                            INFO Iter: 43	 Loss: 2335.88938707	 Delta: 5.09575932123

Tue, 30 Dec 2014 09:11:48 nmf.py[line:109]                            INFO Iter: 44	 Loss: 2332.00749464	 Delta: 3.8818924298

Tue, 30 Dec 2014 09:11:49 nmf.py[line:109]                            INFO Iter: 45	 Loss: 2329.15019818	 Delta: 2.85729646643

Tue, 30 Dec 2014 09:11:49 nmf.py[line:109]                            INFO Iter: 46	 Loss: 2326.92704408	 Delta: 2.22315409574

