Tue, 09 Dec 2014 13:02:47 demo_at_tsinghua.py[line:85]                            INFO non zero cell num: 2085
Tue, 09 Dec 2014 13:02:47 demo_at_tsinghua.py[line:86]                            INFO start nmf:

Tue, 09 Dec 2014 13:02:53 nmf.py[line:109]                            INFO Iter: 1	 Loss: 2085.832497	 Delta: 997914.167503

Tue, 09 Dec 2014 13:02:58 nmf.py[line:109]                            INFO Iter: 2	 Loss: 1880.43140056	 Delta: 205.401096439

Tue, 09 Dec 2014 13:03:04 nmf.py[line:109]                            INFO Iter: 3	 Loss: 1696.89189377	 Delta: 183.539506797

Tue, 09 Dec 2014 13:03:10 nmf.py[line:109]                            INFO Iter: 4	 Loss: 1403.35229259	 Delta: 293.539601179

Tue, 09 Dec 2014 13:03:16 nmf.py[line:109]                            INFO Iter: 5	 Loss: 1129.8167677	 Delta: 273.535524884

Tue, 09 Dec 2014 13:03:22 nmf.py[line:109]                            INFO Iter: 6	 Loss: 937.828262862	 Delta: 191.988504842

Tue, 09 Dec 2014 13:03:27 nmf.py[line:109]                            INFO Iter: 7	 Loss: 814.333134892	 Delta: 123.49512797

Tue, 09 Dec 2014 13:03:33 nmf.py[line:109]                            INFO Iter: 8	 Loss: 729.979493408	 Delta: 84.3536414836

Tue, 09 Dec 2014 13:03:39 nmf.py[line:109]                            INFO Iter: 9	 Loss: 668.358204127	 Delta: 61.621289281

Tue, 09 Dec 2014 13:03:45 nmf.py[line:109]                            INFO Iter: 10	 Loss: 622.087671992	 Delta: 46.2705321359

Tue, 09 Dec 2014 13:03:50 nmf.py[line:109]                            INFO Iter: 11	 Loss: 587.5617347	 Delta: 34.5259372913

Tue, 09 Dec 2014 13:03:56 nmf.py[line:109]                            INFO Iter: 12	 Loss: 561.851864178	 Delta: 25.7098705222

Tue, 09 Dec 2014 13:04:02 nmf.py[line:109]                            INFO Iter: 13	 Loss: 543.355020217	 Delta: 18.4968439606

Tue, 09 Dec 2014 13:04:08 nmf.py[line:109]                            INFO Iter: 14	 Loss: 529.080134118	 Delta: 14.2748860993

Tue, 09 Dec 2014 13:04:14 nmf.py[line:109]                            INFO Iter: 15	 Loss: 517.401524229	 Delta: 11.6786098894

Tue, 09 Dec 2014 13:04:20 nmf.py[line:109]                            INFO Iter: 16	 Loss: 507.302974599	 Delta: 10.0985496301

Tue, 09 Dec 2014 13:04:26 nmf.py[line:109]                            INFO Iter: 17	 Loss: 499.477529445	 Delta: 7.82544515356

Tue, 09 Dec 2014 13:04:31 nmf.py[line:109]                            INFO Iter: 18	 Loss: 492.864623387	 Delta: 6.61290605855

Tue, 09 Dec 2014 13:04:37 nmf.py[line:109]                            INFO Iter: 19	 Loss: 487.464210425	 Delta: 5.40041296136

Tue, 09 Dec 2014 13:04:43 nmf.py[line:109]                            INFO Iter: 20	 Loss: 482.890775017	 Delta: 4.57343540775

Tue, 09 Dec 2014 13:04:48 nmf.py[line:109]                            INFO Iter: 21	 Loss: 478.961548645	 Delta: 3.9292263726

Tue, 09 Dec 2014 13:04:54 nmf.py[line:109]                            INFO Iter: 22	 Loss: 475.57749443	 Delta: 3.38405421487

Tue, 09 Dec 2014 13:05:00 nmf.py[line:109]                            INFO Iter: 23	 Loss: 472.544344375	 Delta: 3.03315005521

Tue, 09 Dec 2014 13:05:06 nmf.py[line:109]                            INFO Iter: 24	 Loss: 469.62441455	 Delta: 2.9199298248

Tue, 09 Dec 2014 13:05:12 nmf.py[line:109]                            INFO Iter: 25	 Loss: 466.709393881	 Delta: 2.91502066848

Tue, 09 Dec 2014 13:05:18 nmf.py[line:109]                            INFO Iter: 26	 Loss: 463.829779504	 Delta: 2.87961437754

Tue, 09 Dec 2014 13:05:24 nmf.py[line:109]                            INFO Iter: 27	 Loss: 461.062831502	 Delta: 2.76694800229

Tue, 09 Dec 2014 13:05:30 nmf.py[line:109]                            INFO Iter: 28	 Loss: 458.422245525	 Delta: 2.64058597629

Tue, 09 Dec 2014 13:05:37 nmf.py[line:109]                            INFO Iter: 29	 Loss: 455.924076217	 Delta: 2.49816930872

Tue, 09 Dec 2014 13:05:43 nmf.py[line:109]                            INFO Iter: 30	 Loss: 453.60265502	 Delta: 2.3214211964

Tue, 09 Dec 2014 13:05:49 nmf.py[line:109]                            INFO Iter: 31	 Loss: 451.425442575	 Delta: 2.17721244516

Tue, 09 Dec 2014 13:05:54 nmf.py[line:109]                            INFO Iter: 32	 Loss: 449.458956851	 Delta: 1.96648572402

Tue, 09 Dec 2014 13:06:00 nmf.py[line:109]                            INFO Iter: 33	 Loss: 447.736651022	 Delta: 1.72230582883

Tue, 09 Dec 2014 13:06:06 nmf.py[line:109]                            INFO Iter: 34	 Loss: 446.26722917	 Delta: 1.46942185237

Tue, 09 Dec 2014 13:06:12 nmf.py[line:109]                            INFO Iter: 35	 Loss: 445.040344848	 Delta: 1.2268843222

Tue, 09 Dec 2014 13:06:18 nmf.py[line:109]                            INFO Iter: 36	 Loss: 443.974915647	 Delta: 1.06542920082

Tue, 09 Dec 2014 13:06:24 nmf.py[line:109]                            INFO Iter: 37	 Loss: 442.977882888	 Delta: 0.997032758934

Tue, 09 Dec 2014 13:06:30 nmf.py[line:109]                            INFO Iter: 38	 Loss: 442.061553994	 Delta: 0.916328894034

Tue, 09 Dec 2014 13:06:36 nmf.py[line:109]                            INFO Iter: 39	 Loss: 441.289630783	 Delta: 0.771923211174

Tue, 09 Dec 2014 13:06:42 nmf.py[line:109]                            INFO Iter: 40	 Loss: 440.600404568	 Delta: 0.689226214926

Tue, 09 Dec 2014 13:06:48 nmf.py[line:109]                            INFO Iter: 41	 Loss: 439.954853597	 Delta: 0.645550971048

Tue, 09 Dec 2014 13:06:54 nmf.py[line:109]                            INFO Iter: 42	 Loss: 439.305265742	 Delta: 0.649587854468

Tue, 09 Dec 2014 13:07:00 nmf.py[line:109]                            INFO Iter: 43	 Loss: 438.572756011	 Delta: 0.732509731331

Tue, 09 Dec 2014 13:07:05 nmf.py[line:109]                            INFO Iter: 44	 Loss: 437.80003741	 Delta: 0.77271860059

Tue, 09 Dec 2014 13:07:11 nmf.py[line:109]                            INFO Iter: 45	 Loss: 437.014153904	 Delta: 0.785883506397

Tue, 09 Dec 2014 13:07:17 nmf.py[line:109]                            INFO Iter: 46	 Loss: 436.221860396	 Delta: 0.792293508218

Tue, 09 Dec 2014 13:07:23 nmf.py[line:109]                            INFO Iter: 47	 Loss: 435.38536346	 Delta: 0.836496935443

Tue, 09 Dec 2014 13:07:29 nmf.py[line:109]                            INFO Iter: 48	 Loss: 434.543816687	 Delta: 0.841546773212

Tue, 09 Dec 2014 13:07:35 nmf.py[line:109]                            INFO Iter: 49	 Loss: 433.822871054	 Delta: 0.720945633438

Tue, 09 Dec 2014 13:07:41 nmf.py[line:109]                            INFO Iter: 50	 Loss: 433.187950428	 Delta: 0.634920625543

Tue, 09 Dec 2014 13:07:47 nmf.py[line:109]                            INFO Iter: 51	 Loss: 432.629723807	 Delta: 0.558226620554

Tue, 09 Dec 2014 13:07:52 nmf.py[line:109]                            INFO Iter: 52	 Loss: 432.117892825	 Delta: 0.511830982628

Tue, 09 Dec 2014 13:07:58 nmf.py[line:109]                            INFO Iter: 53	 Loss: 431.596050652	 Delta: 0.521842172973

Tue, 09 Dec 2014 13:08:04 nmf.py[line:109]                            INFO Iter: 54	 Loss: 430.992281322	 Delta: 0.603769330135

Tue, 09 Dec 2014 13:08:10 nmf.py[line:109]                            INFO Iter: 55	 Loss: 430.353237441	 Delta: 0.639043880911

Tue, 09 Dec 2014 13:08:16 nmf.py[line:109]                            INFO Iter: 56	 Loss: 429.765949682	 Delta: 0.587287758533

Tue, 09 Dec 2014 13:08:22 nmf.py[line:109]                            INFO Iter: 57	 Loss: 429.2623878	 Delta: 0.503561882618

Tue, 09 Dec 2014 13:08:28 nmf.py[line:109]                            INFO Iter: 58	 Loss: 428.781157328	 Delta: 0.481230472011

Tue, 09 Dec 2014 13:08:34 nmf.py[line:109]                            INFO Iter: 59	 Loss: 428.299702785	 Delta: 0.481454543113

Tue, 09 Dec 2014 13:08:40 nmf.py[line:109]                            INFO Iter: 60	 Loss: 427.841714897	 Delta: 0.457987887983

Tue, 09 Dec 2014 13:08:45 nmf.py[line:109]                            INFO Iter: 61	 Loss: 427.399902966	 Delta: 0.44181193072

Tue, 09 Dec 2014 13:08:51 nmf.py[line:109]                            INFO Iter: 62	 Loss: 426.963888193	 Delta: 0.436014772845

Tue, 09 Dec 2014 13:08:58 nmf.py[line:109]                            INFO Iter: 63	 Loss: 426.522627744	 Delta: 0.441260448684

Tue, 09 Dec 2014 13:09:03 nmf.py[line:109]                            INFO Iter: 64	 Loss: 426.080386726	 Delta: 0.442241017977

Tue, 09 Dec 2014 13:09:09 nmf.py[line:109]                            INFO Iter: 65	 Loss: 425.652861389	 Delta: 0.427525337436

Tue, 09 Dec 2014 13:09:15 nmf.py[line:109]                            INFO Iter: 66	 Loss: 425.264045459	 Delta: 0.388815930033

Tue, 09 Dec 2014 13:09:21 nmf.py[line:109]                            INFO Iter: 67	 Loss: 424.93147878	 Delta: 0.332566678917

Tue, 09 Dec 2014 13:09:27 nmf.py[line:109]                            INFO Iter: 68	 Loss: 424.579005609	 Delta: 0.35247317142

Tue, 09 Dec 2014 13:09:32 nmf.py[line:109]                            INFO Iter: 69	 Loss: 424.280832607	 Delta: 0.298173001778

Tue, 09 Dec 2014 13:09:38 nmf.py[line:109]                            INFO Iter: 70	 Loss: 423.938876843	 Delta: 0.341955763508

Tue, 09 Dec 2014 13:09:44 nmf.py[line:109]                            INFO Iter: 71	 Loss: 423.641817685	 Delta: 0.297059158387

Tue, 09 Dec 2014 13:09:50 nmf.py[line:109]                            INFO Iter: 72	 Loss: 423.375898514	 Delta: 0.265919171096

Tue, 09 Dec 2014 13:09:55 nmf.py[line:109]                            INFO Iter: 73	 Loss: 423.124828215	 Delta: 0.251070298679

Tue, 09 Dec 2014 13:10:01 nmf.py[line:109]                            INFO Iter: 74	 Loss: 422.870491504	 Delta: 0.254336711428

Tue, 09 Dec 2014 13:10:07 nmf.py[line:109]                            INFO Iter: 75	 Loss: 422.586447557	 Delta: 0.284043946718

Tue, 09 Dec 2014 13:10:13 nmf.py[line:109]                            INFO Iter: 76	 Loss: 422.315982861	 Delta: 0.270464695505

Tue, 09 Dec 2014 13:10:19 nmf.py[line:109]                            INFO Iter: 77	 Loss: 422.07078067	 Delta: 0.245202191201

Tue, 09 Dec 2014 13:10:24 nmf.py[line:109]                            INFO Iter: 78	 Loss: 421.859539161	 Delta: 0.211241509512

Tue, 09 Dec 2014 13:10:30 nmf.py[line:109]                            INFO Iter: 79	 Loss: 421.681727355	 Delta: 0.177811805379

Tue, 09 Dec 2014 13:10:35 nmf.py[line:109]                            INFO Iter: 80	 Loss: 421.524564711	 Delta: 0.157162644574

Tue, 09 Dec 2014 13:10:41 nmf.py[line:109]                            INFO Iter: 81	 Loss: 421.371845968	 Delta: 0.152718742383

Tue, 09 Dec 2014 13:10:47 nmf.py[line:109]                            INFO Iter: 82	 Loss: 421.194649583	 Delta: 0.177196385517

Tue, 09 Dec 2014 13:10:53 nmf.py[line:109]                            INFO Iter: 83	 Loss: 420.962901695	 Delta: 0.231747887813

Tue, 09 Dec 2014 13:10:59 nmf.py[line:109]                            INFO Iter: 84	 Loss: 420.748109811	 Delta: 0.214791884449

Tue, 09 Dec 2014 13:11:05 nmf.py[line:109]                            INFO Iter: 85	 Loss: 420.562353062	 Delta: 0.185756748988

Tue, 09 Dec 2014 13:11:11 nmf.py[line:109]                            INFO Iter: 86	 Loss: 420.37408142	 Delta: 0.188271641935

Tue, 09 Dec 2014 13:11:17 nmf.py[line:109]                            INFO Iter: 87	 Loss: 420.179621896	 Delta: 0.194459523841

Tue, 09 Dec 2014 13:11:23 nmf.py[line:109]                            INFO Iter: 88	 Loss: 419.977380069	 Delta: 0.202241826512

Tue, 09 Dec 2014 13:11:29 nmf.py[line:109]                            INFO Iter: 89	 Loss: 419.761824574	 Delta: 0.215555495109

Tue, 09 Dec 2014 13:11:35 nmf.py[line:109]                            INFO Iter: 90	 Loss: 419.485613865	 Delta: 0.276210709148

Tue, 09 Dec 2014 13:11:41 nmf.py[line:109]                            INFO Iter: 91	 Loss: 419.154112377	 Delta: 0.331501488237

Tue, 09 Dec 2014 13:11:47 nmf.py[line:109]                            INFO Iter: 92	 Loss: 418.865448412	 Delta: 0.288663964869

Tue, 09 Dec 2014 13:11:53 nmf.py[line:109]                            INFO Iter: 93	 Loss: 418.562281058	 Delta: 0.303167354341

Tue, 09 Dec 2014 13:11:58 nmf.py[line:109]                            INFO Iter: 94	 Loss: 418.308330476	 Delta: 0.25395058148

Tue, 09 Dec 2014 13:12:04 nmf.py[line:109]                            INFO Iter: 95	 Loss: 418.088993651	 Delta: 0.219336825144

Tue, 09 Dec 2014 13:12:10 nmf.py[line:109]                            INFO Iter: 96	 Loss: 417.897333125	 Delta: 0.191660525691

Tue, 09 Dec 2014 13:12:16 nmf.py[line:109]                            INFO Iter: 97	 Loss: 417.726938112	 Delta: 0.17039501337

Tue, 09 Dec 2014 13:12:21 nmf.py[line:109]                            INFO Iter: 98	 Loss: 417.573997866	 Delta: 0.152940246148

Tue, 09 Dec 2014 13:12:27 nmf.py[line:109]                            INFO Iter: 99	 Loss: 417.43623807	 Delta: 0.137759795794

Tue, 09 Dec 2014 13:12:27 nmf.py[line:113]                            INFO NMF OK
Tue, 09 Dec 2014 13:12:27 demo_at_tsinghua.py[line:96]                            INFO 
=========================

Tue, 09 Dec 2014 13:12:27 demo_at_tsinghua.py[line:97]                            INFO time_step number %i:
2
Tue, 09 Dec 2014 13:12:27 demo_at_tsinghua.py[line:98]                            INFO ----------------

Tue, 09 Dec 2014 13:12:28 demo_at_tsinghua.py[line:113]                            INFO non zero cell num: 2904
Tue, 09 Dec 2014 13:12:28 demo_at_tsinghua.py[line:116]                            INFO computing JPP decomposition...
Tue, 09 Dec 2014 13:15:41 JPPCF.py[line:77]                            INFO Iter: 1	 Loss: 5836.11371992	 Delta: 994163.88628

Tue, 09 Dec 2014 13:18:50 JPPCF.py[line:77]                            INFO Iter: 2	 Loss: 5835.82937068	 Delta: 0.284349236019

Tue, 09 Dec 2014 13:22:13 JPPCF.py[line:77]                            INFO Iter: 3	 Loss: 5363.16986938	 Delta: 472.659501303

Tue, 09 Dec 2014 13:25:47 JPPCF.py[line:77]                            INFO Iter: 4	 Loss: 4460.14257127	 Delta: 903.027298111

Tue, 09 Dec 2014 13:30:20 JPPCF.py[line:77]                            INFO Iter: 5	 Loss: 4015.96824925	 Delta: 444.17432202

