Tue, 09 Dec 2014 13:02:47 demo_at_tsinghua.py[line:85]                            INFO non zero cell num: 2085
Tue, 09 Dec 2014 13:02:47 demo_at_tsinghua.py[line:86]                            INFO start nmf:

Tue, 09 Dec 2014 13:02:53 nmf.py[line:109]                            INFO Iter: 1	 Loss: 2085.8331066	 Delta: 997914.166893

Tue, 09 Dec 2014 13:02:58 nmf.py[line:109]                            INFO Iter: 2	 Loss: 1877.0098414	 Delta: 208.823265198

Tue, 09 Dec 2014 13:03:04 nmf.py[line:109]                            INFO Iter: 3	 Loss: 1716.93592145	 Delta: 160.073919954

Tue, 09 Dec 2014 13:03:10 nmf.py[line:109]                            INFO Iter: 4	 Loss: 1410.08126652	 Delta: 306.854654927

Tue, 09 Dec 2014 13:03:16 nmf.py[line:109]                            INFO Iter: 5	 Loss: 1149.25002936	 Delta: 260.831237156

Tue, 09 Dec 2014 13:03:22 nmf.py[line:109]                            INFO Iter: 6	 Loss: 980.878103582	 Delta: 168.371925782

Tue, 09 Dec 2014 13:03:28 nmf.py[line:109]                            INFO Iter: 7	 Loss: 873.104073246	 Delta: 107.774030336

Tue, 09 Dec 2014 13:03:34 nmf.py[line:109]                            INFO Iter: 8	 Loss: 788.664925179	 Delta: 84.4391480668

Tue, 09 Dec 2014 13:03:40 nmf.py[line:109]                            INFO Iter: 9	 Loss: 718.574839551	 Delta: 70.0900856276

Tue, 09 Dec 2014 13:03:45 nmf.py[line:109]                            INFO Iter: 10	 Loss: 660.199232028	 Delta: 58.3756075236

Tue, 09 Dec 2014 13:03:51 nmf.py[line:109]                            INFO Iter: 11	 Loss: 614.135674446	 Delta: 46.0635575819

Tue, 09 Dec 2014 13:03:57 nmf.py[line:109]                            INFO Iter: 12	 Loss: 578.864524221	 Delta: 35.271150225

Tue, 09 Dec 2014 13:04:03 nmf.py[line:109]                            INFO Iter: 13	 Loss: 552.165093059	 Delta: 26.6994311622

Tue, 09 Dec 2014 13:04:08 nmf.py[line:109]                            INFO Iter: 14	 Loss: 531.84309434	 Delta: 20.3219987183

Tue, 09 Dec 2014 13:04:14 nmf.py[line:109]                            INFO Iter: 15	 Loss: 516.467254363	 Delta: 15.3758399774

Tue, 09 Dec 2014 13:04:20 nmf.py[line:109]                            INFO Iter: 16	 Loss: 504.514549739	 Delta: 11.9527046235

Tue, 09 Dec 2014 13:04:25 nmf.py[line:109]                            INFO Iter: 17	 Loss: 494.813945774	 Delta: 9.70060396554

Tue, 09 Dec 2014 13:04:30 nmf.py[line:109]                            INFO Iter: 18	 Loss: 485.923910143	 Delta: 8.89003563061

Tue, 09 Dec 2014 13:04:36 nmf.py[line:109]                            INFO Iter: 19	 Loss: 477.96269619	 Delta: 7.96121395352

Tue, 09 Dec 2014 13:04:42 nmf.py[line:109]                            INFO Iter: 20	 Loss: 472.226179355	 Delta: 5.73651683425

Tue, 09 Dec 2014 13:04:48 nmf.py[line:109]                            INFO Iter: 21	 Loss: 467.680742598	 Delta: 4.54543675703

Tue, 09 Dec 2014 13:04:54 nmf.py[line:109]                            INFO Iter: 22	 Loss: 463.749710858	 Delta: 3.93103174032

Tue, 09 Dec 2014 13:04:59 nmf.py[line:109]                            INFO Iter: 23	 Loss: 460.261839086	 Delta: 3.48787177227

Tue, 09 Dec 2014 13:05:05 nmf.py[line:109]                            INFO Iter: 24	 Loss: 457.215616622	 Delta: 3.04622246335

Tue, 09 Dec 2014 13:05:11 nmf.py[line:109]                            INFO Iter: 25	 Loss: 454.403834205	 Delta: 2.81178241787

Tue, 09 Dec 2014 13:05:17 nmf.py[line:109]                            INFO Iter: 26	 Loss: 451.714040018	 Delta: 2.68979418673

Tue, 09 Dec 2014 13:05:23 nmf.py[line:109]                            INFO Iter: 27	 Loss: 449.386637619	 Delta: 2.32740239874

Tue, 09 Dec 2014 13:05:29 nmf.py[line:109]                            INFO Iter: 28	 Loss: 447.2298911	 Delta: 2.15674651859

Tue, 09 Dec 2014 13:05:34 nmf.py[line:109]                            INFO Iter: 29	 Loss: 445.215824781	 Delta: 2.01406631981

Tue, 09 Dec 2014 13:05:40 nmf.py[line:109]                            INFO Iter: 30	 Loss: 443.380689725	 Delta: 1.83513505523

Tue, 09 Dec 2014 13:05:46 nmf.py[line:109]                            INFO Iter: 31	 Loss: 441.766729311	 Delta: 1.61396041405

Tue, 09 Dec 2014 13:05:52 nmf.py[line:109]                            INFO Iter: 32	 Loss: 440.379432067	 Delta: 1.38729724443

Tue, 09 Dec 2014 13:05:57 nmf.py[line:109]                            INFO Iter: 33	 Loss: 439.15059441	 Delta: 1.22883765653

Tue, 09 Dec 2014 13:06:03 nmf.py[line:109]                            INFO Iter: 34	 Loss: 437.92516066	 Delta: 1.2254337502

Tue, 09 Dec 2014 13:06:09 nmf.py[line:109]                            INFO Iter: 35	 Loss: 436.650799419	 Delta: 1.27436124079

Tue, 09 Dec 2014 13:06:15 nmf.py[line:109]                            INFO Iter: 36	 Loss: 435.430489873	 Delta: 1.22030954637

Tue, 09 Dec 2014 13:06:20 nmf.py[line:109]                            INFO Iter: 37	 Loss: 434.179334019	 Delta: 1.25115585448

Tue, 09 Dec 2014 13:06:27 nmf.py[line:109]                            INFO Iter: 38	 Loss: 432.920332829	 Delta: 1.25900118908

Tue, 09 Dec 2014 13:06:32 nmf.py[line:109]                            INFO Iter: 39	 Loss: 431.694185401	 Delta: 1.22614742825

Tue, 09 Dec 2014 13:06:39 nmf.py[line:109]                            INFO Iter: 40	 Loss: 430.46315497	 Delta: 1.23103043103

Tue, 09 Dec 2014 13:06:44 nmf.py[line:109]                            INFO Iter: 41	 Loss: 429.265145944	 Delta: 1.19800902631

Tue, 09 Dec 2014 13:06:50 nmf.py[line:109]                            INFO Iter: 42	 Loss: 428.144591845	 Delta: 1.12055409855

Tue, 09 Dec 2014 13:06:56 nmf.py[line:109]                            INFO Iter: 43	 Loss: 427.129637898	 Delta: 1.01495394738

Tue, 09 Dec 2014 13:07:02 nmf.py[line:109]                            INFO Iter: 44	 Loss: 426.285219484	 Delta: 0.844418413775

Tue, 09 Dec 2014 13:07:07 nmf.py[line:109]                            INFO Iter: 45	 Loss: 425.521660291	 Delta: 0.763559192727

Tue, 09 Dec 2014 13:07:13 nmf.py[line:109]                            INFO Iter: 46	 Loss: 424.879641741	 Delta: 0.642018550433

Tue, 09 Dec 2014 13:07:19 nmf.py[line:109]                            INFO Iter: 47	 Loss: 424.354954659	 Delta: 0.524687082543

Tue, 09 Dec 2014 13:07:25 nmf.py[line:109]                            INFO Iter: 48	 Loss: 423.867875314	 Delta: 0.487079344201

Tue, 09 Dec 2014 13:07:30 nmf.py[line:109]                            INFO Iter: 49	 Loss: 423.374263771	 Delta: 0.493611542977

Tue, 09 Dec 2014 13:07:36 nmf.py[line:109]                            INFO Iter: 50	 Loss: 422.948954679	 Delta: 0.425309092481

Tue, 09 Dec 2014 13:07:42 nmf.py[line:109]                            INFO Iter: 51	 Loss: 422.560055537	 Delta: 0.388899141687

Tue, 09 Dec 2014 13:07:48 nmf.py[line:109]                            INFO Iter: 52	 Loss: 422.136737912	 Delta: 0.423317624849

Tue, 09 Dec 2014 13:07:53 nmf.py[line:109]                            INFO Iter: 53	 Loss: 421.808921865	 Delta: 0.327816047728

Tue, 09 Dec 2014 13:07:59 nmf.py[line:109]                            INFO Iter: 54	 Loss: 421.520515092	 Delta: 0.288406772502

Tue, 09 Dec 2014 13:08:05 nmf.py[line:109]                            INFO Iter: 55	 Loss: 421.280930701	 Delta: 0.239584391506

Tue, 09 Dec 2014 13:08:10 nmf.py[line:109]                            INFO Iter: 56	 Loss: 421.084454414	 Delta: 0.196476286679

Tue, 09 Dec 2014 13:08:16 nmf.py[line:109]                            INFO Iter: 57	 Loss: 420.898372207	 Delta: 0.186082207049

Tue, 09 Dec 2014 13:08:22 nmf.py[line:109]                            INFO Iter: 58	 Loss: 420.526166579	 Delta: 0.37220562747

Tue, 09 Dec 2014 13:08:28 nmf.py[line:109]                            INFO Iter: 59	 Loss: 420.243713632	 Delta: 0.282452947243

Tue, 09 Dec 2014 13:08:33 nmf.py[line:109]                            INFO Iter: 60	 Loss: 420.028716893	 Delta: 0.214996738997

Tue, 09 Dec 2014 13:08:39 nmf.py[line:109]                            INFO Iter: 61	 Loss: 419.832357973	 Delta: 0.19635891998

Tue, 09 Dec 2014 13:08:45 nmf.py[line:109]                            INFO Iter: 62	 Loss: 419.64303426	 Delta: 0.189323713362

Tue, 09 Dec 2014 13:08:51 nmf.py[line:109]                            INFO Iter: 63	 Loss: 419.468120163	 Delta: 0.174914096756

Tue, 09 Dec 2014 13:08:57 nmf.py[line:109]                            INFO Iter: 64	 Loss: 419.290507341	 Delta: 0.177612822501

Tue, 09 Dec 2014 13:09:03 nmf.py[line:109]                            INFO Iter: 65	 Loss: 419.096920076	 Delta: 0.193587265005

Tue, 09 Dec 2014 13:09:09 nmf.py[line:109]                            INFO Iter: 66	 Loss: 418.870908109	 Delta: 0.226011966119

Tue, 09 Dec 2014 13:09:15 nmf.py[line:109]                            INFO Iter: 67	 Loss: 418.575599319	 Delta: 0.295308790652

Tue, 09 Dec 2014 13:09:20 nmf.py[line:109]                            INFO Iter: 68	 Loss: 418.241459919	 Delta: 0.334139399759

Tue, 09 Dec 2014 13:09:26 nmf.py[line:109]                            INFO Iter: 69	 Loss: 417.943345323	 Delta: 0.298114596451

Tue, 09 Dec 2014 13:09:32 nmf.py[line:109]                            INFO Iter: 70	 Loss: 417.584409298	 Delta: 0.35893602472

Tue, 09 Dec 2014 13:09:37 nmf.py[line:109]                            INFO Iter: 71	 Loss: 417.191963099	 Delta: 0.392446199284

Tue, 09 Dec 2014 13:09:43 nmf.py[line:109]                            INFO Iter: 72	 Loss: 416.834373965	 Delta: 0.357589133866

Tue, 09 Dec 2014 13:09:49 nmf.py[line:109]                            INFO Iter: 73	 Loss: 416.525522864	 Delta: 0.308851101043

Tue, 09 Dec 2014 13:09:55 nmf.py[line:109]                            INFO Iter: 74	 Loss: 416.247122816	 Delta: 0.278400047183

Tue, 09 Dec 2014 13:10:01 nmf.py[line:109]                            INFO Iter: 75	 Loss: 415.965733814	 Delta: 0.281389002517

Tue, 09 Dec 2014 13:10:06 nmf.py[line:109]                            INFO Iter: 76	 Loss: 415.676756388	 Delta: 0.288977426145

Tue, 09 Dec 2014 13:10:12 nmf.py[line:109]                            INFO Iter: 77	 Loss: 415.395646704	 Delta: 0.281109683573

Tue, 09 Dec 2014 13:10:18 nmf.py[line:109]                            INFO Iter: 78	 Loss: 415.009716368	 Delta: 0.385930336001

Tue, 09 Dec 2014 13:10:23 nmf.py[line:109]                            INFO Iter: 79	 Loss: 414.453600628	 Delta: 0.556115740362

Tue, 09 Dec 2014 13:10:29 nmf.py[line:109]                            INFO Iter: 80	 Loss: 413.778628333	 Delta: 0.674972294792

Tue, 09 Dec 2014 13:10:34 nmf.py[line:109]                            INFO Iter: 81	 Loss: 413.325342116	 Delta: 0.453286217484

Tue, 09 Dec 2014 13:10:40 nmf.py[line:109]                            INFO Iter: 82	 Loss: 412.986373473	 Delta: 0.338968642982

Tue, 09 Dec 2014 13:10:46 nmf.py[line:109]                            INFO Iter: 83	 Loss: 412.713710706	 Delta: 0.272662766558

Tue, 09 Dec 2014 13:10:52 nmf.py[line:109]                            INFO Iter: 84	 Loss: 412.46864046	 Delta: 0.245070245844

Tue, 09 Dec 2014 13:10:57 nmf.py[line:109]                            INFO Iter: 85	 Loss: 412.244197955	 Delta: 0.224442504733

Tue, 09 Dec 2014 13:11:03 nmf.py[line:109]                            INFO Iter: 86	 Loss: 412.044479161	 Delta: 0.199718794409

Tue, 09 Dec 2014 13:11:10 nmf.py[line:109]                            INFO Iter: 87	 Loss: 411.846663904	 Delta: 0.197815256695

Tue, 09 Dec 2014 13:11:15 nmf.py[line:109]                            INFO Iter: 88	 Loss: 411.652459098	 Delta: 0.194204806449

Tue, 09 Dec 2014 13:11:22 nmf.py[line:109]                            INFO Iter: 89	 Loss: 411.491420129	 Delta: 0.16103896878

Tue, 09 Dec 2014 13:11:27 nmf.py[line:109]                            INFO Iter: 90	 Loss: 411.334354193	 Delta: 0.157065936543

Tue, 09 Dec 2014 13:11:33 nmf.py[line:109]                            INFO Iter: 91	 Loss: 411.168408534	 Delta: 0.165945659017

Tue, 09 Dec 2014 13:11:39 nmf.py[line:109]                            INFO Iter: 92	 Loss: 410.994614698	 Delta: 0.173793835667

Tue, 09 Dec 2014 13:11:45 nmf.py[line:109]                            INFO Iter: 93	 Loss: 410.817147322	 Delta: 0.177467375598

Tue, 09 Dec 2014 13:11:51 nmf.py[line:109]                            INFO Iter: 94	 Loss: 410.648567006	 Delta: 0.168580316264

Tue, 09 Dec 2014 13:11:57 nmf.py[line:109]                            INFO Iter: 95	 Loss: 410.495267946	 Delta: 0.153299060215

Tue, 09 Dec 2014 13:12:03 nmf.py[line:109]                            INFO Iter: 96	 Loss: 410.353251357	 Delta: 0.142016588976

Tue, 09 Dec 2014 13:12:09 nmf.py[line:109]                            INFO Iter: 97	 Loss: 410.21697899	 Delta: 0.136272366558

Tue, 09 Dec 2014 13:12:14 nmf.py[line:109]                            INFO Iter: 98	 Loss: 410.082232608	 Delta: 0.134746382769

Tue, 09 Dec 2014 13:12:20 nmf.py[line:109]                            INFO Iter: 99	 Loss: 409.945226396	 Delta: 0.137006211146

Tue, 09 Dec 2014 13:12:20 nmf.py[line:113]                            INFO NMF OK
Tue, 09 Dec 2014 13:12:20 demo_at_tsinghua.py[line:96]                            INFO 
=========================

Tue, 09 Dec 2014 13:12:20 demo_at_tsinghua.py[line:97]                            INFO time_step number %i:
2
Tue, 09 Dec 2014 13:12:20 demo_at_tsinghua.py[line:98]                            INFO ----------------

Tue, 09 Dec 2014 13:12:21 demo_at_tsinghua.py[line:113]                            INFO non zero cell num: 2904
Tue, 09 Dec 2014 13:12:21 demo_at_tsinghua.py[line:116]                            INFO computing JPP decomposition...
Tue, 09 Dec 2014 13:15:35 JPPCF.py[line:77]                            INFO Iter: 1	 Loss: 5834.61993675	 Delta: 994165.380063

Tue, 09 Dec 2014 13:18:45 JPPCF.py[line:77]                            INFO Iter: 2	 Loss: 5835.63180154	 Delta: 1.01186478866

Tue, 09 Dec 2014 13:22:07 JPPCF.py[line:77]                            INFO Iter: 3	 Loss: 5139.76701713	 Delta: 695.864784407

Tue, 09 Dec 2014 13:25:42 JPPCF.py[line:77]                            INFO Iter: 4	 Loss: 3906.91708908	 Delta: 1232.84992804

Tue, 09 Dec 2014 13:30:09 JPPCF.py[line:77]                            INFO Iter: 5	 Loss: 3231.27302802	 Delta: 675.64406106

