Tue, 09 Dec 2014 13:02:47 demo_at_tsinghua.py[line:85]                            INFO non zero cell num: 2085
Tue, 09 Dec 2014 13:02:47 demo_at_tsinghua.py[line:86]                            INFO start nmf:

Tue, 09 Dec 2014 13:02:53 nmf.py[line:109]                            INFO Iter: 1	 Loss: 2085.85113715	 Delta: 997914.148863

Tue, 09 Dec 2014 13:02:59 nmf.py[line:109]                            INFO Iter: 2	 Loss: 1878.67318633	 Delta: 207.177950813

Tue, 09 Dec 2014 13:03:05 nmf.py[line:109]                            INFO Iter: 3	 Loss: 1667.35758226	 Delta: 211.315604075

Tue, 09 Dec 2014 13:03:10 nmf.py[line:109]                            INFO Iter: 4	 Loss: 1383.2956969	 Delta: 284.061885358

Tue, 09 Dec 2014 13:03:16 nmf.py[line:109]                            INFO Iter: 5	 Loss: 1124.03726083	 Delta: 259.258436066

Tue, 09 Dec 2014 13:03:22 nmf.py[line:109]                            INFO Iter: 6	 Loss: 945.896832723	 Delta: 178.140428111

Tue, 09 Dec 2014 13:03:28 nmf.py[line:109]                            INFO Iter: 7	 Loss: 830.318266536	 Delta: 115.578566187

Tue, 09 Dec 2014 13:03:34 nmf.py[line:109]                            INFO Iter: 8	 Loss: 746.286422805	 Delta: 84.0318437313

Tue, 09 Dec 2014 13:03:40 nmf.py[line:109]                            INFO Iter: 9	 Loss: 682.241909337	 Delta: 64.0445134679

Tue, 09 Dec 2014 13:03:46 nmf.py[line:109]                            INFO Iter: 10	 Loss: 635.309229533	 Delta: 46.9326798035

Tue, 09 Dec 2014 13:03:51 nmf.py[line:109]                            INFO Iter: 11	 Loss: 601.770263331	 Delta: 33.5389662021

Tue, 09 Dec 2014 13:03:57 nmf.py[line:109]                            INFO Iter: 12	 Loss: 577.359002217	 Delta: 24.4112611143

Tue, 09 Dec 2014 13:04:03 nmf.py[line:109]                            INFO Iter: 13	 Loss: 557.50939013	 Delta: 19.849612087

Tue, 09 Dec 2014 13:04:09 nmf.py[line:109]                            INFO Iter: 14	 Loss: 540.555769493	 Delta: 16.9536206371

Tue, 09 Dec 2014 13:04:15 nmf.py[line:109]                            INFO Iter: 15	 Loss: 526.067115976	 Delta: 14.4886535167

Tue, 09 Dec 2014 13:04:21 nmf.py[line:109]                            INFO Iter: 16	 Loss: 513.932526761	 Delta: 12.1345892153

Tue, 09 Dec 2014 13:04:26 nmf.py[line:109]                            INFO Iter: 17	 Loss: 503.624443267	 Delta: 10.3080834932

Tue, 09 Dec 2014 13:04:32 nmf.py[line:109]                            INFO Iter: 18	 Loss: 494.44068025	 Delta: 9.18376301784

Tue, 09 Dec 2014 13:04:38 nmf.py[line:109]                            INFO Iter: 19	 Loss: 486.023654115	 Delta: 8.41702613444

Tue, 09 Dec 2014 13:04:44 nmf.py[line:109]                            INFO Iter: 20	 Loss: 478.418523004	 Delta: 7.60513111146

Tue, 09 Dec 2014 13:04:50 nmf.py[line:109]                            INFO Iter: 21	 Loss: 471.757044422	 Delta: 6.66147858175

Tue, 09 Dec 2014 13:04:56 nmf.py[line:109]                            INFO Iter: 22	 Loss: 465.469965768	 Delta: 6.28707865438

Tue, 09 Dec 2014 13:05:02 nmf.py[line:109]                            INFO Iter: 23	 Loss: 460.435755256	 Delta: 5.03421051131

Tue, 09 Dec 2014 13:05:08 nmf.py[line:109]                            INFO Iter: 24	 Loss: 456.29779996	 Delta: 4.13795529642

Tue, 09 Dec 2014 13:05:14 nmf.py[line:109]                            INFO Iter: 25	 Loss: 452.945802	 Delta: 3.3519979599

Tue, 09 Dec 2014 13:05:20 nmf.py[line:109]                            INFO Iter: 26	 Loss: 450.019586792	 Delta: 2.92621520771

Tue, 09 Dec 2014 13:05:26 nmf.py[line:109]                            INFO Iter: 27	 Loss: 447.384467695	 Delta: 2.63511909746

Tue, 09 Dec 2014 13:05:31 nmf.py[line:109]                            INFO Iter: 28	 Loss: 445.013476484	 Delta: 2.3709912105

Tue, 09 Dec 2014 13:05:37 nmf.py[line:109]                            INFO Iter: 29	 Loss: 442.817744674	 Delta: 2.1957318105

Tue, 09 Dec 2014 13:05:43 nmf.py[line:109]                            INFO Iter: 30	 Loss: 440.896071561	 Delta: 1.92167311233

Tue, 09 Dec 2014 13:05:49 nmf.py[line:109]                            INFO Iter: 31	 Loss: 439.055689399	 Delta: 1.8403821625

Tue, 09 Dec 2014 13:05:55 nmf.py[line:109]                            INFO Iter: 32	 Loss: 437.215225856	 Delta: 1.84046354245

Tue, 09 Dec 2014 13:06:01 nmf.py[line:109]                            INFO Iter: 33	 Loss: 435.357332981	 Delta: 1.85789287572

Tue, 09 Dec 2014 13:06:07 nmf.py[line:109]                            INFO Iter: 34	 Loss: 433.47343262	 Delta: 1.88390036027

Tue, 09 Dec 2014 13:06:13 nmf.py[line:109]                            INFO Iter: 35	 Loss: 431.580249964	 Delta: 1.89318265607

Tue, 09 Dec 2014 13:06:18 nmf.py[line:109]                            INFO Iter: 36	 Loss: 429.631406367	 Delta: 1.94884359696

Tue, 09 Dec 2014 13:06:24 nmf.py[line:109]                            INFO Iter: 37	 Loss: 427.830490574	 Delta: 1.80091579385

Tue, 09 Dec 2014 13:06:30 nmf.py[line:109]                            INFO Iter: 38	 Loss: 426.277088049	 Delta: 1.55340252421

Tue, 09 Dec 2014 13:06:36 nmf.py[line:109]                            INFO Iter: 39	 Loss: 424.816594337	 Delta: 1.46049371258

Tue, 09 Dec 2014 13:06:41 nmf.py[line:109]                            INFO Iter: 40	 Loss: 423.552566112	 Delta: 1.26402822478

Tue, 09 Dec 2014 13:06:47 nmf.py[line:109]                            INFO Iter: 41	 Loss: 422.4953741	 Delta: 1.05719201203

Tue, 09 Dec 2014 13:06:53 nmf.py[line:109]                            INFO Iter: 42	 Loss: 421.470684543	 Delta: 1.02468955674

Tue, 09 Dec 2014 13:06:59 nmf.py[line:109]                            INFO Iter: 43	 Loss: 420.71294115	 Delta: 0.757743393681

Tue, 09 Dec 2014 13:07:05 nmf.py[line:109]                            INFO Iter: 44	 Loss: 420.014428857	 Delta: 0.69851229288

Tue, 09 Dec 2014 13:07:11 nmf.py[line:109]                            INFO Iter: 45	 Loss: 419.311810749	 Delta: 0.702618107901

Tue, 09 Dec 2014 13:07:17 nmf.py[line:109]                            INFO Iter: 46	 Loss: 418.350087442	 Delta: 0.961723306558

Tue, 09 Dec 2014 13:07:23 nmf.py[line:109]                            INFO Iter: 47	 Loss: 417.604000176	 Delta: 0.746087266462

Tue, 09 Dec 2014 13:07:29 nmf.py[line:109]                            INFO Iter: 48	 Loss: 416.962336431	 Delta: 0.641663745232

Tue, 09 Dec 2014 13:07:35 nmf.py[line:109]                            INFO Iter: 49	 Loss: 416.373110783	 Delta: 0.589225647101

Tue, 09 Dec 2014 13:07:40 nmf.py[line:109]                            INFO Iter: 50	 Loss: 415.778770372	 Delta: 0.594340411554

Tue, 09 Dec 2014 13:07:46 nmf.py[line:109]                            INFO Iter: 51	 Loss: 415.113504987	 Delta: 0.665265384882

Tue, 09 Dec 2014 13:07:52 nmf.py[line:109]                            INFO Iter: 52	 Loss: 414.340239133	 Delta: 0.773265854409

Tue, 09 Dec 2014 13:07:58 nmf.py[line:109]                            INFO Iter: 53	 Loss: 413.511440164	 Delta: 0.828798968765

Tue, 09 Dec 2014 13:08:04 nmf.py[line:109]                            INFO Iter: 54	 Loss: 412.734560416	 Delta: 0.77687974825

Tue, 09 Dec 2014 13:08:09 nmf.py[line:109]                            INFO Iter: 55	 Loss: 412.008273705	 Delta: 0.726286710977

Tue, 09 Dec 2014 13:08:15 nmf.py[line:109]                            INFO Iter: 56	 Loss: 411.342125704	 Delta: 0.666148001009

Tue, 09 Dec 2014 13:08:21 nmf.py[line:109]                            INFO Iter: 57	 Loss: 410.699901799	 Delta: 0.642223904275

Tue, 09 Dec 2014 13:08:27 nmf.py[line:109]                            INFO Iter: 58	 Loss: 410.058831648	 Delta: 0.641070151086

Tue, 09 Dec 2014 13:08:33 nmf.py[line:109]                            INFO Iter: 59	 Loss: 409.414711912	 Delta: 0.644119736558

Tue, 09 Dec 2014 13:08:39 nmf.py[line:109]                            INFO Iter: 60	 Loss: 408.685642617	 Delta: 0.729069294913

Tue, 09 Dec 2014 13:08:45 nmf.py[line:109]                            INFO Iter: 61	 Loss: 407.860981777	 Delta: 0.824660839855

Tue, 09 Dec 2014 13:08:50 nmf.py[line:109]                            INFO Iter: 62	 Loss: 406.923532993	 Delta: 0.937448783958

Tue, 09 Dec 2014 13:08:56 nmf.py[line:109]                            INFO Iter: 63	 Loss: 405.943381169	 Delta: 0.980151823674

Tue, 09 Dec 2014 13:09:01 nmf.py[line:109]                            INFO Iter: 64	 Loss: 404.695251758	 Delta: 1.24812941169

Tue, 09 Dec 2014 13:09:07 nmf.py[line:109]                            INFO Iter: 65	 Loss: 403.752631806	 Delta: 0.942619951135

Tue, 09 Dec 2014 13:09:13 nmf.py[line:109]                            INFO Iter: 66	 Loss: 403.149886041	 Delta: 0.602745765153

Tue, 09 Dec 2014 13:09:19 nmf.py[line:109]                            INFO Iter: 67	 Loss: 402.619677223	 Delta: 0.530208817869

Tue, 09 Dec 2014 13:09:25 nmf.py[line:109]                            INFO Iter: 68	 Loss: 402.120979198	 Delta: 0.498698025442

Tue, 09 Dec 2014 13:09:30 nmf.py[line:109]                            INFO Iter: 69	 Loss: 401.642303007	 Delta: 0.478676190768

Tue, 09 Dec 2014 13:09:36 nmf.py[line:109]                            INFO Iter: 70	 Loss: 401.198450808	 Delta: 0.443852199656

Tue, 09 Dec 2014 13:09:42 nmf.py[line:109]                            INFO Iter: 71	 Loss: 400.801350515	 Delta: 0.397100292332

Tue, 09 Dec 2014 13:09:48 nmf.py[line:109]                            INFO Iter: 72	 Loss: 400.434121273	 Delta: 0.367229242162

Tue, 09 Dec 2014 13:09:53 nmf.py[line:109]                            INFO Iter: 73	 Loss: 400.120024752	 Delta: 0.314096521528

Tue, 09 Dec 2014 13:09:59 nmf.py[line:109]                            INFO Iter: 74	 Loss: 399.830413631	 Delta: 0.289611120689

Tue, 09 Dec 2014 13:10:05 nmf.py[line:109]                            INFO Iter: 75	 Loss: 399.537927045	 Delta: 0.292486585845

Tue, 09 Dec 2014 13:10:10 nmf.py[line:109]                            INFO Iter: 76	 Loss: 399.230244605	 Delta: 0.30768244003

Tue, 09 Dec 2014 13:10:16 nmf.py[line:109]                            INFO Iter: 77	 Loss: 398.916849502	 Delta: 0.313395103046

Tue, 09 Dec 2014 13:10:22 nmf.py[line:109]                            INFO Iter: 78	 Loss: 398.609443919	 Delta: 0.307405583275

Tue, 09 Dec 2014 13:10:28 nmf.py[line:109]                            INFO Iter: 79	 Loss: 398.321532688	 Delta: 0.287911230654

Tue, 09 Dec 2014 13:10:34 nmf.py[line:109]                            INFO Iter: 80	 Loss: 398.083904158	 Delta: 0.237628529638

Tue, 09 Dec 2014 13:10:40 nmf.py[line:109]                            INFO Iter: 81	 Loss: 397.883288671	 Delta: 0.200615487184

Tue, 09 Dec 2014 13:10:45 nmf.py[line:109]                            INFO Iter: 82	 Loss: 397.696585499	 Delta: 0.18670317242

Tue, 09 Dec 2014 13:10:51 nmf.py[line:109]                            INFO Iter: 83	 Loss: 397.520075021	 Delta: 0.176510477645

Tue, 09 Dec 2014 13:10:57 nmf.py[line:109]                            INFO Iter: 84	 Loss: 397.348053816	 Delta: 0.172021205187

Tue, 09 Dec 2014 13:11:03 nmf.py[line:109]                            INFO Iter: 85	 Loss: 397.173796344	 Delta: 0.174257471407

Tue, 09 Dec 2014 13:11:08 nmf.py[line:109]                            INFO Iter: 86	 Loss: 396.99087482	 Delta: 0.182921524448

Tue, 09 Dec 2014 13:11:14 nmf.py[line:109]                            INFO Iter: 87	 Loss: 396.816420412	 Delta: 0.174454407795

Tue, 09 Dec 2014 13:11:20 nmf.py[line:109]                            INFO Iter: 88	 Loss: 396.656696246	 Delta: 0.159724165978

Tue, 09 Dec 2014 13:11:26 nmf.py[line:109]                            INFO Iter: 89	 Loss: 396.499348297	 Delta: 0.157347949703

Tue, 09 Dec 2014 13:11:32 nmf.py[line:109]                            INFO Iter: 90	 Loss: 396.336901628	 Delta: 0.162446668498

Tue, 09 Dec 2014 13:11:38 nmf.py[line:109]                            INFO Iter: 91	 Loss: 396.160967527	 Delta: 0.17593410101

Tue, 09 Dec 2014 13:11:44 nmf.py[line:109]                            INFO Iter: 92	 Loss: 395.958519821	 Delta: 0.202447705995

Tue, 09 Dec 2014 13:11:50 nmf.py[line:109]                            INFO Iter: 93	 Loss: 395.707910401	 Delta: 0.250609420234

Tue, 09 Dec 2014 13:11:56 nmf.py[line:109]                            INFO Iter: 94	 Loss: 395.393065324	 Delta: 0.314845076392

Tue, 09 Dec 2014 13:12:02 nmf.py[line:109]                            INFO Iter: 95	 Loss: 395.043479373	 Delta: 0.349585951395

Tue, 09 Dec 2014 13:12:07 nmf.py[line:109]                            INFO Iter: 96	 Loss: 394.702799992	 Delta: 0.340679381103

Tue, 09 Dec 2014 13:12:13 nmf.py[line:109]                            INFO Iter: 97	 Loss: 394.366999052	 Delta: 0.335800940006

Tue, 09 Dec 2014 13:12:19 nmf.py[line:109]                            INFO Iter: 98	 Loss: 394.020678993	 Delta: 0.346320058509

Tue, 09 Dec 2014 13:12:24 nmf.py[line:109]                            INFO Iter: 99	 Loss: 393.667818755	 Delta: 0.352860238111

Tue, 09 Dec 2014 13:12:24 nmf.py[line:113]                            INFO NMF OK
Tue, 09 Dec 2014 13:12:24 demo_at_tsinghua.py[line:96]                            INFO 
=========================

Tue, 09 Dec 2014 13:12:24 demo_at_tsinghua.py[line:97]                            INFO time_step number %i:
2
Tue, 09 Dec 2014 13:12:24 demo_at_tsinghua.py[line:98]                            INFO ----------------

Tue, 09 Dec 2014 13:12:26 demo_at_tsinghua.py[line:113]                            INFO non zero cell num: 2904
Tue, 09 Dec 2014 13:12:26 demo_at_tsinghua.py[line:116]                            INFO computing JPP decomposition...
Tue, 09 Dec 2014 13:15:39 JPPCF.py[line:77]                            INFO Iter: 1	 Loss: 5834.62978413	 Delta: 994165.370216

Tue, 09 Dec 2014 13:18:49 JPPCF.py[line:77]                            INFO Iter: 2	 Loss: 5835.57962579	 Delta: 0.949841656528

Tue, 09 Dec 2014 13:22:09 JPPCF.py[line:77]                            INFO Iter: 3	 Loss: 5286.42114959	 Delta: 549.158476204

Tue, 09 Dec 2014 13:25:38 JPPCF.py[line:77]                            INFO Iter: 4	 Loss: 4325.88470853	 Delta: 960.536441057

Tue, 09 Dec 2014 13:30:08 JPPCF.py[line:77]                            INFO Iter: 5	 Loss: 3865.75320806	 Delta: 460.131500471

