Tue, 09 Dec 2014 13:02:47 demo_at_tsinghua.py[line:85]                            INFO non zero cell num: 2085
Tue, 09 Dec 2014 13:02:47 demo_at_tsinghua.py[line:86]                            INFO start nmf:

Tue, 09 Dec 2014 13:02:53 nmf.py[line:109]                            INFO Iter: 1	 Loss: 2085.88746675	 Delta: 997914.112533

Tue, 09 Dec 2014 13:02:58 nmf.py[line:109]                            INFO Iter: 2	 Loss: 1883.62751721	 Delta: 202.259949549

Tue, 09 Dec 2014 13:03:04 nmf.py[line:109]                            INFO Iter: 3	 Loss: 1699.02015674	 Delta: 184.607360467

Tue, 09 Dec 2014 13:03:10 nmf.py[line:109]                            INFO Iter: 4	 Loss: 1409.06674845	 Delta: 289.953408288

Tue, 09 Dec 2014 13:03:16 nmf.py[line:109]                            INFO Iter: 5	 Loss: 1148.4760629	 Delta: 260.590685546

Tue, 09 Dec 2014 13:03:22 nmf.py[line:109]                            INFO Iter: 6	 Loss: 951.805811626	 Delta: 196.670251279

Tue, 09 Dec 2014 13:03:28 nmf.py[line:109]                            INFO Iter: 7	 Loss: 818.924465125	 Delta: 132.881346501

Tue, 09 Dec 2014 13:03:34 nmf.py[line:109]                            INFO Iter: 8	 Loss: 731.775344865	 Delta: 87.14912026

Tue, 09 Dec 2014 13:03:40 nmf.py[line:109]                            INFO Iter: 9	 Loss: 674.148925859	 Delta: 57.6264190057

Tue, 09 Dec 2014 13:03:45 nmf.py[line:109]                            INFO Iter: 10	 Loss: 634.199009716	 Delta: 39.9499161428

Tue, 09 Dec 2014 13:03:51 nmf.py[line:109]                            INFO Iter: 11	 Loss: 603.905982281	 Delta: 30.2930274357

Tue, 09 Dec 2014 13:03:57 nmf.py[line:109]                            INFO Iter: 12	 Loss: 577.747009529	 Delta: 26.1589727515

Tue, 09 Dec 2014 13:04:03 nmf.py[line:109]                            INFO Iter: 13	 Loss: 554.056989362	 Delta: 23.6900201675

Tue, 09 Dec 2014 13:04:09 nmf.py[line:109]                            INFO Iter: 14	 Loss: 534.881434837	 Delta: 19.1755545245

Tue, 09 Dec 2014 13:04:15 nmf.py[line:109]                            INFO Iter: 15	 Loss: 521.283358336	 Delta: 13.5980765008

Tue, 09 Dec 2014 13:04:21 nmf.py[line:109]                            INFO Iter: 16	 Loss: 511.44113836	 Delta: 9.84221997613

Tue, 09 Dec 2014 13:04:27 nmf.py[line:109]                            INFO Iter: 17	 Loss: 504.178807853	 Delta: 7.26233050668

Tue, 09 Dec 2014 13:04:32 nmf.py[line:109]                            INFO Iter: 18	 Loss: 498.631615425	 Delta: 5.54719242813

Tue, 09 Dec 2014 13:04:38 nmf.py[line:109]                            INFO Iter: 19	 Loss: 493.882881592	 Delta: 4.74873383338

Tue, 09 Dec 2014 13:04:44 nmf.py[line:109]                            INFO Iter: 20	 Loss: 489.448570272	 Delta: 4.43431131987

Tue, 09 Dec 2014 13:04:50 nmf.py[line:109]                            INFO Iter: 21	 Loss: 485.255670176	 Delta: 4.19290009556

Tue, 09 Dec 2014 13:04:55 nmf.py[line:109]                            INFO Iter: 22	 Loss: 481.312323045	 Delta: 3.94334713164

Tue, 09 Dec 2014 13:05:02 nmf.py[line:109]                            INFO Iter: 23	 Loss: 477.66540403	 Delta: 3.646919015

Tue, 09 Dec 2014 13:05:08 nmf.py[line:109]                            INFO Iter: 24	 Loss: 474.411147601	 Delta: 3.25425642844

Tue, 09 Dec 2014 13:05:14 nmf.py[line:109]                            INFO Iter: 25	 Loss: 471.586520564	 Delta: 2.82462703757

Tue, 09 Dec 2014 13:05:20 nmf.py[line:109]                            INFO Iter: 26	 Loss: 469.089239322	 Delta: 2.49728124221

Tue, 09 Dec 2014 13:05:26 nmf.py[line:109]                            INFO Iter: 27	 Loss: 466.877618941	 Delta: 2.21162038062

Tue, 09 Dec 2014 13:05:32 nmf.py[line:109]                            INFO Iter: 28	 Loss: 464.865067412	 Delta: 2.01255152858

Tue, 09 Dec 2014 13:05:37 nmf.py[line:109]                            INFO Iter: 29	 Loss: 462.998979899	 Delta: 1.86608751389

Tue, 09 Dec 2014 13:05:43 nmf.py[line:109]                            INFO Iter: 30	 Loss: 461.261535037	 Delta: 1.73744486192

Tue, 09 Dec 2014 13:05:49 nmf.py[line:109]                            INFO Iter: 31	 Loss: 459.672901622	 Delta: 1.58863341461

Tue, 09 Dec 2014 13:05:56 nmf.py[line:109]                            INFO Iter: 32	 Loss: 458.168928009	 Delta: 1.50397361294

Tue, 09 Dec 2014 13:06:02 nmf.py[line:109]                            INFO Iter: 33	 Loss: 456.597119205	 Delta: 1.57180880384

Tue, 09 Dec 2014 13:06:07 nmf.py[line:109]                            INFO Iter: 34	 Loss: 455.215614533	 Delta: 1.38150467183

Tue, 09 Dec 2014 13:06:13 nmf.py[line:109]                            INFO Iter: 35	 Loss: 454.00792774	 Delta: 1.20768679311

Tue, 09 Dec 2014 13:06:19 nmf.py[line:109]                            INFO Iter: 36	 Loss: 452.845835839	 Delta: 1.16209190114

Tue, 09 Dec 2014 13:06:25 nmf.py[line:109]                            INFO Iter: 37	 Loss: 451.753314652	 Delta: 1.09252118743

Tue, 09 Dec 2014 13:06:31 nmf.py[line:109]                            INFO Iter: 38	 Loss: 450.725070173	 Delta: 1.02824447915

Tue, 09 Dec 2014 13:06:37 nmf.py[line:109]                            INFO Iter: 39	 Loss: 449.756455179	 Delta: 0.968614993977

Tue, 09 Dec 2014 13:06:43 nmf.py[line:109]                            INFO Iter: 40	 Loss: 448.861009272	 Delta: 0.895445906201

Tue, 09 Dec 2014 13:06:49 nmf.py[line:109]                            INFO Iter: 41	 Loss: 448.074680056	 Delta: 0.786329215926

Tue, 09 Dec 2014 13:06:55 nmf.py[line:109]                            INFO Iter: 42	 Loss: 447.393960815	 Delta: 0.680719241359

Tue, 09 Dec 2014 13:07:01 nmf.py[line:109]                            INFO Iter: 43	 Loss: 446.791076786	 Delta: 0.602884028941

Tue, 09 Dec 2014 13:07:06 nmf.py[line:109]                            INFO Iter: 44	 Loss: 446.234038918	 Delta: 0.557037868592

Tue, 09 Dec 2014 13:07:12 nmf.py[line:109]                            INFO Iter: 45	 Loss: 445.737841963	 Delta: 0.496196954748

Tue, 09 Dec 2014 13:07:17 nmf.py[line:109]                            INFO Iter: 46	 Loss: 445.281474575	 Delta: 0.456367388048

Tue, 09 Dec 2014 13:07:23 nmf.py[line:109]                            INFO Iter: 47	 Loss: 444.840101767	 Delta: 0.44137280827

Tue, 09 Dec 2014 13:07:29 nmf.py[line:109]                            INFO Iter: 48	 Loss: 444.398944663	 Delta: 0.441157103517

Tue, 09 Dec 2014 13:07:35 nmf.py[line:109]                            INFO Iter: 49	 Loss: 443.939024368	 Delta: 0.459920294791

Tue, 09 Dec 2014 13:07:41 nmf.py[line:109]                            INFO Iter: 50	 Loss: 443.444510201	 Delta: 0.494514166711

Tue, 09 Dec 2014 13:07:47 nmf.py[line:109]                            INFO Iter: 51	 Loss: 442.86667028	 Delta: 0.577839921163

Tue, 09 Dec 2014 13:07:52 nmf.py[line:109]                            INFO Iter: 52	 Loss: 442.222095875	 Delta: 0.644574404952

Tue, 09 Dec 2014 13:07:59 nmf.py[line:109]                            INFO Iter: 53	 Loss: 441.483968469	 Delta: 0.73812740614

Tue, 09 Dec 2014 13:08:05 nmf.py[line:109]                            INFO Iter: 54	 Loss: 440.650191852	 Delta: 0.83377661737

Tue, 09 Dec 2014 13:08:11 nmf.py[line:109]                            INFO Iter: 55	 Loss: 439.74414333	 Delta: 0.906048521587

Tue, 09 Dec 2014 13:08:16 nmf.py[line:109]                            INFO Iter: 56	 Loss: 438.73511405	 Delta: 1.00902928074

Tue, 09 Dec 2014 13:08:22 nmf.py[line:109]                            INFO Iter: 57	 Loss: 437.632823734	 Delta: 1.10229031526

Tue, 09 Dec 2014 13:08:28 nmf.py[line:109]                            INFO Iter: 58	 Loss: 436.486667975	 Delta: 1.14615575963

Tue, 09 Dec 2014 13:08:33 nmf.py[line:109]                            INFO Iter: 59	 Loss: 435.307572153	 Delta: 1.17909582182

Tue, 09 Dec 2014 13:08:39 nmf.py[line:109]                            INFO Iter: 60	 Loss: 434.261873609	 Delta: 1.04569854381

Tue, 09 Dec 2014 13:08:45 nmf.py[line:109]                            INFO Iter: 61	 Loss: 433.419699811	 Delta: 0.84217379826

Tue, 09 Dec 2014 13:08:51 nmf.py[line:109]                            INFO Iter: 62	 Loss: 432.74337154	 Delta: 0.676328270512

Tue, 09 Dec 2014 13:08:57 nmf.py[line:109]                            INFO Iter: 63	 Loss: 432.182060249	 Delta: 0.561311291245

Tue, 09 Dec 2014 13:09:03 nmf.py[line:109]                            INFO Iter: 64	 Loss: 431.704096629	 Delta: 0.477963620133

Tue, 09 Dec 2014 13:09:09 nmf.py[line:109]                            INFO Iter: 65	 Loss: 431.280440544	 Delta: 0.423656084599

Tue, 09 Dec 2014 13:09:14 nmf.py[line:109]                            INFO Iter: 66	 Loss: 430.906806987	 Delta: 0.373633557572

Tue, 09 Dec 2014 13:09:20 nmf.py[line:109]                            INFO Iter: 67	 Loss: 430.544313827	 Delta: 0.362493159396

Tue, 09 Dec 2014 13:09:26 nmf.py[line:109]                            INFO Iter: 68	 Loss: 430.158869237	 Delta: 0.38544459038

Tue, 09 Dec 2014 13:09:32 nmf.py[line:109]                            INFO Iter: 69	 Loss: 429.77111008	 Delta: 0.387759156812

Tue, 09 Dec 2014 13:09:38 nmf.py[line:109]                            INFO Iter: 70	 Loss: 429.390839031	 Delta: 0.380271049281

Tue, 09 Dec 2014 13:09:44 nmf.py[line:109]                            INFO Iter: 71	 Loss: 429.024905599	 Delta: 0.365933431454

Tue, 09 Dec 2014 13:09:49 nmf.py[line:109]                            INFO Iter: 72	 Loss: 428.677177041	 Delta: 0.347728558408

Tue, 09 Dec 2014 13:09:55 nmf.py[line:109]                            INFO Iter: 73	 Loss: 428.337211468	 Delta: 0.339965573363

Tue, 09 Dec 2014 13:10:01 nmf.py[line:109]                            INFO Iter: 74	 Loss: 427.996432301	 Delta: 0.340779166986

Tue, 09 Dec 2014 13:10:07 nmf.py[line:109]                            INFO Iter: 75	 Loss: 427.654618722	 Delta: 0.341813578197

Tue, 09 Dec 2014 13:10:13 nmf.py[line:109]                            INFO Iter: 76	 Loss: 427.310508609	 Delta: 0.344110113737

Tue, 09 Dec 2014 13:10:19 nmf.py[line:109]                            INFO Iter: 77	 Loss: 426.951703809	 Delta: 0.358804800038

Tue, 09 Dec 2014 13:10:24 nmf.py[line:109]                            INFO Iter: 78	 Loss: 426.564990003	 Delta: 0.38671380549

Tue, 09 Dec 2014 13:10:30 nmf.py[line:109]                            INFO Iter: 79	 Loss: 426.150923938	 Delta: 0.414066065007

Tue, 09 Dec 2014 13:10:36 nmf.py[line:109]                            INFO Iter: 80	 Loss: 425.736741443	 Delta: 0.414182494778

Tue, 09 Dec 2014 13:10:41 nmf.py[line:109]                            INFO Iter: 81	 Loss: 425.335364779	 Delta: 0.40137666395

Tue, 09 Dec 2014 13:10:47 nmf.py[line:109]                            INFO Iter: 82	 Loss: 424.900926501	 Delta: 0.434438278879

Tue, 09 Dec 2014 13:10:53 nmf.py[line:109]                            INFO Iter: 83	 Loss: 424.231494304	 Delta: 0.669432196455

Tue, 09 Dec 2014 13:10:58 nmf.py[line:109]                            INFO Iter: 84	 Loss: 423.083847216	 Delta: 1.14764708827

Tue, 09 Dec 2014 13:11:04 nmf.py[line:109]                            INFO Iter: 85	 Loss: 421.946598549	 Delta: 1.13724866638

Tue, 09 Dec 2014 13:11:10 nmf.py[line:109]                            INFO Iter: 86	 Loss: 421.213399737	 Delta: 0.73319881291

Tue, 09 Dec 2014 13:11:16 nmf.py[line:109]                            INFO Iter: 87	 Loss: 420.702806765	 Delta: 0.510592971893

Tue, 09 Dec 2014 13:11:23 nmf.py[line:109]                            INFO Iter: 88	 Loss: 420.33035744	 Delta: 0.372449324157

Tue, 09 Dec 2014 13:11:28 nmf.py[line:109]                            INFO Iter: 89	 Loss: 420.02108211	 Delta: 0.309275330717

Tue, 09 Dec 2014 13:11:34 nmf.py[line:109]                            INFO Iter: 90	 Loss: 419.701897083	 Delta: 0.319185027172

Tue, 09 Dec 2014 13:11:40 nmf.py[line:109]                            INFO Iter: 91	 Loss: 419.29952886	 Delta: 0.402368222165

Tue, 09 Dec 2014 13:11:46 nmf.py[line:109]                            INFO Iter: 92	 Loss: 418.855476513	 Delta: 0.444052347612

Tue, 09 Dec 2014 13:11:52 nmf.py[line:109]                            INFO Iter: 93	 Loss: 418.455445504	 Delta: 0.400031008568

Tue, 09 Dec 2014 13:11:58 nmf.py[line:109]                            INFO Iter: 94	 Loss: 418.175707562	 Delta: 0.279737941787

Tue, 09 Dec 2014 13:12:03 nmf.py[line:109]                            INFO Iter: 95	 Loss: 417.942618683	 Delta: 0.233088879791

Tue, 09 Dec 2014 13:12:09 nmf.py[line:109]                            INFO Iter: 96	 Loss: 417.716185722	 Delta: 0.226432960216

Tue, 09 Dec 2014 13:12:15 nmf.py[line:109]                            INFO Iter: 97	 Loss: 417.486789784	 Delta: 0.229395938436

Tue, 09 Dec 2014 13:12:22 nmf.py[line:109]                            INFO Iter: 98	 Loss: 417.249482449	 Delta: 0.23730733495

Tue, 09 Dec 2014 13:12:27 nmf.py[line:109]                            INFO Iter: 99	 Loss: 417.007594736	 Delta: 0.241887713107

Tue, 09 Dec 2014 13:12:27 nmf.py[line:113]                            INFO NMF OK
Tue, 09 Dec 2014 13:12:27 demo_at_tsinghua.py[line:96]                            INFO 
=========================

Tue, 09 Dec 2014 13:12:27 demo_at_tsinghua.py[line:97]                            INFO time_step number %i:
2
Tue, 09 Dec 2014 13:12:27 demo_at_tsinghua.py[line:98]                            INFO ----------------

Tue, 09 Dec 2014 13:12:28 demo_at_tsinghua.py[line:113]                            INFO non zero cell num: 2904
Tue, 09 Dec 2014 13:12:28 demo_at_tsinghua.py[line:116]                            INFO computing JPP decomposition...
Tue, 09 Dec 2014 13:15:40 JPPCF.py[line:77]                            INFO Iter: 1	 Loss: 5844.4464765	 Delta: 994155.553523

Tue, 09 Dec 2014 13:18:53 JPPCF.py[line:77]                            INFO Iter: 2	 Loss: 5835.82316777	 Delta: 8.62330873598

Tue, 09 Dec 2014 13:22:17 JPPCF.py[line:77]                            INFO Iter: 3	 Loss: 5324.92133498	 Delta: 510.90183279

Tue, 09 Dec 2014 13:25:53 JPPCF.py[line:77]                            INFO Iter: 4	 Loss: 4326.37975608	 Delta: 998.541578898

Tue, 09 Dec 2014 13:30:21 JPPCF.py[line:77]                            INFO Iter: 5	 Loss: 3757.11033524	 Delta: 569.269420837

