Tue, 09 Dec 2014 13:02:47 demo_at_tsinghua.py[line:85]                            INFO non zero cell num: 2085
Tue, 09 Dec 2014 13:02:47 demo_at_tsinghua.py[line:86]                            INFO start nmf:

Tue, 09 Dec 2014 13:02:57 nmf.py[line:109]                            INFO Iter: 1	 Loss: 2087.70316268	 Delta: 997912.296837

Tue, 09 Dec 2014 13:03:07 nmf.py[line:109]                            INFO Iter: 2	 Loss: 1880.69941789	 Delta: 207.00374479

Tue, 09 Dec 2014 13:03:17 nmf.py[line:109]                            INFO Iter: 3	 Loss: 1674.17721632	 Delta: 206.522201574

Tue, 09 Dec 2014 13:03:26 nmf.py[line:109]                            INFO Iter: 4	 Loss: 1323.46565252	 Delta: 350.711563796

Tue, 09 Dec 2014 13:03:36 nmf.py[line:109]                            INFO Iter: 5	 Loss: 980.755073556	 Delta: 342.710578967

Tue, 09 Dec 2014 13:03:46 nmf.py[line:109]                            INFO Iter: 6	 Loss: 742.623142077	 Delta: 238.131931479

Tue, 09 Dec 2014 13:03:56 nmf.py[line:109]                            INFO Iter: 7	 Loss: 589.184909312	 Delta: 153.438232766

Tue, 09 Dec 2014 13:04:06 nmf.py[line:109]                            INFO Iter: 8	 Loss: 490.403034849	 Delta: 98.781874463

Tue, 09 Dec 2014 13:04:16 nmf.py[line:109]                            INFO Iter: 9	 Loss: 420.351929943	 Delta: 70.0511049057

Tue, 09 Dec 2014 13:04:25 nmf.py[line:109]                            INFO Iter: 10	 Loss: 370.146151385	 Delta: 50.2057785576

Tue, 09 Dec 2014 13:04:35 nmf.py[line:109]                            INFO Iter: 11	 Loss: 330.925993085	 Delta: 39.2201583004

Tue, 09 Dec 2014 13:04:45 nmf.py[line:109]                            INFO Iter: 12	 Loss: 299.194937584	 Delta: 31.7310555008

Tue, 09 Dec 2014 13:04:56 nmf.py[line:109]                            INFO Iter: 13	 Loss: 272.537175346	 Delta: 26.6577622377

Tue, 09 Dec 2014 13:05:06 nmf.py[line:109]                            INFO Iter: 14	 Loss: 252.052121528	 Delta: 20.4850538183

Tue, 09 Dec 2014 13:05:17 nmf.py[line:109]                            INFO Iter: 15	 Loss: 236.490519185	 Delta: 15.5616023434

Tue, 09 Dec 2014 13:05:27 nmf.py[line:109]                            INFO Iter: 16	 Loss: 224.298484552	 Delta: 12.1920346323

Tue, 09 Dec 2014 13:05:37 nmf.py[line:109]                            INFO Iter: 17	 Loss: 214.458453281	 Delta: 9.84003127169

Tue, 09 Dec 2014 13:05:47 nmf.py[line:109]                            INFO Iter: 18	 Loss: 207.009386535	 Delta: 7.44906674548

Tue, 09 Dec 2014 13:05:57 nmf.py[line:109]                            INFO Iter: 19	 Loss: 201.07643814	 Delta: 5.93294839514

Tue, 09 Dec 2014 13:06:08 nmf.py[line:109]                            INFO Iter: 20	 Loss: 196.31657036	 Delta: 4.75986777949

Tue, 09 Dec 2014 13:06:18 nmf.py[line:109]                            INFO Iter: 21	 Loss: 192.442971677	 Delta: 3.87359868372

Tue, 09 Dec 2014 13:06:28 nmf.py[line:109]                            INFO Iter: 22	 Loss: 189.12723205	 Delta: 3.31573962721

Tue, 09 Dec 2014 13:06:38 nmf.py[line:109]                            INFO Iter: 23	 Loss: 186.181996147	 Delta: 2.94523590221

Tue, 09 Dec 2014 13:06:48 nmf.py[line:109]                            INFO Iter: 24	 Loss: 183.509544547	 Delta: 2.67245159988

Tue, 09 Dec 2014 13:06:58 nmf.py[line:109]                            INFO Iter: 25	 Loss: 181.050209678	 Delta: 2.45933486936

Tue, 09 Dec 2014 13:07:08 nmf.py[line:109]                            INFO Iter: 26	 Loss: 178.761903868	 Delta: 2.28830581055

Tue, 09 Dec 2014 13:07:18 nmf.py[line:109]                            INFO Iter: 27	 Loss: 176.643962542	 Delta: 2.11794132588

Tue, 09 Dec 2014 13:07:29 nmf.py[line:109]                            INFO Iter: 28	 Loss: 174.739655157	 Delta: 1.90430738444

Tue, 09 Dec 2014 13:07:39 nmf.py[line:109]                            INFO Iter: 29	 Loss: 173.060980336	 Delta: 1.67867482145

Tue, 09 Dec 2014 13:07:49 nmf.py[line:109]                            INFO Iter: 30	 Loss: 171.574934344	 Delta: 1.48604599153

Tue, 09 Dec 2014 13:07:59 nmf.py[line:109]                            INFO Iter: 31	 Loss: 170.241790453	 Delta: 1.33314389082

Tue, 09 Dec 2014 13:08:09 nmf.py[line:109]                            INFO Iter: 32	 Loss: 169.023631859	 Delta: 1.21815859435

Tue, 09 Dec 2014 13:08:19 nmf.py[line:109]                            INFO Iter: 33	 Loss: 167.887831245	 Delta: 1.13580061434

Tue, 09 Dec 2014 13:08:30 nmf.py[line:109]                            INFO Iter: 34	 Loss: 166.807365159	 Delta: 1.08046608623

Tue, 09 Dec 2014 13:08:40 nmf.py[line:109]                            INFO Iter: 35	 Loss: 165.764294003	 Delta: 1.04307115553

Tue, 09 Dec 2014 13:08:50 nmf.py[line:109]                            INFO Iter: 36	 Loss: 164.729560319	 Delta: 1.03473368361

Tue, 09 Dec 2014 13:09:00 nmf.py[line:109]                            INFO Iter: 37	 Loss: 163.629848111	 Delta: 1.09971220811

Tue, 09 Dec 2014 13:09:10 nmf.py[line:109]                            INFO Iter: 38	 Loss: 162.565476224	 Delta: 1.06437188746

Tue, 09 Dec 2014 13:09:21 nmf.py[line:109]                            INFO Iter: 39	 Loss: 161.549069761	 Delta: 1.0164064628

Tue, 09 Dec 2014 13:09:31 nmf.py[line:109]                            INFO Iter: 40	 Loss: 160.563182369	 Delta: 0.985887391941

Tue, 09 Dec 2014 13:09:41 nmf.py[line:109]                            INFO Iter: 41	 Loss: 159.596077733	 Delta: 0.96710463634

Tue, 09 Dec 2014 13:09:51 nmf.py[line:109]                            INFO Iter: 42	 Loss: 158.637250863	 Delta: 0.958826870086

Tue, 09 Dec 2014 13:10:01 nmf.py[line:109]                            INFO Iter: 43	 Loss: 157.6746205	 Delta: 0.962630362892

Tue, 09 Dec 2014 13:10:12 nmf.py[line:109]                            INFO Iter: 44	 Loss: 156.698124446	 Delta: 0.976496054077

Tue, 09 Dec 2014 13:10:22 nmf.py[line:109]                            INFO Iter: 45	 Loss: 155.711840695	 Delta: 0.986283750677

Tue, 09 Dec 2014 13:10:32 nmf.py[line:109]                            INFO Iter: 46	 Loss: 154.708596948	 Delta: 1.00324374711

Tue, 09 Dec 2014 13:10:41 nmf.py[line:109]                            INFO Iter: 47	 Loss: 153.61731683	 Delta: 1.09128011785

Tue, 09 Dec 2014 13:10:52 nmf.py[line:109]                            INFO Iter: 48	 Loss: 152.431471852	 Delta: 1.18584497852

Tue, 09 Dec 2014 13:11:02 nmf.py[line:109]                            INFO Iter: 49	 Loss: 151.361068593	 Delta: 1.07040325861

Tue, 09 Dec 2014 13:11:12 nmf.py[line:109]                            INFO Iter: 50	 Loss: 150.382410149	 Delta: 0.978658443907

Tue, 09 Dec 2014 13:11:23 nmf.py[line:109]                            INFO Iter: 51	 Loss: 149.452040742	 Delta: 0.93036940746

Tue, 09 Dec 2014 13:11:33 nmf.py[line:109]                            INFO Iter: 52	 Loss: 148.817942228	 Delta: 0.634098513431

Tue, 09 Dec 2014 13:11:44 nmf.py[line:109]                            INFO Iter: 53	 Loss: 148.426473881	 Delta: 0.391468346669

Tue, 09 Dec 2014 13:11:54 nmf.py[line:109]                            INFO Iter: 54	 Loss: 148.137227461	 Delta: 0.28924642053

Tue, 09 Dec 2014 13:12:04 nmf.py[line:109]                            INFO Iter: 55	 Loss: 147.902480661	 Delta: 0.234746799496

Tue, 09 Dec 2014 13:12:14 nmf.py[line:109]                            INFO Iter: 56	 Loss: 147.700388048	 Delta: 0.202092612971

Tue, 09 Dec 2014 13:12:25 nmf.py[line:109]                            INFO Iter: 57	 Loss: 147.519018363	 Delta: 0.181369685845

Tue, 09 Dec 2014 13:12:35 nmf.py[line:109]                            INFO Iter: 58	 Loss: 147.351417647	 Delta: 0.167600715617

Tue, 09 Dec 2014 13:12:45 nmf.py[line:109]                            INFO Iter: 59	 Loss: 147.192346583	 Delta: 0.159071064155

Tue, 09 Dec 2014 13:12:56 nmf.py[line:109]                            INFO Iter: 60	 Loss: 147.038708478	 Delta: 0.153638104935

Tue, 09 Dec 2014 13:13:08 nmf.py[line:109]                            INFO Iter: 61	 Loss: 146.890103978	 Delta: 0.148604499878

Tue, 09 Dec 2014 13:13:19 nmf.py[line:109]                            INFO Iter: 62	 Loss: 146.746222651	 Delta: 0.143881327166

Tue, 09 Dec 2014 13:13:30 nmf.py[line:109]                            INFO Iter: 63	 Loss: 146.60581394	 Delta: 0.140408710835

Tue, 09 Dec 2014 13:13:41 nmf.py[line:109]                            INFO Iter: 64	 Loss: 146.468014716	 Delta: 0.137799224217

Tue, 09 Dec 2014 13:13:53 nmf.py[line:109]                            INFO Iter: 65	 Loss: 146.332259095	 Delta: 0.135755621283

Tue, 09 Dec 2014 13:14:03 nmf.py[line:109]                            INFO Iter: 66	 Loss: 146.19811693	 Delta: 0.134142164396

Tue, 09 Dec 2014 13:14:14 nmf.py[line:109]                            INFO Iter: 67	 Loss: 146.065190824	 Delta: 0.132926106304

Tue, 09 Dec 2014 13:14:25 nmf.py[line:109]                            INFO Iter: 68	 Loss: 145.931635097	 Delta: 0.133555727177

Tue, 09 Dec 2014 13:14:36 nmf.py[line:109]                            INFO Iter: 69	 Loss: 145.796766893	 Delta: 0.134868203821

Tue, 09 Dec 2014 13:14:47 nmf.py[line:109]                            INFO Iter: 70	 Loss: 145.666291376	 Delta: 0.130475516343

Tue, 09 Dec 2014 13:14:59 nmf.py[line:109]                            INFO Iter: 71	 Loss: 145.540990597	 Delta: 0.12530077922

Tue, 09 Dec 2014 13:15:10 nmf.py[line:109]                            INFO Iter: 72	 Loss: 145.419332505	 Delta: 0.121658092694

Tue, 09 Dec 2014 13:15:21 nmf.py[line:109]                            INFO Iter: 73	 Loss: 145.300097237	 Delta: 0.119235267999

Tue, 09 Dec 2014 13:15:32 nmf.py[line:109]                            INFO Iter: 74	 Loss: 145.181996794	 Delta: 0.118100442424

Tue, 09 Dec 2014 13:15:41 nmf.py[line:109]                            INFO Iter: 75	 Loss: 145.063711418	 Delta: 0.118285376314

Tue, 09 Dec 2014 13:15:51 nmf.py[line:109]                            INFO Iter: 76	 Loss: 144.943962281	 Delta: 0.119749136435

Tue, 09 Dec 2014 13:16:02 nmf.py[line:109]                            INFO Iter: 77	 Loss: 144.821578598	 Delta: 0.122383683743

Tue, 09 Dec 2014 13:16:13 nmf.py[line:109]                            INFO Iter: 78	 Loss: 144.695459962	 Delta: 0.126118635653

Tue, 09 Dec 2014 13:16:25 nmf.py[line:109]                            INFO Iter: 79	 Loss: 144.564108687	 Delta: 0.131351274648

Tue, 09 Dec 2014 13:16:36 nmf.py[line:109]                            INFO Iter: 80	 Loss: 144.42420774	 Delta: 0.139900947215

Tue, 09 Dec 2014 13:16:47 nmf.py[line:109]                            INFO Iter: 81	 Loss: 144.276873535	 Delta: 0.147334204982

Tue, 09 Dec 2014 13:16:58 nmf.py[line:109]                            INFO Iter: 82	 Loss: 144.119148282	 Delta: 0.157725252855

Tue, 09 Dec 2014 13:17:09 nmf.py[line:109]                            INFO Iter: 83	 Loss: 143.943113046	 Delta: 0.176035236759

Tue, 09 Dec 2014 13:17:19 nmf.py[line:109]                            INFO Iter: 84	 Loss: 143.737429608	 Delta: 0.205683437401

Tue, 09 Dec 2014 13:17:31 nmf.py[line:109]                            INFO Iter: 85	 Loss: 143.486032314	 Delta: 0.251397293921

Tue, 09 Dec 2014 13:17:41 nmf.py[line:109]                            INFO Iter: 86	 Loss: 143.178596263	 Delta: 0.307436051155

Tue, 09 Dec 2014 13:17:53 nmf.py[line:109]                            INFO Iter: 87	 Loss: 142.836437324	 Delta: 0.342158939071

Tue, 09 Dec 2014 13:18:03 nmf.py[line:109]                            INFO Iter: 88	 Loss: 142.508078795	 Delta: 0.328358529467

Tue, 09 Dec 2014 13:18:15 nmf.py[line:109]                            INFO Iter: 89	 Loss: 142.222040139	 Delta: 0.286038656029

Tue, 09 Dec 2014 13:18:26 nmf.py[line:109]                            INFO Iter: 90	 Loss: 141.983697411	 Delta: 0.238342727854

Tue, 09 Dec 2014 13:18:36 nmf.py[line:109]                            INFO Iter: 91	 Loss: 141.791196651	 Delta: 0.192500760006

Tue, 09 Dec 2014 13:18:47 nmf.py[line:109]                            INFO Iter: 92	 Loss: 141.638768043	 Delta: 0.152428607557

Tue, 09 Dec 2014 13:18:57 nmf.py[line:109]                            INFO Iter: 93	 Loss: 141.518565896	 Delta: 0.120202146768

Tue, 09 Dec 2014 13:19:08 nmf.py[line:109]                            INFO Iter: 94	 Loss: 141.422820486	 Delta: 0.0957454100282

Tue, 09 Dec 2014 13:19:08 nmf.py[line:113]                            INFO NMF OK
Tue, 09 Dec 2014 13:19:08 demo_at_tsinghua.py[line:96]                            INFO 
=========================

Tue, 09 Dec 2014 13:19:08 demo_at_tsinghua.py[line:97]                            INFO time_step number %i:
2
Tue, 09 Dec 2014 13:19:08 demo_at_tsinghua.py[line:98]                            INFO ----------------

Tue, 09 Dec 2014 13:19:09 demo_at_tsinghua.py[line:113]                            INFO non zero cell num: 2904
Tue, 09 Dec 2014 13:19:09 demo_at_tsinghua.py[line:116]                            INFO computing JPP decomposition...
Tue, 09 Dec 2014 13:22:52 JPPCF.py[line:77]                            INFO Iter: 1	 Loss: 5846.08735106	 Delta: 994153.912649

Tue, 09 Dec 2014 13:27:03 JPPCF.py[line:77]                            INFO Iter: 2	 Loss: 5835.71951258	 Delta: 10.3678384832

Tue, 09 Dec 2014 13:31:54 JPPCF.py[line:77]                            INFO Iter: 3	 Loss: 5286.58693004	 Delta: 549.132582543

