Tue, 09 Dec 2014 13:02:47 demo_at_tsinghua.py[line:85]                            INFO non zero cell num: 2085
Tue, 09 Dec 2014 13:02:47 demo_at_tsinghua.py[line:86]                            INFO start nmf:

Tue, 09 Dec 2014 13:02:57 nmf.py[line:109]                            INFO Iter: 1	 Loss: 2087.68665043	 Delta: 997912.31335

Tue, 09 Dec 2014 13:03:06 nmf.py[line:109]                            INFO Iter: 2	 Loss: 1872.36660811	 Delta: 215.320042321

Tue, 09 Dec 2014 13:03:15 nmf.py[line:109]                            INFO Iter: 3	 Loss: 1666.26123184	 Delta: 206.105376264

Tue, 09 Dec 2014 13:03:25 nmf.py[line:109]                            INFO Iter: 4	 Loss: 1312.02090971	 Delta: 354.240322127

Tue, 09 Dec 2014 13:03:34 nmf.py[line:109]                            INFO Iter: 5	 Loss: 977.561646029	 Delta: 334.459263686

Tue, 09 Dec 2014 13:03:44 nmf.py[line:109]                            INFO Iter: 6	 Loss: 745.057093921	 Delta: 232.504552108

Tue, 09 Dec 2014 13:03:54 nmf.py[line:109]                            INFO Iter: 7	 Loss: 590.485826569	 Delta: 154.571267352

Tue, 09 Dec 2014 13:04:04 nmf.py[line:109]                            INFO Iter: 8	 Loss: 481.987911044	 Delta: 108.497915525

Tue, 09 Dec 2014 13:04:14 nmf.py[line:109]                            INFO Iter: 9	 Loss: 406.344244096	 Delta: 75.6436669479

Tue, 09 Dec 2014 13:04:24 nmf.py[line:109]                            INFO Iter: 10	 Loss: 350.201381537	 Delta: 56.1428625592

Tue, 09 Dec 2014 13:04:34 nmf.py[line:109]                            INFO Iter: 11	 Loss: 308.431048846	 Delta: 41.7703326906

Tue, 09 Dec 2014 13:04:45 nmf.py[line:109]                            INFO Iter: 12	 Loss: 279.120576229	 Delta: 29.3104726172

Tue, 09 Dec 2014 13:04:55 nmf.py[line:109]                            INFO Iter: 13	 Loss: 258.242161253	 Delta: 20.8784149757

Tue, 09 Dec 2014 13:05:06 nmf.py[line:109]                            INFO Iter: 14	 Loss: 242.143696865	 Delta: 16.0984643878

Tue, 09 Dec 2014 13:05:16 nmf.py[line:109]                            INFO Iter: 15	 Loss: 229.07367076	 Delta: 13.0700261054

Tue, 09 Dec 2014 13:05:26 nmf.py[line:109]                            INFO Iter: 16	 Loss: 218.022641606	 Delta: 11.0510291543

Tue, 09 Dec 2014 13:05:36 nmf.py[line:109]                            INFO Iter: 17	 Loss: 208.839716784	 Delta: 9.18292482176

Tue, 09 Dec 2014 13:05:47 nmf.py[line:109]                            INFO Iter: 18	 Loss: 200.986043667	 Delta: 7.85367311684

Tue, 09 Dec 2014 13:05:57 nmf.py[line:109]                            INFO Iter: 19	 Loss: 194.540754186	 Delta: 6.44528948133

Tue, 09 Dec 2014 13:06:07 nmf.py[line:109]                            INFO Iter: 20	 Loss: 189.209198344	 Delta: 5.33155584207

Tue, 09 Dec 2014 13:06:17 nmf.py[line:109]                            INFO Iter: 21	 Loss: 184.425183745	 Delta: 4.78401459848

Tue, 09 Dec 2014 13:06:28 nmf.py[line:109]                            INFO Iter: 22	 Loss: 180.212563813	 Delta: 4.21261993255

Tue, 09 Dec 2014 13:06:38 nmf.py[line:109]                            INFO Iter: 23	 Loss: 176.757592924	 Delta: 3.45497088833

Tue, 09 Dec 2014 13:06:48 nmf.py[line:109]                            INFO Iter: 24	 Loss: 174.02490328	 Delta: 2.73268964384

Tue, 09 Dec 2014 13:06:59 nmf.py[line:109]                            INFO Iter: 25	 Loss: 171.810227155	 Delta: 2.21467612546

Tue, 09 Dec 2014 13:07:08 nmf.py[line:109]                            INFO Iter: 26	 Loss: 169.867843236	 Delta: 1.94238391933

Tue, 09 Dec 2014 13:07:18 nmf.py[line:109]                            INFO Iter: 27	 Loss: 168.03766567	 Delta: 1.83017756571

Tue, 09 Dec 2014 13:07:28 nmf.py[line:109]                            INFO Iter: 28	 Loss: 166.363885328	 Delta: 1.67378034174

Tue, 09 Dec 2014 13:07:39 nmf.py[line:109]                            INFO Iter: 29	 Loss: 164.85688171	 Delta: 1.50700361786

Tue, 09 Dec 2014 13:07:49 nmf.py[line:109]                            INFO Iter: 30	 Loss: 163.466480927	 Delta: 1.3904007834

Tue, 09 Dec 2014 13:07:59 nmf.py[line:109]                            INFO Iter: 31	 Loss: 162.134619159	 Delta: 1.3318617676

Tue, 09 Dec 2014 13:08:09 nmf.py[line:109]                            INFO Iter: 32	 Loss: 160.797195616	 Delta: 1.33742354371

Tue, 09 Dec 2014 13:08:19 nmf.py[line:109]                            INFO Iter: 33	 Loss: 159.402803985	 Delta: 1.39439163074

Tue, 09 Dec 2014 13:08:29 nmf.py[line:109]                            INFO Iter: 34	 Loss: 157.955300321	 Delta: 1.44750366407

Tue, 09 Dec 2014 13:08:39 nmf.py[line:109]                            INFO Iter: 35	 Loss: 156.520039465	 Delta: 1.43526085623

Tue, 09 Dec 2014 13:08:49 nmf.py[line:109]                            INFO Iter: 36	 Loss: 155.141545462	 Delta: 1.37849400216

Tue, 09 Dec 2014 13:09:00 nmf.py[line:109]                            INFO Iter: 37	 Loss: 153.898918847	 Delta: 1.24262661588

Tue, 09 Dec 2014 13:09:10 nmf.py[line:109]                            INFO Iter: 38	 Loss: 152.892613995	 Delta: 1.00630485127

Tue, 09 Dec 2014 13:09:20 nmf.py[line:109]                            INFO Iter: 39	 Loss: 152.051048694	 Delta: 0.841565301648

Tue, 09 Dec 2014 13:09:30 nmf.py[line:109]                            INFO Iter: 40	 Loss: 151.343196045	 Delta: 0.707852648429

Tue, 09 Dec 2014 13:09:40 nmf.py[line:109]                            INFO Iter: 41	 Loss: 150.75335758	 Delta: 0.589838465736

Tue, 09 Dec 2014 13:09:50 nmf.py[line:109]                            INFO Iter: 42	 Loss: 150.256457936	 Delta: 0.496899643485

Tue, 09 Dec 2014 13:10:00 nmf.py[line:109]                            INFO Iter: 43	 Loss: 149.809808278	 Delta: 0.446649657804

Tue, 09 Dec 2014 13:10:11 nmf.py[line:109]                            INFO Iter: 44	 Loss: 149.389570499	 Delta: 0.420237778877

Tue, 09 Dec 2014 13:10:20 nmf.py[line:109]                            INFO Iter: 45	 Loss: 148.982330995	 Delta: 0.407239503979

Tue, 09 Dec 2014 13:10:30 nmf.py[line:109]                            INFO Iter: 46	 Loss: 148.58355034	 Delta: 0.398780654979

Tue, 09 Dec 2014 13:10:41 nmf.py[line:109]                            INFO Iter: 47	 Loss: 148.195551262	 Delta: 0.387999078043

Tue, 09 Dec 2014 13:10:51 nmf.py[line:109]                            INFO Iter: 48	 Loss: 147.819088975	 Delta: 0.376462286971

Tue, 09 Dec 2014 13:11:02 nmf.py[line:109]                            INFO Iter: 49	 Loss: 147.452751575	 Delta: 0.366337400674

Tue, 09 Dec 2014 13:11:12 nmf.py[line:109]                            INFO Iter: 50	 Loss: 147.097112796	 Delta: 0.355638778892

Tue, 09 Dec 2014 13:11:22 nmf.py[line:109]                            INFO Iter: 51	 Loss: 146.752380428	 Delta: 0.344732368052

Tue, 09 Dec 2014 13:11:33 nmf.py[line:109]                            INFO Iter: 52	 Loss: 146.408969435	 Delta: 0.34341099254

Tue, 09 Dec 2014 13:11:43 nmf.py[line:109]                            INFO Iter: 53	 Loss: 146.035697305	 Delta: 0.373272130443

Tue, 09 Dec 2014 13:11:53 nmf.py[line:109]                            INFO Iter: 54	 Loss: 145.679305907	 Delta: 0.356391397983

Tue, 09 Dec 2014 13:12:03 nmf.py[line:109]                            INFO Iter: 55	 Loss: 145.329117341	 Delta: 0.350188565412

Tue, 09 Dec 2014 13:12:14 nmf.py[line:109]                            INFO Iter: 56	 Loss: 144.905942215	 Delta: 0.423175126138

Tue, 09 Dec 2014 13:12:24 nmf.py[line:109]                            INFO Iter: 57	 Loss: 144.266942612	 Delta: 0.638999603453

Tue, 09 Dec 2014 13:12:34 nmf.py[line:109]                            INFO Iter: 58	 Loss: 143.598032516	 Delta: 0.668910095765

Tue, 09 Dec 2014 13:12:45 nmf.py[line:109]                            INFO Iter: 59	 Loss: 142.987986073	 Delta: 0.610046443387

Tue, 09 Dec 2014 13:12:56 nmf.py[line:109]                            INFO Iter: 60	 Loss: 142.482179306	 Delta: 0.50580676704

Tue, 09 Dec 2014 13:13:07 nmf.py[line:109]                            INFO Iter: 61	 Loss: 142.050895826	 Delta: 0.4312834797

Tue, 09 Dec 2014 13:13:18 nmf.py[line:109]                            INFO Iter: 62	 Loss: 141.676197708	 Delta: 0.374698117517

Tue, 09 Dec 2014 13:13:30 nmf.py[line:109]                            INFO Iter: 63	 Loss: 141.351194224	 Delta: 0.325003484083

Tue, 09 Dec 2014 13:13:41 nmf.py[line:109]                            INFO Iter: 64	 Loss: 141.060471902	 Delta: 0.290722322445

Tue, 09 Dec 2014 13:13:51 nmf.py[line:109]                            INFO Iter: 65	 Loss: 140.78079288	 Delta: 0.279679021432

Tue, 09 Dec 2014 13:14:02 nmf.py[line:109]                            INFO Iter: 66	 Loss: 140.486821065	 Delta: 0.293971815744

Tue, 09 Dec 2014 13:14:12 nmf.py[line:109]                            INFO Iter: 67	 Loss: 140.163776639	 Delta: 0.323044425443

Tue, 09 Dec 2014 13:14:23 nmf.py[line:109]                            INFO Iter: 68	 Loss: 139.83446808	 Delta: 0.329308558773

Tue, 09 Dec 2014 13:14:33 nmf.py[line:109]                            INFO Iter: 69	 Loss: 139.531517819	 Delta: 0.30295026168

Tue, 09 Dec 2014 13:14:45 nmf.py[line:109]                            INFO Iter: 70	 Loss: 139.256555644	 Delta: 0.274962174401

Tue, 09 Dec 2014 13:14:56 nmf.py[line:109]                            INFO Iter: 71	 Loss: 139.005265184	 Delta: 0.251290460533

Tue, 09 Dec 2014 13:15:07 nmf.py[line:109]                            INFO Iter: 72	 Loss: 138.777221796	 Delta: 0.228043388031

Tue, 09 Dec 2014 13:15:18 nmf.py[line:109]                            INFO Iter: 73	 Loss: 138.571512074	 Delta: 0.205709721892

Tue, 09 Dec 2014 13:15:29 nmf.py[line:109]                            INFO Iter: 74	 Loss: 138.38519916	 Delta: 0.186312913937

Tue, 09 Dec 2014 13:15:38 nmf.py[line:109]                            INFO Iter: 75	 Loss: 138.212740467	 Delta: 0.172458693204

Tue, 09 Dec 2014 13:15:48 nmf.py[line:109]                            INFO Iter: 76	 Loss: 138.045195995	 Delta: 0.167544472033

Tue, 09 Dec 2014 13:15:59 nmf.py[line:109]                            INFO Iter: 77	 Loss: 137.872345609	 Delta: 0.172850385674

Tue, 09 Dec 2014 13:16:10 nmf.py[line:109]                            INFO Iter: 78	 Loss: 137.692150341	 Delta: 0.180195267692

Tue, 09 Dec 2014 13:16:21 nmf.py[line:109]                            INFO Iter: 79	 Loss: 137.510217442	 Delta: 0.18193289953

Tue, 09 Dec 2014 13:16:33 nmf.py[line:109]                            INFO Iter: 80	 Loss: 137.328121939	 Delta: 0.182095502858

Tue, 09 Dec 2014 13:16:44 nmf.py[line:109]                            INFO Iter: 81	 Loss: 137.146673772	 Delta: 0.18144816709

Tue, 09 Dec 2014 13:16:55 nmf.py[line:109]                            INFO Iter: 82	 Loss: 136.94697406	 Delta: 0.199699712102

Tue, 09 Dec 2014 13:17:06 nmf.py[line:109]                            INFO Iter: 83	 Loss: 136.626215837	 Delta: 0.320758222751

Tue, 09 Dec 2014 13:17:16 nmf.py[line:109]                            INFO Iter: 84	 Loss: 136.044794346	 Delta: 0.58142149095

Tue, 09 Dec 2014 13:17:27 nmf.py[line:109]                            INFO Iter: 85	 Loss: 135.686929822	 Delta: 0.357864523651

Tue, 09 Dec 2014 13:17:38 nmf.py[line:109]                            INFO Iter: 86	 Loss: 135.493929072	 Delta: 0.193000750201

Tue, 09 Dec 2014 13:17:49 nmf.py[line:109]                            INFO Iter: 87	 Loss: 135.342492799	 Delta: 0.151436273121

Tue, 09 Dec 2014 13:18:00 nmf.py[line:109]                            INFO Iter: 88	 Loss: 135.207278701	 Delta: 0.135214097724

Tue, 09 Dec 2014 13:18:12 nmf.py[line:109]                            INFO Iter: 89	 Loss: 135.079556653	 Delta: 0.127722048781

Tue, 09 Dec 2014 13:18:23 nmf.py[line:109]                            INFO Iter: 90	 Loss: 134.957216967	 Delta: 0.122339685677

Tue, 09 Dec 2014 13:18:33 nmf.py[line:109]                            INFO Iter: 91	 Loss: 134.840119873	 Delta: 0.117097093474

Tue, 09 Dec 2014 13:18:43 nmf.py[line:109]                            INFO Iter: 92	 Loss: 134.728459513	 Delta: 0.111660360862

Tue, 09 Dec 2014 13:18:52 nmf.py[line:109]                            INFO Iter: 93	 Loss: 134.622009452	 Delta: 0.106450060861

Tue, 09 Dec 2014 13:19:02 nmf.py[line:109]                            INFO Iter: 94	 Loss: 134.519971772	 Delta: 0.102037679312

Tue, 09 Dec 2014 13:19:13 nmf.py[line:109]                            INFO Iter: 95	 Loss: 134.420298947	 Delta: 0.0996728253739

Tue, 09 Dec 2014 13:19:13 nmf.py[line:113]                            INFO NMF OK
Tue, 09 Dec 2014 13:19:13 demo_at_tsinghua.py[line:96]                            INFO 
=========================

Tue, 09 Dec 2014 13:19:13 demo_at_tsinghua.py[line:97]                            INFO time_step number %i:
2
Tue, 09 Dec 2014 13:19:13 demo_at_tsinghua.py[line:98]                            INFO ----------------

Tue, 09 Dec 2014 13:19:14 demo_at_tsinghua.py[line:113]                            INFO non zero cell num: 2904
Tue, 09 Dec 2014 13:19:14 demo_at_tsinghua.py[line:116]                            INFO computing JPP decomposition...
Tue, 09 Dec 2014 13:22:49 JPPCF.py[line:77]                            INFO Iter: 1	 Loss: 5839.90564282	 Delta: 994160.094357

Tue, 09 Dec 2014 13:26:59 JPPCF.py[line:77]                            INFO Iter: 2	 Loss: 5835.66085203	 Delta: 4.24479079152

Tue, 09 Dec 2014 13:31:54 JPPCF.py[line:77]                            INFO Iter: 3	 Loss: 5299.08205225	 Delta: 536.578799781

