Tue, 09 Dec 2014 13:02:47 demo_at_tsinghua.py[line:85]                            INFO non zero cell num: 2085
Tue, 09 Dec 2014 13:02:47 demo_at_tsinghua.py[line:86]                            INFO start nmf:

Tue, 09 Dec 2014 13:02:57 nmf.py[line:109]                            INFO Iter: 1	 Loss: 2087.68783042	 Delta: 997912.31217

Tue, 09 Dec 2014 13:03:07 nmf.py[line:109]                            INFO Iter: 2	 Loss: 1882.12018357	 Delta: 205.567646853

Tue, 09 Dec 2014 13:03:17 nmf.py[line:109]                            INFO Iter: 3	 Loss: 1661.98457676	 Delta: 220.135606807

Tue, 09 Dec 2014 13:03:27 nmf.py[line:109]                            INFO Iter: 4	 Loss: 1298.94800492	 Delta: 363.036571844

Tue, 09 Dec 2014 13:03:36 nmf.py[line:109]                            INFO Iter: 5	 Loss: 950.774012703	 Delta: 348.173992213

Tue, 09 Dec 2014 13:03:45 nmf.py[line:109]                            INFO Iter: 6	 Loss: 728.31775939	 Delta: 222.456253313

Tue, 09 Dec 2014 13:03:56 nmf.py[line:109]                            INFO Iter: 7	 Loss: 580.754987918	 Delta: 147.562771472

Tue, 09 Dec 2014 13:04:05 nmf.py[line:109]                            INFO Iter: 8	 Loss: 484.988522493	 Delta: 95.7664654246

Tue, 09 Dec 2014 13:04:15 nmf.py[line:109]                            INFO Iter: 9	 Loss: 415.509656418	 Delta: 69.4788660749

Tue, 09 Dec 2014 13:04:25 nmf.py[line:109]                            INFO Iter: 10	 Loss: 361.898744555	 Delta: 53.6109118634

Tue, 09 Dec 2014 13:04:34 nmf.py[line:109]                            INFO Iter: 11	 Loss: 321.166401993	 Delta: 40.732342562

Tue, 09 Dec 2014 13:04:45 nmf.py[line:109]                            INFO Iter: 12	 Loss: 290.653963433	 Delta: 30.5124385604

Tue, 09 Dec 2014 13:04:55 nmf.py[line:109]                            INFO Iter: 13	 Loss: 267.679815675	 Delta: 22.9741477577

Tue, 09 Dec 2014 13:05:05 nmf.py[line:109]                            INFO Iter: 14	 Loss: 249.85674615	 Delta: 17.8230695254

Tue, 09 Dec 2014 13:05:14 nmf.py[line:109]                            INFO Iter: 15	 Loss: 235.340739393	 Delta: 14.516006757

Tue, 09 Dec 2014 13:05:25 nmf.py[line:109]                            INFO Iter: 16	 Loss: 222.652480177	 Delta: 12.6882592159

Tue, 09 Dec 2014 13:05:35 nmf.py[line:109]                            INFO Iter: 17	 Loss: 212.285781401	 Delta: 10.3666987758

Tue, 09 Dec 2014 13:05:45 nmf.py[line:109]                            INFO Iter: 18	 Loss: 203.164890251	 Delta: 9.12089114938

Tue, 09 Dec 2014 13:05:54 nmf.py[line:109]                            INFO Iter: 19	 Loss: 194.984161164	 Delta: 8.18072908794

Tue, 09 Dec 2014 13:06:05 nmf.py[line:109]                            INFO Iter: 20	 Loss: 188.147001095	 Delta: 6.83716006809

Tue, 09 Dec 2014 13:06:16 nmf.py[line:109]                            INFO Iter: 21	 Loss: 182.270494496	 Delta: 5.87650659974

Tue, 09 Dec 2014 13:06:26 nmf.py[line:109]                            INFO Iter: 22	 Loss: 177.28494365	 Delta: 4.98555084547

Tue, 09 Dec 2014 13:06:36 nmf.py[line:109]                            INFO Iter: 23	 Loss: 173.30583938	 Delta: 3.97910427064

Tue, 09 Dec 2014 13:06:46 nmf.py[line:109]                            INFO Iter: 24	 Loss: 169.650524094	 Delta: 3.6553152854

Tue, 09 Dec 2014 13:06:56 nmf.py[line:109]                            INFO Iter: 25	 Loss: 165.626061058	 Delta: 4.02446303573

Tue, 09 Dec 2014 13:07:06 nmf.py[line:109]                            INFO Iter: 26	 Loss: 161.931767912	 Delta: 3.69429314618

Tue, 09 Dec 2014 13:07:17 nmf.py[line:109]                            INFO Iter: 27	 Loss: 159.466654861	 Delta: 2.46511305091

Tue, 09 Dec 2014 13:07:27 nmf.py[line:109]                            INFO Iter: 28	 Loss: 157.477188087	 Delta: 1.98946677469

Tue, 09 Dec 2014 13:07:37 nmf.py[line:109]                            INFO Iter: 29	 Loss: 155.859199107	 Delta: 1.61798897933

Tue, 09 Dec 2014 13:07:47 nmf.py[line:109]                            INFO Iter: 30	 Loss: 154.511602975	 Delta: 1.34759613262

Tue, 09 Dec 2014 13:07:57 nmf.py[line:109]                            INFO Iter: 31	 Loss: 153.342880846	 Delta: 1.1687221292

Tue, 09 Dec 2014 13:08:07 nmf.py[line:109]                            INFO Iter: 32	 Loss: 152.295636091	 Delta: 1.04724475468

Tue, 09 Dec 2014 13:08:17 nmf.py[line:109]                            INFO Iter: 33	 Loss: 151.344271659	 Delta: 0.951364432134

Tue, 09 Dec 2014 13:08:27 nmf.py[line:109]                            INFO Iter: 34	 Loss: 150.552824083	 Delta: 0.791447575405

Tue, 09 Dec 2014 13:08:38 nmf.py[line:109]                            INFO Iter: 35	 Loss: 149.898786085	 Delta: 0.654037998265

Tue, 09 Dec 2014 13:08:47 nmf.py[line:109]                            INFO Iter: 36	 Loss: 149.355551056	 Delta: 0.5432350294

Tue, 09 Dec 2014 13:08:58 nmf.py[line:109]                            INFO Iter: 37	 Loss: 148.871658616	 Delta: 0.483892439353

Tue, 09 Dec 2014 13:09:08 nmf.py[line:109]                            INFO Iter: 38	 Loss: 148.401760141	 Delta: 0.469898474903

Tue, 09 Dec 2014 13:09:18 nmf.py[line:109]                            INFO Iter: 39	 Loss: 147.929063838	 Delta: 0.472696303422

Tue, 09 Dec 2014 13:09:28 nmf.py[line:109]                            INFO Iter: 40	 Loss: 147.529598267	 Delta: 0.399465570932

Tue, 09 Dec 2014 13:09:38 nmf.py[line:109]                            INFO Iter: 41	 Loss: 147.207006632	 Delta: 0.322591635499

Tue, 09 Dec 2014 13:09:48 nmf.py[line:109]                            INFO Iter: 42	 Loss: 146.922822131	 Delta: 0.284184500397

Tue, 09 Dec 2014 13:09:59 nmf.py[line:109]                            INFO Iter: 43	 Loss: 146.65813472	 Delta: 0.264687411071

Tue, 09 Dec 2014 13:10:10 nmf.py[line:109]                            INFO Iter: 44	 Loss: 146.404761248	 Delta: 0.253373471838

Tue, 09 Dec 2014 13:10:19 nmf.py[line:109]                            INFO Iter: 45	 Loss: 146.159054566	 Delta: 0.24570668189

Tue, 09 Dec 2014 13:10:30 nmf.py[line:109]                            INFO Iter: 46	 Loss: 145.918241511	 Delta: 0.240813055352

Tue, 09 Dec 2014 13:10:40 nmf.py[line:109]                            INFO Iter: 47	 Loss: 145.680099262	 Delta: 0.238142248654

Tue, 09 Dec 2014 13:10:50 nmf.py[line:109]                            INFO Iter: 48	 Loss: 145.452754968	 Delta: 0.227344294847

Tue, 09 Dec 2014 13:11:00 nmf.py[line:109]                            INFO Iter: 49	 Loss: 145.242702157	 Delta: 0.210052810377

Tue, 09 Dec 2014 13:11:09 nmf.py[line:109]                            INFO Iter: 50	 Loss: 145.05183914	 Delta: 0.190863017004

Tue, 09 Dec 2014 13:11:19 nmf.py[line:109]                            INFO Iter: 51	 Loss: 144.8784609	 Delta: 0.173378240442

Tue, 09 Dec 2014 13:11:30 nmf.py[line:109]                            INFO Iter: 52	 Loss: 144.718798806	 Delta: 0.159662093495

Tue, 09 Dec 2014 13:11:40 nmf.py[line:109]                            INFO Iter: 53	 Loss: 144.570795848	 Delta: 0.148002958143

Tue, 09 Dec 2014 13:11:50 nmf.py[line:109]                            INFO Iter: 54	 Loss: 144.432929345	 Delta: 0.137866502689

Tue, 09 Dec 2014 13:12:01 nmf.py[line:109]                            INFO Iter: 55	 Loss: 144.303818109	 Delta: 0.129111236523

Tue, 09 Dec 2014 13:12:11 nmf.py[line:109]                            INFO Iter: 56	 Loss: 144.182032655	 Delta: 0.121785453554

Tue, 09 Dec 2014 13:12:21 nmf.py[line:109]                            INFO Iter: 57	 Loss: 144.065280527	 Delta: 0.116752128438

Tue, 09 Dec 2014 13:12:30 nmf.py[line:109]                            INFO Iter: 58	 Loss: 143.948300019	 Delta: 0.116980507776

Tue, 09 Dec 2014 13:12:42 nmf.py[line:109]                            INFO Iter: 59	 Loss: 143.829886342	 Delta: 0.118413676674

Tue, 09 Dec 2014 13:12:52 nmf.py[line:109]                            INFO Iter: 60	 Loss: 143.700459676	 Delta: 0.129426666453

Tue, 09 Dec 2014 13:13:03 nmf.py[line:109]                            INFO Iter: 61	 Loss: 143.549966319	 Delta: 0.15049335701

Tue, 09 Dec 2014 13:13:14 nmf.py[line:109]                            INFO Iter: 62	 Loss: 143.368421244	 Delta: 0.181545075006

Tue, 09 Dec 2014 13:13:25 nmf.py[line:109]                            INFO Iter: 63	 Loss: 143.15764027	 Delta: 0.2107809735

Tue, 09 Dec 2014 13:13:36 nmf.py[line:109]                            INFO Iter: 64	 Loss: 142.943318655	 Delta: 0.214321615082

Tue, 09 Dec 2014 13:13:47 nmf.py[line:109]                            INFO Iter: 65	 Loss: 142.753214807	 Delta: 0.190103848263

Tue, 09 Dec 2014 13:13:58 nmf.py[line:109]                            INFO Iter: 66	 Loss: 142.590136013	 Delta: 0.163078794021

Tue, 09 Dec 2014 13:14:09 nmf.py[line:109]                            INFO Iter: 67	 Loss: 142.442973648	 Delta: 0.147162364785

Tue, 09 Dec 2014 13:14:20 nmf.py[line:109]                            INFO Iter: 68	 Loss: 142.301546631	 Delta: 0.141427017665

Tue, 09 Dec 2014 13:14:30 nmf.py[line:109]                            INFO Iter: 69	 Loss: 142.159237346	 Delta: 0.142309284353

Tue, 09 Dec 2014 13:14:41 nmf.py[line:109]                            INFO Iter: 70	 Loss: 142.011723995	 Delta: 0.147513351442

Tue, 09 Dec 2014 13:14:53 nmf.py[line:109]                            INFO Iter: 71	 Loss: 141.855776049	 Delta: 0.155947945459

Tue, 09 Dec 2014 13:15:04 nmf.py[line:109]                            INFO Iter: 72	 Loss: 141.688658868	 Delta: 0.167117180953

Tue, 09 Dec 2014 13:15:15 nmf.py[line:109]                            INFO Iter: 73	 Loss: 141.508223429	 Delta: 0.180435439602

Tue, 09 Dec 2014 13:15:26 nmf.py[line:109]                            INFO Iter: 74	 Loss: 141.313646286	 Delta: 0.194577142546

Tue, 09 Dec 2014 13:15:36 nmf.py[line:109]                            INFO Iter: 75	 Loss: 141.105981362	 Delta: 0.207664923771

Tue, 09 Dec 2014 13:15:46 nmf.py[line:109]                            INFO Iter: 76	 Loss: 140.887428434	 Delta: 0.218552928114

Tue, 09 Dec 2014 13:15:56 nmf.py[line:109]                            INFO Iter: 77	 Loss: 140.660407253	 Delta: 0.227021181166

Tue, 09 Dec 2014 13:16:08 nmf.py[line:109]                            INFO Iter: 78	 Loss: 140.427779418	 Delta: 0.232627835575

Tue, 09 Dec 2014 13:16:19 nmf.py[line:109]                            INFO Iter: 79	 Loss: 140.192875182	 Delta: 0.234904235865

Tue, 09 Dec 2014 13:16:31 nmf.py[line:109]                            INFO Iter: 80	 Loss: 139.958394764	 Delta: 0.234480417408

Tue, 09 Dec 2014 13:16:41 nmf.py[line:109]                            INFO Iter: 81	 Loss: 139.724948738	 Delta: 0.233446026782

Tue, 09 Dec 2014 13:16:51 nmf.py[line:109]                            INFO Iter: 82	 Loss: 139.490660537	 Delta: 0.234288200441

Tue, 09 Dec 2014 13:17:02 nmf.py[line:109]                            INFO Iter: 83	 Loss: 139.253459893	 Delta: 0.237200644443

Tue, 09 Dec 2014 13:17:12 nmf.py[line:109]                            INFO Iter: 84	 Loss: 139.012382076	 Delta: 0.241077816734

Tue, 09 Dec 2014 13:17:23 nmf.py[line:109]                            INFO Iter: 85	 Loss: 138.764733785	 Delta: 0.247648290502

Tue, 09 Dec 2014 13:17:34 nmf.py[line:109]                            INFO Iter: 86	 Loss: 138.510445553	 Delta: 0.25428823243

Tue, 09 Dec 2014 13:17:45 nmf.py[line:109]                            INFO Iter: 87	 Loss: 138.257001643	 Delta: 0.253443909952

Tue, 09 Dec 2014 13:17:56 nmf.py[line:109]                            INFO Iter: 88	 Loss: 138.013042565	 Delta: 0.243959078552

Tue, 09 Dec 2014 13:18:07 nmf.py[line:109]                            INFO Iter: 89	 Loss: 137.790607143	 Delta: 0.222435421382

Tue, 09 Dec 2014 13:18:19 nmf.py[line:109]                            INFO Iter: 90	 Loss: 137.598862734	 Delta: 0.191744408694

Tue, 09 Dec 2014 13:18:30 nmf.py[line:109]                            INFO Iter: 91	 Loss: 137.439792058	 Delta: 0.159070676904

Tue, 09 Dec 2014 13:18:40 nmf.py[line:109]                            INFO Iter: 92	 Loss: 137.309015544	 Delta: 0.130776513777

Tue, 09 Dec 2014 13:18:51 nmf.py[line:109]                            INFO Iter: 93	 Loss: 137.199196587	 Delta: 0.109818956297

Tue, 09 Dec 2014 13:19:01 nmf.py[line:109]                            INFO Iter: 94	 Loss: 137.102613247	 Delta: 0.0965833406093

Tue, 09 Dec 2014 13:19:01 nmf.py[line:113]                            INFO NMF OK
Tue, 09 Dec 2014 13:19:01 demo_at_tsinghua.py[line:96]                            INFO 
=========================

Tue, 09 Dec 2014 13:19:01 demo_at_tsinghua.py[line:97]                            INFO time_step number %i:
2
Tue, 09 Dec 2014 13:19:01 demo_at_tsinghua.py[line:98]                            INFO ----------------

Tue, 09 Dec 2014 13:19:03 demo_at_tsinghua.py[line:113]                            INFO non zero cell num: 2904
Tue, 09 Dec 2014 13:19:03 demo_at_tsinghua.py[line:116]                            INFO computing JPP decomposition...
Tue, 09 Dec 2014 13:22:39 JPPCF.py[line:77]                            INFO Iter: 1	 Loss: 5836.9206971	 Delta: 994163.079303

Tue, 09 Dec 2014 13:26:46 JPPCF.py[line:77]                            INFO Iter: 2	 Loss: 5834.95024018	 Delta: 1.97045692019

Tue, 09 Dec 2014 13:31:40 JPPCF.py[line:77]                            INFO Iter: 3	 Loss: 5318.59778906	 Delta: 516.352451127

