Tue, 09 Dec 2014 13:02:47 demo_at_tsinghua.py[line:85]                            INFO non zero cell num: 2085
Tue, 09 Dec 2014 13:02:47 demo_at_tsinghua.py[line:86]                            INFO start nmf:

Tue, 09 Dec 2014 13:02:57 nmf.py[line:109]                            INFO Iter: 1	 Loss: 2087.69024112	 Delta: 997912.309759

Tue, 09 Dec 2014 13:03:07 nmf.py[line:109]                            INFO Iter: 2	 Loss: 1873.8531761	 Delta: 213.837065022

Tue, 09 Dec 2014 13:03:17 nmf.py[line:109]                            INFO Iter: 3	 Loss: 1657.73446156	 Delta: 216.118714539

Tue, 09 Dec 2014 13:03:27 nmf.py[line:109]                            INFO Iter: 4	 Loss: 1307.11804226	 Delta: 350.616419295

Tue, 09 Dec 2014 13:03:36 nmf.py[line:109]                            INFO Iter: 5	 Loss: 948.605142736	 Delta: 358.512899527

Tue, 09 Dec 2014 13:03:46 nmf.py[line:109]                            INFO Iter: 6	 Loss: 723.287861868	 Delta: 225.317280868

Tue, 09 Dec 2014 13:03:56 nmf.py[line:109]                            INFO Iter: 7	 Loss: 585.791189452	 Delta: 137.496672416

Tue, 09 Dec 2014 13:04:05 nmf.py[line:109]                            INFO Iter: 8	 Loss: 494.157275789	 Delta: 91.6339136626

Tue, 09 Dec 2014 13:04:15 nmf.py[line:109]                            INFO Iter: 9	 Loss: 426.446300385	 Delta: 67.7109754041

Tue, 09 Dec 2014 13:04:25 nmf.py[line:109]                            INFO Iter: 10	 Loss: 372.003332321	 Delta: 54.4429680647

Tue, 09 Dec 2014 13:04:35 nmf.py[line:109]                            INFO Iter: 11	 Loss: 328.307844615	 Delta: 43.6954877058

Tue, 09 Dec 2014 13:04:45 nmf.py[line:109]                            INFO Iter: 12	 Loss: 294.193909509	 Delta: 34.1139351059

Tue, 09 Dec 2014 13:04:56 nmf.py[line:109]                            INFO Iter: 13	 Loss: 270.424923142	 Delta: 23.768986367

Tue, 09 Dec 2014 13:05:07 nmf.py[line:109]                            INFO Iter: 14	 Loss: 254.045243025	 Delta: 16.3796801169

Tue, 09 Dec 2014 13:05:17 nmf.py[line:109]                            INFO Iter: 15	 Loss: 241.442314339	 Delta: 12.6029286862

Tue, 09 Dec 2014 13:05:28 nmf.py[line:109]                            INFO Iter: 16	 Loss: 231.485702482	 Delta: 9.95661185675

Tue, 09 Dec 2014 13:05:38 nmf.py[line:109]                            INFO Iter: 17	 Loss: 223.52263151	 Delta: 7.96307097209

Tue, 09 Dec 2014 13:05:48 nmf.py[line:109]                            INFO Iter: 18	 Loss: 216.780182406	 Delta: 6.7424491043

Tue, 09 Dec 2014 13:05:58 nmf.py[line:109]                            INFO Iter: 19	 Loss: 210.876308217	 Delta: 5.90387418867

Tue, 09 Dec 2014 13:06:09 nmf.py[line:109]                            INFO Iter: 20	 Loss: 206.079590469	 Delta: 4.79671774838

Tue, 09 Dec 2014 13:06:18 nmf.py[line:109]                            INFO Iter: 21	 Loss: 202.024813086	 Delta: 4.05477738218

Tue, 09 Dec 2014 13:06:29 nmf.py[line:109]                            INFO Iter: 22	 Loss: 198.870679302	 Delta: 3.15413378484

Tue, 09 Dec 2014 13:06:39 nmf.py[line:109]                            INFO Iter: 23	 Loss: 196.257503751	 Delta: 2.61317555102

Tue, 09 Dec 2014 13:06:49 nmf.py[line:109]                            INFO Iter: 24	 Loss: 193.97847259	 Delta: 2.27903116074

Tue, 09 Dec 2014 13:07:00 nmf.py[line:109]                            INFO Iter: 25	 Loss: 191.927421947	 Delta: 2.05105064318

Tue, 09 Dec 2014 13:07:10 nmf.py[line:109]                            INFO Iter: 26	 Loss: 190.072851654	 Delta: 1.85457029252

Tue, 09 Dec 2014 13:07:20 nmf.py[line:109]                            INFO Iter: 27	 Loss: 188.350429513	 Delta: 1.72242214148

Tue, 09 Dec 2014 13:07:30 nmf.py[line:109]                            INFO Iter: 28	 Loss: 186.753543843	 Delta: 1.59688566961

Tue, 09 Dec 2014 13:07:40 nmf.py[line:109]                            INFO Iter: 29	 Loss: 185.342301297	 Delta: 1.41124254641

Tue, 09 Dec 2014 13:07:51 nmf.py[line:109]                            INFO Iter: 30	 Loss: 184.103564283	 Delta: 1.23873701414

Tue, 09 Dec 2014 13:08:00 nmf.py[line:109]                            INFO Iter: 31	 Loss: 182.926561341	 Delta: 1.17700294174

Tue, 09 Dec 2014 13:08:10 nmf.py[line:109]                            INFO Iter: 32	 Loss: 181.561421867	 Delta: 1.36513947358

Tue, 09 Dec 2014 13:08:20 nmf.py[line:109]                            INFO Iter: 33	 Loss: 180.143480756	 Delta: 1.41794111161

Tue, 09 Dec 2014 13:08:30 nmf.py[line:109]                            INFO Iter: 34	 Loss: 179.003590608	 Delta: 1.1398901479

Tue, 09 Dec 2014 13:08:41 nmf.py[line:109]                            INFO Iter: 35	 Loss: 177.938540531	 Delta: 1.06505007679

Tue, 09 Dec 2014 13:08:51 nmf.py[line:109]                            INFO Iter: 36	 Loss: 176.721499004	 Delta: 1.21704152722

Tue, 09 Dec 2014 13:09:01 nmf.py[line:109]                            INFO Iter: 37	 Loss: 175.688416921	 Delta: 1.03308208289

Tue, 09 Dec 2014 13:09:11 nmf.py[line:109]                            INFO Iter: 38	 Loss: 174.720514651	 Delta: 0.967902269834

Tue, 09 Dec 2014 13:09:22 nmf.py[line:109]                            INFO Iter: 39	 Loss: 173.746424778	 Delta: 0.974089873466

Tue, 09 Dec 2014 13:09:31 nmf.py[line:109]                            INFO Iter: 40	 Loss: 172.682040552	 Delta: 1.06438422596

Tue, 09 Dec 2014 13:09:42 nmf.py[line:109]                            INFO Iter: 41	 Loss: 171.589539436	 Delta: 1.09250111513

Tue, 09 Dec 2014 13:09:52 nmf.py[line:109]                            INFO Iter: 42	 Loss: 170.553402384	 Delta: 1.03613705274

Tue, 09 Dec 2014 13:10:02 nmf.py[line:109]                            INFO Iter: 43	 Loss: 169.375962677	 Delta: 1.17743970634

Tue, 09 Dec 2014 13:10:12 nmf.py[line:109]                            INFO Iter: 44	 Loss: 168.106617159	 Delta: 1.26934551838

Tue, 09 Dec 2014 13:10:23 nmf.py[line:109]                            INFO Iter: 45	 Loss: 166.781328814	 Delta: 1.32528834469

Tue, 09 Dec 2014 13:10:33 nmf.py[line:109]                            INFO Iter: 46	 Loss: 165.681041346	 Delta: 1.10028746863

Tue, 09 Dec 2014 13:10:43 nmf.py[line:109]                            INFO Iter: 47	 Loss: 164.900645109	 Delta: 0.780396236204

Tue, 09 Dec 2014 13:10:53 nmf.py[line:109]                            INFO Iter: 48	 Loss: 164.246411634	 Delta: 0.654233474988

Tue, 09 Dec 2014 13:11:04 nmf.py[line:109]                            INFO Iter: 49	 Loss: 163.50031269	 Delta: 0.746098944231

Tue, 09 Dec 2014 13:11:14 nmf.py[line:109]                            INFO Iter: 50	 Loss: 162.914921196	 Delta: 0.585391494368

Tue, 09 Dec 2014 13:11:24 nmf.py[line:109]                            INFO Iter: 51	 Loss: 162.374679495	 Delta: 0.540241700876

Tue, 09 Dec 2014 13:11:34 nmf.py[line:109]                            INFO Iter: 52	 Loss: 161.858291804	 Delta: 0.516387691327

Tue, 09 Dec 2014 13:11:45 nmf.py[line:109]                            INFO Iter: 53	 Loss: 161.376802632	 Delta: 0.481489172106

Tue, 09 Dec 2014 13:11:55 nmf.py[line:109]                            INFO Iter: 54	 Loss: 160.941028145	 Delta: 0.435774486382

Tue, 09 Dec 2014 13:12:06 nmf.py[line:109]                            INFO Iter: 55	 Loss: 160.551290387	 Delta: 0.389737757885

Tue, 09 Dec 2014 13:12:17 nmf.py[line:109]                            INFO Iter: 56	 Loss: 160.199881369	 Delta: 0.351409018374

Tue, 09 Dec 2014 13:12:27 nmf.py[line:109]                            INFO Iter: 57	 Loss: 159.876724942	 Delta: 0.323156426774

Tue, 09 Dec 2014 13:12:36 nmf.py[line:109]                            INFO Iter: 58	 Loss: 159.572520726	 Delta: 0.304204215696

Tue, 09 Dec 2014 13:12:47 nmf.py[line:109]                            INFO Iter: 59	 Loss: 159.279841152	 Delta: 0.292679574383

Tue, 09 Dec 2014 13:12:58 nmf.py[line:109]                            INFO Iter: 60	 Loss: 158.992606805	 Delta: 0.287234346849

Tue, 09 Dec 2014 13:13:09 nmf.py[line:109]                            INFO Iter: 61	 Loss: 158.704875262	 Delta: 0.28773154298

Tue, 09 Dec 2014 13:13:20 nmf.py[line:109]                            INFO Iter: 62	 Loss: 158.410400767	 Delta: 0.294474494983

Tue, 09 Dec 2014 13:13:31 nmf.py[line:109]                            INFO Iter: 63	 Loss: 158.103532097	 Delta: 0.306868670208

Tue, 09 Dec 2014 13:13:41 nmf.py[line:109]                            INFO Iter: 64	 Loss: 157.780033167	 Delta: 0.323498929643

Tue, 09 Dec 2014 13:13:52 nmf.py[line:109]                            INFO Iter: 65	 Loss: 157.436904509	 Delta: 0.34312865839

Tue, 09 Dec 2014 13:14:03 nmf.py[line:109]                            INFO Iter: 66	 Loss: 157.072841371	 Delta: 0.364063137494

Tue, 09 Dec 2014 13:14:13 nmf.py[line:109]                            INFO Iter: 67	 Loss: 156.689243403	 Delta: 0.383597968473

Tue, 09 Dec 2014 13:14:24 nmf.py[line:109]                            INFO Iter: 68	 Loss: 156.289405406	 Delta: 0.399837996716

Tue, 09 Dec 2014 13:14:35 nmf.py[line:109]                            INFO Iter: 69	 Loss: 155.876655044	 Delta: 0.412750362119

Tue, 09 Dec 2014 13:14:46 nmf.py[line:109]                            INFO Iter: 70	 Loss: 155.456436081	 Delta: 0.420218963662

Tue, 09 Dec 2014 13:14:57 nmf.py[line:109]                            INFO Iter: 71	 Loss: 155.043224067	 Delta: 0.413212013782

Tue, 09 Dec 2014 13:15:09 nmf.py[line:109]                            INFO Iter: 72	 Loss: 154.656319299	 Delta: 0.386904767521

Tue, 09 Dec 2014 13:15:20 nmf.py[line:109]                            INFO Iter: 73	 Loss: 154.303194676	 Delta: 0.353124623392

Tue, 09 Dec 2014 13:15:30 nmf.py[line:109]                            INFO Iter: 74	 Loss: 153.975655465	 Delta: 0.327539211065

Tue, 09 Dec 2014 13:15:40 nmf.py[line:109]                            INFO Iter: 75	 Loss: 153.649080498	 Delta: 0.326574966887

Tue, 09 Dec 2014 13:15:50 nmf.py[line:109]                            INFO Iter: 76	 Loss: 153.286795634	 Delta: 0.362284864148

Tue, 09 Dec 2014 13:16:02 nmf.py[line:109]                            INFO Iter: 77	 Loss: 152.856541988	 Delta: 0.430253645409

Tue, 09 Dec 2014 13:16:13 nmf.py[line:109]                            INFO Iter: 78	 Loss: 152.360803319	 Delta: 0.495738668939

Tue, 09 Dec 2014 13:16:24 nmf.py[line:109]                            INFO Iter: 79	 Loss: 151.850419771	 Delta: 0.510383548203

Tue, 09 Dec 2014 13:16:35 nmf.py[line:109]                            INFO Iter: 80	 Loss: 151.370686006	 Delta: 0.479733765643

Tue, 09 Dec 2014 13:16:46 nmf.py[line:109]                            INFO Iter: 81	 Loss: 150.891705152	 Delta: 0.47898085372

Tue, 09 Dec 2014 13:16:58 nmf.py[line:109]                            INFO Iter: 82	 Loss: 150.358269263	 Delta: 0.5334358887

Tue, 09 Dec 2014 13:17:08 nmf.py[line:109]                            INFO Iter: 83	 Loss: 149.917120638	 Delta: 0.441148624762

Tue, 09 Dec 2014 13:17:19 nmf.py[line:109]                            INFO Iter: 84	 Loss: 149.649614174	 Delta: 0.267506464076

Tue, 09 Dec 2014 13:17:29 nmf.py[line:109]                            INFO Iter: 85	 Loss: 149.471231069	 Delta: 0.178383104789

Tue, 09 Dec 2014 13:17:40 nmf.py[line:109]                            INFO Iter: 86	 Loss: 149.34027954	 Delta: 0.130951529377

Tue, 09 Dec 2014 13:17:51 nmf.py[line:109]                            INFO Iter: 87	 Loss: 149.235015714	 Delta: 0.105263826372

Tue, 09 Dec 2014 13:18:02 nmf.py[line:109]                            INFO Iter: 88	 Loss: 149.142327762	 Delta: 0.0926879514492

Tue, 09 Dec 2014 13:18:02 nmf.py[line:113]                            INFO NMF OK
Tue, 09 Dec 2014 13:18:02 demo_at_tsinghua.py[line:96]                            INFO 
=========================

Tue, 09 Dec 2014 13:18:02 demo_at_tsinghua.py[line:97]                            INFO time_step number %i:
2
Tue, 09 Dec 2014 13:18:02 demo_at_tsinghua.py[line:98]                            INFO ----------------

Tue, 09 Dec 2014 13:18:03 demo_at_tsinghua.py[line:113]                            INFO non zero cell num: 2904
Tue, 09 Dec 2014 13:18:03 demo_at_tsinghua.py[line:116]                            INFO computing JPP decomposition...
Tue, 09 Dec 2014 13:21:45 JPPCF.py[line:77]                            INFO Iter: 1	 Loss: 5836.43395578	 Delta: 994163.566044

Tue, 09 Dec 2014 13:25:30 JPPCF.py[line:77]                            INFO Iter: 2	 Loss: 5835.54682807	 Delta: 0.887127709118

Tue, 09 Dec 2014 13:30:22 JPPCF.py[line:77]                            INFO Iter: 3	 Loss: 5330.74017527	 Delta: 504.806652798

