Tue, 09 Dec 2014 13:02:47 demo_at_tsinghua.py[line:85]                            INFO non zero cell num: 2085
Tue, 09 Dec 2014 13:02:47 demo_at_tsinghua.py[line:86]                            INFO start nmf:

Tue, 09 Dec 2014 13:03:10 nmf.py[line:109]                            INFO Iter: 1	 Loss: 2088.84580794	 Delta: 997911.154192

Tue, 09 Dec 2014 13:03:33 nmf.py[line:109]                            INFO Iter: 2	 Loss: 1880.59845579	 Delta: 208.247352149

Tue, 09 Dec 2014 13:03:56 nmf.py[line:109]                            INFO Iter: 3	 Loss: 1664.32701613	 Delta: 216.271439664

Tue, 09 Dec 2014 13:04:19 nmf.py[line:109]                            INFO Iter: 4	 Loss: 1240.25919997	 Delta: 424.067816161

Tue, 09 Dec 2014 13:04:43 nmf.py[line:109]                            INFO Iter: 5	 Loss: 807.091112617	 Delta: 433.16808735

Tue, 09 Dec 2014 13:05:06 nmf.py[line:109]                            INFO Iter: 6	 Loss: 536.904085361	 Delta: 270.187027255

Tue, 09 Dec 2014 13:05:29 nmf.py[line:109]                            INFO Iter: 7	 Loss: 381.544607571	 Delta: 155.359477791

Tue, 09 Dec 2014 13:05:53 nmf.py[line:109]                            INFO Iter: 8	 Loss: 281.941443272	 Delta: 99.6031642983

Tue, 09 Dec 2014 13:06:17 nmf.py[line:109]                            INFO Iter: 9	 Loss: 219.413485955	 Delta: 62.5279573178

Tue, 09 Dec 2014 13:06:40 nmf.py[line:109]                            INFO Iter: 10	 Loss: 174.289364121	 Delta: 45.1241218333

Tue, 09 Dec 2014 13:07:04 nmf.py[line:109]                            INFO Iter: 11	 Loss: 146.74687078	 Delta: 27.542493341

Tue, 09 Dec 2014 13:07:28 nmf.py[line:109]                            INFO Iter: 12	 Loss: 128.413722035	 Delta: 18.3331487453

Tue, 09 Dec 2014 13:07:51 nmf.py[line:109]                            INFO Iter: 13	 Loss: 115.761961696	 Delta: 12.651760339

Tue, 09 Dec 2014 13:08:17 nmf.py[line:109]                            INFO Iter: 14	 Loss: 106.679722037	 Delta: 9.08223965873

Tue, 09 Dec 2014 13:08:41 nmf.py[line:109]                            INFO Iter: 15	 Loss: 99.9810830636	 Delta: 6.69863897381

Tue, 09 Dec 2014 13:09:06 nmf.py[line:109]                            INFO Iter: 16	 Loss: 94.8715349295	 Delta: 5.10954813409

Tue, 09 Dec 2014 13:09:30 nmf.py[line:109]                            INFO Iter: 17	 Loss: 90.8276371631	 Delta: 4.04389776633

Tue, 09 Dec 2014 13:09:54 nmf.py[line:109]                            INFO Iter: 18	 Loss: 87.5559061036	 Delta: 3.27173105952

Tue, 09 Dec 2014 13:10:18 nmf.py[line:109]                            INFO Iter: 19	 Loss: 84.9052030687	 Delta: 2.65070303496

Tue, 09 Dec 2014 13:10:40 nmf.py[line:109]                            INFO Iter: 20	 Loss: 82.7315886829	 Delta: 2.17361438575

Tue, 09 Dec 2014 13:11:05 nmf.py[line:109]                            INFO Iter: 21	 Loss: 80.925986115	 Delta: 1.80560256787

Tue, 09 Dec 2014 13:11:29 nmf.py[line:109]                            INFO Iter: 22	 Loss: 79.3969434401	 Delta: 1.52904267496

Tue, 09 Dec 2014 13:11:54 nmf.py[line:109]                            INFO Iter: 23	 Loss: 78.044938666	 Delta: 1.35200477403

Tue, 09 Dec 2014 13:12:18 nmf.py[line:109]                            INFO Iter: 24	 Loss: 76.7934084493	 Delta: 1.25153021679

Tue, 09 Dec 2014 13:12:43 nmf.py[line:109]                            INFO Iter: 25	 Loss: 75.6330043133	 Delta: 1.16040413591

Tue, 09 Dec 2014 13:13:10 nmf.py[line:109]                            INFO Iter: 26	 Loss: 74.6074528868	 Delta: 1.02555142651

Tue, 09 Dec 2014 13:13:36 nmf.py[line:109]                            INFO Iter: 27	 Loss: 73.7452960009	 Delta: 0.862156885967

Tue, 09 Dec 2014 13:14:03 nmf.py[line:109]                            INFO Iter: 28	 Loss: 73.0034795216	 Delta: 0.741816479285

Tue, 09 Dec 2014 13:14:30 nmf.py[line:109]                            INFO Iter: 29	 Loss: 72.3020316243	 Delta: 0.701447897307

Tue, 09 Dec 2014 13:14:57 nmf.py[line:109]                            INFO Iter: 30	 Loss: 71.5867514557	 Delta: 0.71528016856

Tue, 09 Dec 2014 13:15:24 nmf.py[line:109]                            INFO Iter: 31	 Loss: 70.8678997315	 Delta: 0.718851724249

Tue, 09 Dec 2014 13:15:48 nmf.py[line:109]                            INFO Iter: 32	 Loss: 70.1180385249	 Delta: 0.74986120653

Tue, 09 Dec 2014 13:16:16 nmf.py[line:109]                            INFO Iter: 33	 Loss: 69.2611791371	 Delta: 0.856859387816

Tue, 09 Dec 2014 13:16:43 nmf.py[line:109]                            INFO Iter: 34	 Loss: 68.304588146	 Delta: 0.95659099113

Tue, 09 Dec 2014 13:17:09 nmf.py[line:109]                            INFO Iter: 35	 Loss: 67.3507943136	 Delta: 0.953793832349

Tue, 09 Dec 2014 13:17:35 nmf.py[line:109]                            INFO Iter: 36	 Loss: 66.6475027511	 Delta: 0.703291562575

Tue, 09 Dec 2014 13:18:03 nmf.py[line:109]                            INFO Iter: 37	 Loss: 66.1345411501	 Delta: 0.512961600961

Tue, 09 Dec 2014 13:18:29 nmf.py[line:109]                            INFO Iter: 38	 Loss: 65.693404613	 Delta: 0.441136537136

Tue, 09 Dec 2014 13:18:54 nmf.py[line:109]                            INFO Iter: 39	 Loss: 65.2826224841	 Delta: 0.410782128841

Tue, 09 Dec 2014 13:19:20 nmf.py[line:109]                            INFO Iter: 40	 Loss: 64.882902887	 Delta: 0.399719597146

Tue, 09 Dec 2014 13:19:47 nmf.py[line:109]                            INFO Iter: 41	 Loss: 64.4919729589	 Delta: 0.39092992805

Tue, 09 Dec 2014 13:20:14 nmf.py[line:109]                            INFO Iter: 42	 Loss: 64.1201134495	 Delta: 0.37185950947

Tue, 09 Dec 2014 13:20:41 nmf.py[line:109]                            INFO Iter: 43	 Loss: 63.7784476946	 Delta: 0.341665754881

Tue, 09 Dec 2014 13:21:10 nmf.py[line:109]                            INFO Iter: 44	 Loss: 63.4725038972	 Delta: 0.305943797352

Tue, 09 Dec 2014 13:21:37 nmf.py[line:109]                            INFO Iter: 45	 Loss: 63.2034263647	 Delta: 0.269077532486

Tue, 09 Dec 2014 13:22:04 nmf.py[line:109]                            INFO Iter: 46	 Loss: 62.9685021365	 Delta: 0.234924228211

Tue, 09 Dec 2014 13:22:30 nmf.py[line:109]                            INFO Iter: 47	 Loss: 62.761612965	 Delta: 0.206889171554

Tue, 09 Dec 2014 13:22:58 nmf.py[line:109]                            INFO Iter: 48	 Loss: 62.5755738626	 Delta: 0.186039102416

Tue, 09 Dec 2014 13:23:25 nmf.py[line:109]                            INFO Iter: 49	 Loss: 62.4044985501	 Delta: 0.171075312499

Tue, 09 Dec 2014 13:23:54 nmf.py[line:109]                            INFO Iter: 50	 Loss: 62.2448338991	 Delta: 0.159664650994

Tue, 09 Dec 2014 13:24:22 nmf.py[line:109]                            INFO Iter: 51	 Loss: 62.0952729694	 Delta: 0.149560929627

Tue, 09 Dec 2014 13:24:50 nmf.py[line:109]                            INFO Iter: 52	 Loss: 61.9560057143	 Delta: 0.139267255105

Tue, 09 Dec 2014 13:25:23 nmf.py[line:109]                            INFO Iter: 53	 Loss: 61.8276585741	 Delta: 0.128347140232

Tue, 09 Dec 2014 13:25:57 nmf.py[line:109]                            INFO Iter: 54	 Loss: 61.7103606918	 Delta: 0.117297882317

Tue, 09 Dec 2014 13:26:33 nmf.py[line:109]                            INFO Iter: 55	 Loss: 61.6033135254	 Delta: 0.107047166365

Tue, 09 Dec 2014 13:27:09 nmf.py[line:109]                            INFO Iter: 56	 Loss: 61.5048805126	 Delta: 0.0984330128011

Tue, 09 Dec 2014 13:27:09 nmf.py[line:113]                            INFO NMF OK
Tue, 09 Dec 2014 13:27:09 demo_at_tsinghua.py[line:96]                            INFO 
=========================

Tue, 09 Dec 2014 13:27:09 demo_at_tsinghua.py[line:97]                            INFO time_step number %i:
2
Tue, 09 Dec 2014 13:27:09 demo_at_tsinghua.py[line:98]                            INFO ----------------

Tue, 09 Dec 2014 13:27:10 demo_at_tsinghua.py[line:113]                            INFO non zero cell num: 2904
Tue, 09 Dec 2014 13:27:10 demo_at_tsinghua.py[line:116]                            INFO computing JPP decomposition...
