Tue, 09 Dec 2014 13:02:47 demo_at_tsinghua.py[line:85]                            INFO non zero cell num: 2085
Tue, 09 Dec 2014 13:02:47 demo_at_tsinghua.py[line:86]                            INFO start nmf:

Tue, 09 Dec 2014 13:03:10 nmf.py[line:109]                            INFO Iter: 1	 Loss: 2088.84732846	 Delta: 997911.152672

Tue, 09 Dec 2014 13:03:33 nmf.py[line:109]                            INFO Iter: 2	 Loss: 1879.12602225	 Delta: 209.721306213

Tue, 09 Dec 2014 13:03:56 nmf.py[line:109]                            INFO Iter: 3	 Loss: 1660.39693884	 Delta: 218.729083409

Tue, 09 Dec 2014 13:04:19 nmf.py[line:109]                            INFO Iter: 4	 Loss: 1207.32863242	 Delta: 453.06830642

Tue, 09 Dec 2014 13:04:43 nmf.py[line:109]                            INFO Iter: 5	 Loss: 743.383394034	 Delta: 463.945238388

Tue, 09 Dec 2014 13:05:06 nmf.py[line:109]                            INFO Iter: 6	 Loss: 485.191561898	 Delta: 258.191832136

Tue, 09 Dec 2014 13:05:29 nmf.py[line:109]                            INFO Iter: 7	 Loss: 349.158180949	 Delta: 136.033380949

Tue, 09 Dec 2014 13:05:52 nmf.py[line:109]                            INFO Iter: 8	 Loss: 267.968604547	 Delta: 81.1895764024

Tue, 09 Dec 2014 13:06:15 nmf.py[line:109]                            INFO Iter: 9	 Loss: 217.356703971	 Delta: 50.6119005759

Tue, 09 Dec 2014 13:06:39 nmf.py[line:109]                            INFO Iter: 10	 Loss: 184.52692958	 Delta: 32.8297743909

Tue, 09 Dec 2014 13:07:01 nmf.py[line:109]                            INFO Iter: 11	 Loss: 161.510174919	 Delta: 23.0167546609

Tue, 09 Dec 2014 13:07:25 nmf.py[line:109]                            INFO Iter: 12	 Loss: 141.914525651	 Delta: 19.5956492681

Tue, 09 Dec 2014 13:07:49 nmf.py[line:109]                            INFO Iter: 13	 Loss: 129.401562169	 Delta: 12.5129634818

Tue, 09 Dec 2014 13:08:13 nmf.py[line:109]                            INFO Iter: 14	 Loss: 119.28561587	 Delta: 10.1159462987

Tue, 09 Dec 2014 13:08:37 nmf.py[line:109]                            INFO Iter: 15	 Loss: 111.675301688	 Delta: 7.61031418242

Tue, 09 Dec 2014 13:09:01 nmf.py[line:109]                            INFO Iter: 16	 Loss: 106.140226396	 Delta: 5.53507529215

Tue, 09 Dec 2014 13:09:24 nmf.py[line:109]                            INFO Iter: 17	 Loss: 101.787192743	 Delta: 4.35303365256

Tue, 09 Dec 2014 13:09:49 nmf.py[line:109]                            INFO Iter: 18	 Loss: 98.4610552949	 Delta: 3.32613744824

Tue, 09 Dec 2014 13:10:13 nmf.py[line:109]                            INFO Iter: 19	 Loss: 95.8402183332	 Delta: 2.62083696165

Tue, 09 Dec 2014 13:10:38 nmf.py[line:109]                            INFO Iter: 20	 Loss: 93.700238533	 Delta: 2.13997980025

Tue, 09 Dec 2014 13:11:01 nmf.py[line:109]                            INFO Iter: 21	 Loss: 91.9267652577	 Delta: 1.77347327524

Tue, 09 Dec 2014 13:11:26 nmf.py[line:109]                            INFO Iter: 22	 Loss: 90.4513216755	 Delta: 1.47544358219

Tue, 09 Dec 2014 13:11:51 nmf.py[line:109]                            INFO Iter: 23	 Loss: 89.2279061325	 Delta: 1.22341554302

Tue, 09 Dec 2014 13:12:15 nmf.py[line:109]                            INFO Iter: 24	 Loss: 88.2149078215	 Delta: 1.01299831098

Tue, 09 Dec 2014 13:12:39 nmf.py[line:109]                            INFO Iter: 25	 Loss: 87.3750622609	 Delta: 0.839845560595

Tue, 09 Dec 2014 13:13:05 nmf.py[line:109]                            INFO Iter: 26	 Loss: 86.6755289371	 Delta: 0.699533323828

Tue, 09 Dec 2014 13:13:32 nmf.py[line:109]                            INFO Iter: 27	 Loss: 86.0863927045	 Delta: 0.589136232639

Tue, 09 Dec 2014 13:13:58 nmf.py[line:109]                            INFO Iter: 28	 Loss: 85.5769168763	 Delta: 0.509475828148

Tue, 09 Dec 2014 13:14:25 nmf.py[line:109]                            INFO Iter: 29	 Loss: 85.114487655	 Delta: 0.46242922132

Tue, 09 Dec 2014 13:14:52 nmf.py[line:109]                            INFO Iter: 30	 Loss: 84.6918023575	 Delta: 0.422685297462

Tue, 09 Dec 2014 13:15:18 nmf.py[line:109]                            INFO Iter: 31	 Loss: 84.3230599706	 Delta: 0.368742386953

Tue, 09 Dec 2014 13:15:42 nmf.py[line:109]                            INFO Iter: 32	 Loss: 83.9940809519	 Delta: 0.328979018737

Tue, 09 Dec 2014 13:16:09 nmf.py[line:109]                            INFO Iter: 33	 Loss: 83.69223058	 Delta: 0.301850371902

Tue, 09 Dec 2014 13:16:36 nmf.py[line:109]                            INFO Iter: 34	 Loss: 83.4085890376	 Delta: 0.283641542321

Tue, 09 Dec 2014 13:17:01 nmf.py[line:109]                            INFO Iter: 35	 Loss: 82.916511172	 Delta: 0.492077865645

Tue, 09 Dec 2014 13:17:27 nmf.py[line:109]                            INFO Iter: 36	 Loss: 82.6233760151	 Delta: 0.293135156857

Tue, 09 Dec 2014 13:17:55 nmf.py[line:109]                            INFO Iter: 37	 Loss: 82.3600881115	 Delta: 0.263287903592

Tue, 09 Dec 2014 13:18:21 nmf.py[line:109]                            INFO Iter: 38	 Loss: 82.1120096053	 Delta: 0.24807850629

Tue, 09 Dec 2014 13:18:47 nmf.py[line:109]                            INFO Iter: 39	 Loss: 81.882433579	 Delta: 0.229576026253

Tue, 09 Dec 2014 13:19:12 nmf.py[line:109]                            INFO Iter: 40	 Loss: 81.6767360784	 Delta: 0.205697500631

Tue, 09 Dec 2014 13:19:39 nmf.py[line:109]                            INFO Iter: 41	 Loss: 81.4974049669	 Delta: 0.179331111493

Tue, 09 Dec 2014 13:20:07 nmf.py[line:109]                            INFO Iter: 42	 Loss: 81.3425243382	 Delta: 0.154880628714

Tue, 09 Dec 2014 13:20:35 nmf.py[line:109]                            INFO Iter: 43	 Loss: 81.206201773	 Delta: 0.136322565183

Tue, 09 Dec 2014 13:21:03 nmf.py[line:109]                            INFO Iter: 44	 Loss: 81.0776805977	 Delta: 0.128521175267

Tue, 09 Dec 2014 13:21:32 nmf.py[line:109]                            INFO Iter: 45	 Loss: 80.9486003743	 Delta: 0.129080223387

Tue, 09 Dec 2014 13:21:59 nmf.py[line:109]                            INFO Iter: 46	 Loss: 80.8294452587	 Delta: 0.119155115587

Tue, 09 Dec 2014 13:22:24 nmf.py[line:109]                            INFO Iter: 47	 Loss: 80.7182300144	 Delta: 0.111215244357

Tue, 09 Dec 2014 13:22:50 nmf.py[line:109]                            INFO Iter: 48	 Loss: 80.6060809346	 Delta: 0.112149079796

Tue, 09 Dec 2014 13:23:17 nmf.py[line:109]                            INFO Iter: 49	 Loss: 80.4500435383	 Delta: 0.15603739632

Tue, 09 Dec 2014 13:23:45 nmf.py[line:109]                            INFO Iter: 50	 Loss: 80.1925209999	 Delta: 0.257522538378

Tue, 09 Dec 2014 13:24:14 nmf.py[line:109]                            INFO Iter: 51	 Loss: 79.8289170882	 Delta: 0.363603911734

Tue, 09 Dec 2014 13:24:43 nmf.py[line:109]                            INFO Iter: 52	 Loss: 79.4047209453	 Delta: 0.424196142817

Tue, 09 Dec 2014 13:25:12 nmf.py[line:109]                            INFO Iter: 53	 Loss: 78.9840591456	 Delta: 0.420661799696

Tue, 09 Dec 2014 13:25:46 nmf.py[line:109]                            INFO Iter: 54	 Loss: 78.5772039389	 Delta: 0.406855206725

Tue, 09 Dec 2014 13:26:21 nmf.py[line:109]                            INFO Iter: 55	 Loss: 78.1917464095	 Delta: 0.385457529415

Tue, 09 Dec 2014 13:26:56 nmf.py[line:109]                            INFO Iter: 56	 Loss: 77.8077862997	 Delta: 0.383960109827

Tue, 09 Dec 2014 13:27:31 nmf.py[line:109]                            INFO Iter: 57	 Loss: 77.499766109	 Delta: 0.30802019063

Tue, 09 Dec 2014 13:28:07 nmf.py[line:109]                            INFO Iter: 58	 Loss: 77.3214370736	 Delta: 0.178329035448

Tue, 09 Dec 2014 13:28:44 nmf.py[line:109]                            INFO Iter: 59	 Loss: 77.2104339841	 Delta: 0.111003089486

Tue, 09 Dec 2014 13:29:21 nmf.py[line:109]                            INFO Iter: 60	 Loss: 77.1222924164	 Delta: 0.088141567663

Tue, 09 Dec 2014 13:29:21 nmf.py[line:113]                            INFO NMF OK
Tue, 09 Dec 2014 13:29:21 demo_at_tsinghua.py[line:96]                            INFO 
=========================

Tue, 09 Dec 2014 13:29:21 demo_at_tsinghua.py[line:97]                            INFO time_step number %i:
2
Tue, 09 Dec 2014 13:29:21 demo_at_tsinghua.py[line:98]                            INFO ----------------

Tue, 09 Dec 2014 13:29:23 demo_at_tsinghua.py[line:113]                            INFO non zero cell num: 2904
Tue, 09 Dec 2014 13:29:23 demo_at_tsinghua.py[line:116]                            INFO computing JPP decomposition...
