Tue, 09 Dec 2014 13:02:47 demo_at_tsinghua.py[line:85]                            INFO non zero cell num: 2085
Tue, 09 Dec 2014 13:02:47 demo_at_tsinghua.py[line:86]                            INFO start nmf:

Tue, 09 Dec 2014 13:03:11 nmf.py[line:109]                            INFO Iter: 1	 Loss: 2088.84036784	 Delta: 997911.159632

Tue, 09 Dec 2014 13:03:34 nmf.py[line:109]                            INFO Iter: 2	 Loss: 1878.50028091	 Delta: 210.340086929

Tue, 09 Dec 2014 13:03:57 nmf.py[line:109]                            INFO Iter: 3	 Loss: 1663.88947699	 Delta: 214.610803923

Tue, 09 Dec 2014 13:04:19 nmf.py[line:109]                            INFO Iter: 4	 Loss: 1226.91332113	 Delta: 436.976155859

Tue, 09 Dec 2014 13:04:43 nmf.py[line:109]                            INFO Iter: 5	 Loss: 803.305282532	 Delta: 423.608038598

Tue, 09 Dec 2014 13:05:07 nmf.py[line:109]                            INFO Iter: 6	 Loss: 535.167008729	 Delta: 268.138273802

Tue, 09 Dec 2014 13:05:30 nmf.py[line:109]                            INFO Iter: 7	 Loss: 385.351384267	 Delta: 149.815624462

Tue, 09 Dec 2014 13:05:54 nmf.py[line:109]                            INFO Iter: 8	 Loss: 290.712964424	 Delta: 94.6384198432

Tue, 09 Dec 2014 13:06:17 nmf.py[line:109]                            INFO Iter: 9	 Loss: 229.500258153	 Delta: 61.2127062715

Tue, 09 Dec 2014 13:06:40 nmf.py[line:109]                            INFO Iter: 10	 Loss: 188.613423981	 Delta: 40.8868341718

Tue, 09 Dec 2014 13:07:04 nmf.py[line:109]                            INFO Iter: 11	 Loss: 159.341799556	 Delta: 29.2716244249

Tue, 09 Dec 2014 13:07:29 nmf.py[line:109]                            INFO Iter: 12	 Loss: 138.095425201	 Delta: 21.2463743554

Tue, 09 Dec 2014 13:07:53 nmf.py[line:109]                            INFO Iter: 13	 Loss: 122.586239361	 Delta: 15.5091858394

Tue, 09 Dec 2014 13:08:18 nmf.py[line:109]                            INFO Iter: 14	 Loss: 111.215639774	 Delta: 11.3705995874

Tue, 09 Dec 2014 13:08:43 nmf.py[line:109]                            INFO Iter: 15	 Loss: 102.8711158	 Delta: 8.34452397376

Tue, 09 Dec 2014 13:09:07 nmf.py[line:109]                            INFO Iter: 16	 Loss: 96.7122039586	 Delta: 6.1589118416

Tue, 09 Dec 2014 13:09:33 nmf.py[line:109]                            INFO Iter: 17	 Loss: 91.8943673552	 Delta: 4.81783660339

Tue, 09 Dec 2014 13:09:56 nmf.py[line:109]                            INFO Iter: 18	 Loss: 88.0797023386	 Delta: 3.81466501655

Tue, 09 Dec 2014 13:10:20 nmf.py[line:109]                            INFO Iter: 19	 Loss: 85.0084790268	 Delta: 3.07122331186

Tue, 09 Dec 2014 13:10:45 nmf.py[line:109]                            INFO Iter: 20	 Loss: 82.5332412648	 Delta: 2.47523776202

Tue, 09 Dec 2014 13:11:08 nmf.py[line:109]                            INFO Iter: 21	 Loss: 80.5689807743	 Delta: 1.96426049049

Tue, 09 Dec 2014 13:11:33 nmf.py[line:109]                            INFO Iter: 22	 Loss: 79.0041566514	 Delta: 1.56482412283

Tue, 09 Dec 2014 13:11:57 nmf.py[line:109]                            INFO Iter: 23	 Loss: 77.7157427548	 Delta: 1.28841389668

Tue, 09 Dec 2014 13:12:21 nmf.py[line:109]                            INFO Iter: 24	 Loss: 76.6256593787	 Delta: 1.09008337605

Tue, 09 Dec 2014 13:12:46 nmf.py[line:109]                            INFO Iter: 25	 Loss: 75.6782156002	 Delta: 0.947443778506

Tue, 09 Dec 2014 13:13:14 nmf.py[line:109]                            INFO Iter: 26	 Loss: 74.8268140429	 Delta: 0.851401557333

Tue, 09 Dec 2014 13:13:41 nmf.py[line:109]                            INFO Iter: 27	 Loss: 74.0245575389	 Delta: 0.802256503979

Tue, 09 Dec 2014 13:14:07 nmf.py[line:109]                            INFO Iter: 28	 Loss: 73.1867078598	 Delta: 0.83784967911

Tue, 09 Dec 2014 13:14:33 nmf.py[line:109]                            INFO Iter: 29	 Loss: 72.3556865765	 Delta: 0.831021283306

Tue, 09 Dec 2014 13:15:00 nmf.py[line:109]                            INFO Iter: 30	 Loss: 71.7222044199	 Delta: 0.633482156602

Tue, 09 Dec 2014 13:15:27 nmf.py[line:109]                            INFO Iter: 31	 Loss: 71.1407629974	 Delta: 0.581441422435

Tue, 09 Dec 2014 13:15:49 nmf.py[line:109]                            INFO Iter: 32	 Loss: 70.577733629	 Delta: 0.563029368425

Tue, 09 Dec 2014 13:16:15 nmf.py[line:109]                            INFO Iter: 33	 Loss: 70.1173535335	 Delta: 0.460380095498

Tue, 09 Dec 2014 13:16:42 nmf.py[line:109]                            INFO Iter: 34	 Loss: 69.7350403143	 Delta: 0.382313219183

Tue, 09 Dec 2014 13:17:09 nmf.py[line:109]                            INFO Iter: 35	 Loss: 69.3884476059	 Delta: 0.346592708389

Tue, 09 Dec 2014 13:17:36 nmf.py[line:109]                            INFO Iter: 36	 Loss: 69.0343067715	 Delta: 0.354140834413

Tue, 09 Dec 2014 13:18:03 nmf.py[line:109]                            INFO Iter: 37	 Loss: 68.7085841885	 Delta: 0.325722582982

Tue, 09 Dec 2014 13:18:30 nmf.py[line:109]                            INFO Iter: 38	 Loss: 68.4555035812	 Delta: 0.253080607322

Tue, 09 Dec 2014 13:18:56 nmf.py[line:109]                            INFO Iter: 39	 Loss: 68.2515132773	 Delta: 0.203990303939

Tue, 09 Dec 2014 13:19:21 nmf.py[line:109]                            INFO Iter: 40	 Loss: 68.0745254084	 Delta: 0.176987868858

Tue, 09 Dec 2014 13:19:49 nmf.py[line:109]                            INFO Iter: 41	 Loss: 67.911945024	 Delta: 0.162580384475

Tue, 09 Dec 2014 13:20:17 nmf.py[line:109]                            INFO Iter: 42	 Loss: 67.7540607335	 Delta: 0.157884290427

Tue, 09 Dec 2014 13:20:46 nmf.py[line:109]                            INFO Iter: 43	 Loss: 67.5843486077	 Delta: 0.169712125874

Tue, 09 Dec 2014 13:21:14 nmf.py[line:109]                            INFO Iter: 44	 Loss: 67.3676339941	 Delta: 0.216714613509

Tue, 09 Dec 2014 13:21:42 nmf.py[line:109]                            INFO Iter: 45	 Loss: 67.0769185961	 Delta: 0.290715398069

Tue, 09 Dec 2014 13:22:08 nmf.py[line:109]                            INFO Iter: 46	 Loss: 66.7943550744	 Delta: 0.282563521722

Tue, 09 Dec 2014 13:22:35 nmf.py[line:109]                            INFO Iter: 47	 Loss: 66.5836708417	 Delta: 0.210684232646

Tue, 09 Dec 2014 13:23:02 nmf.py[line:109]                            INFO Iter: 48	 Loss: 66.4025395265	 Delta: 0.181131315194

Tue, 09 Dec 2014 13:23:30 nmf.py[line:109]                            INFO Iter: 49	 Loss: 66.216641625	 Delta: 0.185897901515

Tue, 09 Dec 2014 13:23:58 nmf.py[line:109]                            INFO Iter: 50	 Loss: 66.0073842062	 Delta: 0.209257418806

Tue, 09 Dec 2014 13:24:27 nmf.py[line:109]                            INFO Iter: 51	 Loss: 65.7748788346	 Delta: 0.232505371571

Tue, 09 Dec 2014 13:24:55 nmf.py[line:109]                            INFO Iter: 52	 Loss: 65.5434613136	 Delta: 0.231417520993

Tue, 09 Dec 2014 13:25:29 nmf.py[line:109]                            INFO Iter: 53	 Loss: 65.3383823559	 Delta: 0.205078957719

Tue, 09 Dec 2014 13:26:03 nmf.py[line:109]                            INFO Iter: 54	 Loss: 65.1600097184	 Delta: 0.178372637489

Tue, 09 Dec 2014 13:26:40 nmf.py[line:109]                            INFO Iter: 55	 Loss: 64.9974553714	 Delta: 0.162554346974

Tue, 09 Dec 2014 13:27:15 nmf.py[line:109]                            INFO Iter: 56	 Loss: 64.8437731995	 Delta: 0.15368217192

Tue, 09 Dec 2014 13:27:50 nmf.py[line:109]                            INFO Iter: 57	 Loss: 64.6974540154	 Delta: 0.146319184087

Tue, 09 Dec 2014 13:28:27 nmf.py[line:109]                            INFO Iter: 58	 Loss: 64.5599746496	 Delta: 0.137479365838

Tue, 09 Dec 2014 13:29:03 nmf.py[line:109]                            INFO Iter: 59	 Loss: 64.433278026	 Delta: 0.1266966236

Tue, 09 Dec 2014 13:29:40 nmf.py[line:109]                            INFO Iter: 60	 Loss: 64.3182510717	 Delta: 0.115026954319

Tue, 09 Dec 2014 13:30:15 nmf.py[line:109]                            INFO Iter: 61	 Loss: 64.2145410336	 Delta: 0.103710038041

Tue, 09 Dec 2014 13:30:50 nmf.py[line:109]                            INFO Iter: 62	 Loss: 64.1210896303	 Delta: 0.0934514033156

Tue, 09 Dec 2014 13:30:50 nmf.py[line:113]                            INFO NMF OK
Tue, 09 Dec 2014 13:30:50 demo_at_tsinghua.py[line:96]                            INFO 
=========================

Tue, 09 Dec 2014 13:30:50 demo_at_tsinghua.py[line:97]                            INFO time_step number %i:
2
Tue, 09 Dec 2014 13:30:50 demo_at_tsinghua.py[line:98]                            INFO ----------------

Tue, 09 Dec 2014 13:30:52 demo_at_tsinghua.py[line:113]                            INFO non zero cell num: 2904
Tue, 09 Dec 2014 13:30:52 demo_at_tsinghua.py[line:116]                            INFO computing JPP decomposition...
