Sun, 21 Dec 2014 10:47:16 demo_at_tsinghua_filter_by_10.py[line:82]                            INFO user num: 3431

Sun, 21 Dec 2014 10:47:16 demo_at_tsinghua_filter_by_10.py[line:83]                            INFO doc num: 7710

Sun, 21 Dec 2014 10:47:16 demo_at_tsinghua_filter_by_10.py[line:84]                            INFO time step num: 20

Sun, 21 Dec 2014 10:47:16 demo_at_tsinghua_filter_by_10.py[line:91]                            INFO non zero cell num: 1338
Sun, 21 Dec 2014 10:47:16 demo_at_tsinghua_filter_by_10.py[line:92]                            INFO start nmf:

Sun, 21 Dec 2014 10:47:22 nmf.py[line:109]                            INFO Iter: 1	 Loss: 1341.51482002	 Delta: 998658.48518

Sun, 21 Dec 2014 10:47:28 nmf.py[line:109]                            INFO Iter: 2	 Loss: 1198.46544709	 Delta: 143.049372928

Sun, 21 Dec 2014 10:47:34 nmf.py[line:109]                            INFO Iter: 3	 Loss: 1059.83836032	 Delta: 138.627086767

Sun, 21 Dec 2014 10:47:40 nmf.py[line:109]                            INFO Iter: 4	 Loss: 864.36568311	 Delta: 195.472677214

Sun, 21 Dec 2014 10:47:46 nmf.py[line:109]                            INFO Iter: 5	 Loss: 703.358938975	 Delta: 161.006744135

Sun, 21 Dec 2014 10:47:52 nmf.py[line:109]                            INFO Iter: 6	 Loss: 585.188645015	 Delta: 118.17029396

Sun, 21 Dec 2014 10:47:59 nmf.py[line:109]                            INFO Iter: 7	 Loss: 490.895519842	 Delta: 94.2931251735

Sun, 21 Dec 2014 10:48:06 nmf.py[line:109]                            INFO Iter: 8	 Loss: 428.092166032	 Delta: 62.8033538096

Sun, 21 Dec 2014 10:48:12 nmf.py[line:109]                            INFO Iter: 9	 Loss: 384.42750365	 Delta: 43.6646623814

Sun, 21 Dec 2014 10:48:18 nmf.py[line:109]                            INFO Iter: 10	 Loss: 349.840428569	 Delta: 34.5870750814

Sun, 21 Dec 2014 10:48:23 nmf.py[line:109]                            INFO Iter: 11	 Loss: 324.230457958	 Delta: 25.6099706106

Sun, 21 Dec 2014 10:48:30 nmf.py[line:109]                            INFO Iter: 12	 Loss: 302.41830545	 Delta: 21.8121525085

Sun, 21 Dec 2014 10:48:36 nmf.py[line:109]                            INFO Iter: 13	 Loss: 284.215602755	 Delta: 18.2027026946

Sun, 21 Dec 2014 10:48:41 nmf.py[line:109]                            INFO Iter: 14	 Loss: 268.647213572	 Delta: 15.5683891831

Sun, 21 Dec 2014 10:48:47 nmf.py[line:109]                            INFO Iter: 15	 Loss: 256.109414857	 Delta: 12.5377987156

Sun, 21 Dec 2014 10:48:53 nmf.py[line:109]                            INFO Iter: 16	 Loss: 245.697986016	 Delta: 10.4114288408

Sun, 21 Dec 2014 10:49:00 nmf.py[line:109]                            INFO Iter: 17	 Loss: 236.683902762	 Delta: 9.01408325348

Sun, 21 Dec 2014 10:49:07 nmf.py[line:109]                            INFO Iter: 18	 Loss: 229.456367942	 Delta: 7.22753482034

Sun, 21 Dec 2014 10:49:13 nmf.py[line:109]                            INFO Iter: 19	 Loss: 223.504974842	 Delta: 5.95139309999

Sun, 21 Dec 2014 10:49:19 nmf.py[line:109]                            INFO Iter: 20	 Loss: 218.512294249	 Delta: 4.99268059316

Sun, 21 Dec 2014 10:49:24 nmf.py[line:109]                            INFO Iter: 21	 Loss: 214.418700941	 Delta: 4.09359330798

Sun, 21 Dec 2014 10:49:30 nmf.py[line:109]                            INFO Iter: 22	 Loss: 210.908907147	 Delta: 3.50979379349

Sun, 21 Dec 2014 10:49:36 nmf.py[line:109]                            INFO Iter: 23	 Loss: 208.033645214	 Delta: 2.87526193336

Sun, 21 Dec 2014 10:49:43 nmf.py[line:109]                            INFO Iter: 24	 Loss: 205.659947387	 Delta: 2.37369782728

Sun, 21 Dec 2014 10:49:49 nmf.py[line:109]                            INFO Iter: 25	 Loss: 203.619450677	 Delta: 2.04049670983

Sun, 21 Dec 2014 10:49:55 nmf.py[line:109]                            INFO Iter: 26	 Loss: 201.654309566	 Delta: 1.96514111121

Sun, 21 Dec 2014 10:50:01 nmf.py[line:109]                            INFO Iter: 27	 Loss: 199.210700639	 Delta: 2.44360892675

Sun, 21 Dec 2014 10:50:07 nmf.py[line:109]                            INFO Iter: 28	 Loss: 197.20161473	 Delta: 2.00908590905

Sun, 21 Dec 2014 10:50:14 nmf.py[line:109]                            INFO Iter: 29	 Loss: 195.835482551	 Delta: 1.3661321791

Sun, 21 Dec 2014 10:50:19 nmf.py[line:109]                            INFO Iter: 30	 Loss: 194.655368972	 Delta: 1.1801135783

Sun, 21 Dec 2014 10:50:25 nmf.py[line:109]                            INFO Iter: 31	 Loss: 193.388721582	 Delta: 1.26664739015

Sun, 21 Dec 2014 10:50:31 nmf.py[line:109]                            INFO Iter: 32	 Loss: 191.870072127	 Delta: 1.51864945513

Sun, 21 Dec 2014 10:50:37 nmf.py[line:109]                            INFO Iter: 33	 Loss: 190.360865663	 Delta: 1.5092064646

Sun, 21 Dec 2014 10:50:43 nmf.py[line:109]                            INFO Iter: 34	 Loss: 189.292078786	 Delta: 1.0687868768

Sun, 21 Dec 2014 10:50:50 nmf.py[line:109]                            INFO Iter: 35	 Loss: 188.542378272	 Delta: 0.7497005134

Sun, 21 Dec 2014 10:50:50 nmf.py[line:113]                            INFO NMF OK
Sun, 21 Dec 2014 10:50:50 demo_at_tsinghua_filter_by_10.py[line:102]                            INFO 
=========================

Sun, 21 Dec 2014 10:50:50 demo_at_tsinghua_filter_by_10.py[line:103]                            INFO time_step number %i:	2
Sun, 21 Dec 2014 10:50:50 demo_at_tsinghua_filter_by_10.py[line:104]                            INFO ----------------

Sun, 21 Dec 2014 10:50:51 demo_at_tsinghua_filter_by_10.py[line:119]                            INFO non zero cell num: 1665
Sun, 21 Dec 2014 10:50:51 demo_at_tsinghua_filter_by_10.py[line:122]                            INFO computing JPP decomposition...
Sun, 21 Dec 2014 10:53:01 JPPCF.py[line:86]                            INFO Iter: 1	 Loss: 3497.87051218	 Delta: 996502.129488

Sun, 21 Dec 2014 10:55:12 JPPCF.py[line:86]                            INFO Iter: 2	 Loss: 3487.86318271	 Delta: 10.0073294705

Sun, 21 Dec 2014 10:57:39 JPPCF.py[line:86]                            INFO Iter: 3	 Loss: 3029.73637265	 Delta: 458.12681006

Sun, 21 Dec 2014 11:00:59 JPPCF.py[line:86]                            INFO Iter: 4	 Loss: 2600.97439428	 Delta: 428.76197837

Sun, 21 Dec 2014 11:04:22 JPPCF.py[line:86]                            INFO Iter: 5	 Loss: 2239.28543129	 Delta: 361.688962988

Sun, 21 Dec 2014 11:07:27 JPPCF.py[line:86]                            INFO Iter: 6	 Loss: 1976.40024677	 Delta: 262.885184524

Sun, 21 Dec 2014 11:10:23 JPPCF.py[line:86]                            INFO Iter: 7	 Loss: 1756.09143616	 Delta: 220.308810609

Sun, 21 Dec 2014 11:13:31 JPPCF.py[line:86]                            INFO Iter: 8	 Loss: 1604.45213352	 Delta: 151.639302639

Sun, 21 Dec 2014 11:16:28 JPPCF.py[line:86]                            INFO Iter: 9	 Loss: 1497.28062964	 Delta: 107.171503879

Sun, 21 Dec 2014 11:19:29 JPPCF.py[line:86]                            INFO Iter: 10	 Loss: 1415.12514166	 Delta: 82.1554879822

Sun, 21 Dec 2014 11:22:34 JPPCF.py[line:86]                            INFO Iter: 11	 Loss: 1353.34219117	 Delta: 61.7829504937

Sun, 21 Dec 2014 11:25:37 JPPCF.py[line:86]                            INFO Iter: 12	 Loss: 1308.49482073	 Delta: 44.8473704429

Sun, 21 Dec 2014 11:28:28 JPPCF.py[line:86]                            INFO Iter: 13	 Loss: 1271.26225276	 Delta: 37.2325679623

Sun, 21 Dec 2014 11:31:21 JPPCF.py[line:86]                            INFO Iter: 14	 Loss: 1234.27938428	 Delta: 36.9828684807

Sun, 21 Dec 2014 11:34:23 JPPCF.py[line:86]                            INFO Iter: 15	 Loss: 1202.3616339	 Delta: 31.9177503837

Sun, 21 Dec 2014 11:37:20 JPPCF.py[line:86]                            INFO Iter: 16	 Loss: 1176.19418033	 Delta: 26.1674535642

Sun, 21 Dec 2014 11:39:55 JPPCF.py[line:86]                            INFO Iter: 17	 Loss: 1152.64783014	 Delta: 23.5463501936

Sun, 21 Dec 2014 11:42:51 JPPCF.py[line:86]                            INFO Iter: 18	 Loss: 1136.27640465	 Delta: 16.3714254929

Sun, 21 Dec 2014 11:45:33 JPPCF.py[line:86]                            INFO Iter: 19	 Loss: 1123.51500518	 Delta: 12.7613994694

Sun, 21 Dec 2014 11:48:13 JPPCF.py[line:86]                            INFO Iter: 20	 Loss: 1109.80921301	 Delta: 13.7057921665

Sun, 21 Dec 2014 11:51:04 JPPCF.py[line:86]                            INFO Iter: 21	 Loss: 1096.02754752	 Delta: 13.7816654936

Sun, 21 Dec 2014 11:53:39 JPPCF.py[line:86]                            INFO Iter: 22	 Loss: 1081.86612796	 Delta: 14.161419559

Sun, 21 Dec 2014 11:56:03 JPPCF.py[line:86]                            INFO Iter: 23	 Loss: 1070.30033155	 Delta: 11.5657964061

Sun, 21 Dec 2014 11:58:35 JPPCF.py[line:86]                            INFO Iter: 24	 Loss: 1062.40473513	 Delta: 7.89559641956

Sun, 21 Dec 2014 12:00:59 JPPCF.py[line:86]                            INFO Iter: 25	 Loss: 1054.66303329	 Delta: 7.74170184426

Sun, 21 Dec 2014 12:03:22 JPPCF.py[line:86]                            INFO Iter: 26	 Loss: 1047.98039322	 Delta: 6.68264007388

Sun, 21 Dec 2014 12:06:03 JPPCF.py[line:86]                            INFO Iter: 27	 Loss: 1040.40075707	 Delta: 7.57963614884

Sun, 21 Dec 2014 12:08:12 JPPCF.py[line:86]                            INFO Iter: 28	 Loss: 1033.81180739	 Delta: 6.58894968096

Sun, 21 Dec 2014 12:10:48 JPPCF.py[line:86]                            INFO Iter: 29	 Loss: 1029.3787096	 Delta: 4.43309778546

Sun, 21 Dec 2014 12:13:22 JPPCF.py[line:86]                            INFO Iter: 30	 Loss: 1026.74084589	 Delta: 2.63786370822

Sun, 21 Dec 2014 12:15:55 JPPCF.py[line:86]                            INFO Iter: 31	 Loss: 1024.9798092	 Delta: 1.76103669433

Sun, 21 Dec 2014 12:18:37 JPPCF.py[line:86]                            INFO Iter: 32	 Loss: 1023.43286559	 Delta: 1.54694360605

Sun, 21 Dec 2014 12:21:12 JPPCF.py[line:86]                            INFO Iter: 33	 Loss: 1020.73396285	 Delta: 2.6989027435

Sun, 21 Dec 2014 12:23:40 JPPCF.py[line:86]                            INFO Iter: 34	 Loss: 1017.85996838	 Delta: 2.87399446872

Sun, 21 Dec 2014 12:26:01 JPPCF.py[line:86]                            INFO Iter: 35	 Loss: 1015.14565717	 Delta: 2.71431121238

Sun, 21 Dec 2014 12:28:27 JPPCF.py[line:86]                            INFO Iter: 36	 Loss: 1011.57056427	 Delta: 3.57509289545

Sun, 21 Dec 2014 12:30:33 JPPCF.py[line:86]                            INFO Iter: 37	 Loss: 1007.61322486	 Delta: 3.95733941281

Sun, 21 Dec 2014 12:32:50 JPPCF.py[line:86]                            INFO Iter: 38	 Loss: 1003.20560312	 Delta: 4.40762173969

Sun, 21 Dec 2014 12:35:14 JPPCF.py[line:86]                            INFO Iter: 39	 Loss: 999.390491676	 Delta: 3.81511144368

Sun, 21 Dec 2014 12:37:35 JPPCF.py[line:86]                            INFO Iter: 40	 Loss: 996.679902819	 Delta: 2.7105888569

Sun, 21 Dec 2014 12:40:08 JPPCF.py[line:86]                            INFO Iter: 41	 Loss: 993.611518864	 Delta: 3.06838395449

Sun, 21 Dec 2014 12:42:18 JPPCF.py[line:86]                            INFO Iter: 42	 Loss: 990.137001598	 Delta: 3.47451726664

Sun, 21 Dec 2014 12:44:39 JPPCF.py[line:86]                            INFO Iter: 43	 Loss: 987.474637717	 Delta: 2.66236388051

Sun, 21 Dec 2014 12:46:57 JPPCF.py[line:86]                            INFO Iter: 44	 Loss: 984.99523003	 Delta: 2.47940768746

Sun, 21 Dec 2014 12:48:57 JPPCF.py[line:86]                            INFO Iter: 45	 Loss: 981.757196173	 Delta: 3.23803385658

Sun, 21 Dec 2014 12:50:51 JPPCF.py[line:86]                            INFO Iter: 46	 Loss: 979.01756296	 Delta: 2.73963321276

Sun, 21 Dec 2014 12:52:45 JPPCF.py[line:86]                            INFO Iter: 47	 Loss: 976.897079624	 Delta: 2.12048333609

Sun, 21 Dec 2014 12:54:42 JPPCF.py[line:86]                            INFO Iter: 48	 Loss: 973.179244429	 Delta: 3.71783519473

Sun, 21 Dec 2014 12:56:39 JPPCF.py[line:86]                            INFO Iter: 49	 Loss: 969.588123295	 Delta: 3.59112113457

Sun, 21 Dec 2014 12:58:33 JPPCF.py[line:86]                            INFO Iter: 50	 Loss: 966.786381379	 Delta: 2.80174191565

Sun, 21 Dec 2014 13:00:29 JPPCF.py[line:86]                            INFO Iter: 51	 Loss: 964.276597472	 Delta: 2.50978390698

Sun, 21 Dec 2014 13:02:24 JPPCF.py[line:86]                            INFO Iter: 52	 Loss: 961.79439527	 Delta: 2.48220220233

Sun, 21 Dec 2014 13:04:25 JPPCF.py[line:86]                            INFO Iter: 53	 Loss: 959.81717132	 Delta: 1.97722395035

Sun, 21 Dec 2014 13:06:21 JPPCF.py[line:86]                            INFO Iter: 54	 Loss: 958.438281282	 Delta: 1.37889003796

Sun, 21 Dec 2014 13:08:16 JPPCF.py[line:86]                            INFO Iter: 55	 Loss: 957.260296975	 Delta: 1.17798430693

Sun, 21 Dec 2014 13:10:10 JPPCF.py[line:86]                            INFO Iter: 56	 Loss: 955.774465489	 Delta: 1.48583148517

Sun, 21 Dec 2014 13:12:09 JPPCF.py[line:86]                            INFO Iter: 57	 Loss: 953.034036219	 Delta: 2.74042927059

Sun, 21 Dec 2014 13:14:05 JPPCF.py[line:86]                            INFO Iter: 58	 Loss: 948.618629482	 Delta: 4.4154067373

Sun, 21 Dec 2014 13:16:02 JPPCF.py[line:86]                            INFO Iter: 59	 Loss: 945.075000805	 Delta: 3.54362867679

Sun, 21 Dec 2014 13:17:59 JPPCF.py[line:86]                            INFO Iter: 60	 Loss: 943.241172968	 Delta: 1.83382783632

Sun, 21 Dec 2014 13:19:54 JPPCF.py[line:86]                            INFO Iter: 61	 Loss: 941.73945687	 Delta: 1.50171609805

Sun, 21 Dec 2014 13:21:49 JPPCF.py[line:86]                            INFO Iter: 62	 Loss: 940.820588174	 Delta: 0.918868696511

Sun, 21 Dec 2014 13:21:49 JPPCF.py[line:88]                            INFO JPPCF OK

Sun, 21 Dec 2014 13:21:50 demo_at_tsinghua_filter_by_10.py[line:128]                            INFO [ok]
computing t-model NMF decomposition...
Sun, 21 Dec 2014 13:21:56 nmf.py[line:109]                            INFO Iter: 1	 Loss: 1667.99392947	 Delta: 998332.006071

Sun, 21 Dec 2014 13:22:01 nmf.py[line:109]                            INFO Iter: 2	 Loss: 1610.20924514	 Delta: 57.7846843304

Sun, 21 Dec 2014 13:22:07 nmf.py[line:109]                            INFO Iter: 3	 Loss: 1444.9321601	 Delta: 165.277085044

Sun, 21 Dec 2014 13:22:13 nmf.py[line:109]                            INFO Iter: 4	 Loss: 1175.32551998	 Delta: 269.606640121

Sun, 21 Dec 2014 13:22:18 nmf.py[line:109]                            INFO Iter: 5	 Loss: 976.790507514	 Delta: 198.535012464

Sun, 21 Dec 2014 13:22:24 nmf.py[line:109]                            INFO Iter: 6	 Loss: 878.321393374	 Delta: 98.4691141393

Sun, 21 Dec 2014 13:22:30 nmf.py[line:109]                            INFO Iter: 7	 Loss: 802.415387946	 Delta: 75.9060054278

Sun, 21 Dec 2014 13:22:36 nmf.py[line:109]                            INFO Iter: 8	 Loss: 740.793020469	 Delta: 61.6223674774

Sun, 21 Dec 2014 13:22:41 nmf.py[line:109]                            INFO Iter: 9	 Loss: 689.060280221	 Delta: 51.7327402478

Sun, 21 Dec 2014 13:22:47 nmf.py[line:109]                            INFO Iter: 10	 Loss: 648.092972984	 Delta: 40.967307237

Sun, 21 Dec 2014 13:22:53 nmf.py[line:109]                            INFO Iter: 11	 Loss: 616.73525565	 Delta: 31.3577173346

Sun, 21 Dec 2014 13:22:59 nmf.py[line:109]                            INFO Iter: 12	 Loss: 591.966951523	 Delta: 24.7683041271

Sun, 21 Dec 2014 13:23:05 nmf.py[line:109]                            INFO Iter: 13	 Loss: 572.265050074	 Delta: 19.701901449

Sun, 21 Dec 2014 13:23:11 nmf.py[line:109]                            INFO Iter: 14	 Loss: 557.179842178	 Delta: 15.0852078957

Sun, 21 Dec 2014 13:23:17 nmf.py[line:109]                            INFO Iter: 15	 Loss: 544.949557911	 Delta: 12.2302842674

Sun, 21 Dec 2014 13:23:23 nmf.py[line:109]                            INFO Iter: 16	 Loss: 535.18435297	 Delta: 9.76520494046

Sun, 21 Dec 2014 13:23:29 nmf.py[line:109]                            INFO Iter: 17	 Loss: 528.423394866	 Delta: 6.76095810417

Sun, 21 Dec 2014 13:23:34 nmf.py[line:109]                            INFO Iter: 18	 Loss: 523.711053414	 Delta: 4.71234145205

Sun, 21 Dec 2014 13:23:40 nmf.py[line:109]                            INFO Iter: 19	 Loss: 519.929566008	 Delta: 3.7814874057

Sun, 21 Dec 2014 13:23:46 nmf.py[line:109]                            INFO Iter: 20	 Loss: 516.646109133	 Delta: 3.28345687513

Sun, 21 Dec 2014 13:23:52 nmf.py[line:109]                            INFO Iter: 21	 Loss: 513.773236547	 Delta: 2.87287258616

Sun, 21 Dec 2014 13:23:57 nmf.py[line:109]                            INFO Iter: 22	 Loss: 511.078268415	 Delta: 2.69496813185

Sun, 21 Dec 2014 13:24:03 nmf.py[line:109]                            INFO Iter: 23	 Loss: 508.407228391	 Delta: 2.67104002441

Sun, 21 Dec 2014 13:24:09 nmf.py[line:109]                            INFO Iter: 24	 Loss: 505.519332838	 Delta: 2.88789555233

Sun, 21 Dec 2014 13:24:15 nmf.py[line:109]                            INFO Iter: 25	 Loss: 502.582846871	 Delta: 2.93648596735

Sun, 21 Dec 2014 13:24:21 nmf.py[line:109]                            INFO Iter: 26	 Loss: 500.051632387	 Delta: 2.53121448413

Sun, 21 Dec 2014 13:24:27 nmf.py[line:109]                            INFO Iter: 27	 Loss: 497.764135798	 Delta: 2.28749658915

Sun, 21 Dec 2014 13:24:32 nmf.py[line:109]                            INFO Iter: 28	 Loss: 495.649634063	 Delta: 2.11450173466

Sun, 21 Dec 2014 13:24:38 nmf.py[line:109]                            INFO Iter: 29	 Loss: 493.897760317	 Delta: 1.75187374571

Sun, 21 Dec 2014 13:24:43 nmf.py[line:109]                            INFO Iter: 30	 Loss: 492.582460536	 Delta: 1.31529978152

Sun, 21 Dec 2014 13:24:48 nmf.py[line:109]                            INFO Iter: 31	 Loss: 491.587884409	 Delta: 0.994576127121

Sun, 21 Dec 2014 13:24:48 nmf.py[line:113]                            INFO NMF OK
Sun, 21 Dec 2014 13:24:50 demo_at_tsinghua_filter_by_10.py[line:134]                            INFO [ok]
computing fix_model NMF decomposition...
Sun, 21 Dec 2014 13:24:51 demo_at_tsinghua_filter_by_10.py[line:142]                            INFO non zero cell num: 1665
Sun, 21 Dec 2014 13:24:56 nmf.py[line:109]                            INFO Iter: 1	 Loss: 1667.99634286	 Delta: 998332.003657

Sun, 21 Dec 2014 13:25:02 nmf.py[line:109]                            INFO Iter: 2	 Loss: 1609.46256835	 Delta: 58.5337745083

Sun, 21 Dec 2014 13:25:08 nmf.py[line:109]                            INFO Iter: 3	 Loss: 1461.39487492	 Delta: 148.067693437

Sun, 21 Dec 2014 13:25:13 nmf.py[line:109]                            INFO Iter: 4	 Loss: 1178.64194903	 Delta: 282.752925891

Sun, 21 Dec 2014 13:25:19 nmf.py[line:109]                            INFO Iter: 5	 Loss: 949.612172684	 Delta: 229.029776341

Sun, 21 Dec 2014 13:25:24 nmf.py[line:109]                            INFO Iter: 6	 Loss: 821.346554174	 Delta: 128.26561851

Sun, 21 Dec 2014 13:25:30 nmf.py[line:109]                            INFO Iter: 7	 Loss: 740.472141789	 Delta: 80.8744123851

Sun, 21 Dec 2014 13:25:35 nmf.py[line:109]                            INFO Iter: 8	 Loss: 685.407645261	 Delta: 55.0644965284

Sun, 21 Dec 2014 13:25:40 nmf.py[line:109]                            INFO Iter: 9	 Loss: 646.47245576	 Delta: 38.935189501

Sun, 21 Dec 2014 13:25:46 nmf.py[line:109]                            INFO Iter: 10	 Loss: 617.693227492	 Delta: 28.7792282674

Sun, 21 Dec 2014 13:25:52 nmf.py[line:109]                            INFO Iter: 11	 Loss: 592.095350243	 Delta: 25.597877249

Sun, 21 Dec 2014 13:25:57 nmf.py[line:109]                            INFO Iter: 12	 Loss: 570.247724248	 Delta: 21.8476259954

Sun, 21 Dec 2014 13:26:03 nmf.py[line:109]                            INFO Iter: 13	 Loss: 553.297639785	 Delta: 16.9500844626

Sun, 21 Dec 2014 13:26:09 nmf.py[line:109]                            INFO Iter: 14	 Loss: 539.02178817	 Delta: 14.2758516153

Sun, 21 Dec 2014 13:26:14 nmf.py[line:109]                            INFO Iter: 15	 Loss: 525.725160562	 Delta: 13.2966276078

Sun, 21 Dec 2014 13:26:20 nmf.py[line:109]                            INFO Iter: 16	 Loss: 517.555638581	 Delta: 8.16952198064

Sun, 21 Dec 2014 13:26:26 nmf.py[line:109]                            INFO Iter: 17	 Loss: 512.622302768	 Delta: 4.93333581339

Sun, 21 Dec 2014 13:26:32 nmf.py[line:109]                            INFO Iter: 18	 Loss: 508.850614737	 Delta: 3.77168803107

Sun, 21 Dec 2014 13:26:38 nmf.py[line:109]                            INFO Iter: 19	 Loss: 506.313876955	 Delta: 2.53673778169

Sun, 21 Dec 2014 13:26:43 nmf.py[line:109]                            INFO Iter: 20	 Loss: 504.50664433	 Delta: 1.80723262546

Sun, 21 Dec 2014 13:26:48 nmf.py[line:109]                            INFO Iter: 21	 Loss: 503.481695456	 Delta: 1.02494887376

Sun, 21 Dec 2014 13:26:54 nmf.py[line:109]                            INFO Iter: 22	 Loss: 502.699239891	 Delta: 0.782455564482

Sun, 21 Dec 2014 13:26:54 nmf.py[line:113]                            INFO NMF OK
Sun, 21 Dec 2014 13:26:55 demo_at_tsinghua_filter_by_10.py[line:148]                            INFO [ok]

Sun, 21 Dec 2014 13:26:55 demo_at_tsinghua_filter_by_10.py[line:150]                            INFO 	 fold_id:0

Sun, 21 Dec 2014 13:26:55 demo_at_tsinghua_filter_by_10.py[line:152]                            INFO 	recall at 10:
Sun, 21 Dec 2014 13:27:16 demo_at_tsinghua_filter_by_10.py[line:177]                            INFO 		t-model NMF :  0.272602374283

Sun, 21 Dec 2014 13:27:16 demo_at_tsinghua_filter_by_10.py[line:178]                            INFO 		f-model NMF :  0.312058156596

Sun, 21 Dec 2014 13:27:16 demo_at_tsinghua_filter_by_10.py[line:179]                            INFO 		JPPCF :  0.295091369881

Sun, 21 Dec 2014 13:27:16 demo_at_tsinghua_filter_by_10.py[line:152]                            INFO 	recall at 50:
Sun, 21 Dec 2014 13:27:36 demo_at_tsinghua_filter_by_10.py[line:177]                            INFO 		t-model NMF :  0.552150860344

Sun, 21 Dec 2014 13:27:36 demo_at_tsinghua_filter_by_10.py[line:178]                            INFO 		f-model NMF :  0.536197812458

Sun, 21 Dec 2014 13:27:36 demo_at_tsinghua_filter_by_10.py[line:179]                            INFO 		JPPCF :  0.521351874083

Sun, 21 Dec 2014 13:27:36 demo_at_tsinghua_filter_by_10.py[line:152]                            INFO 	recall at 100:
Sun, 21 Dec 2014 13:27:54 demo_at_tsinghua_filter_by_10.py[line:177]                            INFO 		t-model NMF :  0.663622115513

Sun, 21 Dec 2014 13:27:54 demo_at_tsinghua_filter_by_10.py[line:178]                            INFO 		f-model NMF :  0.656339202348

Sun, 21 Dec 2014 13:27:54 demo_at_tsinghua_filter_by_10.py[line:179]                            INFO 		JPPCF :  0.670584900627

Sun, 21 Dec 2014 13:27:54 demo_at_tsinghua_filter_by_10.py[line:152]                            INFO 	recall at 300:
Sun, 21 Dec 2014 13:28:14 demo_at_tsinghua_filter_by_10.py[line:177]                            INFO 		t-model NMF :  0.850806989462

Sun, 21 Dec 2014 13:28:14 demo_at_tsinghua_filter_by_10.py[line:178]                            INFO 		f-model NMF :  0.823262638389

Sun, 21 Dec 2014 13:28:14 demo_at_tsinghua_filter_by_10.py[line:179]                            INFO 		JPPCF :  0.808860210751

Sun, 21 Dec 2014 13:28:14 demo_at_tsinghua_filter_by_10.py[line:152]                            INFO 	recall at 500:
Sun, 21 Dec 2014 13:28:34 demo_at_tsinghua_filter_by_10.py[line:177]                            INFO 		t-model NMF :  0.886204481793

Sun, 21 Dec 2014 13:28:34 demo_at_tsinghua_filter_by_10.py[line:178]                            INFO 		f-model NMF :  0.872198879552

Sun, 21 Dec 2014 13:28:34 demo_at_tsinghua_filter_by_10.py[line:179]                            INFO 		JPPCF :  0.861811391223

Sun, 21 Dec 2014 13:28:34 demo_at_tsinghua_filter_by_10.py[line:152]                            INFO 	recall at 1000:
Sun, 21 Dec 2014 13:28:55 demo_at_tsinghua_filter_by_10.py[line:177]                            INFO 		t-model NMF :  0.901960784314

Sun, 21 Dec 2014 13:28:55 demo_at_tsinghua_filter_by_10.py[line:178]                            INFO 		f-model NMF :  0.90756302521

Sun, 21 Dec 2014 13:28:55 demo_at_tsinghua_filter_by_10.py[line:179]                            INFO 		JPPCF :  0.927170868347

Sun, 21 Dec 2014 13:28:55 demo_at_tsinghua_filter_by_10.py[line:181]                            INFO current_time_step: 2

Sun, 21 Dec 2014 13:28:55 demo_at_tsinghua_filter_by_10.py[line:184]                            INFO 	recall at 10:
Sun, 21 Dec 2014 13:28:55 demo_at_tsinghua_filter_by_10.py[line:188]                            INFO 		avg t-model NMF :  0.272602374283

Sun, 21 Dec 2014 13:28:55 demo_at_tsinghua_filter_by_10.py[line:189]                            INFO 		avg f-model NMF :  0.312058156596

Sun, 21 Dec 2014 13:28:55 demo_at_tsinghua_filter_by_10.py[line:190]                            INFO 		avg JPPCF :  0.295091369881

Sun, 21 Dec 2014 13:28:55 demo_at_tsinghua_filter_by_10.py[line:184]                            INFO 	recall at 50:
Sun, 21 Dec 2014 13:28:55 demo_at_tsinghua_filter_by_10.py[line:188]                            INFO 		avg t-model NMF :  0.552150860344

Sun, 21 Dec 2014 13:28:55 demo_at_tsinghua_filter_by_10.py[line:189]                            INFO 		avg f-model NMF :  0.536197812458

Sun, 21 Dec 2014 13:28:55 demo_at_tsinghua_filter_by_10.py[line:190]                            INFO 		avg JPPCF :  0.521351874083

Sun, 21 Dec 2014 13:28:55 demo_at_tsinghua_filter_by_10.py[line:184]                            INFO 	recall at 100:
Sun, 21 Dec 2014 13:28:55 demo_at_tsinghua_filter_by_10.py[line:188]                            INFO 		avg t-model NMF :  0.663622115513

Sun, 21 Dec 2014 13:28:55 demo_at_tsinghua_filter_by_10.py[line:189]                            INFO 		avg f-model NMF :  0.656339202348

Sun, 21 Dec 2014 13:28:55 demo_at_tsinghua_filter_by_10.py[line:190]                            INFO 		avg JPPCF :  0.670584900627

Sun, 21 Dec 2014 13:28:55 demo_at_tsinghua_filter_by_10.py[line:184]                            INFO 	recall at 300:
Sun, 21 Dec 2014 13:28:55 demo_at_tsinghua_filter_by_10.py[line:188]                            INFO 		avg t-model NMF :  0.850806989462

Sun, 21 Dec 2014 13:28:55 demo_at_tsinghua_filter_by_10.py[line:189]                            INFO 		avg f-model NMF :  0.823262638389

Sun, 21 Dec 2014 13:28:55 demo_at_tsinghua_filter_by_10.py[line:190]                            INFO 		avg JPPCF :  0.808860210751

Sun, 21 Dec 2014 13:28:55 demo_at_tsinghua_filter_by_10.py[line:184]                            INFO 	recall at 500:
Sun, 21 Dec 2014 13:28:55 demo_at_tsinghua_filter_by_10.py[line:188]                            INFO 		avg t-model NMF :  0.886204481793

Sun, 21 Dec 2014 13:28:55 demo_at_tsinghua_filter_by_10.py[line:189]                            INFO 		avg f-model NMF :  0.872198879552

Sun, 21 Dec 2014 13:28:55 demo_at_tsinghua_filter_by_10.py[line:190]                            INFO 		avg JPPCF :  0.861811391223

Sun, 21 Dec 2014 13:28:55 demo_at_tsinghua_filter_by_10.py[line:184]                            INFO 	recall at 1000:
Sun, 21 Dec 2014 13:28:55 demo_at_tsinghua_filter_by_10.py[line:188]                            INFO 		avg t-model NMF :  0.901960784314

Sun, 21 Dec 2014 13:28:55 demo_at_tsinghua_filter_by_10.py[line:189]                            INFO 		avg f-model NMF :  0.90756302521

Sun, 21 Dec 2014 13:28:55 demo_at_tsinghua_filter_by_10.py[line:190]                            INFO 		avg JPPCF :  0.927170868347

Sun, 21 Dec 2014 13:28:55 demo_at_tsinghua_filter_by_10.py[line:204]                            INFO =========================

Sun, 21 Dec 2014 13:28:55 demo_at_tsinghua_filter_by_10.py[line:102]                            INFO 
=========================

Sun, 21 Dec 2014 13:28:55 demo_at_tsinghua_filter_by_10.py[line:103]                            INFO time_step number %i:	3
Sun, 21 Dec 2014 13:28:55 demo_at_tsinghua_filter_by_10.py[line:104]                            INFO ----------------

Sun, 21 Dec 2014 13:28:56 demo_at_tsinghua_filter_by_10.py[line:119]                            INFO non zero cell num: 2740
Sun, 21 Dec 2014 13:28:56 demo_at_tsinghua_filter_by_10.py[line:122]                            INFO computing JPP decomposition...
Sun, 21 Dec 2014 13:30:53 JPPCF.py[line:86]                            INFO Iter: 1	 Loss: 5645.39040221	 Delta: 994354.609598

Sun, 21 Dec 2014 13:32:46 JPPCF.py[line:86]                            INFO Iter: 2	 Loss: 5533.38032068	 Delta: 112.010081527

Sun, 21 Dec 2014 13:34:41 JPPCF.py[line:86]                            INFO Iter: 3	 Loss: 4377.76290493	 Delta: 1155.61741575

Sun, 21 Dec 2014 13:36:34 JPPCF.py[line:86]                            INFO Iter: 4	 Loss: 3852.14711945	 Delta: 525.615785487

Sun, 21 Dec 2014 13:38:27 JPPCF.py[line:86]                            INFO Iter: 5	 Loss: 3295.6982358	 Delta: 556.448883648

Sun, 21 Dec 2014 13:40:23 JPPCF.py[line:86]                            INFO Iter: 6	 Loss: 2962.63356545	 Delta: 333.064670352

Sun, 21 Dec 2014 13:42:12 JPPCF.py[line:86]                            INFO Iter: 7	 Loss: 2638.91247283	 Delta: 323.72109262

Sun, 21 Dec 2014 13:44:05 JPPCF.py[line:86]                            INFO Iter: 8	 Loss: 2400.20541834	 Delta: 238.707054483

Sun, 21 Dec 2014 13:45:59 JPPCF.py[line:86]                            INFO Iter: 9	 Loss: 2232.84215979	 Delta: 167.363258557

Sun, 21 Dec 2014 13:47:55 JPPCF.py[line:86]                            INFO Iter: 10	 Loss: 2110.31286399	 Delta: 122.529295797

Sun, 21 Dec 2014 13:49:51 JPPCF.py[line:86]                            INFO Iter: 11	 Loss: 2034.38096122	 Delta: 75.9319027688

Sun, 21 Dec 2014 13:51:46 JPPCF.py[line:86]                            INFO Iter: 12	 Loss: 1980.71400974	 Delta: 53.6669514775

Sun, 21 Dec 2014 13:53:42 JPPCF.py[line:86]                            INFO Iter: 13	 Loss: 1935.08175869	 Delta: 45.6322510537

Sun, 21 Dec 2014 13:55:38 JPPCF.py[line:86]                            INFO Iter: 14	 Loss: 1898.16019617	 Delta: 36.9215625204

Sun, 21 Dec 2014 13:57:32 JPPCF.py[line:86]                            INFO Iter: 15	 Loss: 1870.56574825	 Delta: 27.5944479231

Sun, 21 Dec 2014 13:59:27 JPPCF.py[line:86]                            INFO Iter: 16	 Loss: 1845.650757	 Delta: 24.9149912427

Sun, 21 Dec 2014 14:01:18 JPPCF.py[line:86]                            INFO Iter: 17	 Loss: 1823.20228762	 Delta: 22.4484693839

Sun, 21 Dec 2014 14:03:09 JPPCF.py[line:86]                            INFO Iter: 18	 Loss: 1802.65776028	 Delta: 20.5445273412

Sun, 21 Dec 2014 14:05:00 JPPCF.py[line:86]                            INFO Iter: 19	 Loss: 1791.1011844	 Delta: 11.556575877

Sun, 21 Dec 2014 14:07:00 JPPCF.py[line:86]                            INFO Iter: 20	 Loss: 1781.22477706	 Delta: 9.87640734022

Sun, 21 Dec 2014 14:08:58 JPPCF.py[line:86]                            INFO Iter: 21	 Loss: 1770.615203	 Delta: 10.6095740629

Sun, 21 Dec 2014 14:10:55 JPPCF.py[line:86]                            INFO Iter: 22	 Loss: 1763.80974805	 Delta: 6.80545494358

Sun, 21 Dec 2014 14:12:54 JPPCF.py[line:86]                            INFO Iter: 23	 Loss: 1757.13057721	 Delta: 6.67917084168

Sun, 21 Dec 2014 14:14:48 JPPCF.py[line:86]                            INFO Iter: 24	 Loss: 1749.67431057	 Delta: 7.45626664086

Sun, 21 Dec 2014 14:16:41 JPPCF.py[line:86]                            INFO Iter: 25	 Loss: 1741.18488018	 Delta: 8.48943038995

Sun, 21 Dec 2014 14:18:39 JPPCF.py[line:86]                            INFO Iter: 26	 Loss: 1732.53411026	 Delta: 8.65076992537

Sun, 21 Dec 2014 14:20:38 JPPCF.py[line:86]                            INFO Iter: 27	 Loss: 1725.40140245	 Delta: 7.13270780857

Sun, 21 Dec 2014 14:22:31 JPPCF.py[line:86]                            INFO Iter: 28	 Loss: 1719.62384492	 Delta: 5.77755753249

Sun, 21 Dec 2014 14:24:25 JPPCF.py[line:86]                            INFO Iter: 29	 Loss: 1714.28687125	 Delta: 5.3369736647

Sun, 21 Dec 2014 14:26:18 JPPCF.py[line:86]                            INFO Iter: 30	 Loss: 1708.92352059	 Delta: 5.36335066311

Sun, 21 Dec 2014 14:28:12 JPPCF.py[line:86]                            INFO Iter: 31	 Loss: 1702.87286963	 Delta: 6.0506509603

Sun, 21 Dec 2014 14:30:06 JPPCF.py[line:86]                            INFO Iter: 32	 Loss: 1695.81404766	 Delta: 7.05882196559

Sun, 21 Dec 2014 14:32:03 JPPCF.py[line:86]                            INFO Iter: 33	 Loss: 1689.82490292	 Delta: 5.98914474316

Sun, 21 Dec 2014 14:33:57 JPPCF.py[line:86]                            INFO Iter: 34	 Loss: 1684.64983939	 Delta: 5.17506352401

Sun, 21 Dec 2014 14:35:48 JPPCF.py[line:86]                            INFO Iter: 35	 Loss: 1680.09331874	 Delta: 4.55652065427

Sun, 21 Dec 2014 14:37:43 JPPCF.py[line:86]                            INFO Iter: 36	 Loss: 1676.37110415	 Delta: 3.72221459139

Sun, 21 Dec 2014 14:39:40 JPPCF.py[line:86]                            INFO Iter: 37	 Loss: 1672.85835154	 Delta: 3.51275260592

Sun, 21 Dec 2014 14:41:38 JPPCF.py[line:86]                            INFO Iter: 38	 Loss: 1669.98381023	 Delta: 2.87454131369

Sun, 21 Dec 2014 14:43:32 JPPCF.py[line:86]                            INFO Iter: 39	 Loss: 1667.61907029	 Delta: 2.36473994094

Sun, 21 Dec 2014 14:45:27 JPPCF.py[line:86]                            INFO Iter: 40	 Loss: 1665.18614629	 Delta: 2.43292400089

Sun, 21 Dec 2014 14:47:20 JPPCF.py[line:86]                            INFO Iter: 41	 Loss: 1661.35431041	 Delta: 3.83183587483

Sun, 21 Dec 2014 14:49:20 JPPCF.py[line:86]                            INFO Iter: 42	 Loss: 1656.85114243	 Delta: 4.50316798518

Sun, 21 Dec 2014 14:51:20 JPPCF.py[line:86]                            INFO Iter: 43	 Loss: 1653.0401292	 Delta: 3.8110132302

Sun, 21 Dec 2014 14:53:20 JPPCF.py[line:86]                            INFO Iter: 44	 Loss: 1648.82771556	 Delta: 4.21241363357

Sun, 21 Dec 2014 14:55:21 JPPCF.py[line:86]                            INFO Iter: 45	 Loss: 1644.9123248	 Delta: 3.91539076398

Sun, 21 Dec 2014 14:57:20 JPPCF.py[line:86]                            INFO Iter: 46	 Loss: 1641.92122581	 Delta: 2.99109899412

Sun, 21 Dec 2014 14:59:19 JPPCF.py[line:86]                            INFO Iter: 47	 Loss: 1639.23841543	 Delta: 2.68281038039

Sun, 21 Dec 2014 15:01:17 JPPCF.py[line:86]                            INFO Iter: 48	 Loss: 1636.71161887	 Delta: 2.52679655353

Sun, 21 Dec 2014 15:03:13 JPPCF.py[line:86]                            INFO Iter: 49	 Loss: 1634.25482347	 Delta: 2.45679539856

Sun, 21 Dec 2014 15:05:11 JPPCF.py[line:86]                            INFO Iter: 50	 Loss: 1632.7515163	 Delta: 1.50330717477

Sun, 21 Dec 2014 15:07:09 JPPCF.py[line:86]                            INFO Iter: 51	 Loss: 1631.45226718	 Delta: 1.29924912252

Sun, 21 Dec 2014 15:09:04 JPPCF.py[line:86]                            INFO Iter: 52	 Loss: 1629.70426874	 Delta: 1.747998436

Sun, 21 Dec 2014 15:10:58 JPPCF.py[line:86]                            INFO Iter: 53	 Loss: 1626.43270176	 Delta: 3.27156697872

Sun, 21 Dec 2014 15:12:52 JPPCF.py[line:86]                            INFO Iter: 54	 Loss: 1623.57021419	 Delta: 2.86248756968

Sun, 21 Dec 2014 15:14:46 JPPCF.py[line:86]                            INFO Iter: 55	 Loss: 1621.59882478	 Delta: 1.97138940944

Sun, 21 Dec 2014 15:16:38 JPPCF.py[line:86]                            INFO Iter: 56	 Loss: 1620.3703605	 Delta: 1.22846427956

Sun, 21 Dec 2014 15:18:31 JPPCF.py[line:86]                            INFO Iter: 57	 Loss: 1618.55722321	 Delta: 1.81313729036

Sun, 21 Dec 2014 15:20:23 JPPCF.py[line:86]                            INFO Iter: 58	 Loss: 1616.98935193	 Delta: 1.56787128255

Sun, 21 Dec 2014 15:22:19 JPPCF.py[line:86]                            INFO Iter: 59	 Loss: 1615.64756226	 Delta: 1.34178966888

Sun, 21 Dec 2014 15:24:18 JPPCF.py[line:86]                            INFO Iter: 60	 Loss: 1613.70318471	 Delta: 1.94437755483

Sun, 21 Dec 2014 15:26:11 JPPCF.py[line:86]                            INFO Iter: 61	 Loss: 1611.7093791	 Delta: 1.99380560607

Sun, 21 Dec 2014 15:28:04 JPPCF.py[line:86]                            INFO Iter: 62	 Loss: 1609.34699048	 Delta: 2.36238861522

Sun, 21 Dec 2014 15:29:56 JPPCF.py[line:86]                            INFO Iter: 63	 Loss: 1606.957669	 Delta: 2.3893214891

Sun, 21 Dec 2014 15:31:51 JPPCF.py[line:86]                            INFO Iter: 64	 Loss: 1604.1614592	 Delta: 2.79620979703

Sun, 21 Dec 2014 15:33:46 JPPCF.py[line:86]                            INFO Iter: 65	 Loss: 1596.1040429	 Delta: 8.05741629706

Sun, 21 Dec 2014 15:35:44 JPPCF.py[line:86]                            INFO Iter: 66	 Loss: 1592.47362441	 Delta: 3.63041848984

Sun, 21 Dec 2014 15:37:38 JPPCF.py[line:86]                            INFO Iter: 67	 Loss: 1590.55275234	 Delta: 1.92087207371

Sun, 21 Dec 2014 15:39:31 JPPCF.py[line:86]                            INFO Iter: 68	 Loss: 1588.70745219	 Delta: 1.84530015104

Sun, 21 Dec 2014 15:41:26 JPPCF.py[line:86]                            INFO Iter: 69	 Loss: 1587.23153658	 Delta: 1.47591560396

Sun, 21 Dec 2014 15:41:26 JPPCF.py[line:88]                            INFO JPPCF OK

Sun, 21 Dec 2014 15:41:28 demo_at_tsinghua_filter_by_10.py[line:128]                            INFO [ok]
computing t-model NMF decomposition...
Sun, 21 Dec 2014 15:41:34 nmf.py[line:109]                            INFO Iter: 1	 Loss: 2745.84380455	 Delta: 997254.156195

Sun, 21 Dec 2014 15:41:39 nmf.py[line:109]                            INFO Iter: 2	 Loss: 2601.20555883	 Delta: 144.638245717

Sun, 21 Dec 2014 15:41:44 nmf.py[line:109]                            INFO Iter: 3	 Loss: 2429.67334528	 Delta: 171.532213548

Sun, 21 Dec 2014 15:41:50 nmf.py[line:109]                            INFO Iter: 4	 Loss: 2171.94514243	 Delta: 257.728202851

Sun, 21 Dec 2014 15:41:56 nmf.py[line:109]                            INFO Iter: 5	 Loss: 1899.15188955	 Delta: 272.793252882

Sun, 21 Dec 2014 15:42:02 nmf.py[line:109]                            INFO Iter: 6	 Loss: 1674.58814604	 Delta: 224.563743505

Sun, 21 Dec 2014 15:42:08 nmf.py[line:109]                            INFO Iter: 7	 Loss: 1523.6271608	 Delta: 150.960985239

Sun, 21 Dec 2014 15:42:14 nmf.py[line:109]                            INFO Iter: 8	 Loss: 1413.50599283	 Delta: 110.121167978

Sun, 21 Dec 2014 15:42:19 nmf.py[line:109]                            INFO Iter: 9	 Loss: 1322.70196679	 Delta: 90.8040260403

Sun, 21 Dec 2014 15:42:25 nmf.py[line:109]                            INFO Iter: 10	 Loss: 1265.98967076	 Delta: 56.7122960297

Sun, 21 Dec 2014 15:42:31 nmf.py[line:109]                            INFO Iter: 11	 Loss: 1223.09629929	 Delta: 42.893371467

Sun, 21 Dec 2014 15:42:37 nmf.py[line:109]                            INFO Iter: 12	 Loss: 1189.06743777	 Delta: 34.0288615154

Sun, 21 Dec 2014 15:42:43 nmf.py[line:109]                            INFO Iter: 13	 Loss: 1163.20798601	 Delta: 25.8594517633

Sun, 21 Dec 2014 15:42:50 nmf.py[line:109]                            INFO Iter: 14	 Loss: 1145.75140133	 Delta: 17.4565846799

Sun, 21 Dec 2014 15:42:56 nmf.py[line:109]                            INFO Iter: 15	 Loss: 1134.29034946	 Delta: 11.4610518658

Sun, 21 Dec 2014 15:43:02 nmf.py[line:109]                            INFO Iter: 16	 Loss: 1125.63443243	 Delta: 8.65591703128

Sun, 21 Dec 2014 15:43:09 nmf.py[line:109]                            INFO Iter: 17	 Loss: 1118.47881811	 Delta: 7.15561431973

Sun, 21 Dec 2014 15:43:15 nmf.py[line:109]                            INFO Iter: 18	 Loss: 1111.83874127	 Delta: 6.64007684797

Sun, 21 Dec 2014 15:43:20 nmf.py[line:109]                            INFO Iter: 19	 Loss: 1105.67305168	 Delta: 6.16568958309

Sun, 21 Dec 2014 15:43:26 nmf.py[line:109]                            INFO Iter: 20	 Loss: 1100.17448416	 Delta: 5.49856752554

Sun, 21 Dec 2014 15:43:32 nmf.py[line:109]                            INFO Iter: 21	 Loss: 1094.85510012	 Delta: 5.31938403709

Sun, 21 Dec 2014 15:43:38 nmf.py[line:109]                            INFO Iter: 22	 Loss: 1089.53523377	 Delta: 5.31986635306

Sun, 21 Dec 2014 15:43:44 nmf.py[line:109]                            INFO Iter: 23	 Loss: 1084.06981524	 Delta: 5.46541852791

Sun, 21 Dec 2014 15:43:50 nmf.py[line:109]                            INFO Iter: 24	 Loss: 1078.88756399	 Delta: 5.18225124729

Sun, 21 Dec 2014 15:43:56 nmf.py[line:109]                            INFO Iter: 25	 Loss: 1073.86214436	 Delta: 5.025419628

Sun, 21 Dec 2014 15:44:02 nmf.py[line:109]                            INFO Iter: 26	 Loss: 1069.01932174	 Delta: 4.84282262406

Sun, 21 Dec 2014 15:44:08 nmf.py[line:109]                            INFO Iter: 27	 Loss: 1064.84063173	 Delta: 4.1786900079

Sun, 21 Dec 2014 15:44:14 nmf.py[line:109]                            INFO Iter: 28	 Loss: 1061.55856445	 Delta: 3.28206728468

Sun, 21 Dec 2014 15:44:20 nmf.py[line:109]                            INFO Iter: 29	 Loss: 1058.81100435	 Delta: 2.74756009424

Sun, 21 Dec 2014 15:44:26 nmf.py[line:109]                            INFO Iter: 30	 Loss: 1056.23177387	 Delta: 2.57923048403

Sun, 21 Dec 2014 15:44:32 nmf.py[line:109]                            INFO Iter: 31	 Loss: 1053.3353714	 Delta: 2.89640246677

Sun, 21 Dec 2014 15:44:38 nmf.py[line:109]                            INFO Iter: 32	 Loss: 1049.92746269	 Delta: 3.40790871187

Sun, 21 Dec 2014 15:44:44 nmf.py[line:109]                            INFO Iter: 33	 Loss: 1045.91345426	 Delta: 4.01400843436

Sun, 21 Dec 2014 15:44:50 nmf.py[line:109]                            INFO Iter: 34	 Loss: 1042.35103605	 Delta: 3.56241820863

Sun, 21 Dec 2014 15:44:56 nmf.py[line:109]                            INFO Iter: 35	 Loss: 1039.52368281	 Delta: 2.82735324013

Sun, 21 Dec 2014 15:45:03 nmf.py[line:109]                            INFO Iter: 36	 Loss: 1036.9607967	 Delta: 2.56288610547

Sun, 21 Dec 2014 15:45:09 nmf.py[line:109]                            INFO Iter: 37	 Loss: 1034.49750624	 Delta: 2.46329046501

Sun, 21 Dec 2014 15:45:15 nmf.py[line:109]                            INFO Iter: 38	 Loss: 1033.00779423	 Delta: 1.48971200687

Sun, 21 Dec 2014 15:45:20 nmf.py[line:109]                            INFO Iter: 39	 Loss: 1032.13222609	 Delta: 0.875568140812

Sun, 21 Dec 2014 15:45:20 nmf.py[line:113]                            INFO NMF OK
Sun, 21 Dec 2014 15:45:22 demo_at_tsinghua_filter_by_10.py[line:134]                            INFO [ok]
computing fix_model NMF decomposition...
Sun, 21 Dec 2014 15:45:24 demo_at_tsinghua_filter_by_10.py[line:142]                            INFO non zero cell num: 4612
Sun, 21 Dec 2014 15:45:29 nmf.py[line:109]                            INFO Iter: 1	 Loss: 4624.12579986	 Delta: 995375.8742

Sun, 21 Dec 2014 15:45:35 nmf.py[line:109]                            INFO Iter: 2	 Loss: 4413.52714814	 Delta: 210.598651724

Sun, 21 Dec 2014 15:45:40 nmf.py[line:109]                            INFO Iter: 3	 Loss: 4163.48442397	 Delta: 250.042724165

Sun, 21 Dec 2014 15:45:46 nmf.py[line:109]                            INFO Iter: 4	 Loss: 3744.82149106	 Delta: 418.662932907

Sun, 21 Dec 2014 15:45:52 nmf.py[line:109]                            INFO Iter: 5	 Loss: 3240.06040642	 Delta: 504.761084644

Sun, 21 Dec 2014 15:45:58 nmf.py[line:109]                            INFO Iter: 6	 Loss: 2868.30431278	 Delta: 371.756093638

Sun, 21 Dec 2014 15:46:04 nmf.py[line:109]                            INFO Iter: 7	 Loss: 2628.89798786	 Delta: 239.406324917

Sun, 21 Dec 2014 15:46:09 nmf.py[line:109]                            INFO Iter: 8	 Loss: 2469.3843885	 Delta: 159.513599363

Sun, 21 Dec 2014 15:46:15 nmf.py[line:109]                            INFO Iter: 9	 Loss: 2355.73352486	 Delta: 113.650863639

Sun, 21 Dec 2014 15:46:21 nmf.py[line:109]                            INFO Iter: 10	 Loss: 2264.5861659	 Delta: 91.1473589671

Sun, 21 Dec 2014 15:46:27 nmf.py[line:109]                            INFO Iter: 11	 Loss: 2186.80024656	 Delta: 77.7859193333

Sun, 21 Dec 2014 15:46:33 nmf.py[line:109]                            INFO Iter: 12	 Loss: 2122.291311	 Delta: 64.5089355608

Sun, 21 Dec 2014 15:46:40 nmf.py[line:109]                            INFO Iter: 13	 Loss: 2070.82159246	 Delta: 51.4697185407

Sun, 21 Dec 2014 15:46:46 nmf.py[line:109]                            INFO Iter: 14	 Loss: 2030.82112612	 Delta: 40.0004663449

Sun, 21 Dec 2014 15:46:53 nmf.py[line:109]                            INFO Iter: 15	 Loss: 2000.90938219	 Delta: 29.9117439289

Sun, 21 Dec 2014 15:46:59 nmf.py[line:109]                            INFO Iter: 16	 Loss: 1979.80288895	 Delta: 21.1064932363

Sun, 21 Dec 2014 15:47:05 nmf.py[line:109]                            INFO Iter: 17	 Loss: 1964.87009181	 Delta: 14.9327971401

Sun, 21 Dec 2014 15:47:11 nmf.py[line:109]                            INFO Iter: 18	 Loss: 1954.27934856	 Delta: 10.5907432501

Sun, 21 Dec 2014 15:47:17 nmf.py[line:109]                            INFO Iter: 19	 Loss: 1946.36780174	 Delta: 7.91154682229

Sun, 21 Dec 2014 15:47:24 nmf.py[line:109]                            INFO Iter: 20	 Loss: 1940.14793951	 Delta: 6.21986222623

Sun, 21 Dec 2014 15:47:31 nmf.py[line:109]                            INFO Iter: 21	 Loss: 1934.62707381	 Delta: 5.5208657044

Sun, 21 Dec 2014 15:47:38 nmf.py[line:109]                            INFO Iter: 22	 Loss: 1929.51013832	 Delta: 5.11693548323

Sun, 21 Dec 2014 15:47:45 nmf.py[line:109]                            INFO Iter: 23	 Loss: 1924.56798265	 Delta: 4.94215567305

Sun, 21 Dec 2014 15:47:51 nmf.py[line:109]                            INFO Iter: 24	 Loss: 1919.94192165	 Delta: 4.62606100264

Sun, 21 Dec 2014 15:47:58 nmf.py[line:109]                            INFO Iter: 25	 Loss: 1915.89625527	 Delta: 4.0456663799

Sun, 21 Dec 2014 15:48:04 nmf.py[line:109]                            INFO Iter: 26	 Loss: 1912.30213707	 Delta: 3.59411819787

Sun, 21 Dec 2014 15:48:10 nmf.py[line:109]                            INFO Iter: 27	 Loss: 1908.96531962	 Delta: 3.33681745358

Sun, 21 Dec 2014 15:48:16 nmf.py[line:109]                            INFO Iter: 28	 Loss: 1905.76403546	 Delta: 3.20128415859

Sun, 21 Dec 2014 15:48:22 nmf.py[line:109]                            INFO Iter: 29	 Loss: 1902.22437973	 Delta: 3.53965573234

Sun, 21 Dec 2014 15:48:29 nmf.py[line:109]                            INFO Iter: 30	 Loss: 1898.09550192	 Delta: 4.12887780161

Sun, 21 Dec 2014 15:48:35 nmf.py[line:109]                            INFO Iter: 31	 Loss: 1893.55780974	 Delta: 4.53769218444

Sun, 21 Dec 2014 15:48:42 nmf.py[line:109]                            INFO Iter: 32	 Loss: 1889.27387543	 Delta: 4.28393430862

