Sun, 21 Dec 2014 10:47:16 demo_at_tsinghua_filter_by_10.py[line:82]                            INFO user num: 3431

Sun, 21 Dec 2014 10:47:16 demo_at_tsinghua_filter_by_10.py[line:83]                            INFO doc num: 7710

Sun, 21 Dec 2014 10:47:16 demo_at_tsinghua_filter_by_10.py[line:84]                            INFO time step num: 20

Sun, 21 Dec 2014 10:47:17 demo_at_tsinghua_filter_by_10.py[line:91]                            INFO non zero cell num: 1338
Sun, 21 Dec 2014 10:47:17 demo_at_tsinghua_filter_by_10.py[line:92]                            INFO start nmf:

Sun, 21 Dec 2014 10:47:22 nmf.py[line:109]                            INFO Iter: 1	 Loss: 1341.51394624	 Delta: 998658.486054

Sun, 21 Dec 2014 10:47:28 nmf.py[line:109]                            INFO Iter: 2	 Loss: 1199.7628254	 Delta: 141.751120838

Sun, 21 Dec 2014 10:47:33 nmf.py[line:109]                            INFO Iter: 3	 Loss: 1082.29236406	 Delta: 117.470461334

Sun, 21 Dec 2014 10:47:39 nmf.py[line:109]                            INFO Iter: 4	 Loss: 886.859734195	 Delta: 195.432629869

Sun, 21 Dec 2014 10:47:45 nmf.py[line:109]                            INFO Iter: 5	 Loss: 713.218657929	 Delta: 173.641076265

Sun, 21 Dec 2014 10:47:51 nmf.py[line:109]                            INFO Iter: 6	 Loss: 596.539560792	 Delta: 116.679097138

Sun, 21 Dec 2014 10:47:57 nmf.py[line:109]                            INFO Iter: 7	 Loss: 512.325222551	 Delta: 84.214338241

Sun, 21 Dec 2014 10:48:04 nmf.py[line:109]                            INFO Iter: 8	 Loss: 445.875261493	 Delta: 66.4499610579

Sun, 21 Dec 2014 10:48:10 nmf.py[line:109]                            INFO Iter: 9	 Loss: 401.883193344	 Delta: 43.9920681491

Sun, 21 Dec 2014 10:48:15 nmf.py[line:109]                            INFO Iter: 10	 Loss: 369.121562105	 Delta: 32.7616312391

Sun, 21 Dec 2014 10:48:20 nmf.py[line:109]                            INFO Iter: 11	 Loss: 342.92224188	 Delta: 26.199320225

Sun, 21 Dec 2014 10:48:26 nmf.py[line:109]                            INFO Iter: 12	 Loss: 320.422524229	 Delta: 22.4997176506

Sun, 21 Dec 2014 10:48:32 nmf.py[line:109]                            INFO Iter: 13	 Loss: 299.115009592	 Delta: 21.3075146371

Sun, 21 Dec 2014 10:48:38 nmf.py[line:109]                            INFO Iter: 14	 Loss: 281.109679872	 Delta: 18.0053297202

Sun, 21 Dec 2014 10:48:44 nmf.py[line:109]                            INFO Iter: 15	 Loss: 266.614213571	 Delta: 14.4954663005

Sun, 21 Dec 2014 10:48:50 nmf.py[line:109]                            INFO Iter: 16	 Loss: 254.759817225	 Delta: 11.8543963459

Sun, 21 Dec 2014 10:48:57 nmf.py[line:109]                            INFO Iter: 17	 Loss: 245.760500848	 Delta: 8.9993163774

Sun, 21 Dec 2014 10:49:03 nmf.py[line:109]                            INFO Iter: 18	 Loss: 238.635672143	 Delta: 7.12482870495

Sun, 21 Dec 2014 10:49:09 nmf.py[line:109]                            INFO Iter: 19	 Loss: 232.434032056	 Delta: 6.20164008733

Sun, 21 Dec 2014 10:49:16 nmf.py[line:109]                            INFO Iter: 20	 Loss: 227.61562565	 Delta: 4.81840640573

Sun, 21 Dec 2014 10:49:22 nmf.py[line:109]                            INFO Iter: 21	 Loss: 223.44147745	 Delta: 4.1741482003

Sun, 21 Dec 2014 10:49:27 nmf.py[line:109]                            INFO Iter: 22	 Loss: 219.908240717	 Delta: 3.53323673283

Sun, 21 Dec 2014 10:49:33 nmf.py[line:109]                            INFO Iter: 23	 Loss: 216.545027961	 Delta: 3.36321275539

Sun, 21 Dec 2014 10:49:39 nmf.py[line:109]                            INFO Iter: 24	 Loss: 213.222014945	 Delta: 3.32301301648

Sun, 21 Dec 2014 10:49:45 nmf.py[line:109]                            INFO Iter: 25	 Loss: 209.814609344	 Delta: 3.40740560061

Sun, 21 Dec 2014 10:49:51 nmf.py[line:109]                            INFO Iter: 26	 Loss: 206.484835159	 Delta: 3.32977418543

Sun, 21 Dec 2014 10:49:58 nmf.py[line:109]                            INFO Iter: 27	 Loss: 202.009220816	 Delta: 4.47561434258

Sun, 21 Dec 2014 10:50:04 nmf.py[line:109]                            INFO Iter: 28	 Loss: 198.965630717	 Delta: 3.04359009937

Sun, 21 Dec 2014 10:50:10 nmf.py[line:109]                            INFO Iter: 29	 Loss: 196.72644147	 Delta: 2.23918924708

Sun, 21 Dec 2014 10:50:16 nmf.py[line:109]                            INFO Iter: 30	 Loss: 194.796588856	 Delta: 1.92985261386

Sun, 21 Dec 2014 10:50:22 nmf.py[line:109]                            INFO Iter: 31	 Loss: 192.999339731	 Delta: 1.79724912455

Sun, 21 Dec 2014 10:50:27 nmf.py[line:109]                            INFO Iter: 32	 Loss: 191.275344835	 Delta: 1.72399489658

Sun, 21 Dec 2014 10:50:33 nmf.py[line:109]                            INFO Iter: 33	 Loss: 189.523292961	 Delta: 1.75205187386

Sun, 21 Dec 2014 10:50:40 nmf.py[line:109]                            INFO Iter: 34	 Loss: 187.871714297	 Delta: 1.65157866408

Sun, 21 Dec 2014 10:50:47 nmf.py[line:109]                            INFO Iter: 35	 Loss: 186.532501153	 Delta: 1.3392131436

Sun, 21 Dec 2014 10:50:53 nmf.py[line:109]                            INFO Iter: 36	 Loss: 185.413257211	 Delta: 1.11924394243

Sun, 21 Dec 2014 10:51:00 nmf.py[line:109]                            INFO Iter: 37	 Loss: 184.403826731	 Delta: 1.00943047949

Sun, 21 Dec 2014 10:51:06 nmf.py[line:109]                            INFO Iter: 38	 Loss: 183.411451502	 Delta: 0.992375229778

Sun, 21 Dec 2014 10:51:06 nmf.py[line:113]                            INFO NMF OK
Sun, 21 Dec 2014 10:51:06 demo_at_tsinghua_filter_by_10.py[line:102]                            INFO 
=========================

Sun, 21 Dec 2014 10:51:06 demo_at_tsinghua_filter_by_10.py[line:103]                            INFO time_step number %i:	2
Sun, 21 Dec 2014 10:51:06 demo_at_tsinghua_filter_by_10.py[line:104]                            INFO ----------------

Sun, 21 Dec 2014 10:51:07 demo_at_tsinghua_filter_by_10.py[line:119]                            INFO non zero cell num: 1665
Sun, 21 Dec 2014 10:51:07 demo_at_tsinghua_filter_by_10.py[line:122]                            INFO computing JPP decomposition...
Sun, 21 Dec 2014 10:53:15 JPPCF.py[line:86]                            INFO Iter: 1	 Loss: 3524.6302459	 Delta: 996475.369754

Sun, 21 Dec 2014 10:55:25 JPPCF.py[line:86]                            INFO Iter: 2	 Loss: 3487.86619608	 Delta: 36.7640498185

Sun, 21 Dec 2014 10:58:02 JPPCF.py[line:86]                            INFO Iter: 3	 Loss: 2930.01508603	 Delta: 557.851110052

Sun, 21 Dec 2014 11:01:26 JPPCF.py[line:86]                            INFO Iter: 4	 Loss: 2489.82735007	 Delta: 440.187735961

Sun, 21 Dec 2014 11:04:45 JPPCF.py[line:86]                            INFO Iter: 5	 Loss: 2125.8110337	 Delta: 364.016316374

Sun, 21 Dec 2014 11:07:54 JPPCF.py[line:86]                            INFO Iter: 6	 Loss: 1832.33746079	 Delta: 293.473572907

Sun, 21 Dec 2014 11:11:03 JPPCF.py[line:86]                            INFO Iter: 7	 Loss: 1628.45653096	 Delta: 203.880929826

Sun, 21 Dec 2014 11:14:11 JPPCF.py[line:86]                            INFO Iter: 8	 Loss: 1484.87715488	 Delta: 143.579376081

Sun, 21 Dec 2014 11:16:58 JPPCF.py[line:86]                            INFO Iter: 9	 Loss: 1378.7176548	 Delta: 106.159500085

Sun, 21 Dec 2014 11:19:57 JPPCF.py[line:86]                            INFO Iter: 10	 Loss: 1298.8570471	 Delta: 79.8606076944

Sun, 21 Dec 2014 11:22:56 JPPCF.py[line:86]                            INFO Iter: 11	 Loss: 1244.25212362	 Delta: 54.6049234797

Sun, 21 Dec 2014 11:26:08 JPPCF.py[line:86]                            INFO Iter: 12	 Loss: 1197.83972893	 Delta: 46.4123946982

Sun, 21 Dec 2014 11:29:06 JPPCF.py[line:86]                            INFO Iter: 13	 Loss: 1158.82001261	 Delta: 39.0197163191

Sun, 21 Dec 2014 11:32:08 JPPCF.py[line:86]                            INFO Iter: 14	 Loss: 1126.84730516	 Delta: 31.9727074495

Sun, 21 Dec 2014 11:34:59 JPPCF.py[line:86]                            INFO Iter: 15	 Loss: 1092.34647534	 Delta: 34.5008298132

Sun, 21 Dec 2014 11:37:47 JPPCF.py[line:86]                            INFO Iter: 16	 Loss: 1065.5228085	 Delta: 26.823666842

Sun, 21 Dec 2014 11:40:41 JPPCF.py[line:86]                            INFO Iter: 17	 Loss: 1049.75865977	 Delta: 15.7641487322

Sun, 21 Dec 2014 11:43:25 JPPCF.py[line:86]                            INFO Iter: 18	 Loss: 1038.53525447	 Delta: 11.2234053045

Sun, 21 Dec 2014 11:46:04 JPPCF.py[line:86]                            INFO Iter: 19	 Loss: 1026.14784577	 Delta: 12.3874086979

Sun, 21 Dec 2014 11:48:48 JPPCF.py[line:86]                            INFO Iter: 20	 Loss: 1018.21830248	 Delta: 7.92954328962

Sun, 21 Dec 2014 11:51:12 JPPCF.py[line:86]                            INFO Iter: 21	 Loss: 1013.73413957	 Delta: 4.48416291038

Sun, 21 Dec 2014 11:53:51 JPPCF.py[line:86]                            INFO Iter: 22	 Loss: 1009.9340004	 Delta: 3.80013916739

Sun, 21 Dec 2014 11:56:32 JPPCF.py[line:86]                            INFO Iter: 23	 Loss: 1000.27314202	 Delta: 9.66085838097

Sun, 21 Dec 2014 11:59:12 JPPCF.py[line:86]                            INFO Iter: 24	 Loss: 993.912710857	 Delta: 6.3604311621

Sun, 21 Dec 2014 12:01:58 JPPCF.py[line:86]                            INFO Iter: 25	 Loss: 983.196557597	 Delta: 10.7161532605

Sun, 21 Dec 2014 12:04:42 JPPCF.py[line:86]                            INFO Iter: 26	 Loss: 978.592895892	 Delta: 4.60366170461

Sun, 21 Dec 2014 12:07:07 JPPCF.py[line:86]                            INFO Iter: 27	 Loss: 970.662814087	 Delta: 7.93008180538

Sun, 21 Dec 2014 12:09:36 JPPCF.py[line:86]                            INFO Iter: 28	 Loss: 960.241060911	 Delta: 10.4217531763

Sun, 21 Dec 2014 12:12:09 JPPCF.py[line:86]                            INFO Iter: 29	 Loss: 953.458151366	 Delta: 6.78290954432

Sun, 21 Dec 2014 12:14:40 JPPCF.py[line:86]                            INFO Iter: 30	 Loss: 944.88595194	 Delta: 8.57219942685

Sun, 21 Dec 2014 12:17:11 JPPCF.py[line:86]                            INFO Iter: 31	 Loss: 937.047621087	 Delta: 7.83833085255

Sun, 21 Dec 2014 12:19:47 JPPCF.py[line:86]                            INFO Iter: 32	 Loss: 928.260683555	 Delta: 8.78693753205

Sun, 21 Dec 2014 12:22:19 JPPCF.py[line:86]                            INFO Iter: 33	 Loss: 921.18472576	 Delta: 7.07595779461

Sun, 21 Dec 2014 12:24:46 JPPCF.py[line:86]                            INFO Iter: 34	 Loss: 915.552453942	 Delta: 5.63227181869

Sun, 21 Dec 2014 12:27:07 JPPCF.py[line:86]                            INFO Iter: 35	 Loss: 909.55173417	 Delta: 6.00071977189

Sun, 21 Dec 2014 12:29:31 JPPCF.py[line:86]                            INFO Iter: 36	 Loss: 901.852120496	 Delta: 7.6996136734

Sun, 21 Dec 2014 12:31:47 JPPCF.py[line:86]                            INFO Iter: 37	 Loss: 894.15876843	 Delta: 7.69335206585

Sun, 21 Dec 2014 12:34:15 JPPCF.py[line:86]                            INFO Iter: 38	 Loss: 887.711123603	 Delta: 6.44764482775

Sun, 21 Dec 2014 12:36:27 JPPCF.py[line:86]                            INFO Iter: 39	 Loss: 883.596611229	 Delta: 4.11451237397

Sun, 21 Dec 2014 12:38:58 JPPCF.py[line:86]                            INFO Iter: 40	 Loss: 881.715747439	 Delta: 1.88086378948

Sun, 21 Dec 2014 12:41:16 JPPCF.py[line:86]                            INFO Iter: 41	 Loss: 879.347757155	 Delta: 2.36799028402

Sun, 21 Dec 2014 12:43:28 JPPCF.py[line:86]                            INFO Iter: 42	 Loss: 876.51401055	 Delta: 2.83374660533

Sun, 21 Dec 2014 12:45:52 JPPCF.py[line:86]                            INFO Iter: 43	 Loss: 870.769614643	 Delta: 5.74439590724

Sun, 21 Dec 2014 12:48:08 JPPCF.py[line:86]                            INFO Iter: 44	 Loss: 867.46564711	 Delta: 3.30396753293

Sun, 21 Dec 2014 12:50:03 JPPCF.py[line:86]                            INFO Iter: 45	 Loss: 862.142540728	 Delta: 5.32310638136

Sun, 21 Dec 2014 12:51:55 JPPCF.py[line:86]                            INFO Iter: 46	 Loss: 860.752370089	 Delta: 1.3901706393

Sun, 21 Dec 2014 12:53:52 JPPCF.py[line:86]                            INFO Iter: 47	 Loss: 858.805284636	 Delta: 1.94708545278

Sun, 21 Dec 2014 12:55:52 JPPCF.py[line:86]                            INFO Iter: 48	 Loss: 857.466037777	 Delta: 1.33924685932

Sun, 21 Dec 2014 12:57:49 JPPCF.py[line:86]                            INFO Iter: 49	 Loss: 856.135018941	 Delta: 1.33101883585

Sun, 21 Dec 2014 12:59:46 JPPCF.py[line:86]                            INFO Iter: 50	 Loss: 854.252741835	 Delta: 1.88227710584

Sun, 21 Dec 2014 13:01:41 JPPCF.py[line:86]                            INFO Iter: 51	 Loss: 850.972289775	 Delta: 3.28045205981

Sun, 21 Dec 2014 13:03:36 JPPCF.py[line:86]                            INFO Iter: 52	 Loss: 848.385540372	 Delta: 2.58674940361

Sun, 21 Dec 2014 13:05:33 JPPCF.py[line:86]                            INFO Iter: 53	 Loss: 842.977272789	 Delta: 5.40826758276

Sun, 21 Dec 2014 13:07:28 JPPCF.py[line:86]                            INFO Iter: 54	 Loss: 840.99762034	 Delta: 1.97965244874

Sun, 21 Dec 2014 13:09:27 JPPCF.py[line:86]                            INFO Iter: 55	 Loss: 838.765820434	 Delta: 2.23179990649

Sun, 21 Dec 2014 13:11:22 JPPCF.py[line:86]                            INFO Iter: 56	 Loss: 837.248354797	 Delta: 1.5174656372

Sun, 21 Dec 2014 13:13:21 JPPCF.py[line:86]                            INFO Iter: 57	 Loss: 835.883949503	 Delta: 1.36440529384

Sun, 21 Dec 2014 13:15:14 JPPCF.py[line:86]                            INFO Iter: 58	 Loss: 834.810234258	 Delta: 1.07371524515

Sun, 21 Dec 2014 13:17:12 JPPCF.py[line:86]                            INFO Iter: 59	 Loss: 833.747173752	 Delta: 1.06306050531

Sun, 21 Dec 2014 13:19:09 JPPCF.py[line:86]                            INFO Iter: 60	 Loss: 832.650229965	 Delta: 1.09694378765

Sun, 21 Dec 2014 13:21:04 JPPCF.py[line:86]                            INFO Iter: 61	 Loss: 831.710860353	 Delta: 0.939369612151

Sun, 21 Dec 2014 13:21:04 JPPCF.py[line:88]                            INFO JPPCF OK

Sun, 21 Dec 2014 13:21:06 demo_at_tsinghua_filter_by_10.py[line:128]                            INFO [ok]
computing t-model NMF decomposition...
Sun, 21 Dec 2014 13:21:12 nmf.py[line:109]                            INFO Iter: 1	 Loss: 1667.98045269	 Delta: 998332.019547

Sun, 21 Dec 2014 13:21:17 nmf.py[line:109]                            INFO Iter: 2	 Loss: 1615.15669738	 Delta: 52.8237553085

Sun, 21 Dec 2014 13:21:23 nmf.py[line:109]                            INFO Iter: 3	 Loss: 1474.54912439	 Delta: 140.607572994

Sun, 21 Dec 2014 13:21:29 nmf.py[line:109]                            INFO Iter: 4	 Loss: 1218.20296081	 Delta: 256.346163579

Sun, 21 Dec 2014 13:21:34 nmf.py[line:109]                            INFO Iter: 5	 Loss: 1032.25788638	 Delta: 185.945074427

Sun, 21 Dec 2014 13:21:40 nmf.py[line:109]                            INFO Iter: 6	 Loss: 882.559379023	 Delta: 149.698507362

Sun, 21 Dec 2014 13:21:46 nmf.py[line:109]                            INFO Iter: 7	 Loss: 775.041048449	 Delta: 107.518330574

Sun, 21 Dec 2014 13:21:51 nmf.py[line:109]                            INFO Iter: 8	 Loss: 697.808406113	 Delta: 77.2326423359

Sun, 21 Dec 2014 13:21:56 nmf.py[line:109]                            INFO Iter: 9	 Loss: 644.833367142	 Delta: 52.9750389714

Sun, 21 Dec 2014 13:22:02 nmf.py[line:109]                            INFO Iter: 10	 Loss: 610.785620257	 Delta: 34.0477468844

Sun, 21 Dec 2014 13:22:08 nmf.py[line:109]                            INFO Iter: 11	 Loss: 586.923145493	 Delta: 23.8624747638

Sun, 21 Dec 2014 13:22:13 nmf.py[line:109]                            INFO Iter: 12	 Loss: 570.591758287	 Delta: 16.3313872066

Sun, 21 Dec 2014 13:22:19 nmf.py[line:109]                            INFO Iter: 13	 Loss: 557.840642895	 Delta: 12.7511153921

Sun, 21 Dec 2014 13:22:25 nmf.py[line:109]                            INFO Iter: 14	 Loss: 546.996846537	 Delta: 10.8437963573

Sun, 21 Dec 2014 13:22:31 nmf.py[line:109]                            INFO Iter: 15	 Loss: 537.690029902	 Delta: 9.30681663487

Sun, 21 Dec 2014 13:22:37 nmf.py[line:109]                            INFO Iter: 16	 Loss: 528.975168597	 Delta: 8.71486130507

Sun, 21 Dec 2014 13:22:42 nmf.py[line:109]                            INFO Iter: 17	 Loss: 520.673524938	 Delta: 8.30164365919

Sun, 21 Dec 2014 13:22:48 nmf.py[line:109]                            INFO Iter: 18	 Loss: 512.762262142	 Delta: 7.91126279657

Sun, 21 Dec 2014 13:22:54 nmf.py[line:109]                            INFO Iter: 19	 Loss: 505.886344367	 Delta: 6.8759177751

Sun, 21 Dec 2014 13:23:00 nmf.py[line:109]                            INFO Iter: 20	 Loss: 499.990361875	 Delta: 5.89598249111

Sun, 21 Dec 2014 13:23:06 nmf.py[line:109]                            INFO Iter: 21	 Loss: 495.621029835	 Delta: 4.36933204068

Sun, 21 Dec 2014 13:23:12 nmf.py[line:109]                            INFO Iter: 22	 Loss: 492.396469891	 Delta: 3.22455994386

Sun, 21 Dec 2014 13:23:17 nmf.py[line:109]                            INFO Iter: 23	 Loss: 489.738190558	 Delta: 2.65827933264

Sun, 21 Dec 2014 13:23:23 nmf.py[line:109]                            INFO Iter: 24	 Loss: 487.379089032	 Delta: 2.3591015262

Sun, 21 Dec 2014 13:23:29 nmf.py[line:109]                            INFO Iter: 25	 Loss: 485.297343097	 Delta: 2.08174593529

Sun, 21 Dec 2014 13:23:35 nmf.py[line:109]                            INFO Iter: 26	 Loss: 483.334585995	 Delta: 1.96275710211

Sun, 21 Dec 2014 13:23:41 nmf.py[line:109]                            INFO Iter: 27	 Loss: 481.262261644	 Delta: 2.07232435071

Sun, 21 Dec 2014 13:23:47 nmf.py[line:109]                            INFO Iter: 28	 Loss: 478.66985912	 Delta: 2.59240252386

Sun, 21 Dec 2014 13:23:53 nmf.py[line:109]                            INFO Iter: 29	 Loss: 475.588717979	 Delta: 3.08114114144

Sun, 21 Dec 2014 13:23:58 nmf.py[line:109]                            INFO Iter: 30	 Loss: 472.574512634	 Delta: 3.01420534469

Sun, 21 Dec 2014 13:24:04 nmf.py[line:109]                            INFO Iter: 31	 Loss: 470.519545754	 Delta: 2.05496688034

Sun, 21 Dec 2014 13:24:10 nmf.py[line:109]                            INFO Iter: 32	 Loss: 469.356793295	 Delta: 1.16275245854

Sun, 21 Dec 2014 13:24:15 nmf.py[line:109]                            INFO Iter: 33	 Loss: 468.691601049	 Delta: 0.665192246065

Sun, 21 Dec 2014 13:24:15 nmf.py[line:113]                            INFO NMF OK
Sun, 21 Dec 2014 13:24:17 demo_at_tsinghua_filter_by_10.py[line:134]                            INFO [ok]
computing fix_model NMF decomposition...
Sun, 21 Dec 2014 13:24:18 demo_at_tsinghua_filter_by_10.py[line:142]                            INFO non zero cell num: 1665
Sun, 21 Dec 2014 13:24:24 nmf.py[line:109]                            INFO Iter: 1	 Loss: 1667.98514101	 Delta: 998332.014859

Sun, 21 Dec 2014 13:24:29 nmf.py[line:109]                            INFO Iter: 2	 Loss: 1611.34247918	 Delta: 56.6426618313

Sun, 21 Dec 2014 13:24:35 nmf.py[line:109]                            INFO Iter: 3	 Loss: 1481.30346935	 Delta: 130.039009826

Sun, 21 Dec 2014 13:24:40 nmf.py[line:109]                            INFO Iter: 4	 Loss: 1209.95348106	 Delta: 271.349988288

Sun, 21 Dec 2014 13:24:46 nmf.py[line:109]                            INFO Iter: 5	 Loss: 980.709989623	 Delta: 229.243491442

Sun, 21 Dec 2014 13:24:51 nmf.py[line:109]                            INFO Iter: 6	 Loss: 846.686311519	 Delta: 134.023678104

Sun, 21 Dec 2014 13:24:57 nmf.py[line:109]                            INFO Iter: 7	 Loss: 769.601209755	 Delta: 77.085101763

Sun, 21 Dec 2014 13:25:02 nmf.py[line:109]                            INFO Iter: 8	 Loss: 721.194684061	 Delta: 48.4065256949

Sun, 21 Dec 2014 13:25:08 nmf.py[line:109]                            INFO Iter: 9	 Loss: 683.930837612	 Delta: 37.263846449

Sun, 21 Dec 2014 13:25:14 nmf.py[line:109]                            INFO Iter: 10	 Loss: 651.134715842	 Delta: 32.7961217693

Sun, 21 Dec 2014 13:25:19 nmf.py[line:109]                            INFO Iter: 11	 Loss: 624.443210985	 Delta: 26.6915048571

Sun, 21 Dec 2014 13:25:25 nmf.py[line:109]                            INFO Iter: 12	 Loss: 603.44535038	 Delta: 20.9978606054

Sun, 21 Dec 2014 13:25:31 nmf.py[line:109]                            INFO Iter: 13	 Loss: 585.857794716	 Delta: 17.5875556643

Sun, 21 Dec 2014 13:25:37 nmf.py[line:109]                            INFO Iter: 14	 Loss: 570.657045648	 Delta: 15.2007490671

Sun, 21 Dec 2014 13:25:42 nmf.py[line:109]                            INFO Iter: 15	 Loss: 560.042055332	 Delta: 10.6149903165

Sun, 21 Dec 2014 13:25:48 nmf.py[line:109]                            INFO Iter: 16	 Loss: 552.311528789	 Delta: 7.73052654308

Sun, 21 Dec 2014 13:25:53 nmf.py[line:109]                            INFO Iter: 17	 Loss: 546.08393423	 Delta: 6.22759455912

Sun, 21 Dec 2014 13:25:59 nmf.py[line:109]                            INFO Iter: 18	 Loss: 540.925203086	 Delta: 5.15873114397

Sun, 21 Dec 2014 13:26:04 nmf.py[line:109]                            INFO Iter: 19	 Loss: 536.473988109	 Delta: 4.45121497634

Sun, 21 Dec 2014 13:26:10 nmf.py[line:109]                            INFO Iter: 20	 Loss: 532.622438347	 Delta: 3.85154976217

Sun, 21 Dec 2014 13:26:16 nmf.py[line:109]                            INFO Iter: 21	 Loss: 529.481334505	 Delta: 3.14110384226

Sun, 21 Dec 2014 13:26:22 nmf.py[line:109]                            INFO Iter: 22	 Loss: 526.727230985	 Delta: 2.75410352027

Sun, 21 Dec 2014 13:26:27 nmf.py[line:109]                            INFO Iter: 23	 Loss: 524.420260728	 Delta: 2.30697025699

Sun, 21 Dec 2014 13:26:32 nmf.py[line:109]                            INFO Iter: 24	 Loss: 522.6345069	 Delta: 1.78575382752

Sun, 21 Dec 2014 13:26:38 nmf.py[line:109]                            INFO Iter: 25	 Loss: 521.080922553	 Delta: 1.55358434732

Sun, 21 Dec 2014 13:26:43 nmf.py[line:109]                            INFO Iter: 26	 Loss: 519.458211551	 Delta: 1.62271100231

Sun, 21 Dec 2014 13:26:48 nmf.py[line:109]                            INFO Iter: 27	 Loss: 517.524308622	 Delta: 1.93390292825

Sun, 21 Dec 2014 13:26:54 nmf.py[line:109]                            INFO Iter: 28	 Loss: 514.943815436	 Delta: 2.58049318616

Sun, 21 Dec 2014 13:26:59 nmf.py[line:109]                            INFO Iter: 29	 Loss: 512.719184218	 Delta: 2.22463121857

Sun, 21 Dec 2014 13:27:05 nmf.py[line:109]                            INFO Iter: 30	 Loss: 510.703487687	 Delta: 2.01569653032

Sun, 21 Dec 2014 13:27:10 nmf.py[line:109]                            INFO Iter: 31	 Loss: 508.807574709	 Delta: 1.89591297801

Sun, 21 Dec 2014 13:27:16 nmf.py[line:109]                            INFO Iter: 32	 Loss: 507.19420751	 Delta: 1.61336719882

Sun, 21 Dec 2014 13:27:21 nmf.py[line:109]                            INFO Iter: 33	 Loss: 505.713071335	 Delta: 1.48113617573

Sun, 21 Dec 2014 13:27:27 nmf.py[line:109]                            INFO Iter: 34	 Loss: 504.396816173	 Delta: 1.31625516168

Sun, 21 Dec 2014 13:27:33 nmf.py[line:109]                            INFO Iter: 35	 Loss: 503.22129026	 Delta: 1.17552591339

Sun, 21 Dec 2014 13:27:39 nmf.py[line:109]                            INFO Iter: 36	 Loss: 502.12542912	 Delta: 1.09586113928

Sun, 21 Dec 2014 13:27:44 nmf.py[line:109]                            INFO Iter: 37	 Loss: 501.203310746	 Delta: 0.922118374755

Sun, 21 Dec 2014 13:27:44 nmf.py[line:113]                            INFO NMF OK
Sun, 21 Dec 2014 13:27:46 demo_at_tsinghua_filter_by_10.py[line:148]                            INFO [ok]

Sun, 21 Dec 2014 13:27:46 demo_at_tsinghua_filter_by_10.py[line:150]                            INFO 	 fold_id:0

Sun, 21 Dec 2014 13:27:46 demo_at_tsinghua_filter_by_10.py[line:152]                            INFO 	recall at 10:
Sun, 21 Dec 2014 13:28:03 demo_at_tsinghua_filter_by_10.py[line:177]                            INFO 		t-model NMF :  0.301633986928

Sun, 21 Dec 2014 13:28:03 demo_at_tsinghua_filter_by_10.py[line:178]                            INFO 		f-model NMF :  0.283926904095

Sun, 21 Dec 2014 13:28:03 demo_at_tsinghua_filter_by_10.py[line:179]                            INFO 		JPPCF :  0.287908496732

Sun, 21 Dec 2014 13:28:03 demo_at_tsinghua_filter_by_10.py[line:152]                            INFO 	recall at 50:
Sun, 21 Dec 2014 13:28:23 demo_at_tsinghua_filter_by_10.py[line:177]                            INFO 		t-model NMF :  0.557806455916

Sun, 21 Dec 2014 13:28:23 demo_at_tsinghua_filter_by_10.py[line:178]                            INFO 		f-model NMF :  0.578037881819

Sun, 21 Dec 2014 13:28:23 demo_at_tsinghua_filter_by_10.py[line:179]                            INFO 		JPPCF :  0.542166866747

Sun, 21 Dec 2014 13:28:23 demo_at_tsinghua_filter_by_10.py[line:152]                            INFO 	recall at 100:
Sun, 21 Dec 2014 13:28:42 demo_at_tsinghua_filter_by_10.py[line:177]                            INFO 		t-model NMF :  0.652350940376

Sun, 21 Dec 2014 13:28:42 demo_at_tsinghua_filter_by_10.py[line:178]                            INFO 		f-model NMF :  0.672545684941

Sun, 21 Dec 2014 13:28:42 demo_at_tsinghua_filter_by_10.py[line:179]                            INFO 		JPPCF :  0.632172869148

Sun, 21 Dec 2014 13:28:42 demo_at_tsinghua_filter_by_10.py[line:152]                            INFO 	recall at 300:
Sun, 21 Dec 2014 13:29:01 demo_at_tsinghua_filter_by_10.py[line:177]                            INFO 		t-model NMF :  0.835737628385

Sun, 21 Dec 2014 13:29:01 demo_at_tsinghua_filter_by_10.py[line:178]                            INFO 		f-model NMF :  0.849373082566

Sun, 21 Dec 2014 13:29:01 demo_at_tsinghua_filter_by_10.py[line:179]                            INFO 		JPPCF :  0.792720421502

Sun, 21 Dec 2014 13:29:01 demo_at_tsinghua_filter_by_10.py[line:152]                            INFO 	recall at 500:
Sun, 21 Dec 2014 13:29:21 demo_at_tsinghua_filter_by_10.py[line:177]                            INFO 		t-model NMF :  0.879201680672

Sun, 21 Dec 2014 13:29:21 demo_at_tsinghua_filter_by_10.py[line:178]                            INFO 		f-model NMF :  0.884103641457

Sun, 21 Dec 2014 13:29:21 demo_at_tsinghua_filter_by_10.py[line:179]                            INFO 		JPPCF :  0.862745098039

Sun, 21 Dec 2014 13:29:21 demo_at_tsinghua_filter_by_10.py[line:152]                            INFO 	recall at 1000:
Sun, 21 Dec 2014 13:29:41 demo_at_tsinghua_filter_by_10.py[line:177]                            INFO 		t-model NMF :  0.892156862745

Sun, 21 Dec 2014 13:29:41 demo_at_tsinghua_filter_by_10.py[line:178]                            INFO 		f-model NMF :  0.897759103641

Sun, 21 Dec 2014 13:29:41 demo_at_tsinghua_filter_by_10.py[line:179]                            INFO 		JPPCF :  0.922969187675

Sun, 21 Dec 2014 13:29:41 demo_at_tsinghua_filter_by_10.py[line:181]                            INFO current_time_step: 2

Sun, 21 Dec 2014 13:29:41 demo_at_tsinghua_filter_by_10.py[line:184]                            INFO 	recall at 10:
Sun, 21 Dec 2014 13:29:41 demo_at_tsinghua_filter_by_10.py[line:188]                            INFO 		avg t-model NMF :  0.301633986928

Sun, 21 Dec 2014 13:29:41 demo_at_tsinghua_filter_by_10.py[line:189]                            INFO 		avg f-model NMF :  0.283926904095

Sun, 21 Dec 2014 13:29:41 demo_at_tsinghua_filter_by_10.py[line:190]                            INFO 		avg JPPCF :  0.287908496732

Sun, 21 Dec 2014 13:29:41 demo_at_tsinghua_filter_by_10.py[line:184]                            INFO 	recall at 50:
Sun, 21 Dec 2014 13:29:41 demo_at_tsinghua_filter_by_10.py[line:188]                            INFO 		avg t-model NMF :  0.557806455916

Sun, 21 Dec 2014 13:29:41 demo_at_tsinghua_filter_by_10.py[line:189]                            INFO 		avg f-model NMF :  0.578037881819

Sun, 21 Dec 2014 13:29:41 demo_at_tsinghua_filter_by_10.py[line:190]                            INFO 		avg JPPCF :  0.542166866747

Sun, 21 Dec 2014 13:29:41 demo_at_tsinghua_filter_by_10.py[line:184]                            INFO 	recall at 100:
Sun, 21 Dec 2014 13:29:41 demo_at_tsinghua_filter_by_10.py[line:188]                            INFO 		avg t-model NMF :  0.652350940376

Sun, 21 Dec 2014 13:29:41 demo_at_tsinghua_filter_by_10.py[line:189]                            INFO 		avg f-model NMF :  0.672545684941

Sun, 21 Dec 2014 13:29:41 demo_at_tsinghua_filter_by_10.py[line:190]                            INFO 		avg JPPCF :  0.632172869148

Sun, 21 Dec 2014 13:29:41 demo_at_tsinghua_filter_by_10.py[line:184]                            INFO 	recall at 300:
Sun, 21 Dec 2014 13:29:41 demo_at_tsinghua_filter_by_10.py[line:188]                            INFO 		avg t-model NMF :  0.835737628385

Sun, 21 Dec 2014 13:29:41 demo_at_tsinghua_filter_by_10.py[line:189]                            INFO 		avg f-model NMF :  0.849373082566

Sun, 21 Dec 2014 13:29:41 demo_at_tsinghua_filter_by_10.py[line:190]                            INFO 		avg JPPCF :  0.792720421502

Sun, 21 Dec 2014 13:29:41 demo_at_tsinghua_filter_by_10.py[line:184]                            INFO 	recall at 500:
Sun, 21 Dec 2014 13:29:41 demo_at_tsinghua_filter_by_10.py[line:188]                            INFO 		avg t-model NMF :  0.879201680672

Sun, 21 Dec 2014 13:29:41 demo_at_tsinghua_filter_by_10.py[line:189]                            INFO 		avg f-model NMF :  0.884103641457

Sun, 21 Dec 2014 13:29:41 demo_at_tsinghua_filter_by_10.py[line:190]                            INFO 		avg JPPCF :  0.862745098039

Sun, 21 Dec 2014 13:29:41 demo_at_tsinghua_filter_by_10.py[line:184]                            INFO 	recall at 1000:
Sun, 21 Dec 2014 13:29:41 demo_at_tsinghua_filter_by_10.py[line:188]                            INFO 		avg t-model NMF :  0.892156862745

Sun, 21 Dec 2014 13:29:41 demo_at_tsinghua_filter_by_10.py[line:189]                            INFO 		avg f-model NMF :  0.897759103641

Sun, 21 Dec 2014 13:29:41 demo_at_tsinghua_filter_by_10.py[line:190]                            INFO 		avg JPPCF :  0.922969187675

Sun, 21 Dec 2014 13:29:41 demo_at_tsinghua_filter_by_10.py[line:204]                            INFO =========================

Sun, 21 Dec 2014 13:29:41 demo_at_tsinghua_filter_by_10.py[line:102]                            INFO 
=========================

Sun, 21 Dec 2014 13:29:41 demo_at_tsinghua_filter_by_10.py[line:103]                            INFO time_step number %i:	3
Sun, 21 Dec 2014 13:29:41 demo_at_tsinghua_filter_by_10.py[line:104]                            INFO ----------------

Sun, 21 Dec 2014 13:29:42 demo_at_tsinghua_filter_by_10.py[line:119]                            INFO non zero cell num: 2740
Sun, 21 Dec 2014 13:29:42 demo_at_tsinghua_filter_by_10.py[line:122]                            INFO computing JPP decomposition...
Sun, 21 Dec 2014 13:31:40 JPPCF.py[line:86]                            INFO Iter: 1	 Loss: 5645.29107871	 Delta: 994354.708921

Sun, 21 Dec 2014 13:33:36 JPPCF.py[line:86]                            INFO Iter: 2	 Loss: 5521.44107712	 Delta: 123.850001595

Sun, 21 Dec 2014 13:35:29 JPPCF.py[line:86]                            INFO Iter: 3	 Loss: 4338.18006614	 Delta: 1183.26101098

Sun, 21 Dec 2014 13:37:22 JPPCF.py[line:86]                            INFO Iter: 4	 Loss: 3855.14971371	 Delta: 483.030352427

Sun, 21 Dec 2014 13:39:17 JPPCF.py[line:86]                            INFO Iter: 5	 Loss: 3260.60686018	 Delta: 594.542853536

Sun, 21 Dec 2014 13:41:09 JPPCF.py[line:86]                            INFO Iter: 6	 Loss: 2919.44841361	 Delta: 341.158446566

Sun, 21 Dec 2014 13:42:54 JPPCF.py[line:86]                            INFO Iter: 7	 Loss: 2604.04201897	 Delta: 315.406394645

Sun, 21 Dec 2014 13:44:49 JPPCF.py[line:86]                            INFO Iter: 8	 Loss: 2319.35408157	 Delta: 284.687937399

Sun, 21 Dec 2014 13:46:44 JPPCF.py[line:86]                            INFO Iter: 9	 Loss: 2097.92061632	 Delta: 221.433465252

Sun, 21 Dec 2014 13:48:38 JPPCF.py[line:86]                            INFO Iter: 10	 Loss: 1931.82133972	 Delta: 166.099276601

Sun, 21 Dec 2014 13:50:29 JPPCF.py[line:86]                            INFO Iter: 11	 Loss: 1816.54859414	 Delta: 115.272745572

Sun, 21 Dec 2014 13:52:20 JPPCF.py[line:86]                            INFO Iter: 12	 Loss: 1738.32884223	 Delta: 78.2197519081

Sun, 21 Dec 2014 13:54:15 JPPCF.py[line:86]                            INFO Iter: 13	 Loss: 1684.0069406	 Delta: 54.3219016358

Sun, 21 Dec 2014 13:56:09 JPPCF.py[line:86]                            INFO Iter: 14	 Loss: 1643.40291232	 Delta: 40.6040282762

Sun, 21 Dec 2014 13:58:06 JPPCF.py[line:86]                            INFO Iter: 15	 Loss: 1605.72592827	 Delta: 37.6769840549

Sun, 21 Dec 2014 14:00:00 JPPCF.py[line:86]                            INFO Iter: 16	 Loss: 1570.26670158	 Delta: 35.459226686

Sun, 21 Dec 2014 14:01:49 JPPCF.py[line:86]                            INFO Iter: 17	 Loss: 1544.7332905	 Delta: 25.5334110809

Sun, 21 Dec 2014 14:03:41 JPPCF.py[line:86]                            INFO Iter: 18	 Loss: 1525.4773771	 Delta: 19.2559133999

Sun, 21 Dec 2014 14:05:37 JPPCF.py[line:86]                            INFO Iter: 19	 Loss: 1506.4800457	 Delta: 18.9973313998

Sun, 21 Dec 2014 14:07:34 JPPCF.py[line:86]                            INFO Iter: 20	 Loss: 1489.19646703	 Delta: 17.2835786681

Sun, 21 Dec 2014 14:09:30 JPPCF.py[line:86]                            INFO Iter: 21	 Loss: 1474.35527559	 Delta: 14.841191441

Sun, 21 Dec 2014 14:11:28 JPPCF.py[line:86]                            INFO Iter: 22	 Loss: 1460.95424665	 Delta: 13.4010289387

Sun, 21 Dec 2014 14:13:27 JPPCF.py[line:86]                            INFO Iter: 23	 Loss: 1451.67378342	 Delta: 9.28046323161

Sun, 21 Dec 2014 14:15:22 JPPCF.py[line:86]                            INFO Iter: 24	 Loss: 1443.23309476	 Delta: 8.44068866378

Sun, 21 Dec 2014 14:17:16 JPPCF.py[line:86]                            INFO Iter: 25	 Loss: 1434.51595377	 Delta: 8.71714098926

Sun, 21 Dec 2014 14:19:09 JPPCF.py[line:86]                            INFO Iter: 26	 Loss: 1425.82524527	 Delta: 8.69070850021

Sun, 21 Dec 2014 14:21:06 JPPCF.py[line:86]                            INFO Iter: 27	 Loss: 1414.2460614	 Delta: 11.5791838731

Sun, 21 Dec 2014 14:23:00 JPPCF.py[line:86]                            INFO Iter: 28	 Loss: 1404.87967898	 Delta: 9.36638241216

Sun, 21 Dec 2014 14:24:56 JPPCF.py[line:86]                            INFO Iter: 29	 Loss: 1396.20140092	 Delta: 8.67827806317

Sun, 21 Dec 2014 14:26:48 JPPCF.py[line:86]                            INFO Iter: 30	 Loss: 1387.64672618	 Delta: 8.55467474231

Sun, 21 Dec 2014 14:28:40 JPPCF.py[line:86]                            INFO Iter: 31	 Loss: 1380.75518206	 Delta: 6.89154411531

Sun, 21 Dec 2014 14:30:33 JPPCF.py[line:86]                            INFO Iter: 32	 Loss: 1375.07098337	 Delta: 5.68419869586

Sun, 21 Dec 2014 14:32:28 JPPCF.py[line:86]                            INFO Iter: 33	 Loss: 1370.63315234	 Delta: 4.43783103041

Sun, 21 Dec 2014 14:34:22 JPPCF.py[line:86]                            INFO Iter: 34	 Loss: 1364.96495069	 Delta: 5.66820164869

Sun, 21 Dec 2014 14:36:12 JPPCF.py[line:86]                            INFO Iter: 35	 Loss: 1358.06776783	 Delta: 6.89718285974

Sun, 21 Dec 2014 14:38:03 JPPCF.py[line:86]                            INFO Iter: 36	 Loss: 1352.39530346	 Delta: 5.67246436435

Sun, 21 Dec 2014 14:39:58 JPPCF.py[line:86]                            INFO Iter: 37	 Loss: 1348.62128524	 Delta: 3.77401822661

Sun, 21 Dec 2014 14:41:57 JPPCF.py[line:86]                            INFO Iter: 38	 Loss: 1345.38523288	 Delta: 3.23605236127

Sun, 21 Dec 2014 14:43:50 JPPCF.py[line:86]                            INFO Iter: 39	 Loss: 1341.92833803	 Delta: 3.45689484891

Sun, 21 Dec 2014 14:45:41 JPPCF.py[line:86]                            INFO Iter: 40	 Loss: 1338.38699481	 Delta: 3.54134321302

Sun, 21 Dec 2014 14:47:39 JPPCF.py[line:86]                            INFO Iter: 41	 Loss: 1334.46150573	 Delta: 3.9254890833

Sun, 21 Dec 2014 14:49:36 JPPCF.py[line:86]                            INFO Iter: 42	 Loss: 1330.73524352	 Delta: 3.72626220728

Sun, 21 Dec 2014 14:51:35 JPPCF.py[line:86]                            INFO Iter: 43	 Loss: 1327.47191879	 Delta: 3.26332473378

Sun, 21 Dec 2014 14:53:33 JPPCF.py[line:86]                            INFO Iter: 44	 Loss: 1324.64163328	 Delta: 2.83028551409

Sun, 21 Dec 2014 14:55:31 JPPCF.py[line:86]                            INFO Iter: 45	 Loss: 1321.77132047	 Delta: 2.87031280786

Sun, 21 Dec 2014 14:57:32 JPPCF.py[line:86]                            INFO Iter: 46	 Loss: 1318.73595563	 Delta: 3.03536483578

Sun, 21 Dec 2014 14:59:30 JPPCF.py[line:86]                            INFO Iter: 47	 Loss: 1314.63038484	 Delta: 4.10557078837

Sun, 21 Dec 2014 15:01:26 JPPCF.py[line:86]                            INFO Iter: 48	 Loss: 1311.14831816	 Delta: 3.48206667898

Sun, 21 Dec 2014 15:03:26 JPPCF.py[line:86]                            INFO Iter: 49	 Loss: 1307.84022797	 Delta: 3.30809019388

Sun, 21 Dec 2014 15:05:24 JPPCF.py[line:86]                            INFO Iter: 50	 Loss: 1304.45284416	 Delta: 3.38738381112

Sun, 21 Dec 2014 15:07:22 JPPCF.py[line:86]                            INFO Iter: 51	 Loss: 1300.79131467	 Delta: 3.66152948527

Sun, 21 Dec 2014 15:09:16 JPPCF.py[line:86]                            INFO Iter: 52	 Loss: 1297.87142782	 Delta: 2.91988685085

Sun, 21 Dec 2014 15:11:11 JPPCF.py[line:86]                            INFO Iter: 53	 Loss: 1295.26736674	 Delta: 2.60406108593

Sun, 21 Dec 2014 15:13:02 JPPCF.py[line:86]                            INFO Iter: 54	 Loss: 1292.48401856	 Delta: 2.78334818051

Sun, 21 Dec 2014 15:14:54 JPPCF.py[line:86]                            INFO Iter: 55	 Loss: 1288.77558415	 Delta: 3.70843440403

Sun, 21 Dec 2014 15:16:51 JPPCF.py[line:86]                            INFO Iter: 56	 Loss: 1284.99339622	 Delta: 3.78218793612

Sun, 21 Dec 2014 15:18:47 JPPCF.py[line:86]                            INFO Iter: 57	 Loss: 1282.67081024	 Delta: 2.32258597271

Sun, 21 Dec 2014 15:20:42 JPPCF.py[line:86]                            INFO Iter: 58	 Loss: 1281.15654176	 Delta: 1.51426848079

Sun, 21 Dec 2014 15:22:40 JPPCF.py[line:86]                            INFO Iter: 59	 Loss: 1279.66787215	 Delta: 1.4886696119

Sun, 21 Dec 2014 15:24:35 JPPCF.py[line:86]                            INFO Iter: 60	 Loss: 1278.06611542	 Delta: 1.60175673123

Sun, 21 Dec 2014 15:26:28 JPPCF.py[line:86]                            INFO Iter: 61	 Loss: 1276.47057575	 Delta: 1.59553966971

Sun, 21 Dec 2014 15:28:22 JPPCF.py[line:86]                            INFO Iter: 62	 Loss: 1274.38737233	 Delta: 2.08320342317

Sun, 21 Dec 2014 15:30:16 JPPCF.py[line:86]                            INFO Iter: 63	 Loss: 1272.14625483	 Delta: 2.24111749228

Sun, 21 Dec 2014 15:32:12 JPPCF.py[line:86]                            INFO Iter: 64	 Loss: 1269.92888367	 Delta: 2.21737116776

Sun, 21 Dec 2014 15:34:04 JPPCF.py[line:86]                            INFO Iter: 65	 Loss: 1267.36979865	 Delta: 2.55908502095

Sun, 21 Dec 2014 15:36:01 JPPCF.py[line:86]                            INFO Iter: 66	 Loss: 1265.73092924	 Delta: 1.63886941095

Sun, 21 Dec 2014 15:37:52 JPPCF.py[line:86]                            INFO Iter: 67	 Loss: 1263.88378156	 Delta: 1.84714767039

Sun, 21 Dec 2014 15:39:45 JPPCF.py[line:86]                            INFO Iter: 68	 Loss: 1260.44695878	 Delta: 3.43682278892

Sun, 21 Dec 2014 15:41:39 JPPCF.py[line:86]                            INFO Iter: 69	 Loss: 1257.13526241	 Delta: 3.31169636935

Sun, 21 Dec 2014 15:41:39 JPPCF.py[line:88]                            INFO JPPCF OK

Sun, 21 Dec 2014 15:41:41 demo_at_tsinghua_filter_by_10.py[line:128]                            INFO [ok]
computing t-model NMF decomposition...
Sun, 21 Dec 2014 15:41:47 nmf.py[line:109]                            INFO Iter: 1	 Loss: 2745.88786405	 Delta: 997254.112136

Sun, 21 Dec 2014 15:41:53 nmf.py[line:109]                            INFO Iter: 2	 Loss: 2605.14439391	 Delta: 140.743470139

Sun, 21 Dec 2014 15:41:58 nmf.py[line:109]                            INFO Iter: 3	 Loss: 2428.15440794	 Delta: 176.989985973

Sun, 21 Dec 2014 15:42:04 nmf.py[line:109]                            INFO Iter: 4	 Loss: 2168.24901312	 Delta: 259.905394817

Sun, 21 Dec 2014 15:42:10 nmf.py[line:109]                            INFO Iter: 5	 Loss: 1862.29524972	 Delta: 305.953763397

Sun, 21 Dec 2014 15:42:16 nmf.py[line:109]                            INFO Iter: 6	 Loss: 1644.13418172	 Delta: 218.161068007

Sun, 21 Dec 2014 15:42:22 nmf.py[line:109]                            INFO Iter: 7	 Loss: 1499.92846343	 Delta: 144.205718292

Sun, 21 Dec 2014 15:42:27 nmf.py[line:109]                            INFO Iter: 8	 Loss: 1403.83788183	 Delta: 96.0905815927

Sun, 21 Dec 2014 15:42:32 nmf.py[line:109]                            INFO Iter: 9	 Loss: 1337.09474659	 Delta: 66.7431352438

Sun, 21 Dec 2014 15:42:38 nmf.py[line:109]                            INFO Iter: 10	 Loss: 1284.86383542	 Delta: 52.2309111705

Sun, 21 Dec 2014 15:42:44 nmf.py[line:109]                            INFO Iter: 11	 Loss: 1243.84857271	 Delta: 41.0152627075

Sun, 21 Dec 2014 15:42:50 nmf.py[line:109]                            INFO Iter: 12	 Loss: 1210.30632199	 Delta: 33.5422507221

Sun, 21 Dec 2014 15:42:56 nmf.py[line:109]                            INFO Iter: 13	 Loss: 1183.37417212	 Delta: 26.9321498719

Sun, 21 Dec 2014 15:43:02 nmf.py[line:109]                            INFO Iter: 14	 Loss: 1162.0084617	 Delta: 21.365710413

Sun, 21 Dec 2014 15:43:08 nmf.py[line:109]                            INFO Iter: 15	 Loss: 1144.73076631	 Delta: 17.2776953921

Sun, 21 Dec 2014 15:43:14 nmf.py[line:109]                            INFO Iter: 16	 Loss: 1130.71698008	 Delta: 14.0137862279

Sun, 21 Dec 2014 15:43:19 nmf.py[line:109]                            INFO Iter: 17	 Loss: 1119.34631386	 Delta: 11.3706662282

Sun, 21 Dec 2014 15:43:25 nmf.py[line:109]                            INFO Iter: 18	 Loss: 1110.16698005	 Delta: 9.1793338061

Sun, 21 Dec 2014 15:43:31 nmf.py[line:109]                            INFO Iter: 19	 Loss: 1102.91400495	 Delta: 7.25297510375

Sun, 21 Dec 2014 15:43:37 nmf.py[line:109]                            INFO Iter: 20	 Loss: 1097.185903	 Delta: 5.72810194474

Sun, 21 Dec 2014 15:43:43 nmf.py[line:109]                            INFO Iter: 21	 Loss: 1092.43018682	 Delta: 4.75571617756

Sun, 21 Dec 2014 15:43:49 nmf.py[line:109]                            INFO Iter: 22	 Loss: 1088.22404581	 Delta: 4.20614101735

Sun, 21 Dec 2014 15:43:56 nmf.py[line:109]                            INFO Iter: 23	 Loss: 1084.30645754	 Delta: 3.91758827087

Sun, 21 Dec 2014 15:44:02 nmf.py[line:109]                            INFO Iter: 24	 Loss: 1080.64937442	 Delta: 3.65708311108

Sun, 21 Dec 2014 15:44:08 nmf.py[line:109]                            INFO Iter: 25	 Loss: 1077.44734426	 Delta: 3.20203016555

Sun, 21 Dec 2014 15:44:14 nmf.py[line:109]                            INFO Iter: 26	 Loss: 1074.83381475	 Delta: 2.61352950821

Sun, 21 Dec 2014 15:44:20 nmf.py[line:109]                            INFO Iter: 27	 Loss: 1072.5927116	 Delta: 2.24110314854

Sun, 21 Dec 2014 15:44:26 nmf.py[line:109]                            INFO Iter: 28	 Loss: 1070.6699446	 Delta: 1.92276700217

Sun, 21 Dec 2014 15:44:32 nmf.py[line:109]                            INFO Iter: 29	 Loss: 1069.0541102	 Delta: 1.61583440191

Sun, 21 Dec 2014 15:44:38 nmf.py[line:109]                            INFO Iter: 30	 Loss: 1067.72583977	 Delta: 1.32827042889

Sun, 21 Dec 2014 15:44:44 nmf.py[line:109]                            INFO Iter: 31	 Loss: 1066.62936411	 Delta: 1.09647566304

Sun, 21 Dec 2014 15:44:50 nmf.py[line:109]                            INFO Iter: 32	 Loss: 1065.45765375	 Delta: 1.17171035438

Sun, 21 Dec 2014 15:44:56 nmf.py[line:109]                            INFO Iter: 33	 Loss: 1064.32153175	 Delta: 1.13612200354

Sun, 21 Dec 2014 15:45:02 nmf.py[line:109]                            INFO Iter: 34	 Loss: 1063.08988071	 Delta: 1.23165103441

Sun, 21 Dec 2014 15:45:08 nmf.py[line:109]                            INFO Iter: 35	 Loss: 1061.20349768	 Delta: 1.88638303071

Sun, 21 Dec 2014 15:45:14 nmf.py[line:109]                            INFO Iter: 36	 Loss: 1059.21203075	 Delta: 1.99146693209

Sun, 21 Dec 2014 15:45:20 nmf.py[line:109]                            INFO Iter: 37	 Loss: 1057.4004113	 Delta: 1.81161945458

Sun, 21 Dec 2014 15:45:26 nmf.py[line:109]                            INFO Iter: 38	 Loss: 1055.8291953	 Delta: 1.57121599865

Sun, 21 Dec 2014 15:45:32 nmf.py[line:109]                            INFO Iter: 39	 Loss: 1054.36619978	 Delta: 1.46299551799

Sun, 21 Dec 2014 15:45:38 nmf.py[line:109]                            INFO Iter: 40	 Loss: 1052.9469484	 Delta: 1.41925137451

Sun, 21 Dec 2014 15:45:44 nmf.py[line:109]                            INFO Iter: 41	 Loss: 1051.46769997	 Delta: 1.47924843763

Sun, 21 Dec 2014 15:45:50 nmf.py[line:109]                            INFO Iter: 42	 Loss: 1049.81830828	 Delta: 1.64939168854

Sun, 21 Dec 2014 15:45:56 nmf.py[line:109]                            INFO Iter: 43	 Loss: 1048.06707968	 Delta: 1.7512285975

Sun, 21 Dec 2014 15:46:03 nmf.py[line:109]                            INFO Iter: 44	 Loss: 1046.35631245	 Delta: 1.71076723589

Sun, 21 Dec 2014 15:46:09 nmf.py[line:109]                            INFO Iter: 45	 Loss: 1044.76556821	 Delta: 1.59074423945

Sun, 21 Dec 2014 15:46:14 nmf.py[line:109]                            INFO Iter: 46	 Loss: 1043.28127978	 Delta: 1.48428843016

Sun, 21 Dec 2014 15:46:20 nmf.py[line:109]                            INFO Iter: 47	 Loss: 1042.14562418	 Delta: 1.13565559215

Sun, 21 Dec 2014 15:46:26 nmf.py[line:109]                            INFO Iter: 48	 Loss: 1041.33588677	 Delta: 0.809737413686

Sun, 21 Dec 2014 15:46:26 nmf.py[line:113]                            INFO NMF OK
Sun, 21 Dec 2014 15:46:28 demo_at_tsinghua_filter_by_10.py[line:134]                            INFO [ok]
computing fix_model NMF decomposition...
Sun, 21 Dec 2014 15:46:29 demo_at_tsinghua_filter_by_10.py[line:142]                            INFO non zero cell num: 4612
Sun, 21 Dec 2014 15:46:35 nmf.py[line:109]                            INFO Iter: 1	 Loss: 4624.2318317	 Delta: 995375.768168

Sun, 21 Dec 2014 15:46:40 nmf.py[line:109]                            INFO Iter: 2	 Loss: 4431.5805965	 Delta: 192.651235201

Sun, 21 Dec 2014 15:46:46 nmf.py[line:109]                            INFO Iter: 3	 Loss: 4163.3514255	 Delta: 268.229171

Sun, 21 Dec 2014 15:46:52 nmf.py[line:109]                            INFO Iter: 4	 Loss: 3712.02674096	 Delta: 451.32468454

Sun, 21 Dec 2014 15:46:58 nmf.py[line:109]                            INFO Iter: 5	 Loss: 3276.92491902	 Delta: 435.101821938

Sun, 21 Dec 2014 15:47:04 nmf.py[line:109]                            INFO Iter: 6	 Loss: 2921.95025046	 Delta: 354.97466856

Sun, 21 Dec 2014 15:47:09 nmf.py[line:109]                            INFO Iter: 7	 Loss: 2690.99453826	 Delta: 230.955712203

Sun, 21 Dec 2014 15:47:15 nmf.py[line:109]                            INFO Iter: 8	 Loss: 2522.62376863	 Delta: 168.370769631

Sun, 21 Dec 2014 15:47:21 nmf.py[line:109]                            INFO Iter: 9	 Loss: 2386.59811734	 Delta: 136.025651288

Sun, 21 Dec 2014 15:47:26 nmf.py[line:109]                            INFO Iter: 10	 Loss: 2274.50695206	 Delta: 112.091165286

Sun, 21 Dec 2014 15:47:32 nmf.py[line:109]                            INFO Iter: 11	 Loss: 2184.33328215	 Delta: 90.1736699016

Sun, 21 Dec 2014 15:47:39 nmf.py[line:109]                            INFO Iter: 12	 Loss: 2113.87173709	 Delta: 70.4615450626

Sun, 21 Dec 2014 15:47:45 nmf.py[line:109]                            INFO Iter: 13	 Loss: 2060.49520887	 Delta: 53.3765282234

Sun, 21 Dec 2014 15:47:53 nmf.py[line:109]                            INFO Iter: 14	 Loss: 2021.27907695	 Delta: 39.2161319164

Sun, 21 Dec 2014 15:47:59 nmf.py[line:109]                            INFO Iter: 15	 Loss: 1993.28399897	 Delta: 27.9950779865

Sun, 21 Dec 2014 15:48:05 nmf.py[line:109]                            INFO Iter: 16	 Loss: 1972.1840115	 Delta: 21.0999874684

Sun, 21 Dec 2014 15:48:11 nmf.py[line:109]                            INFO Iter: 17	 Loss: 1955.19380576	 Delta: 16.9902057375

Sun, 21 Dec 2014 15:48:18 nmf.py[line:109]                            INFO Iter: 18	 Loss: 1941.1730793	 Delta: 14.0207264589

Sun, 21 Dec 2014 15:48:24 nmf.py[line:109]                            INFO Iter: 19	 Loss: 1929.109991	 Delta: 12.0630882959

Sun, 21 Dec 2014 15:48:31 nmf.py[line:109]                            INFO Iter: 20	 Loss: 1919.78927205	 Delta: 9.32071895743

Sun, 21 Dec 2014 15:48:38 nmf.py[line:109]                            INFO Iter: 21	 Loss: 1913.20992944	 Delta: 6.57934261117

