Sun, 21 Dec 2014 10:47:16 demo_at_tsinghua_filter_by_10.py[line:82]                            INFO user num: 3431

Sun, 21 Dec 2014 10:47:16 demo_at_tsinghua_filter_by_10.py[line:83]                            INFO doc num: 7710

Sun, 21 Dec 2014 10:47:16 demo_at_tsinghua_filter_by_10.py[line:84]                            INFO time step num: 20

Sun, 21 Dec 2014 10:47:17 demo_at_tsinghua_filter_by_10.py[line:91]                            INFO non zero cell num: 1338
Sun, 21 Dec 2014 10:47:17 demo_at_tsinghua_filter_by_10.py[line:92]                            INFO start nmf:

Sun, 21 Dec 2014 10:47:23 nmf.py[line:109]                            INFO Iter: 1	 Loss: 1341.49744955	 Delta: 998658.50255

Sun, 21 Dec 2014 10:47:29 nmf.py[line:109]                            INFO Iter: 2	 Loss: 1198.61911783	 Delta: 142.878331719

Sun, 21 Dec 2014 10:47:34 nmf.py[line:109]                            INFO Iter: 3	 Loss: 1069.5165161	 Delta: 129.102601726

Sun, 21 Dec 2014 10:47:40 nmf.py[line:109]                            INFO Iter: 4	 Loss: 866.700786815	 Delta: 202.815729286

Sun, 21 Dec 2014 10:47:46 nmf.py[line:109]                            INFO Iter: 5	 Loss: 704.330988	 Delta: 162.369798814

Sun, 21 Dec 2014 10:47:52 nmf.py[line:109]                            INFO Iter: 6	 Loss: 570.348743246	 Delta: 133.982244754

Sun, 21 Dec 2014 10:47:58 nmf.py[line:109]                            INFO Iter: 7	 Loss: 481.51132239	 Delta: 88.837420856

Sun, 21 Dec 2014 10:48:05 nmf.py[line:109]                            INFO Iter: 8	 Loss: 417.946747511	 Delta: 63.5645748786

Sun, 21 Dec 2014 10:48:11 nmf.py[line:109]                            INFO Iter: 9	 Loss: 372.131854732	 Delta: 45.8148927794

Sun, 21 Dec 2014 10:48:17 nmf.py[line:109]                            INFO Iter: 10	 Loss: 337.034812102	 Delta: 35.0970426301

Sun, 21 Dec 2014 10:48:22 nmf.py[line:109]                            INFO Iter: 11	 Loss: 310.398214667	 Delta: 26.636597435

Sun, 21 Dec 2014 10:48:28 nmf.py[line:109]                            INFO Iter: 12	 Loss: 289.77007907	 Delta: 20.6281355966

Sun, 21 Dec 2014 10:48:34 nmf.py[line:109]                            INFO Iter: 13	 Loss: 274.4224401	 Delta: 15.3476389701

Sun, 21 Dec 2014 10:48:40 nmf.py[line:109]                            INFO Iter: 14	 Loss: 263.190994716	 Delta: 11.2314453841

Sun, 21 Dec 2014 10:48:46 nmf.py[line:109]                            INFO Iter: 15	 Loss: 254.547448386	 Delta: 8.6435463302

Sun, 21 Dec 2014 10:48:52 nmf.py[line:109]                            INFO Iter: 16	 Loss: 247.693633446	 Delta: 6.85381493991

Sun, 21 Dec 2014 10:48:58 nmf.py[line:109]                            INFO Iter: 17	 Loss: 241.816511914	 Delta: 5.87712153182

Sun, 21 Dec 2014 10:49:05 nmf.py[line:109]                            INFO Iter: 18	 Loss: 235.794033213	 Delta: 6.02247870154

Sun, 21 Dec 2014 10:49:11 nmf.py[line:109]                            INFO Iter: 19	 Loss: 229.198959277	 Delta: 6.59507393556

Sun, 21 Dec 2014 10:49:16 nmf.py[line:109]                            INFO Iter: 20	 Loss: 223.608707584	 Delta: 5.59025169246

Sun, 21 Dec 2014 10:49:23 nmf.py[line:109]                            INFO Iter: 21	 Loss: 218.743274715	 Delta: 4.86543286946

Sun, 21 Dec 2014 10:49:28 nmf.py[line:109]                            INFO Iter: 22	 Loss: 214.491158082	 Delta: 4.25211663294

Sun, 21 Dec 2014 10:49:34 nmf.py[line:109]                            INFO Iter: 23	 Loss: 210.793919619	 Delta: 3.69723846278

Sun, 21 Dec 2014 10:49:41 nmf.py[line:109]                            INFO Iter: 24	 Loss: 207.192840685	 Delta: 3.60107893435

Sun, 21 Dec 2014 10:49:47 nmf.py[line:109]                            INFO Iter: 25	 Loss: 203.755226872	 Delta: 3.4376138133

Sun, 21 Dec 2014 10:49:52 nmf.py[line:109]                            INFO Iter: 26	 Loss: 201.009525463	 Delta: 2.74570140886

Sun, 21 Dec 2014 10:49:59 nmf.py[line:109]                            INFO Iter: 27	 Loss: 198.658861057	 Delta: 2.35066440614

Sun, 21 Dec 2014 10:50:06 nmf.py[line:109]                            INFO Iter: 28	 Loss: 196.494552003	 Delta: 2.16430905362

Sun, 21 Dec 2014 10:50:12 nmf.py[line:109]                            INFO Iter: 29	 Loss: 194.400459539	 Delta: 2.0940924642

Sun, 21 Dec 2014 10:50:18 nmf.py[line:109]                            INFO Iter: 30	 Loss: 192.351530564	 Delta: 2.04892897473

Sun, 21 Dec 2014 10:50:23 nmf.py[line:109]                            INFO Iter: 31	 Loss: 190.183095184	 Delta: 2.1684353802

Sun, 21 Dec 2014 10:50:29 nmf.py[line:109]                            INFO Iter: 32	 Loss: 187.647714714	 Delta: 2.53538047017

Sun, 21 Dec 2014 10:50:36 nmf.py[line:109]                            INFO Iter: 33	 Loss: 185.498221179	 Delta: 2.14949353444

Sun, 21 Dec 2014 10:50:42 nmf.py[line:109]                            INFO Iter: 34	 Loss: 183.675601511	 Delta: 1.82261966878

Sun, 21 Dec 2014 10:50:49 nmf.py[line:109]                            INFO Iter: 35	 Loss: 182.031886491	 Delta: 1.64371501977

Sun, 21 Dec 2014 10:50:55 nmf.py[line:109]                            INFO Iter: 36	 Loss: 180.608017454	 Delta: 1.42386903639

Sun, 21 Dec 2014 10:51:01 nmf.py[line:109]                            INFO Iter: 37	 Loss: 179.360648394	 Delta: 1.2473690608

Sun, 21 Dec 2014 10:51:07 nmf.py[line:109]                            INFO Iter: 38	 Loss: 178.109003084	 Delta: 1.25164530936

Sun, 21 Dec 2014 10:51:14 nmf.py[line:109]                            INFO Iter: 39	 Loss: 175.483189241	 Delta: 2.62581384351

Sun, 21 Dec 2014 10:51:20 nmf.py[line:109]                            INFO Iter: 40	 Loss: 174.335138076	 Delta: 1.14805116473

Sun, 21 Dec 2014 10:51:27 nmf.py[line:109]                            INFO Iter: 41	 Loss: 173.55975821	 Delta: 0.775379866144

Sun, 21 Dec 2014 10:51:27 nmf.py[line:113]                            INFO NMF OK
Sun, 21 Dec 2014 10:51:27 demo_at_tsinghua_filter_by_10.py[line:102]                            INFO 
=========================

Sun, 21 Dec 2014 10:51:27 demo_at_tsinghua_filter_by_10.py[line:103]                            INFO time_step number %i:	2
Sun, 21 Dec 2014 10:51:27 demo_at_tsinghua_filter_by_10.py[line:104]                            INFO ----------------

Sun, 21 Dec 2014 10:51:28 demo_at_tsinghua_filter_by_10.py[line:119]                            INFO non zero cell num: 1665
Sun, 21 Dec 2014 10:51:28 demo_at_tsinghua_filter_by_10.py[line:122]                            INFO computing JPP decomposition...
Sun, 21 Dec 2014 10:53:33 JPPCF.py[line:86]                            INFO Iter: 1	 Loss: 3497.83707792	 Delta: 996502.162922

Sun, 21 Dec 2014 10:55:45 JPPCF.py[line:86]                            INFO Iter: 2	 Loss: 3486.74136515	 Delta: 11.0957127712

Sun, 21 Dec 2014 10:58:31 JPPCF.py[line:86]                            INFO Iter: 3	 Loss: 3010.12346202	 Delta: 476.617903137

Sun, 21 Dec 2014 11:01:48 JPPCF.py[line:86]                            INFO Iter: 4	 Loss: 2574.11867395	 Delta: 436.004788068

Sun, 21 Dec 2014 11:05:02 JPPCF.py[line:86]                            INFO Iter: 5	 Loss: 2216.18446446	 Delta: 357.934209491

Sun, 21 Dec 2014 11:08:03 JPPCF.py[line:86]                            INFO Iter: 6	 Loss: 1893.56303476	 Delta: 322.621429698

Sun, 21 Dec 2014 11:11:02 JPPCF.py[line:86]                            INFO Iter: 7	 Loss: 1673.10724877	 Delta: 220.455785992

Sun, 21 Dec 2014 11:14:07 JPPCF.py[line:86]                            INFO Iter: 8	 Loss: 1531.01428412	 Delta: 142.092964644

Sun, 21 Dec 2014 11:16:59 JPPCF.py[line:86]                            INFO Iter: 9	 Loss: 1425.88210776	 Delta: 105.13217636

Sun, 21 Dec 2014 11:19:49 JPPCF.py[line:86]                            INFO Iter: 10	 Loss: 1352.68334102	 Delta: 73.198766744

Sun, 21 Dec 2014 11:22:50 JPPCF.py[line:86]                            INFO Iter: 11	 Loss: 1295.24890563	 Delta: 57.4344353858

Sun, 21 Dec 2014 11:25:51 JPPCF.py[line:86]                            INFO Iter: 12	 Loss: 1242.15775777	 Delta: 53.0911478608

Sun, 21 Dec 2014 11:28:46 JPPCF.py[line:86]                            INFO Iter: 13	 Loss: 1201.79438233	 Delta: 40.36337544

Sun, 21 Dec 2014 11:31:47 JPPCF.py[line:86]                            INFO Iter: 14	 Loss: 1170.3535897	 Delta: 31.4407926302

Sun, 21 Dec 2014 11:34:28 JPPCF.py[line:86]                            INFO Iter: 15	 Loss: 1147.18193172	 Delta: 23.1716579852

Sun, 21 Dec 2014 11:37:18 JPPCF.py[line:86]                            INFO Iter: 16	 Loss: 1130.30926683	 Delta: 16.8726648827

Sun, 21 Dec 2014 11:39:56 JPPCF.py[line:86]                            INFO Iter: 17	 Loss: 1111.85029296	 Delta: 18.4589738734

Sun, 21 Dec 2014 11:42:58 JPPCF.py[line:86]                            INFO Iter: 18	 Loss: 1084.92405171	 Delta: 26.9262412545

Sun, 21 Dec 2014 11:45:32 JPPCF.py[line:86]                            INFO Iter: 19	 Loss: 1069.88403256	 Delta: 15.0400191443

Sun, 21 Dec 2014 11:48:10 JPPCF.py[line:86]                            INFO Iter: 20	 Loss: 1057.8398598	 Delta: 12.0441727612

Sun, 21 Dec 2014 11:50:42 JPPCF.py[line:86]                            INFO Iter: 21	 Loss: 1047.67701425	 Delta: 10.1628455529

Sun, 21 Dec 2014 11:53:14 JPPCF.py[line:86]                            INFO Iter: 22	 Loss: 1039.55406027	 Delta: 8.12295397433

Sun, 21 Dec 2014 11:55:54 JPPCF.py[line:86]                            INFO Iter: 23	 Loss: 1031.30354572	 Delta: 8.25051455362

Sun, 21 Dec 2014 11:58:39 JPPCF.py[line:86]                            INFO Iter: 24	 Loss: 1023.41170963	 Delta: 7.89183608587

Sun, 21 Dec 2014 12:01:10 JPPCF.py[line:86]                            INFO Iter: 25	 Loss: 1015.06262601	 Delta: 8.3490836258

Sun, 21 Dec 2014 12:03:29 JPPCF.py[line:86]                            INFO Iter: 26	 Loss: 1006.63033332	 Delta: 8.43229268425

Sun, 21 Dec 2014 12:05:45 JPPCF.py[line:86]                            INFO Iter: 27	 Loss: 996.417306645	 Delta: 10.2130266795

Sun, 21 Dec 2014 12:08:16 JPPCF.py[line:86]                            INFO Iter: 28	 Loss: 986.792984277	 Delta: 9.62432236834

Sun, 21 Dec 2014 12:10:45 JPPCF.py[line:86]                            INFO Iter: 29	 Loss: 979.340457283	 Delta: 7.45252699419

Sun, 21 Dec 2014 12:13:13 JPPCF.py[line:86]                            INFO Iter: 30	 Loss: 971.020859039	 Delta: 8.31959824333

Sun, 21 Dec 2014 12:15:38 JPPCF.py[line:86]                            INFO Iter: 31	 Loss: 962.772446059	 Delta: 8.24841298063

Sun, 21 Dec 2014 12:18:13 JPPCF.py[line:86]                            INFO Iter: 32	 Loss: 954.459623981	 Delta: 8.31282207752

Sun, 21 Dec 2014 12:20:45 JPPCF.py[line:86]                            INFO Iter: 33	 Loss: 947.126686273	 Delta: 7.33293770827

Sun, 21 Dec 2014 12:23:11 JPPCF.py[line:86]                            INFO Iter: 34	 Loss: 940.633929326	 Delta: 6.49275694683

Sun, 21 Dec 2014 12:25:39 JPPCF.py[line:86]                            INFO Iter: 35	 Loss: 934.080421636	 Delta: 6.55350768957

Sun, 21 Dec 2014 12:27:56 JPPCF.py[line:86]                            INFO Iter: 36	 Loss: 926.009551699	 Delta: 8.07086993735

Sun, 21 Dec 2014 12:30:22 JPPCF.py[line:86]                            INFO Iter: 37	 Loss: 919.709141568	 Delta: 6.30041013115

Sun, 21 Dec 2014 12:32:53 JPPCF.py[line:86]                            INFO Iter: 38	 Loss: 915.7562351	 Delta: 3.95290646803

Sun, 21 Dec 2014 12:35:23 JPPCF.py[line:86]                            INFO Iter: 39	 Loss: 912.316687088	 Delta: 3.43954801148

Sun, 21 Dec 2014 12:37:37 JPPCF.py[line:86]                            INFO Iter: 40	 Loss: 909.082132023	 Delta: 3.23455506566

Sun, 21 Dec 2014 12:39:30 JPPCF.py[line:86]                            INFO Iter: 41	 Loss: 905.967630186	 Delta: 3.114501837

Sun, 21 Dec 2014 12:41:46 JPPCF.py[line:86]                            INFO Iter: 42	 Loss: 903.268151312	 Delta: 2.69947887385

Sun, 21 Dec 2014 12:43:57 JPPCF.py[line:86]                            INFO Iter: 43	 Loss: 900.066838289	 Delta: 3.20131302317

Sun, 21 Dec 2014 12:46:14 JPPCF.py[line:86]                            INFO Iter: 44	 Loss: 896.165635344	 Delta: 3.90120294503

Sun, 21 Dec 2014 12:48:26 JPPCF.py[line:86]                            INFO Iter: 45	 Loss: 891.958461602	 Delta: 4.20717374212

Sun, 21 Dec 2014 12:50:21 JPPCF.py[line:86]                            INFO Iter: 46	 Loss: 889.399697084	 Delta: 2.55876451808

Sun, 21 Dec 2014 12:52:16 JPPCF.py[line:86]                            INFO Iter: 47	 Loss: 886.821102032	 Delta: 2.5785950512

Sun, 21 Dec 2014 12:54:14 JPPCF.py[line:86]                            INFO Iter: 48	 Loss: 883.43204139	 Delta: 3.38906064254

Sun, 21 Dec 2014 12:56:10 JPPCF.py[line:86]                            INFO Iter: 49	 Loss: 880.238965001	 Delta: 3.19307638911

Sun, 21 Dec 2014 12:58:06 JPPCF.py[line:86]                            INFO Iter: 50	 Loss: 876.173725936	 Delta: 4.06523906494

Sun, 21 Dec 2014 13:00:02 JPPCF.py[line:86]                            INFO Iter: 51	 Loss: 873.356454476	 Delta: 2.81727145953

Sun, 21 Dec 2014 13:01:57 JPPCF.py[line:86]                            INFO Iter: 52	 Loss: 870.681394923	 Delta: 2.67505955279

Sun, 21 Dec 2014 13:03:53 JPPCF.py[line:86]                            INFO Iter: 53	 Loss: 865.214721204	 Delta: 5.46667371899

Sun, 21 Dec 2014 13:05:50 JPPCF.py[line:86]                            INFO Iter: 54	 Loss: 861.700570677	 Delta: 3.51415052703

Sun, 21 Dec 2014 13:07:48 JPPCF.py[line:86]                            INFO Iter: 55	 Loss: 858.867655644	 Delta: 2.83291503375

Sun, 21 Dec 2014 13:09:45 JPPCF.py[line:86]                            INFO Iter: 56	 Loss: 855.971312278	 Delta: 2.89634336522

Sun, 21 Dec 2014 13:11:42 JPPCF.py[line:86]                            INFO Iter: 57	 Loss: 854.416245677	 Delta: 1.55506660187

Sun, 21 Dec 2014 13:13:39 JPPCF.py[line:86]                            INFO Iter: 58	 Loss: 852.417937807	 Delta: 1.99830786996

Sun, 21 Dec 2014 13:15:38 JPPCF.py[line:86]                            INFO Iter: 59	 Loss: 850.726943652	 Delta: 1.69099415475

Sun, 21 Dec 2014 13:17:37 JPPCF.py[line:86]                            INFO Iter: 60	 Loss: 849.150601542	 Delta: 1.57634210981

Sun, 21 Dec 2014 13:19:35 JPPCF.py[line:86]                            INFO Iter: 61	 Loss: 847.400488021	 Delta: 1.75011352097

Sun, 21 Dec 2014 13:21:32 JPPCF.py[line:86]                            INFO Iter: 62	 Loss: 845.274791333	 Delta: 2.12569668854

Sun, 21 Dec 2014 13:23:21 JPPCF.py[line:86]                            INFO Iter: 63	 Loss: 843.01790468	 Delta: 2.25688665263

Sun, 21 Dec 2014 13:25:12 JPPCF.py[line:86]                            INFO Iter: 64	 Loss: 840.764960861	 Delta: 2.25294381867

Sun, 21 Dec 2014 13:26:58 JPPCF.py[line:86]                            INFO Iter: 65	 Loss: 839.202389782	 Delta: 1.56257107947

Sun, 21 Dec 2014 13:28:46 JPPCF.py[line:86]                            INFO Iter: 66	 Loss: 838.011097733	 Delta: 1.19129204916

Sun, 21 Dec 2014 13:30:43 JPPCF.py[line:86]                            INFO Iter: 67	 Loss: 836.121451128	 Delta: 1.88964660458

Sun, 21 Dec 2014 13:32:39 JPPCF.py[line:86]                            INFO Iter: 68	 Loss: 833.255552561	 Delta: 2.86589856708

Sun, 21 Dec 2014 13:34:35 JPPCF.py[line:86]                            INFO Iter: 69	 Loss: 831.3007302	 Delta: 1.95482236119

Sun, 21 Dec 2014 13:34:35 JPPCF.py[line:88]                            INFO JPPCF OK

Sun, 21 Dec 2014 13:34:38 demo_at_tsinghua_filter_by_10.py[line:128]                            INFO [ok]
computing t-model NMF decomposition...
Sun, 21 Dec 2014 13:34:44 nmf.py[line:109]                            INFO Iter: 1	 Loss: 1667.97389849	 Delta: 998332.026102

Sun, 21 Dec 2014 13:34:49 nmf.py[line:109]                            INFO Iter: 2	 Loss: 1608.6497107	 Delta: 59.3241877882

Sun, 21 Dec 2014 13:34:55 nmf.py[line:109]                            INFO Iter: 3	 Loss: 1465.53204513	 Delta: 143.117665575

Sun, 21 Dec 2014 13:35:00 nmf.py[line:109]                            INFO Iter: 4	 Loss: 1203.62897823	 Delta: 261.903066891

Sun, 21 Dec 2014 13:35:06 nmf.py[line:109]                            INFO Iter: 5	 Loss: 1024.28089592	 Delta: 179.348082317

Sun, 21 Dec 2014 13:35:12 nmf.py[line:109]                            INFO Iter: 6	 Loss: 889.840904228	 Delta: 134.43999169

Sun, 21 Dec 2014 13:35:18 nmf.py[line:109]                            INFO Iter: 7	 Loss: 795.124086889	 Delta: 94.7168173395

Sun, 21 Dec 2014 13:35:24 nmf.py[line:109]                            INFO Iter: 8	 Loss: 723.96520671	 Delta: 71.1588801786

Sun, 21 Dec 2014 13:35:29 nmf.py[line:109]                            INFO Iter: 9	 Loss: 668.437055453	 Delta: 55.5281512568

Sun, 21 Dec 2014 13:35:36 nmf.py[line:109]                            INFO Iter: 10	 Loss: 626.352223342	 Delta: 42.0848321115

Sun, 21 Dec 2014 13:35:41 nmf.py[line:109]                            INFO Iter: 11	 Loss: 593.344159008	 Delta: 33.0080643337

Sun, 21 Dec 2014 13:35:48 nmf.py[line:109]                            INFO Iter: 12	 Loss: 568.344305038	 Delta: 24.9998539698

Sun, 21 Dec 2014 13:35:54 nmf.py[line:109]                            INFO Iter: 13	 Loss: 550.213970032	 Delta: 18.1303350066

Sun, 21 Dec 2014 13:36:00 nmf.py[line:109]                            INFO Iter: 14	 Loss: 537.005832625	 Delta: 13.2081374065

Sun, 21 Dec 2014 13:36:06 nmf.py[line:109]                            INFO Iter: 15	 Loss: 524.269461295	 Delta: 12.7363713305

Sun, 21 Dec 2014 13:36:12 nmf.py[line:109]                            INFO Iter: 16	 Loss: 512.550441916	 Delta: 11.7190193791

Sun, 21 Dec 2014 13:36:18 nmf.py[line:109]                            INFO Iter: 17	 Loss: 506.122930107	 Delta: 6.42751180851

Sun, 21 Dec 2014 13:36:24 nmf.py[line:109]                            INFO Iter: 18	 Loss: 501.922321197	 Delta: 4.20060891022

Sun, 21 Dec 2014 13:36:30 nmf.py[line:109]                            INFO Iter: 19	 Loss: 498.953241699	 Delta: 2.96907949847

Sun, 21 Dec 2014 13:36:36 nmf.py[line:109]                            INFO Iter: 20	 Loss: 496.533650414	 Delta: 2.41959128495

Sun, 21 Dec 2014 13:36:42 nmf.py[line:109]                            INFO Iter: 21	 Loss: 494.538781318	 Delta: 1.99486909548

Sun, 21 Dec 2014 13:36:48 nmf.py[line:109]                            INFO Iter: 22	 Loss: 492.681767453	 Delta: 1.85701386487

Sun, 21 Dec 2014 13:36:54 nmf.py[line:109]                            INFO Iter: 23	 Loss: 490.728883796	 Delta: 1.95288365705

Sun, 21 Dec 2014 13:37:00 nmf.py[line:109]                            INFO Iter: 24	 Loss: 488.610259812	 Delta: 2.11862398458

Sun, 21 Dec 2014 13:37:06 nmf.py[line:109]                            INFO Iter: 25	 Loss: 486.300981959	 Delta: 2.30927785273

Sun, 21 Dec 2014 13:37:12 nmf.py[line:109]                            INFO Iter: 26	 Loss: 484.045376011	 Delta: 2.25560594737

Sun, 21 Dec 2014 13:37:18 nmf.py[line:109]                            INFO Iter: 27	 Loss: 482.153114756	 Delta: 1.89226125534

Sun, 21 Dec 2014 13:37:23 nmf.py[line:109]                            INFO Iter: 28	 Loss: 480.622303472	 Delta: 1.53081128452

Sun, 21 Dec 2014 13:37:29 nmf.py[line:109]                            INFO Iter: 29	 Loss: 479.084933768	 Delta: 1.53736970388

Sun, 21 Dec 2014 13:37:35 nmf.py[line:109]                            INFO Iter: 30	 Loss: 477.368684121	 Delta: 1.71624964642

Sun, 21 Dec 2014 13:37:41 nmf.py[line:109]                            INFO Iter: 31	 Loss: 475.790004965	 Delta: 1.57867915682

Sun, 21 Dec 2014 13:37:47 nmf.py[line:109]                            INFO Iter: 32	 Loss: 474.38018421	 Delta: 1.40982075482

Sun, 21 Dec 2014 13:37:53 nmf.py[line:109]                            INFO Iter: 33	 Loss: 473.44294697	 Delta: 0.937237239944

Sun, 21 Dec 2014 13:37:53 nmf.py[line:113]                            INFO NMF OK
Sun, 21 Dec 2014 13:37:54 demo_at_tsinghua_filter_by_10.py[line:134]                            INFO [ok]
computing fix_model NMF decomposition...
Sun, 21 Dec 2014 13:37:55 demo_at_tsinghua_filter_by_10.py[line:142]                            INFO non zero cell num: 1665
Sun, 21 Dec 2014 13:38:02 nmf.py[line:109]                            INFO Iter: 1	 Loss: 1667.98379826	 Delta: 998332.016202

Sun, 21 Dec 2014 13:38:08 nmf.py[line:109]                            INFO Iter: 2	 Loss: 1611.99913995	 Delta: 55.9846583086

Sun, 21 Dec 2014 13:38:14 nmf.py[line:109]                            INFO Iter: 3	 Loss: 1468.56927973	 Delta: 143.429860219

Sun, 21 Dec 2014 13:38:19 nmf.py[line:109]                            INFO Iter: 4	 Loss: 1214.85440895	 Delta: 253.714870782

Sun, 21 Dec 2014 13:38:25 nmf.py[line:109]                            INFO Iter: 5	 Loss: 1000.99111868	 Delta: 213.863290268

Sun, 21 Dec 2014 13:38:31 nmf.py[line:109]                            INFO Iter: 6	 Loss: 864.703104105	 Delta: 136.288014576

Sun, 21 Dec 2014 13:38:37 nmf.py[line:109]                            INFO Iter: 7	 Loss: 770.330494395	 Delta: 94.3726097107

Sun, 21 Dec 2014 13:38:42 nmf.py[line:109]                            INFO Iter: 8	 Loss: 705.94376274	 Delta: 64.3867316545

Sun, 21 Dec 2014 13:38:48 nmf.py[line:109]                            INFO Iter: 9	 Loss: 659.44424111	 Delta: 46.4995216305

Sun, 21 Dec 2014 13:38:54 nmf.py[line:109]                            INFO Iter: 10	 Loss: 626.96680852	 Delta: 32.4774325892

Sun, 21 Dec 2014 13:39:00 nmf.py[line:109]                            INFO Iter: 11	 Loss: 601.755760708	 Delta: 25.2110478125

Sun, 21 Dec 2014 13:39:07 nmf.py[line:109]                            INFO Iter: 12	 Loss: 579.156217571	 Delta: 22.5995431373

Sun, 21 Dec 2014 13:39:13 nmf.py[line:109]                            INFO Iter: 13	 Loss: 561.579970876	 Delta: 17.5762466949

Sun, 21 Dec 2014 13:39:19 nmf.py[line:109]                            INFO Iter: 14	 Loss: 548.978735902	 Delta: 12.6012349732

Sun, 21 Dec 2014 13:39:25 nmf.py[line:109]                            INFO Iter: 15	 Loss: 539.043902479	 Delta: 9.93483342384

Sun, 21 Dec 2014 13:39:31 nmf.py[line:109]                            INFO Iter: 16	 Loss: 531.403191885	 Delta: 7.64071059389

Sun, 21 Dec 2014 13:39:37 nmf.py[line:109]                            INFO Iter: 17	 Loss: 525.428310778	 Delta: 5.97488110667

Sun, 21 Dec 2014 13:39:44 nmf.py[line:109]                            INFO Iter: 18	 Loss: 520.646918203	 Delta: 4.78139257535

Sun, 21 Dec 2014 13:39:50 nmf.py[line:109]                            INFO Iter: 19	 Loss: 516.899346953	 Delta: 3.74757124946

Sun, 21 Dec 2014 13:39:56 nmf.py[line:109]                            INFO Iter: 20	 Loss: 514.124688961	 Delta: 2.77465799178

Sun, 21 Dec 2014 13:40:02 nmf.py[line:109]                            INFO Iter: 21	 Loss: 512.031933447	 Delta: 2.09275551496

Sun, 21 Dec 2014 13:40:08 nmf.py[line:109]                            INFO Iter: 22	 Loss: 510.310004685	 Delta: 1.72192876119

Sun, 21 Dec 2014 13:40:14 nmf.py[line:109]                            INFO Iter: 23	 Loss: 508.945919111	 Delta: 1.36408557386

Sun, 21 Dec 2014 13:40:19 nmf.py[line:109]                            INFO Iter: 24	 Loss: 507.733486838	 Delta: 1.21243227376

Sun, 21 Dec 2014 13:40:25 nmf.py[line:109]                            INFO Iter: 25	 Loss: 506.530895502	 Delta: 1.20259133604

Sun, 21 Dec 2014 13:40:31 nmf.py[line:109]                            INFO Iter: 26	 Loss: 505.17417512	 Delta: 1.3567203812

Sun, 21 Dec 2014 13:40:37 nmf.py[line:109]                            INFO Iter: 27	 Loss: 504.207565403	 Delta: 0.966609717736

Sun, 21 Dec 2014 13:40:37 nmf.py[line:113]                            INFO NMF OK
Sun, 21 Dec 2014 13:40:39 demo_at_tsinghua_filter_by_10.py[line:148]                            INFO [ok]

Sun, 21 Dec 2014 13:40:39 demo_at_tsinghua_filter_by_10.py[line:150]                            INFO 	 fold_id:0

Sun, 21 Dec 2014 13:40:39 demo_at_tsinghua_filter_by_10.py[line:152]                            INFO 	recall at 10:
Sun, 21 Dec 2014 13:40:59 demo_at_tsinghua_filter_by_10.py[line:177]                            INFO 		t-model NMF :  0.286728024543

Sun, 21 Dec 2014 13:40:59 demo_at_tsinghua_filter_by_10.py[line:178]                            INFO 		f-model NMF :  0.26201814059

Sun, 21 Dec 2014 13:40:59 demo_at_tsinghua_filter_by_10.py[line:179]                            INFO 		JPPCF :  0.297492330265

Sun, 21 Dec 2014 13:40:59 demo_at_tsinghua_filter_by_10.py[line:152]                            INFO 	recall at 50:
Sun, 21 Dec 2014 13:41:19 demo_at_tsinghua_filter_by_10.py[line:177]                            INFO 		t-model NMF :  0.556766039749

Sun, 21 Dec 2014 13:41:19 demo_at_tsinghua_filter_by_10.py[line:178]                            INFO 		f-model NMF :  0.537755102041

Sun, 21 Dec 2014 13:41:19 demo_at_tsinghua_filter_by_10.py[line:179]                            INFO 		JPPCF :  0.516483259971

Sun, 21 Dec 2014 13:41:19 demo_at_tsinghua_filter_by_10.py[line:152]                            INFO 	recall at 100:
Sun, 21 Dec 2014 13:41:38 demo_at_tsinghua_filter_by_10.py[line:177]                            INFO 		t-model NMF :  0.663522075497

Sun, 21 Dec 2014 13:41:38 demo_at_tsinghua_filter_by_10.py[line:178]                            INFO 		f-model NMF :  0.651754034947

Sun, 21 Dec 2014 13:41:38 demo_at_tsinghua_filter_by_10.py[line:179]                            INFO 		JPPCF :  0.648259303721

Sun, 21 Dec 2014 13:41:38 demo_at_tsinghua_filter_by_10.py[line:152]                            INFO 	recall at 300:
Sun, 21 Dec 2014 13:41:58 demo_at_tsinghua_filter_by_10.py[line:177]                            INFO 		t-model NMF :  0.836391223156

Sun, 21 Dec 2014 13:41:58 demo_at_tsinghua_filter_by_10.py[line:178]                            INFO 		f-model NMF :  0.844987995198

Sun, 21 Dec 2014 13:41:58 demo_at_tsinghua_filter_by_10.py[line:179]                            INFO 		JPPCF :  0.792106842737

Sun, 21 Dec 2014 13:41:58 demo_at_tsinghua_filter_by_10.py[line:152]                            INFO 	recall at 500:
Sun, 21 Dec 2014 13:42:18 demo_at_tsinghua_filter_by_10.py[line:177]                            INFO 		t-model NMF :  0.874719887955

Sun, 21 Dec 2014 13:42:18 demo_at_tsinghua_filter_by_10.py[line:178]                            INFO 		f-model NMF :  0.892273576097

Sun, 21 Dec 2014 13:42:18 demo_at_tsinghua_filter_by_10.py[line:179]                            INFO 		JPPCF :  0.849229691877

Sun, 21 Dec 2014 13:42:18 demo_at_tsinghua_filter_by_10.py[line:152]                            INFO 	recall at 1000:
Sun, 21 Dec 2014 13:42:39 demo_at_tsinghua_filter_by_10.py[line:177]                            INFO 		t-model NMF :  0.893557422969

Sun, 21 Dec 2014 13:42:39 demo_at_tsinghua_filter_by_10.py[line:178]                            INFO 		f-model NMF :  0.910364145658

Sun, 21 Dec 2014 13:42:39 demo_at_tsinghua_filter_by_10.py[line:179]                            INFO 		JPPCF :  0.914565826331

Sun, 21 Dec 2014 13:42:39 demo_at_tsinghua_filter_by_10.py[line:181]                            INFO current_time_step: 2

Sun, 21 Dec 2014 13:42:39 demo_at_tsinghua_filter_by_10.py[line:184]                            INFO 	recall at 10:
Sun, 21 Dec 2014 13:42:39 demo_at_tsinghua_filter_by_10.py[line:188]                            INFO 		avg t-model NMF :  0.286728024543

Sun, 21 Dec 2014 13:42:39 demo_at_tsinghua_filter_by_10.py[line:189]                            INFO 		avg f-model NMF :  0.26201814059

Sun, 21 Dec 2014 13:42:39 demo_at_tsinghua_filter_by_10.py[line:190]                            INFO 		avg JPPCF :  0.297492330265

Sun, 21 Dec 2014 13:42:39 demo_at_tsinghua_filter_by_10.py[line:184]                            INFO 	recall at 50:
Sun, 21 Dec 2014 13:42:39 demo_at_tsinghua_filter_by_10.py[line:188]                            INFO 		avg t-model NMF :  0.556766039749

Sun, 21 Dec 2014 13:42:39 demo_at_tsinghua_filter_by_10.py[line:189]                            INFO 		avg f-model NMF :  0.537755102041

Sun, 21 Dec 2014 13:42:39 demo_at_tsinghua_filter_by_10.py[line:190]                            INFO 		avg JPPCF :  0.516483259971

Sun, 21 Dec 2014 13:42:39 demo_at_tsinghua_filter_by_10.py[line:184]                            INFO 	recall at 100:
Sun, 21 Dec 2014 13:42:39 demo_at_tsinghua_filter_by_10.py[line:188]                            INFO 		avg t-model NMF :  0.663522075497

Sun, 21 Dec 2014 13:42:39 demo_at_tsinghua_filter_by_10.py[line:189]                            INFO 		avg f-model NMF :  0.651754034947

Sun, 21 Dec 2014 13:42:39 demo_at_tsinghua_filter_by_10.py[line:190]                            INFO 		avg JPPCF :  0.648259303721

Sun, 21 Dec 2014 13:42:39 demo_at_tsinghua_filter_by_10.py[line:184]                            INFO 	recall at 300:
Sun, 21 Dec 2014 13:42:39 demo_at_tsinghua_filter_by_10.py[line:188]                            INFO 		avg t-model NMF :  0.836391223156

Sun, 21 Dec 2014 13:42:39 demo_at_tsinghua_filter_by_10.py[line:189]                            INFO 		avg f-model NMF :  0.844987995198

Sun, 21 Dec 2014 13:42:39 demo_at_tsinghua_filter_by_10.py[line:190]                            INFO 		avg JPPCF :  0.792106842737

Sun, 21 Dec 2014 13:42:39 demo_at_tsinghua_filter_by_10.py[line:184]                            INFO 	recall at 500:
Sun, 21 Dec 2014 13:42:39 demo_at_tsinghua_filter_by_10.py[line:188]                            INFO 		avg t-model NMF :  0.874719887955

Sun, 21 Dec 2014 13:42:39 demo_at_tsinghua_filter_by_10.py[line:189]                            INFO 		avg f-model NMF :  0.892273576097

Sun, 21 Dec 2014 13:42:39 demo_at_tsinghua_filter_by_10.py[line:190]                            INFO 		avg JPPCF :  0.849229691877

Sun, 21 Dec 2014 13:42:39 demo_at_tsinghua_filter_by_10.py[line:184]                            INFO 	recall at 1000:
Sun, 21 Dec 2014 13:42:39 demo_at_tsinghua_filter_by_10.py[line:188]                            INFO 		avg t-model NMF :  0.893557422969

Sun, 21 Dec 2014 13:42:39 demo_at_tsinghua_filter_by_10.py[line:189]                            INFO 		avg f-model NMF :  0.910364145658

Sun, 21 Dec 2014 13:42:39 demo_at_tsinghua_filter_by_10.py[line:190]                            INFO 		avg JPPCF :  0.914565826331

Sun, 21 Dec 2014 13:42:39 demo_at_tsinghua_filter_by_10.py[line:204]                            INFO =========================

Sun, 21 Dec 2014 13:42:39 demo_at_tsinghua_filter_by_10.py[line:102]                            INFO 
=========================

Sun, 21 Dec 2014 13:42:39 demo_at_tsinghua_filter_by_10.py[line:103]                            INFO time_step number %i:	3
Sun, 21 Dec 2014 13:42:39 demo_at_tsinghua_filter_by_10.py[line:104]                            INFO ----------------

Sun, 21 Dec 2014 13:42:40 demo_at_tsinghua_filter_by_10.py[line:119]                            INFO non zero cell num: 2740
Sun, 21 Dec 2014 13:42:40 demo_at_tsinghua_filter_by_10.py[line:122]                            INFO computing JPP decomposition...
Sun, 21 Dec 2014 13:44:34 JPPCF.py[line:86]                            INFO Iter: 1	 Loss: 5648.36218775	 Delta: 994351.637812

Sun, 21 Dec 2014 13:46:27 JPPCF.py[line:86]                            INFO Iter: 2	 Loss: 5590.70054133	 Delta: 57.6616464213

Sun, 21 Dec 2014 13:48:20 JPPCF.py[line:86]                            INFO Iter: 3	 Loss: 4466.77718016	 Delta: 1123.92336117

Sun, 21 Dec 2014 13:50:13 JPPCF.py[line:86]                            INFO Iter: 4	 Loss: 4002.07583162	 Delta: 464.701348543

Sun, 21 Dec 2014 13:52:09 JPPCF.py[line:86]                            INFO Iter: 5	 Loss: 3389.62407888	 Delta: 612.451752737

Sun, 21 Dec 2014 13:54:04 JPPCF.py[line:86]                            INFO Iter: 6	 Loss: 3013.74045793	 Delta: 375.883620951

Sun, 21 Dec 2014 13:55:59 JPPCF.py[line:86]                            INFO Iter: 7	 Loss: 2695.09415898	 Delta: 318.646298948

Sun, 21 Dec 2014 13:57:52 JPPCF.py[line:86]                            INFO Iter: 8	 Loss: 2449.80983199	 Delta: 245.28432699

Sun, 21 Dec 2014 13:59:46 JPPCF.py[line:86]                            INFO Iter: 9	 Loss: 2250.9790361	 Delta: 198.830795893

Sun, 21 Dec 2014 14:01:32 JPPCF.py[line:86]                            INFO Iter: 10	 Loss: 2114.35162321	 Delta: 136.627412888

Sun, 21 Dec 2014 14:03:16 JPPCF.py[line:86]                            INFO Iter: 11	 Loss: 2027.9191816	 Delta: 86.4324416035

Sun, 21 Dec 2014 14:05:09 JPPCF.py[line:86]                            INFO Iter: 12	 Loss: 1959.06347193	 Delta: 68.8557096749

Sun, 21 Dec 2014 14:07:07 JPPCF.py[line:86]                            INFO Iter: 13	 Loss: 1893.50826807	 Delta: 65.5552038546

Sun, 21 Dec 2014 14:09:03 JPPCF.py[line:86]                            INFO Iter: 14	 Loss: 1848.32912722	 Delta: 45.1791408563

Sun, 21 Dec 2014 14:10:58 JPPCF.py[line:86]                            INFO Iter: 15	 Loss: 1820.27457643	 Delta: 28.0545507849

Sun, 21 Dec 2014 14:12:55 JPPCF.py[line:86]                            INFO Iter: 16	 Loss: 1800.59169124	 Delta: 19.6828851986

Sun, 21 Dec 2014 14:14:47 JPPCF.py[line:86]                            INFO Iter: 17	 Loss: 1783.90306849	 Delta: 16.6886227481

Sun, 21 Dec 2014 14:16:41 JPPCF.py[line:86]                            INFO Iter: 18	 Loss: 1771.44229496	 Delta: 12.4607735315

Sun, 21 Dec 2014 14:18:34 JPPCF.py[line:86]                            INFO Iter: 19	 Loss: 1760.70043575	 Delta: 10.7418592105

Sun, 21 Dec 2014 14:20:32 JPPCF.py[line:86]                            INFO Iter: 20	 Loss: 1750.71048858	 Delta: 9.98994716645

Sun, 21 Dec 2014 14:22:30 JPPCF.py[line:86]                            INFO Iter: 21	 Loss: 1740.95046904	 Delta: 9.76001953887

Sun, 21 Dec 2014 14:24:24 JPPCF.py[line:86]                            INFO Iter: 22	 Loss: 1730.93469681	 Delta: 10.0157722339

Sun, 21 Dec 2014 14:26:17 JPPCF.py[line:86]                            INFO Iter: 23	 Loss: 1722.85130238	 Delta: 8.08339442559

Sun, 21 Dec 2014 14:28:11 JPPCF.py[line:86]                            INFO Iter: 24	 Loss: 1713.97570744	 Delta: 8.87559493725

Sun, 21 Dec 2014 14:30:06 JPPCF.py[line:86]                            INFO Iter: 25	 Loss: 1705.59959561	 Delta: 8.3761118352

Sun, 21 Dec 2014 14:32:01 JPPCF.py[line:86]                            INFO Iter: 26	 Loss: 1698.09734706	 Delta: 7.50224854671

Sun, 21 Dec 2014 14:33:56 JPPCF.py[line:86]                            INFO Iter: 27	 Loss: 1692.40673324	 Delta: 5.69061382245

Sun, 21 Dec 2014 14:35:49 JPPCF.py[line:86]                            INFO Iter: 28	 Loss: 1687.31141549	 Delta: 5.09531775059

Sun, 21 Dec 2014 14:37:45 JPPCF.py[line:86]                            INFO Iter: 29	 Loss: 1683.19711359	 Delta: 4.11430190216

Sun, 21 Dec 2014 14:39:44 JPPCF.py[line:86]                            INFO Iter: 30	 Loss: 1679.74576769	 Delta: 3.45134590032

Sun, 21 Dec 2014 14:41:39 JPPCF.py[line:86]                            INFO Iter: 31	 Loss: 1676.95058563	 Delta: 2.79518205933

Sun, 21 Dec 2014 14:43:30 JPPCF.py[line:86]                            INFO Iter: 32	 Loss: 1671.7801695	 Delta: 5.17041612847

Sun, 21 Dec 2014 14:45:24 JPPCF.py[line:86]                            INFO Iter: 33	 Loss: 1666.18494776	 Delta: 5.59522173743

Sun, 21 Dec 2014 14:47:20 JPPCF.py[line:86]                            INFO Iter: 34	 Loss: 1660.99169339	 Delta: 5.19325436989

Sun, 21 Dec 2014 14:49:17 JPPCF.py[line:86]                            INFO Iter: 35	 Loss: 1655.43818652	 Delta: 5.55350686592

Sun, 21 Dec 2014 14:51:16 JPPCF.py[line:86]                            INFO Iter: 36	 Loss: 1649.31795331	 Delta: 6.12023321943

Sun, 21 Dec 2014 14:53:13 JPPCF.py[line:86]                            INFO Iter: 37	 Loss: 1643.90407977	 Delta: 5.41387353619

Sun, 21 Dec 2014 14:55:10 JPPCF.py[line:86]                            INFO Iter: 38	 Loss: 1639.76700848	 Delta: 4.13707129167

Sun, 21 Dec 2014 14:57:09 JPPCF.py[line:86]                            INFO Iter: 39	 Loss: 1636.8494334	 Delta: 2.91757507759

Sun, 21 Dec 2014 14:59:09 JPPCF.py[line:86]                            INFO Iter: 40	 Loss: 1634.68901201	 Delta: 2.16042139108

Sun, 21 Dec 2014 15:01:06 JPPCF.py[line:86]                            INFO Iter: 41	 Loss: 1632.49140151	 Delta: 2.19761050018

Sun, 21 Dec 2014 15:03:08 JPPCF.py[line:86]                            INFO Iter: 42	 Loss: 1630.52327019	 Delta: 1.96813131802

Sun, 21 Dec 2014 15:05:05 JPPCF.py[line:86]                            INFO Iter: 43	 Loss: 1628.25761216	 Delta: 2.2656580289

Sun, 21 Dec 2014 15:07:05 JPPCF.py[line:86]                            INFO Iter: 44	 Loss: 1625.00556028	 Delta: 3.25205188085

Sun, 21 Dec 2014 15:09:01 JPPCF.py[line:86]                            INFO Iter: 45	 Loss: 1621.6819847	 Delta: 3.32357557845

Sun, 21 Dec 2014 15:10:56 JPPCF.py[line:86]                            INFO Iter: 46	 Loss: 1618.5349363	 Delta: 3.14704839952

Sun, 21 Dec 2014 15:12:48 JPPCF.py[line:86]                            INFO Iter: 47	 Loss: 1615.78371474	 Delta: 2.75122155849

Sun, 21 Dec 2014 15:14:43 JPPCF.py[line:86]                            INFO Iter: 48	 Loss: 1612.91555343	 Delta: 2.86816130973

Sun, 21 Dec 2014 15:16:39 JPPCF.py[line:86]                            INFO Iter: 49	 Loss: 1610.12723115	 Delta: 2.78832228112

Sun, 21 Dec 2014 15:18:36 JPPCF.py[line:86]                            INFO Iter: 50	 Loss: 1605.89655267	 Delta: 4.23067848597

Sun, 21 Dec 2014 15:20:30 JPPCF.py[line:86]                            INFO Iter: 51	 Loss: 1603.82898849	 Delta: 2.06756417577

Sun, 21 Dec 2014 15:22:27 JPPCF.py[line:86]                            INFO Iter: 52	 Loss: 1601.91422938	 Delta: 1.91475911037

Sun, 21 Dec 2014 15:24:23 JPPCF.py[line:86]                            INFO Iter: 53	 Loss: 1599.52738267	 Delta: 2.38684670807

Sun, 21 Dec 2014 15:26:17 JPPCF.py[line:86]                            INFO Iter: 54	 Loss: 1596.83038394	 Delta: 2.69699873669

Sun, 21 Dec 2014 15:28:10 JPPCF.py[line:86]                            INFO Iter: 55	 Loss: 1593.24892689	 Delta: 3.581457051

Sun, 21 Dec 2014 15:30:05 JPPCF.py[line:86]                            INFO Iter: 56	 Loss: 1588.88162978	 Delta: 4.3672971069

Sun, 21 Dec 2014 15:32:02 JPPCF.py[line:86]                            INFO Iter: 57	 Loss: 1584.6110413	 Delta: 4.27058848099

Sun, 21 Dec 2014 15:33:55 JPPCF.py[line:86]                            INFO Iter: 58	 Loss: 1580.13678899	 Delta: 4.47425230953

Sun, 21 Dec 2014 15:35:51 JPPCF.py[line:86]                            INFO Iter: 59	 Loss: 1576.66172012	 Delta: 3.47506886635

Sun, 21 Dec 2014 15:37:43 JPPCF.py[line:86]                            INFO Iter: 60	 Loss: 1573.99738952	 Delta: 2.66433059799

Sun, 21 Dec 2014 15:39:33 JPPCF.py[line:86]                            INFO Iter: 61	 Loss: 1571.22506745	 Delta: 2.77232207751

Sun, 21 Dec 2014 15:41:28 JPPCF.py[line:86]                            INFO Iter: 62	 Loss: 1567.93141817	 Delta: 3.29364927223

Sun, 21 Dec 2014 15:43:24 JPPCF.py[line:86]                            INFO Iter: 63	 Loss: 1564.94769875	 Delta: 2.98371942056

Sun, 21 Dec 2014 15:45:22 JPPCF.py[line:86]                            INFO Iter: 64	 Loss: 1562.70924712	 Delta: 2.23845163437

Sun, 21 Dec 2014 15:47:18 JPPCF.py[line:86]                            INFO Iter: 65	 Loss: 1560.36279217	 Delta: 2.34645494671

Sun, 21 Dec 2014 15:49:17 JPPCF.py[line:86]                            INFO Iter: 66	 Loss: 1557.69218918	 Delta: 2.67060298848

Sun, 21 Dec 2014 15:51:15 JPPCF.py[line:86]                            INFO Iter: 67	 Loss: 1556.14180884	 Delta: 1.55038034806

Sun, 21 Dec 2014 15:53:07 JPPCF.py[line:86]                            INFO Iter: 68	 Loss: 1555.01928134	 Delta: 1.12252749103

Sun, 21 Dec 2014 15:54:54 JPPCF.py[line:86]                            INFO Iter: 69	 Loss: 1554.15950513	 Delta: 0.859776212454

Sun, 21 Dec 2014 15:54:54 JPPCF.py[line:88]                            INFO JPPCF OK

Sun, 21 Dec 2014 15:54:56 demo_at_tsinghua_filter_by_10.py[line:128]                            INFO [ok]
computing t-model NMF decomposition...
Sun, 21 Dec 2014 15:55:02 nmf.py[line:109]                            INFO Iter: 1	 Loss: 2745.84402893	 Delta: 997254.155971

Sun, 21 Dec 2014 15:55:07 nmf.py[line:109]                            INFO Iter: 2	 Loss: 2606.06856735	 Delta: 139.775461579

Sun, 21 Dec 2014 15:55:13 nmf.py[line:109]                            INFO Iter: 3	 Loss: 2430.11727078	 Delta: 175.951296573

Sun, 21 Dec 2014 15:55:18 nmf.py[line:109]                            INFO Iter: 4	 Loss: 2140.14811446	 Delta: 289.969156323

Sun, 21 Dec 2014 15:55:24 nmf.py[line:109]                            INFO Iter: 5	 Loss: 1877.57567564	 Delta: 262.572438814

Sun, 21 Dec 2014 15:55:29 nmf.py[line:109]                            INFO Iter: 6	 Loss: 1635.33856425	 Delta: 242.237111396

Sun, 21 Dec 2014 15:55:34 nmf.py[line:109]                            INFO Iter: 7	 Loss: 1482.96375671	 Delta: 152.374807539

Sun, 21 Dec 2014 15:55:40 nmf.py[line:109]                            INFO Iter: 8	 Loss: 1374.84062999	 Delta: 108.123126712

Sun, 21 Dec 2014 15:55:45 nmf.py[line:109]                            INFO Iter: 9	 Loss: 1292.02052172	 Delta: 82.8201082774

Sun, 21 Dec 2014 15:55:50 nmf.py[line:109]                            INFO Iter: 10	 Loss: 1230.13293157	 Delta: 61.8875901507

Sun, 21 Dec 2014 15:55:56 nmf.py[line:109]                            INFO Iter: 11	 Loss: 1183.09152615	 Delta: 47.0414054177

Sun, 21 Dec 2014 15:56:02 nmf.py[line:109]                            INFO Iter: 12	 Loss: 1147.66872844	 Delta: 35.4227977052

Sun, 21 Dec 2014 15:56:08 nmf.py[line:109]                            INFO Iter: 13	 Loss: 1122.07855411	 Delta: 25.59017433

Sun, 21 Dec 2014 15:56:14 nmf.py[line:109]                            INFO Iter: 14	 Loss: 1102.69559185	 Delta: 19.38296226

Sun, 21 Dec 2014 15:56:20 nmf.py[line:109]                            INFO Iter: 15	 Loss: 1086.9600004	 Delta: 15.7355914579

Sun, 21 Dec 2014 15:56:26 nmf.py[line:109]                            INFO Iter: 16	 Loss: 1074.22882405	 Delta: 12.7311763406

Sun, 21 Dec 2014 15:56:32 nmf.py[line:109]                            INFO Iter: 17	 Loss: 1064.65345886	 Delta: 9.57536519909

Sun, 21 Dec 2014 15:56:38 nmf.py[line:109]                            INFO Iter: 18	 Loss: 1057.64528808	 Delta: 7.00817077841

Sun, 21 Dec 2014 15:56:44 nmf.py[line:109]                            INFO Iter: 19	 Loss: 1052.80593126	 Delta: 4.8393568144

Sun, 21 Dec 2014 15:56:49 nmf.py[line:109]                            INFO Iter: 20	 Loss: 1049.25774331	 Delta: 3.54818795197

Sun, 21 Dec 2014 15:56:55 nmf.py[line:109]                            INFO Iter: 21	 Loss: 1046.67512037	 Delta: 2.5826229416

Sun, 21 Dec 2014 15:57:01 nmf.py[line:109]                            INFO Iter: 22	 Loss: 1044.67993752	 Delta: 1.99518284801

Sun, 21 Dec 2014 15:57:08 nmf.py[line:109]                            INFO Iter: 23	 Loss: 1043.0530775	 Delta: 1.62686002296

Sun, 21 Dec 2014 15:57:15 nmf.py[line:109]                            INFO Iter: 24	 Loss: 1041.65344881	 Delta: 1.39962868516

Sun, 21 Dec 2014 15:57:21 nmf.py[line:109]                            INFO Iter: 25	 Loss: 1040.61637777	 Delta: 1.03707103847

Sun, 21 Dec 2014 15:57:27 nmf.py[line:109]                            INFO Iter: 26	 Loss: 1039.59962472	 Delta: 1.01675305037

Sun, 21 Dec 2014 15:57:32 nmf.py[line:109]                            INFO Iter: 27	 Loss: 1038.57136422	 Delta: 1.02826050242

Sun, 21 Dec 2014 15:57:37 nmf.py[line:109]                            INFO Iter: 28	 Loss: 1037.49639487	 Delta: 1.0749693471

Sun, 21 Dec 2014 15:57:43 nmf.py[line:109]                            INFO Iter: 29	 Loss: 1036.465084	 Delta: 1.03131087603

Sun, 21 Dec 2014 15:57:49 nmf.py[line:109]                            INFO Iter: 30	 Loss: 1035.47985661	 Delta: 0.985227384996

Sun, 21 Dec 2014 15:57:49 nmf.py[line:113]                            INFO NMF OK
Sun, 21 Dec 2014 15:57:52 demo_at_tsinghua_filter_by_10.py[line:134]                            INFO [ok]
computing fix_model NMF decomposition...
Sun, 21 Dec 2014 15:57:53 demo_at_tsinghua_filter_by_10.py[line:142]                            INFO non zero cell num: 4612
Sun, 21 Dec 2014 15:57:59 nmf.py[line:109]                            INFO Iter: 1	 Loss: 4624.12108849	 Delta: 995375.878912

Sun, 21 Dec 2014 15:58:04 nmf.py[line:109]                            INFO Iter: 2	 Loss: 4432.76496285	 Delta: 191.356125649

Sun, 21 Dec 2014 15:58:10 nmf.py[line:109]                            INFO Iter: 3	 Loss: 4186.44906889	 Delta: 246.315893955

Sun, 21 Dec 2014 15:58:16 nmf.py[line:109]                            INFO Iter: 4	 Loss: 3723.43626052	 Delta: 463.012808372

Sun, 21 Dec 2014 15:58:21 nmf.py[line:109]                            INFO Iter: 5	 Loss: 3297.19885265	 Delta: 426.237407865

Sun, 21 Dec 2014 15:58:27 nmf.py[line:109]                            INFO Iter: 6	 Loss: 2967.04900947	 Delta: 330.149843183

Sun, 21 Dec 2014 15:58:33 nmf.py[line:109]                            INFO Iter: 7	 Loss: 2730.627432	 Delta: 236.421577475

Sun, 21 Dec 2014 15:58:38 nmf.py[line:109]                            INFO Iter: 8	 Loss: 2560.64541387	 Delta: 169.982018129

Sun, 21 Dec 2014 15:58:44 nmf.py[line:109]                            INFO Iter: 9	 Loss: 2429.77960452	 Delta: 130.865809342

Sun, 21 Dec 2014 15:58:49 nmf.py[line:109]                            INFO Iter: 10	 Loss: 2322.67810265	 Delta: 107.101501872

Sun, 21 Dec 2014 15:58:55 nmf.py[line:109]                            INFO Iter: 11	 Loss: 2233.85757931	 Delta: 88.8205233376

Sun, 21 Dec 2014 15:59:01 nmf.py[line:109]                            INFO Iter: 12	 Loss: 2158.96048426	 Delta: 74.897095057

Sun, 21 Dec 2014 15:59:08 nmf.py[line:109]                            INFO Iter: 13	 Loss: 2098.94617734	 Delta: 60.01430692

Sun, 21 Dec 2014 15:59:14 nmf.py[line:109]                            INFO Iter: 14	 Loss: 2050.54775551	 Delta: 48.3984218277

Sun, 21 Dec 2014 15:59:21 nmf.py[line:109]                            INFO Iter: 15	 Loss: 2005.88524394	 Delta: 44.6625115652

Sun, 21 Dec 2014 15:59:27 nmf.py[line:109]                            INFO Iter: 16	 Loss: 1966.44990483	 Delta: 39.4353391109

Sun, 21 Dec 2014 15:59:33 nmf.py[line:109]                            INFO Iter: 17	 Loss: 1938.34112158	 Delta: 28.1087832525

Sun, 21 Dec 2014 15:59:39 nmf.py[line:109]                            INFO Iter: 18	 Loss: 1919.95669097	 Delta: 18.384430607

Sun, 21 Dec 2014 15:59:45 nmf.py[line:109]                            INFO Iter: 19	 Loss: 1907.84896122	 Delta: 12.107729753

Sun, 21 Dec 2014 15:59:52 nmf.py[line:109]                            INFO Iter: 20	 Loss: 1899.70501979	 Delta: 8.14394143019

Sun, 21 Dec 2014 15:59:58 nmf.py[line:109]                            INFO Iter: 21	 Loss: 1893.76557924	 Delta: 5.9394405478

Sun, 21 Dec 2014 16:00:05 nmf.py[line:109]                            INFO Iter: 22	 Loss: 1889.21340263	 Delta: 4.55217661582

Sun, 21 Dec 2014 16:00:11 nmf.py[line:109]                            INFO Iter: 23	 Loss: 1885.39835384	 Delta: 3.81504878237

Sun, 21 Dec 2014 16:00:17 nmf.py[line:109]                            INFO Iter: 24	 Loss: 1882.1043019	 Delta: 3.29405194157

Sun, 21 Dec 2014 16:00:24 nmf.py[line:109]                            INFO Iter: 25	 Loss: 1879.09434468	 Delta: 3.00995722003

Sun, 21 Dec 2014 16:00:30 nmf.py[line:109]                            INFO Iter: 26	 Loss: 1876.12487791	 Delta: 2.96946677507

Sun, 21 Dec 2014 16:00:36 nmf.py[line:109]                            INFO Iter: 27	 Loss: 1873.26905941	 Delta: 2.85581849566

Sun, 21 Dec 2014 16:00:43 nmf.py[line:109]                            INFO Iter: 28	 Loss: 1870.33730179	 Delta: 2.93175762161

Sun, 21 Dec 2014 16:00:49 nmf.py[line:109]                            INFO Iter: 29	 Loss: 1867.27465387	 Delta: 3.06264792069

Sun, 21 Dec 2014 16:00:55 nmf.py[line:109]                            INFO Iter: 30	 Loss: 1863.58648426	 Delta: 3.68816960552

Sun, 21 Dec 2014 16:01:01 nmf.py[line:109]                            INFO Iter: 31	 Loss: 1859.0857133	 Delta: 4.50077096287

Sun, 21 Dec 2014 16:01:07 nmf.py[line:109]                            INFO Iter: 32	 Loss: 1855.19087544	 Delta: 3.89483785716

Sun, 21 Dec 2014 16:01:15 nmf.py[line:109]                            INFO Iter: 33	 Loss: 1852.61019788	 Delta: 2.58067756223

Sun, 21 Dec 2014 16:01:21 nmf.py[line:109]                            INFO Iter: 34	 Loss: 1850.60064216	 Delta: 2.00955571746

Sun, 21 Dec 2014 16:01:27 nmf.py[line:109]                            INFO Iter: 35	 Loss: 1848.61995305	 Delta: 1.98068910977

Sun, 21 Dec 2014 16:01:33 nmf.py[line:109]                            INFO Iter: 36	 Loss: 1846.53563556	 Delta: 2.08431749435

Sun, 21 Dec 2014 16:01:39 nmf.py[line:109]                            INFO Iter: 37	 Loss: 1844.71628322	 Delta: 1.81935233753

Sun, 21 Dec 2014 16:01:45 nmf.py[line:109]                            INFO Iter: 38	 Loss: 1843.36701884	 Delta: 1.34926437778

Sun, 21 Dec 2014 16:01:52 nmf.py[line:109]                            INFO Iter: 39	 Loss: 1842.23171537	 Delta: 1.13530347312

Sun, 21 Dec 2014 16:01:58 nmf.py[line:109]                            INFO Iter: 40	 Loss: 1841.23491912	 Delta: 0.996796247732

Sun, 21 Dec 2014 16:01:58 nmf.py[line:113]                            INFO NMF OK
Sun, 21 Dec 2014 16:02:00 demo_at_tsinghua_filter_by_10.py[line:148]                            INFO [ok]

Sun, 21 Dec 2014 16:02:00 demo_at_tsinghua_filter_by_10.py[line:150]                            INFO 	 fold_id:0

Sun, 21 Dec 2014 16:02:00 demo_at_tsinghua_filter_by_10.py[line:152]                            INFO 	recall at 10:
Sun, 21 Dec 2014 16:02:37 demo_at_tsinghua_filter_by_10.py[line:177]                            INFO 		t-model NMF :  0.264016493978

Sun, 21 Dec 2014 16:02:37 demo_at_tsinghua_filter_by_10.py[line:178]                            INFO 		f-model NMF :  0.225349140773

Sun, 21 Dec 2014 16:02:37 demo_at_tsinghua_filter_by_10.py[line:179]                            INFO 		JPPCF :  0.242331089705

Sun, 21 Dec 2014 16:02:37 demo_at_tsinghua_filter_by_10.py[line:152]                            INFO 	recall at 50:
Sun, 21 Dec 2014 16:03:16 demo_at_tsinghua_filter_by_10.py[line:177]                            INFO 		t-model NMF :  0.512389754924

Sun, 21 Dec 2014 16:03:16 demo_at_tsinghua_filter_by_10.py[line:178]                            INFO 		f-model NMF :  0.453264042164

Sun, 21 Dec 2014 16:03:16 demo_at_tsinghua_filter_by_10.py[line:179]                            INFO 		JPPCF :  0.505833792531

Sun, 21 Dec 2014 16:03:16 demo_at_tsinghua_filter_by_10.py[line:152]                            INFO 	recall at 100:
Sun, 21 Dec 2014 16:03:55 demo_at_tsinghua_filter_by_10.py[line:177]                            INFO 		t-model NMF :  0.622674753564

Sun, 21 Dec 2014 16:03:55 demo_at_tsinghua_filter_by_10.py[line:178]                            INFO 		f-model NMF :  0.575855404096

Sun, 21 Dec 2014 16:03:55 demo_at_tsinghua_filter_by_10.py[line:179]                            INFO 		JPPCF :  0.624059606699

Sun, 21 Dec 2014 16:03:55 demo_at_tsinghua_filter_by_10.py[line:152]                            INFO 	recall at 300:
Sun, 21 Dec 2014 16:04:32 demo_at_tsinghua_filter_by_10.py[line:177]                            INFO 		t-model NMF :  0.804886231063

Sun, 21 Dec 2014 16:04:32 demo_at_tsinghua_filter_by_10.py[line:178]                            INFO 		f-model NMF :  0.782918457872

Sun, 21 Dec 2014 16:04:32 demo_at_tsinghua_filter_by_10.py[line:179]                            INFO 		JPPCF :  0.771647765121

Sun, 21 Dec 2014 16:04:32 demo_at_tsinghua_filter_by_10.py[line:152]                            INFO 	recall at 500:
Sun, 21 Dec 2014 16:05:11 demo_at_tsinghua_filter_by_10.py[line:177]                            INFO 		t-model NMF :  0.86772541419

Sun, 21 Dec 2014 16:05:11 demo_at_tsinghua_filter_by_10.py[line:178]                            INFO 		f-model NMF :  0.87149010726

Sun, 21 Dec 2014 16:05:11 demo_at_tsinghua_filter_by_10.py[line:179]                            INFO 		JPPCF :  0.842623060789

Sun, 21 Dec 2014 16:05:11 demo_at_tsinghua_filter_by_10.py[line:152]                            INFO 	recall at 1000:
Sun, 21 Dec 2014 16:05:50 demo_at_tsinghua_filter_by_10.py[line:177]                            INFO 		t-model NMF :  0.92668344871

Sun, 21 Dec 2014 16:05:50 demo_at_tsinghua_filter_by_10.py[line:178]                            INFO 		f-model NMF :  0.953877192313

Sun, 21 Dec 2014 16:05:50 demo_at_tsinghua_filter_by_10.py[line:179]                            INFO 		JPPCF :  0.934392699811

Sun, 21 Dec 2014 16:05:50 demo_at_tsinghua_filter_by_10.py[line:181]                            INFO current_time_step: 3

Sun, 21 Dec 2014 16:05:50 demo_at_tsinghua_filter_by_10.py[line:184]                            INFO 	recall at 10:
Sun, 21 Dec 2014 16:05:50 demo_at_tsinghua_filter_by_10.py[line:188]                            INFO 		avg t-model NMF :  0.264016493978

Sun, 21 Dec 2014 16:05:50 demo_at_tsinghua_filter_by_10.py[line:189]                            INFO 		avg f-model NMF :  0.225349140773

Sun, 21 Dec 2014 16:05:50 demo_at_tsinghua_filter_by_10.py[line:190]                            INFO 		avg JPPCF :  0.242331089705

Sun, 21 Dec 2014 16:05:50 demo_at_tsinghua_filter_by_10.py[line:184]                            INFO 	recall at 50:
Sun, 21 Dec 2014 16:05:50 demo_at_tsinghua_filter_by_10.py[line:188]                            INFO 		avg t-model NMF :  0.512389754924

Sun, 21 Dec 2014 16:05:50 demo_at_tsinghua_filter_by_10.py[line:189]                            INFO 		avg f-model NMF :  0.453264042164

Sun, 21 Dec 2014 16:05:50 demo_at_tsinghua_filter_by_10.py[line:190]                            INFO 		avg JPPCF :  0.505833792531

Sun, 21 Dec 2014 16:05:50 demo_at_tsinghua_filter_by_10.py[line:184]                            INFO 	recall at 100:
Sun, 21 Dec 2014 16:05:50 demo_at_tsinghua_filter_by_10.py[line:188]                            INFO 		avg t-model NMF :  0.622674753564

Sun, 21 Dec 2014 16:05:50 demo_at_tsinghua_filter_by_10.py[line:189]                            INFO 		avg f-model NMF :  0.575855404096

Sun, 21 Dec 2014 16:05:50 demo_at_tsinghua_filter_by_10.py[line:190]                            INFO 		avg JPPCF :  0.624059606699

Sun, 21 Dec 2014 16:05:50 demo_at_tsinghua_filter_by_10.py[line:184]                            INFO 	recall at 300:
Sun, 21 Dec 2014 16:05:50 demo_at_tsinghua_filter_by_10.py[line:188]                            INFO 		avg t-model NMF :  0.804886231063

Sun, 21 Dec 2014 16:05:50 demo_at_tsinghua_filter_by_10.py[line:189]                            INFO 		avg f-model NMF :  0.782918457872

Sun, 21 Dec 2014 16:05:50 demo_at_tsinghua_filter_by_10.py[line:190]                            INFO 		avg JPPCF :  0.771647765121

Sun, 21 Dec 2014 16:05:50 demo_at_tsinghua_filter_by_10.py[line:184]                            INFO 	recall at 500:
Sun, 21 Dec 2014 16:05:50 demo_at_tsinghua_filter_by_10.py[line:188]                            INFO 		avg t-model NMF :  0.86772541419

Sun, 21 Dec 2014 16:05:50 demo_at_tsinghua_filter_by_10.py[line:189]                            INFO 		avg f-model NMF :  0.87149010726

Sun, 21 Dec 2014 16:05:50 demo_at_tsinghua_filter_by_10.py[line:190]                            INFO 		avg JPPCF :  0.842623060789

Sun, 21 Dec 2014 16:05:50 demo_at_tsinghua_filter_by_10.py[line:184]                            INFO 	recall at 1000:
Sun, 21 Dec 2014 16:05:50 demo_at_tsinghua_filter_by_10.py[line:188]                            INFO 		avg t-model NMF :  0.92668344871

Sun, 21 Dec 2014 16:05:50 demo_at_tsinghua_filter_by_10.py[line:189]                            INFO 		avg f-model NMF :  0.953877192313

Sun, 21 Dec 2014 16:05:50 demo_at_tsinghua_filter_by_10.py[line:190]                            INFO 		avg JPPCF :  0.934392699811

Sun, 21 Dec 2014 16:05:50 demo_at_tsinghua_filter_by_10.py[line:204]                            INFO =========================

Sun, 21 Dec 2014 16:05:50 demo_at_tsinghua_filter_by_10.py[line:102]                            INFO 
=========================

Sun, 21 Dec 2014 16:05:50 demo_at_tsinghua_filter_by_10.py[line:103]                            INFO time_step number %i:	4
Sun, 21 Dec 2014 16:05:50 demo_at_tsinghua_filter_by_10.py[line:104]                            INFO ----------------

Sun, 21 Dec 2014 16:05:51 demo_at_tsinghua_filter_by_10.py[line:119]                            INFO non zero cell num: 2707
Sun, 21 Dec 2014 16:05:51 demo_at_tsinghua_filter_by_10.py[line:122]                            INFO computing JPP decomposition...
Sun, 21 Dec 2014 16:07:40 JPPCF.py[line:86]                            INFO Iter: 1	 Loss: 5580.24190383	 Delta: 994419.758096

Sun, 21 Dec 2014 16:09:31 JPPCF.py[line:86]                            INFO Iter: 2	 Loss: 5547.00202169	 Delta: 33.2398821347

Sun, 21 Dec 2014 16:11:23 JPPCF.py[line:86]                            INFO Iter: 3	 Loss: 4448.60261805	 Delta: 1098.39940364

Sun, 21 Dec 2014 16:13:13 JPPCF.py[line:86]                            INFO Iter: 4	 Loss: 4030.36731192	 Delta: 418.23530613

Sun, 21 Dec 2014 16:15:01 JPPCF.py[line:86]                            INFO Iter: 5	 Loss: 3471.21648187	 Delta: 559.150830053

Sun, 21 Dec 2014 16:16:53 JPPCF.py[line:86]                            INFO Iter: 6	 Loss: 3071.09683871	 Delta: 400.119643157

Sun, 21 Dec 2014 16:18:51 JPPCF.py[line:86]                            INFO Iter: 7	 Loss: 2771.34480078	 Delta: 299.752037925

Sun, 21 Dec 2014 16:20:44 JPPCF.py[line:86]                            INFO Iter: 8	 Loss: 2510.42085177	 Delta: 260.923949015

Sun, 21 Dec 2014 16:22:39 JPPCF.py[line:86]                            INFO Iter: 9	 Loss: 2317.89935599	 Delta: 192.521495785

Sun, 21 Dec 2014 16:24:31 JPPCF.py[line:86]                            INFO Iter: 10	 Loss: 2188.88146926	 Delta: 129.017886731

Sun, 21 Dec 2014 16:26:24 JPPCF.py[line:86]                            INFO Iter: 11	 Loss: 2097.75611189	 Delta: 91.1253573668

Sun, 21 Dec 2014 16:28:19 JPPCF.py[line:86]                            INFO Iter: 12	 Loss: 2023.77569645	 Delta: 73.9804154426

Sun, 21 Dec 2014 16:30:14 JPPCF.py[line:86]                            INFO Iter: 13	 Loss: 1954.38859227	 Delta: 69.387104177

Sun, 21 Dec 2014 16:32:11 JPPCF.py[line:86]                            INFO Iter: 14	 Loss: 1897.97880003	 Delta: 56.4097922404

Sun, 21 Dec 2014 16:34:05 JPPCF.py[line:86]                            INFO Iter: 15	 Loss: 1854.56590439	 Delta: 43.4128956398

Sun, 21 Dec 2014 16:35:59 JPPCF.py[line:86]                            INFO Iter: 16	 Loss: 1816.6521768	 Delta: 37.9137275876

Sun, 21 Dec 2014 16:37:57 JPPCF.py[line:86]                            INFO Iter: 17	 Loss: 1784.0635061	 Delta: 32.5886706961

Sun, 21 Dec 2014 16:39:54 JPPCF.py[line:86]                            INFO Iter: 18	 Loss: 1755.07553866	 Delta: 28.9879674473

Sun, 21 Dec 2014 16:41:51 JPPCF.py[line:86]                            INFO Iter: 19	 Loss: 1730.69924699	 Delta: 24.3762916666

Sun, 21 Dec 2014 16:43:46 JPPCF.py[line:86]                            INFO Iter: 20	 Loss: 1709.59494549	 Delta: 21.1043015

Sun, 21 Dec 2014 16:45:39 JPPCF.py[line:86]                            INFO Iter: 21	 Loss: 1690.69397908	 Delta: 18.9009664062

Sun, 21 Dec 2014 16:47:32 JPPCF.py[line:86]                            INFO Iter: 22	 Loss: 1673.70597337	 Delta: 16.9880057181

Sun, 21 Dec 2014 16:49:20 JPPCF.py[line:86]                            INFO Iter: 23	 Loss: 1659.46753092	 Delta: 14.2384424435

Sun, 21 Dec 2014 16:51:10 JPPCF.py[line:86]                            INFO Iter: 24	 Loss: 1647.91537407	 Delta: 11.5521568506

Sun, 21 Dec 2014 16:53:07 JPPCF.py[line:86]                            INFO Iter: 25	 Loss: 1635.70362501	 Delta: 12.2117490651

Sun, 21 Dec 2014 16:54:52 JPPCF.py[line:86]                            INFO Iter: 26	 Loss: 1624.80718576	 Delta: 10.8964392494

Sun, 21 Dec 2014 16:56:47 JPPCF.py[line:86]                            INFO Iter: 27	 Loss: 1615.02393711	 Delta: 9.78324865239

Sun, 21 Dec 2014 16:58:37 JPPCF.py[line:86]                            INFO Iter: 28	 Loss: 1605.6408706	 Delta: 9.3830665082

Sun, 21 Dec 2014 17:00:33 JPPCF.py[line:86]                            INFO Iter: 29	 Loss: 1595.78302284	 Delta: 9.85784775279

Sun, 21 Dec 2014 17:02:27 JPPCF.py[line:86]                            INFO Iter: 30	 Loss: 1588.1739831	 Delta: 7.60903974129

Sun, 21 Dec 2014 17:04:17 JPPCF.py[line:86]                            INFO Iter: 31	 Loss: 1582.50819145	 Delta: 5.66579165069

Sun, 21 Dec 2014 17:06:06 JPPCF.py[line:86]                            INFO Iter: 32	 Loss: 1577.21079959	 Delta: 5.29739185876

Sun, 21 Dec 2014 17:07:59 JPPCF.py[line:86]                            INFO Iter: 33	 Loss: 1570.89616076	 Delta: 6.31463883053

Sun, 21 Dec 2014 17:09:50 JPPCF.py[line:86]                            INFO Iter: 34	 Loss: 1564.1348096	 Delta: 6.76135116083

Sun, 21 Dec 2014 17:11:44 JPPCF.py[line:86]                            INFO Iter: 35	 Loss: 1558.04823675	 Delta: 6.0865728561

Sun, 21 Dec 2014 17:13:41 JPPCF.py[line:86]                            INFO Iter: 36	 Loss: 1551.65364741	 Delta: 6.39458933175

Sun, 21 Dec 2014 17:15:40 JPPCF.py[line:86]                            INFO Iter: 37	 Loss: 1544.3078721	 Delta: 7.3457753131

Sun, 21 Dec 2014 17:17:40 JPPCF.py[line:86]                            INFO Iter: 38	 Loss: 1536.93722135	 Delta: 7.37065075417

Sun, 21 Dec 2014 17:19:36 JPPCF.py[line:86]                            INFO Iter: 39	 Loss: 1529.48370149	 Delta: 7.45351985689

Sun, 21 Dec 2014 17:21:29 JPPCF.py[line:86]                            INFO Iter: 40	 Loss: 1521.36086562	 Delta: 8.12283587305

Sun, 21 Dec 2014 17:23:25 JPPCF.py[line:86]                            INFO Iter: 41	 Loss: 1512.51467317	 Delta: 8.84619245041

Sun, 21 Dec 2014 17:25:21 JPPCF.py[line:86]                            INFO Iter: 42	 Loss: 1503.00760247	 Delta: 9.50707069898

Sun, 21 Dec 2014 17:27:22 JPPCF.py[line:86]                            INFO Iter: 43	 Loss: 1492.34900019	 Delta: 10.6586022734

Sun, 21 Dec 2014 17:29:23 JPPCF.py[line:86]                            INFO Iter: 44	 Loss: 1481.86015475	 Delta: 10.4888454396

Sun, 21 Dec 2014 17:31:21 JPPCF.py[line:86]                            INFO Iter: 45	 Loss: 1471.86488289	 Delta: 9.99527186386

Sun, 21 Dec 2014 17:33:19 JPPCF.py[line:86]                            INFO Iter: 46	 Loss: 1463.62419623	 Delta: 8.24068666301

Sun, 21 Dec 2014 17:35:18 JPPCF.py[line:86]                            INFO Iter: 47	 Loss: 1457.61229008	 Delta: 6.01190614886

Sun, 21 Dec 2014 17:37:16 JPPCF.py[line:86]                            INFO Iter: 48	 Loss: 1453.04710369	 Delta: 4.56518639239

Sun, 21 Dec 2014 17:39:10 JPPCF.py[line:86]                            INFO Iter: 49	 Loss: 1449.70280163	 Delta: 3.34430205535

Sun, 21 Dec 2014 17:41:06 JPPCF.py[line:86]                            INFO Iter: 50	 Loss: 1446.77553268	 Delta: 2.92726895437

Sun, 21 Dec 2014 17:42:59 JPPCF.py[line:86]                            INFO Iter: 51	 Loss: 1444.10916512	 Delta: 2.66636755713

Sun, 21 Dec 2014 17:44:49 JPPCF.py[line:86]                            INFO Iter: 52	 Loss: 1441.82069534	 Delta: 2.28846977863

Sun, 21 Dec 2014 17:46:36 JPPCF.py[line:86]                            INFO Iter: 53	 Loss: 1439.81513779	 Delta: 2.0055575527

Sun, 21 Dec 2014 17:48:23 JPPCF.py[line:86]                            INFO Iter: 54	 Loss: 1437.75211803	 Delta: 2.0630197624

Sun, 21 Dec 2014 17:50:12 JPPCF.py[line:86]                            INFO Iter: 55	 Loss: 1434.91465061	 Delta: 2.8374674164

Sun, 21 Dec 2014 17:52:09 JPPCF.py[line:86]                            INFO Iter: 56	 Loss: 1432.20122599	 Delta: 2.7134246229

Sun, 21 Dec 2014 17:54:03 JPPCF.py[line:86]                            INFO Iter: 57	 Loss: 1429.33944623	 Delta: 2.86177975658

Sun, 21 Dec 2014 17:55:56 JPPCF.py[line:86]                            INFO Iter: 58	 Loss: 1427.47698975	 Delta: 1.86245648196

Sun, 21 Dec 2014 17:57:50 JPPCF.py[line:86]                            INFO Iter: 59	 Loss: 1425.9674642	 Delta: 1.50952555104

Sun, 21 Dec 2014 17:59:43 JPPCF.py[line:86]                            INFO Iter: 60	 Loss: 1424.64441989	 Delta: 1.32304430573

Sun, 21 Dec 2014 18:01:37 JPPCF.py[line:86]                            INFO Iter: 61	 Loss: 1423.07932692	 Delta: 1.56509297352

Sun, 21 Dec 2014 18:03:33 JPPCF.py[line:86]                            INFO Iter: 62	 Loss: 1421.67357065	 Delta: 1.40575627296

Sun, 21 Dec 2014 18:05:29 JPPCF.py[line:86]                            INFO Iter: 63	 Loss: 1420.36770947	 Delta: 1.30586117417

Sun, 21 Dec 2014 18:07:25 JPPCF.py[line:86]                            INFO Iter: 64	 Loss: 1418.79427168	 Delta: 1.57343779402

Sun, 21 Dec 2014 18:09:20 JPPCF.py[line:86]                            INFO Iter: 65	 Loss: 1416.94806475	 Delta: 1.84620693112

Sun, 21 Dec 2014 18:11:12 JPPCF.py[line:86]                            INFO Iter: 66	 Loss: 1414.92135746	 Delta: 2.02670728673

Sun, 21 Dec 2014 18:13:00 JPPCF.py[line:86]                            INFO Iter: 67	 Loss: 1413.2820365	 Delta: 1.63932095884

Sun, 21 Dec 2014 18:14:50 JPPCF.py[line:86]                            INFO Iter: 68	 Loss: 1411.98228663	 Delta: 1.29974987419

Sun, 21 Dec 2014 18:16:39 JPPCF.py[line:86]                            INFO Iter: 69	 Loss: 1410.69763896	 Delta: 1.28464766462

Sun, 21 Dec 2014 18:16:39 JPPCF.py[line:88]                            INFO JPPCF OK

Sun, 21 Dec 2014 18:16:41 demo_at_tsinghua_filter_by_10.py[line:128]                            INFO [ok]
computing t-model NMF decomposition...
Sun, 21 Dec 2014 18:16:47 nmf.py[line:109]                            INFO Iter: 1	 Loss: 2711.40468224	 Delta: 997288.595318

Sun, 21 Dec 2014 18:16:52 nmf.py[line:109]                            INFO Iter: 2	 Loss: 2658.21151825	 Delta: 53.1931639829

Sun, 21 Dec 2014 18:16:57 nmf.py[line:109]                            INFO Iter: 3	 Loss: 2472.97241121	 Delta: 185.239107043

Sun, 21 Dec 2014 18:17:03 nmf.py[line:109]                            INFO Iter: 4	 Loss: 2199.62008108	 Delta: 273.35233013

Sun, 21 Dec 2014 18:17:08 nmf.py[line:109]                            INFO Iter: 5	 Loss: 1932.84603871	 Delta: 266.774042376

Sun, 21 Dec 2014 18:17:14 nmf.py[line:109]                            INFO Iter: 6	 Loss: 1753.65270952	 Delta: 179.19332919

Sun, 21 Dec 2014 18:17:20 nmf.py[line:109]                            INFO Iter: 7	 Loss: 1632.22321444	 Delta: 121.42949508

Sun, 21 Dec 2014 18:17:26 nmf.py[line:109]                            INFO Iter: 8	 Loss: 1534.8524252	 Delta: 97.3707892345

Sun, 21 Dec 2014 18:17:32 nmf.py[line:109]                            INFO Iter: 9	 Loss: 1462.10925867	 Delta: 72.74316653

Sun, 21 Dec 2014 18:17:37 nmf.py[line:109]                            INFO Iter: 10	 Loss: 1403.22263382	 Delta: 58.8866248509

Sun, 21 Dec 2014 18:17:43 nmf.py[line:109]                            INFO Iter: 11	 Loss: 1356.7889118	 Delta: 46.4337220208

Sun, 21 Dec 2014 18:17:49 nmf.py[line:109]                            INFO Iter: 12	 Loss: 1324.00106772	 Delta: 32.7878440783

Sun, 21 Dec 2014 18:17:54 nmf.py[line:109]                            INFO Iter: 13	 Loss: 1302.24695133	 Delta: 21.7541163892

Sun, 21 Dec 2014 18:18:01 nmf.py[line:109]                            INFO Iter: 14	 Loss: 1286.87772633	 Delta: 15.3692249972

Sun, 21 Dec 2014 18:18:07 nmf.py[line:109]                            INFO Iter: 15	 Loss: 1274.56293881	 Delta: 12.3147875211

Sun, 21 Dec 2014 18:18:13 nmf.py[line:109]                            INFO Iter: 16	 Loss: 1263.74791346	 Delta: 10.8150253507

Sun, 21 Dec 2014 18:18:19 nmf.py[line:109]                            INFO Iter: 17	 Loss: 1254.91650783	 Delta: 8.83140563464

Sun, 21 Dec 2014 18:18:25 nmf.py[line:109]                            INFO Iter: 18	 Loss: 1247.9627834	 Delta: 6.95372442552

Sun, 21 Dec 2014 18:18:31 nmf.py[line:109]                            INFO Iter: 19	 Loss: 1242.22041454	 Delta: 5.74236886298

Sun, 21 Dec 2014 18:18:36 nmf.py[line:109]                            INFO Iter: 20	 Loss: 1237.16555035	 Delta: 5.05486419107

Sun, 21 Dec 2014 18:18:42 nmf.py[line:109]                            INFO Iter: 21	 Loss: 1232.33607316	 Delta: 4.82947719227

Sun, 21 Dec 2014 18:18:48 nmf.py[line:109]                            INFO Iter: 22	 Loss: 1227.8660807	 Delta: 4.46999245445

Sun, 21 Dec 2014 18:18:54 nmf.py[line:109]                            INFO Iter: 23	 Loss: 1223.83889953	 Delta: 4.0271811727

Sun, 21 Dec 2014 18:19:00 nmf.py[line:109]                            INFO Iter: 24	 Loss: 1219.89944182	 Delta: 3.9394577111

Sun, 21 Dec 2014 18:19:05 nmf.py[line:109]                            INFO Iter: 25	 Loss: 1216.60499398	 Delta: 3.29444784297

Sun, 21 Dec 2014 18:19:11 nmf.py[line:109]                            INFO Iter: 26	 Loss: 1213.37409009	 Delta: 3.23090388829

Sun, 21 Dec 2014 18:19:16 nmf.py[line:109]                            INFO Iter: 27	 Loss: 1210.20738379	 Delta: 3.16670629203

Sun, 21 Dec 2014 18:19:21 nmf.py[line:109]                            INFO Iter: 28	 Loss: 1207.30682424	 Delta: 2.90055955072

Sun, 21 Dec 2014 18:19:27 nmf.py[line:109]                            INFO Iter: 29	 Loss: 1204.99491741	 Delta: 2.31190683823

Sun, 21 Dec 2014 18:19:32 nmf.py[line:109]                            INFO Iter: 30	 Loss: 1202.80231323	 Delta: 2.19260417207

Sun, 21 Dec 2014 18:19:38 nmf.py[line:109]                            INFO Iter: 31	 Loss: 1200.62898532	 Delta: 2.17332791357

Sun, 21 Dec 2014 18:19:42 nmf.py[line:109]                            INFO Iter: 32	 Loss: 1198.29693793	 Delta: 2.33204738703

Sun, 21 Dec 2014 18:19:48 nmf.py[line:109]                            INFO Iter: 33	 Loss: 1195.88025628	 Delta: 2.41668165342

Sun, 21 Dec 2014 18:19:54 nmf.py[line:109]                            INFO Iter: 34	 Loss: 1193.72900453	 Delta: 2.15125175304

Sun, 21 Dec 2014 18:19:59 nmf.py[line:109]                            INFO Iter: 35	 Loss: 1192.02324458	 Delta: 1.70575995079

Sun, 21 Dec 2014 18:20:05 nmf.py[line:109]                            INFO Iter: 36	 Loss: 1190.56898116	 Delta: 1.45426341346

Sun, 21 Dec 2014 18:20:10 nmf.py[line:109]                            INFO Iter: 37	 Loss: 1189.48071341	 Delta: 1.08826775385

Sun, 21 Dec 2014 18:20:16 nmf.py[line:109]                            INFO Iter: 38	 Loss: 1188.44483402	 Delta: 1.03587939095

Sun, 21 Dec 2014 18:20:21 nmf.py[line:109]                            INFO Iter: 39	 Loss: 1187.30014956	 Delta: 1.14468445493

Sun, 21 Dec 2014 18:20:27 nmf.py[line:109]                            INFO Iter: 40	 Loss: 1186.3659	 Delta: 0.934249567148

Sun, 21 Dec 2014 18:20:27 nmf.py[line:113]                            INFO NMF OK
Sun, 21 Dec 2014 18:20:29 demo_at_tsinghua_filter_by_10.py[line:134]                            INFO [ok]
computing fix_model NMF decomposition...
Sun, 21 Dec 2014 18:20:30 demo_at_tsinghua_filter_by_10.py[line:142]                            INFO non zero cell num: 7728
Sun, 21 Dec 2014 18:20:35 nmf.py[line:109]                            INFO Iter: 1	 Loss: 7751.08473747	 Delta: 992248.915263

Sun, 21 Dec 2014 18:20:41 nmf.py[line:109]                            INFO Iter: 2	 Loss: 7473.594933	 Delta: 277.48980447

Sun, 21 Dec 2014 18:20:47 nmf.py[line:109]                            INFO Iter: 3	 Loss: 7188.02839286	 Delta: 285.566540143

Sun, 21 Dec 2014 18:20:52 nmf.py[line:109]                            INFO Iter: 4	 Loss: 6460.75120399	 Delta: 727.277188865

Sun, 21 Dec 2014 18:20:57 nmf.py[line:109]                            INFO Iter: 5	 Loss: 5724.60691055	 Delta: 736.144293447

Sun, 21 Dec 2014 18:21:03 nmf.py[line:109]                            INFO Iter: 6	 Loss: 5201.22799986	 Delta: 523.378910685

Sun, 21 Dec 2014 18:21:08 nmf.py[line:109]                            INFO Iter: 7	 Loss: 4834.6146144	 Delta: 366.613385461

Sun, 21 Dec 2014 18:21:14 nmf.py[line:109]                            INFO Iter: 8	 Loss: 4580.83237919	 Delta: 253.782235213

Sun, 21 Dec 2014 18:21:19 nmf.py[line:109]                            INFO Iter: 9	 Loss: 4395.11053012	 Delta: 185.721849063

Sun, 21 Dec 2014 18:21:24 nmf.py[line:109]                            INFO Iter: 10	 Loss: 4256.19132975	 Delta: 138.919200372

Sun, 21 Dec 2014 18:21:30 nmf.py[line:109]                            INFO Iter: 11	 Loss: 4154.71973395	 Delta: 101.471595801

Sun, 21 Dec 2014 18:21:35 nmf.py[line:109]                            INFO Iter: 12	 Loss: 4076.78399175	 Delta: 77.9357422034

Sun, 21 Dec 2014 18:21:41 nmf.py[line:109]                            INFO Iter: 13	 Loss: 4012.11906606	 Delta: 64.6649256892

Sun, 21 Dec 2014 18:21:47 nmf.py[line:109]                            INFO Iter: 14	 Loss: 3957.27699389	 Delta: 54.8420721647

Sun, 21 Dec 2014 18:21:54 nmf.py[line:109]                            INFO Iter: 15	 Loss: 3913.52966767	 Delta: 43.7473262179

Sun, 21 Dec 2014 18:22:00 nmf.py[line:109]                            INFO Iter: 16	 Loss: 3880.59241232	 Delta: 32.9372553591

Sun, 21 Dec 2014 18:22:06 nmf.py[line:109]                            INFO Iter: 17	 Loss: 3855.06752226	 Delta: 25.5248900558

Sun, 21 Dec 2014 18:22:12 nmf.py[line:109]                            INFO Iter: 18	 Loss: 3834.63737284	 Delta: 20.4301494203

Sun, 21 Dec 2014 18:22:18 nmf.py[line:109]                            INFO Iter: 19	 Loss: 3817.92762371	 Delta: 16.7097491284

Sun, 21 Dec 2014 18:22:25 nmf.py[line:109]                            INFO Iter: 20	 Loss: 3804.00046171	 Delta: 13.9271619964

Sun, 21 Dec 2014 18:22:31 nmf.py[line:109]                            INFO Iter: 21	 Loss: 3792.3517334	 Delta: 11.6487283172

Sun, 21 Dec 2014 18:22:37 nmf.py[line:109]                            INFO Iter: 22	 Loss: 3782.34009768	 Delta: 10.011635722

Sun, 21 Dec 2014 18:22:44 nmf.py[line:109]                            INFO Iter: 23	 Loss: 3774.11826034	 Delta: 8.22183733606

Sun, 21 Dec 2014 18:22:51 nmf.py[line:109]                            INFO Iter: 24	 Loss: 3767.38933996	 Delta: 6.72892038237

Sun, 21 Dec 2014 18:22:57 nmf.py[line:109]                            INFO Iter: 25	 Loss: 3761.64735619	 Delta: 5.74198377023

Sun, 21 Dec 2014 18:23:03 nmf.py[line:109]                            INFO Iter: 26	 Loss: 3756.6811755	 Delta: 4.96618069038

Sun, 21 Dec 2014 18:23:10 nmf.py[line:109]                            INFO Iter: 27	 Loss: 3752.465372	 Delta: 4.21580349448

Sun, 21 Dec 2014 18:23:16 nmf.py[line:109]                            INFO Iter: 28	 Loss: 3748.88653229	 Delta: 3.57883971519

Sun, 21 Dec 2014 18:23:22 nmf.py[line:109]                            INFO Iter: 29	 Loss: 3746.05262288	 Delta: 2.83390940459

Sun, 21 Dec 2014 18:23:29 nmf.py[line:109]                            INFO Iter: 30	 Loss: 3743.65580315	 Delta: 2.39681972783

Sun, 21 Dec 2014 18:23:36 nmf.py[line:109]                            INFO Iter: 31	 Loss: 3741.47707215	 Delta: 2.17873100528

Sun, 21 Dec 2014 18:23:42 nmf.py[line:109]                            INFO Iter: 32	 Loss: 3739.35835739	 Delta: 2.11871476034

Sun, 21 Dec 2014 18:23:48 nmf.py[line:109]                            INFO Iter: 33	 Loss: 3737.52409284	 Delta: 1.83426455253

Sun, 21 Dec 2014 18:23:54 nmf.py[line:109]                            INFO Iter: 34	 Loss: 3735.98735474	 Delta: 1.53673809149

Sun, 21 Dec 2014 18:24:00 nmf.py[line:109]                            INFO Iter: 35	 Loss: 3734.56526794	 Delta: 1.42208680929

Sun, 21 Dec 2014 18:24:06 nmf.py[line:109]                            INFO Iter: 36	 Loss: 3733.01982886	 Delta: 1.54543907532

Sun, 21 Dec 2014 18:24:13 nmf.py[line:109]                            INFO Iter: 37	 Loss: 3731.54031681	 Delta: 1.4795120478

Sun, 21 Dec 2014 18:24:19 nmf.py[line:109]                            INFO Iter: 38	 Loss: 3730.24160074	 Delta: 1.29871606812

Sun, 21 Dec 2014 18:24:25 nmf.py[line:109]                            INFO Iter: 39	 Loss: 3729.02192222	 Delta: 1.21967852565

Sun, 21 Dec 2014 18:24:31 nmf.py[line:109]                            INFO Iter: 40	 Loss: 3727.9055701	 Delta: 1.11635212354

Sun, 21 Dec 2014 18:24:37 nmf.py[line:109]                            INFO Iter: 41	 Loss: 3726.95264604	 Delta: 0.952924051243

Sun, 21 Dec 2014 18:24:37 nmf.py[line:113]                            INFO NMF OK
Sun, 21 Dec 2014 18:24:39 demo_at_tsinghua_filter_by_10.py[line:148]                            INFO [ok]

Sun, 21 Dec 2014 18:24:39 demo_at_tsinghua_filter_by_10.py[line:150]                            INFO 	 fold_id:0

Sun, 21 Dec 2014 18:24:39 demo_at_tsinghua_filter_by_10.py[line:152]                            INFO 	recall at 10:
Sun, 21 Dec 2014 18:25:30 demo_at_tsinghua_filter_by_10.py[line:177]                            INFO 		t-model NMF :  0.355757484041

Sun, 21 Dec 2014 18:25:30 demo_at_tsinghua_filter_by_10.py[line:178]                            INFO 		f-model NMF :  0.180256255044

Sun, 21 Dec 2014 18:25:30 demo_at_tsinghua_filter_by_10.py[line:179]                            INFO 		JPPCF :  0.326182221733

Sun, 21 Dec 2014 18:25:30 demo_at_tsinghua_filter_by_10.py[line:152]                            INFO 	recall at 50:
Sun, 21 Dec 2014 18:26:20 demo_at_tsinghua_filter_by_10.py[line:177]                            INFO 		t-model NMF :  0.533298175459

Sun, 21 Dec 2014 18:26:20 demo_at_tsinghua_filter_by_10.py[line:178]                            INFO 		f-model NMF :  0.408136754959

Sun, 21 Dec 2014 18:26:20 demo_at_tsinghua_filter_by_10.py[line:179]                            INFO 		JPPCF :  0.519864963191

Sun, 21 Dec 2014 18:26:20 demo_at_tsinghua_filter_by_10.py[line:152]                            INFO 	recall at 100:
Sun, 21 Dec 2014 18:27:08 demo_at_tsinghua_filter_by_10.py[line:177]                            INFO 		t-model NMF :  0.617212072297

Sun, 21 Dec 2014 18:27:08 demo_at_tsinghua_filter_by_10.py[line:178]                            INFO 		f-model NMF :  0.557812691075

Sun, 21 Dec 2014 18:27:08 demo_at_tsinghua_filter_by_10.py[line:179]                            INFO 		JPPCF :  0.596567062881

Sun, 21 Dec 2014 18:27:08 demo_at_tsinghua_filter_by_10.py[line:152]                            INFO 	recall at 300:
Sun, 21 Dec 2014 18:27:57 demo_at_tsinghua_filter_by_10.py[line:177]                            INFO 		t-model NMF :  0.765650451244

Sun, 21 Dec 2014 18:27:57 demo_at_tsinghua_filter_by_10.py[line:178]                            INFO 		f-model NMF :  0.737000146746

Sun, 21 Dec 2014 18:27:57 demo_at_tsinghua_filter_by_10.py[line:179]                            INFO 		JPPCF :  0.736868992589

Sun, 21 Dec 2014 18:27:57 demo_at_tsinghua_filter_by_10.py[line:152]                            INFO 	recall at 500:
Sun, 21 Dec 2014 18:28:45 demo_at_tsinghua_filter_by_10.py[line:177]                            INFO 		t-model NMF :  0.819499779881

Sun, 21 Dec 2014 18:28:45 demo_at_tsinghua_filter_by_10.py[line:178]                            INFO 		f-model NMF :  0.824063119084

Sun, 21 Dec 2014 18:28:45 demo_at_tsinghua_filter_by_10.py[line:179]                            INFO 		JPPCF :  0.800223328931

Sun, 21 Dec 2014 18:28:45 demo_at_tsinghua_filter_by_10.py[line:152]                            INFO 	recall at 1000:
Sun, 21 Dec 2014 18:29:34 demo_at_tsinghua_filter_by_10.py[line:177]                            INFO 		t-model NMF :  0.867937853107

Sun, 21 Dec 2014 18:29:34 demo_at_tsinghua_filter_by_10.py[line:178]                            INFO 		f-model NMF :  0.926372074253

Sun, 21 Dec 2014 18:29:34 demo_at_tsinghua_filter_by_10.py[line:179]                            INFO 		JPPCF :  0.888972962066

Sun, 21 Dec 2014 18:29:34 demo_at_tsinghua_filter_by_10.py[line:181]                            INFO current_time_step: 4

Sun, 21 Dec 2014 18:29:34 demo_at_tsinghua_filter_by_10.py[line:184]                            INFO 	recall at 10:
Sun, 21 Dec 2014 18:29:34 demo_at_tsinghua_filter_by_10.py[line:188]                            INFO 		avg t-model NMF :  0.355757484041

Sun, 21 Dec 2014 18:29:34 demo_at_tsinghua_filter_by_10.py[line:189]                            INFO 		avg f-model NMF :  0.180256255044

Sun, 21 Dec 2014 18:29:34 demo_at_tsinghua_filter_by_10.py[line:190]                            INFO 		avg JPPCF :  0.326182221733

Sun, 21 Dec 2014 18:29:34 demo_at_tsinghua_filter_by_10.py[line:184]                            INFO 	recall at 50:
Sun, 21 Dec 2014 18:29:34 demo_at_tsinghua_filter_by_10.py[line:188]                            INFO 		avg t-model NMF :  0.533298175459

Sun, 21 Dec 2014 18:29:34 demo_at_tsinghua_filter_by_10.py[line:189]                            INFO 		avg f-model NMF :  0.408136754959

Sun, 21 Dec 2014 18:29:34 demo_at_tsinghua_filter_by_10.py[line:190]                            INFO 		avg JPPCF :  0.519864963191

Sun, 21 Dec 2014 18:29:34 demo_at_tsinghua_filter_by_10.py[line:184]                            INFO 	recall at 100:
Sun, 21 Dec 2014 18:29:34 demo_at_tsinghua_filter_by_10.py[line:188]                            INFO 		avg t-model NMF :  0.617212072297

Sun, 21 Dec 2014 18:29:34 demo_at_tsinghua_filter_by_10.py[line:189]                            INFO 		avg f-model NMF :  0.557812691075

Sun, 21 Dec 2014 18:29:34 demo_at_tsinghua_filter_by_10.py[line:190]                            INFO 		avg JPPCF :  0.596567062881

Sun, 21 Dec 2014 18:29:34 demo_at_tsinghua_filter_by_10.py[line:184]                            INFO 	recall at 300:
Sun, 21 Dec 2014 18:29:34 demo_at_tsinghua_filter_by_10.py[line:188]                            INFO 		avg t-model NMF :  0.765650451244

Sun, 21 Dec 2014 18:29:34 demo_at_tsinghua_filter_by_10.py[line:189]                            INFO 		avg f-model NMF :  0.737000146746

Sun, 21 Dec 2014 18:29:34 demo_at_tsinghua_filter_by_10.py[line:190]                            INFO 		avg JPPCF :  0.736868992589

Sun, 21 Dec 2014 18:29:34 demo_at_tsinghua_filter_by_10.py[line:184]                            INFO 	recall at 500:
Sun, 21 Dec 2014 18:29:34 demo_at_tsinghua_filter_by_10.py[line:188]                            INFO 		avg t-model NMF :  0.819499779881

Sun, 21 Dec 2014 18:29:34 demo_at_tsinghua_filter_by_10.py[line:189]                            INFO 		avg f-model NMF :  0.824063119084

Sun, 21 Dec 2014 18:29:34 demo_at_tsinghua_filter_by_10.py[line:190]                            INFO 		avg JPPCF :  0.800223328931

Sun, 21 Dec 2014 18:29:34 demo_at_tsinghua_filter_by_10.py[line:184]                            INFO 	recall at 1000:
Sun, 21 Dec 2014 18:29:34 demo_at_tsinghua_filter_by_10.py[line:188]                            INFO 		avg t-model NMF :  0.867937853107

Sun, 21 Dec 2014 18:29:34 demo_at_tsinghua_filter_by_10.py[line:189]                            INFO 		avg f-model NMF :  0.926372074253

Sun, 21 Dec 2014 18:29:34 demo_at_tsinghua_filter_by_10.py[line:190]                            INFO 		avg JPPCF :  0.888972962066

Sun, 21 Dec 2014 18:29:34 demo_at_tsinghua_filter_by_10.py[line:204]                            INFO =========================

Sun, 21 Dec 2014 18:29:34 demo_at_tsinghua_filter_by_10.py[line:102]                            INFO 
=========================

Sun, 21 Dec 2014 18:29:34 demo_at_tsinghua_filter_by_10.py[line:103]                            INFO time_step number %i:	5
Sun, 21 Dec 2014 18:29:34 demo_at_tsinghua_filter_by_10.py[line:104]                            INFO ----------------

Sun, 21 Dec 2014 18:29:35 demo_at_tsinghua_filter_by_10.py[line:119]                            INFO non zero cell num: 2941
Sun, 21 Dec 2014 18:29:35 demo_at_tsinghua_filter_by_10.py[line:122]                            INFO computing JPP decomposition...
Sun, 21 Dec 2014 18:31:25 JPPCF.py[line:86]                            INFO Iter: 1	 Loss: 6047.43293551	 Delta: 993952.567064

Sun, 21 Dec 2014 18:33:19 JPPCF.py[line:86]                            INFO Iter: 2	 Loss: 6018.95554113	 Delta: 28.4773943834

Sun, 21 Dec 2014 18:35:10 JPPCF.py[line:86]                            INFO Iter: 3	 Loss: 4962.54754018	 Delta: 1056.40800095

Sun, 21 Dec 2014 18:37:03 JPPCF.py[line:86]                            INFO Iter: 4	 Loss: 4393.07694772	 Delta: 569.470592459

Sun, 21 Dec 2014 18:38:56 JPPCF.py[line:86]                            INFO Iter: 5	 Loss: 3598.43991458	 Delta: 794.637033149

Sun, 21 Dec 2014 18:40:50 JPPCF.py[line:86]                            INFO Iter: 6	 Loss: 3009.03982525	 Delta: 589.400089325

Sun, 21 Dec 2014 18:42:45 JPPCF.py[line:86]                            INFO Iter: 7	 Loss: 2595.25631131	 Delta: 413.783513938

Sun, 21 Dec 2014 18:44:38 JPPCF.py[line:86]                            INFO Iter: 8	 Loss: 2265.41180439	 Delta: 329.844506919

Sun, 21 Dec 2014 18:46:30 JPPCF.py[line:86]                            INFO Iter: 9	 Loss: 2036.86558378	 Delta: 228.546220611

Sun, 21 Dec 2014 18:48:26 JPPCF.py[line:86]                            INFO Iter: 10	 Loss: 1867.31521501	 Delta: 169.550368776

Sun, 21 Dec 2014 18:50:24 JPPCF.py[line:86]                            INFO Iter: 11	 Loss: 1725.67746166	 Delta: 141.637753351

Sun, 21 Dec 2014 18:52:20 JPPCF.py[line:86]                            INFO Iter: 12	 Loss: 1618.16009711	 Delta: 107.517364546

Sun, 21 Dec 2014 18:54:16 JPPCF.py[line:86]                            INFO Iter: 13	 Loss: 1546.06869888	 Delta: 72.091398228

Sun, 21 Dec 2014 18:56:10 JPPCF.py[line:86]                            INFO Iter: 14	 Loss: 1491.002893	 Delta: 55.0658058798

Sun, 21 Dec 2014 18:58:01 JPPCF.py[line:86]                            INFO Iter: 15	 Loss: 1450.80353022	 Delta: 40.1993627812

Sun, 21 Dec 2014 18:59:52 JPPCF.py[line:86]                            INFO Iter: 16	 Loss: 1419.85649689	 Delta: 30.9470333351

Sun, 21 Dec 2014 19:01:44 JPPCF.py[line:86]                            INFO Iter: 17	 Loss: 1396.70090252	 Delta: 23.1555943688

Sun, 21 Dec 2014 19:03:33 JPPCF.py[line:86]                            INFO Iter: 18	 Loss: 1380.68135446	 Delta: 16.0195480617

Sun, 21 Dec 2014 19:05:24 JPPCF.py[line:86]                            INFO Iter: 19	 Loss: 1366.5297131	 Delta: 14.1516413506

Sun, 21 Dec 2014 19:07:16 JPPCF.py[line:86]                            INFO Iter: 20	 Loss: 1355.63604257	 Delta: 10.8936705326

Sun, 21 Dec 2014 19:09:07 JPPCF.py[line:86]                            INFO Iter: 21	 Loss: 1345.84080081	 Delta: 9.79524175885

Sun, 21 Dec 2014 19:10:59 JPPCF.py[line:86]                            INFO Iter: 22	 Loss: 1337.21303433	 Delta: 8.62776648424

Sun, 21 Dec 2014 19:12:51 JPPCF.py[line:86]                            INFO Iter: 23	 Loss: 1328.49529565	 Delta: 8.71773867465

Sun, 21 Dec 2014 19:14:42 JPPCF.py[line:86]                            INFO Iter: 24	 Loss: 1321.17106836	 Delta: 7.32422729079

Sun, 21 Dec 2014 19:16:30 JPPCF.py[line:86]                            INFO Iter: 25	 Loss: 1316.01087543	 Delta: 5.16019293328

Sun, 21 Dec 2014 19:18:22 JPPCF.py[line:86]                            INFO Iter: 26	 Loss: 1311.24889728	 Delta: 4.76197814869

Sun, 21 Dec 2014 19:20:12 JPPCF.py[line:86]                            INFO Iter: 27	 Loss: 1306.53240721	 Delta: 4.71649007531

Sun, 21 Dec 2014 19:22:06 JPPCF.py[line:86]                            INFO Iter: 28	 Loss: 1303.04003977	 Delta: 3.492367435

Sun, 21 Dec 2014 19:24:01 JPPCF.py[line:86]                            INFO Iter: 29	 Loss: 1299.45494475	 Delta: 3.58509502398

Sun, 21 Dec 2014 19:25:52 JPPCF.py[line:86]                            INFO Iter: 30	 Loss: 1295.452008	 Delta: 4.00293674533

Sun, 21 Dec 2014 19:27:40 JPPCF.py[line:86]                            INFO Iter: 31	 Loss: 1291.76085826	 Delta: 3.69114974595

Sun, 21 Dec 2014 19:29:24 JPPCF.py[line:86]                            INFO Iter: 32	 Loss: 1286.93466695	 Delta: 4.82619130623

Sun, 21 Dec 2014 19:31:11 JPPCF.py[line:86]                            INFO Iter: 33	 Loss: 1282.24045859	 Delta: 4.69420835511

Sun, 21 Dec 2014 19:33:01 JPPCF.py[line:86]                            INFO Iter: 34	 Loss: 1279.67227398	 Delta: 2.56818461174

Sun, 21 Dec 2014 19:34:47 JPPCF.py[line:86]                            INFO Iter: 35	 Loss: 1277.06360005	 Delta: 2.60867393739

Sun, 21 Dec 2014 19:36:34 JPPCF.py[line:86]                            INFO Iter: 36	 Loss: 1274.32780826	 Delta: 2.73579178082

Sun, 21 Dec 2014 19:38:22 JPPCF.py[line:86]                            INFO Iter: 37	 Loss: 1272.19522525	 Delta: 2.13258301877

Sun, 21 Dec 2014 19:40:09 JPPCF.py[line:86]                            INFO Iter: 38	 Loss: 1269.83840345	 Delta: 2.35682179681

Sun, 21 Dec 2014 19:42:00 JPPCF.py[line:86]                            INFO Iter: 39	 Loss: 1266.44467389	 Delta: 3.3937295575

Sun, 21 Dec 2014 19:43:50 JPPCF.py[line:86]                            INFO Iter: 40	 Loss: 1264.33351701	 Delta: 2.11115687947

