Sun, 21 Dec 2014 10:47:16 demo_at_tsinghua_filter_by_10.py[line:82]                            INFO user num: 3431

Sun, 21 Dec 2014 10:47:16 demo_at_tsinghua_filter_by_10.py[line:83]                            INFO doc num: 7710

Sun, 21 Dec 2014 10:47:16 demo_at_tsinghua_filter_by_10.py[line:84]                            INFO time step num: 20

Sun, 21 Dec 2014 10:47:17 demo_at_tsinghua_filter_by_10.py[line:91]                            INFO non zero cell num: 1338
Sun, 21 Dec 2014 10:47:17 demo_at_tsinghua_filter_by_10.py[line:92]                            INFO start nmf:

Sun, 21 Dec 2014 10:47:23 nmf.py[line:109]                            INFO Iter: 1	 Loss: 1341.51400426	 Delta: 998658.485996

Sun, 21 Dec 2014 10:47:29 nmf.py[line:109]                            INFO Iter: 2	 Loss: 1199.89575786	 Delta: 141.6182464

Sun, 21 Dec 2014 10:47:35 nmf.py[line:109]                            INFO Iter: 3	 Loss: 1073.81789165	 Delta: 126.077866215

Sun, 21 Dec 2014 10:47:41 nmf.py[line:109]                            INFO Iter: 4	 Loss: 860.907962261	 Delta: 212.909929389

Sun, 21 Dec 2014 10:47:47 nmf.py[line:109]                            INFO Iter: 5	 Loss: 705.448380454	 Delta: 155.459581807

Sun, 21 Dec 2014 10:47:53 nmf.py[line:109]                            INFO Iter: 6	 Loss: 592.621947503	 Delta: 112.826432951

Sun, 21 Dec 2014 10:48:00 nmf.py[line:109]                            INFO Iter: 7	 Loss: 515.511756597	 Delta: 77.1101909066

Sun, 21 Dec 2014 10:48:06 nmf.py[line:109]                            INFO Iter: 8	 Loss: 458.024986136	 Delta: 57.48677046

Sun, 21 Dec 2014 10:48:12 nmf.py[line:109]                            INFO Iter: 9	 Loss: 413.864110396	 Delta: 44.16087574

Sun, 21 Dec 2014 10:48:18 nmf.py[line:109]                            INFO Iter: 10	 Loss: 378.24852511	 Delta: 35.6155852867

Sun, 21 Dec 2014 10:48:24 nmf.py[line:109]                            INFO Iter: 11	 Loss: 349.887283546	 Delta: 28.3612415634

Sun, 21 Dec 2014 10:48:30 nmf.py[line:109]                            INFO Iter: 12	 Loss: 327.895798373	 Delta: 21.9914851734

Sun, 21 Dec 2014 10:48:36 nmf.py[line:109]                            INFO Iter: 13	 Loss: 310.131850304	 Delta: 17.7639480692

Sun, 21 Dec 2014 10:48:42 nmf.py[line:109]                            INFO Iter: 14	 Loss: 295.430778386	 Delta: 14.7010719175

Sun, 21 Dec 2014 10:48:48 nmf.py[line:109]                            INFO Iter: 15	 Loss: 282.840456795	 Delta: 12.5903215908

Sun, 21 Dec 2014 10:48:53 nmf.py[line:109]                            INFO Iter: 16	 Loss: 272.133624445	 Delta: 10.70683235

Sun, 21 Dec 2014 10:49:00 nmf.py[line:109]                            INFO Iter: 17	 Loss: 262.664731824	 Delta: 9.46889262141

Sun, 21 Dec 2014 10:49:06 nmf.py[line:109]                            INFO Iter: 18	 Loss: 253.854724269	 Delta: 8.8100075546

Sun, 21 Dec 2014 10:49:12 nmf.py[line:109]                            INFO Iter: 19	 Loss: 246.247125383	 Delta: 7.60759888643

Sun, 21 Dec 2014 10:49:18 nmf.py[line:109]                            INFO Iter: 20	 Loss: 240.60293509	 Delta: 5.64419029326

Sun, 21 Dec 2014 10:49:24 nmf.py[line:109]                            INFO Iter: 21	 Loss: 236.719738181	 Delta: 3.8831969092

Sun, 21 Dec 2014 10:49:30 nmf.py[line:109]                            INFO Iter: 22	 Loss: 233.951539724	 Delta: 2.76819845678

Sun, 21 Dec 2014 10:49:36 nmf.py[line:109]                            INFO Iter: 23	 Loss: 231.736089379	 Delta: 2.21545034442

Sun, 21 Dec 2014 10:49:42 nmf.py[line:109]                            INFO Iter: 24	 Loss: 229.801792193	 Delta: 1.93429718645

Sun, 21 Dec 2014 10:49:48 nmf.py[line:109]                            INFO Iter: 25	 Loss: 227.897620737	 Delta: 1.90417145616

Sun, 21 Dec 2014 10:49:54 nmf.py[line:109]                            INFO Iter: 26	 Loss: 225.198114374	 Delta: 2.69950636247

Sun, 21 Dec 2014 10:50:01 nmf.py[line:109]                            INFO Iter: 27	 Loss: 222.55790607	 Delta: 2.64020830437

Sun, 21 Dec 2014 10:50:06 nmf.py[line:109]                            INFO Iter: 28	 Loss: 220.496490836	 Delta: 2.06141523392

Sun, 21 Dec 2014 10:50:12 nmf.py[line:109]                            INFO Iter: 29	 Loss: 218.826241864	 Delta: 1.67024897204

Sun, 21 Dec 2014 10:50:18 nmf.py[line:109]                            INFO Iter: 30	 Loss: 217.226812607	 Delta: 1.59942925734

Sun, 21 Dec 2014 10:50:24 nmf.py[line:109]                            INFO Iter: 31	 Loss: 215.547696203	 Delta: 1.6791164032

Sun, 21 Dec 2014 10:50:30 nmf.py[line:109]                            INFO Iter: 32	 Loss: 213.787700458	 Delta: 1.75999574559

Sun, 21 Dec 2014 10:50:36 nmf.py[line:109]                            INFO Iter: 33	 Loss: 212.122424082	 Delta: 1.66527637544

Sun, 21 Dec 2014 10:50:42 nmf.py[line:109]                            INFO Iter: 34	 Loss: 210.612529921	 Delta: 1.50989416164

Sun, 21 Dec 2014 10:50:48 nmf.py[line:109]                            INFO Iter: 35	 Loss: 209.257935162	 Delta: 1.35459475865

Sun, 21 Dec 2014 10:50:55 nmf.py[line:109]                            INFO Iter: 36	 Loss: 208.008951807	 Delta: 1.24898335539

Sun, 21 Dec 2014 10:51:02 nmf.py[line:109]                            INFO Iter: 37	 Loss: 206.848678844	 Delta: 1.16027296285

Sun, 21 Dec 2014 10:51:09 nmf.py[line:109]                            INFO Iter: 38	 Loss: 205.700327436	 Delta: 1.14835140785

Sun, 21 Dec 2014 10:51:15 nmf.py[line:109]                            INFO Iter: 39	 Loss: 204.59527785	 Delta: 1.10504958631

Sun, 21 Dec 2014 10:51:22 nmf.py[line:109]                            INFO Iter: 40	 Loss: 203.37722301	 Delta: 1.21805483992

Sun, 21 Dec 2014 10:51:28 nmf.py[line:109]                            INFO Iter: 41	 Loss: 202.13594042	 Delta: 1.24128258939

Sun, 21 Dec 2014 10:51:35 nmf.py[line:109]                            INFO Iter: 42	 Loss: 200.898690773	 Delta: 1.23724964709

Sun, 21 Dec 2014 10:51:42 nmf.py[line:109]                            INFO Iter: 43	 Loss: 199.727908956	 Delta: 1.17078181699

Sun, 21 Dec 2014 10:51:49 nmf.py[line:109]                            INFO Iter: 44	 Loss: 198.647719933	 Delta: 1.08018902339

Sun, 21 Dec 2014 10:51:56 nmf.py[line:109]                            INFO Iter: 45	 Loss: 197.672799967	 Delta: 0.974919966032

Sun, 21 Dec 2014 10:51:56 nmf.py[line:113]                            INFO NMF OK
Sun, 21 Dec 2014 10:51:56 demo_at_tsinghua_filter_by_10.py[line:102]                            INFO 
=========================

Sun, 21 Dec 2014 10:51:56 demo_at_tsinghua_filter_by_10.py[line:103]                            INFO time_step number %i:	2
Sun, 21 Dec 2014 10:51:56 demo_at_tsinghua_filter_by_10.py[line:104]                            INFO ----------------

Sun, 21 Dec 2014 10:51:57 demo_at_tsinghua_filter_by_10.py[line:119]                            INFO non zero cell num: 1665
Sun, 21 Dec 2014 10:51:57 demo_at_tsinghua_filter_by_10.py[line:122]                            INFO computing JPP decomposition...
Sun, 21 Dec 2014 10:54:09 JPPCF.py[line:86]                            INFO Iter: 1	 Loss: 3497.89997067	 Delta: 996502.100029

Sun, 21 Dec 2014 10:56:12 JPPCF.py[line:86]                            INFO Iter: 2	 Loss: 3487.57793274	 Delta: 10.3220379353

Sun, 21 Dec 2014 10:59:25 JPPCF.py[line:86]                            INFO Iter: 3	 Loss: 2995.59481466	 Delta: 491.983118078

Sun, 21 Dec 2014 11:02:35 JPPCF.py[line:86]                            INFO Iter: 4	 Loss: 2544.45323262	 Delta: 451.141582042

Sun, 21 Dec 2014 11:05:57 JPPCF.py[line:86]                            INFO Iter: 5	 Loss: 2218.986909	 Delta: 325.466323621

Sun, 21 Dec 2014 11:09:06 JPPCF.py[line:86]                            INFO Iter: 6	 Loss: 1919.49008587	 Delta: 299.496823123

Sun, 21 Dec 2014 11:12:12 JPPCF.py[line:86]                            INFO Iter: 7	 Loss: 1683.44796687	 Delta: 236.042119009

Sun, 21 Dec 2014 11:15:16 JPPCF.py[line:86]                            INFO Iter: 8	 Loss: 1536.0403181	 Delta: 147.407648762

Sun, 21 Dec 2014 11:18:17 JPPCF.py[line:86]                            INFO Iter: 9	 Loss: 1429.50860609	 Delta: 106.531712009

Sun, 21 Dec 2014 11:21:02 JPPCF.py[line:86]                            INFO Iter: 10	 Loss: 1349.01626464	 Delta: 80.4923414569

Sun, 21 Dec 2014 11:24:06 JPPCF.py[line:86]                            INFO Iter: 11	 Loss: 1291.98598138	 Delta: 57.0302832564

Sun, 21 Dec 2014 11:27:10 JPPCF.py[line:86]                            INFO Iter: 12	 Loss: 1248.4849549	 Delta: 43.5010264817

Sun, 21 Dec 2014 11:29:39 JPPCF.py[line:86]                            INFO Iter: 13	 Loss: 1210.193603	 Delta: 38.2913519007

Sun, 21 Dec 2014 11:32:38 JPPCF.py[line:86]                            INFO Iter: 14	 Loss: 1175.61675805	 Delta: 34.5768449527

Sun, 21 Dec 2014 11:35:29 JPPCF.py[line:86]                            INFO Iter: 15	 Loss: 1149.26404834	 Delta: 26.3527097087

Sun, 21 Dec 2014 11:38:15 JPPCF.py[line:86]                            INFO Iter: 16	 Loss: 1124.97197866	 Delta: 24.2920696784

Sun, 21 Dec 2014 11:41:07 JPPCF.py[line:86]                            INFO Iter: 17	 Loss: 1104.06424772	 Delta: 20.9077309364

Sun, 21 Dec 2014 11:43:56 JPPCF.py[line:86]                            INFO Iter: 18	 Loss: 1083.94431234	 Delta: 20.1199353854

Sun, 21 Dec 2014 11:46:38 JPPCF.py[line:86]                            INFO Iter: 19	 Loss: 1066.23909122	 Delta: 17.7052211187

Sun, 21 Dec 2014 11:49:34 JPPCF.py[line:86]                            INFO Iter: 20	 Loss: 1052.8293565	 Delta: 13.4097347179

Sun, 21 Dec 2014 11:52:19 JPPCF.py[line:86]                            INFO Iter: 21	 Loss: 1042.45251761	 Delta: 10.3768388876

Sun, 21 Dec 2014 11:55:11 JPPCF.py[line:86]                            INFO Iter: 22	 Loss: 1034.06849104	 Delta: 8.38402657572

Sun, 21 Dec 2014 11:57:51 JPPCF.py[line:86]                            INFO Iter: 23	 Loss: 1025.05897667	 Delta: 9.00951436323

Sun, 21 Dec 2014 12:00:22 JPPCF.py[line:86]                            INFO Iter: 24	 Loss: 1017.05087268	 Delta: 8.00810399195

Sun, 21 Dec 2014 12:02:53 JPPCF.py[line:86]                            INFO Iter: 25	 Loss: 1009.78505366	 Delta: 7.2658190245

Sun, 21 Dec 2014 12:05:18 JPPCF.py[line:86]                            INFO Iter: 26	 Loss: 1000.91128786	 Delta: 8.87376579827

Sun, 21 Dec 2014 12:07:38 JPPCF.py[line:86]                            INFO Iter: 27	 Loss: 990.497315744	 Delta: 10.4139721146

Sun, 21 Dec 2014 12:10:15 JPPCF.py[line:86]                            INFO Iter: 28	 Loss: 982.134526884	 Delta: 8.36278886019

Sun, 21 Dec 2014 12:13:07 JPPCF.py[line:86]                            INFO Iter: 29	 Loss: 975.157683756	 Delta: 6.97684312852

Sun, 21 Dec 2014 12:15:32 JPPCF.py[line:86]                            INFO Iter: 30	 Loss: 968.342147108	 Delta: 6.8155366473

Sun, 21 Dec 2014 12:18:03 JPPCF.py[line:86]                            INFO Iter: 31	 Loss: 960.882356379	 Delta: 7.45979072937

Sun, 21 Dec 2014 12:20:30 JPPCF.py[line:86]                            INFO Iter: 32	 Loss: 953.42381966	 Delta: 7.45853671922

Sun, 21 Dec 2014 12:22:47 JPPCF.py[line:86]                            INFO Iter: 33	 Loss: 946.058642592	 Delta: 7.36517706798

Sun, 21 Dec 2014 12:25:04 JPPCF.py[line:86]                            INFO Iter: 34	 Loss: 938.476506786	 Delta: 7.58213580618

Sun, 21 Dec 2014 12:27:33 JPPCF.py[line:86]                            INFO Iter: 35	 Loss: 932.138925076	 Delta: 6.33758171001

Sun, 21 Dec 2014 12:29:39 JPPCF.py[line:86]                            INFO Iter: 36	 Loss: 926.781301668	 Delta: 5.35762340799

Sun, 21 Dec 2014 12:31:57 JPPCF.py[line:86]                            INFO Iter: 37	 Loss: 922.28552879	 Delta: 4.49577287768

Sun, 21 Dec 2014 12:34:27 JPPCF.py[line:86]                            INFO Iter: 38	 Loss: 918.414496126	 Delta: 3.87103266408

Sun, 21 Dec 2014 12:36:37 JPPCF.py[line:86]                            INFO Iter: 39	 Loss: 915.242763734	 Delta: 3.17173239209

Sun, 21 Dec 2014 12:39:00 JPPCF.py[line:86]                            INFO Iter: 40	 Loss: 911.593447986	 Delta: 3.64931574743

Sun, 21 Dec 2014 12:41:20 JPPCF.py[line:86]                            INFO Iter: 41	 Loss: 907.436239888	 Delta: 4.15720809861

Sun, 21 Dec 2014 12:43:34 JPPCF.py[line:86]                            INFO Iter: 42	 Loss: 903.285313726	 Delta: 4.15092616172

Sun, 21 Dec 2014 12:45:58 JPPCF.py[line:86]                            INFO Iter: 43	 Loss: 899.409324656	 Delta: 3.87598906987

Sun, 21 Dec 2014 12:48:16 JPPCF.py[line:86]                            INFO Iter: 44	 Loss: 895.158545584	 Delta: 4.25077907264

Sun, 21 Dec 2014 12:50:08 JPPCF.py[line:86]                            INFO Iter: 45	 Loss: 890.908302447	 Delta: 4.25024313694

Sun, 21 Dec 2014 12:52:01 JPPCF.py[line:86]                            INFO Iter: 46	 Loss: 888.14132773	 Delta: 2.76697471699

Sun, 21 Dec 2014 12:53:56 JPPCF.py[line:86]                            INFO Iter: 47	 Loss: 886.836278417	 Delta: 1.30504931226

Sun, 21 Dec 2014 12:55:53 JPPCF.py[line:86]                            INFO Iter: 48	 Loss: 886.739542259	 Delta: 0.0967361581776

Sun, 21 Dec 2014 12:55:53 JPPCF.py[line:88]                            INFO JPPCF OK

Sun, 21 Dec 2014 12:55:55 demo_at_tsinghua_filter_by_10.py[line:128]                            INFO [ok]
computing t-model NMF decomposition...
Sun, 21 Dec 2014 12:56:01 nmf.py[line:109]                            INFO Iter: 1	 Loss: 1668.02882797	 Delta: 998331.971172

Sun, 21 Dec 2014 12:56:07 nmf.py[line:109]                            INFO Iter: 2	 Loss: 1608.7138993	 Delta: 59.3149286774

Sun, 21 Dec 2014 12:56:12 nmf.py[line:109]                            INFO Iter: 3	 Loss: 1457.1129504	 Delta: 151.600948899

Sun, 21 Dec 2014 12:56:18 nmf.py[line:109]                            INFO Iter: 4	 Loss: 1202.23659752	 Delta: 254.876352881

Sun, 21 Dec 2014 12:56:23 nmf.py[line:109]                            INFO Iter: 5	 Loss: 983.508556823	 Delta: 218.728040693

Sun, 21 Dec 2014 12:56:29 nmf.py[line:109]                            INFO Iter: 6	 Loss: 854.445504355	 Delta: 129.063052468

Sun, 21 Dec 2014 12:56:35 nmf.py[line:109]                            INFO Iter: 7	 Loss: 773.183463442	 Delta: 81.2620409124

Sun, 21 Dec 2014 12:56:41 nmf.py[line:109]                            INFO Iter: 8	 Loss: 705.112191647	 Delta: 68.0712717947

Sun, 21 Dec 2014 12:56:47 nmf.py[line:109]                            INFO Iter: 9	 Loss: 657.393188906	 Delta: 47.7190027418

Sun, 21 Dec 2014 12:56:53 nmf.py[line:109]                            INFO Iter: 10	 Loss: 622.426059705	 Delta: 34.9671292006

Sun, 21 Dec 2014 12:56:59 nmf.py[line:109]                            INFO Iter: 11	 Loss: 596.465737667	 Delta: 25.960322038

Sun, 21 Dec 2014 12:57:06 nmf.py[line:109]                            INFO Iter: 12	 Loss: 573.187601106	 Delta: 23.2781365607

Sun, 21 Dec 2014 12:57:12 nmf.py[line:109]                            INFO Iter: 13	 Loss: 554.990256177	 Delta: 18.1973449295

Sun, 21 Dec 2014 12:57:18 nmf.py[line:109]                            INFO Iter: 14	 Loss: 542.175423223	 Delta: 12.8148329536

Sun, 21 Dec 2014 12:57:24 nmf.py[line:109]                            INFO Iter: 15	 Loss: 534.360936753	 Delta: 7.81448647052

Sun, 21 Dec 2014 12:57:31 nmf.py[line:109]                            INFO Iter: 16	 Loss: 529.066576545	 Delta: 5.29436020789

Sun, 21 Dec 2014 12:57:37 nmf.py[line:109]                            INFO Iter: 17	 Loss: 525.085197103	 Delta: 3.98137944163

Sun, 21 Dec 2014 12:57:43 nmf.py[line:109]                            INFO Iter: 18	 Loss: 521.82585721	 Delta: 3.25933989283

Sun, 21 Dec 2014 12:57:49 nmf.py[line:109]                            INFO Iter: 19	 Loss: 519.095061786	 Delta: 2.73079542464

Sun, 21 Dec 2014 12:57:55 nmf.py[line:109]                            INFO Iter: 20	 Loss: 516.69546089	 Delta: 2.39960089578

Sun, 21 Dec 2014 12:58:01 nmf.py[line:109]                            INFO Iter: 21	 Loss: 514.160700944	 Delta: 2.53475994571

Sun, 21 Dec 2014 12:58:07 nmf.py[line:109]                            INFO Iter: 22	 Loss: 511.636593476	 Delta: 2.52410746838

Sun, 21 Dec 2014 12:58:13 nmf.py[line:109]                            INFO Iter: 23	 Loss: 509.375486277	 Delta: 2.26110719866

Sun, 21 Dec 2014 12:58:18 nmf.py[line:109]                            INFO Iter: 24	 Loss: 507.565517146	 Delta: 1.80996913105

Sun, 21 Dec 2014 12:58:24 nmf.py[line:109]                            INFO Iter: 25	 Loss: 506.100501956	 Delta: 1.46501519025

Sun, 21 Dec 2014 12:58:30 nmf.py[line:109]                            INFO Iter: 26	 Loss: 504.969517327	 Delta: 1.13098462898

Sun, 21 Dec 2014 12:58:36 nmf.py[line:109]                            INFO Iter: 27	 Loss: 504.019713516	 Delta: 0.949803810519

Sun, 21 Dec 2014 12:58:36 nmf.py[line:113]                            INFO NMF OK
Sun, 21 Dec 2014 12:58:38 demo_at_tsinghua_filter_by_10.py[line:134]                            INFO [ok]
computing fix_model NMF decomposition...
Sun, 21 Dec 2014 12:58:39 demo_at_tsinghua_filter_by_10.py[line:142]                            INFO non zero cell num: 1665
Sun, 21 Dec 2014 12:58:44 nmf.py[line:109]                            INFO Iter: 1	 Loss: 1667.98986327	 Delta: 998332.010137

Sun, 21 Dec 2014 12:58:50 nmf.py[line:109]                            INFO Iter: 2	 Loss: 1610.53970701	 Delta: 57.4501562598

Sun, 21 Dec 2014 12:58:56 nmf.py[line:109]                            INFO Iter: 3	 Loss: 1478.0943031	 Delta: 132.445403917

Sun, 21 Dec 2014 12:59:02 nmf.py[line:109]                            INFO Iter: 4	 Loss: 1203.12694071	 Delta: 274.967362382

Sun, 21 Dec 2014 12:59:07 nmf.py[line:109]                            INFO Iter: 5	 Loss: 1008.45904855	 Delta: 194.667892167

Sun, 21 Dec 2014 12:59:13 nmf.py[line:109]                            INFO Iter: 6	 Loss: 898.901707962	 Delta: 109.557340584

Sun, 21 Dec 2014 12:59:20 nmf.py[line:109]                            INFO Iter: 7	 Loss: 805.989363208	 Delta: 92.9123447533

Sun, 21 Dec 2014 12:59:26 nmf.py[line:109]                            INFO Iter: 8	 Loss: 743.344969067	 Delta: 62.6443941413

Sun, 21 Dec 2014 12:59:32 nmf.py[line:109]                            INFO Iter: 9	 Loss: 696.373457259	 Delta: 46.9715118076

Sun, 21 Dec 2014 12:59:38 nmf.py[line:109]                            INFO Iter: 10	 Loss: 660.665378911	 Delta: 35.7080783483

Sun, 21 Dec 2014 12:59:44 nmf.py[line:109]                            INFO Iter: 11	 Loss: 631.904413926	 Delta: 28.7609649852

Sun, 21 Dec 2014 12:59:51 nmf.py[line:109]                            INFO Iter: 12	 Loss: 606.438896226	 Delta: 25.4655177001

Sun, 21 Dec 2014 12:59:57 nmf.py[line:109]                            INFO Iter: 13	 Loss: 586.872106942	 Delta: 19.5667892843

Sun, 21 Dec 2014 13:00:03 nmf.py[line:109]                            INFO Iter: 14	 Loss: 572.035300968	 Delta: 14.8368059733

Sun, 21 Dec 2014 13:00:09 nmf.py[line:109]                            INFO Iter: 15	 Loss: 560.94281814	 Delta: 11.0924828287

Sun, 21 Dec 2014 13:00:15 nmf.py[line:109]                            INFO Iter: 16	 Loss: 550.806635154	 Delta: 10.1361829855

Sun, 21 Dec 2014 13:00:21 nmf.py[line:109]                            INFO Iter: 17	 Loss: 541.49483511	 Delta: 9.31180004407

Sun, 21 Dec 2014 13:00:28 nmf.py[line:109]                            INFO Iter: 18	 Loss: 533.032479097	 Delta: 8.46235601347

Sun, 21 Dec 2014 13:00:34 nmf.py[line:109]                            INFO Iter: 19	 Loss: 526.471094506	 Delta: 6.56138459058

Sun, 21 Dec 2014 13:00:40 nmf.py[line:109]                            INFO Iter: 20	 Loss: 521.527462073	 Delta: 4.94363243359

Sun, 21 Dec 2014 13:00:46 nmf.py[line:109]                            INFO Iter: 21	 Loss: 516.650905226	 Delta: 4.8765568463

Sun, 21 Dec 2014 13:00:53 nmf.py[line:109]                            INFO Iter: 22	 Loss: 512.517905323	 Delta: 4.13299990349

Sun, 21 Dec 2014 13:00:58 nmf.py[line:109]                            INFO Iter: 23	 Loss: 509.828593551	 Delta: 2.6893117718

Sun, 21 Dec 2014 13:01:05 nmf.py[line:109]                            INFO Iter: 24	 Loss: 507.62869165	 Delta: 2.19990190122

Sun, 21 Dec 2014 13:01:11 nmf.py[line:109]                            INFO Iter: 25	 Loss: 505.828122313	 Delta: 1.80056933701

Sun, 21 Dec 2014 13:01:17 nmf.py[line:109]                            INFO Iter: 26	 Loss: 504.766767912	 Delta: 1.06135440072

Sun, 21 Dec 2014 13:01:23 nmf.py[line:109]                            INFO Iter: 27	 Loss: 503.878201433	 Delta: 0.888566478882

Sun, 21 Dec 2014 13:01:23 nmf.py[line:113]                            INFO NMF OK
Sun, 21 Dec 2014 13:01:25 demo_at_tsinghua_filter_by_10.py[line:148]                            INFO [ok]

Sun, 21 Dec 2014 13:01:25 demo_at_tsinghua_filter_by_10.py[line:150]                            INFO 	 fold_id:0

Sun, 21 Dec 2014 13:01:25 demo_at_tsinghua_filter_by_10.py[line:152]                            INFO 	recall at 10:
Sun, 21 Dec 2014 13:01:40 demo_at_tsinghua_filter_by_10.py[line:177]                            INFO 		t-model NMF :  0.281796051754

Sun, 21 Dec 2014 13:01:40 demo_at_tsinghua_filter_by_10.py[line:178]                            INFO 		f-model NMF :  0.314158996932

Sun, 21 Dec 2014 13:01:40 demo_at_tsinghua_filter_by_10.py[line:179]                            INFO 		JPPCF :  0.302594371082

Sun, 21 Dec 2014 13:01:40 demo_at_tsinghua_filter_by_10.py[line:152]                            INFO 	recall at 50:
Sun, 21 Dec 2014 13:01:58 demo_at_tsinghua_filter_by_10.py[line:177]                            INFO 		t-model NMF :  0.559080298786

Sun, 21 Dec 2014 13:01:58 demo_at_tsinghua_filter_by_10.py[line:178]                            INFO 		f-model NMF :  0.537344937975

Sun, 21 Dec 2014 13:01:58 demo_at_tsinghua_filter_by_10.py[line:179]                            INFO 		JPPCF :  0.539579164999

Sun, 21 Dec 2014 13:01:58 demo_at_tsinghua_filter_by_10.py[line:152]                            INFO 	recall at 100:
Sun, 21 Dec 2014 13:02:15 demo_at_tsinghua_filter_by_10.py[line:177]                            INFO 		t-model NMF :  0.666856742697

Sun, 21 Dec 2014 13:02:15 demo_at_tsinghua_filter_by_10.py[line:178]                            INFO 		f-model NMF :  0.632763105242

Sun, 21 Dec 2014 13:02:15 demo_at_tsinghua_filter_by_10.py[line:179]                            INFO 		JPPCF :  0.611808056556

Sun, 21 Dec 2014 13:02:15 demo_at_tsinghua_filter_by_10.py[line:152]                            INFO 	recall at 300:
Sun, 21 Dec 2014 13:02:31 demo_at_tsinghua_filter_by_10.py[line:177]                            INFO 		t-model NMF :  0.861761371215

Sun, 21 Dec 2014 13:02:31 demo_at_tsinghua_filter_by_10.py[line:178]                            INFO 		f-model NMF :  0.823215953048

Sun, 21 Dec 2014 13:02:31 demo_at_tsinghua_filter_by_10.py[line:179]                            INFO 		JPPCF :  0.79602174203

Sun, 21 Dec 2014 13:02:31 demo_at_tsinghua_filter_by_10.py[line:152]                            INFO 	recall at 500:
Sun, 21 Dec 2014 13:02:48 demo_at_tsinghua_filter_by_10.py[line:177]                            INFO 		t-model NMF :  0.893207282913

Sun, 21 Dec 2014 13:02:48 demo_at_tsinghua_filter_by_10.py[line:178]                            INFO 		f-model NMF :  0.883403361345

Sun, 21 Dec 2014 13:02:48 demo_at_tsinghua_filter_by_10.py[line:179]                            INFO 		JPPCF :  0.864332399627

Sun, 21 Dec 2014 13:02:48 demo_at_tsinghua_filter_by_10.py[line:152]                            INFO 	recall at 1000:
Sun, 21 Dec 2014 13:03:06 demo_at_tsinghua_filter_by_10.py[line:177]                            INFO 		t-model NMF :  0.904761904762

Sun, 21 Dec 2014 13:03:06 demo_at_tsinghua_filter_by_10.py[line:178]                            INFO 		f-model NMF :  0.904761904762

Sun, 21 Dec 2014 13:03:06 demo_at_tsinghua_filter_by_10.py[line:179]                            INFO 		JPPCF :  0.914565826331

Sun, 21 Dec 2014 13:03:06 demo_at_tsinghua_filter_by_10.py[line:181]                            INFO current_time_step: 2

Sun, 21 Dec 2014 13:03:06 demo_at_tsinghua_filter_by_10.py[line:184]                            INFO 	recall at 10:
Sun, 21 Dec 2014 13:03:06 demo_at_tsinghua_filter_by_10.py[line:188]                            INFO 		avg t-model NMF :  0.281796051754

Sun, 21 Dec 2014 13:03:06 demo_at_tsinghua_filter_by_10.py[line:189]                            INFO 		avg f-model NMF :  0.314158996932

Sun, 21 Dec 2014 13:03:06 demo_at_tsinghua_filter_by_10.py[line:190]                            INFO 		avg JPPCF :  0.302594371082

Sun, 21 Dec 2014 13:03:06 demo_at_tsinghua_filter_by_10.py[line:184]                            INFO 	recall at 50:
Sun, 21 Dec 2014 13:03:06 demo_at_tsinghua_filter_by_10.py[line:188]                            INFO 		avg t-model NMF :  0.559080298786

Sun, 21 Dec 2014 13:03:06 demo_at_tsinghua_filter_by_10.py[line:189]                            INFO 		avg f-model NMF :  0.537344937975

Sun, 21 Dec 2014 13:03:06 demo_at_tsinghua_filter_by_10.py[line:190]                            INFO 		avg JPPCF :  0.539579164999

Sun, 21 Dec 2014 13:03:06 demo_at_tsinghua_filter_by_10.py[line:184]                            INFO 	recall at 100:
Sun, 21 Dec 2014 13:03:06 demo_at_tsinghua_filter_by_10.py[line:188]                            INFO 		avg t-model NMF :  0.666856742697

Sun, 21 Dec 2014 13:03:06 demo_at_tsinghua_filter_by_10.py[line:189]                            INFO 		avg f-model NMF :  0.632763105242

Sun, 21 Dec 2014 13:03:06 demo_at_tsinghua_filter_by_10.py[line:190]                            INFO 		avg JPPCF :  0.611808056556

Sun, 21 Dec 2014 13:03:06 demo_at_tsinghua_filter_by_10.py[line:184]                            INFO 	recall at 300:
Sun, 21 Dec 2014 13:03:06 demo_at_tsinghua_filter_by_10.py[line:188]                            INFO 		avg t-model NMF :  0.861761371215

Sun, 21 Dec 2014 13:03:06 demo_at_tsinghua_filter_by_10.py[line:189]                            INFO 		avg f-model NMF :  0.823215953048

Sun, 21 Dec 2014 13:03:06 demo_at_tsinghua_filter_by_10.py[line:190]                            INFO 		avg JPPCF :  0.79602174203

Sun, 21 Dec 2014 13:03:06 demo_at_tsinghua_filter_by_10.py[line:184]                            INFO 	recall at 500:
Sun, 21 Dec 2014 13:03:06 demo_at_tsinghua_filter_by_10.py[line:188]                            INFO 		avg t-model NMF :  0.893207282913

Sun, 21 Dec 2014 13:03:06 demo_at_tsinghua_filter_by_10.py[line:189]                            INFO 		avg f-model NMF :  0.883403361345

Sun, 21 Dec 2014 13:03:06 demo_at_tsinghua_filter_by_10.py[line:190]                            INFO 		avg JPPCF :  0.864332399627

Sun, 21 Dec 2014 13:03:06 demo_at_tsinghua_filter_by_10.py[line:184]                            INFO 	recall at 1000:
Sun, 21 Dec 2014 13:03:06 demo_at_tsinghua_filter_by_10.py[line:188]                            INFO 		avg t-model NMF :  0.904761904762

Sun, 21 Dec 2014 13:03:06 demo_at_tsinghua_filter_by_10.py[line:189]                            INFO 		avg f-model NMF :  0.904761904762

Sun, 21 Dec 2014 13:03:06 demo_at_tsinghua_filter_by_10.py[line:190]                            INFO 		avg JPPCF :  0.914565826331

Sun, 21 Dec 2014 13:03:06 demo_at_tsinghua_filter_by_10.py[line:204]                            INFO =========================

Sun, 21 Dec 2014 13:03:06 demo_at_tsinghua_filter_by_10.py[line:102]                            INFO 
=========================

Sun, 21 Dec 2014 13:03:06 demo_at_tsinghua_filter_by_10.py[line:103]                            INFO time_step number %i:	3
Sun, 21 Dec 2014 13:03:06 demo_at_tsinghua_filter_by_10.py[line:104]                            INFO ----------------

Sun, 21 Dec 2014 13:03:07 demo_at_tsinghua_filter_by_10.py[line:119]                            INFO non zero cell num: 2740
Sun, 21 Dec 2014 13:03:07 demo_at_tsinghua_filter_by_10.py[line:122]                            INFO computing JPP decomposition...
Sun, 21 Dec 2014 13:05:01 JPPCF.py[line:86]                            INFO Iter: 1	 Loss: 5645.00459235	 Delta: 994354.995408

Sun, 21 Dec 2014 13:06:56 JPPCF.py[line:86]                            INFO Iter: 2	 Loss: 5538.3619642	 Delta: 106.642628147

Sun, 21 Dec 2014 13:08:51 JPPCF.py[line:86]                            INFO Iter: 3	 Loss: 4378.82853309	 Delta: 1159.53343111

Sun, 21 Dec 2014 13:10:48 JPPCF.py[line:86]                            INFO Iter: 4	 Loss: 3827.33311822	 Delta: 551.49541487

Sun, 21 Dec 2014 13:12:44 JPPCF.py[line:86]                            INFO Iter: 5	 Loss: 3283.88601809	 Delta: 543.447100135

Sun, 21 Dec 2014 13:14:39 JPPCF.py[line:86]                            INFO Iter: 6	 Loss: 2852.2817637	 Delta: 431.604254386

Sun, 21 Dec 2014 13:16:34 JPPCF.py[line:86]                            INFO Iter: 7	 Loss: 2522.76685269	 Delta: 329.514911007

Sun, 21 Dec 2014 13:18:32 JPPCF.py[line:86]                            INFO Iter: 8	 Loss: 2315.7197512	 Delta: 207.047101493

Sun, 21 Dec 2014 13:20:28 JPPCF.py[line:86]                            INFO Iter: 9	 Loss: 2145.92892308	 Delta: 169.79082812

Sun, 21 Dec 2014 13:22:18 JPPCF.py[line:86]                            INFO Iter: 10	 Loss: 1979.06855152	 Delta: 166.860371563

Sun, 21 Dec 2014 13:24:10 JPPCF.py[line:86]                            INFO Iter: 11	 Loss: 1841.85114981	 Delta: 137.217401706

Sun, 21 Dec 2014 13:25:58 JPPCF.py[line:86]                            INFO Iter: 12	 Loss: 1757.69208791	 Delta: 84.1590618985

Sun, 21 Dec 2014 13:27:46 JPPCF.py[line:86]                            INFO Iter: 13	 Loss: 1698.72375494	 Delta: 58.9683329734

Sun, 21 Dec 2014 13:29:36 JPPCF.py[line:86]                            INFO Iter: 14	 Loss: 1654.23959951	 Delta: 44.4841554305

Sun, 21 Dec 2014 13:31:31 JPPCF.py[line:86]                            INFO Iter: 15	 Loss: 1618.95038206	 Delta: 35.2892174444

Sun, 21 Dec 2014 13:33:25 JPPCF.py[line:86]                            INFO Iter: 16	 Loss: 1594.91376728	 Delta: 24.036614781

Sun, 21 Dec 2014 13:35:24 JPPCF.py[line:86]                            INFO Iter: 17	 Loss: 1573.41344792	 Delta: 21.5003193602

Sun, 21 Dec 2014 13:37:23 JPPCF.py[line:86]                            INFO Iter: 18	 Loss: 1555.15773196	 Delta: 18.2557159628

Sun, 21 Dec 2014 13:39:18 JPPCF.py[line:86]                            INFO Iter: 19	 Loss: 1541.73530373	 Delta: 13.4224282329

Sun, 21 Dec 2014 13:41:10 JPPCF.py[line:86]                            INFO Iter: 20	 Loss: 1530.80824195	 Delta: 10.927061776

Sun, 21 Dec 2014 13:43:01 JPPCF.py[line:86]                            INFO Iter: 21	 Loss: 1520.63369101	 Delta: 10.1745509456

Sun, 21 Dec 2014 13:44:56 JPPCF.py[line:86]                            INFO Iter: 22	 Loss: 1510.2131987	 Delta: 10.4204923099

Sun, 21 Dec 2014 13:46:54 JPPCF.py[line:86]                            INFO Iter: 23	 Loss: 1501.25913726	 Delta: 8.95406143374

Sun, 21 Dec 2014 13:48:49 JPPCF.py[line:86]                            INFO Iter: 24	 Loss: 1493.36685555	 Delta: 7.89228171619

Sun, 21 Dec 2014 13:50:38 JPPCF.py[line:86]                            INFO Iter: 25	 Loss: 1486.09415285	 Delta: 7.27270269175

Sun, 21 Dec 2014 13:52:33 JPPCF.py[line:86]                            INFO Iter: 26	 Loss: 1478.48059757	 Delta: 7.61355528679

Sun, 21 Dec 2014 13:54:30 JPPCF.py[line:86]                            INFO Iter: 27	 Loss: 1471.23260726	 Delta: 7.24799030776

Sun, 21 Dec 2014 13:56:24 JPPCF.py[line:86]                            INFO Iter: 28	 Loss: 1464.65442807	 Delta: 6.57817918711

Sun, 21 Dec 2014 13:58:21 JPPCF.py[line:86]                            INFO Iter: 29	 Loss: 1458.73766176	 Delta: 5.91676631389

Sun, 21 Dec 2014 14:00:16 JPPCF.py[line:86]                            INFO Iter: 30	 Loss: 1453.70069804	 Delta: 5.03696372014

Sun, 21 Dec 2014 14:02:06 JPPCF.py[line:86]                            INFO Iter: 31	 Loss: 1449.49835471	 Delta: 4.20234332442

Sun, 21 Dec 2014 14:03:56 JPPCF.py[line:86]                            INFO Iter: 32	 Loss: 1445.61206165	 Delta: 3.88629306881

Sun, 21 Dec 2014 14:05:52 JPPCF.py[line:86]                            INFO Iter: 33	 Loss: 1440.96089265	 Delta: 4.65116899806

Sun, 21 Dec 2014 14:07:49 JPPCF.py[line:86]                            INFO Iter: 34	 Loss: 1435.47667595	 Delta: 5.48421670182

Sun, 21 Dec 2014 14:09:46 JPPCF.py[line:86]                            INFO Iter: 35	 Loss: 1428.93317036	 Delta: 6.54350558823

Sun, 21 Dec 2014 14:11:43 JPPCF.py[line:86]                            INFO Iter: 36	 Loss: 1422.98473152	 Delta: 5.94843883729

Sun, 21 Dec 2014 14:13:38 JPPCF.py[line:86]                            INFO Iter: 37	 Loss: 1417.03728398	 Delta: 5.94744754322

Sun, 21 Dec 2014 14:15:29 JPPCF.py[line:86]                            INFO Iter: 38	 Loss: 1411.44796108	 Delta: 5.58932290148

Sun, 21 Dec 2014 14:17:24 JPPCF.py[line:86]                            INFO Iter: 39	 Loss: 1407.09571485	 Delta: 4.35224622415

Sun, 21 Dec 2014 14:19:17 JPPCF.py[line:86]                            INFO Iter: 40	 Loss: 1402.5927931	 Delta: 4.50292174874

Sun, 21 Dec 2014 14:21:12 JPPCF.py[line:86]                            INFO Iter: 41	 Loss: 1398.95883507	 Delta: 3.6339580333

Sun, 21 Dec 2014 14:23:07 JPPCF.py[line:86]                            INFO Iter: 42	 Loss: 1395.64575998	 Delta: 3.31307509005

Sun, 21 Dec 2014 14:25:01 JPPCF.py[line:86]                            INFO Iter: 43	 Loss: 1392.61312801	 Delta: 3.032631968

Sun, 21 Dec 2014 14:26:57 JPPCF.py[line:86]                            INFO Iter: 44	 Loss: 1389.82766424	 Delta: 2.7854637744

Sun, 21 Dec 2014 14:28:51 JPPCF.py[line:86]                            INFO Iter: 45	 Loss: 1387.56658902	 Delta: 2.26107521611

Sun, 21 Dec 2014 14:30:46 JPPCF.py[line:86]                            INFO Iter: 46	 Loss: 1385.37803994	 Delta: 2.18854907741

Sun, 21 Dec 2014 14:32:41 JPPCF.py[line:86]                            INFO Iter: 47	 Loss: 1382.30433281	 Delta: 3.07370713838

Sun, 21 Dec 2014 14:34:34 JPPCF.py[line:86]                            INFO Iter: 48	 Loss: 1379.10690967	 Delta: 3.19742313218

Sun, 21 Dec 2014 14:36:26 JPPCF.py[line:86]                            INFO Iter: 49	 Loss: 1376.08806416	 Delta: 3.01884551013

Sun, 21 Dec 2014 14:38:22 JPPCF.py[line:86]                            INFO Iter: 50	 Loss: 1373.6178947	 Delta: 2.47016945992

Sun, 21 Dec 2014 14:40:18 JPPCF.py[line:86]                            INFO Iter: 51	 Loss: 1371.31982817	 Delta: 2.2980665282

Sun, 21 Dec 2014 14:42:13 JPPCF.py[line:86]                            INFO Iter: 52	 Loss: 1368.67879222	 Delta: 2.64103595795

Sun, 21 Dec 2014 14:44:04 JPPCF.py[line:86]                            INFO Iter: 53	 Loss: 1365.81585055	 Delta: 2.86294166366

Sun, 21 Dec 2014 14:45:54 JPPCF.py[line:86]                            INFO Iter: 54	 Loss: 1362.69647863	 Delta: 3.1193719215

Sun, 21 Dec 2014 14:47:52 JPPCF.py[line:86]                            INFO Iter: 55	 Loss: 1359.90320089	 Delta: 2.79327773955

Sun, 21 Dec 2014 14:49:48 JPPCF.py[line:86]                            INFO Iter: 56	 Loss: 1356.97399303	 Delta: 2.92920786342

Sun, 21 Dec 2014 14:51:47 JPPCF.py[line:86]                            INFO Iter: 57	 Loss: 1354.08916106	 Delta: 2.88483197309

Sun, 21 Dec 2014 14:53:45 JPPCF.py[line:86]                            INFO Iter: 58	 Loss: 1352.16001884	 Delta: 1.92914221829

Sun, 21 Dec 2014 14:55:46 JPPCF.py[line:86]                            INFO Iter: 59	 Loss: 1348.3180508	 Delta: 3.84196803896

Sun, 21 Dec 2014 14:57:45 JPPCF.py[line:86]                            INFO Iter: 60	 Loss: 1346.68643261	 Delta: 1.63161819099

Sun, 21 Dec 2014 14:59:44 JPPCF.py[line:86]                            INFO Iter: 61	 Loss: 1345.56256767	 Delta: 1.1238649396

Sun, 21 Dec 2014 15:01:41 JPPCF.py[line:86]                            INFO Iter: 62	 Loss: 1344.30187674	 Delta: 1.26069093201

Sun, 21 Dec 2014 15:03:40 JPPCF.py[line:86]                            INFO Iter: 63	 Loss: 1342.65462824	 Delta: 1.64724849497

Sun, 21 Dec 2014 15:05:38 JPPCF.py[line:86]                            INFO Iter: 64	 Loss: 1341.3356381	 Delta: 1.31899014339

Sun, 21 Dec 2014 15:07:34 JPPCF.py[line:86]                            INFO Iter: 65	 Loss: 1339.73665333	 Delta: 1.59898477153

Sun, 21 Dec 2014 15:09:29 JPPCF.py[line:86]                            INFO Iter: 66	 Loss: 1337.94555721	 Delta: 1.79109611944

Sun, 21 Dec 2014 15:11:22 JPPCF.py[line:86]                            INFO Iter: 67	 Loss: 1336.09059092	 Delta: 1.85496629112

Sun, 21 Dec 2014 15:13:13 JPPCF.py[line:86]                            INFO Iter: 68	 Loss: 1334.14831838	 Delta: 1.94227253796

Sun, 21 Dec 2014 15:15:07 JPPCF.py[line:86]                            INFO Iter: 69	 Loss: 1332.53356858	 Delta: 1.61474979742

Sun, 21 Dec 2014 15:15:07 JPPCF.py[line:88]                            INFO JPPCF OK

Sun, 21 Dec 2014 15:15:09 demo_at_tsinghua_filter_by_10.py[line:128]                            INFO [ok]
computing t-model NMF decomposition...
Sun, 21 Dec 2014 15:15:15 nmf.py[line:109]                            INFO Iter: 1	 Loss: 2745.85400178	 Delta: 997254.145998

Sun, 21 Dec 2014 15:15:20 nmf.py[line:109]                            INFO Iter: 2	 Loss: 2602.13603706	 Delta: 143.717964728

Sun, 21 Dec 2014 15:15:26 nmf.py[line:109]                            INFO Iter: 3	 Loss: 2448.1387362	 Delta: 153.99730086

Sun, 21 Dec 2014 15:15:31 nmf.py[line:109]                            INFO Iter: 4	 Loss: 2179.23245679	 Delta: 268.906279409

Sun, 21 Dec 2014 15:15:37 nmf.py[line:109]                            INFO Iter: 5	 Loss: 1902.04502476	 Delta: 277.187432023

Sun, 21 Dec 2014 15:15:42 nmf.py[line:109]                            INFO Iter: 6	 Loss: 1678.56805549	 Delta: 223.476969275

Sun, 21 Dec 2014 15:15:48 nmf.py[line:109]                            INFO Iter: 7	 Loss: 1526.16603244	 Delta: 152.402023049

Sun, 21 Dec 2014 15:15:54 nmf.py[line:109]                            INFO Iter: 8	 Loss: 1414.04400105	 Delta: 112.122031393

Sun, 21 Dec 2014 15:16:00 nmf.py[line:109]                            INFO Iter: 9	 Loss: 1324.61413495	 Delta: 89.4298660972

Sun, 21 Dec 2014 15:16:06 nmf.py[line:109]                            INFO Iter: 10	 Loss: 1261.85305206	 Delta: 62.7610828855

Sun, 21 Dec 2014 15:16:12 nmf.py[line:109]                            INFO Iter: 11	 Loss: 1221.39984768	 Delta: 40.4532043808

Sun, 21 Dec 2014 15:16:19 nmf.py[line:109]                            INFO Iter: 12	 Loss: 1193.5948013	 Delta: 27.8050463798

Sun, 21 Dec 2014 15:16:25 nmf.py[line:109]                            INFO Iter: 13	 Loss: 1171.03862921	 Delta: 22.5561720899

Sun, 21 Dec 2014 15:16:31 nmf.py[line:109]                            INFO Iter: 14	 Loss: 1151.93267526	 Delta: 19.105953955

Sun, 21 Dec 2014 15:16:37 nmf.py[line:109]                            INFO Iter: 15	 Loss: 1137.17437026	 Delta: 14.7583049983

Sun, 21 Dec 2014 15:16:43 nmf.py[line:109]                            INFO Iter: 16	 Loss: 1125.16782782	 Delta: 12.0065424382

Sun, 21 Dec 2014 15:16:49 nmf.py[line:109]                            INFO Iter: 17	 Loss: 1114.82718407	 Delta: 10.3406437492

Sun, 21 Dec 2014 15:16:54 nmf.py[line:109]                            INFO Iter: 18	 Loss: 1105.6375436	 Delta: 9.18964047532

Sun, 21 Dec 2014 15:17:01 nmf.py[line:109]                            INFO Iter: 19	 Loss: 1097.34033672	 Delta: 8.29720687786

Sun, 21 Dec 2014 15:17:07 nmf.py[line:109]                            INFO Iter: 20	 Loss: 1090.03804354	 Delta: 7.30229318029

Sun, 21 Dec 2014 15:17:13 nmf.py[line:109]                            INFO Iter: 21	 Loss: 1083.27861106	 Delta: 6.75943247856

Sun, 21 Dec 2014 15:17:20 nmf.py[line:109]                            INFO Iter: 22	 Loss: 1076.84208489	 Delta: 6.43652617325

Sun, 21 Dec 2014 15:17:25 nmf.py[line:109]                            INFO Iter: 23	 Loss: 1071.2030258	 Delta: 5.6390590898

Sun, 21 Dec 2014 15:17:32 nmf.py[line:109]                            INFO Iter: 24	 Loss: 1066.95187511	 Delta: 4.25115068698

Sun, 21 Dec 2014 15:17:37 nmf.py[line:109]                            INFO Iter: 25	 Loss: 1063.7218465	 Delta: 3.23002861106

Sun, 21 Dec 2014 15:17:44 nmf.py[line:109]                            INFO Iter: 26	 Loss: 1061.50377065	 Delta: 2.21807585001

Sun, 21 Dec 2014 15:17:50 nmf.py[line:109]                            INFO Iter: 27	 Loss: 1059.8073462	 Delta: 1.69642444884

Sun, 21 Dec 2014 15:17:55 nmf.py[line:109]                            INFO Iter: 28	 Loss: 1058.39649418	 Delta: 1.41085202461

Sun, 21 Dec 2014 15:18:01 nmf.py[line:109]                            INFO Iter: 29	 Loss: 1057.15410514	 Delta: 1.24238903937

Sun, 21 Dec 2014 15:18:07 nmf.py[line:109]                            INFO Iter: 30	 Loss: 1055.89100878	 Delta: 1.26309635439

Sun, 21 Dec 2014 15:18:13 nmf.py[line:109]                            INFO Iter: 31	 Loss: 1054.66898612	 Delta: 1.22202266618

Sun, 21 Dec 2014 15:18:20 nmf.py[line:109]                            INFO Iter: 32	 Loss: 1053.43059103	 Delta: 1.23839508915

Sun, 21 Dec 2014 15:18:25 nmf.py[line:109]                            INFO Iter: 33	 Loss: 1051.88488422	 Delta: 1.54570680832

Sun, 21 Dec 2014 15:18:31 nmf.py[line:109]                            INFO Iter: 34	 Loss: 1050.05032571	 Delta: 1.83455851338

Sun, 21 Dec 2014 15:18:37 nmf.py[line:109]                            INFO Iter: 35	 Loss: 1048.54505638	 Delta: 1.50526932492

Sun, 21 Dec 2014 15:18:42 nmf.py[line:109]                            INFO Iter: 36	 Loss: 1047.12472717	 Delta: 1.42032920707

Sun, 21 Dec 2014 15:18:48 nmf.py[line:109]                            INFO Iter: 37	 Loss: 1045.59214598	 Delta: 1.5325811974

Sun, 21 Dec 2014 15:18:54 nmf.py[line:109]                            INFO Iter: 38	 Loss: 1043.68702329	 Delta: 1.90512268945

Sun, 21 Dec 2014 15:18:59 nmf.py[line:109]                            INFO Iter: 39	 Loss: 1041.96170217	 Delta: 1.72532111528

Sun, 21 Dec 2014 15:19:05 nmf.py[line:109]                            INFO Iter: 40	 Loss: 1040.68190503	 Delta: 1.27979714218

Sun, 21 Dec 2014 15:19:11 nmf.py[line:109]                            INFO Iter: 41	 Loss: 1039.67206454	 Delta: 1.00984049353

Sun, 21 Dec 2014 15:19:17 nmf.py[line:109]                            INFO Iter: 42	 Loss: 1038.93587597	 Delta: 0.736188569783

Sun, 21 Dec 2014 15:19:17 nmf.py[line:113]                            INFO NMF OK
Sun, 21 Dec 2014 15:19:19 demo_at_tsinghua_filter_by_10.py[line:134]                            INFO [ok]
computing fix_model NMF decomposition...
Sun, 21 Dec 2014 15:19:20 demo_at_tsinghua_filter_by_10.py[line:142]                            INFO non zero cell num: 4612
Sun, 21 Dec 2014 15:19:26 nmf.py[line:109]                            INFO Iter: 1	 Loss: 4624.17691726	 Delta: 995375.823083

Sun, 21 Dec 2014 15:19:32 nmf.py[line:109]                            INFO Iter: 2	 Loss: 4426.89970738	 Delta: 197.277209879

Sun, 21 Dec 2014 15:19:38 nmf.py[line:109]                            INFO Iter: 3	 Loss: 4174.78871576	 Delta: 252.110991614

Sun, 21 Dec 2014 15:19:44 nmf.py[line:109]                            INFO Iter: 4	 Loss: 3687.3800751	 Delta: 487.408640664

Sun, 21 Dec 2014 15:19:50 nmf.py[line:109]                            INFO Iter: 5	 Loss: 3233.53247453	 Delta: 453.847600573

Sun, 21 Dec 2014 15:19:55 nmf.py[line:109]                            INFO Iter: 6	 Loss: 2905.98588182	 Delta: 327.546592711

Sun, 21 Dec 2014 15:20:01 nmf.py[line:109]                            INFO Iter: 7	 Loss: 2663.80333857	 Delta: 242.182543243

Sun, 21 Dec 2014 15:20:07 nmf.py[line:109]                            INFO Iter: 8	 Loss: 2494.63573789	 Delta: 169.16760068

Sun, 21 Dec 2014 15:20:12 nmf.py[line:109]                            INFO Iter: 9	 Loss: 2366.46298484	 Delta: 128.172753051

Sun, 21 Dec 2014 15:20:18 nmf.py[line:109]                            INFO Iter: 10	 Loss: 2261.83603517	 Delta: 104.626949674

Sun, 21 Dec 2014 15:20:24 nmf.py[line:109]                            INFO Iter: 11	 Loss: 2180.44911974	 Delta: 81.3869154303

Sun, 21 Dec 2014 15:20:30 nmf.py[line:109]                            INFO Iter: 12	 Loss: 2119.03525758	 Delta: 61.4138621546

Sun, 21 Dec 2014 15:20:36 nmf.py[line:109]                            INFO Iter: 13	 Loss: 2071.38099298	 Delta: 47.6542645983

Sun, 21 Dec 2014 15:20:43 nmf.py[line:109]                            INFO Iter: 14	 Loss: 2033.23010909	 Delta: 38.1508838914

Sun, 21 Dec 2014 15:20:49 nmf.py[line:109]                            INFO Iter: 15	 Loss: 2001.77836817	 Delta: 31.4517409263

Sun, 21 Dec 2014 15:20:55 nmf.py[line:109]                            INFO Iter: 16	 Loss: 1977.40478389	 Delta: 24.3735842772

Sun, 21 Dec 2014 15:21:01 nmf.py[line:109]                            INFO Iter: 17	 Loss: 1960.41639459	 Delta: 16.9883893017

Sun, 21 Dec 2014 15:21:08 nmf.py[line:109]                            INFO Iter: 18	 Loss: 1948.84508696	 Delta: 11.5713076256

Sun, 21 Dec 2014 15:21:14 nmf.py[line:109]                            INFO Iter: 19	 Loss: 1940.57298811	 Delta: 8.27209885469

Sun, 21 Dec 2014 15:21:21 nmf.py[line:109]                            INFO Iter: 20	 Loss: 1933.75534737	 Delta: 6.81764074138

Sun, 21 Dec 2014 15:21:28 nmf.py[line:109]                            INFO Iter: 21	 Loss: 1927.02678295	 Delta: 6.7285644118

Sun, 21 Dec 2014 15:21:34 nmf.py[line:109]                            INFO Iter: 22	 Loss: 1919.43542171	 Delta: 7.59136124094

Sun, 21 Dec 2014 15:21:41 nmf.py[line:109]                            INFO Iter: 23	 Loss: 1911.07295445	 Delta: 8.36246726656

Sun, 21 Dec 2014 15:21:47 nmf.py[line:109]                            INFO Iter: 24	 Loss: 1903.08944115	 Delta: 7.98351329746

Sun, 21 Dec 2014 15:21:53 nmf.py[line:109]                            INFO Iter: 25	 Loss: 1896.6287873	 Delta: 6.46065384986

Sun, 21 Dec 2014 15:21:59 nmf.py[line:109]                            INFO Iter: 26	 Loss: 1891.49412351	 Delta: 5.13466378743

Sun, 21 Dec 2014 15:22:06 nmf.py[line:109]                            INFO Iter: 27	 Loss: 1886.95916232	 Delta: 4.53496118992

Sun, 21 Dec 2014 15:22:12 nmf.py[line:109]                            INFO Iter: 28	 Loss: 1882.38516318	 Delta: 4.57399914618

Sun, 21 Dec 2014 15:22:18 nmf.py[line:109]                            INFO Iter: 29	 Loss: 1877.52456372	 Delta: 4.86059945729

Sun, 21 Dec 2014 15:22:25 nmf.py[line:109]                            INFO Iter: 30	 Loss: 1873.03549608	 Delta: 4.48906764269

Sun, 21 Dec 2014 15:22:31 nmf.py[line:109]                            INFO Iter: 31	 Loss: 1869.18541335	 Delta: 3.85008272634

Sun, 21 Dec 2014 15:22:37 nmf.py[line:109]                            INFO Iter: 32	 Loss: 1866.47391493	 Delta: 2.71149841659

Sun, 21 Dec 2014 15:22:44 nmf.py[line:109]                            INFO Iter: 33	 Loss: 1864.45039947	 Delta: 2.02351546085

Sun, 21 Dec 2014 15:22:51 nmf.py[line:109]                            INFO Iter: 34	 Loss: 1862.80469458	 Delta: 1.64570488849

Sun, 21 Dec 2014 15:22:57 nmf.py[line:109]                            INFO Iter: 35	 Loss: 1861.48540593	 Delta: 1.319288649

Sun, 21 Dec 2014 15:23:03 nmf.py[line:109]                            INFO Iter: 36	 Loss: 1860.41479857	 Delta: 1.07060736878

Sun, 21 Dec 2014 15:23:10 nmf.py[line:109]                            INFO Iter: 37	 Loss: 1859.3774508	 Delta: 1.03734776716

Sun, 21 Dec 2014 15:23:16 nmf.py[line:109]                            INFO Iter: 38	 Loss: 1858.3006799	 Delta: 1.07677089864

Sun, 21 Dec 2014 15:23:22 nmf.py[line:109]                            INFO Iter: 39	 Loss: 1857.02917765	 Delta: 1.27150225228

Sun, 21 Dec 2014 15:23:28 nmf.py[line:109]                            INFO Iter: 40	 Loss: 1855.53484254	 Delta: 1.49433511152

Sun, 21 Dec 2014 15:23:34 nmf.py[line:109]                            INFO Iter: 41	 Loss: 1853.9523962	 Delta: 1.58244633162

Sun, 21 Dec 2014 15:23:40 nmf.py[line:109]                            INFO Iter: 42	 Loss: 1852.11025366	 Delta: 1.84214254629

Sun, 21 Dec 2014 15:23:47 nmf.py[line:109]                            INFO Iter: 43	 Loss: 1850.03150883	 Delta: 2.07874482791

Sun, 21 Dec 2014 15:23:53 nmf.py[line:109]                            INFO Iter: 44	 Loss: 1848.09624726	 Delta: 1.93526157209

Sun, 21 Dec 2014 15:23:59 nmf.py[line:109]                            INFO Iter: 45	 Loss: 1846.58182409	 Delta: 1.51442317206

Sun, 21 Dec 2014 15:24:05 nmf.py[line:109]                            INFO Iter: 46	 Loss: 1845.39261877	 Delta: 1.18920531705

Sun, 21 Dec 2014 15:24:12 nmf.py[line:109]                            INFO Iter: 47	 Loss: 1844.49050355	 Delta: 0.902115223046

Sun, 21 Dec 2014 15:24:12 nmf.py[line:113]                            INFO NMF OK
Sun, 21 Dec 2014 15:24:14 demo_at_tsinghua_filter_by_10.py[line:148]                            INFO [ok]

Sun, 21 Dec 2014 15:24:14 demo_at_tsinghua_filter_by_10.py[line:150]                            INFO 	 fold_id:0

Sun, 21 Dec 2014 15:24:14 demo_at_tsinghua_filter_by_10.py[line:152]                            INFO 	recall at 10:
Sun, 21 Dec 2014 15:25:01 demo_at_tsinghua_filter_by_10.py[line:177]                            INFO 		t-model NMF :  0.264658057505

Sun, 21 Dec 2014 15:25:01 demo_at_tsinghua_filter_by_10.py[line:178]                            INFO 		f-model NMF :  0.216074828641

Sun, 21 Dec 2014 15:25:01 demo_at_tsinghua_filter_by_10.py[line:179]                            INFO 		JPPCF :  0.25363164285

Sun, 21 Dec 2014 15:25:01 demo_at_tsinghua_filter_by_10.py[line:152]                            INFO 	recall at 50:
Sun, 21 Dec 2014 15:25:46 demo_at_tsinghua_filter_by_10.py[line:177]                            INFO 		t-model NMF :  0.515783986732

Sun, 21 Dec 2014 15:25:46 demo_at_tsinghua_filter_by_10.py[line:178]                            INFO 		f-model NMF :  0.455342568141

Sun, 21 Dec 2014 15:25:46 demo_at_tsinghua_filter_by_10.py[line:179]                            INFO 		JPPCF :  0.50028650086

Sun, 21 Dec 2014 15:25:46 demo_at_tsinghua_filter_by_10.py[line:152]                            INFO 	recall at 100:
Sun, 21 Dec 2014 15:26:32 demo_at_tsinghua_filter_by_10.py[line:177]                            INFO 		t-model NMF :  0.626908087533

Sun, 21 Dec 2014 15:26:32 demo_at_tsinghua_filter_by_10.py[line:178]                            INFO 		f-model NMF :  0.578897325077

Sun, 21 Dec 2014 15:26:32 demo_at_tsinghua_filter_by_10.py[line:179]                            INFO 		JPPCF :  0.625982866993

Sun, 21 Dec 2014 15:26:32 demo_at_tsinghua_filter_by_10.py[line:152]                            INFO 	recall at 300:
Sun, 21 Dec 2014 15:27:17 demo_at_tsinghua_filter_by_10.py[line:177]                            INFO 		t-model NMF :  0.779557407067

Sun, 21 Dec 2014 15:27:17 demo_at_tsinghua_filter_by_10.py[line:178]                            INFO 		f-model NMF :  0.768173947417

Sun, 21 Dec 2014 15:27:17 demo_at_tsinghua_filter_by_10.py[line:179]                            INFO 		JPPCF :  0.769769972923

Sun, 21 Dec 2014 15:27:17 demo_at_tsinghua_filter_by_10.py[line:152]                            INFO 	recall at 500:
Sun, 21 Dec 2014 15:28:05 demo_at_tsinghua_filter_by_10.py[line:177]                            INFO 		t-model NMF :  0.858881141915

Sun, 21 Dec 2014 15:28:05 demo_at_tsinghua_filter_by_10.py[line:178]                            INFO 		f-model NMF :  0.863840752596

Sun, 21 Dec 2014 15:28:05 demo_at_tsinghua_filter_by_10.py[line:179]                            INFO 		JPPCF :  0.832168761244

Sun, 21 Dec 2014 15:28:05 demo_at_tsinghua_filter_by_10.py[line:152]                            INFO 	recall at 1000:
Sun, 21 Dec 2014 15:28:56 demo_at_tsinghua_filter_by_10.py[line:177]                            INFO 		t-model NMF :  0.9274176631

Sun, 21 Dec 2014 15:28:56 demo_at_tsinghua_filter_by_10.py[line:178]                            INFO 		f-model NMF :  0.955116775051

Sun, 21 Dec 2014 15:28:56 demo_at_tsinghua_filter_by_10.py[line:179]                            INFO 		JPPCF :  0.936595342983

Sun, 21 Dec 2014 15:28:56 demo_at_tsinghua_filter_by_10.py[line:181]                            INFO current_time_step: 3

Sun, 21 Dec 2014 15:28:56 demo_at_tsinghua_filter_by_10.py[line:184]                            INFO 	recall at 10:
Sun, 21 Dec 2014 15:28:56 demo_at_tsinghua_filter_by_10.py[line:188]                            INFO 		avg t-model NMF :  0.264658057505

Sun, 21 Dec 2014 15:28:56 demo_at_tsinghua_filter_by_10.py[line:189]                            INFO 		avg f-model NMF :  0.216074828641

Sun, 21 Dec 2014 15:28:56 demo_at_tsinghua_filter_by_10.py[line:190]                            INFO 		avg JPPCF :  0.25363164285

Sun, 21 Dec 2014 15:28:56 demo_at_tsinghua_filter_by_10.py[line:184]                            INFO 	recall at 50:
Sun, 21 Dec 2014 15:28:56 demo_at_tsinghua_filter_by_10.py[line:188]                            INFO 		avg t-model NMF :  0.515783986732

Sun, 21 Dec 2014 15:28:56 demo_at_tsinghua_filter_by_10.py[line:189]                            INFO 		avg f-model NMF :  0.455342568141

Sun, 21 Dec 2014 15:28:56 demo_at_tsinghua_filter_by_10.py[line:190]                            INFO 		avg JPPCF :  0.50028650086

Sun, 21 Dec 2014 15:28:56 demo_at_tsinghua_filter_by_10.py[line:184]                            INFO 	recall at 100:
Sun, 21 Dec 2014 15:28:56 demo_at_tsinghua_filter_by_10.py[line:188]                            INFO 		avg t-model NMF :  0.626908087533

Sun, 21 Dec 2014 15:28:56 demo_at_tsinghua_filter_by_10.py[line:189]                            INFO 		avg f-model NMF :  0.578897325077

Sun, 21 Dec 2014 15:28:56 demo_at_tsinghua_filter_by_10.py[line:190]                            INFO 		avg JPPCF :  0.625982866993

Sun, 21 Dec 2014 15:28:56 demo_at_tsinghua_filter_by_10.py[line:184]                            INFO 	recall at 300:
Sun, 21 Dec 2014 15:28:56 demo_at_tsinghua_filter_by_10.py[line:188]                            INFO 		avg t-model NMF :  0.779557407067

Sun, 21 Dec 2014 15:28:56 demo_at_tsinghua_filter_by_10.py[line:189]                            INFO 		avg f-model NMF :  0.768173947417

Sun, 21 Dec 2014 15:28:56 demo_at_tsinghua_filter_by_10.py[line:190]                            INFO 		avg JPPCF :  0.769769972923

Sun, 21 Dec 2014 15:28:56 demo_at_tsinghua_filter_by_10.py[line:184]                            INFO 	recall at 500:
Sun, 21 Dec 2014 15:28:56 demo_at_tsinghua_filter_by_10.py[line:188]                            INFO 		avg t-model NMF :  0.858881141915

Sun, 21 Dec 2014 15:28:56 demo_at_tsinghua_filter_by_10.py[line:189]                            INFO 		avg f-model NMF :  0.863840752596

Sun, 21 Dec 2014 15:28:56 demo_at_tsinghua_filter_by_10.py[line:190]                            INFO 		avg JPPCF :  0.832168761244

Sun, 21 Dec 2014 15:28:56 demo_at_tsinghua_filter_by_10.py[line:184]                            INFO 	recall at 1000:
Sun, 21 Dec 2014 15:28:56 demo_at_tsinghua_filter_by_10.py[line:188]                            INFO 		avg t-model NMF :  0.9274176631

Sun, 21 Dec 2014 15:28:56 demo_at_tsinghua_filter_by_10.py[line:189]                            INFO 		avg f-model NMF :  0.955116775051

Sun, 21 Dec 2014 15:28:56 demo_at_tsinghua_filter_by_10.py[line:190]                            INFO 		avg JPPCF :  0.936595342983

Sun, 21 Dec 2014 15:28:56 demo_at_tsinghua_filter_by_10.py[line:204]                            INFO =========================

Sun, 21 Dec 2014 15:28:56 demo_at_tsinghua_filter_by_10.py[line:102]                            INFO 
=========================

Sun, 21 Dec 2014 15:28:56 demo_at_tsinghua_filter_by_10.py[line:103]                            INFO time_step number %i:	4
Sun, 21 Dec 2014 15:28:56 demo_at_tsinghua_filter_by_10.py[line:104]                            INFO ----------------

Sun, 21 Dec 2014 15:28:57 demo_at_tsinghua_filter_by_10.py[line:119]                            INFO non zero cell num: 2707
Sun, 21 Dec 2014 15:28:57 demo_at_tsinghua_filter_by_10.py[line:122]                            INFO computing JPP decomposition...
Sun, 21 Dec 2014 15:30:50 JPPCF.py[line:86]                            INFO Iter: 1	 Loss: 5584.43584423	 Delta: 994415.564156

Sun, 21 Dec 2014 15:32:42 JPPCF.py[line:86]                            INFO Iter: 2	 Loss: 5538.31718902	 Delta: 46.1186552062

Sun, 21 Dec 2014 15:34:34 JPPCF.py[line:86]                            INFO Iter: 3	 Loss: 4348.07217421	 Delta: 1190.24501482

Sun, 21 Dec 2014 15:36:24 JPPCF.py[line:86]                            INFO Iter: 4	 Loss: 3905.20447254	 Delta: 442.867701663

Sun, 21 Dec 2014 15:38:13 JPPCF.py[line:86]                            INFO Iter: 5	 Loss: 3340.18410736	 Delta: 565.020365183

Sun, 21 Dec 2014 15:40:04 JPPCF.py[line:86]                            INFO Iter: 6	 Loss: 2844.89148887	 Delta: 495.292618485

Sun, 21 Dec 2014 15:41:58 JPPCF.py[line:86]                            INFO Iter: 7	 Loss: 2436.21932498	 Delta: 408.672163899

Sun, 21 Dec 2014 15:43:53 JPPCF.py[line:86]                            INFO Iter: 8	 Loss: 2121.29054922	 Delta: 314.928775754

Sun, 21 Dec 2014 15:45:47 JPPCF.py[line:86]                            INFO Iter: 9	 Loss: 1900.18718572	 Delta: 221.103363503

Sun, 21 Dec 2014 15:47:42 JPPCF.py[line:86]                            INFO Iter: 10	 Loss: 1737.24307361	 Delta: 162.944112112

