Sun, 21 Dec 2014 10:47:16 demo_at_tsinghua_filter_by_10.py[line:82]                            INFO user num: 3431

Sun, 21 Dec 2014 10:47:16 demo_at_tsinghua_filter_by_10.py[line:83]                            INFO doc num: 7710

Sun, 21 Dec 2014 10:47:16 demo_at_tsinghua_filter_by_10.py[line:84]                            INFO time step num: 20

Sun, 21 Dec 2014 10:47:17 demo_at_tsinghua_filter_by_10.py[line:91]                            INFO non zero cell num: 1338
Sun, 21 Dec 2014 10:47:17 demo_at_tsinghua_filter_by_10.py[line:92]                            INFO start nmf:

Sun, 21 Dec 2014 10:47:23 nmf.py[line:109]                            INFO Iter: 1	 Loss: 1341.54298351	 Delta: 998658.457016

Sun, 21 Dec 2014 10:47:29 nmf.py[line:109]                            INFO Iter: 2	 Loss: 1199.8572408	 Delta: 141.685742709

Sun, 21 Dec 2014 10:47:35 nmf.py[line:109]                            INFO Iter: 3	 Loss: 1079.91889274	 Delta: 119.938348059

Sun, 21 Dec 2014 10:47:41 nmf.py[line:109]                            INFO Iter: 4	 Loss: 907.05593783	 Delta: 172.862954909

Sun, 21 Dec 2014 10:47:47 nmf.py[line:109]                            INFO Iter: 5	 Loss: 702.041085728	 Delta: 205.014852102

Sun, 21 Dec 2014 10:47:53 nmf.py[line:109]                            INFO Iter: 6	 Loss: 569.665662886	 Delta: 132.375422842

Sun, 21 Dec 2014 10:47:59 nmf.py[line:109]                            INFO Iter: 7	 Loss: 482.050532387	 Delta: 87.6151304992

Sun, 21 Dec 2014 10:48:06 nmf.py[line:109]                            INFO Iter: 8	 Loss: 419.541879832	 Delta: 62.508652555

Sun, 21 Dec 2014 10:48:12 nmf.py[line:109]                            INFO Iter: 9	 Loss: 375.609853074	 Delta: 43.9320267586

Sun, 21 Dec 2014 10:48:17 nmf.py[line:109]                            INFO Iter: 10	 Loss: 341.25507798	 Delta: 34.3547750933

Sun, 21 Dec 2014 10:48:23 nmf.py[line:109]                            INFO Iter: 11	 Loss: 313.572935129	 Delta: 27.6821428512

Sun, 21 Dec 2014 10:48:28 nmf.py[line:109]                            INFO Iter: 12	 Loss: 292.657506496	 Delta: 20.9154286329

Sun, 21 Dec 2014 10:48:34 nmf.py[line:109]                            INFO Iter: 13	 Loss: 276.721439291	 Delta: 15.9360672051

Sun, 21 Dec 2014 10:48:41 nmf.py[line:109]                            INFO Iter: 14	 Loss: 264.580140672	 Delta: 12.1412986191

Sun, 21 Dec 2014 10:48:46 nmf.py[line:109]                            INFO Iter: 15	 Loss: 253.170085061	 Delta: 11.4100556112

Sun, 21 Dec 2014 10:48:53 nmf.py[line:109]                            INFO Iter: 16	 Loss: 241.535733816	 Delta: 11.6343512449

Sun, 21 Dec 2014 10:48:59 nmf.py[line:109]                            INFO Iter: 17	 Loss: 233.675435627	 Delta: 7.86029818861

Sun, 21 Dec 2014 10:49:06 nmf.py[line:109]                            INFO Iter: 18	 Loss: 227.773195252	 Delta: 5.90224037509

Sun, 21 Dec 2014 10:49:12 nmf.py[line:109]                            INFO Iter: 19	 Loss: 222.924096632	 Delta: 4.84909862043

Sun, 21 Dec 2014 10:49:18 nmf.py[line:109]                            INFO Iter: 20	 Loss: 219.019978443	 Delta: 3.90411818892

Sun, 21 Dec 2014 10:49:24 nmf.py[line:109]                            INFO Iter: 21	 Loss: 215.747481979	 Delta: 3.27249646404

Sun, 21 Dec 2014 10:49:29 nmf.py[line:109]                            INFO Iter: 22	 Loss: 212.85546257	 Delta: 2.89201940838

Sun, 21 Dec 2014 10:49:36 nmf.py[line:109]                            INFO Iter: 23	 Loss: 210.257334225	 Delta: 2.59812834523

Sun, 21 Dec 2014 10:49:42 nmf.py[line:109]                            INFO Iter: 24	 Loss: 207.898835357	 Delta: 2.35849886801

Sun, 21 Dec 2014 10:49:48 nmf.py[line:109]                            INFO Iter: 25	 Loss: 205.561751032	 Delta: 2.33708432502

Sun, 21 Dec 2014 10:49:55 nmf.py[line:109]                            INFO Iter: 26	 Loss: 202.575257007	 Delta: 2.98649402545

Sun, 21 Dec 2014 10:50:01 nmf.py[line:109]                            INFO Iter: 27	 Loss: 198.970157161	 Delta: 3.60509984577

Sun, 21 Dec 2014 10:50:07 nmf.py[line:109]                            INFO Iter: 28	 Loss: 195.652694995	 Delta: 3.31746216594

Sun, 21 Dec 2014 10:50:13 nmf.py[line:109]                            INFO Iter: 29	 Loss: 193.29061625	 Delta: 2.36207874497

Sun, 21 Dec 2014 10:50:19 nmf.py[line:109]                            INFO Iter: 30	 Loss: 191.634556658	 Delta: 1.65605959192

Sun, 21 Dec 2014 10:50:24 nmf.py[line:109]                            INFO Iter: 31	 Loss: 190.397305267	 Delta: 1.23725139122

Sun, 21 Dec 2014 10:50:30 nmf.py[line:109]                            INFO Iter: 32	 Loss: 189.397394831	 Delta: 0.999910435851

Sun, 21 Dec 2014 10:50:30 nmf.py[line:113]                            INFO NMF OK
Sun, 21 Dec 2014 10:50:30 demo_at_tsinghua_filter_by_10.py[line:102]                            INFO 
=========================

Sun, 21 Dec 2014 10:50:30 demo_at_tsinghua_filter_by_10.py[line:103]                            INFO time_step number %i:	2
Sun, 21 Dec 2014 10:50:30 demo_at_tsinghua_filter_by_10.py[line:104]                            INFO ----------------

Sun, 21 Dec 2014 10:50:31 demo_at_tsinghua_filter_by_10.py[line:119]                            INFO non zero cell num: 1665
Sun, 21 Dec 2014 10:50:31 demo_at_tsinghua_filter_by_10.py[line:122]                            INFO computing JPP decomposition...
Sun, 21 Dec 2014 10:52:37 JPPCF.py[line:86]                            INFO Iter: 1	 Loss: 3497.87260885	 Delta: 996502.127391

Sun, 21 Dec 2014 10:54:46 JPPCF.py[line:86]                            INFO Iter: 2	 Loss: 3486.70220533	 Delta: 11.1704035259

Sun, 21 Dec 2014 10:57:14 JPPCF.py[line:86]                            INFO Iter: 3	 Loss: 2993.84907145	 Delta: 492.853133873

Sun, 21 Dec 2014 11:00:32 JPPCF.py[line:86]                            INFO Iter: 4	 Loss: 2551.02029307	 Delta: 442.828778382

Sun, 21 Dec 2014 11:03:42 JPPCF.py[line:86]                            INFO Iter: 5	 Loss: 2185.20175993	 Delta: 365.818533143

Sun, 21 Dec 2014 11:06:57 JPPCF.py[line:86]                            INFO Iter: 6	 Loss: 1878.79143298	 Delta: 306.410326952

Sun, 21 Dec 2014 11:09:53 JPPCF.py[line:86]                            INFO Iter: 7	 Loss: 1650.75794966	 Delta: 228.033483314

Sun, 21 Dec 2014 11:12:55 JPPCF.py[line:86]                            INFO Iter: 8	 Loss: 1508.58119218	 Delta: 142.176757485

Sun, 21 Dec 2014 11:15:53 JPPCF.py[line:86]                            INFO Iter: 9	 Loss: 1410.01136109	 Delta: 98.5698310869

Sun, 21 Dec 2014 11:18:40 JPPCF.py[line:86]                            INFO Iter: 10	 Loss: 1331.83321418	 Delta: 78.1781469088

Sun, 21 Dec 2014 11:21:22 JPPCF.py[line:86]                            INFO Iter: 11	 Loss: 1265.13399269	 Delta: 66.6992214931

Sun, 21 Dec 2014 11:24:15 JPPCF.py[line:86]                            INFO Iter: 12	 Loss: 1209.59900318	 Delta: 55.5349895053

Sun, 21 Dec 2014 11:27:03 JPPCF.py[line:86]                            INFO Iter: 13	 Loss: 1170.86056356	 Delta: 38.7384396201

Sun, 21 Dec 2014 11:30:15 JPPCF.py[line:86]                            INFO Iter: 14	 Loss: 1134.21673713	 Delta: 36.6438264344

Sun, 21 Dec 2014 11:33:15 JPPCF.py[line:86]                            INFO Iter: 15	 Loss: 1100.98670345	 Delta: 33.2300336809

Sun, 21 Dec 2014 11:36:09 JPPCF.py[line:86]                            INFO Iter: 16	 Loss: 1072.85777437	 Delta: 28.1289290757

Sun, 21 Dec 2014 11:38:58 JPPCF.py[line:86]                            INFO Iter: 17	 Loss: 1049.82859824	 Delta: 23.0291761327

Sun, 21 Dec 2014 11:41:44 JPPCF.py[line:86]                            INFO Iter: 18	 Loss: 1029.29281283	 Delta: 20.5357854113

Sun, 21 Dec 2014 11:44:17 JPPCF.py[line:86]                            INFO Iter: 19	 Loss: 1011.1724546	 Delta: 18.1203582277

Sun, 21 Dec 2014 11:47:01 JPPCF.py[line:86]                            INFO Iter: 20	 Loss: 995.742299039	 Delta: 15.4301555611

Sun, 21 Dec 2014 11:49:35 JPPCF.py[line:86]                            INFO Iter: 21	 Loss: 982.194815716	 Delta: 13.5474833226

Sun, 21 Dec 2014 11:52:23 JPPCF.py[line:86]                            INFO Iter: 22	 Loss: 969.765731844	 Delta: 12.4290838719

Sun, 21 Dec 2014 11:55:06 JPPCF.py[line:86]                            INFO Iter: 23	 Loss: 956.552551945	 Delta: 13.2131798998

Sun, 21 Dec 2014 11:57:43 JPPCF.py[line:86]                            INFO Iter: 24	 Loss: 946.735101828	 Delta: 9.81745011699

Sun, 21 Dec 2014 12:00:19 JPPCF.py[line:86]                            INFO Iter: 25	 Loss: 940.296419851	 Delta: 6.43868197637

Sun, 21 Dec 2014 12:02:57 JPPCF.py[line:86]                            INFO Iter: 26	 Loss: 935.96138907	 Delta: 4.33503078126

Sun, 21 Dec 2014 12:05:21 JPPCF.py[line:86]                            INFO Iter: 27	 Loss: 931.958279894	 Delta: 4.00310917598

Sun, 21 Dec 2014 12:07:43 JPPCF.py[line:86]                            INFO Iter: 28	 Loss: 926.37341187	 Delta: 5.58486802398

Sun, 21 Dec 2014 12:10:15 JPPCF.py[line:86]                            INFO Iter: 29	 Loss: 924.133171837	 Delta: 2.24024003283

Sun, 21 Dec 2014 12:12:41 JPPCF.py[line:86]                            INFO Iter: 30	 Loss: 922.547745027	 Delta: 1.58542681024

Sun, 21 Dec 2014 12:15:16 JPPCF.py[line:86]                            INFO Iter: 31	 Loss: 920.501279518	 Delta: 2.0464655093

Sun, 21 Dec 2014 12:17:43 JPPCF.py[line:86]                            INFO Iter: 32	 Loss: 918.630611468	 Delta: 1.87066804984

Sun, 21 Dec 2014 12:20:06 JPPCF.py[line:86]                            INFO Iter: 33	 Loss: 915.166622508	 Delta: 3.46398895957

Sun, 21 Dec 2014 12:22:32 JPPCF.py[line:86]                            INFO Iter: 34	 Loss: 912.844625795	 Delta: 2.32199671298

Sun, 21 Dec 2014 12:24:56 JPPCF.py[line:86]                            INFO Iter: 35	 Loss: 911.209857592	 Delta: 1.6347682033

Sun, 21 Dec 2014 12:27:21 JPPCF.py[line:86]                            INFO Iter: 36	 Loss: 909.755017659	 Delta: 1.45483993273

Sun, 21 Dec 2014 12:29:24 JPPCF.py[line:86]                            INFO Iter: 37	 Loss: 908.11860381	 Delta: 1.63641384968

Sun, 21 Dec 2014 12:31:45 JPPCF.py[line:86]                            INFO Iter: 38	 Loss: 905.467606173	 Delta: 2.65099763622

Sun, 21 Dec 2014 12:33:54 JPPCF.py[line:86]                            INFO Iter: 39	 Loss: 903.329422493	 Delta: 2.13818367985

Sun, 21 Dec 2014 12:36:29 JPPCF.py[line:86]                            INFO Iter: 40	 Loss: 901.598229481	 Delta: 1.73119301221

Sun, 21 Dec 2014 12:38:15 JPPCF.py[line:86]                            INFO Iter: 41	 Loss: 900.490263085	 Delta: 1.10796639655

Sun, 21 Dec 2014 12:40:33 JPPCF.py[line:86]                            INFO Iter: 42	 Loss: 899.961186944	 Delta: 0.52907614108

Sun, 21 Dec 2014 12:40:33 JPPCF.py[line:88]                            INFO JPPCF OK

Sun, 21 Dec 2014 12:40:36 demo_at_tsinghua_filter_by_10.py[line:128]                            INFO [ok]
computing t-model NMF decomposition...
Sun, 21 Dec 2014 12:40:43 nmf.py[line:109]                            INFO Iter: 1	 Loss: 1667.96586595	 Delta: 998332.034134

Sun, 21 Dec 2014 12:40:49 nmf.py[line:109]                            INFO Iter: 2	 Loss: 1611.40255941	 Delta: 56.5633065384

Sun, 21 Dec 2014 12:40:57 nmf.py[line:109]                            INFO Iter: 3	 Loss: 1468.08152487	 Delta: 143.321034542

Sun, 21 Dec 2014 12:41:04 nmf.py[line:109]                            INFO Iter: 4	 Loss: 1187.17432519	 Delta: 280.907199682

Sun, 21 Dec 2014 12:41:10 nmf.py[line:109]                            INFO Iter: 5	 Loss: 988.125414005	 Delta: 199.04891118

Sun, 21 Dec 2014 12:41:17 nmf.py[line:109]                            INFO Iter: 6	 Loss: 857.347082955	 Delta: 130.77833105

Sun, 21 Dec 2014 12:41:24 nmf.py[line:109]                            INFO Iter: 7	 Loss: 766.570063463	 Delta: 90.7770194915

Sun, 21 Dec 2014 12:41:31 nmf.py[line:109]                            INFO Iter: 8	 Loss: 705.023848962	 Delta: 61.5462145015

Sun, 21 Dec 2014 12:41:37 nmf.py[line:109]                            INFO Iter: 9	 Loss: 663.602969516	 Delta: 41.420879446

Sun, 21 Dec 2014 12:41:45 nmf.py[line:109]                            INFO Iter: 10	 Loss: 635.24052043	 Delta: 28.3624490854

Sun, 21 Dec 2014 12:41:52 nmf.py[line:109]                            INFO Iter: 11	 Loss: 613.077199827	 Delta: 22.1633206037

Sun, 21 Dec 2014 12:41:59 nmf.py[line:109]                            INFO Iter: 12	 Loss: 596.404872576	 Delta: 16.6723272509

Sun, 21 Dec 2014 12:42:07 nmf.py[line:109]                            INFO Iter: 13	 Loss: 583.13333079	 Delta: 13.2715417854

Sun, 21 Dec 2014 12:42:15 nmf.py[line:109]                            INFO Iter: 14	 Loss: 572.048499724	 Delta: 11.084831066

Sun, 21 Dec 2014 12:42:22 nmf.py[line:109]                            INFO Iter: 15	 Loss: 561.104088592	 Delta: 10.944411132

Sun, 21 Dec 2014 12:42:28 nmf.py[line:109]                            INFO Iter: 16	 Loss: 550.105311085	 Delta: 10.9987775072

Sun, 21 Dec 2014 12:42:35 nmf.py[line:109]                            INFO Iter: 17	 Loss: 541.552686375	 Delta: 8.55262471046

Sun, 21 Dec 2014 12:42:42 nmf.py[line:109]                            INFO Iter: 18	 Loss: 534.864316565	 Delta: 6.68836980995

Sun, 21 Dec 2014 12:42:50 nmf.py[line:109]                            INFO Iter: 19	 Loss: 529.271041852	 Delta: 5.59327471317

Sun, 21 Dec 2014 12:42:57 nmf.py[line:109]                            INFO Iter: 20	 Loss: 524.315056614	 Delta: 4.95598523745

Sun, 21 Dec 2014 12:43:04 nmf.py[line:109]                            INFO Iter: 21	 Loss: 520.011582028	 Delta: 4.3034745861

Sun, 21 Dec 2014 12:43:12 nmf.py[line:109]                            INFO Iter: 22	 Loss: 516.160148452	 Delta: 3.85143357563

Sun, 21 Dec 2014 12:43:20 nmf.py[line:109]                            INFO Iter: 23	 Loss: 512.683114666	 Delta: 3.47703378618

Sun, 21 Dec 2014 12:43:27 nmf.py[line:109]                            INFO Iter: 24	 Loss: 509.252486229	 Delta: 3.43062843765

Sun, 21 Dec 2014 12:43:35 nmf.py[line:109]                            INFO Iter: 25	 Loss: 505.027035739	 Delta: 4.22545048973

Sun, 21 Dec 2014 12:43:43 nmf.py[line:109]                            INFO Iter: 26	 Loss: 500.630948599	 Delta: 4.39608714002

Sun, 21 Dec 2014 12:43:51 nmf.py[line:109]                            INFO Iter: 27	 Loss: 496.995901743	 Delta: 3.63504685575

Sun, 21 Dec 2014 12:43:58 nmf.py[line:109]                            INFO Iter: 28	 Loss: 494.81299647	 Delta: 2.18290527303

Sun, 21 Dec 2014 12:44:07 nmf.py[line:109]                            INFO Iter: 29	 Loss: 493.308682654	 Delta: 1.50431381625

Sun, 21 Dec 2014 12:44:15 nmf.py[line:109]                            INFO Iter: 30	 Loss: 491.949028031	 Delta: 1.35965462326

Sun, 21 Dec 2014 12:44:22 nmf.py[line:109]                            INFO Iter: 31	 Loss: 490.551388129	 Delta: 1.39763990192

Sun, 21 Dec 2014 12:44:30 nmf.py[line:109]                            INFO Iter: 32	 Loss: 489.034634385	 Delta: 1.51675374315

Sun, 21 Dec 2014 12:44:37 nmf.py[line:109]                            INFO Iter: 33	 Loss: 487.483705021	 Delta: 1.55092936472

Sun, 21 Dec 2014 12:44:45 nmf.py[line:109]                            INFO Iter: 34	 Loss: 485.977334752	 Delta: 1.50637026858

Sun, 21 Dec 2014 12:44:52 nmf.py[line:109]                            INFO Iter: 35	 Loss: 485.006729192	 Delta: 0.970605560335

Sun, 21 Dec 2014 12:44:52 nmf.py[line:113]                            INFO NMF OK
Sun, 21 Dec 2014 12:44:55 demo_at_tsinghua_filter_by_10.py[line:134]                            INFO [ok]
computing fix_model NMF decomposition...
Sun, 21 Dec 2014 12:44:57 demo_at_tsinghua_filter_by_10.py[line:142]                            INFO non zero cell num: 1665
Sun, 21 Dec 2014 12:45:04 nmf.py[line:109]                            INFO Iter: 1	 Loss: 1668.00089217	 Delta: 998331.999108

Sun, 21 Dec 2014 12:45:10 nmf.py[line:109]                            INFO Iter: 2	 Loss: 1611.03032064	 Delta: 56.9705715288

Sun, 21 Dec 2014 12:45:17 nmf.py[line:109]                            INFO Iter: 3	 Loss: 1437.01347399	 Delta: 174.016846656

Sun, 21 Dec 2014 12:45:24 nmf.py[line:109]                            INFO Iter: 4	 Loss: 1193.24213224	 Delta: 243.771341745

Sun, 21 Dec 2014 12:45:31 nmf.py[line:109]                            INFO Iter: 5	 Loss: 992.502063135	 Delta: 200.740069106

Sun, 21 Dec 2014 12:45:38 nmf.py[line:109]                            INFO Iter: 6	 Loss: 873.341936674	 Delta: 119.160126461

Sun, 21 Dec 2014 12:45:45 nmf.py[line:109]                            INFO Iter: 7	 Loss: 797.045405874	 Delta: 76.2965307999

Sun, 21 Dec 2014 12:45:53 nmf.py[line:109]                            INFO Iter: 8	 Loss: 739.356583245	 Delta: 57.6888226292

Sun, 21 Dec 2014 12:46:01 nmf.py[line:109]                            INFO Iter: 9	 Loss: 694.331392624	 Delta: 45.0251906213

Sun, 21 Dec 2014 12:46:09 nmf.py[line:109]                            INFO Iter: 10	 Loss: 665.103826781	 Delta: 29.2275658428

Sun, 21 Dec 2014 12:46:15 nmf.py[line:109]                            INFO Iter: 11	 Loss: 644.156188551	 Delta: 20.9476382298

Sun, 21 Dec 2014 12:46:21 nmf.py[line:109]                            INFO Iter: 12	 Loss: 625.818360706	 Delta: 18.3378278458

Sun, 21 Dec 2014 12:46:29 nmf.py[line:109]                            INFO Iter: 13	 Loss: 608.6638149	 Delta: 17.1545458051

Sun, 21 Dec 2014 12:46:36 nmf.py[line:109]                            INFO Iter: 14	 Loss: 594.17279247	 Delta: 14.4910224304

Sun, 21 Dec 2014 12:46:44 nmf.py[line:109]                            INFO Iter: 15	 Loss: 583.391279239	 Delta: 10.7815132314

Sun, 21 Dec 2014 12:46:50 nmf.py[line:109]                            INFO Iter: 16	 Loss: 574.50675917	 Delta: 8.884520069

Sun, 21 Dec 2014 12:46:57 nmf.py[line:109]                            INFO Iter: 17	 Loss: 565.996316264	 Delta: 8.5104429057

Sun, 21 Dec 2014 12:47:05 nmf.py[line:109]                            INFO Iter: 18	 Loss: 558.933144272	 Delta: 7.06317199213

Sun, 21 Dec 2014 12:47:12 nmf.py[line:109]                            INFO Iter: 19	 Loss: 553.119777741	 Delta: 5.81336653034

Sun, 21 Dec 2014 12:47:19 nmf.py[line:109]                            INFO Iter: 20	 Loss: 547.816746674	 Delta: 5.30303106709

Sun, 21 Dec 2014 12:47:25 nmf.py[line:109]                            INFO Iter: 21	 Loss: 542.931029091	 Delta: 4.88571758328

Sun, 21 Dec 2014 12:47:31 nmf.py[line:109]                            INFO Iter: 22	 Loss: 538.870963006	 Delta: 4.06006608466

Sun, 21 Dec 2014 12:47:39 nmf.py[line:109]                            INFO Iter: 23	 Loss: 535.349703517	 Delta: 3.52125948918

Sun, 21 Dec 2014 12:47:46 nmf.py[line:109]                            INFO Iter: 24	 Loss: 532.07837399	 Delta: 3.27132952769

Sun, 21 Dec 2014 12:47:53 nmf.py[line:109]                            INFO Iter: 25	 Loss: 528.988595148	 Delta: 3.0897788416

Sun, 21 Dec 2014 12:48:00 nmf.py[line:109]                            INFO Iter: 26	 Loss: 526.1808015	 Delta: 2.80779364793

Sun, 21 Dec 2014 12:48:06 nmf.py[line:109]                            INFO Iter: 27	 Loss: 523.76820269	 Delta: 2.41259881018

Sun, 21 Dec 2014 12:48:12 nmf.py[line:109]                            INFO Iter: 28	 Loss: 521.559708475	 Delta: 2.20849421476

Sun, 21 Dec 2014 12:48:18 nmf.py[line:109]                            INFO Iter: 29	 Loss: 519.028960775	 Delta: 2.53074769985

Sun, 21 Dec 2014 12:48:24 nmf.py[line:109]                            INFO Iter: 30	 Loss: 516.882443117	 Delta: 2.14651765871

Sun, 21 Dec 2014 12:48:29 nmf.py[line:109]                            INFO Iter: 31	 Loss: 514.989737667	 Delta: 1.8927054498

Sun, 21 Dec 2014 12:48:36 nmf.py[line:109]                            INFO Iter: 32	 Loss: 513.266053435	 Delta: 1.72368423182

Sun, 21 Dec 2014 12:48:42 nmf.py[line:109]                            INFO Iter: 33	 Loss: 511.976239379	 Delta: 1.28981405551

Sun, 21 Dec 2014 12:48:48 nmf.py[line:109]                            INFO Iter: 34	 Loss: 511.001982768	 Delta: 0.974256611801

Sun, 21 Dec 2014 12:48:48 nmf.py[line:113]                            INFO NMF OK
Sun, 21 Dec 2014 12:48:50 demo_at_tsinghua_filter_by_10.py[line:148]                            INFO [ok]

Sun, 21 Dec 2014 12:48:50 demo_at_tsinghua_filter_by_10.py[line:150]                            INFO 	 fold_id:0

Sun, 21 Dec 2014 12:48:50 demo_at_tsinghua_filter_by_10.py[line:152]                            INFO 	recall at 10:
Sun, 21 Dec 2014 12:49:10 demo_at_tsinghua_filter_by_10.py[line:177]                            INFO 		t-model NMF :  0.296551954115

Sun, 21 Dec 2014 12:49:10 demo_at_tsinghua_filter_by_10.py[line:178]                            INFO 		f-model NMF :  0.282476323863

Sun, 21 Dec 2014 12:49:10 demo_at_tsinghua_filter_by_10.py[line:179]                            INFO 		JPPCF :  0.295791649993

Sun, 21 Dec 2014 12:49:10 demo_at_tsinghua_filter_by_10.py[line:152]                            INFO 	recall at 50:
Sun, 21 Dec 2014 12:49:32 demo_at_tsinghua_filter_by_10.py[line:177]                            INFO 		t-model NMF :  0.560460851007

Sun, 21 Dec 2014 12:49:32 demo_at_tsinghua_filter_by_10.py[line:178]                            INFO 		f-model NMF :  0.543994264372

Sun, 21 Dec 2014 12:49:32 demo_at_tsinghua_filter_by_10.py[line:179]                            INFO 		JPPCF :  0.529845271442

Sun, 21 Dec 2014 12:49:32 demo_at_tsinghua_filter_by_10.py[line:152]                            INFO 	recall at 100:
Sun, 21 Dec 2014 12:49:54 demo_at_tsinghua_filter_by_10.py[line:177]                            INFO 		t-model NMF :  0.660844337735

Sun, 21 Dec 2014 12:49:54 demo_at_tsinghua_filter_by_10.py[line:178]                            INFO 		f-model NMF :  0.63512404962

Sun, 21 Dec 2014 12:49:54 demo_at_tsinghua_filter_by_10.py[line:179]                            INFO 		JPPCF :  0.651427237562

Sun, 21 Dec 2014 12:49:54 demo_at_tsinghua_filter_by_10.py[line:152]                            INFO 	recall at 300:
Sun, 21 Dec 2014 12:50:14 demo_at_tsinghua_filter_by_10.py[line:177]                            INFO 		t-model NMF :  0.828548085901

Sun, 21 Dec 2014 12:50:14 demo_at_tsinghua_filter_by_10.py[line:178]                            INFO 		f-model NMF :  0.850840336134

Sun, 21 Dec 2014 12:50:14 demo_at_tsinghua_filter_by_10.py[line:179]                            INFO 		JPPCF :  0.783796852074

Sun, 21 Dec 2014 12:50:14 demo_at_tsinghua_filter_by_10.py[line:152]                            INFO 	recall at 500:
Sun, 21 Dec 2014 12:50:36 demo_at_tsinghua_filter_by_10.py[line:177]                            INFO 		t-model NMF :  0.877450980392

Sun, 21 Dec 2014 12:50:36 demo_at_tsinghua_filter_by_10.py[line:178]                            INFO 		f-model NMF :  0.88200280112

Sun, 21 Dec 2014 12:50:36 demo_at_tsinghua_filter_by_10.py[line:179]                            INFO 		JPPCF :  0.865079365079

Sun, 21 Dec 2014 12:50:36 demo_at_tsinghua_filter_by_10.py[line:152]                            INFO 	recall at 1000:
Sun, 21 Dec 2014 12:50:57 demo_at_tsinghua_filter_by_10.py[line:177]                            INFO 		t-model NMF :  0.887955182073

Sun, 21 Dec 2014 12:50:57 demo_at_tsinghua_filter_by_10.py[line:178]                            INFO 		f-model NMF :  0.897759103641

Sun, 21 Dec 2014 12:50:57 demo_at_tsinghua_filter_by_10.py[line:179]                            INFO 		JPPCF :  0.927170868347

Sun, 21 Dec 2014 12:50:57 demo_at_tsinghua_filter_by_10.py[line:181]                            INFO current_time_step: 2

Sun, 21 Dec 2014 12:50:57 demo_at_tsinghua_filter_by_10.py[line:184]                            INFO 	recall at 10:
Sun, 21 Dec 2014 12:50:57 demo_at_tsinghua_filter_by_10.py[line:188]                            INFO 		avg t-model NMF :  0.296551954115

Sun, 21 Dec 2014 12:50:57 demo_at_tsinghua_filter_by_10.py[line:189]                            INFO 		avg f-model NMF :  0.282476323863

Sun, 21 Dec 2014 12:50:57 demo_at_tsinghua_filter_by_10.py[line:190]                            INFO 		avg JPPCF :  0.295791649993

Sun, 21 Dec 2014 12:50:57 demo_at_tsinghua_filter_by_10.py[line:184]                            INFO 	recall at 50:
Sun, 21 Dec 2014 12:50:57 demo_at_tsinghua_filter_by_10.py[line:188]                            INFO 		avg t-model NMF :  0.560460851007

Sun, 21 Dec 2014 12:50:57 demo_at_tsinghua_filter_by_10.py[line:189]                            INFO 		avg f-model NMF :  0.543994264372

Sun, 21 Dec 2014 12:50:57 demo_at_tsinghua_filter_by_10.py[line:190]                            INFO 		avg JPPCF :  0.529845271442

Sun, 21 Dec 2014 12:50:57 demo_at_tsinghua_filter_by_10.py[line:184]                            INFO 	recall at 100:
Sun, 21 Dec 2014 12:50:57 demo_at_tsinghua_filter_by_10.py[line:188]                            INFO 		avg t-model NMF :  0.660844337735

Sun, 21 Dec 2014 12:50:57 demo_at_tsinghua_filter_by_10.py[line:189]                            INFO 		avg f-model NMF :  0.63512404962

Sun, 21 Dec 2014 12:50:57 demo_at_tsinghua_filter_by_10.py[line:190]                            INFO 		avg JPPCF :  0.651427237562

Sun, 21 Dec 2014 12:50:57 demo_at_tsinghua_filter_by_10.py[line:184]                            INFO 	recall at 300:
Sun, 21 Dec 2014 12:50:57 demo_at_tsinghua_filter_by_10.py[line:188]                            INFO 		avg t-model NMF :  0.828548085901

Sun, 21 Dec 2014 12:50:57 demo_at_tsinghua_filter_by_10.py[line:189]                            INFO 		avg f-model NMF :  0.850840336134

Sun, 21 Dec 2014 12:50:57 demo_at_tsinghua_filter_by_10.py[line:190]                            INFO 		avg JPPCF :  0.783796852074

Sun, 21 Dec 2014 12:50:57 demo_at_tsinghua_filter_by_10.py[line:184]                            INFO 	recall at 500:
Sun, 21 Dec 2014 12:50:57 demo_at_tsinghua_filter_by_10.py[line:188]                            INFO 		avg t-model NMF :  0.877450980392

Sun, 21 Dec 2014 12:50:57 demo_at_tsinghua_filter_by_10.py[line:189]                            INFO 		avg f-model NMF :  0.88200280112

Sun, 21 Dec 2014 12:50:57 demo_at_tsinghua_filter_by_10.py[line:190]                            INFO 		avg JPPCF :  0.865079365079

Sun, 21 Dec 2014 12:50:57 demo_at_tsinghua_filter_by_10.py[line:184]                            INFO 	recall at 1000:
Sun, 21 Dec 2014 12:50:57 demo_at_tsinghua_filter_by_10.py[line:188]                            INFO 		avg t-model NMF :  0.887955182073

Sun, 21 Dec 2014 12:50:57 demo_at_tsinghua_filter_by_10.py[line:189]                            INFO 		avg f-model NMF :  0.897759103641

Sun, 21 Dec 2014 12:50:57 demo_at_tsinghua_filter_by_10.py[line:190]                            INFO 		avg JPPCF :  0.927170868347

Sun, 21 Dec 2014 12:50:57 demo_at_tsinghua_filter_by_10.py[line:204]                            INFO =========================

Sun, 21 Dec 2014 12:50:57 demo_at_tsinghua_filter_by_10.py[line:102]                            INFO 
=========================

Sun, 21 Dec 2014 12:50:57 demo_at_tsinghua_filter_by_10.py[line:103]                            INFO time_step number %i:	3
Sun, 21 Dec 2014 12:50:57 demo_at_tsinghua_filter_by_10.py[line:104]                            INFO ----------------

Sun, 21 Dec 2014 12:50:58 demo_at_tsinghua_filter_by_10.py[line:119]                            INFO non zero cell num: 2740
Sun, 21 Dec 2014 12:50:58 demo_at_tsinghua_filter_by_10.py[line:122]                            INFO computing JPP decomposition...
Sun, 21 Dec 2014 12:52:56 JPPCF.py[line:86]                            INFO Iter: 1	 Loss: 5644.86215525	 Delta: 994355.137845

Sun, 21 Dec 2014 12:54:50 JPPCF.py[line:86]                            INFO Iter: 2	 Loss: 5586.52799868	 Delta: 58.3341565726

Sun, 21 Dec 2014 12:56:49 JPPCF.py[line:86]                            INFO Iter: 3	 Loss: 4478.29715924	 Delta: 1108.23083944

Sun, 21 Dec 2014 12:58:43 JPPCF.py[line:86]                            INFO Iter: 4	 Loss: 3876.65289962	 Delta: 601.644259616

Sun, 21 Dec 2014 13:00:41 JPPCF.py[line:86]                            INFO Iter: 5	 Loss: 3368.83549774	 Delta: 507.817401889

Sun, 21 Dec 2014 13:02:35 JPPCF.py[line:86]                            INFO Iter: 6	 Loss: 2922.66519147	 Delta: 446.170306264

Sun, 21 Dec 2014 13:04:31 JPPCF.py[line:86]                            INFO Iter: 7	 Loss: 2570.80126959	 Delta: 351.86392188

Sun, 21 Dec 2014 13:06:29 JPPCF.py[line:86]                            INFO Iter: 8	 Loss: 2311.69275033	 Delta: 259.108519259

Sun, 21 Dec 2014 13:08:23 JPPCF.py[line:86]                            INFO Iter: 9	 Loss: 2127.50060364	 Delta: 184.192146696

Sun, 21 Dec 2014 13:10:17 JPPCF.py[line:86]                            INFO Iter: 10	 Loss: 2014.47558978	 Delta: 113.025013857

Sun, 21 Dec 2014 13:12:13 JPPCF.py[line:86]                            INFO Iter: 11	 Loss: 1929.350669	 Delta: 85.1249207847

Sun, 21 Dec 2014 13:14:09 JPPCF.py[line:86]                            INFO Iter: 12	 Loss: 1870.34415728	 Delta: 59.0065117135

Sun, 21 Dec 2014 13:16:08 JPPCF.py[line:86]                            INFO Iter: 13	 Loss: 1820.04860746	 Delta: 50.2955498261

Sun, 21 Dec 2014 13:18:06 JPPCF.py[line:86]                            INFO Iter: 14	 Loss: 1774.6549744	 Delta: 45.393633051

Sun, 21 Dec 2014 13:20:03 JPPCF.py[line:86]                            INFO Iter: 15	 Loss: 1736.08493978	 Delta: 38.5700346288

Sun, 21 Dec 2014 13:21:57 JPPCF.py[line:86]                            INFO Iter: 16	 Loss: 1703.65122374	 Delta: 32.4337160404

Sun, 21 Dec 2014 13:23:51 JPPCF.py[line:86]                            INFO Iter: 17	 Loss: 1681.02476271	 Delta: 22.6264610256

Sun, 21 Dec 2014 13:25:41 JPPCF.py[line:86]                            INFO Iter: 18	 Loss: 1664.8189248	 Delta: 16.2058379119

Sun, 21 Dec 2014 13:27:29 JPPCF.py[line:86]                            INFO Iter: 19	 Loss: 1650.95056023	 Delta: 13.8683645711

Sun, 21 Dec 2014 13:29:17 JPPCF.py[line:86]                            INFO Iter: 20	 Loss: 1638.02959533	 Delta: 12.9209648959

Sun, 21 Dec 2014 13:31:12 JPPCF.py[line:86]                            INFO Iter: 21	 Loss: 1621.62993649	 Delta: 16.3996588454

Sun, 21 Dec 2014 13:33:12 JPPCF.py[line:86]                            INFO Iter: 22	 Loss: 1609.10651092	 Delta: 12.5234255608

Sun, 21 Dec 2014 13:35:08 JPPCF.py[line:86]                            INFO Iter: 23	 Loss: 1596.10305235	 Delta: 13.0034585702

Sun, 21 Dec 2014 13:37:07 JPPCF.py[line:86]                            INFO Iter: 24	 Loss: 1584.45817604	 Delta: 11.6448763105

Sun, 21 Dec 2014 13:39:02 JPPCF.py[line:86]                            INFO Iter: 25	 Loss: 1572.64108307	 Delta: 11.8170929753

Sun, 21 Dec 2014 13:40:56 JPPCF.py[line:86]                            INFO Iter: 26	 Loss: 1561.76982833	 Delta: 10.8712547361

Sun, 21 Dec 2014 13:42:44 JPPCF.py[line:86]                            INFO Iter: 27	 Loss: 1553.31414185	 Delta: 8.45568648524

Sun, 21 Dec 2014 13:44:39 JPPCF.py[line:86]                            INFO Iter: 28	 Loss: 1544.46269954	 Delta: 8.85144231208

Sun, 21 Dec 2014 13:46:35 JPPCF.py[line:86]                            INFO Iter: 29	 Loss: 1534.19986643	 Delta: 10.2628331023

Sun, 21 Dec 2014 13:48:28 JPPCF.py[line:86]                            INFO Iter: 30	 Loss: 1525.6614781	 Delta: 8.53838832798

Sun, 21 Dec 2014 13:50:22 JPPCF.py[line:86]                            INFO Iter: 31	 Loss: 1518.58265654	 Delta: 7.078821568

Sun, 21 Dec 2014 13:52:17 JPPCF.py[line:86]                            INFO Iter: 32	 Loss: 1512.01194774	 Delta: 6.57070879529

Sun, 21 Dec 2014 13:54:14 JPPCF.py[line:86]                            INFO Iter: 33	 Loss: 1505.00699594	 Delta: 7.00495180587

Sun, 21 Dec 2014 13:56:11 JPPCF.py[line:86]                            INFO Iter: 34	 Loss: 1498.4354328	 Delta: 6.57156313442

Sun, 21 Dec 2014 13:58:06 JPPCF.py[line:86]                            INFO Iter: 35	 Loss: 1491.77716666	 Delta: 6.6582661415

Sun, 21 Dec 2014 14:00:02 JPPCF.py[line:86]                            INFO Iter: 36	 Loss: 1485.60746245	 Delta: 6.16970420503

Sun, 21 Dec 2014 14:01:50 JPPCF.py[line:86]                            INFO Iter: 37	 Loss: 1480.18724494	 Delta: 5.42021751127

Sun, 21 Dec 2014 14:03:41 JPPCF.py[line:86]                            INFO Iter: 38	 Loss: 1474.46823462	 Delta: 5.71901032573

Sun, 21 Dec 2014 14:05:37 JPPCF.py[line:86]                            INFO Iter: 39	 Loss: 1469.10482246	 Delta: 5.36341215554

Sun, 21 Dec 2014 14:07:34 JPPCF.py[line:86]                            INFO Iter: 40	 Loss: 1463.6987418	 Delta: 5.40608066204

Sun, 21 Dec 2014 14:09:29 JPPCF.py[line:86]                            INFO Iter: 41	 Loss: 1458.14208019	 Delta: 5.55666160626

Sun, 21 Dec 2014 14:11:30 JPPCF.py[line:86]                            INFO Iter: 42	 Loss: 1452.58421359	 Delta: 5.55786660565

Sun, 21 Dec 2014 14:13:25 JPPCF.py[line:86]                            INFO Iter: 43	 Loss: 1446.15253894	 Delta: 6.43167464341

Sun, 21 Dec 2014 14:15:18 JPPCF.py[line:86]                            INFO Iter: 44	 Loss: 1440.30600807	 Delta: 5.84653087818

Sun, 21 Dec 2014 14:17:12 JPPCF.py[line:86]                            INFO Iter: 45	 Loss: 1436.77388466	 Delta: 3.53212340732

Sun, 21 Dec 2014 14:19:05 JPPCF.py[line:86]                            INFO Iter: 46	 Loss: 1434.43927676	 Delta: 2.33460789563

Sun, 21 Dec 2014 14:21:02 JPPCF.py[line:86]                            INFO Iter: 47	 Loss: 1432.68109955	 Delta: 1.75817721749

Sun, 21 Dec 2014 14:22:59 JPPCF.py[line:86]                            INFO Iter: 48	 Loss: 1430.57991249	 Delta: 2.10118705729

Sun, 21 Dec 2014 14:24:56 JPPCF.py[line:86]                            INFO Iter: 49	 Loss: 1429.17316034	 Delta: 1.40675214887

Sun, 21 Dec 2014 14:26:52 JPPCF.py[line:86]                            INFO Iter: 50	 Loss: 1427.60633101	 Delta: 1.56682933182

Sun, 21 Dec 2014 14:28:47 JPPCF.py[line:86]                            INFO Iter: 51	 Loss: 1425.5871349	 Delta: 2.01919611005

Sun, 21 Dec 2014 14:30:42 JPPCF.py[line:86]                            INFO Iter: 52	 Loss: 1423.70103297	 Delta: 1.88610193214

Sun, 21 Dec 2014 14:32:37 JPPCF.py[line:86]                            INFO Iter: 53	 Loss: 1422.46736217	 Delta: 1.23367080041

Sun, 21 Dec 2014 14:34:33 JPPCF.py[line:86]                            INFO Iter: 54	 Loss: 1422.01441252	 Delta: 0.452949648887

Sun, 21 Dec 2014 14:34:33 JPPCF.py[line:88]                            INFO JPPCF OK

Sun, 21 Dec 2014 14:34:35 demo_at_tsinghua_filter_by_10.py[line:128]                            INFO [ok]
computing t-model NMF decomposition...
Sun, 21 Dec 2014 14:34:41 nmf.py[line:109]                            INFO Iter: 1	 Loss: 2745.84651402	 Delta: 997254.153486

Sun, 21 Dec 2014 14:34:46 nmf.py[line:109]                            INFO Iter: 2	 Loss: 2599.52228045	 Delta: 146.324233574

Sun, 21 Dec 2014 14:34:52 nmf.py[line:109]                            INFO Iter: 3	 Loss: 2391.35864905	 Delta: 208.163631401

Sun, 21 Dec 2014 14:34:58 nmf.py[line:109]                            INFO Iter: 4	 Loss: 2136.41800078	 Delta: 254.940648271

Sun, 21 Dec 2014 14:35:03 nmf.py[line:109]                            INFO Iter: 5	 Loss: 1864.86524328	 Delta: 271.552757499

Sun, 21 Dec 2014 14:35:09 nmf.py[line:109]                            INFO Iter: 6	 Loss: 1664.09238693	 Delta: 200.772856355

Sun, 21 Dec 2014 14:35:14 nmf.py[line:109]                            INFO Iter: 7	 Loss: 1525.12309879	 Delta: 138.969288141

Sun, 21 Dec 2014 14:35:19 nmf.py[line:109]                            INFO Iter: 8	 Loss: 1419.29207046	 Delta: 105.831028326

Sun, 21 Dec 2014 14:35:25 nmf.py[line:109]                            INFO Iter: 9	 Loss: 1336.92543982	 Delta: 82.3666306411

Sun, 21 Dec 2014 14:35:31 nmf.py[line:109]                            INFO Iter: 10	 Loss: 1268.92615502	 Delta: 67.9992848

Sun, 21 Dec 2014 14:35:37 nmf.py[line:109]                            INFO Iter: 11	 Loss: 1217.72313497	 Delta: 51.2030200481

Sun, 21 Dec 2014 14:35:42 nmf.py[line:109]                            INFO Iter: 12	 Loss: 1180.95050888	 Delta: 36.7726260876

Sun, 21 Dec 2014 14:35:49 nmf.py[line:109]                            INFO Iter: 13	 Loss: 1151.53893196	 Delta: 29.4115769188

Sun, 21 Dec 2014 14:35:55 nmf.py[line:109]                            INFO Iter: 14	 Loss: 1128.72834392	 Delta: 22.8105880404

Sun, 21 Dec 2014 14:36:02 nmf.py[line:109]                            INFO Iter: 15	 Loss: 1113.15336897	 Delta: 15.5749749565

Sun, 21 Dec 2014 14:36:08 nmf.py[line:109]                            INFO Iter: 16	 Loss: 1101.49103813	 Delta: 11.6623308415

Sun, 21 Dec 2014 14:36:14 nmf.py[line:109]                            INFO Iter: 17	 Loss: 1093.14166772	 Delta: 8.34937040254

Sun, 21 Dec 2014 14:36:19 nmf.py[line:109]                            INFO Iter: 18	 Loss: 1086.89280543	 Delta: 6.24886228848

Sun, 21 Dec 2014 14:36:25 nmf.py[line:109]                            INFO Iter: 19	 Loss: 1081.66873688	 Delta: 5.22406855615

Sun, 21 Dec 2014 14:36:31 nmf.py[line:109]                            INFO Iter: 20	 Loss: 1076.98018983	 Delta: 4.68854704994

Sun, 21 Dec 2014 14:36:38 nmf.py[line:109]                            INFO Iter: 21	 Loss: 1072.60719446	 Delta: 4.37299537198

Sun, 21 Dec 2014 14:36:44 nmf.py[line:109]                            INFO Iter: 22	 Loss: 1068.21521891	 Delta: 4.39197554758

Sun, 21 Dec 2014 14:36:50 nmf.py[line:109]                            INFO Iter: 23	 Loss: 1064.34200843	 Delta: 3.87321048027

Sun, 21 Dec 2014 14:36:56 nmf.py[line:109]                            INFO Iter: 24	 Loss: 1061.20755087	 Delta: 3.13445755878

Sun, 21 Dec 2014 14:37:02 nmf.py[line:109]                            INFO Iter: 25	 Loss: 1058.47281827	 Delta: 2.73473259729

Sun, 21 Dec 2014 14:37:08 nmf.py[line:109]                            INFO Iter: 26	 Loss: 1056.17880167	 Delta: 2.29401659767

Sun, 21 Dec 2014 14:37:14 nmf.py[line:109]                            INFO Iter: 27	 Loss: 1054.34033113	 Delta: 1.83847054288

Sun, 21 Dec 2014 14:37:20 nmf.py[line:109]                            INFO Iter: 28	 Loss: 1052.49189477	 Delta: 1.84843636126

Sun, 21 Dec 2014 14:37:26 nmf.py[line:109]                            INFO Iter: 29	 Loss: 1050.51054884	 Delta: 1.9813459334

Sun, 21 Dec 2014 14:37:32 nmf.py[line:109]                            INFO Iter: 30	 Loss: 1048.46185997	 Delta: 2.0486888657

Sun, 21 Dec 2014 14:37:37 nmf.py[line:109]                            INFO Iter: 31	 Loss: 1046.05340061	 Delta: 2.40845936004

Sun, 21 Dec 2014 14:37:43 nmf.py[line:109]                            INFO Iter: 32	 Loss: 1044.13158078	 Delta: 1.92181983223

Sun, 21 Dec 2014 14:37:49 nmf.py[line:109]                            INFO Iter: 33	 Loss: 1042.33566312	 Delta: 1.79591766209

Sun, 21 Dec 2014 14:37:56 nmf.py[line:109]                            INFO Iter: 34	 Loss: 1040.41000479	 Delta: 1.92565833002

Sun, 21 Dec 2014 14:38:01 nmf.py[line:109]                            INFO Iter: 35	 Loss: 1038.7238764	 Delta: 1.68612838568

Sun, 21 Dec 2014 14:38:07 nmf.py[line:109]                            INFO Iter: 36	 Loss: 1037.2163371	 Delta: 1.50753930507

Sun, 21 Dec 2014 14:38:13 nmf.py[line:109]                            INFO Iter: 37	 Loss: 1035.8690735	 Delta: 1.34726359309

Sun, 21 Dec 2014 14:38:19 nmf.py[line:109]                            INFO Iter: 38	 Loss: 1034.55143239	 Delta: 1.31764111332

Sun, 21 Dec 2014 14:38:25 nmf.py[line:109]                            INFO Iter: 39	 Loss: 1033.19635293	 Delta: 1.35507945856

Sun, 21 Dec 2014 14:38:30 nmf.py[line:109]                            INFO Iter: 40	 Loss: 1031.92173674	 Delta: 1.27461618741

Sun, 21 Dec 2014 14:38:37 nmf.py[line:109]                            INFO Iter: 41	 Loss: 1031.02335033	 Delta: 0.898386410924

Sun, 21 Dec 2014 14:38:37 nmf.py[line:113]                            INFO NMF OK
Sun, 21 Dec 2014 14:38:39 demo_at_tsinghua_filter_by_10.py[line:134]                            INFO [ok]
computing fix_model NMF decomposition...
Sun, 21 Dec 2014 14:38:40 demo_at_tsinghua_filter_by_10.py[line:142]                            INFO non zero cell num: 4612
Sun, 21 Dec 2014 14:38:46 nmf.py[line:109]                            INFO Iter: 1	 Loss: 4624.11933662	 Delta: 995375.880663

Sun, 21 Dec 2014 14:38:52 nmf.py[line:109]                            INFO Iter: 2	 Loss: 4424.09026346	 Delta: 200.029073155

Sun, 21 Dec 2014 14:38:58 nmf.py[line:109]                            INFO Iter: 3	 Loss: 4168.46844961	 Delta: 255.621813851

Sun, 21 Dec 2014 14:39:04 nmf.py[line:109]                            INFO Iter: 4	 Loss: 3670.1536836	 Delta: 498.31476601

Sun, 21 Dec 2014 14:39:10 nmf.py[line:109]                            INFO Iter: 5	 Loss: 3246.40026673	 Delta: 423.753416868

Sun, 21 Dec 2014 14:39:16 nmf.py[line:109]                            INFO Iter: 6	 Loss: 2917.73419047	 Delta: 328.666076263

Sun, 21 Dec 2014 14:39:21 nmf.py[line:109]                            INFO Iter: 7	 Loss: 2671.93759228	 Delta: 245.796598195

Sun, 21 Dec 2014 14:39:27 nmf.py[line:109]                            INFO Iter: 8	 Loss: 2496.62635027	 Delta: 175.311242008

Sun, 21 Dec 2014 14:39:33 nmf.py[line:109]                            INFO Iter: 9	 Loss: 2367.87918337	 Delta: 128.747166899

Sun, 21 Dec 2014 14:39:38 nmf.py[line:109]                            INFO Iter: 10	 Loss: 2268.25679411	 Delta: 99.6223892601

Sun, 21 Dec 2014 14:39:44 nmf.py[line:109]                            INFO Iter: 11	 Loss: 2191.97398614	 Delta: 76.2828079671

Sun, 21 Dec 2014 14:39:50 nmf.py[line:109]                            INFO Iter: 12	 Loss: 2132.66096926	 Delta: 59.3130168805

Sun, 21 Dec 2014 14:39:57 nmf.py[line:109]                            INFO Iter: 13	 Loss: 2085.7175107	 Delta: 46.9434585602

Sun, 21 Dec 2014 14:40:03 nmf.py[line:109]                            INFO Iter: 14	 Loss: 2050.0474374	 Delta: 35.6700732991

Sun, 21 Dec 2014 14:40:10 nmf.py[line:109]                            INFO Iter: 15	 Loss: 2023.15716287	 Delta: 26.89027453

Sun, 21 Dec 2014 14:40:16 nmf.py[line:109]                            INFO Iter: 16	 Loss: 2001.51545693	 Delta: 21.6417059419

Sun, 21 Dec 2014 14:40:23 nmf.py[line:109]                            INFO Iter: 17	 Loss: 1981.75170784	 Delta: 19.7637490865

Sun, 21 Dec 2014 14:40:30 nmf.py[line:109]                            INFO Iter: 18	 Loss: 1963.79752332	 Delta: 17.9541845247

Sun, 21 Dec 2014 14:40:37 nmf.py[line:109]                            INFO Iter: 19	 Loss: 1948.45454851	 Delta: 15.3429748061

Sun, 21 Dec 2014 14:40:44 nmf.py[line:109]                            INFO Iter: 20	 Loss: 1934.96242621	 Delta: 13.4921223019

Sun, 21 Dec 2014 14:40:50 nmf.py[line:109]                            INFO Iter: 21	 Loss: 1922.24242155	 Delta: 12.7200046554

Sun, 21 Dec 2014 14:40:57 nmf.py[line:109]                            INFO Iter: 22	 Loss: 1910.79335525	 Delta: 11.4490663015

Sun, 21 Dec 2014 14:41:03 nmf.py[line:109]                            INFO Iter: 23	 Loss: 1900.87128454	 Delta: 9.92207071686

Sun, 21 Dec 2014 14:41:10 nmf.py[line:109]                            INFO Iter: 24	 Loss: 1892.68939696	 Delta: 8.18188758054

Sun, 21 Dec 2014 14:41:17 nmf.py[line:109]                            INFO Iter: 25	 Loss: 1886.39404876	 Delta: 6.29534819902

Sun, 21 Dec 2014 14:41:23 nmf.py[line:109]                            INFO Iter: 26	 Loss: 1881.08335612	 Delta: 5.31069263998

Sun, 21 Dec 2014 14:41:29 nmf.py[line:109]                            INFO Iter: 27	 Loss: 1876.49484381	 Delta: 4.58851230774

Sun, 21 Dec 2014 14:41:35 nmf.py[line:109]                            INFO Iter: 28	 Loss: 1872.82564027	 Delta: 3.66920353984

Sun, 21 Dec 2014 14:41:41 nmf.py[line:109]                            INFO Iter: 29	 Loss: 1869.80617157	 Delta: 3.01946869398

Sun, 21 Dec 2014 14:41:47 nmf.py[line:109]                            INFO Iter: 30	 Loss: 1867.19910027	 Delta: 2.60707130267

Sun, 21 Dec 2014 14:41:53 nmf.py[line:109]                            INFO Iter: 31	 Loss: 1864.76524612	 Delta: 2.43385415597

Sun, 21 Dec 2014 14:41:59 nmf.py[line:109]                            INFO Iter: 32	 Loss: 1862.16913562	 Delta: 2.59611050037

Sun, 21 Dec 2014 14:42:05 nmf.py[line:109]                            INFO Iter: 33	 Loss: 1859.88644633	 Delta: 2.28268928614

Sun, 21 Dec 2014 14:42:12 nmf.py[line:109]                            INFO Iter: 34	 Loss: 1858.23111608	 Delta: 1.65533025109

Sun, 21 Dec 2014 14:42:17 nmf.py[line:109]                            INFO Iter: 35	 Loss: 1856.84179823	 Delta: 1.38931784997

Sun, 21 Dec 2014 14:42:24 nmf.py[line:109]                            INFO Iter: 36	 Loss: 1855.74907218	 Delta: 1.09272604507

Sun, 21 Dec 2014 14:42:30 nmf.py[line:109]                            INFO Iter: 37	 Loss: 1854.79249488	 Delta: 0.956577300835

Sun, 21 Dec 2014 14:42:30 nmf.py[line:113]                            INFO NMF OK
Sun, 21 Dec 2014 14:42:32 demo_at_tsinghua_filter_by_10.py[line:148]                            INFO [ok]

Sun, 21 Dec 2014 14:42:32 demo_at_tsinghua_filter_by_10.py[line:150]                            INFO 	 fold_id:0

Sun, 21 Dec 2014 14:42:32 demo_at_tsinghua_filter_by_10.py[line:152]                            INFO 	recall at 10:
Sun, 21 Dec 2014 14:43:14 demo_at_tsinghua_filter_by_10.py[line:177]                            INFO 		t-model NMF :  0.283208563727

Sun, 21 Dec 2014 14:43:14 demo_at_tsinghua_filter_by_10.py[line:178]                            INFO 		f-model NMF :  0.205507544726

Sun, 21 Dec 2014 14:43:14 demo_at_tsinghua_filter_by_10.py[line:179]                            INFO 		JPPCF :  0.256562310863

Sun, 21 Dec 2014 14:43:14 demo_at_tsinghua_filter_by_10.py[line:152]                            INFO 	recall at 50:
Sun, 21 Dec 2014 14:43:56 demo_at_tsinghua_filter_by_10.py[line:177]                            INFO 		t-model NMF :  0.499408295803

Sun, 21 Dec 2014 14:43:56 demo_at_tsinghua_filter_by_10.py[line:178]                            INFO 		f-model NMF :  0.467573920785

Sun, 21 Dec 2014 14:43:56 demo_at_tsinghua_filter_by_10.py[line:179]                            INFO 		JPPCF :  0.491334488604

Sun, 21 Dec 2014 14:43:56 demo_at_tsinghua_filter_by_10.py[line:152]                            INFO 	recall at 100:
Sun, 21 Dec 2014 14:44:37 demo_at_tsinghua_filter_by_10.py[line:177]                            INFO 		t-model NMF :  0.602928208922

Sun, 21 Dec 2014 14:44:37 demo_at_tsinghua_filter_by_10.py[line:178]                            INFO 		f-model NMF :  0.575536926685

Sun, 21 Dec 2014 14:44:37 demo_at_tsinghua_filter_by_10.py[line:179]                            INFO 		JPPCF :  0.623996682402

Sun, 21 Dec 2014 14:44:37 demo_at_tsinghua_filter_by_10.py[line:152]                            INFO 	recall at 300:
Sun, 21 Dec 2014 14:45:18 demo_at_tsinghua_filter_by_10.py[line:177]                            INFO 		t-model NMF :  0.782542568208

Sun, 21 Dec 2014 14:45:18 demo_at_tsinghua_filter_by_10.py[line:178]                            INFO 		f-model NMF :  0.759170586993

Sun, 21 Dec 2014 14:45:18 demo_at_tsinghua_filter_by_10.py[line:179]                            INFO 		JPPCF :  0.76204719682

Sun, 21 Dec 2014 14:45:18 demo_at_tsinghua_filter_by_10.py[line:152]                            INFO 	recall at 500:
Sun, 21 Dec 2014 14:45:58 demo_at_tsinghua_filter_by_10.py[line:177]                            INFO 		t-model NMF :  0.843981834174

Sun, 21 Dec 2014 14:45:58 demo_at_tsinghua_filter_by_10.py[line:178]                            INFO 		f-model NMF :  0.872888125734

Sun, 21 Dec 2014 14:45:58 demo_at_tsinghua_filter_by_10.py[line:179]                            INFO 		JPPCF :  0.843031821979

Sun, 21 Dec 2014 14:45:58 demo_at_tsinghua_filter_by_10.py[line:152]                            INFO 	recall at 1000:
Sun, 21 Dec 2014 14:46:41 demo_at_tsinghua_filter_by_10.py[line:177]                            INFO 		t-model NMF :  0.908915460457

Sun, 21 Dec 2014 14:46:41 demo_at_tsinghua_filter_by_10.py[line:178]                            INFO 		f-model NMF :  0.967503861777

Sun, 21 Dec 2014 14:46:41 demo_at_tsinghua_filter_by_10.py[line:179]                            INFO 		JPPCF :  0.932557163835

Sun, 21 Dec 2014 14:46:41 demo_at_tsinghua_filter_by_10.py[line:181]                            INFO current_time_step: 3

Sun, 21 Dec 2014 14:46:41 demo_at_tsinghua_filter_by_10.py[line:184]                            INFO 	recall at 10:
Sun, 21 Dec 2014 14:46:41 demo_at_tsinghua_filter_by_10.py[line:188]                            INFO 		avg t-model NMF :  0.283208563727

Sun, 21 Dec 2014 14:46:41 demo_at_tsinghua_filter_by_10.py[line:189]                            INFO 		avg f-model NMF :  0.205507544726

Sun, 21 Dec 2014 14:46:41 demo_at_tsinghua_filter_by_10.py[line:190]                            INFO 		avg JPPCF :  0.256562310863

Sun, 21 Dec 2014 14:46:41 demo_at_tsinghua_filter_by_10.py[line:184]                            INFO 	recall at 50:
Sun, 21 Dec 2014 14:46:41 demo_at_tsinghua_filter_by_10.py[line:188]                            INFO 		avg t-model NMF :  0.499408295803

Sun, 21 Dec 2014 14:46:41 demo_at_tsinghua_filter_by_10.py[line:189]                            INFO 		avg f-model NMF :  0.467573920785

Sun, 21 Dec 2014 14:46:41 demo_at_tsinghua_filter_by_10.py[line:190]                            INFO 		avg JPPCF :  0.491334488604

Sun, 21 Dec 2014 14:46:41 demo_at_tsinghua_filter_by_10.py[line:184]                            INFO 	recall at 100:
Sun, 21 Dec 2014 14:46:41 demo_at_tsinghua_filter_by_10.py[line:188]                            INFO 		avg t-model NMF :  0.602928208922

Sun, 21 Dec 2014 14:46:41 demo_at_tsinghua_filter_by_10.py[line:189]                            INFO 		avg f-model NMF :  0.575536926685

Sun, 21 Dec 2014 14:46:41 demo_at_tsinghua_filter_by_10.py[line:190]                            INFO 		avg JPPCF :  0.623996682402

Sun, 21 Dec 2014 14:46:41 demo_at_tsinghua_filter_by_10.py[line:184]                            INFO 	recall at 300:
Sun, 21 Dec 2014 14:46:41 demo_at_tsinghua_filter_by_10.py[line:188]                            INFO 		avg t-model NMF :  0.782542568208

Sun, 21 Dec 2014 14:46:41 demo_at_tsinghua_filter_by_10.py[line:189]                            INFO 		avg f-model NMF :  0.759170586993

Sun, 21 Dec 2014 14:46:41 demo_at_tsinghua_filter_by_10.py[line:190]                            INFO 		avg JPPCF :  0.76204719682

Sun, 21 Dec 2014 14:46:41 demo_at_tsinghua_filter_by_10.py[line:184]                            INFO 	recall at 500:
Sun, 21 Dec 2014 14:46:41 demo_at_tsinghua_filter_by_10.py[line:188]                            INFO 		avg t-model NMF :  0.843981834174

Sun, 21 Dec 2014 14:46:41 demo_at_tsinghua_filter_by_10.py[line:189]                            INFO 		avg f-model NMF :  0.872888125734

Sun, 21 Dec 2014 14:46:41 demo_at_tsinghua_filter_by_10.py[line:190]                            INFO 		avg JPPCF :  0.843031821979

Sun, 21 Dec 2014 14:46:41 demo_at_tsinghua_filter_by_10.py[line:184]                            INFO 	recall at 1000:
Sun, 21 Dec 2014 14:46:41 demo_at_tsinghua_filter_by_10.py[line:188]                            INFO 		avg t-model NMF :  0.908915460457

Sun, 21 Dec 2014 14:46:41 demo_at_tsinghua_filter_by_10.py[line:189]                            INFO 		avg f-model NMF :  0.967503861777

Sun, 21 Dec 2014 14:46:41 demo_at_tsinghua_filter_by_10.py[line:190]                            INFO 		avg JPPCF :  0.932557163835

Sun, 21 Dec 2014 14:46:41 demo_at_tsinghua_filter_by_10.py[line:204]                            INFO =========================

Sun, 21 Dec 2014 14:46:41 demo_at_tsinghua_filter_by_10.py[line:102]                            INFO 
=========================

Sun, 21 Dec 2014 14:46:41 demo_at_tsinghua_filter_by_10.py[line:103]                            INFO time_step number %i:	4
Sun, 21 Dec 2014 14:46:41 demo_at_tsinghua_filter_by_10.py[line:104]                            INFO ----------------

Sun, 21 Dec 2014 14:46:42 demo_at_tsinghua_filter_by_10.py[line:119]                            INFO non zero cell num: 2707
Sun, 21 Dec 2014 14:46:42 demo_at_tsinghua_filter_by_10.py[line:122]                            INFO computing JPP decomposition...
Sun, 21 Dec 2014 14:48:39 JPPCF.py[line:86]                            INFO Iter: 1	 Loss: 5580.05900126	 Delta: 994419.940999

Sun, 21 Dec 2014 14:50:38 JPPCF.py[line:86]                            INFO Iter: 2	 Loss: 5547.46150312	 Delta: 32.5974981423

Sun, 21 Dec 2014 14:52:34 JPPCF.py[line:86]                            INFO Iter: 3	 Loss: 4451.40204158	 Delta: 1096.05946154

Sun, 21 Dec 2014 14:54:31 JPPCF.py[line:86]                            INFO Iter: 4	 Loss: 4047.0186638	 Delta: 404.38337778

Sun, 21 Dec 2014 14:56:25 JPPCF.py[line:86]                            INFO Iter: 5	 Loss: 3535.08793734	 Delta: 511.930726464

Sun, 21 Dec 2014 14:58:20 JPPCF.py[line:86]                            INFO Iter: 6	 Loss: 3132.0674027	 Delta: 403.020534638

Sun, 21 Dec 2014 15:00:19 JPPCF.py[line:86]                            INFO Iter: 7	 Loss: 2826.33929003	 Delta: 305.728112674

Sun, 21 Dec 2014 15:02:18 JPPCF.py[line:86]                            INFO Iter: 8	 Loss: 2579.75072213	 Delta: 246.5885679

Sun, 21 Dec 2014 15:04:17 JPPCF.py[line:86]                            INFO Iter: 9	 Loss: 2374.41195397	 Delta: 205.338768161

Sun, 21 Dec 2014 15:06:14 JPPCF.py[line:86]                            INFO Iter: 10	 Loss: 2182.7800399	 Delta: 191.631914062

Sun, 21 Dec 2014 15:08:10 JPPCF.py[line:86]                            INFO Iter: 11	 Loss: 2012.25939094	 Delta: 170.520648969

Sun, 21 Dec 2014 15:10:03 JPPCF.py[line:86]                            INFO Iter: 12	 Loss: 1864.35568021	 Delta: 147.903710724

Sun, 21 Dec 2014 15:11:55 JPPCF.py[line:86]                            INFO Iter: 13	 Loss: 1761.5616326	 Delta: 102.794047607

Sun, 21 Dec 2014 15:13:45 JPPCF.py[line:86]                            INFO Iter: 14	 Loss: 1693.79304103	 Delta: 67.7685915752

Sun, 21 Dec 2014 15:15:39 JPPCF.py[line:86]                            INFO Iter: 15	 Loss: 1638.96408515	 Delta: 54.82895588

Sun, 21 Dec 2014 15:17:34 JPPCF.py[line:86]                            INFO Iter: 16	 Loss: 1594.36348037	 Delta: 44.6006047763

Sun, 21 Dec 2014 15:19:30 JPPCF.py[line:86]                            INFO Iter: 17	 Loss: 1558.84773425	 Delta: 35.5157461257

Sun, 21 Dec 2014 15:21:26 JPPCF.py[line:86]                            INFO Iter: 18	 Loss: 1532.6535132	 Delta: 26.1942210451

Sun, 21 Dec 2014 15:23:24 JPPCF.py[line:86]                            INFO Iter: 19	 Loss: 1512.50147624	 Delta: 20.1520369582

Sun, 21 Dec 2014 15:25:18 JPPCF.py[line:86]                            INFO Iter: 20	 Loss: 1492.04219326	 Delta: 20.4592829798

Sun, 21 Dec 2014 15:27:10 JPPCF.py[line:86]                            INFO Iter: 21	 Loss: 1473.04908838	 Delta: 18.9931048871

Sun, 21 Dec 2014 15:29:03 JPPCF.py[line:86]                            INFO Iter: 22	 Loss: 1456.13607624	 Delta: 16.9130121388

Sun, 21 Dec 2014 15:30:59 JPPCF.py[line:86]                            INFO Iter: 23	 Loss: 1442.33575883	 Delta: 13.800317408

Sun, 21 Dec 2014 15:32:52 JPPCF.py[line:86]                            INFO Iter: 24	 Loss: 1428.55451971	 Delta: 13.7812391144

Sun, 21 Dec 2014 15:34:45 JPPCF.py[line:86]                            INFO Iter: 25	 Loss: 1417.0367447	 Delta: 11.5177750103

Sun, 21 Dec 2014 15:36:41 JPPCF.py[line:86]                            INFO Iter: 26	 Loss: 1408.86714385	 Delta: 8.16960085582

Sun, 21 Dec 2014 15:38:33 JPPCF.py[line:86]                            INFO Iter: 27	 Loss: 1401.92413238	 Delta: 6.94301146849

Sun, 21 Dec 2014 15:40:26 JPPCF.py[line:86]                            INFO Iter: 28	 Loss: 1396.14730219	 Delta: 5.77683018844

Sun, 21 Dec 2014 15:42:19 JPPCF.py[line:86]                            INFO Iter: 29	 Loss: 1390.63294282	 Delta: 5.51435936863

Sun, 21 Dec 2014 15:44:16 JPPCF.py[line:86]                            INFO Iter: 30	 Loss: 1385.40192843	 Delta: 5.23101438811

Sun, 21 Dec 2014 15:46:12 JPPCF.py[line:86]                            INFO Iter: 31	 Loss: 1379.47545757	 Delta: 5.92647086091

Sun, 21 Dec 2014 15:48:08 JPPCF.py[line:86]                            INFO Iter: 32	 Loss: 1373.08770137	 Delta: 6.3877562002

