Sun, 21 Dec 2014 10:47:17 demo_at_tsinghua_filter_by_10.py[line:82]                            INFO user num: 3431

Sun, 21 Dec 2014 10:47:17 demo_at_tsinghua_filter_by_10.py[line:83]                            INFO doc num: 7710

Sun, 21 Dec 2014 10:47:17 demo_at_tsinghua_filter_by_10.py[line:84]                            INFO time step num: 20

Sun, 21 Dec 2014 10:47:18 demo_at_tsinghua_filter_by_10.py[line:91]                            INFO non zero cell num: 1338
Sun, 21 Dec 2014 10:47:18 demo_at_tsinghua_filter_by_10.py[line:92]                            INFO start nmf:

Sun, 21 Dec 2014 10:47:24 nmf.py[line:109]                            INFO Iter: 1	 Loss: 1341.5042821	 Delta: 998658.495718

Sun, 21 Dec 2014 10:47:30 nmf.py[line:109]                            INFO Iter: 2	 Loss: 1202.13751918	 Delta: 139.366762928

Sun, 21 Dec 2014 10:47:36 nmf.py[line:109]                            INFO Iter: 3	 Loss: 1058.68523614	 Delta: 143.452283038

Sun, 21 Dec 2014 10:47:41 nmf.py[line:109]                            INFO Iter: 4	 Loss: 843.454361664	 Delta: 215.230874474

Sun, 21 Dec 2014 10:47:48 nmf.py[line:109]                            INFO Iter: 5	 Loss: 692.806139736	 Delta: 150.648221928

Sun, 21 Dec 2014 10:47:54 nmf.py[line:109]                            INFO Iter: 6	 Loss: 569.701498302	 Delta: 123.104641434

Sun, 21 Dec 2014 10:48:00 nmf.py[line:109]                            INFO Iter: 7	 Loss: 487.41031827	 Delta: 82.2911800319

Sun, 21 Dec 2014 10:48:07 nmf.py[line:109]                            INFO Iter: 8	 Loss: 428.175897921	 Delta: 59.2344203499

Sun, 21 Dec 2014 10:48:13 nmf.py[line:109]                            INFO Iter: 9	 Loss: 382.933166546	 Delta: 45.2427313743

Sun, 21 Dec 2014 10:48:18 nmf.py[line:109]                            INFO Iter: 10	 Loss: 347.16063047	 Delta: 35.7725360767

Sun, 21 Dec 2014 10:48:24 nmf.py[line:109]                            INFO Iter: 11	 Loss: 319.396059502	 Delta: 27.7645709675

Sun, 21 Dec 2014 10:48:29 nmf.py[line:109]                            INFO Iter: 12	 Loss: 298.66930875	 Delta: 20.7267507521

Sun, 21 Dec 2014 10:48:35 nmf.py[line:109]                            INFO Iter: 13	 Loss: 284.289233894	 Delta: 14.3800748562

Sun, 21 Dec 2014 10:48:41 nmf.py[line:109]                            INFO Iter: 14	 Loss: 273.511808843	 Delta: 10.7774250505

Sun, 21 Dec 2014 10:48:47 nmf.py[line:109]                            INFO Iter: 15	 Loss: 264.928650319	 Delta: 8.58315852454

Sun, 21 Dec 2014 10:48:53 nmf.py[line:109]                            INFO Iter: 16	 Loss: 257.735233728	 Delta: 7.19341659053

Sun, 21 Dec 2014 10:48:59 nmf.py[line:109]                            INFO Iter: 17	 Loss: 251.873631422	 Delta: 5.86160230588

Sun, 21 Dec 2014 10:49:06 nmf.py[line:109]                            INFO Iter: 18	 Loss: 247.05209563	 Delta: 4.82153579226

Sun, 21 Dec 2014 10:49:12 nmf.py[line:109]                            INFO Iter: 19	 Loss: 242.958411804	 Delta: 4.09368382637

Sun, 21 Dec 2014 10:49:18 nmf.py[line:109]                            INFO Iter: 20	 Loss: 239.549618551	 Delta: 3.40879325252

Sun, 21 Dec 2014 10:49:24 nmf.py[line:109]                            INFO Iter: 21	 Loss: 236.784513842	 Delta: 2.76510470954

Sun, 21 Dec 2014 10:49:30 nmf.py[line:109]                            INFO Iter: 22	 Loss: 234.361384707	 Delta: 2.42312913463

Sun, 21 Dec 2014 10:49:36 nmf.py[line:109]                            INFO Iter: 23	 Loss: 231.503562076	 Delta: 2.85782263115

Sun, 21 Dec 2014 10:49:43 nmf.py[line:109]                            INFO Iter: 24	 Loss: 228.452182632	 Delta: 3.0513794439

Sun, 21 Dec 2014 10:49:49 nmf.py[line:109]                            INFO Iter: 25	 Loss: 225.64621513	 Delta: 2.80596750171

Sun, 21 Dec 2014 10:49:55 nmf.py[line:109]                            INFO Iter: 26	 Loss: 222.713648863	 Delta: 2.93256626692

Sun, 21 Dec 2014 10:50:02 nmf.py[line:109]                            INFO Iter: 27	 Loss: 219.657030944	 Delta: 3.05661791952

Sun, 21 Dec 2014 10:50:08 nmf.py[line:109]                            INFO Iter: 28	 Loss: 217.09445319	 Delta: 2.56257775389

Sun, 21 Dec 2014 10:50:14 nmf.py[line:109]                            INFO Iter: 29	 Loss: 214.968560342	 Delta: 2.12589284765

Sun, 21 Dec 2014 10:50:20 nmf.py[line:109]                            INFO Iter: 30	 Loss: 213.057954903	 Delta: 1.9106054389

Sun, 21 Dec 2014 10:50:26 nmf.py[line:109]                            INFO Iter: 31	 Loss: 211.290154973	 Delta: 1.76779993044

Sun, 21 Dec 2014 10:50:32 nmf.py[line:109]                            INFO Iter: 32	 Loss: 209.622422867	 Delta: 1.6677321056

Sun, 21 Dec 2014 10:50:38 nmf.py[line:109]                            INFO Iter: 33	 Loss: 207.999864169	 Delta: 1.62255869872

Sun, 21 Dec 2014 10:50:44 nmf.py[line:109]                            INFO Iter: 34	 Loss: 206.391749554	 Delta: 1.60811461484

Sun, 21 Dec 2014 10:50:51 nmf.py[line:109]                            INFO Iter: 35	 Loss: 204.818686288	 Delta: 1.57306326542

Sun, 21 Dec 2014 10:50:56 nmf.py[line:109]                            INFO Iter: 36	 Loss: 203.269086877	 Delta: 1.54959941161

Sun, 21 Dec 2014 10:51:03 nmf.py[line:109]                            INFO Iter: 37	 Loss: 201.827853761	 Delta: 1.4412331162

Sun, 21 Dec 2014 10:51:10 nmf.py[line:109]                            INFO Iter: 38	 Loss: 200.61446357	 Delta: 1.21339019053

Sun, 21 Dec 2014 10:51:17 nmf.py[line:109]                            INFO Iter: 39	 Loss: 199.598463237	 Delta: 1.0160003333

Sun, 21 Dec 2014 10:51:23 nmf.py[line:109]                            INFO Iter: 40	 Loss: 198.909818334	 Delta: 0.688644902921

Sun, 21 Dec 2014 10:51:23 nmf.py[line:113]                            INFO NMF OK
Sun, 21 Dec 2014 10:51:23 demo_at_tsinghua_filter_by_10.py[line:102]                            INFO 
=========================

Sun, 21 Dec 2014 10:51:23 demo_at_tsinghua_filter_by_10.py[line:103]                            INFO time_step number %i:	2
Sun, 21 Dec 2014 10:51:23 demo_at_tsinghua_filter_by_10.py[line:104]                            INFO ----------------

Sun, 21 Dec 2014 10:51:24 demo_at_tsinghua_filter_by_10.py[line:119]                            INFO non zero cell num: 1665
Sun, 21 Dec 2014 10:51:24 demo_at_tsinghua_filter_by_10.py[line:122]                            INFO computing JPP decomposition...
Sun, 21 Dec 2014 10:53:32 JPPCF.py[line:86]                            INFO Iter: 1	 Loss: 3498.08002035	 Delta: 996501.91998

Sun, 21 Dec 2014 10:55:41 JPPCF.py[line:86]                            INFO Iter: 2	 Loss: 3487.79905258	 Delta: 10.2809677763

Sun, 21 Dec 2014 10:58:36 JPPCF.py[line:86]                            INFO Iter: 3	 Loss: 2969.23762649	 Delta: 518.561426091

Sun, 21 Dec 2014 11:01:46 JPPCF.py[line:86]                            INFO Iter: 4	 Loss: 2509.5126509	 Delta: 459.724975586

Sun, 21 Dec 2014 11:05:04 JPPCF.py[line:86]                            INFO Iter: 5	 Loss: 2125.85885876	 Delta: 383.653792142

Sun, 21 Dec 2014 11:08:14 JPPCF.py[line:86]                            INFO Iter: 6	 Loss: 1803.04365854	 Delta: 322.815200215

Sun, 21 Dec 2014 11:11:15 JPPCF.py[line:86]                            INFO Iter: 7	 Loss: 1594.41939663	 Delta: 208.624261915

Sun, 21 Dec 2014 11:14:10 JPPCF.py[line:86]                            INFO Iter: 8	 Loss: 1479.34438263	 Delta: 115.075014002

Sun, 21 Dec 2014 11:17:13 JPPCF.py[line:86]                            INFO Iter: 9	 Loss: 1388.84744433	 Delta: 90.4969383011

Sun, 21 Dec 2014 11:20:07 JPPCF.py[line:86]                            INFO Iter: 10	 Loss: 1315.25685703	 Delta: 73.5905872927

Sun, 21 Dec 2014 11:22:58 JPPCF.py[line:86]                            INFO Iter: 11	 Loss: 1256.83854712	 Delta: 58.4183099095

Sun, 21 Dec 2014 11:25:57 JPPCF.py[line:86]                            INFO Iter: 12	 Loss: 1214.94333686	 Delta: 41.8952102656

Sun, 21 Dec 2014 11:28:51 JPPCF.py[line:86]                            INFO Iter: 13	 Loss: 1174.35593336	 Delta: 40.587403499

Sun, 21 Dec 2014 11:31:19 JPPCF.py[line:86]                            INFO Iter: 14	 Loss: 1131.72981117	 Delta: 42.6261221875

Sun, 21 Dec 2014 11:34:09 JPPCF.py[line:86]                            INFO Iter: 15	 Loss: 1102.07456245	 Delta: 29.6552487184

Sun, 21 Dec 2014 11:36:45 JPPCF.py[line:86]                            INFO Iter: 16	 Loss: 1080.88238943	 Delta: 21.1921730231

Sun, 21 Dec 2014 11:39:33 JPPCF.py[line:86]                            INFO Iter: 17	 Loss: 1058.78256904	 Delta: 22.0998203912

Sun, 21 Dec 2014 11:42:25 JPPCF.py[line:86]                            INFO Iter: 18	 Loss: 1039.458988	 Delta: 19.3235810362

Sun, 21 Dec 2014 11:45:01 JPPCF.py[line:86]                            INFO Iter: 19	 Loss: 1020.0496032	 Delta: 19.4093848027

Sun, 21 Dec 2014 11:47:47 JPPCF.py[line:86]                            INFO Iter: 20	 Loss: 1001.24041557	 Delta: 18.8091876281

Sun, 21 Dec 2014 11:50:35 JPPCF.py[line:86]                            INFO Iter: 21	 Loss: 982.020310456	 Delta: 19.2201051171

Sun, 21 Dec 2014 11:53:17 JPPCF.py[line:86]                            INFO Iter: 22	 Loss: 959.926827609	 Delta: 22.0934828475

Sun, 21 Dec 2014 11:56:05 JPPCF.py[line:86]                            INFO Iter: 23	 Loss: 939.831333451	 Delta: 20.0954941573

Sun, 21 Dec 2014 11:58:49 JPPCF.py[line:86]                            INFO Iter: 24	 Loss: 919.375574984	 Delta: 20.4557584675

Sun, 21 Dec 2014 12:01:33 JPPCF.py[line:86]                            INFO Iter: 25	 Loss: 907.805876265	 Delta: 11.5696987186

Sun, 21 Dec 2014 12:04:16 JPPCF.py[line:86]                            INFO Iter: 26	 Loss: 899.501008545	 Delta: 8.30486772008

Sun, 21 Dec 2014 12:06:55 JPPCF.py[line:86]                            INFO Iter: 27	 Loss: 893.864237414	 Delta: 5.63677113147

Sun, 21 Dec 2014 12:09:34 JPPCF.py[line:86]                            INFO Iter: 28	 Loss: 889.656571504	 Delta: 4.20766591015

Sun, 21 Dec 2014 12:11:59 JPPCF.py[line:86]                            INFO Iter: 29	 Loss: 885.004182379	 Delta: 4.65238912416

Sun, 21 Dec 2014 12:14:25 JPPCF.py[line:86]                            INFO Iter: 30	 Loss: 878.959864546	 Delta: 6.04431783382

Sun, 21 Dec 2014 12:16:53 JPPCF.py[line:86]                            INFO Iter: 31	 Loss: 872.209887783	 Delta: 6.74997676215

Sun, 21 Dec 2014 12:19:26 JPPCF.py[line:86]                            INFO Iter: 32	 Loss: 864.057236411	 Delta: 8.15265137203

Sun, 21 Dec 2014 12:21:55 JPPCF.py[line:86]                            INFO Iter: 33	 Loss: 858.78963313	 Delta: 5.26760328159

Sun, 21 Dec 2014 12:24:30 JPPCF.py[line:86]                            INFO Iter: 34	 Loss: 853.370201308	 Delta: 5.41943182194

Sun, 21 Dec 2014 12:26:57 JPPCF.py[line:86]                            INFO Iter: 35	 Loss: 846.949751716	 Delta: 6.42044959137

Sun, 21 Dec 2014 12:29:07 JPPCF.py[line:86]                            INFO Iter: 36	 Loss: 841.371097309	 Delta: 5.57865440756

Sun, 21 Dec 2014 12:31:24 JPPCF.py[line:86]                            INFO Iter: 37	 Loss: 837.990298628	 Delta: 3.3807986813

Sun, 21 Dec 2014 12:33:44 JPPCF.py[line:86]                            INFO Iter: 38	 Loss: 835.948036451	 Delta: 2.04226217651

Sun, 21 Dec 2014 12:36:24 JPPCF.py[line:86]                            INFO Iter: 39	 Loss: 834.414396805	 Delta: 1.53363964589

Sun, 21 Dec 2014 12:38:56 JPPCF.py[line:86]                            INFO Iter: 40	 Loss: 832.384240869	 Delta: 2.03015593593

Sun, 21 Dec 2014 12:41:16 JPPCF.py[line:86]                            INFO Iter: 41	 Loss: 830.375240634	 Delta: 2.00900023494

Sun, 21 Dec 2014 12:43:22 JPPCF.py[line:86]                            INFO Iter: 42	 Loss: 827.970268938	 Delta: 2.40497169611

Sun, 21 Dec 2014 12:45:36 JPPCF.py[line:86]                            INFO Iter: 43	 Loss: 825.368922031	 Delta: 2.60134690722

Sun, 21 Dec 2014 12:47:57 JPPCF.py[line:86]                            INFO Iter: 44	 Loss: 822.107996217	 Delta: 3.26092581351

Sun, 21 Dec 2014 12:49:53 JPPCF.py[line:86]                            INFO Iter: 45	 Loss: 819.143773976	 Delta: 2.96422224114

Sun, 21 Dec 2014 12:51:46 JPPCF.py[line:86]                            INFO Iter: 46	 Loss: 816.981076636	 Delta: 2.16269734036

Sun, 21 Dec 2014 12:53:45 JPPCF.py[line:86]                            INFO Iter: 47	 Loss: 814.408192467	 Delta: 2.57288416897

Sun, 21 Dec 2014 12:55:43 JPPCF.py[line:86]                            INFO Iter: 48	 Loss: 811.904982996	 Delta: 2.50320947118

Sun, 21 Dec 2014 12:57:40 JPPCF.py[line:86]                            INFO Iter: 49	 Loss: 809.459180455	 Delta: 2.44580254123

Sun, 21 Dec 2014 12:59:36 JPPCF.py[line:86]                            INFO Iter: 50	 Loss: 806.651946833	 Delta: 2.80723362113

Sun, 21 Dec 2014 13:01:34 JPPCF.py[line:86]                            INFO Iter: 51	 Loss: 802.919402814	 Delta: 3.73254401896

Sun, 21 Dec 2014 13:03:28 JPPCF.py[line:86]                            INFO Iter: 52	 Loss: 798.806677341	 Delta: 4.11272547304

Sun, 21 Dec 2014 13:05:27 JPPCF.py[line:86]                            INFO Iter: 53	 Loss: 795.036341019	 Delta: 3.77033632259

Sun, 21 Dec 2014 13:07:23 JPPCF.py[line:86]                            INFO Iter: 54	 Loss: 791.63898503	 Delta: 3.39735598869

Sun, 21 Dec 2014 13:09:20 JPPCF.py[line:86]                            INFO Iter: 55	 Loss: 788.656518294	 Delta: 2.98246673627

Sun, 21 Dec 2014 13:11:15 JPPCF.py[line:86]                            INFO Iter: 56	 Loss: 786.602507523	 Delta: 2.05401077094

Sun, 21 Dec 2014 13:13:11 JPPCF.py[line:86]                            INFO Iter: 57	 Loss: 784.572863729	 Delta: 2.02964379417

Sun, 21 Dec 2014 13:15:09 JPPCF.py[line:86]                            INFO Iter: 58	 Loss: 782.049916553	 Delta: 2.52294717606

Sun, 21 Dec 2014 13:17:04 JPPCF.py[line:86]                            INFO Iter: 59	 Loss: 780.298370955	 Delta: 1.75154559779

Sun, 21 Dec 2014 13:18:59 JPPCF.py[line:86]                            INFO Iter: 60	 Loss: 775.222376305	 Delta: 5.07599464953

Sun, 21 Dec 2014 13:20:52 JPPCF.py[line:86]                            INFO Iter: 61	 Loss: 772.861014322	 Delta: 2.3613619838

Sun, 21 Dec 2014 13:22:45 JPPCF.py[line:86]                            INFO Iter: 62	 Loss: 771.632054954	 Delta: 1.22895936772

Sun, 21 Dec 2014 13:24:36 JPPCF.py[line:86]                            INFO Iter: 63	 Loss: 770.129090531	 Delta: 1.50296442332

Sun, 21 Dec 2014 13:26:25 JPPCF.py[line:86]                            INFO Iter: 64	 Loss: 768.303791846	 Delta: 1.82529868442

Sun, 21 Dec 2014 13:28:10 JPPCF.py[line:86]                            INFO Iter: 65	 Loss: 766.498788741	 Delta: 1.80500310529

Sun, 21 Dec 2014 13:30:03 JPPCF.py[line:86]                            INFO Iter: 66	 Loss: 764.688172591	 Delta: 1.81061615019

Sun, 21 Dec 2014 13:32:01 JPPCF.py[line:86]                            INFO Iter: 67	 Loss: 763.255351103	 Delta: 1.43282148783

Sun, 21 Dec 2014 13:33:57 JPPCF.py[line:86]                            INFO Iter: 68	 Loss: 761.812318901	 Delta: 1.4430322018

Sun, 21 Dec 2014 13:35:53 JPPCF.py[line:86]                            INFO Iter: 69	 Loss: 759.869458578	 Delta: 1.94286032321

Sun, 21 Dec 2014 13:35:53 JPPCF.py[line:88]                            INFO JPPCF OK

Sun, 21 Dec 2014 13:35:56 demo_at_tsinghua_filter_by_10.py[line:128]                            INFO [ok]
computing t-model NMF decomposition...
Sun, 21 Dec 2014 13:36:02 nmf.py[line:109]                            INFO Iter: 1	 Loss: 1667.98398495	 Delta: 998332.016015

Sun, 21 Dec 2014 13:36:08 nmf.py[line:109]                            INFO Iter: 2	 Loss: 1611.91881627	 Delta: 56.0651686799

Sun, 21 Dec 2014 13:36:14 nmf.py[line:109]                            INFO Iter: 3	 Loss: 1474.29998751	 Delta: 137.61882876

Sun, 21 Dec 2014 13:36:20 nmf.py[line:109]                            INFO Iter: 4	 Loss: 1202.27522132	 Delta: 272.024766193

Sun, 21 Dec 2014 13:36:25 nmf.py[line:109]                            INFO Iter: 5	 Loss: 1018.24546791	 Delta: 184.029753409

Sun, 21 Dec 2014 13:36:31 nmf.py[line:109]                            INFO Iter: 6	 Loss: 903.881830353	 Delta: 114.363637559

Sun, 21 Dec 2014 13:36:37 nmf.py[line:109]                            INFO Iter: 7	 Loss: 831.424097297	 Delta: 72.4577330561

Sun, 21 Dec 2014 13:36:43 nmf.py[line:109]                            INFO Iter: 8	 Loss: 774.075303954	 Delta: 57.3487933427

Sun, 21 Dec 2014 13:36:49 nmf.py[line:109]                            INFO Iter: 9	 Loss: 724.948440057	 Delta: 49.1268638978

Sun, 21 Dec 2014 13:36:55 nmf.py[line:109]                            INFO Iter: 10	 Loss: 685.25551123	 Delta: 39.6929288267

Sun, 21 Dec 2014 13:37:01 nmf.py[line:109]                            INFO Iter: 11	 Loss: 647.388740122	 Delta: 37.8667711083

Sun, 21 Dec 2014 13:37:07 nmf.py[line:109]                            INFO Iter: 12	 Loss: 614.933921024	 Delta: 32.4548190977

Sun, 21 Dec 2014 13:37:13 nmf.py[line:109]                            INFO Iter: 13	 Loss: 589.070968134	 Delta: 25.8629528904

Sun, 21 Dec 2014 13:37:19 nmf.py[line:109]                            INFO Iter: 14	 Loss: 570.141023832	 Delta: 18.9299443019

Sun, 21 Dec 2014 13:37:24 nmf.py[line:109]                            INFO Iter: 15	 Loss: 555.429931462	 Delta: 14.7110923699

Sun, 21 Dec 2014 13:37:30 nmf.py[line:109]                            INFO Iter: 16	 Loss: 544.017975475	 Delta: 11.4119559871

Sun, 21 Dec 2014 13:37:36 nmf.py[line:109]                            INFO Iter: 17	 Loss: 535.210970849	 Delta: 8.80700462604

Sun, 21 Dec 2014 13:37:41 nmf.py[line:109]                            INFO Iter: 18	 Loss: 528.455301258	 Delta: 6.75566959092

Sun, 21 Dec 2014 13:37:48 nmf.py[line:109]                            INFO Iter: 19	 Loss: 522.754666928	 Delta: 5.70063432921

Sun, 21 Dec 2014 13:37:55 nmf.py[line:109]                            INFO Iter: 20	 Loss: 517.872536372	 Delta: 4.88213055628

Sun, 21 Dec 2014 13:38:01 nmf.py[line:109]                            INFO Iter: 21	 Loss: 514.237991618	 Delta: 3.63454475403

Sun, 21 Dec 2014 13:38:07 nmf.py[line:109]                            INFO Iter: 22	 Loss: 511.50535513	 Delta: 2.73263648787

Sun, 21 Dec 2014 13:38:13 nmf.py[line:109]                            INFO Iter: 23	 Loss: 509.438314229	 Delta: 2.06704090094

Sun, 21 Dec 2014 13:38:19 nmf.py[line:109]                            INFO Iter: 24	 Loss: 507.812255158	 Delta: 1.62605907133

Sun, 21 Dec 2014 13:38:24 nmf.py[line:109]                            INFO Iter: 25	 Loss: 506.403064524	 Delta: 1.40919063381

Sun, 21 Dec 2014 13:38:30 nmf.py[line:109]                            INFO Iter: 26	 Loss: 505.013388085	 Delta: 1.38967643958

Sun, 21 Dec 2014 13:38:37 nmf.py[line:109]                            INFO Iter: 27	 Loss: 503.504312862	 Delta: 1.5090752222

Sun, 21 Dec 2014 13:38:42 nmf.py[line:109]                            INFO Iter: 28	 Loss: 501.818643704	 Delta: 1.68566915814

Sun, 21 Dec 2014 13:38:49 nmf.py[line:109]                            INFO Iter: 29	 Loss: 500.624934401	 Delta: 1.19370930304

Sun, 21 Dec 2014 13:38:55 nmf.py[line:109]                            INFO Iter: 30	 Loss: 499.667651004	 Delta: 0.957283397626

Sun, 21 Dec 2014 13:38:55 nmf.py[line:113]                            INFO NMF OK
Sun, 21 Dec 2014 13:38:57 demo_at_tsinghua_filter_by_10.py[line:134]                            INFO [ok]
computing fix_model NMF decomposition...
Sun, 21 Dec 2014 13:38:58 demo_at_tsinghua_filter_by_10.py[line:142]                            INFO non zero cell num: 1665
Sun, 21 Dec 2014 13:39:04 nmf.py[line:109]                            INFO Iter: 1	 Loss: 1667.98934182	 Delta: 998332.010658

Sun, 21 Dec 2014 13:39:09 nmf.py[line:109]                            INFO Iter: 2	 Loss: 1610.93938848	 Delta: 57.0499533403

Sun, 21 Dec 2014 13:39:14 nmf.py[line:109]                            INFO Iter: 3	 Loss: 1454.355252	 Delta: 156.584136482

Sun, 21 Dec 2014 13:39:20 nmf.py[line:109]                            INFO Iter: 4	 Loss: 1202.45534569	 Delta: 251.899906306

Sun, 21 Dec 2014 13:39:25 nmf.py[line:109]                            INFO Iter: 5	 Loss: 997.861277536	 Delta: 204.594068155

Sun, 21 Dec 2014 13:39:31 nmf.py[line:109]                            INFO Iter: 6	 Loss: 867.647645583	 Delta: 130.213631953

Sun, 21 Dec 2014 13:39:37 nmf.py[line:109]                            INFO Iter: 7	 Loss: 754.209808848	 Delta: 113.437836735

Sun, 21 Dec 2014 13:39:43 nmf.py[line:109]                            INFO Iter: 8	 Loss: 680.677245258	 Delta: 73.5325635894

Sun, 21 Dec 2014 13:39:48 nmf.py[line:109]                            INFO Iter: 9	 Loss: 631.34672095	 Delta: 49.3305243081

Sun, 21 Dec 2014 13:39:55 nmf.py[line:109]                            INFO Iter: 10	 Loss: 595.801335994	 Delta: 35.5453849558

Sun, 21 Dec 2014 13:40:01 nmf.py[line:109]                            INFO Iter: 11	 Loss: 572.669649406	 Delta: 23.1316865882

Sun, 21 Dec 2014 13:40:07 nmf.py[line:109]                            INFO Iter: 12	 Loss: 553.862789157	 Delta: 18.8068602488

Sun, 21 Dec 2014 13:40:14 nmf.py[line:109]                            INFO Iter: 13	 Loss: 540.062063871	 Delta: 13.8007252866

Sun, 21 Dec 2014 13:40:20 nmf.py[line:109]                            INFO Iter: 14	 Loss: 528.667593729	 Delta: 11.3944701417

Sun, 21 Dec 2014 13:40:25 nmf.py[line:109]                            INFO Iter: 15	 Loss: 519.121491674	 Delta: 9.54610205495

Sun, 21 Dec 2014 13:40:32 nmf.py[line:109]                            INFO Iter: 16	 Loss: 512.15044979	 Delta: 6.97104188362

Sun, 21 Dec 2014 13:40:38 nmf.py[line:109]                            INFO Iter: 17	 Loss: 506.68279802	 Delta: 5.46765177013

Sun, 21 Dec 2014 13:40:44 nmf.py[line:109]                            INFO Iter: 18	 Loss: 502.029085939	 Delta: 4.65371208156

Sun, 21 Dec 2014 13:40:50 nmf.py[line:109]                            INFO Iter: 19	 Loss: 497.491026427	 Delta: 4.53805951138

Sun, 21 Dec 2014 13:40:56 nmf.py[line:109]                            INFO Iter: 20	 Loss: 492.917828345	 Delta: 4.57319808249

Sun, 21 Dec 2014 13:41:02 nmf.py[line:109]                            INFO Iter: 21	 Loss: 488.85602238	 Delta: 4.0618059649

Sun, 21 Dec 2014 13:41:07 nmf.py[line:109]                            INFO Iter: 22	 Loss: 485.016186474	 Delta: 3.83983590644

Sun, 21 Dec 2014 13:41:12 nmf.py[line:109]                            INFO Iter: 23	 Loss: 481.259092871	 Delta: 3.75709360307

Sun, 21 Dec 2014 13:41:18 nmf.py[line:109]                            INFO Iter: 24	 Loss: 477.494662161	 Delta: 3.76443070976

Sun, 21 Dec 2014 13:41:23 nmf.py[line:109]                            INFO Iter: 25	 Loss: 473.298031807	 Delta: 4.19663035392

Sun, 21 Dec 2014 13:41:28 nmf.py[line:109]                            INFO Iter: 26	 Loss: 469.42674544	 Delta: 3.8712863666

Sun, 21 Dec 2014 13:41:34 nmf.py[line:109]                            INFO Iter: 27	 Loss: 466.114033239	 Delta: 3.31271220134

Sun, 21 Dec 2014 13:41:40 nmf.py[line:109]                            INFO Iter: 28	 Loss: 463.013135575	 Delta: 3.10089766383

Sun, 21 Dec 2014 13:41:46 nmf.py[line:109]                            INFO Iter: 29	 Loss: 460.29671351	 Delta: 2.71642206491

Sun, 21 Dec 2014 13:41:50 nmf.py[line:109]                            INFO Iter: 30	 Loss: 457.971244042	 Delta: 2.32546946811

Sun, 21 Dec 2014 13:41:57 nmf.py[line:109]                            INFO Iter: 31	 Loss: 455.926139726	 Delta: 2.0451043165

Sun, 21 Dec 2014 13:42:02 nmf.py[line:109]                            INFO Iter: 32	 Loss: 454.536318778	 Delta: 1.38982094775

Sun, 21 Dec 2014 13:42:07 nmf.py[line:109]                            INFO Iter: 33	 Loss: 453.893359728	 Delta: 0.642959049328

Sun, 21 Dec 2014 13:42:07 nmf.py[line:113]                            INFO NMF OK
Sun, 21 Dec 2014 13:42:09 demo_at_tsinghua_filter_by_10.py[line:148]                            INFO [ok]

Sun, 21 Dec 2014 13:42:09 demo_at_tsinghua_filter_by_10.py[line:150]                            INFO 	 fold_id:0

Sun, 21 Dec 2014 13:42:09 demo_at_tsinghua_filter_by_10.py[line:152]                            INFO 	recall at 10:
Sun, 21 Dec 2014 13:42:28 demo_at_tsinghua_filter_by_10.py[line:177]                            INFO 		t-model NMF :  0.304605175403

Sun, 21 Dec 2014 13:42:28 demo_at_tsinghua_filter_by_10.py[line:178]                            INFO 		f-model NMF :  0.264819261038

Sun, 21 Dec 2014 13:42:28 demo_at_tsinghua_filter_by_10.py[line:179]                            INFO 		JPPCF :  0.310277444311

Sun, 21 Dec 2014 13:42:28 demo_at_tsinghua_filter_by_10.py[line:152]                            INFO 	recall at 50:
Sun, 21 Dec 2014 13:42:48 demo_at_tsinghua_filter_by_10.py[line:177]                            INFO 		t-model NMF :  0.554791916767

Sun, 21 Dec 2014 13:42:48 demo_at_tsinghua_filter_by_10.py[line:178]                            INFO 		f-model NMF :  0.552077497666

Sun, 21 Dec 2014 13:42:48 demo_at_tsinghua_filter_by_10.py[line:179]                            INFO 		JPPCF :  0.552884487128

Sun, 21 Dec 2014 13:42:48 demo_at_tsinghua_filter_by_10.py[line:152]                            INFO 	recall at 100:
Sun, 21 Dec 2014 13:43:08 demo_at_tsinghua_filter_by_10.py[line:177]                            INFO 		t-model NMF :  0.65795651594

Sun, 21 Dec 2014 13:43:08 demo_at_tsinghua_filter_by_10.py[line:178]                            INFO 		f-model NMF :  0.655652260904

Sun, 21 Dec 2014 13:43:08 demo_at_tsinghua_filter_by_10.py[line:179]                            INFO 		JPPCF :  0.654118313992

Sun, 21 Dec 2014 13:43:08 demo_at_tsinghua_filter_by_10.py[line:152]                            INFO 	recall at 300:
Sun, 21 Dec 2014 13:43:30 demo_at_tsinghua_filter_by_10.py[line:177]                            INFO 		t-model NMF :  0.816516606643

Sun, 21 Dec 2014 13:43:30 demo_at_tsinghua_filter_by_10.py[line:178]                            INFO 		f-model NMF :  0.84193677471

Sun, 21 Dec 2014 13:43:30 demo_at_tsinghua_filter_by_10.py[line:179]                            INFO 		JPPCF :  0.804771908764

Sun, 21 Dec 2014 13:43:30 demo_at_tsinghua_filter_by_10.py[line:152]                            INFO 	recall at 500:
Sun, 21 Dec 2014 13:43:50 demo_at_tsinghua_filter_by_10.py[line:177]                            INFO 		t-model NMF :  0.860994397759

Sun, 21 Dec 2014 13:43:50 demo_at_tsinghua_filter_by_10.py[line:178]                            INFO 		f-model NMF :  0.877801120448

Sun, 21 Dec 2014 13:43:50 demo_at_tsinghua_filter_by_10.py[line:179]                            INFO 		JPPCF :  0.870064692544

Sun, 21 Dec 2014 13:43:50 demo_at_tsinghua_filter_by_10.py[line:152]                            INFO 	recall at 1000:
Sun, 21 Dec 2014 13:44:11 demo_at_tsinghua_filter_by_10.py[line:177]                            INFO 		t-model NMF :  0.893557422969

Sun, 21 Dec 2014 13:44:11 demo_at_tsinghua_filter_by_10.py[line:178]                            INFO 		f-model NMF :  0.901960784314

Sun, 21 Dec 2014 13:44:11 demo_at_tsinghua_filter_by_10.py[line:179]                            INFO 		JPPCF :  0.927170868347

Sun, 21 Dec 2014 13:44:11 demo_at_tsinghua_filter_by_10.py[line:181]                            INFO current_time_step: 2

Sun, 21 Dec 2014 13:44:11 demo_at_tsinghua_filter_by_10.py[line:184]                            INFO 	recall at 10:
Sun, 21 Dec 2014 13:44:11 demo_at_tsinghua_filter_by_10.py[line:188]                            INFO 		avg t-model NMF :  0.304605175403

Sun, 21 Dec 2014 13:44:11 demo_at_tsinghua_filter_by_10.py[line:189]                            INFO 		avg f-model NMF :  0.264819261038

Sun, 21 Dec 2014 13:44:11 demo_at_tsinghua_filter_by_10.py[line:190]                            INFO 		avg JPPCF :  0.310277444311

Sun, 21 Dec 2014 13:44:11 demo_at_tsinghua_filter_by_10.py[line:184]                            INFO 	recall at 50:
Sun, 21 Dec 2014 13:44:11 demo_at_tsinghua_filter_by_10.py[line:188]                            INFO 		avg t-model NMF :  0.554791916767

Sun, 21 Dec 2014 13:44:11 demo_at_tsinghua_filter_by_10.py[line:189]                            INFO 		avg f-model NMF :  0.552077497666

Sun, 21 Dec 2014 13:44:11 demo_at_tsinghua_filter_by_10.py[line:190]                            INFO 		avg JPPCF :  0.552884487128

Sun, 21 Dec 2014 13:44:11 demo_at_tsinghua_filter_by_10.py[line:184]                            INFO 	recall at 100:
Sun, 21 Dec 2014 13:44:11 demo_at_tsinghua_filter_by_10.py[line:188]                            INFO 		avg t-model NMF :  0.65795651594

Sun, 21 Dec 2014 13:44:11 demo_at_tsinghua_filter_by_10.py[line:189]                            INFO 		avg f-model NMF :  0.655652260904

Sun, 21 Dec 2014 13:44:11 demo_at_tsinghua_filter_by_10.py[line:190]                            INFO 		avg JPPCF :  0.654118313992

Sun, 21 Dec 2014 13:44:11 demo_at_tsinghua_filter_by_10.py[line:184]                            INFO 	recall at 300:
Sun, 21 Dec 2014 13:44:11 demo_at_tsinghua_filter_by_10.py[line:188]                            INFO 		avg t-model NMF :  0.816516606643

Sun, 21 Dec 2014 13:44:11 demo_at_tsinghua_filter_by_10.py[line:189]                            INFO 		avg f-model NMF :  0.84193677471

Sun, 21 Dec 2014 13:44:11 demo_at_tsinghua_filter_by_10.py[line:190]                            INFO 		avg JPPCF :  0.804771908764

Sun, 21 Dec 2014 13:44:11 demo_at_tsinghua_filter_by_10.py[line:184]                            INFO 	recall at 500:
Sun, 21 Dec 2014 13:44:11 demo_at_tsinghua_filter_by_10.py[line:188]                            INFO 		avg t-model NMF :  0.860994397759

Sun, 21 Dec 2014 13:44:11 demo_at_tsinghua_filter_by_10.py[line:189]                            INFO 		avg f-model NMF :  0.877801120448

Sun, 21 Dec 2014 13:44:11 demo_at_tsinghua_filter_by_10.py[line:190]                            INFO 		avg JPPCF :  0.870064692544

Sun, 21 Dec 2014 13:44:11 demo_at_tsinghua_filter_by_10.py[line:184]                            INFO 	recall at 1000:
Sun, 21 Dec 2014 13:44:11 demo_at_tsinghua_filter_by_10.py[line:188]                            INFO 		avg t-model NMF :  0.893557422969

Sun, 21 Dec 2014 13:44:11 demo_at_tsinghua_filter_by_10.py[line:189]                            INFO 		avg f-model NMF :  0.901960784314

Sun, 21 Dec 2014 13:44:11 demo_at_tsinghua_filter_by_10.py[line:190]                            INFO 		avg JPPCF :  0.927170868347

Sun, 21 Dec 2014 13:44:11 demo_at_tsinghua_filter_by_10.py[line:204]                            INFO =========================

Sun, 21 Dec 2014 13:44:11 demo_at_tsinghua_filter_by_10.py[line:102]                            INFO 
=========================

Sun, 21 Dec 2014 13:44:11 demo_at_tsinghua_filter_by_10.py[line:103]                            INFO time_step number %i:	3
Sun, 21 Dec 2014 13:44:11 demo_at_tsinghua_filter_by_10.py[line:104]                            INFO ----------------

Sun, 21 Dec 2014 13:44:12 demo_at_tsinghua_filter_by_10.py[line:119]                            INFO non zero cell num: 2740
Sun, 21 Dec 2014 13:44:12 demo_at_tsinghua_filter_by_10.py[line:122]                            INFO computing JPP decomposition...
Sun, 21 Dec 2014 13:46:07 JPPCF.py[line:86]                            INFO Iter: 1	 Loss: 5644.79142565	 Delta: 994355.208574

Sun, 21 Dec 2014 13:48:01 JPPCF.py[line:86]                            INFO Iter: 2	 Loss: 5546.89198099	 Delta: 97.8994446574

Sun, 21 Dec 2014 13:49:51 JPPCF.py[line:86]                            INFO Iter: 3	 Loss: 4436.21265521	 Delta: 1110.67932577

Sun, 21 Dec 2014 13:51:42 JPPCF.py[line:86]                            INFO Iter: 4	 Loss: 3894.350512	 Delta: 541.862143213

Sun, 21 Dec 2014 13:53:34 JPPCF.py[line:86]                            INFO Iter: 5	 Loss: 3296.71174129	 Delta: 597.638770708

Sun, 21 Dec 2014 13:55:26 JPPCF.py[line:86]                            INFO Iter: 6	 Loss: 2854.94630388	 Delta: 441.765437411

Sun, 21 Dec 2014 13:57:21 JPPCF.py[line:86]                            INFO Iter: 7	 Loss: 2490.04251659	 Delta: 364.903787292

Sun, 21 Dec 2014 13:59:17 JPPCF.py[line:86]                            INFO Iter: 8	 Loss: 2219.59284644	 Delta: 270.449670148

Sun, 21 Dec 2014 14:01:08 JPPCF.py[line:86]                            INFO Iter: 9	 Loss: 2015.16509169	 Delta: 204.427754753

Sun, 21 Dec 2014 14:02:57 JPPCF.py[line:86]                            INFO Iter: 10	 Loss: 1866.70261674	 Delta: 148.462474953

Sun, 21 Dec 2014 14:04:48 JPPCF.py[line:86]                            INFO Iter: 11	 Loss: 1765.86088728	 Delta: 100.841729457

Sun, 21 Dec 2014 14:06:44 JPPCF.py[line:86]                            INFO Iter: 12	 Loss: 1691.53809259	 Delta: 74.3227946903

Sun, 21 Dec 2014 14:08:42 JPPCF.py[line:86]                            INFO Iter: 13	 Loss: 1625.19445322	 Delta: 66.3436393717

Sun, 21 Dec 2014 14:10:38 JPPCF.py[line:86]                            INFO Iter: 14	 Loss: 1576.22014734	 Delta: 48.974305875

Sun, 21 Dec 2014 14:12:37 JPPCF.py[line:86]                            INFO Iter: 15	 Loss: 1541.27048741	 Delta: 34.9496599279

Sun, 21 Dec 2014 14:14:32 JPPCF.py[line:86]                            INFO Iter: 16	 Loss: 1513.07103667	 Delta: 28.1994507463

Sun, 21 Dec 2014 14:16:25 JPPCF.py[line:86]                            INFO Iter: 17	 Loss: 1487.51404617	 Delta: 25.5569904947

Sun, 21 Dec 2014 14:18:19 JPPCF.py[line:86]                            INFO Iter: 18	 Loss: 1466.52808718	 Delta: 20.9859589984

Sun, 21 Dec 2014 14:20:16 JPPCF.py[line:86]                            INFO Iter: 19	 Loss: 1448.32755131	 Delta: 18.2005358679

Sun, 21 Dec 2014 14:22:10 JPPCF.py[line:86]                            INFO Iter: 20	 Loss: 1432.09848438	 Delta: 16.2290669311

Sun, 21 Dec 2014 14:24:08 JPPCF.py[line:86]                            INFO Iter: 21	 Loss: 1418.18145651	 Delta: 13.9170278709

Sun, 21 Dec 2014 14:26:02 JPPCF.py[line:86]                            INFO Iter: 22	 Loss: 1404.29656325	 Delta: 13.8848932554

Sun, 21 Dec 2014 14:27:57 JPPCF.py[line:86]                            INFO Iter: 23	 Loss: 1391.57222996	 Delta: 12.7243332889

Sun, 21 Dec 2014 14:29:49 JPPCF.py[line:86]                            INFO Iter: 24	 Loss: 1381.46953474	 Delta: 10.1026952162

Sun, 21 Dec 2014 14:31:43 JPPCF.py[line:86]                            INFO Iter: 25	 Loss: 1372.8756665	 Delta: 8.59386824897

Sun, 21 Dec 2014 14:33:35 JPPCF.py[line:86]                            INFO Iter: 26	 Loss: 1364.18541646	 Delta: 8.6902500331

Sun, 21 Dec 2014 14:35:29 JPPCF.py[line:86]                            INFO Iter: 27	 Loss: 1357.49305573	 Delta: 6.69236073349

Sun, 21 Dec 2014 14:37:23 JPPCF.py[line:86]                            INFO Iter: 28	 Loss: 1352.81715412	 Delta: 4.67590160685

Sun, 21 Dec 2014 14:39:20 JPPCF.py[line:86]                            INFO Iter: 29	 Loss: 1346.89278087	 Delta: 5.92437325264

Sun, 21 Dec 2014 14:41:14 JPPCF.py[line:86]                            INFO Iter: 30	 Loss: 1340.10919838	 Delta: 6.78358249128

Sun, 21 Dec 2014 14:43:06 JPPCF.py[line:86]                            INFO Iter: 31	 Loss: 1332.52941681	 Delta: 7.57978157064

Sun, 21 Dec 2014 14:45:01 JPPCF.py[line:86]                            INFO Iter: 32	 Loss: 1325.75703997	 Delta: 6.77237684232

Sun, 21 Dec 2014 14:46:55 JPPCF.py[line:86]                            INFO Iter: 33	 Loss: 1319.85243223	 Delta: 5.90460773441

Sun, 21 Dec 2014 14:48:50 JPPCF.py[line:86]                            INFO Iter: 34	 Loss: 1314.29249679	 Delta: 5.55993543997

Sun, 21 Dec 2014 14:50:49 JPPCF.py[line:86]                            INFO Iter: 35	 Loss: 1308.58337262	 Delta: 5.70912416654

Sun, 21 Dec 2014 14:52:47 JPPCF.py[line:86]                            INFO Iter: 36	 Loss: 1304.01193799	 Delta: 4.571434639

Sun, 21 Dec 2014 14:54:47 JPPCF.py[line:86]                            INFO Iter: 37	 Loss: 1299.80751281	 Delta: 4.20442517497

Sun, 21 Dec 2014 14:56:43 JPPCF.py[line:86]                            INFO Iter: 38	 Loss: 1294.96377148	 Delta: 4.84374132643

Sun, 21 Dec 2014 14:58:41 JPPCF.py[line:86]                            INFO Iter: 39	 Loss: 1289.88392799	 Delta: 5.07984349519

Sun, 21 Dec 2014 15:00:41 JPPCF.py[line:86]                            INFO Iter: 40	 Loss: 1285.20004438	 Delta: 4.68388361116

Sun, 21 Dec 2014 15:02:37 JPPCF.py[line:86]                            INFO Iter: 41	 Loss: 1280.98488461	 Delta: 4.21515976412

Sun, 21 Dec 2014 15:04:34 JPPCF.py[line:86]                            INFO Iter: 42	 Loss: 1278.05099471	 Delta: 2.93388990842

Sun, 21 Dec 2014 15:06:35 JPPCF.py[line:86]                            INFO Iter: 43	 Loss: 1275.44462744	 Delta: 2.60636726805

Sun, 21 Dec 2014 15:08:31 JPPCF.py[line:86]                            INFO Iter: 44	 Loss: 1272.44027679	 Delta: 3.00435065001

Sun, 21 Dec 2014 15:10:26 JPPCF.py[line:86]                            INFO Iter: 45	 Loss: 1268.71174717	 Delta: 3.7285296138

Sun, 21 Dec 2014 15:12:19 JPPCF.py[line:86]                            INFO Iter: 46	 Loss: 1265.26105331	 Delta: 3.45069386654

Sun, 21 Dec 2014 15:14:13 JPPCF.py[line:86]                            INFO Iter: 47	 Loss: 1262.16641146	 Delta: 3.09464184873

Sun, 21 Dec 2014 15:16:10 JPPCF.py[line:86]                            INFO Iter: 48	 Loss: 1259.42763151	 Delta: 2.73877995194

Sun, 21 Dec 2014 15:18:05 JPPCF.py[line:86]                            INFO Iter: 49	 Loss: 1257.00765828	 Delta: 2.41997322281

Sun, 21 Dec 2014 15:19:59 JPPCF.py[line:86]                            INFO Iter: 50	 Loss: 1254.39934333	 Delta: 2.60831495516

Sun, 21 Dec 2014 15:21:55 JPPCF.py[line:86]                            INFO Iter: 51	 Loss: 1251.23084389	 Delta: 3.16849943403

Sun, 21 Dec 2014 15:23:52 JPPCF.py[line:86]                            INFO Iter: 52	 Loss: 1247.98355382	 Delta: 3.24729007369

Sun, 21 Dec 2014 15:25:42 JPPCF.py[line:86]                            INFO Iter: 53	 Loss: 1245.3439146	 Delta: 2.63963921713

Sun, 21 Dec 2014 15:27:37 JPPCF.py[line:86]                            INFO Iter: 54	 Loss: 1243.35940535	 Delta: 1.98450924905

Sun, 21 Dec 2014 15:29:32 JPPCF.py[line:86]                            INFO Iter: 55	 Loss: 1241.68268737	 Delta: 1.67671798452

Sun, 21 Dec 2014 15:31:27 JPPCF.py[line:86]                            INFO Iter: 56	 Loss: 1239.83501237	 Delta: 1.84767500006

Sun, 21 Dec 2014 15:33:17 JPPCF.py[line:86]                            INFO Iter: 57	 Loss: 1237.57350318	 Delta: 2.26150918849

Sun, 21 Dec 2014 15:35:12 JPPCF.py[line:86]                            INFO Iter: 58	 Loss: 1234.55309766	 Delta: 3.02040552484

Sun, 21 Dec 2014 15:37:04 JPPCF.py[line:86]                            INFO Iter: 59	 Loss: 1230.70383322	 Delta: 3.84926443626

Sun, 21 Dec 2014 15:38:56 JPPCF.py[line:86]                            INFO Iter: 60	 Loss: 1226.00197588	 Delta: 4.70185734342

Sun, 21 Dec 2014 15:40:47 JPPCF.py[line:86]                            INFO Iter: 61	 Loss: 1221.62012232	 Delta: 4.38185355393

Sun, 21 Dec 2014 15:42:40 JPPCF.py[line:86]                            INFO Iter: 62	 Loss: 1217.84148501	 Delta: 3.77863730819

Sun, 21 Dec 2014 15:44:33 JPPCF.py[line:86]                            INFO Iter: 63	 Loss: 1214.5486912	 Delta: 3.29279381845

Sun, 21 Dec 2014 15:46:29 JPPCF.py[line:86]                            INFO Iter: 64	 Loss: 1211.88015209	 Delta: 2.66853910116

Sun, 21 Dec 2014 15:48:28 JPPCF.py[line:86]                            INFO Iter: 65	 Loss: 1209.54229876	 Delta: 2.33785333608

