Sun, 21 Dec 2014 10:47:16 demo_at_tsinghua_filter_by_10.py[line:82]                            INFO user num: 3431

Sun, 21 Dec 2014 10:47:16 demo_at_tsinghua_filter_by_10.py[line:83]                            INFO doc num: 7710

Sun, 21 Dec 2014 10:47:16 demo_at_tsinghua_filter_by_10.py[line:84]                            INFO time step num: 20

Sun, 21 Dec 2014 10:47:16 demo_at_tsinghua_filter_by_10.py[line:91]                            INFO non zero cell num: 1338
Sun, 21 Dec 2014 10:47:16 demo_at_tsinghua_filter_by_10.py[line:92]                            INFO start nmf:

Sun, 21 Dec 2014 10:47:22 nmf.py[line:109]                            INFO Iter: 1	 Loss: 1341.52174266	 Delta: 998658.478257

Sun, 21 Dec 2014 10:47:28 nmf.py[line:109]                            INFO Iter: 2	 Loss: 1203.96173994	 Delta: 137.560002725

Sun, 21 Dec 2014 10:47:34 nmf.py[line:109]                            INFO Iter: 3	 Loss: 1050.20405849	 Delta: 153.75768145

Sun, 21 Dec 2014 10:47:40 nmf.py[line:109]                            INFO Iter: 4	 Loss: 833.406242464	 Delta: 216.797816022

Sun, 21 Dec 2014 10:47:46 nmf.py[line:109]                            INFO Iter: 5	 Loss: 672.894716871	 Delta: 160.511525592

Sun, 21 Dec 2014 10:47:52 nmf.py[line:109]                            INFO Iter: 6	 Loss: 557.412180329	 Delta: 115.482536543

Sun, 21 Dec 2014 10:47:58 nmf.py[line:109]                            INFO Iter: 7	 Loss: 468.861127471	 Delta: 88.5510528575

Sun, 21 Dec 2014 10:48:03 nmf.py[line:109]                            INFO Iter: 8	 Loss: 412.380258535	 Delta: 56.4808689364

Sun, 21 Dec 2014 10:48:09 nmf.py[line:109]                            INFO Iter: 9	 Loss: 371.052212291	 Delta: 41.3280462436

Sun, 21 Dec 2014 10:48:15 nmf.py[line:109]                            INFO Iter: 10	 Loss: 343.322867546	 Delta: 27.7293447451

Sun, 21 Dec 2014 10:48:20 nmf.py[line:109]                            INFO Iter: 11	 Loss: 322.389620246	 Delta: 20.9332473005

Sun, 21 Dec 2014 10:48:26 nmf.py[line:109]                            INFO Iter: 12	 Loss: 302.477360433	 Delta: 19.9122598123

Sun, 21 Dec 2014 10:48:32 nmf.py[line:109]                            INFO Iter: 13	 Loss: 287.291176151	 Delta: 15.1861842826

Sun, 21 Dec 2014 10:48:39 nmf.py[line:109]                            INFO Iter: 14	 Loss: 275.722809156	 Delta: 11.568366995

Sun, 21 Dec 2014 10:48:46 nmf.py[line:109]                            INFO Iter: 15	 Loss: 265.903146399	 Delta: 9.81966275735

Sun, 21 Dec 2014 10:48:52 nmf.py[line:109]                            INFO Iter: 16	 Loss: 256.637403187	 Delta: 9.26574321183

Sun, 21 Dec 2014 10:48:58 nmf.py[line:109]                            INFO Iter: 17	 Loss: 248.469731667	 Delta: 8.16767151937

Sun, 21 Dec 2014 10:49:05 nmf.py[line:109]                            INFO Iter: 18	 Loss: 241.059335388	 Delta: 7.41039627925

Sun, 21 Dec 2014 10:49:12 nmf.py[line:109]                            INFO Iter: 19	 Loss: 234.320497655	 Delta: 6.73883773301

Sun, 21 Dec 2014 10:49:18 nmf.py[line:109]                            INFO Iter: 20	 Loss: 228.241497364	 Delta: 6.07900029125

Sun, 21 Dec 2014 10:49:23 nmf.py[line:109]                            INFO Iter: 21	 Loss: 223.087043999	 Delta: 5.1544533652

Sun, 21 Dec 2014 10:49:30 nmf.py[line:109]                            INFO Iter: 22	 Loss: 218.431087288	 Delta: 4.65595671079

Sun, 21 Dec 2014 10:49:36 nmf.py[line:109]                            INFO Iter: 23	 Loss: 214.378491827	 Delta: 4.05259546105

Sun, 21 Dec 2014 10:49:42 nmf.py[line:109]                            INFO Iter: 24	 Loss: 210.826187153	 Delta: 3.55230467351

Sun, 21 Dec 2014 10:49:48 nmf.py[line:109]                            INFO Iter: 25	 Loss: 207.643748379	 Delta: 3.18243877406

Sun, 21 Dec 2014 10:49:54 nmf.py[line:109]                            INFO Iter: 26	 Loss: 204.456625185	 Delta: 3.18712319399

Sun, 21 Dec 2014 10:50:01 nmf.py[line:109]                            INFO Iter: 27	 Loss: 201.316800619	 Delta: 3.13982456628

Sun, 21 Dec 2014 10:50:07 nmf.py[line:109]                            INFO Iter: 28	 Loss: 198.255576404	 Delta: 3.06122421501

Sun, 21 Dec 2014 10:50:14 nmf.py[line:109]                            INFO Iter: 29	 Loss: 195.658388414	 Delta: 2.59718799002

Sun, 21 Dec 2014 10:50:19 nmf.py[line:109]                            INFO Iter: 30	 Loss: 193.544774209	 Delta: 2.11361420525

Sun, 21 Dec 2014 10:50:25 nmf.py[line:109]                            INFO Iter: 31	 Loss: 191.757131812	 Delta: 1.78764239711

Sun, 21 Dec 2014 10:50:31 nmf.py[line:109]                            INFO Iter: 32	 Loss: 190.171195472	 Delta: 1.58593633936

Sun, 21 Dec 2014 10:50:37 nmf.py[line:109]                            INFO Iter: 33	 Loss: 188.718188285	 Delta: 1.45300718746

Sun, 21 Dec 2014 10:50:43 nmf.py[line:109]                            INFO Iter: 34	 Loss: 187.424659499	 Delta: 1.29352878594

Sun, 21 Dec 2014 10:50:50 nmf.py[line:109]                            INFO Iter: 35	 Loss: 186.337734717	 Delta: 1.08692478145

Sun, 21 Dec 2014 10:50:56 nmf.py[line:109]                            INFO Iter: 36	 Loss: 185.420978244	 Delta: 0.916756473381

Sun, 21 Dec 2014 10:50:56 nmf.py[line:113]                            INFO NMF OK
Sun, 21 Dec 2014 10:50:56 demo_at_tsinghua_filter_by_10.py[line:102]                            INFO 
=========================

Sun, 21 Dec 2014 10:50:56 demo_at_tsinghua_filter_by_10.py[line:103]                            INFO time_step number %i:	2
Sun, 21 Dec 2014 10:50:56 demo_at_tsinghua_filter_by_10.py[line:104]                            INFO ----------------

Sun, 21 Dec 2014 10:50:57 demo_at_tsinghua_filter_by_10.py[line:119]                            INFO non zero cell num: 1665
Sun, 21 Dec 2014 10:50:57 demo_at_tsinghua_filter_by_10.py[line:122]                            INFO computing JPP decomposition...
Sun, 21 Dec 2014 10:53:13 JPPCF.py[line:86]                            INFO Iter: 1	 Loss: 3497.85335065	 Delta: 996502.146649

Sun, 21 Dec 2014 10:55:17 JPPCF.py[line:86]                            INFO Iter: 2	 Loss: 3488.8035081	 Delta: 9.04984255431

Sun, 21 Dec 2014 10:57:52 JPPCF.py[line:86]                            INFO Iter: 3	 Loss: 2961.19439943	 Delta: 527.609108662

Sun, 21 Dec 2014 11:01:16 JPPCF.py[line:86]                            INFO Iter: 4	 Loss: 2490.83411711	 Delta: 470.360282327

Sun, 21 Dec 2014 11:04:40 JPPCF.py[line:86]                            INFO Iter: 5	 Loss: 2153.51548129	 Delta: 337.318635818

Sun, 21 Dec 2014 11:07:49 JPPCF.py[line:86]                            INFO Iter: 6	 Loss: 1890.87721291	 Delta: 262.638268376

Sun, 21 Dec 2014 11:10:48 JPPCF.py[line:86]                            INFO Iter: 7	 Loss: 1647.42138993	 Delta: 243.455822983

Sun, 21 Dec 2014 11:13:43 JPPCF.py[line:86]                            INFO Iter: 8	 Loss: 1511.41971452	 Delta: 136.001675405

Sun, 21 Dec 2014 11:16:33 JPPCF.py[line:86]                            INFO Iter: 9	 Loss: 1432.02667052	 Delta: 79.3930440085

Sun, 21 Dec 2014 11:19:26 JPPCF.py[line:86]                            INFO Iter: 10	 Loss: 1372.14341632	 Delta: 59.8832541951

Sun, 21 Dec 2014 11:22:13 JPPCF.py[line:86]                            INFO Iter: 11	 Loss: 1322.43081419	 Delta: 49.7126021347

Sun, 21 Dec 2014 11:25:21 JPPCF.py[line:86]                            INFO Iter: 12	 Loss: 1274.79514993	 Delta: 47.6356642536

Sun, 21 Dec 2014 11:28:17 JPPCF.py[line:86]                            INFO Iter: 13	 Loss: 1239.00659293	 Delta: 35.7885569989

Sun, 21 Dec 2014 11:31:13 JPPCF.py[line:86]                            INFO Iter: 14	 Loss: 1210.05420277	 Delta: 28.9523901652

Sun, 21 Dec 2014 11:34:14 JPPCF.py[line:86]                            INFO Iter: 15	 Loss: 1182.20922457	 Delta: 27.8449781981

Sun, 21 Dec 2014 11:37:04 JPPCF.py[line:86]                            INFO Iter: 16	 Loss: 1156.47240382	 Delta: 25.7368207521

Sun, 21 Dec 2014 11:39:59 JPPCF.py[line:86]                            INFO Iter: 17	 Loss: 1134.60714442	 Delta: 21.8652594005

Sun, 21 Dec 2014 11:42:55 JPPCF.py[line:86]                            INFO Iter: 18	 Loss: 1117.23284053	 Delta: 17.3743038891

Sun, 21 Dec 2014 11:45:27 JPPCF.py[line:86]                            INFO Iter: 19	 Loss: 1099.59895856	 Delta: 17.6338819668

Sun, 21 Dec 2014 11:48:19 JPPCF.py[line:86]                            INFO Iter: 20	 Loss: 1083.44568841	 Delta: 16.1532701487

Sun, 21 Dec 2014 11:51:17 JPPCF.py[line:86]                            INFO Iter: 21	 Loss: 1068.9606555	 Delta: 14.4850329163

Sun, 21 Dec 2014 11:54:18 JPPCF.py[line:86]                            INFO Iter: 22	 Loss: 1056.29818905	 Delta: 12.6624664516

Sun, 21 Dec 2014 11:56:41 JPPCF.py[line:86]                            INFO Iter: 23	 Loss: 1046.34436562	 Delta: 9.9538234302

Sun, 21 Dec 2014 11:59:11 JPPCF.py[line:86]                            INFO Iter: 24	 Loss: 1037.3635872	 Delta: 8.98077841183

Sun, 21 Dec 2014 12:01:46 JPPCF.py[line:86]                            INFO Iter: 25	 Loss: 1028.27722618	 Delta: 9.0863610258

Sun, 21 Dec 2014 12:04:16 JPPCF.py[line:86]                            INFO Iter: 26	 Loss: 1019.8186147	 Delta: 8.45861148136

Sun, 21 Dec 2014 12:06:48 JPPCF.py[line:86]                            INFO Iter: 27	 Loss: 1013.18450725	 Delta: 6.63410744778

Sun, 21 Dec 2014 12:09:36 JPPCF.py[line:86]                            INFO Iter: 28	 Loss: 1007.89119208	 Delta: 5.29331517005

Sun, 21 Dec 2014 12:12:04 JPPCF.py[line:86]                            INFO Iter: 29	 Loss: 1003.40049127	 Delta: 4.49070080446

Sun, 21 Dec 2014 12:14:33 JPPCF.py[line:86]                            INFO Iter: 30	 Loss: 998.811646468	 Delta: 4.58884480565

Sun, 21 Dec 2014 12:17:08 JPPCF.py[line:86]                            INFO Iter: 31	 Loss: 992.431837777	 Delta: 6.3798086918

Sun, 21 Dec 2014 12:19:41 JPPCF.py[line:86]                            INFO Iter: 32	 Loss: 984.984638913	 Delta: 7.4471988636

Sun, 21 Dec 2014 12:22:15 JPPCF.py[line:86]                            INFO Iter: 33	 Loss: 979.148160793	 Delta: 5.83647812021

Sun, 21 Dec 2014 12:24:47 JPPCF.py[line:86]                            INFO Iter: 34	 Loss: 975.333047	 Delta: 3.81511379335

Sun, 21 Dec 2014 12:27:07 JPPCF.py[line:86]                            INFO Iter: 35	 Loss: 972.831960461	 Delta: 2.50108653827

Sun, 21 Dec 2014 12:29:27 JPPCF.py[line:86]                            INFO Iter: 36	 Loss: 969.786284654	 Delta: 3.04567580711

Sun, 21 Dec 2014 12:31:34 JPPCF.py[line:86]                            INFO Iter: 37	 Loss: 966.744671669	 Delta: 3.04161298522

Sun, 21 Dec 2014 12:34:02 JPPCF.py[line:86]                            INFO Iter: 38	 Loss: 963.073860938	 Delta: 3.67081073108

Sun, 21 Dec 2014 12:36:39 JPPCF.py[line:86]                            INFO Iter: 39	 Loss: 960.590772437	 Delta: 2.4830885006

Sun, 21 Dec 2014 12:38:54 JPPCF.py[line:86]                            INFO Iter: 40	 Loss: 958.971222877	 Delta: 1.61954956036

Sun, 21 Dec 2014 12:41:16 JPPCF.py[line:86]                            INFO Iter: 41	 Loss: 957.310462848	 Delta: 1.66076002936

Sun, 21 Dec 2014 12:43:40 JPPCF.py[line:86]                            INFO Iter: 42	 Loss: 955.539639005	 Delta: 1.77082384204

Sun, 21 Dec 2014 12:45:54 JPPCF.py[line:86]                            INFO Iter: 43	 Loss: 953.282573061	 Delta: 2.25706594482

Sun, 21 Dec 2014 12:48:10 JPPCF.py[line:86]                            INFO Iter: 44	 Loss: 950.597350127	 Delta: 2.68522293357

Sun, 21 Dec 2014 12:50:05 JPPCF.py[line:86]                            INFO Iter: 45	 Loss: 948.570041451	 Delta: 2.02730867653

Sun, 21 Dec 2014 12:52:02 JPPCF.py[line:86]                            INFO Iter: 46	 Loss: 946.831553133	 Delta: 1.73848831757

Sun, 21 Dec 2014 12:53:58 JPPCF.py[line:86]                            INFO Iter: 47	 Loss: 945.380086014	 Delta: 1.45146711908

Sun, 21 Dec 2014 12:55:56 JPPCF.py[line:86]                            INFO Iter: 48	 Loss: 944.172698565	 Delta: 1.20738744914

Sun, 21 Dec 2014 12:57:54 JPPCF.py[line:86]                            INFO Iter: 49	 Loss: 943.154994649	 Delta: 1.01770391531

Sun, 21 Dec 2014 12:59:50 JPPCF.py[line:86]                            INFO Iter: 50	 Loss: 942.211438774	 Delta: 0.943555875195

Sun, 21 Dec 2014 12:59:50 JPPCF.py[line:88]                            INFO JPPCF OK

Sun, 21 Dec 2014 12:59:53 demo_at_tsinghua_filter_by_10.py[line:128]                            INFO [ok]
computing t-model NMF decomposition...
Sun, 21 Dec 2014 12:59:59 nmf.py[line:109]                            INFO Iter: 1	 Loss: 1667.99210349	 Delta: 998332.007897

Sun, 21 Dec 2014 13:00:05 nmf.py[line:109]                            INFO Iter: 2	 Loss: 1609.40646208	 Delta: 58.5856414052

Sun, 21 Dec 2014 13:00:11 nmf.py[line:109]                            INFO Iter: 3	 Loss: 1438.43776978	 Delta: 170.968692302

Sun, 21 Dec 2014 13:00:17 nmf.py[line:109]                            INFO Iter: 4	 Loss: 1179.22441963	 Delta: 259.213350146

Sun, 21 Dec 2014 13:00:22 nmf.py[line:109]                            INFO Iter: 5	 Loss: 996.262316328	 Delta: 182.962103305

Sun, 21 Dec 2014 13:00:28 nmf.py[line:109]                            INFO Iter: 6	 Loss: 890.135389585	 Delta: 106.126926743

Sun, 21 Dec 2014 13:00:35 nmf.py[line:109]                            INFO Iter: 7	 Loss: 804.30702083	 Delta: 85.8283687554

Sun, 21 Dec 2014 13:00:41 nmf.py[line:109]                            INFO Iter: 8	 Loss: 737.492437377	 Delta: 66.814583453

Sun, 21 Dec 2014 13:00:47 nmf.py[line:109]                            INFO Iter: 9	 Loss: 685.485481682	 Delta: 52.0069556946

Sun, 21 Dec 2014 13:00:53 nmf.py[line:109]                            INFO Iter: 10	 Loss: 635.330976006	 Delta: 50.1545056759

Sun, 21 Dec 2014 13:01:00 nmf.py[line:109]                            INFO Iter: 11	 Loss: 594.610414508	 Delta: 40.7205614977

Sun, 21 Dec 2014 13:01:06 nmf.py[line:109]                            INFO Iter: 12	 Loss: 569.639540215	 Delta: 24.9708742931

Sun, 21 Dec 2014 13:01:11 nmf.py[line:109]                            INFO Iter: 13	 Loss: 554.987634102	 Delta: 14.6519061128

Sun, 21 Dec 2014 13:01:18 nmf.py[line:109]                            INFO Iter: 14	 Loss: 544.206579709	 Delta: 10.7810543937

Sun, 21 Dec 2014 13:01:24 nmf.py[line:109]                            INFO Iter: 15	 Loss: 537.052220869	 Delta: 7.15435883936

Sun, 21 Dec 2014 13:01:30 nmf.py[line:109]                            INFO Iter: 16	 Loss: 532.358002781	 Delta: 4.69421808831

Sun, 21 Dec 2014 13:01:36 nmf.py[line:109]                            INFO Iter: 17	 Loss: 528.439959741	 Delta: 3.91804303962

Sun, 21 Dec 2014 13:01:42 nmf.py[line:109]                            INFO Iter: 18	 Loss: 524.846006047	 Delta: 3.59395369473

Sun, 21 Dec 2014 13:01:49 nmf.py[line:109]                            INFO Iter: 19	 Loss: 521.978528802	 Delta: 2.8674772447

Sun, 21 Dec 2014 13:01:55 nmf.py[line:109]                            INFO Iter: 20	 Loss: 519.324480159	 Delta: 2.6540486426

Sun, 21 Dec 2014 13:02:01 nmf.py[line:109]                            INFO Iter: 21	 Loss: 516.850846912	 Delta: 2.47363324782

Sun, 21 Dec 2014 13:02:07 nmf.py[line:109]                            INFO Iter: 22	 Loss: 514.425626144	 Delta: 2.42522076793

Sun, 21 Dec 2014 13:02:13 nmf.py[line:109]                            INFO Iter: 23	 Loss: 511.856291812	 Delta: 2.56933433145

Sun, 21 Dec 2014 13:02:19 nmf.py[line:109]                            INFO Iter: 24	 Loss: 509.170048164	 Delta: 2.68624364834

Sun, 21 Dec 2014 13:02:25 nmf.py[line:109]                            INFO Iter: 25	 Loss: 506.778308611	 Delta: 2.39173955288

Sun, 21 Dec 2014 13:02:30 nmf.py[line:109]                            INFO Iter: 26	 Loss: 504.834417054	 Delta: 1.9438915569

Sun, 21 Dec 2014 13:02:36 nmf.py[line:109]                            INFO Iter: 27	 Loss: 503.290863439	 Delta: 1.54355361539

Sun, 21 Dec 2014 13:02:43 nmf.py[line:109]                            INFO Iter: 28	 Loss: 502.173747206	 Delta: 1.1171162323

Sun, 21 Dec 2014 13:02:49 nmf.py[line:109]                            INFO Iter: 29	 Loss: 501.397679324	 Delta: 0.776067882013

Sun, 21 Dec 2014 13:02:49 nmf.py[line:113]                            INFO NMF OK
Sun, 21 Dec 2014 13:02:51 demo_at_tsinghua_filter_by_10.py[line:134]                            INFO [ok]
computing fix_model NMF decomposition...
Sun, 21 Dec 2014 13:02:52 demo_at_tsinghua_filter_by_10.py[line:142]                            INFO non zero cell num: 1665
Sun, 21 Dec 2014 13:02:58 nmf.py[line:109]                            INFO Iter: 1	 Loss: 1667.99783592	 Delta: 998332.002164

Sun, 21 Dec 2014 13:03:04 nmf.py[line:109]                            INFO Iter: 2	 Loss: 1611.72523971	 Delta: 56.2725962054

Sun, 21 Dec 2014 13:03:10 nmf.py[line:109]                            INFO Iter: 3	 Loss: 1481.87118865	 Delta: 129.854051068

Sun, 21 Dec 2014 13:03:16 nmf.py[line:109]                            INFO Iter: 4	 Loss: 1218.66586245	 Delta: 263.205326191

Sun, 21 Dec 2014 13:03:21 nmf.py[line:109]                            INFO Iter: 5	 Loss: 1034.76989722	 Delta: 183.895965231

Sun, 21 Dec 2014 13:03:27 nmf.py[line:109]                            INFO Iter: 6	 Loss: 910.810400406	 Delta: 123.959496817

Sun, 21 Dec 2014 13:03:33 nmf.py[line:109]                            INFO Iter: 7	 Loss: 823.473528988	 Delta: 87.3368714175

Sun, 21 Dec 2014 13:03:39 nmf.py[line:109]                            INFO Iter: 8	 Loss: 762.755880287	 Delta: 60.7176487015

Sun, 21 Dec 2014 13:03:45 nmf.py[line:109]                            INFO Iter: 9	 Loss: 712.985514931	 Delta: 49.7703653555

Sun, 21 Dec 2014 13:03:52 nmf.py[line:109]                            INFO Iter: 10	 Loss: 674.024328506	 Delta: 38.9611864251

Sun, 21 Dec 2014 13:03:57 nmf.py[line:109]                            INFO Iter: 11	 Loss: 643.676220325	 Delta: 30.3481081815

Sun, 21 Dec 2014 13:04:03 nmf.py[line:109]                            INFO Iter: 12	 Loss: 619.744296392	 Delta: 23.9319239322

Sun, 21 Dec 2014 13:04:10 nmf.py[line:109]                            INFO Iter: 13	 Loss: 599.415752525	 Delta: 20.3285438678

Sun, 21 Dec 2014 13:04:16 nmf.py[line:109]                            INFO Iter: 14	 Loss: 581.412602331	 Delta: 18.0031501941

Sun, 21 Dec 2014 13:04:22 nmf.py[line:109]                            INFO Iter: 15	 Loss: 567.133059299	 Delta: 14.279543032

Sun, 21 Dec 2014 13:04:28 nmf.py[line:109]                            INFO Iter: 16	 Loss: 553.817494813	 Delta: 13.3155644851

Sun, 21 Dec 2014 13:04:33 nmf.py[line:109]                            INFO Iter: 17	 Loss: 541.146976716	 Delta: 12.6705180976

Sun, 21 Dec 2014 13:04:40 nmf.py[line:109]                            INFO Iter: 18	 Loss: 529.238577601	 Delta: 11.9083991153

Sun, 21 Dec 2014 13:04:45 nmf.py[line:109]                            INFO Iter: 19	 Loss: 519.520966551	 Delta: 9.71761104947

Sun, 21 Dec 2014 13:04:51 nmf.py[line:109]                            INFO Iter: 20	 Loss: 512.733263189	 Delta: 6.78770336185

Sun, 21 Dec 2014 13:04:57 nmf.py[line:109]                            INFO Iter: 21	 Loss: 508.214385979	 Delta: 4.51887721018

Sun, 21 Dec 2014 13:05:03 nmf.py[line:109]                            INFO Iter: 22	 Loss: 505.060293168	 Delta: 3.15409281134

Sun, 21 Dec 2014 13:05:09 nmf.py[line:109]                            INFO Iter: 23	 Loss: 502.546423046	 Delta: 2.5138701219

Sun, 21 Dec 2014 13:05:15 nmf.py[line:109]                            INFO Iter: 24	 Loss: 500.454420277	 Delta: 2.09200276898

Sun, 21 Dec 2014 13:05:21 nmf.py[line:109]                            INFO Iter: 25	 Loss: 498.803977094	 Delta: 1.6504431829

Sun, 21 Dec 2014 13:05:27 nmf.py[line:109]                            INFO Iter: 26	 Loss: 497.37222015	 Delta: 1.43175694432

Sun, 21 Dec 2014 13:05:33 nmf.py[line:109]                            INFO Iter: 27	 Loss: 496.305957019	 Delta: 1.06626313116

Sun, 21 Dec 2014 13:05:39 nmf.py[line:109]                            INFO Iter: 28	 Loss: 495.584081934	 Delta: 0.721875084685

Sun, 21 Dec 2014 13:05:39 nmf.py[line:113]                            INFO NMF OK
Sun, 21 Dec 2014 13:05:42 demo_at_tsinghua_filter_by_10.py[line:148]                            INFO [ok]

Sun, 21 Dec 2014 13:05:42 demo_at_tsinghua_filter_by_10.py[line:150]                            INFO 	 fold_id:0

Sun, 21 Dec 2014 13:05:42 demo_at_tsinghua_filter_by_10.py[line:152]                            INFO 	recall at 10:
Sun, 21 Dec 2014 13:06:01 demo_at_tsinghua_filter_by_10.py[line:177]                            INFO 		t-model NMF :  0.287248232626

Sun, 21 Dec 2014 13:06:01 demo_at_tsinghua_filter_by_10.py[line:178]                            INFO 		f-model NMF :  0.269971321862

Sun, 21 Dec 2014 13:06:01 demo_at_tsinghua_filter_by_10.py[line:179]                            INFO 		JPPCF :  0.292810457516

Sun, 21 Dec 2014 13:06:01 demo_at_tsinghua_filter_by_10.py[line:152]                            INFO 	recall at 50:
Sun, 21 Dec 2014 13:06:22 demo_at_tsinghua_filter_by_10.py[line:177]                            INFO 		t-model NMF :  0.547662398293

Sun, 21 Dec 2014 13:06:22 demo_at_tsinghua_filter_by_10.py[line:178]                            INFO 		f-model NMF :  0.547715752968

Sun, 21 Dec 2014 13:06:22 demo_at_tsinghua_filter_by_10.py[line:179]                            INFO 		JPPCF :  0.526974122983

Sun, 21 Dec 2014 13:06:22 demo_at_tsinghua_filter_by_10.py[line:152]                            INFO 	recall at 100:
Sun, 21 Dec 2014 13:06:41 demo_at_tsinghua_filter_by_10.py[line:177]                            INFO 		t-model NMF :  0.657946511938

Sun, 21 Dec 2014 13:06:41 demo_at_tsinghua_filter_by_10.py[line:178]                            INFO 		f-model NMF :  0.668090569561

Sun, 21 Dec 2014 13:06:41 demo_at_tsinghua_filter_by_10.py[line:179]                            INFO 		JPPCF :  0.65653928238

Sun, 21 Dec 2014 13:06:41 demo_at_tsinghua_filter_by_10.py[line:152]                            INFO 	recall at 300:
Sun, 21 Dec 2014 13:07:02 demo_at_tsinghua_filter_by_10.py[line:177]                            INFO 		t-model NMF :  0.853841536615

Sun, 21 Dec 2014 13:07:02 demo_at_tsinghua_filter_by_10.py[line:178]                            INFO 		f-model NMF :  0.828351340536

Sun, 21 Dec 2014 13:07:02 demo_at_tsinghua_filter_by_10.py[line:179]                            INFO 		JPPCF :  0.797088835534

Sun, 21 Dec 2014 13:07:02 demo_at_tsinghua_filter_by_10.py[line:152]                            INFO 	recall at 500:
Sun, 21 Dec 2014 13:07:23 demo_at_tsinghua_filter_by_10.py[line:177]                            INFO 		t-model NMF :  0.877801120448

Sun, 21 Dec 2014 13:07:23 demo_at_tsinghua_filter_by_10.py[line:178]                            INFO 		f-model NMF :  0.862394957983

Sun, 21 Dec 2014 13:07:23 demo_at_tsinghua_filter_by_10.py[line:179]                            INFO 		JPPCF :  0.877217553688

Sun, 21 Dec 2014 13:07:23 demo_at_tsinghua_filter_by_10.py[line:152]                            INFO 	recall at 1000:
Sun, 21 Dec 2014 13:07:44 demo_at_tsinghua_filter_by_10.py[line:177]                            INFO 		t-model NMF :  0.90056022409

Sun, 21 Dec 2014 13:07:44 demo_at_tsinghua_filter_by_10.py[line:178]                            INFO 		f-model NMF :  0.893557422969

Sun, 21 Dec 2014 13:07:44 demo_at_tsinghua_filter_by_10.py[line:179]                            INFO 		JPPCF :  0.927170868347

Sun, 21 Dec 2014 13:07:44 demo_at_tsinghua_filter_by_10.py[line:181]                            INFO current_time_step: 2

Sun, 21 Dec 2014 13:07:44 demo_at_tsinghua_filter_by_10.py[line:184]                            INFO 	recall at 10:
Sun, 21 Dec 2014 13:07:44 demo_at_tsinghua_filter_by_10.py[line:188]                            INFO 		avg t-model NMF :  0.287248232626

Sun, 21 Dec 2014 13:07:44 demo_at_tsinghua_filter_by_10.py[line:189]                            INFO 		avg f-model NMF :  0.269971321862

Sun, 21 Dec 2014 13:07:44 demo_at_tsinghua_filter_by_10.py[line:190]                            INFO 		avg JPPCF :  0.292810457516

Sun, 21 Dec 2014 13:07:44 demo_at_tsinghua_filter_by_10.py[line:184]                            INFO 	recall at 50:
Sun, 21 Dec 2014 13:07:44 demo_at_tsinghua_filter_by_10.py[line:188]                            INFO 		avg t-model NMF :  0.547662398293

Sun, 21 Dec 2014 13:07:44 demo_at_tsinghua_filter_by_10.py[line:189]                            INFO 		avg f-model NMF :  0.547715752968

Sun, 21 Dec 2014 13:07:44 demo_at_tsinghua_filter_by_10.py[line:190]                            INFO 		avg JPPCF :  0.526974122983

Sun, 21 Dec 2014 13:07:44 demo_at_tsinghua_filter_by_10.py[line:184]                            INFO 	recall at 100:
Sun, 21 Dec 2014 13:07:44 demo_at_tsinghua_filter_by_10.py[line:188]                            INFO 		avg t-model NMF :  0.657946511938

Sun, 21 Dec 2014 13:07:44 demo_at_tsinghua_filter_by_10.py[line:189]                            INFO 		avg f-model NMF :  0.668090569561

Sun, 21 Dec 2014 13:07:44 demo_at_tsinghua_filter_by_10.py[line:190]                            INFO 		avg JPPCF :  0.65653928238

Sun, 21 Dec 2014 13:07:44 demo_at_tsinghua_filter_by_10.py[line:184]                            INFO 	recall at 300:
Sun, 21 Dec 2014 13:07:44 demo_at_tsinghua_filter_by_10.py[line:188]                            INFO 		avg t-model NMF :  0.853841536615

Sun, 21 Dec 2014 13:07:44 demo_at_tsinghua_filter_by_10.py[line:189]                            INFO 		avg f-model NMF :  0.828351340536

Sun, 21 Dec 2014 13:07:44 demo_at_tsinghua_filter_by_10.py[line:190]                            INFO 		avg JPPCF :  0.797088835534

Sun, 21 Dec 2014 13:07:44 demo_at_tsinghua_filter_by_10.py[line:184]                            INFO 	recall at 500:
Sun, 21 Dec 2014 13:07:44 demo_at_tsinghua_filter_by_10.py[line:188]                            INFO 		avg t-model NMF :  0.877801120448

Sun, 21 Dec 2014 13:07:44 demo_at_tsinghua_filter_by_10.py[line:189]                            INFO 		avg f-model NMF :  0.862394957983

Sun, 21 Dec 2014 13:07:44 demo_at_tsinghua_filter_by_10.py[line:190]                            INFO 		avg JPPCF :  0.877217553688

Sun, 21 Dec 2014 13:07:44 demo_at_tsinghua_filter_by_10.py[line:184]                            INFO 	recall at 1000:
Sun, 21 Dec 2014 13:07:44 demo_at_tsinghua_filter_by_10.py[line:188]                            INFO 		avg t-model NMF :  0.90056022409

Sun, 21 Dec 2014 13:07:44 demo_at_tsinghua_filter_by_10.py[line:189]                            INFO 		avg f-model NMF :  0.893557422969

Sun, 21 Dec 2014 13:07:44 demo_at_tsinghua_filter_by_10.py[line:190]                            INFO 		avg JPPCF :  0.927170868347

Sun, 21 Dec 2014 13:07:44 demo_at_tsinghua_filter_by_10.py[line:204]                            INFO =========================

Sun, 21 Dec 2014 13:07:44 demo_at_tsinghua_filter_by_10.py[line:102]                            INFO 
=========================

Sun, 21 Dec 2014 13:07:44 demo_at_tsinghua_filter_by_10.py[line:103]                            INFO time_step number %i:	3
Sun, 21 Dec 2014 13:07:44 demo_at_tsinghua_filter_by_10.py[line:104]                            INFO ----------------

Sun, 21 Dec 2014 13:07:45 demo_at_tsinghua_filter_by_10.py[line:119]                            INFO non zero cell num: 2740
Sun, 21 Dec 2014 13:07:45 demo_at_tsinghua_filter_by_10.py[line:122]                            INFO computing JPP decomposition...
Sun, 21 Dec 2014 13:09:41 JPPCF.py[line:86]                            INFO Iter: 1	 Loss: 5644.94375766	 Delta: 994355.056242

Sun, 21 Dec 2014 13:11:37 JPPCF.py[line:86]                            INFO Iter: 2	 Loss: 5544.37522837	 Delta: 100.568529289

Sun, 21 Dec 2014 13:13:32 JPPCF.py[line:86]                            INFO Iter: 3	 Loss: 4407.11118753	 Delta: 1137.26404084

Sun, 21 Dec 2014 13:15:27 JPPCF.py[line:86]                            INFO Iter: 4	 Loss: 3833.43121034	 Delta: 573.679977192

Sun, 21 Dec 2014 13:17:23 JPPCF.py[line:86]                            INFO Iter: 5	 Loss: 3287.35557361	 Delta: 546.075636727

Sun, 21 Dec 2014 13:19:17 JPPCF.py[line:86]                            INFO Iter: 6	 Loss: 2900.55404739	 Delta: 386.801526217

Sun, 21 Dec 2014 13:21:14 JPPCF.py[line:86]                            INFO Iter: 7	 Loss: 2560.4305712	 Delta: 340.123476191

Sun, 21 Dec 2014 13:23:08 JPPCF.py[line:86]                            INFO Iter: 8	 Loss: 2326.07311955	 Delta: 234.35745165

Sun, 21 Dec 2014 13:24:54 JPPCF.py[line:86]                            INFO Iter: 9	 Loss: 2133.44274949	 Delta: 192.630370062

Sun, 21 Dec 2014 13:26:44 JPPCF.py[line:86]                            INFO Iter: 10	 Loss: 2003.16421137	 Delta: 130.278538121

Sun, 21 Dec 2014 13:28:34 JPPCF.py[line:86]                            INFO Iter: 11	 Loss: 1901.26810657	 Delta: 101.8961048

Sun, 21 Dec 2014 13:30:31 JPPCF.py[line:86]                            INFO Iter: 12	 Loss: 1817.68667321	 Delta: 83.5814333618

Sun, 21 Dec 2014 13:32:26 JPPCF.py[line:86]                            INFO Iter: 13	 Loss: 1751.52818814	 Delta: 66.158485068

Sun, 21 Dec 2014 13:34:23 JPPCF.py[line:86]                            INFO Iter: 14	 Loss: 1690.5708915	 Delta: 60.9572966338

Sun, 21 Dec 2014 13:36:18 JPPCF.py[line:86]                            INFO Iter: 15	 Loss: 1637.06796723	 Delta: 53.5029242704

Sun, 21 Dec 2014 13:38:15 JPPCF.py[line:86]                            INFO Iter: 16	 Loss: 1595.82359239	 Delta: 41.2443748432

Sun, 21 Dec 2014 13:40:14 JPPCF.py[line:86]                            INFO Iter: 17	 Loss: 1560.08385876	 Delta: 35.7397336356

Sun, 21 Dec 2014 13:42:06 JPPCF.py[line:86]                            INFO Iter: 18	 Loss: 1533.04161119	 Delta: 27.0422475621

Sun, 21 Dec 2014 13:43:59 JPPCF.py[line:86]                            INFO Iter: 19	 Loss: 1509.94604102	 Delta: 23.0955701775

Sun, 21 Dec 2014 13:45:56 JPPCF.py[line:86]                            INFO Iter: 20	 Loss: 1492.47088483	 Delta: 17.475156188

Sun, 21 Dec 2014 13:47:50 JPPCF.py[line:86]                            INFO Iter: 21	 Loss: 1478.33643166	 Delta: 14.1344531677

Sun, 21 Dec 2014 13:49:45 JPPCF.py[line:86]                            INFO Iter: 22	 Loss: 1463.27752684	 Delta: 15.0589048185

Sun, 21 Dec 2014 13:51:38 JPPCF.py[line:86]                            INFO Iter: 23	 Loss: 1450.20469236	 Delta: 13.0728344804

Sun, 21 Dec 2014 13:53:33 JPPCF.py[line:86]                            INFO Iter: 24	 Loss: 1446.04672654	 Delta: 4.15796582124

Sun, 21 Dec 2014 13:55:29 JPPCF.py[line:86]                            INFO Iter: 25	 Loss: 1453.43553756	 Delta: 7.38881102503

Sun, 21 Dec 2014 13:57:22 JPPCF.py[line:86]                            INFO Iter: 26	 Loss: 1460.27198048	 Delta: 6.83644291764

Sun, 21 Dec 2014 13:59:15 JPPCF.py[line:86]                            INFO Iter: 27	 Loss: 1465.86735876	 Delta: 5.5953782767

Sun, 21 Dec 2014 14:01:07 JPPCF.py[line:86]                            INFO Iter: 28	 Loss: 1467.79869162	 Delta: 1.93133285927

Sun, 21 Dec 2014 14:02:58 JPPCF.py[line:86]                            INFO Iter: 29	 Loss: 1465.64226218	 Delta: 2.15642944218

Sun, 21 Dec 2014 14:04:49 JPPCF.py[line:86]                            INFO Iter: 30	 Loss: 1461.77338498	 Delta: 3.86887719556

Sun, 21 Dec 2014 14:06:44 JPPCF.py[line:86]                            INFO Iter: 31	 Loss: 1456.86826938	 Delta: 4.9051155994

Sun, 21 Dec 2014 14:08:40 JPPCF.py[line:86]                            INFO Iter: 32	 Loss: 1452.70628346	 Delta: 4.16198591757

Sun, 21 Dec 2014 14:10:40 JPPCF.py[line:86]                            INFO Iter: 33	 Loss: 1449.71943501	 Delta: 2.98684844876

Sun, 21 Dec 2014 14:12:38 JPPCF.py[line:86]                            INFO Iter: 34	 Loss: 1446.07573201	 Delta: 3.64370300469

Sun, 21 Dec 2014 14:14:30 JPPCF.py[line:86]                            INFO Iter: 35	 Loss: 1442.4131008	 Delta: 3.66263121482

Sun, 21 Dec 2014 14:16:22 JPPCF.py[line:86]                            INFO Iter: 36	 Loss: 1439.23314138	 Delta: 3.17995941583

Sun, 21 Dec 2014 14:18:18 JPPCF.py[line:86]                            INFO Iter: 37	 Loss: 1435.88649424	 Delta: 3.34664713929

Sun, 21 Dec 2014 14:20:11 JPPCF.py[line:86]                            INFO Iter: 38	 Loss: 1431.39680361	 Delta: 4.48969063293

Sun, 21 Dec 2014 14:22:08 JPPCF.py[line:86]                            INFO Iter: 39	 Loss: 1427.40498409	 Delta: 3.99181951802

Sun, 21 Dec 2014 14:24:03 JPPCF.py[line:86]                            INFO Iter: 40	 Loss: 1424.3292596	 Delta: 3.07572448551

Sun, 21 Dec 2014 14:26:00 JPPCF.py[line:86]                            INFO Iter: 41	 Loss: 1422.37841573	 Delta: 1.95084387329

Sun, 21 Dec 2014 14:27:57 JPPCF.py[line:86]                            INFO Iter: 42	 Loss: 1420.91805594	 Delta: 1.46035979347

Sun, 21 Dec 2014 14:29:51 JPPCF.py[line:86]                            INFO Iter: 43	 Loss: 1419.25496953	 Delta: 1.6630864057

Sun, 21 Dec 2014 14:31:45 JPPCF.py[line:86]                            INFO Iter: 44	 Loss: 1416.85538798	 Delta: 2.3995815512

Sun, 21 Dec 2014 14:33:39 JPPCF.py[line:86]                            INFO Iter: 45	 Loss: 1413.97473847	 Delta: 2.88064951111

Sun, 21 Dec 2014 14:35:33 JPPCF.py[line:86]                            INFO Iter: 46	 Loss: 1411.00174847	 Delta: 2.97299000064

Sun, 21 Dec 2014 14:37:28 JPPCF.py[line:86]                            INFO Iter: 47	 Loss: 1407.46454242	 Delta: 3.53720604547

Sun, 21 Dec 2014 14:39:23 JPPCF.py[line:86]                            INFO Iter: 48	 Loss: 1402.88275225	 Delta: 4.58179017495

Sun, 21 Dec 2014 14:41:22 JPPCF.py[line:86]                            INFO Iter: 49	 Loss: 1397.77946337	 Delta: 5.10328888157

Sun, 21 Dec 2014 14:43:12 JPPCF.py[line:86]                            INFO Iter: 50	 Loss: 1391.18012213	 Delta: 6.59934123159

Sun, 21 Dec 2014 14:45:02 JPPCF.py[line:86]                            INFO Iter: 51	 Loss: 1384.07881014	 Delta: 7.10131199174

Sun, 21 Dec 2014 14:46:53 JPPCF.py[line:86]                            INFO Iter: 52	 Loss: 1375.9466304	 Delta: 8.13217974356

Sun, 21 Dec 2014 14:48:52 JPPCF.py[line:86]                            INFO Iter: 53	 Loss: 1366.22977733	 Delta: 9.7168530695

Sun, 21 Dec 2014 14:50:51 JPPCF.py[line:86]                            INFO Iter: 54	 Loss: 1357.28958713	 Delta: 8.94019020234

Sun, 21 Dec 2014 14:52:50 JPPCF.py[line:86]                            INFO Iter: 55	 Loss: 1349.12809915	 Delta: 8.16148797563

Sun, 21 Dec 2014 14:54:50 JPPCF.py[line:86]                            INFO Iter: 56	 Loss: 1339.88094951	 Delta: 9.24714964082

Sun, 21 Dec 2014 14:56:48 JPPCF.py[line:86]                            INFO Iter: 57	 Loss: 1332.23499351	 Delta: 7.64595600621

Sun, 21 Dec 2014 14:58:50 JPPCF.py[line:86]                            INFO Iter: 58	 Loss: 1327.3976266	 Delta: 4.83736690415

Sun, 21 Dec 2014 15:00:47 JPPCF.py[line:86]                            INFO Iter: 59	 Loss: 1324.61581903	 Delta: 2.78180756987

Sun, 21 Dec 2014 15:02:46 JPPCF.py[line:86]                            INFO Iter: 60	 Loss: 1323.01828072	 Delta: 1.59753831039

Sun, 21 Dec 2014 15:04:45 JPPCF.py[line:86]                            INFO Iter: 61	 Loss: 1321.98796749	 Delta: 1.03031323456

Sun, 21 Dec 2014 15:06:41 JPPCF.py[line:86]                            INFO Iter: 62	 Loss: 1320.85271954	 Delta: 1.13524794299

Sun, 21 Dec 2014 15:08:38 JPPCF.py[line:86]                            INFO Iter: 63	 Loss: 1320.69050287	 Delta: 0.162216671567

Sun, 21 Dec 2014 15:08:38 JPPCF.py[line:88]                            INFO JPPCF OK

Sun, 21 Dec 2014 15:08:40 demo_at_tsinghua_filter_by_10.py[line:128]                            INFO [ok]
computing t-model NMF decomposition...
Sun, 21 Dec 2014 15:08:47 nmf.py[line:109]                            INFO Iter: 1	 Loss: 2745.8375172	 Delta: 997254.162483

Sun, 21 Dec 2014 15:08:52 nmf.py[line:109]                            INFO Iter: 2	 Loss: 2604.56531601	 Delta: 141.272201192

Sun, 21 Dec 2014 15:08:58 nmf.py[line:109]                            INFO Iter: 3	 Loss: 2426.37080908	 Delta: 178.194506929

Sun, 21 Dec 2014 15:09:03 nmf.py[line:109]                            INFO Iter: 4	 Loss: 2170.54064262	 Delta: 255.83016646

Sun, 21 Dec 2014 15:09:08 nmf.py[line:109]                            INFO Iter: 5	 Loss: 1872.50032826	 Delta: 298.040314358

Sun, 21 Dec 2014 15:09:13 nmf.py[line:109]                            INFO Iter: 6	 Loss: 1657.94276672	 Delta: 214.557561543

Sun, 21 Dec 2014 15:09:19 nmf.py[line:109]                            INFO Iter: 7	 Loss: 1518.73825988	 Delta: 139.204506838

Sun, 21 Dec 2014 15:09:25 nmf.py[line:109]                            INFO Iter: 8	 Loss: 1418.65191976	 Delta: 100.086340117

Sun, 21 Dec 2014 15:09:30 nmf.py[line:109]                            INFO Iter: 9	 Loss: 1339.44124745	 Delta: 79.2106723107

Sun, 21 Dec 2014 15:09:36 nmf.py[line:109]                            INFO Iter: 10	 Loss: 1277.55726825	 Delta: 61.8839792012

Sun, 21 Dec 2014 15:09:42 nmf.py[line:109]                            INFO Iter: 11	 Loss: 1228.48250052	 Delta: 49.0747677321

Sun, 21 Dec 2014 15:09:49 nmf.py[line:109]                            INFO Iter: 12	 Loss: 1189.32878187	 Delta: 39.1537186453

Sun, 21 Dec 2014 15:09:55 nmf.py[line:109]                            INFO Iter: 13	 Loss: 1158.65588136	 Delta: 30.6729005175

Sun, 21 Dec 2014 15:10:01 nmf.py[line:109]                            INFO Iter: 14	 Loss: 1136.53891012	 Delta: 22.1169712347

Sun, 21 Dec 2014 15:10:07 nmf.py[line:109]                            INFO Iter: 15	 Loss: 1121.8465946	 Delta: 14.6923155176

Sun, 21 Dec 2014 15:10:13 nmf.py[line:109]                            INFO Iter: 16	 Loss: 1111.73071842	 Delta: 10.1158761797

Sun, 21 Dec 2014 15:10:18 nmf.py[line:109]                            INFO Iter: 17	 Loss: 1103.72150129	 Delta: 8.00921713384

Sun, 21 Dec 2014 15:10:24 nmf.py[line:109]                            INFO Iter: 18	 Loss: 1096.57495674	 Delta: 7.14654454869

Sun, 21 Dec 2014 15:10:29 nmf.py[line:109]                            INFO Iter: 19	 Loss: 1090.4681023	 Delta: 6.10685443988

Sun, 21 Dec 2014 15:10:36 nmf.py[line:109]                            INFO Iter: 20	 Loss: 1085.31814978	 Delta: 5.14995252459

Sun, 21 Dec 2014 15:10:42 nmf.py[line:109]                            INFO Iter: 21	 Loss: 1080.77181714	 Delta: 4.5463326406

Sun, 21 Dec 2014 15:10:47 nmf.py[line:109]                            INFO Iter: 22	 Loss: 1076.50054166	 Delta: 4.27127547494

Sun, 21 Dec 2014 15:10:53 nmf.py[line:109]                            INFO Iter: 23	 Loss: 1072.34694134	 Delta: 4.15360031824

Sun, 21 Dec 2014 15:10:59 nmf.py[line:109]                            INFO Iter: 24	 Loss: 1068.98146787	 Delta: 3.36547346948

Sun, 21 Dec 2014 15:11:04 nmf.py[line:109]                            INFO Iter: 25	 Loss: 1066.13671991	 Delta: 2.84474795916

Sun, 21 Dec 2014 15:11:10 nmf.py[line:109]                            INFO Iter: 26	 Loss: 1063.10288229	 Delta: 3.0338376245

Sun, 21 Dec 2014 15:11:16 nmf.py[line:109]                            INFO Iter: 27	 Loss: 1059.73689879	 Delta: 3.36598350328

Sun, 21 Dec 2014 15:11:21 nmf.py[line:109]                            INFO Iter: 28	 Loss: 1056.66424943	 Delta: 3.07264935483

Sun, 21 Dec 2014 15:11:27 nmf.py[line:109]                            INFO Iter: 29	 Loss: 1054.16263309	 Delta: 2.5016163434

Sun, 21 Dec 2014 15:11:33 nmf.py[line:109]                            INFO Iter: 30	 Loss: 1052.11247089	 Delta: 2.05016219452

Sun, 21 Dec 2014 15:11:39 nmf.py[line:109]                            INFO Iter: 31	 Loss: 1050.54415498	 Delta: 1.56831591046

Sun, 21 Dec 2014 15:11:46 nmf.py[line:109]                            INFO Iter: 32	 Loss: 1049.04696921	 Delta: 1.49718577397

Sun, 21 Dec 2014 15:11:51 nmf.py[line:109]                            INFO Iter: 33	 Loss: 1047.28244323	 Delta: 1.76452597838

Sun, 21 Dec 2014 15:11:57 nmf.py[line:109]                            INFO Iter: 34	 Loss: 1045.62742879	 Delta: 1.65501443641

Sun, 21 Dec 2014 15:12:03 nmf.py[line:109]                            INFO Iter: 35	 Loss: 1044.45063625	 Delta: 1.17679254433

Sun, 21 Dec 2014 15:12:09 nmf.py[line:109]                            INFO Iter: 36	 Loss: 1043.59937855	 Delta: 0.851257701985

Sun, 21 Dec 2014 15:12:09 nmf.py[line:113]                            INFO NMF OK
Sun, 21 Dec 2014 15:12:10 demo_at_tsinghua_filter_by_10.py[line:134]                            INFO [ok]
computing fix_model NMF decomposition...
Sun, 21 Dec 2014 15:12:12 demo_at_tsinghua_filter_by_10.py[line:142]                            INFO non zero cell num: 4612
Sun, 21 Dec 2014 15:12:17 nmf.py[line:109]                            INFO Iter: 1	 Loss: 4624.22331568	 Delta: 995375.776684

Sun, 21 Dec 2014 15:12:22 nmf.py[line:109]                            INFO Iter: 2	 Loss: 4429.26615007	 Delta: 194.957165613

Sun, 21 Dec 2014 15:12:27 nmf.py[line:109]                            INFO Iter: 3	 Loss: 4194.77074295	 Delta: 234.495407116

Sun, 21 Dec 2014 15:12:33 nmf.py[line:109]                            INFO Iter: 4	 Loss: 3697.51020513	 Delta: 497.260537816

Sun, 21 Dec 2014 15:12:38 nmf.py[line:109]                            INFO Iter: 5	 Loss: 3229.69610528	 Delta: 467.814099859

Sun, 21 Dec 2014 15:12:44 nmf.py[line:109]                            INFO Iter: 6	 Loss: 2901.29803092	 Delta: 328.39807436

Sun, 21 Dec 2014 15:12:49 nmf.py[line:109]                            INFO Iter: 7	 Loss: 2676.35644273	 Delta: 224.941588186

Sun, 21 Dec 2014 15:12:55 nmf.py[line:109]                            INFO Iter: 8	 Loss: 2512.6369537	 Delta: 163.719489031

Sun, 21 Dec 2014 15:13:00 nmf.py[line:109]                            INFO Iter: 9	 Loss: 2384.23293553	 Delta: 128.404018164

Sun, 21 Dec 2014 15:13:05 nmf.py[line:109]                            INFO Iter: 10	 Loss: 2278.31852883	 Delta: 105.914406707

Sun, 21 Dec 2014 15:13:11 nmf.py[line:109]                            INFO Iter: 11	 Loss: 2197.84720336	 Delta: 80.4713254622

Sun, 21 Dec 2014 15:13:17 nmf.py[line:109]                            INFO Iter: 12	 Loss: 2138.2018981	 Delta: 59.6453052602

Sun, 21 Dec 2014 15:13:23 nmf.py[line:109]                            INFO Iter: 13	 Loss: 2091.52419564	 Delta: 46.6777024618

Sun, 21 Dec 2014 15:13:29 nmf.py[line:109]                            INFO Iter: 14	 Loss: 2054.01959314	 Delta: 37.5046025069

Sun, 21 Dec 2014 15:13:36 nmf.py[line:109]                            INFO Iter: 15	 Loss: 2023.38089124	 Delta: 30.6387018943

Sun, 21 Dec 2014 15:13:42 nmf.py[line:109]                            INFO Iter: 16	 Loss: 1999.3145089	 Delta: 24.0663823463

Sun, 21 Dec 2014 15:13:48 nmf.py[line:109]                            INFO Iter: 17	 Loss: 1980.95210812	 Delta: 18.3624007763

Sun, 21 Dec 2014 15:13:54 nmf.py[line:109]                            INFO Iter: 18	 Loss: 1965.69090966	 Delta: 15.2611984618

Sun, 21 Dec 2014 15:14:01 nmf.py[line:109]                            INFO Iter: 19	 Loss: 1952.10250339	 Delta: 13.588406272

Sun, 21 Dec 2014 15:14:07 nmf.py[line:109]                            INFO Iter: 20	 Loss: 1940.14438383	 Delta: 11.9581195534

Sun, 21 Dec 2014 15:14:14 nmf.py[line:109]                            INFO Iter: 21	 Loss: 1929.7939719	 Delta: 10.3504119329

Sun, 21 Dec 2014 15:14:20 nmf.py[line:109]                            INFO Iter: 22	 Loss: 1920.9391542	 Delta: 8.85481769505

Sun, 21 Dec 2014 15:14:27 nmf.py[line:109]                            INFO Iter: 23	 Loss: 1913.43558608	 Delta: 7.5035681285

Sun, 21 Dec 2014 15:14:33 nmf.py[line:109]                            INFO Iter: 24	 Loss: 1907.1084219	 Delta: 6.32716417967

Sun, 21 Dec 2014 15:14:39 nmf.py[line:109]                            INFO Iter: 25	 Loss: 1901.75927865	 Delta: 5.34914324886

Sun, 21 Dec 2014 15:14:45 nmf.py[line:109]                            INFO Iter: 26	 Loss: 1897.14786984	 Delta: 4.61140880353

Sun, 21 Dec 2014 15:14:52 nmf.py[line:109]                            INFO Iter: 27	 Loss: 1892.84977757	 Delta: 4.29809227345

Sun, 21 Dec 2014 15:14:58 nmf.py[line:109]                            INFO Iter: 28	 Loss: 1888.58526767	 Delta: 4.26450990029

Sun, 21 Dec 2014 15:15:04 nmf.py[line:109]                            INFO Iter: 29	 Loss: 1884.28909826	 Delta: 4.29616941018

Sun, 21 Dec 2014 15:15:11 nmf.py[line:109]                            INFO Iter: 30	 Loss: 1880.0905747	 Delta: 4.19852355618

Sun, 21 Dec 2014 15:15:17 nmf.py[line:109]                            INFO Iter: 31	 Loss: 1876.45424444	 Delta: 3.63633026247

Sun, 21 Dec 2014 15:15:23 nmf.py[line:109]                            INFO Iter: 32	 Loss: 1873.57202732	 Delta: 2.88221711649

Sun, 21 Dec 2014 15:15:29 nmf.py[line:109]                            INFO Iter: 33	 Loss: 1871.32248965	 Delta: 2.24953767076

Sun, 21 Dec 2014 15:15:35 nmf.py[line:109]                            INFO Iter: 34	 Loss: 1869.40267829	 Delta: 1.91981136052

Sun, 21 Dec 2014 15:15:41 nmf.py[line:109]                            INFO Iter: 35	 Loss: 1867.97256544	 Delta: 1.43011285295

Sun, 21 Dec 2014 15:15:47 nmf.py[line:109]                            INFO Iter: 36	 Loss: 1866.71523073	 Delta: 1.25733470989

Sun, 21 Dec 2014 15:15:53 nmf.py[line:109]                            INFO Iter: 37	 Loss: 1865.47728223	 Delta: 1.23794849913

Sun, 21 Dec 2014 15:15:58 nmf.py[line:109]                            INFO Iter: 38	 Loss: 1864.31910478	 Delta: 1.15817745109

Sun, 21 Dec 2014 15:16:04 nmf.py[line:109]                            INFO Iter: 39	 Loss: 1863.08295501	 Delta: 1.23614976651

Sun, 21 Dec 2014 15:16:10 nmf.py[line:109]                            INFO Iter: 40	 Loss: 1861.89476708	 Delta: 1.18818793596

Sun, 21 Dec 2014 15:16:16 nmf.py[line:109]                            INFO Iter: 41	 Loss: 1860.75499067	 Delta: 1.13977640325

Sun, 21 Dec 2014 15:16:23 nmf.py[line:109]                            INFO Iter: 42	 Loss: 1858.49366061	 Delta: 2.26133006461

Sun, 21 Dec 2014 15:16:29 nmf.py[line:109]                            INFO Iter: 43	 Loss: 1856.63060559	 Delta: 1.86305502274

Sun, 21 Dec 2014 15:16:35 nmf.py[line:109]                            INFO Iter: 44	 Loss: 1855.5374984	 Delta: 1.09310718831

Sun, 21 Dec 2014 15:16:40 nmf.py[line:109]                            INFO Iter: 45	 Loss: 1854.41907403	 Delta: 1.11842436722

Sun, 21 Dec 2014 15:16:46 nmf.py[line:109]                            INFO Iter: 46	 Loss: 1853.70563356	 Delta: 0.713440469174

Sun, 21 Dec 2014 15:16:46 nmf.py[line:113]                            INFO NMF OK
Sun, 21 Dec 2014 15:16:48 demo_at_tsinghua_filter_by_10.py[line:148]                            INFO [ok]

Sun, 21 Dec 2014 15:16:48 demo_at_tsinghua_filter_by_10.py[line:150]                            INFO 	 fold_id:0

Sun, 21 Dec 2014 15:16:48 demo_at_tsinghua_filter_by_10.py[line:152]                            INFO 	recall at 10:
Sun, 21 Dec 2014 15:17:30 demo_at_tsinghua_filter_by_10.py[line:177]                            INFO 		t-model NMF :  0.279368249418

Sun, 21 Dec 2014 15:17:30 demo_at_tsinghua_filter_by_10.py[line:178]                            INFO 		f-model NMF :  0.200277442371

Sun, 21 Dec 2014 15:17:30 demo_at_tsinghua_filter_by_10.py[line:179]                            INFO 		JPPCF :  0.270923495831

Sun, 21 Dec 2014 15:17:30 demo_at_tsinghua_filter_by_10.py[line:152]                            INFO 	recall at 50:
Sun, 21 Dec 2014 15:18:09 demo_at_tsinghua_filter_by_10.py[line:177]                            INFO 		t-model NMF :  0.512846510215

Sun, 21 Dec 2014 15:18:09 demo_at_tsinghua_filter_by_10.py[line:178]                            INFO 		f-model NMF :  0.477258223653

Sun, 21 Dec 2014 15:18:09 demo_at_tsinghua_filter_by_10.py[line:179]                            INFO 		JPPCF :  0.51134389672

Sun, 21 Dec 2014 15:18:09 demo_at_tsinghua_filter_by_10.py[line:152]                            INFO 	recall at 100:
Sun, 21 Dec 2014 15:18:49 demo_at_tsinghua_filter_by_10.py[line:177]                            INFO 		t-model NMF :  0.614613977876

Sun, 21 Dec 2014 15:18:49 demo_at_tsinghua_filter_by_10.py[line:178]                            INFO 		f-model NMF :  0.580695815764

Sun, 21 Dec 2014 15:18:49 demo_at_tsinghua_filter_by_10.py[line:179]                            INFO 		JPPCF :  0.630552653159

Sun, 21 Dec 2014 15:18:49 demo_at_tsinghua_filter_by_10.py[line:152]                            INFO 	recall at 300:
Sun, 21 Dec 2014 15:19:28 demo_at_tsinghua_filter_by_10.py[line:177]                            INFO 		t-model NMF :  0.78983608233

Sun, 21 Dec 2014 15:19:28 demo_at_tsinghua_filter_by_10.py[line:178]                            INFO 		f-model NMF :  0.782879538989

Sun, 21 Dec 2014 15:19:28 demo_at_tsinghua_filter_by_10.py[line:179]                            INFO 		JPPCF :  0.772323990125

Sun, 21 Dec 2014 15:19:28 demo_at_tsinghua_filter_by_10.py[line:152]                            INFO 	recall at 500:
Sun, 21 Dec 2014 15:20:08 demo_at_tsinghua_filter_by_10.py[line:177]                            INFO 		t-model NMF :  0.850303070451

Sun, 21 Dec 2014 15:20:08 demo_at_tsinghua_filter_by_10.py[line:178]                            INFO 		f-model NMF :  0.855599610092

Sun, 21 Dec 2014 15:20:08 demo_at_tsinghua_filter_by_10.py[line:179]                            INFO 		JPPCF :  0.844734014987

Sun, 21 Dec 2014 15:20:08 demo_at_tsinghua_filter_by_10.py[line:152]                            INFO 	recall at 1000:
Sun, 21 Dec 2014 15:20:48 demo_at_tsinghua_filter_by_10.py[line:177]                            INFO 		t-model NMF :  0.91574365429

Sun, 21 Dec 2014 15:20:48 demo_at_tsinghua_filter_by_10.py[line:178]                            INFO 		f-model NMF :  0.966904253358

Sun, 21 Dec 2014 15:20:48 demo_at_tsinghua_filter_by_10.py[line:179]                            INFO 		JPPCF :  0.937953639606

Sun, 21 Dec 2014 15:20:48 demo_at_tsinghua_filter_by_10.py[line:181]                            INFO current_time_step: 3

Sun, 21 Dec 2014 15:20:48 demo_at_tsinghua_filter_by_10.py[line:184]                            INFO 	recall at 10:
Sun, 21 Dec 2014 15:20:48 demo_at_tsinghua_filter_by_10.py[line:188]                            INFO 		avg t-model NMF :  0.279368249418

Sun, 21 Dec 2014 15:20:48 demo_at_tsinghua_filter_by_10.py[line:189]                            INFO 		avg f-model NMF :  0.200277442371

Sun, 21 Dec 2014 15:20:48 demo_at_tsinghua_filter_by_10.py[line:190]                            INFO 		avg JPPCF :  0.270923495831

Sun, 21 Dec 2014 15:20:48 demo_at_tsinghua_filter_by_10.py[line:184]                            INFO 	recall at 50:
Sun, 21 Dec 2014 15:20:48 demo_at_tsinghua_filter_by_10.py[line:188]                            INFO 		avg t-model NMF :  0.512846510215

Sun, 21 Dec 2014 15:20:48 demo_at_tsinghua_filter_by_10.py[line:189]                            INFO 		avg f-model NMF :  0.477258223653

Sun, 21 Dec 2014 15:20:48 demo_at_tsinghua_filter_by_10.py[line:190]                            INFO 		avg JPPCF :  0.51134389672

Sun, 21 Dec 2014 15:20:48 demo_at_tsinghua_filter_by_10.py[line:184]                            INFO 	recall at 100:
Sun, 21 Dec 2014 15:20:48 demo_at_tsinghua_filter_by_10.py[line:188]                            INFO 		avg t-model NMF :  0.614613977876

Sun, 21 Dec 2014 15:20:48 demo_at_tsinghua_filter_by_10.py[line:189]                            INFO 		avg f-model NMF :  0.580695815764

Sun, 21 Dec 2014 15:20:48 demo_at_tsinghua_filter_by_10.py[line:190]                            INFO 		avg JPPCF :  0.630552653159

Sun, 21 Dec 2014 15:20:48 demo_at_tsinghua_filter_by_10.py[line:184]                            INFO 	recall at 300:
Sun, 21 Dec 2014 15:20:48 demo_at_tsinghua_filter_by_10.py[line:188]                            INFO 		avg t-model NMF :  0.78983608233

Sun, 21 Dec 2014 15:20:48 demo_at_tsinghua_filter_by_10.py[line:189]                            INFO 		avg f-model NMF :  0.782879538989

Sun, 21 Dec 2014 15:20:48 demo_at_tsinghua_filter_by_10.py[line:190]                            INFO 		avg JPPCF :  0.772323990125

Sun, 21 Dec 2014 15:20:48 demo_at_tsinghua_filter_by_10.py[line:184]                            INFO 	recall at 500:
Sun, 21 Dec 2014 15:20:48 demo_at_tsinghua_filter_by_10.py[line:188]                            INFO 		avg t-model NMF :  0.850303070451

Sun, 21 Dec 2014 15:20:48 demo_at_tsinghua_filter_by_10.py[line:189]                            INFO 		avg f-model NMF :  0.855599610092

Sun, 21 Dec 2014 15:20:48 demo_at_tsinghua_filter_by_10.py[line:190]                            INFO 		avg JPPCF :  0.844734014987

Sun, 21 Dec 2014 15:20:48 demo_at_tsinghua_filter_by_10.py[line:184]                            INFO 	recall at 1000:
Sun, 21 Dec 2014 15:20:48 demo_at_tsinghua_filter_by_10.py[line:188]                            INFO 		avg t-model NMF :  0.91574365429

Sun, 21 Dec 2014 15:20:48 demo_at_tsinghua_filter_by_10.py[line:189]                            INFO 		avg f-model NMF :  0.966904253358

Sun, 21 Dec 2014 15:20:48 demo_at_tsinghua_filter_by_10.py[line:190]                            INFO 		avg JPPCF :  0.937953639606

Sun, 21 Dec 2014 15:20:48 demo_at_tsinghua_filter_by_10.py[line:204]                            INFO =========================

Sun, 21 Dec 2014 15:20:48 demo_at_tsinghua_filter_by_10.py[line:102]                            INFO 
=========================

Sun, 21 Dec 2014 15:20:48 demo_at_tsinghua_filter_by_10.py[line:103]                            INFO time_step number %i:	4
Sun, 21 Dec 2014 15:20:48 demo_at_tsinghua_filter_by_10.py[line:104]                            INFO ----------------

Sun, 21 Dec 2014 15:20:49 demo_at_tsinghua_filter_by_10.py[line:119]                            INFO non zero cell num: 2707
Sun, 21 Dec 2014 15:20:49 demo_at_tsinghua_filter_by_10.py[line:122]                            INFO computing JPP decomposition...
Sun, 21 Dec 2014 15:22:42 JPPCF.py[line:86]                            INFO Iter: 1	 Loss: 5579.6792742	 Delta: 994420.320726

Sun, 21 Dec 2014 15:24:36 JPPCF.py[line:86]                            INFO Iter: 2	 Loss: 5533.43485659	 Delta: 46.2444176122

Sun, 21 Dec 2014 15:26:25 JPPCF.py[line:86]                            INFO Iter: 3	 Loss: 4358.06886265	 Delta: 1175.36599394

Sun, 21 Dec 2014 15:28:17 JPPCF.py[line:86]                            INFO Iter: 4	 Loss: 3923.68545644	 Delta: 434.383406215

Sun, 21 Dec 2014 15:30:10 JPPCF.py[line:86]                            INFO Iter: 5	 Loss: 3421.3262169	 Delta: 502.359239538

Sun, 21 Dec 2014 15:32:05 JPPCF.py[line:86]                            INFO Iter: 6	 Loss: 2941.55017973	 Delta: 479.776037165

Sun, 21 Dec 2014 15:33:55 JPPCF.py[line:86]                            INFO Iter: 7	 Loss: 2555.41023367	 Delta: 386.13994606

Sun, 21 Dec 2014 15:35:48 JPPCF.py[line:86]                            INFO Iter: 8	 Loss: 2228.51826165	 Delta: 326.891972026

Sun, 21 Dec 2014 15:37:40 JPPCF.py[line:86]                            INFO Iter: 9	 Loss: 1989.48054608	 Delta: 239.037715563

Sun, 21 Dec 2014 15:39:35 JPPCF.py[line:86]                            INFO Iter: 10	 Loss: 1818.5843868	 Delta: 170.896159281

Sun, 21 Dec 2014 15:41:29 JPPCF.py[line:86]                            INFO Iter: 11	 Loss: 1685.92847968	 Delta: 132.655907127

Sun, 21 Dec 2014 15:43:20 JPPCF.py[line:86]                            INFO Iter: 12	 Loss: 1588.36326431	 Delta: 97.5652153637

Sun, 21 Dec 2014 15:45:11 JPPCF.py[line:86]                            INFO Iter: 13	 Loss: 1514.37269757	 Delta: 73.9905667408

Sun, 21 Dec 2014 15:47:07 JPPCF.py[line:86]                            INFO Iter: 14	 Loss: 1455.98151124	 Delta: 58.3911863355

