Sun, 21 Dec 2014 10:56:40 demo_at_tsinghua_filter_by_10.py[line:82]                            INFO user num: 3431

Sun, 21 Dec 2014 10:56:40 demo_at_tsinghua_filter_by_10.py[line:83]                            INFO doc num: 7710

Sun, 21 Dec 2014 10:56:40 demo_at_tsinghua_filter_by_10.py[line:84]                            INFO time step num: 20

Sun, 21 Dec 2014 10:56:41 demo_at_tsinghua_filter_by_10.py[line:91]                            INFO non zero cell num: 1338
Sun, 21 Dec 2014 10:56:41 demo_at_tsinghua_filter_by_10.py[line:92]                            INFO start nmf:

Sun, 21 Dec 2014 10:56:59 nmf.py[line:109]                            INFO Iter: 1	 Loss: 1341.77447757	 Delta: 998658.225522

Sun, 21 Dec 2014 10:57:18 nmf.py[line:109]                            INFO Iter: 2	 Loss: 1239.0363405	 Delta: 102.738137069

Sun, 21 Dec 2014 10:57:37 nmf.py[line:109]                            INFO Iter: 3	 Loss: 1116.36796398	 Delta: 122.668376526

Sun, 21 Dec 2014 10:57:56 nmf.py[line:109]                            INFO Iter: 4	 Loss: 926.042572364	 Delta: 190.325391611

Sun, 21 Dec 2014 10:58:14 nmf.py[line:109]                            INFO Iter: 5	 Loss: 720.737233199	 Delta: 205.305339166

Sun, 21 Dec 2014 10:58:32 nmf.py[line:109]                            INFO Iter: 6	 Loss: 562.819311431	 Delta: 157.917921768

Sun, 21 Dec 2014 10:58:51 nmf.py[line:109]                            INFO Iter: 7	 Loss: 444.534573723	 Delta: 118.284737708

Sun, 21 Dec 2014 10:59:10 nmf.py[line:109]                            INFO Iter: 8	 Loss: 369.581959201	 Delta: 74.9526145213

Sun, 21 Dec 2014 10:59:28 nmf.py[line:109]                            INFO Iter: 9	 Loss: 315.622498955	 Delta: 53.9594602465

Sun, 21 Dec 2014 10:59:48 nmf.py[line:109]                            INFO Iter: 10	 Loss: 277.880635223	 Delta: 37.7418637323

Sun, 21 Dec 2014 11:00:05 nmf.py[line:109]                            INFO Iter: 11	 Loss: 253.928996269	 Delta: 23.9516389537

Sun, 21 Dec 2014 11:00:20 nmf.py[line:109]                            INFO Iter: 12	 Loss: 236.980874027	 Delta: 16.9481222423

Sun, 21 Dec 2014 11:00:39 nmf.py[line:109]                            INFO Iter: 13	 Loss: 222.940283592	 Delta: 14.0405904349

Sun, 21 Dec 2014 11:00:59 nmf.py[line:109]                            INFO Iter: 14	 Loss: 210.01921988	 Delta: 12.921063712

Sun, 21 Dec 2014 11:01:18 nmf.py[line:109]                            INFO Iter: 15	 Loss: 197.684048247	 Delta: 12.3351716326

Sun, 21 Dec 2014 11:01:36 nmf.py[line:109]                            INFO Iter: 16	 Loss: 187.101152745	 Delta: 10.5828955022

Sun, 21 Dec 2014 11:01:55 nmf.py[line:109]                            INFO Iter: 17	 Loss: 178.768978327	 Delta: 8.33217441791

Sun, 21 Dec 2014 11:02:14 nmf.py[line:109]                            INFO Iter: 18	 Loss: 171.600871297	 Delta: 7.16810703063

Sun, 21 Dec 2014 11:02:33 nmf.py[line:109]                            INFO Iter: 19	 Loss: 163.669886646	 Delta: 7.93098465032

Sun, 21 Dec 2014 11:02:53 nmf.py[line:109]                            INFO Iter: 20	 Loss: 155.479095608	 Delta: 8.19079103796

Sun, 21 Dec 2014 11:03:12 nmf.py[line:109]                            INFO Iter: 21	 Loss: 150.146608041	 Delta: 5.33248756692

Sun, 21 Dec 2014 11:03:30 nmf.py[line:109]                            INFO Iter: 22	 Loss: 145.734360176	 Delta: 4.41224786535

Sun, 21 Dec 2014 11:03:49 nmf.py[line:109]                            INFO Iter: 23	 Loss: 141.455087935	 Delta: 4.27927224102

Sun, 21 Dec 2014 11:04:08 nmf.py[line:109]                            INFO Iter: 24	 Loss: 137.987293879	 Delta: 3.46779405617

Sun, 21 Dec 2014 11:04:27 nmf.py[line:109]                            INFO Iter: 25	 Loss: 135.395010045	 Delta: 2.59228383352

Sun, 21 Dec 2014 11:04:46 nmf.py[line:109]                            INFO Iter: 26	 Loss: 133.084588388	 Delta: 2.31042165738

Sun, 21 Dec 2014 11:05:04 nmf.py[line:109]                            INFO Iter: 27	 Loss: 130.546591707	 Delta: 2.53799668079

Sun, 21 Dec 2014 11:05:22 nmf.py[line:109]                            INFO Iter: 28	 Loss: 127.69448601	 Delta: 2.85210569679

Sun, 21 Dec 2014 11:05:42 nmf.py[line:109]                            INFO Iter: 29	 Loss: 125.271480544	 Delta: 2.42300546662

Sun, 21 Dec 2014 11:06:01 nmf.py[line:109]                            INFO Iter: 30	 Loss: 123.623930632	 Delta: 1.64754991216

Sun, 21 Dec 2014 11:06:20 nmf.py[line:109]                            INFO Iter: 31	 Loss: 122.381699403	 Delta: 1.24223122804

Sun, 21 Dec 2014 11:06:39 nmf.py[line:109]                            INFO Iter: 32	 Loss: 121.407865477	 Delta: 0.973833926502

Sun, 21 Dec 2014 11:06:39 nmf.py[line:113]                            INFO NMF OK
Sun, 21 Dec 2014 11:06:39 demo_at_tsinghua_filter_by_10.py[line:102]                            INFO 
=========================

Sun, 21 Dec 2014 11:06:39 demo_at_tsinghua_filter_by_10.py[line:103]                            INFO time_step number %i:	2
Sun, 21 Dec 2014 11:06:39 demo_at_tsinghua_filter_by_10.py[line:104]                            INFO ----------------

Sun, 21 Dec 2014 11:06:40 demo_at_tsinghua_filter_by_10.py[line:119]                            INFO non zero cell num: 1665
Sun, 21 Dec 2014 11:06:40 demo_at_tsinghua_filter_by_10.py[line:122]                            INFO computing JPP decomposition...
Sun, 21 Dec 2014 11:10:01 JPPCF.py[line:86]                            INFO Iter: 1	 Loss: 3497.92319749	 Delta: 996502.076803

Sun, 21 Dec 2014 11:13:29 JPPCF.py[line:86]                            INFO Iter: 2	 Loss: 3489.32145479	 Delta: 8.6017426955

Sun, 21 Dec 2014 11:16:41 JPPCF.py[line:86]                            INFO Iter: 3	 Loss: 3057.66761284	 Delta: 431.653841949

Sun, 21 Dec 2014 11:20:00 JPPCF.py[line:86]                            INFO Iter: 4	 Loss: 2668.75132906	 Delta: 388.916283777

Sun, 21 Dec 2014 11:23:04 JPPCF.py[line:86]                            INFO Iter: 5	 Loss: 2281.1459029	 Delta: 387.605426169

Sun, 21 Dec 2014 11:26:30 JPPCF.py[line:86]                            INFO Iter: 6	 Loss: 2041.70453189	 Delta: 239.441371004

Sun, 21 Dec 2014 11:29:50 JPPCF.py[line:86]                            INFO Iter: 7	 Loss: 1863.55612922	 Delta: 178.148402672

Sun, 21 Dec 2014 11:33:16 JPPCF.py[line:86]                            INFO Iter: 8	 Loss: 1734.13217755	 Delta: 129.423951669

Sun, 21 Dec 2014 11:36:26 JPPCF.py[line:86]                            INFO Iter: 9	 Loss: 1640.06883775	 Delta: 94.0633398042

Sun, 21 Dec 2014 11:39:39 JPPCF.py[line:86]                            INFO Iter: 10	 Loss: 1566.70059699	 Delta: 73.3682407565

Sun, 21 Dec 2014 11:42:43 JPPCF.py[line:86]                            INFO Iter: 11	 Loss: 1506.86687584	 Delta: 59.833721152

Sun, 21 Dec 2014 11:45:41 JPPCF.py[line:86]                            INFO Iter: 12	 Loss: 1462.00424776	 Delta: 44.8626280781

Sun, 21 Dec 2014 11:48:37 JPPCF.py[line:86]                            INFO Iter: 13	 Loss: 1423.27391883	 Delta: 38.7303289265

Sun, 21 Dec 2014 11:51:56 JPPCF.py[line:86]                            INFO Iter: 14	 Loss: 1390.71427261	 Delta: 32.5596462191

Sun, 21 Dec 2014 11:55:13 JPPCF.py[line:86]                            INFO Iter: 15	 Loss: 1359.77729053	 Delta: 30.9369820812

Sun, 21 Dec 2014 11:58:01 JPPCF.py[line:86]                            INFO Iter: 16	 Loss: 1326.99850317	 Delta: 32.7787873673

Sun, 21 Dec 2014 12:00:57 JPPCF.py[line:86]                            INFO Iter: 17	 Loss: 1297.98468515	 Delta: 29.0138180186

Sun, 21 Dec 2014 12:03:43 JPPCF.py[line:86]                            INFO Iter: 18	 Loss: 1275.76472021	 Delta: 22.2199649364

Sun, 21 Dec 2014 12:06:36 JPPCF.py[line:86]                            INFO Iter: 19	 Loss: 1258.55150671	 Delta: 17.2132135056

Sun, 21 Dec 2014 12:09:25 JPPCF.py[line:86]                            INFO Iter: 20	 Loss: 1245.64999474	 Delta: 12.9015119699

Sun, 21 Dec 2014 12:12:18 JPPCF.py[line:86]                            INFO Iter: 21	 Loss: 1233.09411397	 Delta: 12.5558807665

Sun, 21 Dec 2014 12:15:07 JPPCF.py[line:86]                            INFO Iter: 22	 Loss: 1219.00353874	 Delta: 14.0905752311

Sun, 21 Dec 2014 12:17:57 JPPCF.py[line:86]                            INFO Iter: 23	 Loss: 1205.4375717	 Delta: 13.5659670351

Sun, 21 Dec 2014 12:20:50 JPPCF.py[line:86]                            INFO Iter: 24	 Loss: 1193.5265883	 Delta: 11.9109834056

Sun, 21 Dec 2014 12:23:36 JPPCF.py[line:86]                            INFO Iter: 25	 Loss: 1185.43499927	 Delta: 8.09158902841

Sun, 21 Dec 2014 12:26:20 JPPCF.py[line:86]                            INFO Iter: 26	 Loss: 1179.19758769	 Delta: 6.23741157944

Sun, 21 Dec 2014 12:29:07 JPPCF.py[line:86]                            INFO Iter: 27	 Loss: 1172.9936307	 Delta: 6.20395698888

Sun, 21 Dec 2014 12:31:38 JPPCF.py[line:86]                            INFO Iter: 28	 Loss: 1166.25617316	 Delta: 6.73745754487

Sun, 21 Dec 2014 12:34:03 JPPCF.py[line:86]                            INFO Iter: 29	 Loss: 1158.87901311	 Delta: 7.37716004177

Sun, 21 Dec 2014 12:37:00 JPPCF.py[line:86]                            INFO Iter: 30	 Loss: 1153.13379601	 Delta: 5.74521710085

Sun, 21 Dec 2014 12:39:56 JPPCF.py[line:86]                            INFO Iter: 31	 Loss: 1148.16056662	 Delta: 4.97322939458

Sun, 21 Dec 2014 12:42:26 JPPCF.py[line:86]                            INFO Iter: 32	 Loss: 1143.45200619	 Delta: 4.70856042962

Sun, 21 Dec 2014 12:44:52 JPPCF.py[line:86]                            INFO Iter: 33	 Loss: 1138.53037658	 Delta: 4.92162961191

Sun, 21 Dec 2014 12:47:40 JPPCF.py[line:86]                            INFO Iter: 34	 Loss: 1133.74284337	 Delta: 4.78753320701

Sun, 21 Dec 2014 12:49:54 JPPCF.py[line:86]                            INFO Iter: 35	 Loss: 1131.12550371	 Delta: 2.61733965988

Sun, 21 Dec 2014 12:51:59 JPPCF.py[line:86]                            INFO Iter: 36	 Loss: 1129.26542172	 Delta: 1.86008198636

Sun, 21 Dec 2014 12:54:08 JPPCF.py[line:86]                            INFO Iter: 37	 Loss: 1127.24027341	 Delta: 2.02514830886

Sun, 21 Dec 2014 12:56:19 JPPCF.py[line:86]                            INFO Iter: 38	 Loss: 1124.34871106	 Delta: 2.89156235924

Sun, 21 Dec 2014 12:58:24 JPPCF.py[line:86]                            INFO Iter: 39	 Loss: 1121.65608776	 Delta: 2.69262329127

Sun, 21 Dec 2014 13:00:34 JPPCF.py[line:86]                            INFO Iter: 40	 Loss: 1118.88655264	 Delta: 2.76953511938

Sun, 21 Dec 2014 13:02:41 JPPCF.py[line:86]                            INFO Iter: 41	 Loss: 1114.89223803	 Delta: 3.99431461247

Sun, 21 Dec 2014 13:04:50 JPPCF.py[line:86]                            INFO Iter: 42	 Loss: 1110.62325921	 Delta: 4.2689788273

Sun, 21 Dec 2014 13:06:59 JPPCF.py[line:86]                            INFO Iter: 43	 Loss: 1106.25489849	 Delta: 4.36836071267

Sun, 21 Dec 2014 13:09:08 JPPCF.py[line:86]                            INFO Iter: 44	 Loss: 1102.02768046	 Delta: 4.22721803619

Sun, 21 Dec 2014 13:11:19 JPPCF.py[line:86]                            INFO Iter: 45	 Loss: 1098.03195451	 Delta: 3.9957259494

Sun, 21 Dec 2014 13:13:32 JPPCF.py[line:86]                            INFO Iter: 46	 Loss: 1094.70694381	 Delta: 3.32501069294

Sun, 21 Dec 2014 13:15:42 JPPCF.py[line:86]                            INFO Iter: 47	 Loss: 1092.21900371	 Delta: 2.48794010107

Sun, 21 Dec 2014 13:17:50 JPPCF.py[line:86]                            INFO Iter: 48	 Loss: 1089.6946357	 Delta: 2.52436801061

Sun, 21 Dec 2014 13:20:02 JPPCF.py[line:86]                            INFO Iter: 49	 Loss: 1087.12014305	 Delta: 2.57449264831

Sun, 21 Dec 2014 13:22:08 JPPCF.py[line:86]                            INFO Iter: 50	 Loss: 1085.15867634	 Delta: 1.96146670927

Sun, 21 Dec 2014 13:24:13 JPPCF.py[line:86]                            INFO Iter: 51	 Loss: 1083.74163581	 Delta: 1.41704053887

Sun, 21 Dec 2014 13:26:17 JPPCF.py[line:86]                            INFO Iter: 52	 Loss: 1082.25120388	 Delta: 1.49043192721

Sun, 21 Dec 2014 13:28:15 JPPCF.py[line:86]                            INFO Iter: 53	 Loss: 1080.75801868	 Delta: 1.49318519559

Sun, 21 Dec 2014 13:30:20 JPPCF.py[line:86]                            INFO Iter: 54	 Loss: 1078.66022141	 Delta: 2.09779727429

Sun, 21 Dec 2014 13:32:29 JPPCF.py[line:86]                            INFO Iter: 55	 Loss: 1075.64481862	 Delta: 3.01540279211

Sun, 21 Dec 2014 13:34:37 JPPCF.py[line:86]                            INFO Iter: 56	 Loss: 1073.04619753	 Delta: 2.5986210879

Sun, 21 Dec 2014 13:36:48 JPPCF.py[line:86]                            INFO Iter: 57	 Loss: 1071.43919458	 Delta: 1.60700295111

Sun, 21 Dec 2014 13:38:58 JPPCF.py[line:86]                            INFO Iter: 58	 Loss: 1070.10938772	 Delta: 1.32980686054

Sun, 21 Dec 2014 13:41:08 JPPCF.py[line:86]                            INFO Iter: 59	 Loss: 1068.49834995	 Delta: 1.61103776547

Sun, 21 Dec 2014 13:43:10 JPPCF.py[line:86]                            INFO Iter: 60	 Loss: 1066.65058297	 Delta: 1.84776697897

Sun, 21 Dec 2014 13:45:19 JPPCF.py[line:86]                            INFO Iter: 61	 Loss: 1064.37755504	 Delta: 2.27302792786

Sun, 21 Dec 2014 13:47:30 JPPCF.py[line:86]                            INFO Iter: 62	 Loss: 1061.93469469	 Delta: 2.44286035818

Sun, 21 Dec 2014 13:49:35 JPPCF.py[line:86]                            INFO Iter: 63	 Loss: 1060.10891042	 Delta: 1.82578426485

Sun, 21 Dec 2014 13:51:42 JPPCF.py[line:86]                            INFO Iter: 64	 Loss: 1058.65035214	 Delta: 1.45855828541

Sun, 21 Dec 2014 13:53:50 JPPCF.py[line:86]                            INFO Iter: 65	 Loss: 1057.12790088	 Delta: 1.52245125706

Sun, 21 Dec 2014 13:56:01 JPPCF.py[line:86]                            INFO Iter: 66	 Loss: 1055.25950029	 Delta: 1.86840058447

Sun, 21 Dec 2014 13:58:13 JPPCF.py[line:86]                            INFO Iter: 67	 Loss: 1052.25459601	 Delta: 3.00490428709

Sun, 21 Dec 2014 14:00:19 JPPCF.py[line:86]                            INFO Iter: 68	 Loss: 1050.56108235	 Delta: 1.69351365508

Sun, 21 Dec 2014 14:02:22 JPPCF.py[line:86]                            INFO Iter: 69	 Loss: 1049.8442098	 Delta: 0.716872547827

Sun, 21 Dec 2014 14:02:22 JPPCF.py[line:88]                            INFO JPPCF OK

Sun, 21 Dec 2014 14:02:26 demo_at_tsinghua_filter_by_10.py[line:128]                            INFO [ok]
computing t-model NMF decomposition...
Sun, 21 Dec 2014 14:02:37 nmf.py[line:109]                            INFO Iter: 1	 Loss: 1668.09107271	 Delta: 998331.908927

Sun, 21 Dec 2014 14:02:47 nmf.py[line:109]                            INFO Iter: 2	 Loss: 1650.72446153	 Delta: 17.3666111758

Sun, 21 Dec 2014 14:02:57 nmf.py[line:109]                            INFO Iter: 3	 Loss: 1531.04641747	 Delta: 119.678044063

Sun, 21 Dec 2014 14:03:07 nmf.py[line:109]                            INFO Iter: 4	 Loss: 1232.76173905	 Delta: 298.284678418

Sun, 21 Dec 2014 14:03:17 nmf.py[line:109]                            INFO Iter: 5	 Loss: 1018.59922217	 Delta: 214.162516885

Sun, 21 Dec 2014 14:03:28 nmf.py[line:109]                            INFO Iter: 6	 Loss: 848.586977726	 Delta: 170.01224444

Sun, 21 Dec 2014 14:03:38 nmf.py[line:109]                            INFO Iter: 7	 Loss: 740.066638217	 Delta: 108.520339509

Sun, 21 Dec 2014 14:03:48 nmf.py[line:109]                            INFO Iter: 8	 Loss: 665.54438805	 Delta: 74.5222501673

Sun, 21 Dec 2014 14:03:58 nmf.py[line:109]                            INFO Iter: 9	 Loss: 609.438555924	 Delta: 56.1058321259

Sun, 21 Dec 2014 14:04:09 nmf.py[line:109]                            INFO Iter: 10	 Loss: 557.045038125	 Delta: 52.3935177993

Sun, 21 Dec 2014 14:04:21 nmf.py[line:109]                            INFO Iter: 11	 Loss: 528.439930259	 Delta: 28.6051078659

Sun, 21 Dec 2014 14:04:32 nmf.py[line:109]                            INFO Iter: 12	 Loss: 502.514633491	 Delta: 25.9252967684

Sun, 21 Dec 2014 14:04:43 nmf.py[line:109]                            INFO Iter: 13	 Loss: 473.506189344	 Delta: 29.0084441467

Sun, 21 Dec 2014 14:04:55 nmf.py[line:109]                            INFO Iter: 14	 Loss: 445.867939723	 Delta: 27.6382496206

Sun, 21 Dec 2014 14:05:06 nmf.py[line:109]                            INFO Iter: 15	 Loss: 420.793048222	 Delta: 25.0748915011

Sun, 21 Dec 2014 14:05:17 nmf.py[line:109]                            INFO Iter: 16	 Loss: 399.764973024	 Delta: 21.0280751983

Sun, 21 Dec 2014 14:05:29 nmf.py[line:109]                            INFO Iter: 17	 Loss: 384.888283731	 Delta: 14.8766892929

Sun, 21 Dec 2014 14:05:39 nmf.py[line:109]                            INFO Iter: 18	 Loss: 373.73964555	 Delta: 11.1486381813

Sun, 21 Dec 2014 14:05:50 nmf.py[line:109]                            INFO Iter: 19	 Loss: 364.823083095	 Delta: 8.91656245474

Sun, 21 Dec 2014 14:06:01 nmf.py[line:109]                            INFO Iter: 20	 Loss: 358.081187623	 Delta: 6.74189547198

Sun, 21 Dec 2014 14:06:13 nmf.py[line:109]                            INFO Iter: 21	 Loss: 354.073437325	 Delta: 4.00775029802

Sun, 21 Dec 2014 14:06:25 nmf.py[line:109]                            INFO Iter: 22	 Loss: 349.305684573	 Delta: 4.76775275169

Sun, 21 Dec 2014 14:06:36 nmf.py[line:109]                            INFO Iter: 23	 Loss: 342.028939908	 Delta: 7.27674466566

Sun, 21 Dec 2014 14:06:47 nmf.py[line:109]                            INFO Iter: 24	 Loss: 337.848721907	 Delta: 4.18021800057

Sun, 21 Dec 2014 14:06:58 nmf.py[line:109]                            INFO Iter: 25	 Loss: 334.807019112	 Delta: 3.04170279494

Sun, 21 Dec 2014 14:07:09 nmf.py[line:109]                            INFO Iter: 26	 Loss: 332.952683045	 Delta: 1.85433606712

Sun, 21 Dec 2014 14:07:20 nmf.py[line:109]                            INFO Iter: 27	 Loss: 331.560694328	 Delta: 1.39198871727

Sun, 21 Dec 2014 14:07:31 nmf.py[line:109]                            INFO Iter: 28	 Loss: 330.761361697	 Delta: 0.79933263097

Sun, 21 Dec 2014 14:07:31 nmf.py[line:113]                            INFO NMF OK
Sun, 21 Dec 2014 14:07:35 demo_at_tsinghua_filter_by_10.py[line:134]                            INFO [ok]
computing fix_model NMF decomposition...
Sun, 21 Dec 2014 14:07:36 demo_at_tsinghua_filter_by_10.py[line:142]                            INFO non zero cell num: 1665
Sun, 21 Dec 2014 14:07:46 nmf.py[line:109]                            INFO Iter: 1	 Loss: 1668.09645848	 Delta: 998331.903542

Sun, 21 Dec 2014 14:07:56 nmf.py[line:109]                            INFO Iter: 2	 Loss: 1650.78296125	 Delta: 17.3134972275

Sun, 21 Dec 2014 14:08:06 nmf.py[line:109]                            INFO Iter: 3	 Loss: 1539.2010299	 Delta: 111.581931353

Sun, 21 Dec 2014 14:08:18 nmf.py[line:109]                            INFO Iter: 4	 Loss: 1232.20752723	 Delta: 306.993502672

Sun, 21 Dec 2014 14:08:29 nmf.py[line:109]                            INFO Iter: 5	 Loss: 1000.82553744	 Delta: 231.381989782

Sun, 21 Dec 2014 14:08:39 nmf.py[line:109]                            INFO Iter: 6	 Loss: 848.128442983	 Delta: 152.697094462

Sun, 21 Dec 2014 14:08:50 nmf.py[line:109]                            INFO Iter: 7	 Loss: 744.956550189	 Delta: 103.171892794

Sun, 21 Dec 2014 14:09:01 nmf.py[line:109]                            INFO Iter: 8	 Loss: 674.025970045	 Delta: 70.9305801439

Sun, 21 Dec 2014 14:09:12 nmf.py[line:109]                            INFO Iter: 9	 Loss: 629.701472309	 Delta: 44.3244977353

Sun, 21 Dec 2014 14:09:24 nmf.py[line:109]                            INFO Iter: 10	 Loss: 596.500360361	 Delta: 33.2011119481

Sun, 21 Dec 2014 14:09:35 nmf.py[line:109]                            INFO Iter: 11	 Loss: 567.991752166	 Delta: 28.508608195

Sun, 21 Dec 2014 14:09:46 nmf.py[line:109]                            INFO Iter: 12	 Loss: 539.70231611	 Delta: 28.2894360567

Sun, 21 Dec 2014 14:09:58 nmf.py[line:109]                            INFO Iter: 13	 Loss: 512.643377696	 Delta: 27.058938414

Sun, 21 Dec 2014 14:10:09 nmf.py[line:109]                            INFO Iter: 14	 Loss: 488.284499813	 Delta: 24.3588778827

Sun, 21 Dec 2014 14:10:21 nmf.py[line:109]                            INFO Iter: 15	 Loss: 467.302710757	 Delta: 20.9817890564

Sun, 21 Dec 2014 14:10:33 nmf.py[line:109]                            INFO Iter: 16	 Loss: 453.17673199	 Delta: 14.1259787667

Sun, 21 Dec 2014 14:10:44 nmf.py[line:109]                            INFO Iter: 17	 Loss: 443.22593755	 Delta: 9.95079443968

Sun, 21 Dec 2014 14:10:55 nmf.py[line:109]                            INFO Iter: 18	 Loss: 435.559216277	 Delta: 7.66672127316

Sun, 21 Dec 2014 14:11:06 nmf.py[line:109]                            INFO Iter: 19	 Loss: 425.992295402	 Delta: 9.56692087527

Sun, 21 Dec 2014 14:11:17 nmf.py[line:109]                            INFO Iter: 20	 Loss: 415.707643263	 Delta: 10.284652139

Sun, 21 Dec 2014 14:11:27 nmf.py[line:109]                            INFO Iter: 21	 Loss: 408.667376461	 Delta: 7.0402668014

Sun, 21 Dec 2014 14:11:38 nmf.py[line:109]                            INFO Iter: 22	 Loss: 405.013566406	 Delta: 3.65381005593

Sun, 21 Dec 2014 14:11:50 nmf.py[line:109]                            INFO Iter: 23	 Loss: 402.541351267	 Delta: 2.47221513875

Sun, 21 Dec 2014 14:12:01 nmf.py[line:109]                            INFO Iter: 24	 Loss: 400.855028567	 Delta: 1.68632269999

Sun, 21 Dec 2014 14:12:12 nmf.py[line:109]                            INFO Iter: 25	 Loss: 399.584578463	 Delta: 1.27045010406

Sun, 21 Dec 2014 14:12:23 nmf.py[line:109]                            INFO Iter: 26	 Loss: 398.554750568	 Delta: 1.02982789422

Sun, 21 Dec 2014 14:12:33 nmf.py[line:109]                            INFO Iter: 27	 Loss: 397.626783674	 Delta: 0.927966894302

Sun, 21 Dec 2014 14:12:33 nmf.py[line:113]                            INFO NMF OK
Sun, 21 Dec 2014 14:12:37 demo_at_tsinghua_filter_by_10.py[line:148]                            INFO [ok]

Sun, 21 Dec 2014 14:12:37 demo_at_tsinghua_filter_by_10.py[line:150]                            INFO 	 fold_id:0

Sun, 21 Dec 2014 14:12:37 demo_at_tsinghua_filter_by_10.py[line:152]                            INFO 	recall at 10:
Sun, 21 Dec 2014 14:12:58 demo_at_tsinghua_filter_by_10.py[line:177]                            INFO 		t-model NMF :  0.270171401894

Sun, 21 Dec 2014 14:12:58 demo_at_tsinghua_filter_by_10.py[line:178]                            INFO 		f-model NMF :  0.280745631586

Sun, 21 Dec 2014 14:12:58 demo_at_tsinghua_filter_by_10.py[line:179]                            INFO 		JPPCF :  0.251593970922

Sun, 21 Dec 2014 14:12:58 demo_at_tsinghua_filter_by_10.py[line:152]                            INFO 	recall at 50:
Sun, 21 Dec 2014 14:13:18 demo_at_tsinghua_filter_by_10.py[line:177]                            INFO 		t-model NMF :  0.547482326264

Sun, 21 Dec 2014 14:13:18 demo_at_tsinghua_filter_by_10.py[line:178]                            INFO 		f-model NMF :  0.549196345205

Sun, 21 Dec 2014 14:13:18 demo_at_tsinghua_filter_by_10.py[line:179]                            INFO 		JPPCF :  0.52016473256

Sun, 21 Dec 2014 14:13:18 demo_at_tsinghua_filter_by_10.py[line:152]                            INFO 	recall at 100:
Sun, 21 Dec 2014 14:13:39 demo_at_tsinghua_filter_by_10.py[line:177]                            INFO 		t-model NMF :  0.657899826597

Sun, 21 Dec 2014 14:13:39 demo_at_tsinghua_filter_by_10.py[line:178]                            INFO 		f-model NMF :  0.640819661198

Sun, 21 Dec 2014 14:13:39 demo_at_tsinghua_filter_by_10.py[line:179]                            INFO 		JPPCF :  0.618237294918

Sun, 21 Dec 2014 14:13:39 demo_at_tsinghua_filter_by_10.py[line:152]                            INFO 	recall at 300:
Sun, 21 Dec 2014 14:13:59 demo_at_tsinghua_filter_by_10.py[line:177]                            INFO 		t-model NMF :  0.819821261838

Sun, 21 Dec 2014 14:13:59 demo_at_tsinghua_filter_by_10.py[line:178]                            INFO 		f-model NMF :  0.825890356142

Sun, 21 Dec 2014 14:13:59 demo_at_tsinghua_filter_by_10.py[line:179]                            INFO 		JPPCF :  0.788081899426

Sun, 21 Dec 2014 14:13:59 demo_at_tsinghua_filter_by_10.py[line:152]                            INFO 	recall at 500:
Sun, 21 Dec 2014 14:14:21 demo_at_tsinghua_filter_by_10.py[line:177]                            INFO 		t-model NMF :  0.857142857143

Sun, 21 Dec 2014 14:14:21 demo_at_tsinghua_filter_by_10.py[line:178]                            INFO 		f-model NMF :  0.875070028011

Sun, 21 Dec 2014 14:14:21 demo_at_tsinghua_filter_by_10.py[line:179]                            INFO 		JPPCF :  0.86983126584

Sun, 21 Dec 2014 14:14:21 demo_at_tsinghua_filter_by_10.py[line:152]                            INFO 	recall at 1000:
Sun, 21 Dec 2014 14:14:42 demo_at_tsinghua_filter_by_10.py[line:177]                            INFO 		t-model NMF :  0.901960784314

Sun, 21 Dec 2014 14:14:42 demo_at_tsinghua_filter_by_10.py[line:178]                            INFO 		f-model NMF :  0.904761904762

Sun, 21 Dec 2014 14:14:42 demo_at_tsinghua_filter_by_10.py[line:179]                            INFO 		JPPCF :  0.922969187675

Sun, 21 Dec 2014 14:14:42 demo_at_tsinghua_filter_by_10.py[line:181]                            INFO current_time_step: 2

Sun, 21 Dec 2014 14:14:42 demo_at_tsinghua_filter_by_10.py[line:184]                            INFO 	recall at 10:
Sun, 21 Dec 2014 14:14:42 demo_at_tsinghua_filter_by_10.py[line:188]                            INFO 		avg t-model NMF :  0.270171401894

Sun, 21 Dec 2014 14:14:42 demo_at_tsinghua_filter_by_10.py[line:189]                            INFO 		avg f-model NMF :  0.280745631586

Sun, 21 Dec 2014 14:14:42 demo_at_tsinghua_filter_by_10.py[line:190]                            INFO 		avg JPPCF :  0.251593970922

Sun, 21 Dec 2014 14:14:42 demo_at_tsinghua_filter_by_10.py[line:184]                            INFO 	recall at 50:
Sun, 21 Dec 2014 14:14:42 demo_at_tsinghua_filter_by_10.py[line:188]                            INFO 		avg t-model NMF :  0.547482326264

Sun, 21 Dec 2014 14:14:42 demo_at_tsinghua_filter_by_10.py[line:189]                            INFO 		avg f-model NMF :  0.549196345205

Sun, 21 Dec 2014 14:14:42 demo_at_tsinghua_filter_by_10.py[line:190]                            INFO 		avg JPPCF :  0.52016473256

Sun, 21 Dec 2014 14:14:42 demo_at_tsinghua_filter_by_10.py[line:184]                            INFO 	recall at 100:
Sun, 21 Dec 2014 14:14:42 demo_at_tsinghua_filter_by_10.py[line:188]                            INFO 		avg t-model NMF :  0.657899826597

Sun, 21 Dec 2014 14:14:42 demo_at_tsinghua_filter_by_10.py[line:189]                            INFO 		avg f-model NMF :  0.640819661198

Sun, 21 Dec 2014 14:14:42 demo_at_tsinghua_filter_by_10.py[line:190]                            INFO 		avg JPPCF :  0.618237294918

Sun, 21 Dec 2014 14:14:42 demo_at_tsinghua_filter_by_10.py[line:184]                            INFO 	recall at 300:
Sun, 21 Dec 2014 14:14:42 demo_at_tsinghua_filter_by_10.py[line:188]                            INFO 		avg t-model NMF :  0.819821261838

Sun, 21 Dec 2014 14:14:42 demo_at_tsinghua_filter_by_10.py[line:189]                            INFO 		avg f-model NMF :  0.825890356142

Sun, 21 Dec 2014 14:14:42 demo_at_tsinghua_filter_by_10.py[line:190]                            INFO 		avg JPPCF :  0.788081899426

Sun, 21 Dec 2014 14:14:42 demo_at_tsinghua_filter_by_10.py[line:184]                            INFO 	recall at 500:
Sun, 21 Dec 2014 14:14:42 demo_at_tsinghua_filter_by_10.py[line:188]                            INFO 		avg t-model NMF :  0.857142857143

Sun, 21 Dec 2014 14:14:42 demo_at_tsinghua_filter_by_10.py[line:189]                            INFO 		avg f-model NMF :  0.875070028011

Sun, 21 Dec 2014 14:14:42 demo_at_tsinghua_filter_by_10.py[line:190]                            INFO 		avg JPPCF :  0.86983126584

Sun, 21 Dec 2014 14:14:42 demo_at_tsinghua_filter_by_10.py[line:184]                            INFO 	recall at 1000:
Sun, 21 Dec 2014 14:14:42 demo_at_tsinghua_filter_by_10.py[line:188]                            INFO 		avg t-model NMF :  0.901960784314

Sun, 21 Dec 2014 14:14:42 demo_at_tsinghua_filter_by_10.py[line:189]                            INFO 		avg f-model NMF :  0.904761904762

Sun, 21 Dec 2014 14:14:42 demo_at_tsinghua_filter_by_10.py[line:190]                            INFO 		avg JPPCF :  0.922969187675

Sun, 21 Dec 2014 14:14:42 demo_at_tsinghua_filter_by_10.py[line:204]                            INFO =========================

Sun, 21 Dec 2014 14:14:42 demo_at_tsinghua_filter_by_10.py[line:102]                            INFO 
=========================

Sun, 21 Dec 2014 14:14:42 demo_at_tsinghua_filter_by_10.py[line:103]                            INFO time_step number %i:	3
Sun, 21 Dec 2014 14:14:42 demo_at_tsinghua_filter_by_10.py[line:104]                            INFO ----------------

Sun, 21 Dec 2014 14:14:43 demo_at_tsinghua_filter_by_10.py[line:119]                            INFO non zero cell num: 2740
Sun, 21 Dec 2014 14:14:43 demo_at_tsinghua_filter_by_10.py[line:122]                            INFO computing JPP decomposition...
Sun, 21 Dec 2014 14:16:49 JPPCF.py[line:86]                            INFO Iter: 1	 Loss: 5645.45052269	 Delta: 994354.549477

Sun, 21 Dec 2014 14:18:54 JPPCF.py[line:86]                            INFO Iter: 2	 Loss: 5616.66842732	 Delta: 28.7820953724

Sun, 21 Dec 2014 14:21:00 JPPCF.py[line:86]                            INFO Iter: 3	 Loss: 4376.49449984	 Delta: 1240.17392748

Sun, 21 Dec 2014 14:23:06 JPPCF.py[line:86]                            INFO Iter: 4	 Loss: 3921.80768483	 Delta: 454.686815013

Sun, 21 Dec 2014 14:25:09 JPPCF.py[line:86]                            INFO Iter: 5	 Loss: 3256.72650686	 Delta: 665.081177967

Sun, 21 Dec 2014 14:27:13 JPPCF.py[line:86]                            INFO Iter: 6	 Loss: 2910.82256164	 Delta: 345.903945219

Sun, 21 Dec 2014 14:29:14 JPPCF.py[line:86]                            INFO Iter: 7	 Loss: 2649.62129972	 Delta: 261.201261922

Sun, 21 Dec 2014 14:31:20 JPPCF.py[line:86]                            INFO Iter: 8	 Loss: 2459.9083348	 Delta: 189.712964919

Sun, 21 Dec 2014 14:33:27 JPPCF.py[line:86]                            INFO Iter: 9	 Loss: 2329.96174497	 Delta: 129.946589833

Sun, 21 Dec 2014 14:35:31 JPPCF.py[line:86]                            INFO Iter: 10	 Loss: 2225.53872747	 Delta: 104.423017497

Sun, 21 Dec 2014 14:37:36 JPPCF.py[line:86]                            INFO Iter: 11	 Loss: 2143.81972593	 Delta: 81.7190015441

Sun, 21 Dec 2014 14:39:47 JPPCF.py[line:86]                            INFO Iter: 12	 Loss: 2078.84042621	 Delta: 64.97929972

Sun, 21 Dec 2014 14:41:54 JPPCF.py[line:86]                            INFO Iter: 13	 Loss: 2020.8797866	 Delta: 57.960639608

Sun, 21 Dec 2014 14:43:57 JPPCF.py[line:86]                            INFO Iter: 14	 Loss: 1975.1282277	 Delta: 45.751558904

Sun, 21 Dec 2014 14:46:00 JPPCF.py[line:86]                            INFO Iter: 15	 Loss: 1943.21722057	 Delta: 31.9110071218

Sun, 21 Dec 2014 14:48:11 JPPCF.py[line:86]                            INFO Iter: 16	 Loss: 1919.84131064	 Delta: 23.3759099385

Sun, 21 Dec 2014 14:50:25 JPPCF.py[line:86]                            INFO Iter: 17	 Loss: 1898.33201443	 Delta: 21.5092962057

Sun, 21 Dec 2014 14:52:40 JPPCF.py[line:86]                            INFO Iter: 18	 Loss: 1877.27678018	 Delta: 21.0552342483

Sun, 21 Dec 2014 14:54:54 JPPCF.py[line:86]                            INFO Iter: 19	 Loss: 1860.03987012	 Delta: 17.2369100608

Sun, 21 Dec 2014 14:57:08 JPPCF.py[line:86]                            INFO Iter: 20	 Loss: 1844.52214109	 Delta: 15.5177290345

Sun, 21 Dec 2014 14:59:24 JPPCF.py[line:86]                            INFO Iter: 21	 Loss: 1830.35011493	 Delta: 14.1720261529

Sun, 21 Dec 2014 15:01:37 JPPCF.py[line:86]                            INFO Iter: 22	 Loss: 1815.87887222	 Delta: 14.4712427103

Sun, 21 Dec 2014 15:03:49 JPPCF.py[line:86]                            INFO Iter: 23	 Loss: 1802.15002151	 Delta: 13.7288507159

Sun, 21 Dec 2014 15:05:59 JPPCF.py[line:86]                            INFO Iter: 24	 Loss: 1794.30069521	 Delta: 7.84932629706

Sun, 21 Dec 2014 15:08:08 JPPCF.py[line:86]                            INFO Iter: 25	 Loss: 1787.28697605	 Delta: 7.01371916209

Sun, 21 Dec 2014 15:10:14 JPPCF.py[line:86]                            INFO Iter: 26	 Loss: 1779.71468984	 Delta: 7.57228621021

Sun, 21 Dec 2014 15:12:25 JPPCF.py[line:86]                            INFO Iter: 27	 Loss: 1773.98926064	 Delta: 5.72542919632

Sun, 21 Dec 2014 15:14:34 JPPCF.py[line:86]                            INFO Iter: 28	 Loss: 1769.25981479	 Delta: 4.72944585584

Sun, 21 Dec 2014 15:16:42 JPPCF.py[line:86]                            INFO Iter: 29	 Loss: 1765.14453919	 Delta: 4.11527559459

Sun, 21 Dec 2014 15:18:54 JPPCF.py[line:86]                            INFO Iter: 30	 Loss: 1761.49105253	 Delta: 3.65348666555

Sun, 21 Dec 2014 15:21:04 JPPCF.py[line:86]                            INFO Iter: 31	 Loss: 1757.84114264	 Delta: 3.64990988517

Sun, 21 Dec 2014 15:23:17 JPPCF.py[line:86]                            INFO Iter: 32	 Loss: 1753.66689845	 Delta: 4.1742441956

Sun, 21 Dec 2014 15:25:25 JPPCF.py[line:86]                            INFO Iter: 33	 Loss: 1749.67632829	 Delta: 3.99057015289

Sun, 21 Dec 2014 15:27:33 JPPCF.py[line:86]                            INFO Iter: 34	 Loss: 1744.67457028	 Delta: 5.00175801136

Sun, 21 Dec 2014 15:29:44 JPPCF.py[line:86]                            INFO Iter: 35	 Loss: 1740.1479674	 Delta: 4.52660287892

Sun, 21 Dec 2014 15:31:55 JPPCF.py[line:86]                            INFO Iter: 36	 Loss: 1735.38734746	 Delta: 4.76061993864

Sun, 21 Dec 2014 15:34:02 JPPCF.py[line:86]                            INFO Iter: 37	 Loss: 1730.81442013	 Delta: 4.57292733106

Sun, 21 Dec 2014 15:36:13 JPPCF.py[line:86]                            INFO Iter: 38	 Loss: 1727.05813702	 Delta: 3.75628311082

Sun, 21 Dec 2014 15:38:18 JPPCF.py[line:86]                            INFO Iter: 39	 Loss: 1723.55406186	 Delta: 3.50407515898

Sun, 21 Dec 2014 15:40:29 JPPCF.py[line:86]                            INFO Iter: 40	 Loss: 1719.02070332	 Delta: 4.5333585375

Sun, 21 Dec 2014 15:42:38 JPPCF.py[line:86]                            INFO Iter: 41	 Loss: 1712.49320356	 Delta: 6.52749976696

Sun, 21 Dec 2014 15:44:50 JPPCF.py[line:86]                            INFO Iter: 42	 Loss: 1707.90965421	 Delta: 4.58354934832

Sun, 21 Dec 2014 15:47:00 JPPCF.py[line:86]                            INFO Iter: 43	 Loss: 1700.88236864	 Delta: 7.02728556859

