Sun, 21 Dec 2014 10:56:40 demo_at_tsinghua_filter_by_10.py[line:82]                            INFO user num: 3431

Sun, 21 Dec 2014 10:56:40 demo_at_tsinghua_filter_by_10.py[line:83]                            INFO doc num: 7710

Sun, 21 Dec 2014 10:56:40 demo_at_tsinghua_filter_by_10.py[line:84]                            INFO time step num: 20

Sun, 21 Dec 2014 10:56:41 demo_at_tsinghua_filter_by_10.py[line:91]                            INFO non zero cell num: 1338
Sun, 21 Dec 2014 10:56:41 demo_at_tsinghua_filter_by_10.py[line:92]                            INFO start nmf:

Sun, 21 Dec 2014 10:56:59 nmf.py[line:109]                            INFO Iter: 1	 Loss: 1341.79218415	 Delta: 998658.207816

Sun, 21 Dec 2014 10:57:17 nmf.py[line:109]                            INFO Iter: 2	 Loss: 1242.17920904	 Delta: 99.6129751138

Sun, 21 Dec 2014 10:57:35 nmf.py[line:109]                            INFO Iter: 3	 Loss: 1101.38106016	 Delta: 140.798148877

Sun, 21 Dec 2014 10:57:52 nmf.py[line:109]                            INFO Iter: 4	 Loss: 907.647431179	 Delta: 193.733628981

Sun, 21 Dec 2014 10:58:10 nmf.py[line:109]                            INFO Iter: 5	 Loss: 740.276907714	 Delta: 167.370523465

Sun, 21 Dec 2014 10:58:28 nmf.py[line:109]                            INFO Iter: 6	 Loss: 554.662470856	 Delta: 185.614436857

Sun, 21 Dec 2014 10:58:45 nmf.py[line:109]                            INFO Iter: 7	 Loss: 439.730898146	 Delta: 114.93157271

Sun, 21 Dec 2014 10:59:03 nmf.py[line:109]                            INFO Iter: 8	 Loss: 366.516877463	 Delta: 73.2140206832

Sun, 21 Dec 2014 10:59:22 nmf.py[line:109]                            INFO Iter: 9	 Loss: 322.978559448	 Delta: 43.538318015

Sun, 21 Dec 2014 10:59:40 nmf.py[line:109]                            INFO Iter: 10	 Loss: 288.696565942	 Delta: 34.2819935056

Sun, 21 Dec 2014 10:59:57 nmf.py[line:109]                            INFO Iter: 11	 Loss: 262.861101081	 Delta: 25.8354648612

Sun, 21 Dec 2014 11:00:15 nmf.py[line:109]                            INFO Iter: 12	 Loss: 243.202812786	 Delta: 19.6582882949

Sun, 21 Dec 2014 11:00:32 nmf.py[line:109]                            INFO Iter: 13	 Loss: 225.578548789	 Delta: 17.624263997

Sun, 21 Dec 2014 11:00:51 nmf.py[line:109]                            INFO Iter: 14	 Loss: 211.480844058	 Delta: 14.0977047314

Sun, 21 Dec 2014 11:01:09 nmf.py[line:109]                            INFO Iter: 15	 Loss: 198.084628674	 Delta: 13.3962153833

Sun, 21 Dec 2014 11:01:29 nmf.py[line:109]                            INFO Iter: 16	 Loss: 186.662177268	 Delta: 11.4224514067

Sun, 21 Dec 2014 11:01:47 nmf.py[line:109]                            INFO Iter: 17	 Loss: 176.574842672	 Delta: 10.0873345961

Sun, 21 Dec 2014 11:02:06 nmf.py[line:109]                            INFO Iter: 18	 Loss: 166.251648655	 Delta: 10.3231940162

Sun, 21 Dec 2014 11:02:27 nmf.py[line:109]                            INFO Iter: 19	 Loss: 158.649663041	 Delta: 7.60198561457

Sun, 21 Dec 2014 11:02:46 nmf.py[line:109]                            INFO Iter: 20	 Loss: 153.019793529	 Delta: 5.62986951171

Sun, 21 Dec 2014 11:03:05 nmf.py[line:109]                            INFO Iter: 21	 Loss: 148.406332157	 Delta: 4.61346137192

Sun, 21 Dec 2014 11:03:24 nmf.py[line:109]                            INFO Iter: 22	 Loss: 145.088819763	 Delta: 3.31751239418

Sun, 21 Dec 2014 11:03:41 nmf.py[line:109]                            INFO Iter: 23	 Loss: 142.569473141	 Delta: 2.51934662159

Sun, 21 Dec 2014 11:03:59 nmf.py[line:109]                            INFO Iter: 24	 Loss: 140.377151661	 Delta: 2.19232148042

Sun, 21 Dec 2014 11:04:20 nmf.py[line:109]                            INFO Iter: 25	 Loss: 138.517505212	 Delta: 1.85964644859

Sun, 21 Dec 2014 11:04:38 nmf.py[line:109]                            INFO Iter: 26	 Loss: 136.520636012	 Delta: 1.9968692005

Sun, 21 Dec 2014 11:04:56 nmf.py[line:109]                            INFO Iter: 27	 Loss: 135.034377324	 Delta: 1.48625868754

Sun, 21 Dec 2014 11:05:15 nmf.py[line:109]                            INFO Iter: 28	 Loss: 133.90927701	 Delta: 1.1251003144

Sun, 21 Dec 2014 11:05:34 nmf.py[line:109]                            INFO Iter: 29	 Loss: 132.802774245	 Delta: 1.106502765

Sun, 21 Dec 2014 11:05:52 nmf.py[line:109]                            INFO Iter: 30	 Loss: 131.518920395	 Delta: 1.28385385023

Sun, 21 Dec 2014 11:06:11 nmf.py[line:109]                            INFO Iter: 31	 Loss: 130.228540921	 Delta: 1.29037947406

Sun, 21 Dec 2014 11:06:30 nmf.py[line:109]                            INFO Iter: 32	 Loss: 128.809689435	 Delta: 1.41885148522

Sun, 21 Dec 2014 11:06:47 nmf.py[line:109]                            INFO Iter: 33	 Loss: 126.972368245	 Delta: 1.83732119004

Sun, 21 Dec 2014 11:07:05 nmf.py[line:109]                            INFO Iter: 34	 Loss: 124.622626665	 Delta: 2.34974158061

Sun, 21 Dec 2014 11:07:24 nmf.py[line:109]                            INFO Iter: 35	 Loss: 122.015294006	 Delta: 2.60733265838

Sun, 21 Dec 2014 11:07:42 nmf.py[line:109]                            INFO Iter: 36	 Loss: 119.883571296	 Delta: 2.13172271088

Sun, 21 Dec 2014 11:08:01 nmf.py[line:109]                            INFO Iter: 37	 Loss: 118.199793494	 Delta: 1.68377780189

Sun, 21 Dec 2014 11:08:19 nmf.py[line:109]                            INFO Iter: 38	 Loss: 116.760660451	 Delta: 1.43913304219

Sun, 21 Dec 2014 11:08:37 nmf.py[line:109]                            INFO Iter: 39	 Loss: 115.540382038	 Delta: 1.22027841387

Sun, 21 Dec 2014 11:08:56 nmf.py[line:109]                            INFO Iter: 40	 Loss: 114.09516418	 Delta: 1.44521785728

Sun, 21 Dec 2014 11:09:14 nmf.py[line:109]                            INFO Iter: 41	 Loss: 112.453079396	 Delta: 1.64208478387

Sun, 21 Dec 2014 11:09:33 nmf.py[line:109]                            INFO Iter: 42	 Loss: 110.914922584	 Delta: 1.53815681289

Sun, 21 Dec 2014 11:09:53 nmf.py[line:109]                            INFO Iter: 43	 Loss: 109.618168566	 Delta: 1.29675401805

Sun, 21 Dec 2014 11:10:11 nmf.py[line:109]                            INFO Iter: 44	 Loss: 108.515035307	 Delta: 1.10313325895

Sun, 21 Dec 2014 11:10:30 nmf.py[line:109]                            INFO Iter: 45	 Loss: 107.396016521	 Delta: 1.11901878591

Sun, 21 Dec 2014 11:10:48 nmf.py[line:109]                            INFO Iter: 46	 Loss: 106.124182256	 Delta: 1.27183426481

Sun, 21 Dec 2014 11:11:04 nmf.py[line:109]                            INFO Iter: 47	 Loss: 104.881309056	 Delta: 1.24287319964

Sun, 21 Dec 2014 11:11:21 nmf.py[line:109]                            INFO Iter: 48	 Loss: 103.935293387	 Delta: 0.946015668929

Sun, 21 Dec 2014 11:11:21 nmf.py[line:113]                            INFO NMF OK
Sun, 21 Dec 2014 11:11:21 demo_at_tsinghua_filter_by_10.py[line:102]                            INFO 
=========================

Sun, 21 Dec 2014 11:11:21 demo_at_tsinghua_filter_by_10.py[line:103]                            INFO time_step number %i:	2
Sun, 21 Dec 2014 11:11:21 demo_at_tsinghua_filter_by_10.py[line:104]                            INFO ----------------

Sun, 21 Dec 2014 11:11:23 demo_at_tsinghua_filter_by_10.py[line:119]                            INFO non zero cell num: 1665
Sun, 21 Dec 2014 11:11:23 demo_at_tsinghua_filter_by_10.py[line:122]                            INFO computing JPP decomposition...
Sun, 21 Dec 2014 11:14:43 JPPCF.py[line:86]                            INFO Iter: 1	 Loss: 3505.70834334	 Delta: 996494.291657

Sun, 21 Dec 2014 11:17:51 JPPCF.py[line:86]                            INFO Iter: 2	 Loss: 3488.07992391	 Delta: 17.6284194288

Sun, 21 Dec 2014 11:21:00 JPPCF.py[line:86]                            INFO Iter: 3	 Loss: 2977.22137064	 Delta: 510.858553273

Sun, 21 Dec 2014 11:24:09 JPPCF.py[line:86]                            INFO Iter: 4	 Loss: 2567.46046745	 Delta: 409.760903188

Sun, 21 Dec 2014 11:27:24 JPPCF.py[line:86]                            INFO Iter: 5	 Loss: 2198.53588125	 Delta: 368.924586204

Sun, 21 Dec 2014 11:30:57 JPPCF.py[line:86]                            INFO Iter: 6	 Loss: 1896.12139112	 Delta: 302.414490131

Sun, 21 Dec 2014 11:34:10 JPPCF.py[line:86]                            INFO Iter: 7	 Loss: 1690.30735481	 Delta: 205.814036306

Sun, 21 Dec 2014 11:37:07 JPPCF.py[line:86]                            INFO Iter: 8	 Loss: 1561.90777842	 Delta: 128.399576392

Sun, 21 Dec 2014 11:40:05 JPPCF.py[line:86]                            INFO Iter: 9	 Loss: 1470.76028878	 Delta: 91.1474896368

Sun, 21 Dec 2014 11:43:14 JPPCF.py[line:86]                            INFO Iter: 10	 Loss: 1407.91031651	 Delta: 62.8499722778

Sun, 21 Dec 2014 11:46:21 JPPCF.py[line:86]                            INFO Iter: 11	 Loss: 1361.07411416	 Delta: 46.8362023486

Sun, 21 Dec 2014 11:49:20 JPPCF.py[line:86]                            INFO Iter: 12	 Loss: 1323.50543834	 Delta: 37.5686758201

Sun, 21 Dec 2014 11:52:17 JPPCF.py[line:86]                            INFO Iter: 13	 Loss: 1289.80274115	 Delta: 33.7026971837

Sun, 21 Dec 2014 11:55:06 JPPCF.py[line:86]                            INFO Iter: 14	 Loss: 1261.10190975	 Delta: 28.7008314042

Sun, 21 Dec 2014 11:58:07 JPPCF.py[line:86]                            INFO Iter: 15	 Loss: 1231.58132072	 Delta: 29.5205890326

Sun, 21 Dec 2014 12:01:19 JPPCF.py[line:86]                            INFO Iter: 16	 Loss: 1210.46119866	 Delta: 21.1201220567

Sun, 21 Dec 2014 12:04:04 JPPCF.py[line:86]                            INFO Iter: 17	 Loss: 1195.15101055	 Delta: 15.3101881109

Sun, 21 Dec 2014 12:07:04 JPPCF.py[line:86]                            INFO Iter: 18	 Loss: 1183.68578915	 Delta: 11.4652213991

Sun, 21 Dec 2014 12:10:02 JPPCF.py[line:86]                            INFO Iter: 19	 Loss: 1171.51168518	 Delta: 12.1741039656

Sun, 21 Dec 2014 12:12:56 JPPCF.py[line:86]                            INFO Iter: 20	 Loss: 1158.72326376	 Delta: 12.788421428

Sun, 21 Dec 2014 12:15:40 JPPCF.py[line:86]                            INFO Iter: 21	 Loss: 1146.07241603	 Delta: 12.6508477253

Sun, 21 Dec 2014 12:18:34 JPPCF.py[line:86]                            INFO Iter: 22	 Loss: 1134.93513844	 Delta: 11.1372775914

Sun, 21 Dec 2014 12:21:24 JPPCF.py[line:86]                            INFO Iter: 23	 Loss: 1124.61110462	 Delta: 10.3240338232

Sun, 21 Dec 2014 12:24:18 JPPCF.py[line:86]                            INFO Iter: 24	 Loss: 1116.045984	 Delta: 8.56512061385

Sun, 21 Dec 2014 12:26:53 JPPCF.py[line:86]                            INFO Iter: 25	 Loss: 1108.24540437	 Delta: 7.80057962823

Sun, 21 Dec 2014 12:29:20 JPPCF.py[line:86]                            INFO Iter: 26	 Loss: 1100.92324644	 Delta: 7.3221579313

Sun, 21 Dec 2014 12:31:52 JPPCF.py[line:86]                            INFO Iter: 27	 Loss: 1096.38068924	 Delta: 4.54255720129

Sun, 21 Dec 2014 12:34:31 JPPCF.py[line:86]                            INFO Iter: 28	 Loss: 1093.0278654	 Delta: 3.35282384615

Sun, 21 Dec 2014 12:36:49 JPPCF.py[line:86]                            INFO Iter: 29	 Loss: 1089.34419109	 Delta: 3.68367430469

Sun, 21 Dec 2014 12:39:29 JPPCF.py[line:86]                            INFO Iter: 30	 Loss: 1084.67824251	 Delta: 4.66594857852

Sun, 21 Dec 2014 12:41:55 JPPCF.py[line:86]                            INFO Iter: 31	 Loss: 1079.10532562	 Delta: 5.57291689377

Sun, 21 Dec 2014 12:44:32 JPPCF.py[line:86]                            INFO Iter: 32	 Loss: 1071.93805514	 Delta: 7.1672704827

Sun, 21 Dec 2014 12:47:11 JPPCF.py[line:86]                            INFO Iter: 33	 Loss: 1065.9366144	 Delta: 6.0014407386

Sun, 21 Dec 2014 12:49:20 JPPCF.py[line:86]                            INFO Iter: 34	 Loss: 1060.59871148	 Delta: 5.33790291784

Sun, 21 Dec 2014 12:51:29 JPPCF.py[line:86]                            INFO Iter: 35	 Loss: 1055.47278691	 Delta: 5.12592456644

Sun, 21 Dec 2014 12:53:39 JPPCF.py[line:86]                            INFO Iter: 36	 Loss: 1048.84792788	 Delta: 6.62485903055

Sun, 21 Dec 2014 12:55:49 JPPCF.py[line:86]                            INFO Iter: 37	 Loss: 1042.26162762	 Delta: 6.58630026635

Sun, 21 Dec 2014 12:58:02 JPPCF.py[line:86]                            INFO Iter: 38	 Loss: 1035.08929977	 Delta: 7.17232784206

Sun, 21 Dec 2014 13:00:12 JPPCF.py[line:86]                            INFO Iter: 39	 Loss: 1028.60319607	 Delta: 6.48610370776

Sun, 21 Dec 2014 13:02:18 JPPCF.py[line:86]                            INFO Iter: 40	 Loss: 1024.73098449	 Delta: 3.87221157221

Sun, 21 Dec 2014 13:04:28 JPPCF.py[line:86]                            INFO Iter: 41	 Loss: 1022.09056584	 Delta: 2.64041864985

Sun, 21 Dec 2014 13:06:40 JPPCF.py[line:86]                            INFO Iter: 42	 Loss: 1020.21320029	 Delta: 1.87736555038

Sun, 21 Dec 2014 13:08:50 JPPCF.py[line:86]                            INFO Iter: 43	 Loss: 1018.39073493	 Delta: 1.82246535944

Sun, 21 Dec 2014 13:11:01 JPPCF.py[line:86]                            INFO Iter: 44	 Loss: 1015.96831097	 Delta: 2.42242396712

Sun, 21 Dec 2014 13:13:11 JPPCF.py[line:86]                            INFO Iter: 45	 Loss: 1013.90163665	 Delta: 2.06667431551

Sun, 21 Dec 2014 13:15:21 JPPCF.py[line:86]                            INFO Iter: 46	 Loss: 1011.45716862	 Delta: 2.44446803537

Sun, 21 Dec 2014 13:17:29 JPPCF.py[line:86]                            INFO Iter: 47	 Loss: 1008.17811314	 Delta: 3.2790554789

Sun, 21 Dec 2014 13:19:42 JPPCF.py[line:86]                            INFO Iter: 48	 Loss: 1003.48617247	 Delta: 4.6919406689

Sun, 21 Dec 2014 13:21:50 JPPCF.py[line:86]                            INFO Iter: 49	 Loss: 999.233903769	 Delta: 4.25226869909

Sun, 21 Dec 2014 13:23:56 JPPCF.py[line:86]                            INFO Iter: 50	 Loss: 996.368783686	 Delta: 2.86512008295

Sun, 21 Dec 2014 13:25:58 JPPCF.py[line:86]                            INFO Iter: 51	 Loss: 993.677870827	 Delta: 2.69091285856

Sun, 21 Dec 2014 13:27:56 JPPCF.py[line:86]                            INFO Iter: 52	 Loss: 990.821018237	 Delta: 2.85685259018

Sun, 21 Dec 2014 13:29:58 JPPCF.py[line:86]                            INFO Iter: 53	 Loss: 985.229498818	 Delta: 5.591519419

Sun, 21 Dec 2014 13:32:08 JPPCF.py[line:86]                            INFO Iter: 54	 Loss: 979.642062232	 Delta: 5.58743658617

Sun, 21 Dec 2014 13:34:17 JPPCF.py[line:86]                            INFO Iter: 55	 Loss: 977.677124865	 Delta: 1.96493736712

Sun, 21 Dec 2014 13:36:27 JPPCF.py[line:86]                            INFO Iter: 56	 Loss: 976.946064956	 Delta: 0.731059908913

Sun, 21 Dec 2014 13:36:27 JPPCF.py[line:88]                            INFO JPPCF OK

Sun, 21 Dec 2014 13:36:30 demo_at_tsinghua_filter_by_10.py[line:128]                            INFO [ok]
computing t-model NMF decomposition...
Sun, 21 Dec 2014 13:36:41 nmf.py[line:109]                            INFO Iter: 1	 Loss: 1668.07981517	 Delta: 998331.920185

Sun, 21 Dec 2014 13:36:51 nmf.py[line:109]                            INFO Iter: 2	 Loss: 1652.31037239	 Delta: 15.7694427829

Sun, 21 Dec 2014 13:37:02 nmf.py[line:109]                            INFO Iter: 3	 Loss: 1525.37687021	 Delta: 126.933502181

Sun, 21 Dec 2014 13:37:12 nmf.py[line:109]                            INFO Iter: 4	 Loss: 1268.1158638	 Delta: 257.26100641

Sun, 21 Dec 2014 13:37:22 nmf.py[line:109]                            INFO Iter: 5	 Loss: 1027.22423815	 Delta: 240.891625648

Sun, 21 Dec 2014 13:37:33 nmf.py[line:109]                            INFO Iter: 6	 Loss: 839.527189419	 Delta: 187.69704873

Sun, 21 Dec 2014 13:37:44 nmf.py[line:109]                            INFO Iter: 7	 Loss: 739.370767638	 Delta: 100.156421781

Sun, 21 Dec 2014 13:37:54 nmf.py[line:109]                            INFO Iter: 8	 Loss: 665.875894909	 Delta: 73.4948727292

Sun, 21 Dec 2014 13:38:05 nmf.py[line:109]                            INFO Iter: 9	 Loss: 610.260789343	 Delta: 55.6151055661

Sun, 21 Dec 2014 13:38:16 nmf.py[line:109]                            INFO Iter: 10	 Loss: 564.242156124	 Delta: 46.0186332184

Sun, 21 Dec 2014 13:38:26 nmf.py[line:109]                            INFO Iter: 11	 Loss: 522.434069623	 Delta: 41.8080865011

Sun, 21 Dec 2014 13:38:38 nmf.py[line:109]                            INFO Iter: 12	 Loss: 488.263089513	 Delta: 34.1709801106

Sun, 21 Dec 2014 13:38:49 nmf.py[line:109]                            INFO Iter: 13	 Loss: 465.881035663	 Delta: 22.3820538502

Sun, 21 Dec 2014 13:39:01 nmf.py[line:109]                            INFO Iter: 14	 Loss: 447.395294876	 Delta: 18.4857407862

Sun, 21 Dec 2014 13:39:12 nmf.py[line:109]                            INFO Iter: 15	 Loss: 431.926005642	 Delta: 15.4692892342

Sun, 21 Dec 2014 13:39:22 nmf.py[line:109]                            INFO Iter: 16	 Loss: 418.173484092	 Delta: 13.7525215505

Sun, 21 Dec 2014 13:39:33 nmf.py[line:109]                            INFO Iter: 17	 Loss: 406.328188555	 Delta: 11.8452955363

Sun, 21 Dec 2014 13:39:43 nmf.py[line:109]                            INFO Iter: 18	 Loss: 398.682288201	 Delta: 7.64590035436

Sun, 21 Dec 2014 13:39:55 nmf.py[line:109]                            INFO Iter: 19	 Loss: 391.801080924	 Delta: 6.88120727665

Sun, 21 Dec 2014 13:40:06 nmf.py[line:109]                            INFO Iter: 20	 Loss: 386.040036813	 Delta: 5.76104411121

Sun, 21 Dec 2014 13:40:17 nmf.py[line:109]                            INFO Iter: 21	 Loss: 381.893109774	 Delta: 4.14692703959

Sun, 21 Dec 2014 13:40:28 nmf.py[line:109]                            INFO Iter: 22	 Loss: 378.672374774	 Delta: 3.22073499936

Sun, 21 Dec 2014 13:40:39 nmf.py[line:109]                            INFO Iter: 23	 Loss: 375.748793469	 Delta: 2.92358130485

Sun, 21 Dec 2014 13:40:50 nmf.py[line:109]                            INFO Iter: 24	 Loss: 371.571584624	 Delta: 4.17720884516

Sun, 21 Dec 2014 13:41:00 nmf.py[line:109]                            INFO Iter: 25	 Loss: 365.411359282	 Delta: 6.16022534171

Sun, 21 Dec 2014 13:41:11 nmf.py[line:109]                            INFO Iter: 26	 Loss: 362.273227121	 Delta: 3.13813216135

Sun, 21 Dec 2014 13:41:21 nmf.py[line:109]                            INFO Iter: 27	 Loss: 360.073776299	 Delta: 2.19945082188

Sun, 21 Dec 2014 13:41:32 nmf.py[line:109]                            INFO Iter: 28	 Loss: 358.18547895	 Delta: 1.88829734949

Sun, 21 Dec 2014 13:41:42 nmf.py[line:109]                            INFO Iter: 29	 Loss: 356.279085158	 Delta: 1.906393792

Sun, 21 Dec 2014 13:41:53 nmf.py[line:109]                            INFO Iter: 30	 Loss: 354.38833862	 Delta: 1.89074653809

Sun, 21 Dec 2014 13:42:04 nmf.py[line:109]                            INFO Iter: 31	 Loss: 352.673706448	 Delta: 1.71463217147

Sun, 21 Dec 2014 13:42:14 nmf.py[line:109]                            INFO Iter: 32	 Loss: 351.187473715	 Delta: 1.48623273306

Sun, 21 Dec 2014 13:42:24 nmf.py[line:109]                            INFO Iter: 33	 Loss: 349.889889775	 Delta: 1.29758394042

Sun, 21 Dec 2014 13:42:35 nmf.py[line:109]                            INFO Iter: 34	 Loss: 348.981095283	 Delta: 0.908794491323

Sun, 21 Dec 2014 13:42:35 nmf.py[line:113]                            INFO NMF OK
Sun, 21 Dec 2014 13:42:39 demo_at_tsinghua_filter_by_10.py[line:134]                            INFO [ok]
computing fix_model NMF decomposition...
Sun, 21 Dec 2014 13:42:39 demo_at_tsinghua_filter_by_10.py[line:142]                            INFO non zero cell num: 1665
Sun, 21 Dec 2014 13:42:50 nmf.py[line:109]                            INFO Iter: 1	 Loss: 1668.06680493	 Delta: 998331.933195

Sun, 21 Dec 2014 13:43:00 nmf.py[line:109]                            INFO Iter: 2	 Loss: 1648.90585476	 Delta: 19.1609501753

Sun, 21 Dec 2014 13:43:10 nmf.py[line:109]                            INFO Iter: 3	 Loss: 1529.1875087	 Delta: 119.71834606

Sun, 21 Dec 2014 13:43:20 nmf.py[line:109]                            INFO Iter: 4	 Loss: 1257.86764687	 Delta: 271.319861828

Sun, 21 Dec 2014 13:43:30 nmf.py[line:109]                            INFO Iter: 5	 Loss: 1009.36005436	 Delta: 248.50759251

Sun, 21 Dec 2014 13:43:40 nmf.py[line:109]                            INFO Iter: 6	 Loss: 838.410230498	 Delta: 170.94982386

Sun, 21 Dec 2014 13:43:51 nmf.py[line:109]                            INFO Iter: 7	 Loss: 719.081379907	 Delta: 119.328850592

Sun, 21 Dec 2014 13:44:02 nmf.py[line:109]                            INFO Iter: 8	 Loss: 627.911725932	 Delta: 91.1696539746

Sun, 21 Dec 2014 13:44:13 nmf.py[line:109]                            INFO Iter: 9	 Loss: 574.924809601	 Delta: 52.9869163315

Sun, 21 Dec 2014 13:44:25 nmf.py[line:109]                            INFO Iter: 10	 Loss: 532.416676874	 Delta: 42.5081327268

Sun, 21 Dec 2014 13:44:36 nmf.py[line:109]                            INFO Iter: 11	 Loss: 495.682662506	 Delta: 36.7340143677

Sun, 21 Dec 2014 13:44:48 nmf.py[line:109]                            INFO Iter: 12	 Loss: 465.361868156	 Delta: 30.3207943497

Sun, 21 Dec 2014 13:45:00 nmf.py[line:109]                            INFO Iter: 13	 Loss: 441.945524787	 Delta: 23.4163433694

Sun, 21 Dec 2014 13:45:11 nmf.py[line:109]                            INFO Iter: 14	 Loss: 423.733013761	 Delta: 18.2125110264

Sun, 21 Dec 2014 13:45:22 nmf.py[line:109]                            INFO Iter: 15	 Loss: 409.898911586	 Delta: 13.8341021746

Sun, 21 Dec 2014 13:45:33 nmf.py[line:109]                            INFO Iter: 16	 Loss: 398.660669261	 Delta: 11.2382423254

Sun, 21 Dec 2014 13:45:45 nmf.py[line:109]                            INFO Iter: 17	 Loss: 390.806909266	 Delta: 7.85375999432

Sun, 21 Dec 2014 13:45:55 nmf.py[line:109]                            INFO Iter: 18	 Loss: 381.665691906	 Delta: 9.14121735998

Sun, 21 Dec 2014 13:46:07 nmf.py[line:109]                            INFO Iter: 19	 Loss: 375.67816725	 Delta: 5.98752465649

Sun, 21 Dec 2014 13:46:18 nmf.py[line:109]                            INFO Iter: 20	 Loss: 370.942515491	 Delta: 4.73565175888

Sun, 21 Dec 2014 13:46:29 nmf.py[line:109]                            INFO Iter: 21	 Loss: 366.507644838	 Delta: 4.43487065286

Sun, 21 Dec 2014 13:46:40 nmf.py[line:109]                            INFO Iter: 22	 Loss: 362.67895836	 Delta: 3.8286864782

Sun, 21 Dec 2014 13:46:51 nmf.py[line:109]                            INFO Iter: 23	 Loss: 358.920483494	 Delta: 3.75847486618

Sun, 21 Dec 2014 13:47:02 nmf.py[line:109]                            INFO Iter: 24	 Loss: 355.148268462	 Delta: 3.77221503211

Sun, 21 Dec 2014 13:47:13 nmf.py[line:109]                            INFO Iter: 25	 Loss: 351.942706671	 Delta: 3.20556179073

Sun, 21 Dec 2014 13:47:25 nmf.py[line:109]                            INFO Iter: 26	 Loss: 349.04427642	 Delta: 2.89843025111

Sun, 21 Dec 2014 13:47:36 nmf.py[line:109]                            INFO Iter: 27	 Loss: 346.426813423	 Delta: 2.61746299689

Sun, 21 Dec 2014 13:47:47 nmf.py[line:109]                            INFO Iter: 28	 Loss: 344.51870871	 Delta: 1.90810471261

Sun, 21 Dec 2014 13:47:57 nmf.py[line:109]                            INFO Iter: 29	 Loss: 343.134498675	 Delta: 1.38421003515

Sun, 21 Dec 2014 13:48:08 nmf.py[line:109]                            INFO Iter: 30	 Loss: 341.772712886	 Delta: 1.36178578932

Sun, 21 Dec 2014 13:48:18 nmf.py[line:109]                            INFO Iter: 31	 Loss: 340.648538705	 Delta: 1.12417418058

Sun, 21 Dec 2014 13:48:29 nmf.py[line:109]                            INFO Iter: 32	 Loss: 339.662509801	 Delta: 0.986028904335

Sun, 21 Dec 2014 13:48:29 nmf.py[line:113]                            INFO NMF OK
Sun, 21 Dec 2014 13:48:33 demo_at_tsinghua_filter_by_10.py[line:148]                            INFO [ok]

Sun, 21 Dec 2014 13:48:33 demo_at_tsinghua_filter_by_10.py[line:150]                            INFO 	 fold_id:0

Sun, 21 Dec 2014 13:48:33 demo_at_tsinghua_filter_by_10.py[line:152]                            INFO 	recall at 10:
Sun, 21 Dec 2014 13:48:50 demo_at_tsinghua_filter_by_10.py[line:177]                            INFO 		t-model NMF :  0.306595971722

Sun, 21 Dec 2014 13:48:50 demo_at_tsinghua_filter_by_10.py[line:178]                            INFO 		f-model NMF :  0.305385487528

Sun, 21 Dec 2014 13:48:50 demo_at_tsinghua_filter_by_10.py[line:179]                            INFO 		JPPCF :  0.267740429505

Sun, 21 Dec 2014 13:48:50 demo_at_tsinghua_filter_by_10.py[line:152]                            INFO 	recall at 50:
Sun, 21 Dec 2014 13:49:10 demo_at_tsinghua_filter_by_10.py[line:177]                            INFO 		t-model NMF :  0.553681472589

Sun, 21 Dec 2014 13:49:10 demo_at_tsinghua_filter_by_10.py[line:178]                            INFO 		f-model NMF :  0.574653194611

Sun, 21 Dec 2014 13:49:10 demo_at_tsinghua_filter_by_10.py[line:179]                            INFO 		JPPCF :  0.506959450447

Sun, 21 Dec 2014 13:49:10 demo_at_tsinghua_filter_by_10.py[line:152]                            INFO 	recall at 100:
Sun, 21 Dec 2014 13:49:30 demo_at_tsinghua_filter_by_10.py[line:177]                            INFO 		t-model NMF :  0.639425770308

Sun, 21 Dec 2014 13:49:30 demo_at_tsinghua_filter_by_10.py[line:178]                            INFO 		f-model NMF :  0.661577964519

Sun, 21 Dec 2014 13:49:30 demo_at_tsinghua_filter_by_10.py[line:179]                            INFO 		JPPCF :  0.626974122983

Sun, 21 Dec 2014 13:49:30 demo_at_tsinghua_filter_by_10.py[line:152]                            INFO 	recall at 300:
Sun, 21 Dec 2014 13:49:49 demo_at_tsinghua_filter_by_10.py[line:177]                            INFO 		t-model NMF :  0.823879551821

Sun, 21 Dec 2014 13:49:49 demo_at_tsinghua_filter_by_10.py[line:178]                            INFO 		f-model NMF :  0.825563558757

Sun, 21 Dec 2014 13:49:49 demo_at_tsinghua_filter_by_10.py[line:179]                            INFO 		JPPCF :  0.79252034147

Sun, 21 Dec 2014 13:49:49 demo_at_tsinghua_filter_by_10.py[line:152]                            INFO 	recall at 500:
Sun, 21 Dec 2014 13:50:08 demo_at_tsinghua_filter_by_10.py[line:177]                            INFO 		t-model NMF :  0.87266573296

Sun, 21 Dec 2014 13:50:08 demo_at_tsinghua_filter_by_10.py[line:178]                            INFO 		f-model NMF :  0.865196078431

Sun, 21 Dec 2014 13:50:08 demo_at_tsinghua_filter_by_10.py[line:179]                            INFO 		JPPCF :  0.865196078431

Sun, 21 Dec 2014 13:50:08 demo_at_tsinghua_filter_by_10.py[line:152]                            INFO 	recall at 1000:
Sun, 21 Dec 2014 13:50:29 demo_at_tsinghua_filter_by_10.py[line:177]                            INFO 		t-model NMF :  0.889355742297

Sun, 21 Dec 2014 13:50:29 demo_at_tsinghua_filter_by_10.py[line:178]                            INFO 		f-model NMF :  0.893557422969

Sun, 21 Dec 2014 13:50:29 demo_at_tsinghua_filter_by_10.py[line:179]                            INFO 		JPPCF :  0.918767507003

Sun, 21 Dec 2014 13:50:29 demo_at_tsinghua_filter_by_10.py[line:181]                            INFO current_time_step: 2

Sun, 21 Dec 2014 13:50:29 demo_at_tsinghua_filter_by_10.py[line:184]                            INFO 	recall at 10:
Sun, 21 Dec 2014 13:50:29 demo_at_tsinghua_filter_by_10.py[line:188]                            INFO 		avg t-model NMF :  0.306595971722

Sun, 21 Dec 2014 13:50:29 demo_at_tsinghua_filter_by_10.py[line:189]                            INFO 		avg f-model NMF :  0.305385487528

Sun, 21 Dec 2014 13:50:29 demo_at_tsinghua_filter_by_10.py[line:190]                            INFO 		avg JPPCF :  0.267740429505

Sun, 21 Dec 2014 13:50:29 demo_at_tsinghua_filter_by_10.py[line:184]                            INFO 	recall at 50:
Sun, 21 Dec 2014 13:50:29 demo_at_tsinghua_filter_by_10.py[line:188]                            INFO 		avg t-model NMF :  0.553681472589

Sun, 21 Dec 2014 13:50:29 demo_at_tsinghua_filter_by_10.py[line:189]                            INFO 		avg f-model NMF :  0.574653194611

Sun, 21 Dec 2014 13:50:29 demo_at_tsinghua_filter_by_10.py[line:190]                            INFO 		avg JPPCF :  0.506959450447

Sun, 21 Dec 2014 13:50:29 demo_at_tsinghua_filter_by_10.py[line:184]                            INFO 	recall at 100:
Sun, 21 Dec 2014 13:50:29 demo_at_tsinghua_filter_by_10.py[line:188]                            INFO 		avg t-model NMF :  0.639425770308

Sun, 21 Dec 2014 13:50:29 demo_at_tsinghua_filter_by_10.py[line:189]                            INFO 		avg f-model NMF :  0.661577964519

Sun, 21 Dec 2014 13:50:29 demo_at_tsinghua_filter_by_10.py[line:190]                            INFO 		avg JPPCF :  0.626974122983

Sun, 21 Dec 2014 13:50:29 demo_at_tsinghua_filter_by_10.py[line:184]                            INFO 	recall at 300:
Sun, 21 Dec 2014 13:50:29 demo_at_tsinghua_filter_by_10.py[line:188]                            INFO 		avg t-model NMF :  0.823879551821

Sun, 21 Dec 2014 13:50:29 demo_at_tsinghua_filter_by_10.py[line:189]                            INFO 		avg f-model NMF :  0.825563558757

Sun, 21 Dec 2014 13:50:29 demo_at_tsinghua_filter_by_10.py[line:190]                            INFO 		avg JPPCF :  0.79252034147

Sun, 21 Dec 2014 13:50:29 demo_at_tsinghua_filter_by_10.py[line:184]                            INFO 	recall at 500:
Sun, 21 Dec 2014 13:50:29 demo_at_tsinghua_filter_by_10.py[line:188]                            INFO 		avg t-model NMF :  0.87266573296

Sun, 21 Dec 2014 13:50:29 demo_at_tsinghua_filter_by_10.py[line:189]                            INFO 		avg f-model NMF :  0.865196078431

Sun, 21 Dec 2014 13:50:29 demo_at_tsinghua_filter_by_10.py[line:190]                            INFO 		avg JPPCF :  0.865196078431

Sun, 21 Dec 2014 13:50:29 demo_at_tsinghua_filter_by_10.py[line:184]                            INFO 	recall at 1000:
Sun, 21 Dec 2014 13:50:29 demo_at_tsinghua_filter_by_10.py[line:188]                            INFO 		avg t-model NMF :  0.889355742297

Sun, 21 Dec 2014 13:50:29 demo_at_tsinghua_filter_by_10.py[line:189]                            INFO 		avg f-model NMF :  0.893557422969

Sun, 21 Dec 2014 13:50:29 demo_at_tsinghua_filter_by_10.py[line:190]                            INFO 		avg JPPCF :  0.918767507003

Sun, 21 Dec 2014 13:50:29 demo_at_tsinghua_filter_by_10.py[line:204]                            INFO =========================

Sun, 21 Dec 2014 13:50:29 demo_at_tsinghua_filter_by_10.py[line:102]                            INFO 
=========================

Sun, 21 Dec 2014 13:50:29 demo_at_tsinghua_filter_by_10.py[line:103]                            INFO time_step number %i:	3
Sun, 21 Dec 2014 13:50:29 demo_at_tsinghua_filter_by_10.py[line:104]                            INFO ----------------

Sun, 21 Dec 2014 13:50:30 demo_at_tsinghua_filter_by_10.py[line:119]                            INFO non zero cell num: 2740
Sun, 21 Dec 2014 13:50:30 demo_at_tsinghua_filter_by_10.py[line:122]                            INFO computing JPP decomposition...
Sun, 21 Dec 2014 13:52:36 JPPCF.py[line:86]                            INFO Iter: 1	 Loss: 5645.49469245	 Delta: 994354.505308

Sun, 21 Dec 2014 13:54:43 JPPCF.py[line:86]                            INFO Iter: 2	 Loss: 5603.47595822	 Delta: 42.0187342274

Sun, 21 Dec 2014 13:56:47 JPPCF.py[line:86]                            INFO Iter: 3	 Loss: 4355.12893092	 Delta: 1248.34702731

Sun, 21 Dec 2014 13:58:53 JPPCF.py[line:86]                            INFO Iter: 4	 Loss: 3880.19664759	 Delta: 474.932283324

Sun, 21 Dec 2014 14:00:55 JPPCF.py[line:86]                            INFO Iter: 5	 Loss: 3253.52534229	 Delta: 626.671305301

Sun, 21 Dec 2014 14:02:53 JPPCF.py[line:86]                            INFO Iter: 6	 Loss: 2913.15459156	 Delta: 340.370750736

Sun, 21 Dec 2014 14:04:55 JPPCF.py[line:86]                            INFO Iter: 7	 Loss: 2650.31832801	 Delta: 262.836263547

Sun, 21 Dec 2014 14:07:02 JPPCF.py[line:86]                            INFO Iter: 8	 Loss: 2457.8890302	 Delta: 192.429297804

Sun, 21 Dec 2014 14:09:13 JPPCF.py[line:86]                            INFO Iter: 9	 Loss: 2307.70227087	 Delta: 150.18675933

Sun, 21 Dec 2014 14:11:21 JPPCF.py[line:86]                            INFO Iter: 10	 Loss: 2178.59140951	 Delta: 129.110861361

Sun, 21 Dec 2014 14:13:29 JPPCF.py[line:86]                            INFO Iter: 11	 Loss: 2075.12805408	 Delta: 103.463355434

Sun, 21 Dec 2014 14:15:36 JPPCF.py[line:86]                            INFO Iter: 12	 Loss: 1989.4677299	 Delta: 85.6603241802

Sun, 21 Dec 2014 14:17:44 JPPCF.py[line:86]                            INFO Iter: 13	 Loss: 1916.22469799	 Delta: 73.2430319055

Sun, 21 Dec 2014 14:19:53 JPPCF.py[line:86]                            INFO Iter: 14	 Loss: 1860.83975625	 Delta: 55.384941747

Sun, 21 Dec 2014 14:22:02 JPPCF.py[line:86]                            INFO Iter: 15	 Loss: 1820.9884503	 Delta: 39.851305945

Sun, 21 Dec 2014 14:24:10 JPPCF.py[line:86]                            INFO Iter: 16	 Loss: 1794.27151274	 Delta: 26.7169375615

Sun, 21 Dec 2014 14:26:18 JPPCF.py[line:86]                            INFO Iter: 17	 Loss: 1775.40227176	 Delta: 18.8692409799

Sun, 21 Dec 2014 14:28:28 JPPCF.py[line:86]                            INFO Iter: 18	 Loss: 1760.76534721	 Delta: 14.636924555

Sun, 21 Dec 2014 14:30:37 JPPCF.py[line:86]                            INFO Iter: 19	 Loss: 1745.01517263	 Delta: 15.7501745756

Sun, 21 Dec 2014 14:32:47 JPPCF.py[line:86]                            INFO Iter: 20	 Loss: 1728.53109903	 Delta: 16.4840736057

Sun, 21 Dec 2014 14:34:57 JPPCF.py[line:86]                            INFO Iter: 21	 Loss: 1714.48424489	 Delta: 14.0468541337

Sun, 21 Dec 2014 14:37:05 JPPCF.py[line:86]                            INFO Iter: 22	 Loss: 1701.83039517	 Delta: 12.6538497215

Sun, 21 Dec 2014 14:39:15 JPPCF.py[line:86]                            INFO Iter: 23	 Loss: 1688.34987306	 Delta: 13.4805221099

Sun, 21 Dec 2014 14:41:27 JPPCF.py[line:86]                            INFO Iter: 24	 Loss: 1678.02884877	 Delta: 10.321024289

Sun, 21 Dec 2014 14:43:35 JPPCF.py[line:86]                            INFO Iter: 25	 Loss: 1668.70486349	 Delta: 9.32398527865

Sun, 21 Dec 2014 14:45:38 JPPCF.py[line:86]                            INFO Iter: 26	 Loss: 1660.27634851	 Delta: 8.42851498501

Sun, 21 Dec 2014 14:47:50 JPPCF.py[line:86]                            INFO Iter: 27	 Loss: 1654.28664133	 Delta: 5.98970717935

Sun, 21 Dec 2014 14:50:04 JPPCF.py[line:86]                            INFO Iter: 28	 Loss: 1648.76091531	 Delta: 5.52572601618

Sun, 21 Dec 2014 14:52:19 JPPCF.py[line:86]                            INFO Iter: 29	 Loss: 1642.3294866	 Delta: 6.43142871494

Sun, 21 Dec 2014 14:54:35 JPPCF.py[line:86]                            INFO Iter: 30	 Loss: 1637.60725201	 Delta: 4.72223458851

Sun, 21 Dec 2014 14:56:49 JPPCF.py[line:86]                            INFO Iter: 31	 Loss: 1634.34279474	 Delta: 3.2644572653

Sun, 21 Dec 2014 14:59:08 JPPCF.py[line:86]                            INFO Iter: 32	 Loss: 1632.09783048	 Delta: 2.24496426205

Sun, 21 Dec 2014 15:01:22 JPPCF.py[line:86]                            INFO Iter: 33	 Loss: 1629.56064374	 Delta: 2.53718674586

Sun, 21 Dec 2014 15:03:35 JPPCF.py[line:86]                            INFO Iter: 34	 Loss: 1627.03550579	 Delta: 2.52513794328

Sun, 21 Dec 2014 15:05:47 JPPCF.py[line:86]                            INFO Iter: 35	 Loss: 1624.09426663	 Delta: 2.94123916333

Sun, 21 Dec 2014 15:08:02 JPPCF.py[line:86]                            INFO Iter: 36	 Loss: 1621.44939085	 Delta: 2.64487578274

Sun, 21 Dec 2014 15:10:10 JPPCF.py[line:86]                            INFO Iter: 37	 Loss: 1615.04037498	 Delta: 6.40901586194

Sun, 21 Dec 2014 15:12:19 JPPCF.py[line:86]                            INFO Iter: 38	 Loss: 1612.28577816	 Delta: 2.75459682577

Sun, 21 Dec 2014 15:14:28 JPPCF.py[line:86]                            INFO Iter: 39	 Loss: 1609.94087339	 Delta: 2.34490476881

Sun, 21 Dec 2014 15:16:37 JPPCF.py[line:86]                            INFO Iter: 40	 Loss: 1608.94400868	 Delta: 0.996864713675

Sun, 21 Dec 2014 15:16:37 JPPCF.py[line:88]                            INFO JPPCF OK

Sun, 21 Dec 2014 15:16:41 demo_at_tsinghua_filter_by_10.py[line:128]                            INFO [ok]
computing t-model NMF decomposition...
Sun, 21 Dec 2014 15:16:51 nmf.py[line:109]                            INFO Iter: 1	 Loss: 2746.11869664	 Delta: 997253.881303

Sun, 21 Dec 2014 15:17:01 nmf.py[line:109]                            INFO Iter: 2	 Loss: 2670.03746106	 Delta: 76.081235586

Sun, 21 Dec 2014 15:17:11 nmf.py[line:109]                            INFO Iter: 3	 Loss: 2456.27271936	 Delta: 213.764741701

Sun, 21 Dec 2014 15:17:22 nmf.py[line:109]                            INFO Iter: 4	 Loss: 2192.27421076	 Delta: 263.998508598

Sun, 21 Dec 2014 15:17:32 nmf.py[line:109]                            INFO Iter: 5	 Loss: 1842.75219123	 Delta: 349.522019527

Sun, 21 Dec 2014 15:17:43 nmf.py[line:109]                            INFO Iter: 6	 Loss: 1539.73735605	 Delta: 303.014835186

Sun, 21 Dec 2014 15:17:54 nmf.py[line:109]                            INFO Iter: 7	 Loss: 1322.0782928	 Delta: 217.659063249

Sun, 21 Dec 2014 15:18:04 nmf.py[line:109]                            INFO Iter: 8	 Loss: 1181.15939284	 Delta: 140.918899957

Sun, 21 Dec 2014 15:18:15 nmf.py[line:109]                            INFO Iter: 9	 Loss: 1066.87656701	 Delta: 114.282825834

Sun, 21 Dec 2014 15:18:26 nmf.py[line:109]                            INFO Iter: 10	 Loss: 974.669469829	 Delta: 92.2070971759

Sun, 21 Dec 2014 15:18:37 nmf.py[line:109]                            INFO Iter: 11	 Loss: 908.588341203	 Delta: 66.0811286259

Sun, 21 Dec 2014 15:18:48 nmf.py[line:109]                            INFO Iter: 12	 Loss: 861.785034496	 Delta: 46.8033067075

Sun, 21 Dec 2014 15:19:00 nmf.py[line:109]                            INFO Iter: 13	 Loss: 828.243507515	 Delta: 33.5415269809

Sun, 21 Dec 2014 15:19:12 nmf.py[line:109]                            INFO Iter: 14	 Loss: 803.508698075	 Delta: 24.7348094399

Sun, 21 Dec 2014 15:19:24 nmf.py[line:109]                            INFO Iter: 15	 Loss: 782.750422906	 Delta: 20.7582751692

Sun, 21 Dec 2014 15:19:36 nmf.py[line:109]                            INFO Iter: 16	 Loss: 765.820156337	 Delta: 16.9302665688

Sun, 21 Dec 2014 15:19:47 nmf.py[line:109]                            INFO Iter: 17	 Loss: 751.075215314	 Delta: 14.7449410228

Sun, 21 Dec 2014 15:19:58 nmf.py[line:109]                            INFO Iter: 18	 Loss: 739.456391162	 Delta: 11.6188241524

Sun, 21 Dec 2014 15:20:10 nmf.py[line:109]                            INFO Iter: 19	 Loss: 727.842349633	 Delta: 11.6140415289

Sun, 21 Dec 2014 15:20:21 nmf.py[line:109]                            INFO Iter: 20	 Loss: 716.759033139	 Delta: 11.0833164938

Sun, 21 Dec 2014 15:20:33 nmf.py[line:109]                            INFO Iter: 21	 Loss: 707.549434887	 Delta: 9.20959825241

Sun, 21 Dec 2014 15:20:44 nmf.py[line:109]                            INFO Iter: 22	 Loss: 698.723076022	 Delta: 8.82635886462

Sun, 21 Dec 2014 15:20:55 nmf.py[line:109]                            INFO Iter: 23	 Loss: 691.205143964	 Delta: 7.51793205802

Sun, 21 Dec 2014 15:21:07 nmf.py[line:109]                            INFO Iter: 24	 Loss: 684.282246907	 Delta: 6.92289705736

Sun, 21 Dec 2014 15:21:18 nmf.py[line:109]                            INFO Iter: 25	 Loss: 677.787009701	 Delta: 6.49523720611

Sun, 21 Dec 2014 15:21:28 nmf.py[line:109]                            INFO Iter: 26	 Loss: 671.199292119	 Delta: 6.58771758167

Sun, 21 Dec 2014 15:21:40 nmf.py[line:109]                            INFO Iter: 27	 Loss: 664.68469541	 Delta: 6.51459670912

Sun, 21 Dec 2014 15:21:52 nmf.py[line:109]                            INFO Iter: 28	 Loss: 659.19198871	 Delta: 5.49270669963

Sun, 21 Dec 2014 15:22:04 nmf.py[line:109]                            INFO Iter: 29	 Loss: 654.492981254	 Delta: 4.69900745591

Sun, 21 Dec 2014 15:22:15 nmf.py[line:109]                            INFO Iter: 30	 Loss: 650.75804194	 Delta: 3.73493931406

Sun, 21 Dec 2014 15:22:26 nmf.py[line:109]                            INFO Iter: 31	 Loss: 648.319170137	 Delta: 2.43887180308

Sun, 21 Dec 2014 15:22:37 nmf.py[line:109]                            INFO Iter: 32	 Loss: 646.475660783	 Delta: 1.84350935434

Sun, 21 Dec 2014 15:22:48 nmf.py[line:109]                            INFO Iter: 33	 Loss: 644.674557873	 Delta: 1.80110291036

Sun, 21 Dec 2014 15:22:59 nmf.py[line:109]                            INFO Iter: 34	 Loss: 643.100149893	 Delta: 1.57440797937

Sun, 21 Dec 2014 15:23:11 nmf.py[line:109]                            INFO Iter: 35	 Loss: 641.390575542	 Delta: 1.70957435135

Sun, 21 Dec 2014 15:23:21 nmf.py[line:109]                            INFO Iter: 36	 Loss: 639.344713284	 Delta: 2.04586225791

Sun, 21 Dec 2014 15:23:31 nmf.py[line:109]                            INFO Iter: 37	 Loss: 637.239086815	 Delta: 2.10562646902

Sun, 21 Dec 2014 15:23:42 nmf.py[line:109]                            INFO Iter: 38	 Loss: 634.816638366	 Delta: 2.42244844868

Sun, 21 Dec 2014 15:23:53 nmf.py[line:109]                            INFO Iter: 39	 Loss: 632.283637068	 Delta: 2.53300129841

Sun, 21 Dec 2014 15:24:04 nmf.py[line:109]                            INFO Iter: 40	 Loss: 630.057048963	 Delta: 2.22658810476

Sun, 21 Dec 2014 15:24:15 nmf.py[line:109]                            INFO Iter: 41	 Loss: 628.192189011	 Delta: 1.86485995202

Sun, 21 Dec 2014 15:24:25 nmf.py[line:109]                            INFO Iter: 42	 Loss: 626.376007453	 Delta: 1.81618155827

Sun, 21 Dec 2014 15:24:36 nmf.py[line:109]                            INFO Iter: 43	 Loss: 624.327840112	 Delta: 2.04816734122

Sun, 21 Dec 2014 15:24:46 nmf.py[line:109]                            INFO Iter: 44	 Loss: 622.444581075	 Delta: 1.88325903638

Sun, 21 Dec 2014 15:24:57 nmf.py[line:109]                            INFO Iter: 45	 Loss: 620.724036627	 Delta: 1.72054444812

Sun, 21 Dec 2014 15:25:09 nmf.py[line:109]                            INFO Iter: 46	 Loss: 619.612033827	 Delta: 1.1120028006

Sun, 21 Dec 2014 15:25:19 nmf.py[line:109]                            INFO Iter: 47	 Loss: 618.585429799	 Delta: 1.02660402766

Sun, 21 Dec 2014 15:25:30 nmf.py[line:109]                            INFO Iter: 48	 Loss: 617.675532424	 Delta: 0.909897374554

Sun, 21 Dec 2014 15:25:30 nmf.py[line:113]                            INFO NMF OK
Sun, 21 Dec 2014 15:25:33 demo_at_tsinghua_filter_by_10.py[line:134]                            INFO [ok]
computing fix_model NMF decomposition...
Sun, 21 Dec 2014 15:25:34 demo_at_tsinghua_filter_by_10.py[line:142]                            INFO non zero cell num: 4612
Sun, 21 Dec 2014 15:25:44 nmf.py[line:109]                            INFO Iter: 1	 Loss: 4625.08822275	 Delta: 995374.911777

Sun, 21 Dec 2014 15:25:55 nmf.py[line:109]                            INFO Iter: 2	 Loss: 4472.60307208	 Delta: 152.485150664

Sun, 21 Dec 2014 15:26:06 nmf.py[line:109]                            INFO Iter: 3	 Loss: 4200.71825557	 Delta: 271.884816518

Sun, 21 Dec 2014 15:26:15 nmf.py[line:109]                            INFO Iter: 4	 Loss: 3634.07533647	 Delta: 566.642919091

Sun, 21 Dec 2014 15:26:25 nmf.py[line:109]                            INFO Iter: 5	 Loss: 3051.76851788	 Delta: 582.306818599

Sun, 21 Dec 2014 15:26:35 nmf.py[line:109]                            INFO Iter: 6	 Loss: 2594.74013729	 Delta: 457.028380584

Sun, 21 Dec 2014 15:26:45 nmf.py[line:109]                            INFO Iter: 7	 Loss: 2252.58854319	 Delta: 342.151594104

Sun, 21 Dec 2014 15:26:56 nmf.py[line:109]                            INFO Iter: 8	 Loss: 2001.40294855	 Delta: 251.185594636

Sun, 21 Dec 2014 15:27:05 nmf.py[line:109]                            INFO Iter: 9	 Loss: 1817.92421234	 Delta: 183.478736217

Sun, 21 Dec 2014 15:27:16 nmf.py[line:109]                            INFO Iter: 10	 Loss: 1677.27207181	 Delta: 140.652140526

Sun, 21 Dec 2014 15:27:26 nmf.py[line:109]                            INFO Iter: 11	 Loss: 1562.5856064	 Delta: 114.686465411

Sun, 21 Dec 2014 15:27:37 nmf.py[line:109]                            INFO Iter: 12	 Loss: 1469.8824663	 Delta: 92.7031400968

Sun, 21 Dec 2014 15:27:49 nmf.py[line:109]                            INFO Iter: 13	 Loss: 1398.53768386	 Delta: 71.3447824432

Sun, 21 Dec 2014 15:28:02 nmf.py[line:109]                            INFO Iter: 14	 Loss: 1343.53845572	 Delta: 54.9992281361

Sun, 21 Dec 2014 15:28:14 nmf.py[line:109]                            INFO Iter: 15	 Loss: 1296.40571756	 Delta: 47.132738166

Sun, 21 Dec 2014 15:28:26 nmf.py[line:109]                            INFO Iter: 16	 Loss: 1254.30707777	 Delta: 42.0986397828

Sun, 21 Dec 2014 15:28:38 nmf.py[line:109]                            INFO Iter: 17	 Loss: 1219.57668483	 Delta: 34.7303929407

Sun, 21 Dec 2014 15:28:50 nmf.py[line:109]                            INFO Iter: 18	 Loss: 1190.47134746	 Delta: 29.1053373762

Sun, 21 Dec 2014 15:29:02 nmf.py[line:109]                            INFO Iter: 19	 Loss: 1165.12702769	 Delta: 25.344319769

Sun, 21 Dec 2014 15:29:14 nmf.py[line:109]                            INFO Iter: 20	 Loss: 1144.19167309	 Delta: 20.9353545966

Sun, 21 Dec 2014 15:29:25 nmf.py[line:109]                            INFO Iter: 21	 Loss: 1126.2663026	 Delta: 17.9253704872

Sun, 21 Dec 2014 15:29:36 nmf.py[line:109]                            INFO Iter: 22	 Loss: 1110.06235353	 Delta: 16.2039490746

Sun, 21 Dec 2014 15:29:49 nmf.py[line:109]                            INFO Iter: 23	 Loss: 1094.98238347	 Delta: 15.0799700606

Sun, 21 Dec 2014 15:30:00 nmf.py[line:109]                            INFO Iter: 24	 Loss: 1081.35043289	 Delta: 13.6319505818

Sun, 21 Dec 2014 15:30:12 nmf.py[line:109]                            INFO Iter: 25	 Loss: 1070.12870094	 Delta: 11.2217319501

Sun, 21 Dec 2014 15:30:23 nmf.py[line:109]                            INFO Iter: 26	 Loss: 1061.33094008	 Delta: 8.79776085823

Sun, 21 Dec 2014 15:30:35 nmf.py[line:109]                            INFO Iter: 27	 Loss: 1053.53273173	 Delta: 7.79820834639

Sun, 21 Dec 2014 15:30:48 nmf.py[line:109]                            INFO Iter: 28	 Loss: 1046.50888771	 Delta: 7.0238440208

Sun, 21 Dec 2014 15:31:00 nmf.py[line:109]                            INFO Iter: 29	 Loss: 1040.44613374	 Delta: 6.0627539707

Sun, 21 Dec 2014 15:31:11 nmf.py[line:109]                            INFO Iter: 30	 Loss: 1035.08883804	 Delta: 5.35729570382

Sun, 21 Dec 2014 15:31:23 nmf.py[line:109]                            INFO Iter: 31	 Loss: 1029.95589051	 Delta: 5.13294752427

Sun, 21 Dec 2014 15:31:34 nmf.py[line:109]                            INFO Iter: 32	 Loss: 1024.88429632	 Delta: 5.07159419746

Sun, 21 Dec 2014 15:31:46 nmf.py[line:109]                            INFO Iter: 33	 Loss: 1019.84468143	 Delta: 5.03961489002

Sun, 21 Dec 2014 15:31:57 nmf.py[line:109]                            INFO Iter: 34	 Loss: 1014.38093818	 Delta: 5.46374324965

Sun, 21 Dec 2014 15:32:08 nmf.py[line:109]                            INFO Iter: 35	 Loss: 1009.73924399	 Delta: 4.64169418125

Sun, 21 Dec 2014 15:32:19 nmf.py[line:109]                            INFO Iter: 36	 Loss: 1006.37590504	 Delta: 3.36333895201

Sun, 21 Dec 2014 15:32:32 nmf.py[line:109]                            INFO Iter: 37	 Loss: 1003.6597701	 Delta: 2.71613494287

Sun, 21 Dec 2014 15:32:44 nmf.py[line:109]                            INFO Iter: 38	 Loss: 1001.19658761	 Delta: 2.46318248564

Sun, 21 Dec 2014 15:32:55 nmf.py[line:109]                            INFO Iter: 39	 Loss: 998.88065497	 Delta: 2.31593264342

Sun, 21 Dec 2014 15:33:06 nmf.py[line:109]                            INFO Iter: 40	 Loss: 996.686505107	 Delta: 2.19414986348

Sun, 21 Dec 2014 15:33:17 nmf.py[line:109]                            INFO Iter: 41	 Loss: 994.663824826	 Delta: 2.02268028075

Sun, 21 Dec 2014 15:33:29 nmf.py[line:109]                            INFO Iter: 42	 Loss: 992.847352473	 Delta: 1.81647235348

Sun, 21 Dec 2014 15:33:40 nmf.py[line:109]                            INFO Iter: 43	 Loss: 991.236469722	 Delta: 1.61088275027

Sun, 21 Dec 2014 15:33:51 nmf.py[line:109]                            INFO Iter: 44	 Loss: 989.787190289	 Delta: 1.44927943371

Sun, 21 Dec 2014 15:34:01 nmf.py[line:109]                            INFO Iter: 45	 Loss: 988.451864282	 Delta: 1.33532600679

Sun, 21 Dec 2014 15:34:12 nmf.py[line:109]                            INFO Iter: 46	 Loss: 987.096259492	 Delta: 1.35560479003

Sun, 21 Dec 2014 15:34:24 nmf.py[line:109]                            INFO Iter: 47	 Loss: 985.333362177	 Delta: 1.76289731517

Sun, 21 Dec 2014 15:34:36 nmf.py[line:109]                            INFO Iter: 48	 Loss: 983.89747712	 Delta: 1.4358850564

Sun, 21 Dec 2014 15:34:47 nmf.py[line:109]                            INFO Iter: 49	 Loss: 982.856798443	 Delta: 1.04067867706

Sun, 21 Dec 2014 15:34:58 nmf.py[line:109]                            INFO Iter: 50	 Loss: 981.896647523	 Delta: 0.96015092053

Sun, 21 Dec 2014 15:34:58 nmf.py[line:113]                            INFO NMF OK
Sun, 21 Dec 2014 15:35:02 demo_at_tsinghua_filter_by_10.py[line:148]                            INFO [ok]

Sun, 21 Dec 2014 15:35:02 demo_at_tsinghua_filter_by_10.py[line:150]                            INFO 	 fold_id:0

Sun, 21 Dec 2014 15:35:02 demo_at_tsinghua_filter_by_10.py[line:152]                            INFO 	recall at 10:
Sun, 21 Dec 2014 15:35:46 demo_at_tsinghua_filter_by_10.py[line:177]                            INFO 		t-model NMF :  0.280759275374

Sun, 21 Dec 2014 15:35:46 demo_at_tsinghua_filter_by_10.py[line:178]                            INFO 		f-model NMF :  0.242068410246

Sun, 21 Dec 2014 15:35:46 demo_at_tsinghua_filter_by_10.py[line:179]                            INFO 		JPPCF :  0.279365857241

Sun, 21 Dec 2014 15:35:46 demo_at_tsinghua_filter_by_10.py[line:152]                            INFO 	recall at 50:
Sun, 21 Dec 2014 15:36:29 demo_at_tsinghua_filter_by_10.py[line:177]                            INFO 		t-model NMF :  0.489878137809

Sun, 21 Dec 2014 15:36:29 demo_at_tsinghua_filter_by_10.py[line:178]                            INFO 		f-model NMF :  0.478319823387

Sun, 21 Dec 2014 15:36:29 demo_at_tsinghua_filter_by_10.py[line:179]                            INFO 		JPPCF :  0.505463833124

Sun, 21 Dec 2014 15:36:29 demo_at_tsinghua_filter_by_10.py[line:152]                            INFO 	recall at 100:
Sun, 21 Dec 2014 15:37:15 demo_at_tsinghua_filter_by_10.py[line:177]                            INFO 		t-model NMF :  0.60411280504

Sun, 21 Dec 2014 15:37:15 demo_at_tsinghua_filter_by_10.py[line:178]                            INFO 		f-model NMF :  0.586894214578

Sun, 21 Dec 2014 15:37:15 demo_at_tsinghua_filter_by_10.py[line:179]                            INFO 		JPPCF :  0.625337012602

Sun, 21 Dec 2014 15:37:15 demo_at_tsinghua_filter_by_10.py[line:152]                            INFO 	recall at 300:
Sun, 21 Dec 2014 15:37:59 demo_at_tsinghua_filter_by_10.py[line:177]                            INFO 		t-model NMF :  0.784199167656

Sun, 21 Dec 2014 15:37:59 demo_at_tsinghua_filter_by_10.py[line:178]                            INFO 		f-model NMF :  0.799109474393

Sun, 21 Dec 2014 15:37:59 demo_at_tsinghua_filter_by_10.py[line:179]                            INFO 		JPPCF :  0.781779162564

Sun, 21 Dec 2014 15:37:59 demo_at_tsinghua_filter_by_10.py[line:152]                            INFO 	recall at 500:
Sun, 21 Dec 2014 15:38:45 demo_at_tsinghua_filter_by_10.py[line:177]                            INFO 		t-model NMF :  0.855382030701

Sun, 21 Dec 2014 15:38:45 demo_at_tsinghua_filter_by_10.py[line:178]                            INFO 		f-model NMF :  0.877106847348

Sun, 21 Dec 2014 15:38:45 demo_at_tsinghua_filter_by_10.py[line:179]                            INFO 		JPPCF :  0.858426151482

Sun, 21 Dec 2014 15:38:45 demo_at_tsinghua_filter_by_10.py[line:152]                            INFO 	recall at 1000:
Sun, 21 Dec 2014 15:39:31 demo_at_tsinghua_filter_by_10.py[line:177]                            INFO 		t-model NMF :  0.911632053703

Sun, 21 Dec 2014 15:39:31 demo_at_tsinghua_filter_by_10.py[line:178]                            INFO 		f-model NMF :  0.961558632263

Sun, 21 Dec 2014 15:39:31 demo_at_tsinghua_filter_by_10.py[line:179]                            INFO 		JPPCF :  0.940822320117

Sun, 21 Dec 2014 15:39:31 demo_at_tsinghua_filter_by_10.py[line:181]                            INFO current_time_step: 3

Sun, 21 Dec 2014 15:39:31 demo_at_tsinghua_filter_by_10.py[line:184]                            INFO 	recall at 10:
Sun, 21 Dec 2014 15:39:31 demo_at_tsinghua_filter_by_10.py[line:188]                            INFO 		avg t-model NMF :  0.280759275374

Sun, 21 Dec 2014 15:39:31 demo_at_tsinghua_filter_by_10.py[line:189]                            INFO 		avg f-model NMF :  0.242068410246

Sun, 21 Dec 2014 15:39:31 demo_at_tsinghua_filter_by_10.py[line:190]                            INFO 		avg JPPCF :  0.279365857241

Sun, 21 Dec 2014 15:39:31 demo_at_tsinghua_filter_by_10.py[line:184]                            INFO 	recall at 50:
Sun, 21 Dec 2014 15:39:31 demo_at_tsinghua_filter_by_10.py[line:188]                            INFO 		avg t-model NMF :  0.489878137809

Sun, 21 Dec 2014 15:39:31 demo_at_tsinghua_filter_by_10.py[line:189]                            INFO 		avg f-model NMF :  0.478319823387

Sun, 21 Dec 2014 15:39:31 demo_at_tsinghua_filter_by_10.py[line:190]                            INFO 		avg JPPCF :  0.505463833124

Sun, 21 Dec 2014 15:39:31 demo_at_tsinghua_filter_by_10.py[line:184]                            INFO 	recall at 100:
Sun, 21 Dec 2014 15:39:31 demo_at_tsinghua_filter_by_10.py[line:188]                            INFO 		avg t-model NMF :  0.60411280504

Sun, 21 Dec 2014 15:39:31 demo_at_tsinghua_filter_by_10.py[line:189]                            INFO 		avg f-model NMF :  0.586894214578

Sun, 21 Dec 2014 15:39:31 demo_at_tsinghua_filter_by_10.py[line:190]                            INFO 		avg JPPCF :  0.625337012602

Sun, 21 Dec 2014 15:39:31 demo_at_tsinghua_filter_by_10.py[line:184]                            INFO 	recall at 300:
Sun, 21 Dec 2014 15:39:31 demo_at_tsinghua_filter_by_10.py[line:188]                            INFO 		avg t-model NMF :  0.784199167656

Sun, 21 Dec 2014 15:39:31 demo_at_tsinghua_filter_by_10.py[line:189]                            INFO 		avg f-model NMF :  0.799109474393

Sun, 21 Dec 2014 15:39:31 demo_at_tsinghua_filter_by_10.py[line:190]                            INFO 		avg JPPCF :  0.781779162564

Sun, 21 Dec 2014 15:39:31 demo_at_tsinghua_filter_by_10.py[line:184]                            INFO 	recall at 500:
Sun, 21 Dec 2014 15:39:31 demo_at_tsinghua_filter_by_10.py[line:188]                            INFO 		avg t-model NMF :  0.855382030701

Sun, 21 Dec 2014 15:39:31 demo_at_tsinghua_filter_by_10.py[line:189]                            INFO 		avg f-model NMF :  0.877106847348

Sun, 21 Dec 2014 15:39:31 demo_at_tsinghua_filter_by_10.py[line:190]                            INFO 		avg JPPCF :  0.858426151482

Sun, 21 Dec 2014 15:39:31 demo_at_tsinghua_filter_by_10.py[line:184]                            INFO 	recall at 1000:
Sun, 21 Dec 2014 15:39:31 demo_at_tsinghua_filter_by_10.py[line:188]                            INFO 		avg t-model NMF :  0.911632053703

Sun, 21 Dec 2014 15:39:31 demo_at_tsinghua_filter_by_10.py[line:189]                            INFO 		avg f-model NMF :  0.961558632263

Sun, 21 Dec 2014 15:39:31 demo_at_tsinghua_filter_by_10.py[line:190]                            INFO 		avg JPPCF :  0.940822320117

Sun, 21 Dec 2014 15:39:31 demo_at_tsinghua_filter_by_10.py[line:204]                            INFO =========================

Sun, 21 Dec 2014 15:39:31 demo_at_tsinghua_filter_by_10.py[line:102]                            INFO 
=========================

Sun, 21 Dec 2014 15:39:31 demo_at_tsinghua_filter_by_10.py[line:103]                            INFO time_step number %i:	4
Sun, 21 Dec 2014 15:39:31 demo_at_tsinghua_filter_by_10.py[line:104]                            INFO ----------------

Sun, 21 Dec 2014 15:39:32 demo_at_tsinghua_filter_by_10.py[line:119]                            INFO non zero cell num: 2707
Sun, 21 Dec 2014 15:39:32 demo_at_tsinghua_filter_by_10.py[line:122]                            INFO computing JPP decomposition...
Sun, 21 Dec 2014 15:41:39 JPPCF.py[line:86]                            INFO Iter: 1	 Loss: 5580.8268735	 Delta: 994419.173127

Sun, 21 Dec 2014 15:43:43 JPPCF.py[line:86]                            INFO Iter: 2	 Loss: 5562.90528658	 Delta: 17.9215869182

Sun, 21 Dec 2014 15:45:46 JPPCF.py[line:86]                            INFO Iter: 3	 Loss: 4447.05478983	 Delta: 1115.85049675

Sun, 21 Dec 2014 15:47:55 JPPCF.py[line:86]                            INFO Iter: 4	 Loss: 3910.75545738	 Delta: 536.29933245

