Sun, 21 Dec 2014 10:56:39 demo_at_tsinghua_filter_by_10.py[line:82]                            INFO user num: 3431

Sun, 21 Dec 2014 10:56:39 demo_at_tsinghua_filter_by_10.py[line:83]                            INFO doc num: 7710

Sun, 21 Dec 2014 10:56:39 demo_at_tsinghua_filter_by_10.py[line:84]                            INFO time step num: 20

Sun, 21 Dec 2014 10:56:40 demo_at_tsinghua_filter_by_10.py[line:91]                            INFO non zero cell num: 1338
Sun, 21 Dec 2014 10:56:40 demo_at_tsinghua_filter_by_10.py[line:92]                            INFO start nmf:

Sun, 21 Dec 2014 10:56:57 nmf.py[line:109]                            INFO Iter: 1	 Loss: 1341.75352635	 Delta: 998658.246474

Sun, 21 Dec 2014 10:57:16 nmf.py[line:109]                            INFO Iter: 2	 Loss: 1238.23875457	 Delta: 103.514771785

Sun, 21 Dec 2014 10:57:34 nmf.py[line:109]                            INFO Iter: 3	 Loss: 1099.74863624	 Delta: 138.490118332

Sun, 21 Dec 2014 10:57:53 nmf.py[line:109]                            INFO Iter: 4	 Loss: 913.032431446	 Delta: 186.71620479

Sun, 21 Dec 2014 10:58:11 nmf.py[line:109]                            INFO Iter: 5	 Loss: 711.250666749	 Delta: 201.781764697

Sun, 21 Dec 2014 10:58:29 nmf.py[line:109]                            INFO Iter: 6	 Loss: 565.352666221	 Delta: 145.898000528

Sun, 21 Dec 2014 10:58:48 nmf.py[line:109]                            INFO Iter: 7	 Loss: 458.320122299	 Delta: 107.032543923

Sun, 21 Dec 2014 10:59:07 nmf.py[line:109]                            INFO Iter: 8	 Loss: 374.443376759	 Delta: 83.8767455399

Sun, 21 Dec 2014 10:59:27 nmf.py[line:109]                            INFO Iter: 9	 Loss: 318.966783902	 Delta: 55.4765928569

Sun, 21 Dec 2014 10:59:46 nmf.py[line:109]                            INFO Iter: 10	 Loss: 279.063018224	 Delta: 39.9037656776

Sun, 21 Dec 2014 11:00:05 nmf.py[line:109]                            INFO Iter: 11	 Loss: 246.213547815	 Delta: 32.8494704094

Sun, 21 Dec 2014 11:00:23 nmf.py[line:109]                            INFO Iter: 12	 Loss: 223.125321291	 Delta: 23.0882265238

Sun, 21 Dec 2014 11:00:41 nmf.py[line:109]                            INFO Iter: 13	 Loss: 209.206505764	 Delta: 13.9188155275

Sun, 21 Dec 2014 11:01:02 nmf.py[line:109]                            INFO Iter: 14	 Loss: 198.98562286	 Delta: 10.2208829038

Sun, 21 Dec 2014 11:01:20 nmf.py[line:109]                            INFO Iter: 15	 Loss: 190.225892045	 Delta: 8.75973081546

Sun, 21 Dec 2014 11:01:39 nmf.py[line:109]                            INFO Iter: 16	 Loss: 181.259324663	 Delta: 8.96656738162

Sun, 21 Dec 2014 11:01:57 nmf.py[line:109]                            INFO Iter: 17	 Loss: 172.405954998	 Delta: 8.85336966477

Sun, 21 Dec 2014 11:02:17 nmf.py[line:109]                            INFO Iter: 18	 Loss: 166.036134529	 Delta: 6.36982046924

Sun, 21 Dec 2014 11:02:37 nmf.py[line:109]                            INFO Iter: 19	 Loss: 161.165380633	 Delta: 4.87075389577

Sun, 21 Dec 2014 11:02:56 nmf.py[line:109]                            INFO Iter: 20	 Loss: 157.67410512	 Delta: 3.49127551269

Sun, 21 Dec 2014 11:03:15 nmf.py[line:109]                            INFO Iter: 21	 Loss: 154.943192403	 Delta: 2.73091271777

Sun, 21 Dec 2014 11:03:34 nmf.py[line:109]                            INFO Iter: 22	 Loss: 149.847742845	 Delta: 5.09544955762

Sun, 21 Dec 2014 11:03:52 nmf.py[line:109]                            INFO Iter: 23	 Loss: 146.528548189	 Delta: 3.3191946565

Sun, 21 Dec 2014 11:04:10 nmf.py[line:109]                            INFO Iter: 24	 Loss: 144.603038926	 Delta: 1.92550926297

Sun, 21 Dec 2014 11:04:29 nmf.py[line:109]                            INFO Iter: 25	 Loss: 142.95129642	 Delta: 1.65174250594

Sun, 21 Dec 2014 11:04:47 nmf.py[line:109]                            INFO Iter: 26	 Loss: 141.551724337	 Delta: 1.39957208229

Sun, 21 Dec 2014 11:05:06 nmf.py[line:109]                            INFO Iter: 27	 Loss: 140.317122117	 Delta: 1.23460222045

Sun, 21 Dec 2014 11:05:23 nmf.py[line:109]                            INFO Iter: 28	 Loss: 138.959940768	 Delta: 1.35718134849

Sun, 21 Dec 2014 11:05:41 nmf.py[line:109]                            INFO Iter: 29	 Loss: 136.60452136	 Delta: 2.3554194086

Sun, 21 Dec 2014 11:05:59 nmf.py[line:109]                            INFO Iter: 30	 Loss: 133.482749069	 Delta: 3.12177229091

Sun, 21 Dec 2014 11:06:19 nmf.py[line:109]                            INFO Iter: 31	 Loss: 131.26084081	 Delta: 2.22190825932

Sun, 21 Dec 2014 11:06:39 nmf.py[line:109]                            INFO Iter: 32	 Loss: 129.591882622	 Delta: 1.66895818737

Sun, 21 Dec 2014 11:06:55 nmf.py[line:109]                            INFO Iter: 33	 Loss: 127.399976697	 Delta: 2.19190592534

Sun, 21 Dec 2014 11:07:13 nmf.py[line:109]                            INFO Iter: 34	 Loss: 125.928523842	 Delta: 1.47145285514

Sun, 21 Dec 2014 11:07:33 nmf.py[line:109]                            INFO Iter: 35	 Loss: 124.691906544	 Delta: 1.23661729797

Sun, 21 Dec 2014 11:07:49 nmf.py[line:109]                            INFO Iter: 36	 Loss: 123.51428385	 Delta: 1.17762269396

Sun, 21 Dec 2014 11:08:08 nmf.py[line:109]                            INFO Iter: 37	 Loss: 122.413531889	 Delta: 1.10075196084

Sun, 21 Dec 2014 11:08:26 nmf.py[line:109]                            INFO Iter: 38	 Loss: 121.491380798	 Delta: 0.922151090522

Sun, 21 Dec 2014 11:08:26 nmf.py[line:113]                            INFO NMF OK
Sun, 21 Dec 2014 11:08:26 demo_at_tsinghua_filter_by_10.py[line:102]                            INFO 
=========================

Sun, 21 Dec 2014 11:08:26 demo_at_tsinghua_filter_by_10.py[line:103]                            INFO time_step number %i:	2
Sun, 21 Dec 2014 11:08:26 demo_at_tsinghua_filter_by_10.py[line:104]                            INFO ----------------

Sun, 21 Dec 2014 11:08:28 demo_at_tsinghua_filter_by_10.py[line:119]                            INFO non zero cell num: 1665
Sun, 21 Dec 2014 11:08:28 demo_at_tsinghua_filter_by_10.py[line:122]                            INFO computing JPP decomposition...
Sun, 21 Dec 2014 11:11:59 JPPCF.py[line:86]                            INFO Iter: 1	 Loss: 3497.86805428	 Delta: 996502.131946

Sun, 21 Dec 2014 11:15:30 JPPCF.py[line:86]                            INFO Iter: 2	 Loss: 3490.4078838	 Delta: 7.4601704788

Sun, 21 Dec 2014 11:18:32 JPPCF.py[line:86]                            INFO Iter: 3	 Loss: 3046.11293186	 Delta: 444.294951942

Sun, 21 Dec 2014 11:21:31 JPPCF.py[line:86]                            INFO Iter: 4	 Loss: 2681.91679557	 Delta: 364.196136286

Sun, 21 Dec 2014 11:24:44 JPPCF.py[line:86]                            INFO Iter: 5	 Loss: 2301.12319716	 Delta: 380.793598417

Sun, 21 Dec 2014 11:28:06 JPPCF.py[line:86]                            INFO Iter: 6	 Loss: 2046.41381997	 Delta: 254.709377181

Sun, 21 Dec 2014 11:31:40 JPPCF.py[line:86]                            INFO Iter: 7	 Loss: 1898.58713206	 Delta: 147.826687914

Sun, 21 Dec 2014 11:34:58 JPPCF.py[line:86]                            INFO Iter: 8	 Loss: 1796.25588848	 Delta: 102.331243582

Sun, 21 Dec 2014 11:38:10 JPPCF.py[line:86]                            INFO Iter: 9	 Loss: 1716.42834816	 Delta: 79.827540318

Sun, 21 Dec 2014 11:41:22 JPPCF.py[line:86]                            INFO Iter: 10	 Loss: 1655.52501901	 Delta: 60.9033291551

Sun, 21 Dec 2014 11:44:34 JPPCF.py[line:86]                            INFO Iter: 11	 Loss: 1609.33568892	 Delta: 46.1893300849

Sun, 21 Dec 2014 11:47:58 JPPCF.py[line:86]                            INFO Iter: 12	 Loss: 1571.2027044	 Delta: 38.1329845161

Sun, 21 Dec 2014 11:50:46 JPPCF.py[line:86]                            INFO Iter: 13	 Loss: 1530.92483821	 Delta: 40.2778661984

Sun, 21 Dec 2014 11:53:41 JPPCF.py[line:86]                            INFO Iter: 14	 Loss: 1492.01829726	 Delta: 38.9065409504

Sun, 21 Dec 2014 11:56:51 JPPCF.py[line:86]                            INFO Iter: 15	 Loss: 1464.24459439	 Delta: 27.7737028664

Sun, 21 Dec 2014 11:59:33 JPPCF.py[line:86]                            INFO Iter: 16	 Loss: 1441.09554423	 Delta: 23.1490501573

Sun, 21 Dec 2014 12:02:27 JPPCF.py[line:86]                            INFO Iter: 17	 Loss: 1420.88085372	 Delta: 20.2146905075

Sun, 21 Dec 2014 12:05:09 JPPCF.py[line:86]                            INFO Iter: 18	 Loss: 1405.1124051	 Delta: 15.7684486229

Sun, 21 Dec 2014 12:08:02 JPPCF.py[line:86]                            INFO Iter: 19	 Loss: 1389.25291053	 Delta: 15.8594945677

Sun, 21 Dec 2014 12:11:07 JPPCF.py[line:86]                            INFO Iter: 20	 Loss: 1375.86117804	 Delta: 13.3917324957

Sun, 21 Dec 2014 12:13:35 JPPCF.py[line:86]                            INFO Iter: 21	 Loss: 1365.09325027	 Delta: 10.7679277664

Sun, 21 Dec 2014 12:16:23 JPPCF.py[line:86]                            INFO Iter: 22	 Loss: 1354.98985862	 Delta: 10.103391652

Sun, 21 Dec 2014 12:19:15 JPPCF.py[line:86]                            INFO Iter: 23	 Loss: 1341.49545018	 Delta: 13.4944084451

Sun, 21 Dec 2014 12:22:10 JPPCF.py[line:86]                            INFO Iter: 24	 Loss: 1324.97910165	 Delta: 16.5163485271

Sun, 21 Dec 2014 12:25:09 JPPCF.py[line:86]                            INFO Iter: 25	 Loss: 1309.09300896	 Delta: 15.8860926833

Sun, 21 Dec 2014 12:27:33 JPPCF.py[line:86]                            INFO Iter: 26	 Loss: 1295.89314935	 Delta: 13.1998596197

Sun, 21 Dec 2014 12:30:14 JPPCF.py[line:86]                            INFO Iter: 27	 Loss: 1285.08600636	 Delta: 10.8071429803

Sun, 21 Dec 2014 12:32:59 JPPCF.py[line:86]                            INFO Iter: 28	 Loss: 1278.01836647	 Delta: 7.06763989083

Sun, 21 Dec 2014 12:35:40 JPPCF.py[line:86]                            INFO Iter: 29	 Loss: 1270.92239494	 Delta: 7.09597153652

Sun, 21 Dec 2014 12:38:12 JPPCF.py[line:86]                            INFO Iter: 30	 Loss: 1265.92617684	 Delta: 4.99621809903

Sun, 21 Dec 2014 12:40:46 JPPCF.py[line:86]                            INFO Iter: 31	 Loss: 1260.91361677	 Delta: 5.01256006654

Sun, 21 Dec 2014 12:43:15 JPPCF.py[line:86]                            INFO Iter: 32	 Loss: 1255.66737528	 Delta: 5.24624148871

Sun, 21 Dec 2014 12:45:50 JPPCF.py[line:86]                            INFO Iter: 33	 Loss: 1250.58400572	 Delta: 5.08336955965

Sun, 21 Dec 2014 12:48:16 JPPCF.py[line:86]                            INFO Iter: 34	 Loss: 1246.88436522	 Delta: 3.69964049883

Sun, 21 Dec 2014 12:50:25 JPPCF.py[line:86]                            INFO Iter: 35	 Loss: 1243.77078744	 Delta: 3.11357778049

Sun, 21 Dec 2014 12:52:34 JPPCF.py[line:86]                            INFO Iter: 36	 Loss: 1239.96607351	 Delta: 3.80471393529

Sun, 21 Dec 2014 12:54:47 JPPCF.py[line:86]                            INFO Iter: 37	 Loss: 1235.58110115	 Delta: 4.3849723584

Sun, 21 Dec 2014 12:57:02 JPPCF.py[line:86]                            INFO Iter: 38	 Loss: 1232.12750485	 Delta: 3.45359629758

Sun, 21 Dec 2014 12:59:11 JPPCF.py[line:86]                            INFO Iter: 39	 Loss: 1228.9663917	 Delta: 3.1611131497

Sun, 21 Dec 2014 13:01:23 JPPCF.py[line:86]                            INFO Iter: 40	 Loss: 1225.91081829	 Delta: 3.05557341337

Sun, 21 Dec 2014 13:03:32 JPPCF.py[line:86]                            INFO Iter: 41	 Loss: 1222.94358354	 Delta: 2.96723475261

Sun, 21 Dec 2014 13:05:44 JPPCF.py[line:86]                            INFO Iter: 42	 Loss: 1221.01086321	 Delta: 1.93272032404

Sun, 21 Dec 2014 13:07:53 JPPCF.py[line:86]                            INFO Iter: 43	 Loss: 1218.60787346	 Delta: 2.40298974957

Sun, 21 Dec 2014 13:10:03 JPPCF.py[line:86]                            INFO Iter: 44	 Loss: 1214.62089289	 Delta: 3.98698057332

Sun, 21 Dec 2014 13:12:13 JPPCF.py[line:86]                            INFO Iter: 45	 Loss: 1210.47170318	 Delta: 4.14918970716

Sun, 21 Dec 2014 13:14:21 JPPCF.py[line:86]                            INFO Iter: 46	 Loss: 1206.80729271	 Delta: 3.66441047425

Sun, 21 Dec 2014 13:16:36 JPPCF.py[line:86]                            INFO Iter: 47	 Loss: 1204.36988725	 Delta: 2.4374054561

Sun, 21 Dec 2014 13:18:47 JPPCF.py[line:86]                            INFO Iter: 48	 Loss: 1201.46476062	 Delta: 2.90512663448

Sun, 21 Dec 2014 13:20:55 JPPCF.py[line:86]                            INFO Iter: 49	 Loss: 1198.79688536	 Delta: 2.66787525609

Sun, 21 Dec 2014 13:23:03 JPPCF.py[line:86]                            INFO Iter: 50	 Loss: 1196.7905018	 Delta: 2.00638356124

Sun, 21 Dec 2014 13:25:08 JPPCF.py[line:86]                            INFO Iter: 51	 Loss: 1194.87926885	 Delta: 1.91123295149

Sun, 21 Dec 2014 13:27:09 JPPCF.py[line:86]                            INFO Iter: 52	 Loss: 1192.18611247	 Delta: 2.69315637998

Sun, 21 Dec 2014 13:29:12 JPPCF.py[line:86]                            INFO Iter: 53	 Loss: 1189.34413094	 Delta: 2.84198153336

Sun, 21 Dec 2014 13:31:19 JPPCF.py[line:86]                            INFO Iter: 54	 Loss: 1186.41217529	 Delta: 2.93195564673

Sun, 21 Dec 2014 13:33:27 JPPCF.py[line:86]                            INFO Iter: 55	 Loss: 1182.84057067	 Delta: 3.57160462316

Sun, 21 Dec 2014 13:35:36 JPPCF.py[line:86]                            INFO Iter: 56	 Loss: 1178.20838476	 Delta: 4.63218590147

Sun, 21 Dec 2014 13:37:48 JPPCF.py[line:86]                            INFO Iter: 57	 Loss: 1174.2179761	 Delta: 3.99040866632

Sun, 21 Dec 2014 13:39:57 JPPCF.py[line:86]                            INFO Iter: 58	 Loss: 1170.44738286	 Delta: 3.77059323491

Sun, 21 Dec 2014 13:42:00 JPPCF.py[line:86]                            INFO Iter: 59	 Loss: 1165.92289364	 Delta: 4.52448921905

Sun, 21 Dec 2014 13:44:07 JPPCF.py[line:86]                            INFO Iter: 60	 Loss: 1161.20950292	 Delta: 4.71339072321

Sun, 21 Dec 2014 13:46:18 JPPCF.py[line:86]                            INFO Iter: 61	 Loss: 1157.35617912	 Delta: 3.85332380222

Sun, 21 Dec 2014 13:48:28 JPPCF.py[line:86]                            INFO Iter: 62	 Loss: 1155.01723803	 Delta: 2.33894108824

Sun, 21 Dec 2014 13:50:33 JPPCF.py[line:86]                            INFO Iter: 63	 Loss: 1153.47160434	 Delta: 1.54563368693

Sun, 21 Dec 2014 13:52:41 JPPCF.py[line:86]                            INFO Iter: 64	 Loss: 1152.20773932	 Delta: 1.26386502237

Sun, 21 Dec 2014 13:54:50 JPPCF.py[line:86]                            INFO Iter: 65	 Loss: 1150.8749893	 Delta: 1.33275002157

Sun, 21 Dec 2014 13:56:59 JPPCF.py[line:86]                            INFO Iter: 66	 Loss: 1149.04044855	 Delta: 1.8345407468

Sun, 21 Dec 2014 13:59:10 JPPCF.py[line:86]                            INFO Iter: 67	 Loss: 1146.99758679	 Delta: 2.04286176632

Sun, 21 Dec 2014 14:01:15 JPPCF.py[line:86]                            INFO Iter: 68	 Loss: 1144.40675921	 Delta: 2.59082757698

Sun, 21 Dec 2014 14:03:18 JPPCF.py[line:86]                            INFO Iter: 69	 Loss: 1141.87530272	 Delta: 2.53145648705

Sun, 21 Dec 2014 14:03:18 JPPCF.py[line:88]                            INFO JPPCF OK

Sun, 21 Dec 2014 14:03:22 demo_at_tsinghua_filter_by_10.py[line:128]                            INFO [ok]
computing t-model NMF decomposition...
Sun, 21 Dec 2014 14:03:33 nmf.py[line:109]                            INFO Iter: 1	 Loss: 1668.09229589	 Delta: 998331.907704

Sun, 21 Dec 2014 14:03:43 nmf.py[line:109]                            INFO Iter: 2	 Loss: 1649.53951726	 Delta: 18.5527786355

Sun, 21 Dec 2014 14:03:53 nmf.py[line:109]                            INFO Iter: 3	 Loss: 1527.94802749	 Delta: 121.591489765

Sun, 21 Dec 2014 14:04:03 nmf.py[line:109]                            INFO Iter: 4	 Loss: 1249.2203165	 Delta: 278.727710988

Sun, 21 Dec 2014 14:04:14 nmf.py[line:109]                            INFO Iter: 5	 Loss: 1003.40588978	 Delta: 245.814426722

Sun, 21 Dec 2014 14:04:25 nmf.py[line:109]                            INFO Iter: 6	 Loss: 824.158232375	 Delta: 179.247657408

Sun, 21 Dec 2014 14:04:35 nmf.py[line:109]                            INFO Iter: 7	 Loss: 735.073363752	 Delta: 89.0848686232

Sun, 21 Dec 2014 14:04:45 nmf.py[line:109]                            INFO Iter: 8	 Loss: 672.691707271	 Delta: 62.3816564803

Sun, 21 Dec 2014 14:04:56 nmf.py[line:109]                            INFO Iter: 9	 Loss: 620.137452778	 Delta: 52.5542544929

Sun, 21 Dec 2014 14:05:07 nmf.py[line:109]                            INFO Iter: 10	 Loss: 589.745229539	 Delta: 30.3922232391

Sun, 21 Dec 2014 14:05:18 nmf.py[line:109]                            INFO Iter: 11	 Loss: 563.328408853	 Delta: 26.4168206864

Sun, 21 Dec 2014 14:05:29 nmf.py[line:109]                            INFO Iter: 12	 Loss: 539.451106425	 Delta: 23.8773024277

Sun, 21 Dec 2014 14:05:41 nmf.py[line:109]                            INFO Iter: 13	 Loss: 516.66353926	 Delta: 22.7875671655

Sun, 21 Dec 2014 14:05:52 nmf.py[line:109]                            INFO Iter: 14	 Loss: 494.490955896	 Delta: 22.172583363

Sun, 21 Dec 2014 14:06:04 nmf.py[line:109]                            INFO Iter: 15	 Loss: 479.481855106	 Delta: 15.0091007909

Sun, 21 Dec 2014 14:06:16 nmf.py[line:109]                            INFO Iter: 16	 Loss: 463.141655417	 Delta: 16.3401996883

Sun, 21 Dec 2014 14:06:29 nmf.py[line:109]                            INFO Iter: 17	 Loss: 449.137301652	 Delta: 14.0043537652

Sun, 21 Dec 2014 14:06:40 nmf.py[line:109]                            INFO Iter: 18	 Loss: 437.404389405	 Delta: 11.7329122468

Sun, 21 Dec 2014 14:06:51 nmf.py[line:109]                            INFO Iter: 19	 Loss: 428.120065966	 Delta: 9.28432343968

Sun, 21 Dec 2014 14:07:02 nmf.py[line:109]                            INFO Iter: 20	 Loss: 421.147116337	 Delta: 6.97294962875

Sun, 21 Dec 2014 14:07:13 nmf.py[line:109]                            INFO Iter: 21	 Loss: 415.813453254	 Delta: 5.33366308324

Sun, 21 Dec 2014 14:07:25 nmf.py[line:109]                            INFO Iter: 22	 Loss: 411.214894361	 Delta: 4.59855889262

Sun, 21 Dec 2014 14:07:36 nmf.py[line:109]                            INFO Iter: 23	 Loss: 406.820575453	 Delta: 4.3943189076

Sun, 21 Dec 2014 14:07:46 nmf.py[line:109]                            INFO Iter: 24	 Loss: 402.295829971	 Delta: 4.52474548218

Sun, 21 Dec 2014 14:07:58 nmf.py[line:109]                            INFO Iter: 25	 Loss: 397.585472001	 Delta: 4.71035796967

Sun, 21 Dec 2014 14:08:08 nmf.py[line:109]                            INFO Iter: 26	 Loss: 392.167320849	 Delta: 5.41815115283

Sun, 21 Dec 2014 14:08:20 nmf.py[line:109]                            INFO Iter: 27	 Loss: 387.884407926	 Delta: 4.28291292232

Sun, 21 Dec 2014 14:08:32 nmf.py[line:109]                            INFO Iter: 28	 Loss: 384.234454968	 Delta: 3.64995295787

Sun, 21 Dec 2014 14:08:43 nmf.py[line:109]                            INFO Iter: 29	 Loss: 381.421910218	 Delta: 2.81254474998

Sun, 21 Dec 2014 14:08:54 nmf.py[line:109]                            INFO Iter: 30	 Loss: 378.728689219	 Delta: 2.6932209996

Sun, 21 Dec 2014 14:09:04 nmf.py[line:109]                            INFO Iter: 31	 Loss: 375.752967346	 Delta: 2.97572187318

Sun, 21 Dec 2014 14:09:16 nmf.py[line:109]                            INFO Iter: 32	 Loss: 372.433604618	 Delta: 3.31936272783

Sun, 21 Dec 2014 14:09:27 nmf.py[line:109]                            INFO Iter: 33	 Loss: 368.36718639	 Delta: 4.06641822824

Sun, 21 Dec 2014 14:09:38 nmf.py[line:109]                            INFO Iter: 34	 Loss: 365.59502331	 Delta: 2.77216307962

Sun, 21 Dec 2014 14:09:49 nmf.py[line:109]                            INFO Iter: 35	 Loss: 363.241193205	 Delta: 2.35383010457

Sun, 21 Dec 2014 14:09:59 nmf.py[line:109]                            INFO Iter: 36	 Loss: 360.866433376	 Delta: 2.37475982909

Sun, 21 Dec 2014 14:10:10 nmf.py[line:109]                            INFO Iter: 37	 Loss: 358.409595598	 Delta: 2.45683777794

Sun, 21 Dec 2014 14:10:22 nmf.py[line:109]                            INFO Iter: 38	 Loss: 355.610755939	 Delta: 2.79883965906

Sun, 21 Dec 2014 14:10:33 nmf.py[line:109]                            INFO Iter: 39	 Loss: 352.889866413	 Delta: 2.72088952607

Sun, 21 Dec 2014 14:10:44 nmf.py[line:109]                            INFO Iter: 40	 Loss: 350.307831664	 Delta: 2.58203474887

Sun, 21 Dec 2014 14:10:55 nmf.py[line:109]                            INFO Iter: 41	 Loss: 348.782827785	 Delta: 1.52500387926

Sun, 21 Dec 2014 14:11:06 nmf.py[line:109]                            INFO Iter: 42	 Loss: 347.978432882	 Delta: 0.804394903533

Sun, 21 Dec 2014 14:11:06 nmf.py[line:113]                            INFO NMF OK
Sun, 21 Dec 2014 14:11:09 demo_at_tsinghua_filter_by_10.py[line:134]                            INFO [ok]
computing fix_model NMF decomposition...
Sun, 21 Dec 2014 14:11:10 demo_at_tsinghua_filter_by_10.py[line:142]                            INFO non zero cell num: 1665
Sun, 21 Dec 2014 14:11:21 nmf.py[line:109]                            INFO Iter: 1	 Loss: 1668.08390462	 Delta: 998331.916095

Sun, 21 Dec 2014 14:11:31 nmf.py[line:109]                            INFO Iter: 2	 Loss: 1648.81604798	 Delta: 19.2678566432

Sun, 21 Dec 2014 14:11:42 nmf.py[line:109]                            INFO Iter: 3	 Loss: 1530.01566563	 Delta: 118.800382353

Sun, 21 Dec 2014 14:11:53 nmf.py[line:109]                            INFO Iter: 4	 Loss: 1262.36908476	 Delta: 267.646580869

Sun, 21 Dec 2014 14:12:04 nmf.py[line:109]                            INFO Iter: 5	 Loss: 1003.14978028	 Delta: 259.219304472

Sun, 21 Dec 2014 14:12:15 nmf.py[line:109]                            INFO Iter: 6	 Loss: 855.003005299	 Delta: 148.146774986

Sun, 21 Dec 2014 14:12:26 nmf.py[line:109]                            INFO Iter: 7	 Loss: 731.415458469	 Delta: 123.58754683

Sun, 21 Dec 2014 14:12:37 nmf.py[line:109]                            INFO Iter: 8	 Loss: 643.278080595	 Delta: 88.1373778737

Sun, 21 Dec 2014 14:12:48 nmf.py[line:109]                            INFO Iter: 9	 Loss: 587.908362683	 Delta: 55.3697179116

Sun, 21 Dec 2014 14:12:59 nmf.py[line:109]                            INFO Iter: 10	 Loss: 544.194540351	 Delta: 43.7138223327

Sun, 21 Dec 2014 14:13:10 nmf.py[line:109]                            INFO Iter: 11	 Loss: 503.083976958	 Delta: 41.1105633927

Sun, 21 Dec 2014 14:13:20 nmf.py[line:109]                            INFO Iter: 12	 Loss: 470.770218797	 Delta: 32.3137581607

Sun, 21 Dec 2014 14:13:31 nmf.py[line:109]                            INFO Iter: 13	 Loss: 446.829422702	 Delta: 23.9407960952

Sun, 21 Dec 2014 14:13:42 nmf.py[line:109]                            INFO Iter: 14	 Loss: 427.225321488	 Delta: 19.6041012138

Sun, 21 Dec 2014 14:13:53 nmf.py[line:109]                            INFO Iter: 15	 Loss: 410.942859515	 Delta: 16.2824619728

Sun, 21 Dec 2014 14:14:04 nmf.py[line:109]                            INFO Iter: 16	 Loss: 398.647626452	 Delta: 12.2952330631

Sun, 21 Dec 2014 14:14:15 nmf.py[line:109]                            INFO Iter: 17	 Loss: 389.266324845	 Delta: 9.38130160748

Sun, 21 Dec 2014 14:14:25 nmf.py[line:109]                            INFO Iter: 18	 Loss: 381.971805591	 Delta: 7.29451925415

Sun, 21 Dec 2014 14:14:36 nmf.py[line:109]                            INFO Iter: 19	 Loss: 375.596444764	 Delta: 6.37536082619

Sun, 21 Dec 2014 14:14:46 nmf.py[line:109]                            INFO Iter: 20	 Loss: 368.73860497	 Delta: 6.85783979409

Sun, 21 Dec 2014 14:14:57 nmf.py[line:109]                            INFO Iter: 21	 Loss: 361.047477748	 Delta: 7.69112722268

Sun, 21 Dec 2014 14:15:07 nmf.py[line:109]                            INFO Iter: 22	 Loss: 353.377218163	 Delta: 7.67025958508

Sun, 21 Dec 2014 14:15:17 nmf.py[line:109]                            INFO Iter: 23	 Loss: 347.929781542	 Delta: 5.44743662034

Sun, 21 Dec 2014 14:15:27 nmf.py[line:109]                            INFO Iter: 24	 Loss: 343.165249412	 Delta: 4.76453213043

Sun, 21 Dec 2014 14:15:37 nmf.py[line:109]                            INFO Iter: 25	 Loss: 339.017501204	 Delta: 4.1477482079

Sun, 21 Dec 2014 14:15:48 nmf.py[line:109]                            INFO Iter: 26	 Loss: 335.971663074	 Delta: 3.04583813035

Sun, 21 Dec 2014 14:15:58 nmf.py[line:109]                            INFO Iter: 27	 Loss: 333.515393393	 Delta: 2.45626968103

Sun, 21 Dec 2014 14:16:09 nmf.py[line:109]                            INFO Iter: 28	 Loss: 331.634315607	 Delta: 1.88107778584

Sun, 21 Dec 2014 14:16:19 nmf.py[line:109]                            INFO Iter: 29	 Loss: 330.328761065	 Delta: 1.3055545413

Sun, 21 Dec 2014 14:16:30 nmf.py[line:109]                            INFO Iter: 30	 Loss: 328.897469292	 Delta: 1.43129177345

Sun, 21 Dec 2014 14:16:40 nmf.py[line:109]                            INFO Iter: 31	 Loss: 327.700613909	 Delta: 1.19685538311

Sun, 21 Dec 2014 14:16:51 nmf.py[line:109]                            INFO Iter: 32	 Loss: 326.634713803	 Delta: 1.06590010612

Sun, 21 Dec 2014 14:17:03 nmf.py[line:109]                            INFO Iter: 33	 Loss: 325.584242668	 Delta: 1.05047113432

Sun, 21 Dec 2014 14:17:14 nmf.py[line:109]                            INFO Iter: 34	 Loss: 324.431715605	 Delta: 1.15252706376

Sun, 21 Dec 2014 14:17:25 nmf.py[line:109]                            INFO Iter: 35	 Loss: 323.419424519	 Delta: 1.01229108533

Sun, 21 Dec 2014 14:17:36 nmf.py[line:109]                            INFO Iter: 36	 Loss: 322.471011082	 Delta: 0.948413437272

Sun, 21 Dec 2014 14:17:36 nmf.py[line:113]                            INFO NMF OK
Sun, 21 Dec 2014 14:17:39 demo_at_tsinghua_filter_by_10.py[line:148]                            INFO [ok]

Sun, 21 Dec 2014 14:17:39 demo_at_tsinghua_filter_by_10.py[line:150]                            INFO 	 fold_id:0

Sun, 21 Dec 2014 14:17:39 demo_at_tsinghua_filter_by_10.py[line:152]                            INFO 	recall at 10:
Sun, 21 Dec 2014 14:18:00 demo_at_tsinghua_filter_by_10.py[line:177]                            INFO 		t-model NMF :  0.294150993731

Sun, 21 Dec 2014 14:18:00 demo_at_tsinghua_filter_by_10.py[line:178]                            INFO 		f-model NMF :  0.288278644791

Sun, 21 Dec 2014 14:18:00 demo_at_tsinghua_filter_by_10.py[line:179]                            INFO 		JPPCF :  0.276944110978

Sun, 21 Dec 2014 14:18:00 demo_at_tsinghua_filter_by_10.py[line:152]                            INFO 	recall at 50:
Sun, 21 Dec 2014 14:18:19 demo_at_tsinghua_filter_by_10.py[line:177]                            INFO 		t-model NMF :  0.534970654929

Sun, 21 Dec 2014 14:18:19 demo_at_tsinghua_filter_by_10.py[line:178]                            INFO 		f-model NMF :  0.548252634387

Sun, 21 Dec 2014 14:18:19 demo_at_tsinghua_filter_by_10.py[line:179]                            INFO 		JPPCF :  0.544534480459

Sun, 21 Dec 2014 14:18:19 demo_at_tsinghua_filter_by_10.py[line:152]                            INFO 	recall at 100:
Sun, 21 Dec 2014 14:18:40 demo_at_tsinghua_filter_by_10.py[line:177]                            INFO 		t-model NMF :  0.648589435774

Sun, 21 Dec 2014 14:18:40 demo_at_tsinghua_filter_by_10.py[line:178]                            INFO 		f-model NMF :  0.674379751901

Sun, 21 Dec 2014 14:18:40 demo_at_tsinghua_filter_by_10.py[line:179]                            INFO 		JPPCF :  0.64491463252

Sun, 21 Dec 2014 14:18:40 demo_at_tsinghua_filter_by_10.py[line:152]                            INFO 	recall at 300:
Sun, 21 Dec 2014 14:18:59 demo_at_tsinghua_filter_by_10.py[line:177]                            INFO 		t-model NMF :  0.839152327598

Sun, 21 Dec 2014 14:18:59 demo_at_tsinghua_filter_by_10.py[line:178]                            INFO 		f-model NMF :  0.819130985728

Sun, 21 Dec 2014 14:18:59 demo_at_tsinghua_filter_by_10.py[line:179]                            INFO 		JPPCF :  0.806966119781

Sun, 21 Dec 2014 14:18:59 demo_at_tsinghua_filter_by_10.py[line:152]                            INFO 	recall at 500:
Sun, 21 Dec 2014 14:19:20 demo_at_tsinghua_filter_by_10.py[line:177]                            INFO 		t-model NMF :  0.872899159664

Sun, 21 Dec 2014 14:19:20 demo_at_tsinghua_filter_by_10.py[line:178]                            INFO 		f-model NMF :  0.86799719888

Sun, 21 Dec 2014 14:19:20 demo_at_tsinghua_filter_by_10.py[line:179]                            INFO 		JPPCF :  0.854961984794

Sun, 21 Dec 2014 14:19:20 demo_at_tsinghua_filter_by_10.py[line:152]                            INFO 	recall at 1000:
Sun, 21 Dec 2014 14:19:42 demo_at_tsinghua_filter_by_10.py[line:177]                            INFO 		t-model NMF :  0.882352941176

Sun, 21 Dec 2014 14:19:42 demo_at_tsinghua_filter_by_10.py[line:178]                            INFO 		f-model NMF :  0.893557422969

Sun, 21 Dec 2014 14:19:42 demo_at_tsinghua_filter_by_10.py[line:179]                            INFO 		JPPCF :  0.922969187675

Sun, 21 Dec 2014 14:19:42 demo_at_tsinghua_filter_by_10.py[line:181]                            INFO current_time_step: 2

Sun, 21 Dec 2014 14:19:42 demo_at_tsinghua_filter_by_10.py[line:184]                            INFO 	recall at 10:
Sun, 21 Dec 2014 14:19:42 demo_at_tsinghua_filter_by_10.py[line:188]                            INFO 		avg t-model NMF :  0.294150993731

Sun, 21 Dec 2014 14:19:42 demo_at_tsinghua_filter_by_10.py[line:189]                            INFO 		avg f-model NMF :  0.288278644791

Sun, 21 Dec 2014 14:19:42 demo_at_tsinghua_filter_by_10.py[line:190]                            INFO 		avg JPPCF :  0.276944110978

Sun, 21 Dec 2014 14:19:42 demo_at_tsinghua_filter_by_10.py[line:184]                            INFO 	recall at 50:
Sun, 21 Dec 2014 14:19:42 demo_at_tsinghua_filter_by_10.py[line:188]                            INFO 		avg t-model NMF :  0.534970654929

Sun, 21 Dec 2014 14:19:42 demo_at_tsinghua_filter_by_10.py[line:189]                            INFO 		avg f-model NMF :  0.548252634387

Sun, 21 Dec 2014 14:19:42 demo_at_tsinghua_filter_by_10.py[line:190]                            INFO 		avg JPPCF :  0.544534480459

Sun, 21 Dec 2014 14:19:42 demo_at_tsinghua_filter_by_10.py[line:184]                            INFO 	recall at 100:
Sun, 21 Dec 2014 14:19:42 demo_at_tsinghua_filter_by_10.py[line:188]                            INFO 		avg t-model NMF :  0.648589435774

Sun, 21 Dec 2014 14:19:42 demo_at_tsinghua_filter_by_10.py[line:189]                            INFO 		avg f-model NMF :  0.674379751901

Sun, 21 Dec 2014 14:19:42 demo_at_tsinghua_filter_by_10.py[line:190]                            INFO 		avg JPPCF :  0.64491463252

Sun, 21 Dec 2014 14:19:42 demo_at_tsinghua_filter_by_10.py[line:184]                            INFO 	recall at 300:
Sun, 21 Dec 2014 14:19:42 demo_at_tsinghua_filter_by_10.py[line:188]                            INFO 		avg t-model NMF :  0.839152327598

Sun, 21 Dec 2014 14:19:42 demo_at_tsinghua_filter_by_10.py[line:189]                            INFO 		avg f-model NMF :  0.819130985728

Sun, 21 Dec 2014 14:19:42 demo_at_tsinghua_filter_by_10.py[line:190]                            INFO 		avg JPPCF :  0.806966119781

Sun, 21 Dec 2014 14:19:42 demo_at_tsinghua_filter_by_10.py[line:184]                            INFO 	recall at 500:
Sun, 21 Dec 2014 14:19:42 demo_at_tsinghua_filter_by_10.py[line:188]                            INFO 		avg t-model NMF :  0.872899159664

Sun, 21 Dec 2014 14:19:42 demo_at_tsinghua_filter_by_10.py[line:189]                            INFO 		avg f-model NMF :  0.86799719888

Sun, 21 Dec 2014 14:19:42 demo_at_tsinghua_filter_by_10.py[line:190]                            INFO 		avg JPPCF :  0.854961984794

Sun, 21 Dec 2014 14:19:42 demo_at_tsinghua_filter_by_10.py[line:184]                            INFO 	recall at 1000:
Sun, 21 Dec 2014 14:19:42 demo_at_tsinghua_filter_by_10.py[line:188]                            INFO 		avg t-model NMF :  0.882352941176

Sun, 21 Dec 2014 14:19:42 demo_at_tsinghua_filter_by_10.py[line:189]                            INFO 		avg f-model NMF :  0.893557422969

Sun, 21 Dec 2014 14:19:42 demo_at_tsinghua_filter_by_10.py[line:190]                            INFO 		avg JPPCF :  0.922969187675

Sun, 21 Dec 2014 14:19:42 demo_at_tsinghua_filter_by_10.py[line:204]                            INFO =========================

Sun, 21 Dec 2014 14:19:42 demo_at_tsinghua_filter_by_10.py[line:102]                            INFO 
=========================

Sun, 21 Dec 2014 14:19:42 demo_at_tsinghua_filter_by_10.py[line:103]                            INFO time_step number %i:	3
Sun, 21 Dec 2014 14:19:42 demo_at_tsinghua_filter_by_10.py[line:104]                            INFO ----------------

Sun, 21 Dec 2014 14:19:43 demo_at_tsinghua_filter_by_10.py[line:119]                            INFO non zero cell num: 2740
Sun, 21 Dec 2014 14:19:43 demo_at_tsinghua_filter_by_10.py[line:122]                            INFO computing JPP decomposition...
Sun, 21 Dec 2014 14:21:50 JPPCF.py[line:86]                            INFO Iter: 1	 Loss: 5650.0163276	 Delta: 994349.983672

Sun, 21 Dec 2014 14:23:58 JPPCF.py[line:86]                            INFO Iter: 2	 Loss: 5583.15814148	 Delta: 66.8581861204

Sun, 21 Dec 2014 14:26:02 JPPCF.py[line:86]                            INFO Iter: 3	 Loss: 4624.79975892	 Delta: 958.358382558

Sun, 21 Dec 2014 14:28:05 JPPCF.py[line:86]                            INFO Iter: 4	 Loss: 4221.73317765	 Delta: 403.066581269

Sun, 21 Dec 2014 14:30:13 JPPCF.py[line:86]                            INFO Iter: 5	 Loss: 3633.1384478	 Delta: 588.594729852

Sun, 21 Dec 2014 14:32:19 JPPCF.py[line:86]                            INFO Iter: 6	 Loss: 3281.83642447	 Delta: 351.302023332

Sun, 21 Dec 2014 14:34:25 JPPCF.py[line:86]                            INFO Iter: 7	 Loss: 3032.96268447	 Delta: 248.873740003

Sun, 21 Dec 2014 14:36:29 JPPCF.py[line:86]                            INFO Iter: 8	 Loss: 2810.36414769	 Delta: 222.598536776

Sun, 21 Dec 2014 14:38:37 JPPCF.py[line:86]                            INFO Iter: 9	 Loss: 2647.59504019	 Delta: 162.769107502

Sun, 21 Dec 2014 14:40:45 JPPCF.py[line:86]                            INFO Iter: 10	 Loss: 2552.34748808	 Delta: 95.2475521041

Sun, 21 Dec 2014 14:42:48 JPPCF.py[line:86]                            INFO Iter: 11	 Loss: 2488.45930564	 Delta: 63.888182444

Sun, 21 Dec 2014 14:44:51 JPPCF.py[line:86]                            INFO Iter: 12	 Loss: 2433.77257595	 Delta: 54.686729695

Sun, 21 Dec 2014 14:46:53 JPPCF.py[line:86]                            INFO Iter: 13	 Loss: 2381.40232478	 Delta: 52.3702511705

Sun, 21 Dec 2014 14:49:03 JPPCF.py[line:86]                            INFO Iter: 14	 Loss: 2335.36710821	 Delta: 46.035216563

Sun, 21 Dec 2014 14:51:20 JPPCF.py[line:86]                            INFO Iter: 15	 Loss: 2289.8872341	 Delta: 45.4798741143

Sun, 21 Dec 2014 14:53:32 JPPCF.py[line:86]                            INFO Iter: 16	 Loss: 2257.7507544	 Delta: 32.1364796983

Sun, 21 Dec 2014 14:55:43 JPPCF.py[line:86]                            INFO Iter: 17	 Loss: 2233.45361874	 Delta: 24.2971356592

Sun, 21 Dec 2014 14:58:00 JPPCF.py[line:86]                            INFO Iter: 18	 Loss: 2208.61824479	 Delta: 24.8353739538

Sun, 21 Dec 2014 15:00:14 JPPCF.py[line:86]                            INFO Iter: 19	 Loss: 2181.46539663	 Delta: 27.1528481563

Sun, 21 Dec 2014 15:02:24 JPPCF.py[line:86]                            INFO Iter: 20	 Loss: 2155.20473118	 Delta: 26.2606654494

Sun, 21 Dec 2014 15:04:39 JPPCF.py[line:86]                            INFO Iter: 21	 Loss: 2128.37633691	 Delta: 26.8283942665

Sun, 21 Dec 2014 15:06:51 JPPCF.py[line:86]                            INFO Iter: 22	 Loss: 2106.77096177	 Delta: 21.6053751443

Sun, 21 Dec 2014 15:09:02 JPPCF.py[line:86]                            INFO Iter: 23	 Loss: 2092.02110316	 Delta: 14.7498586068

Sun, 21 Dec 2014 15:11:09 JPPCF.py[line:86]                            INFO Iter: 24	 Loss: 2079.36641391	 Delta: 12.6546892508

Sun, 21 Dec 2014 15:13:13 JPPCF.py[line:86]                            INFO Iter: 25	 Loss: 2062.5712302	 Delta: 16.795183711

Sun, 21 Dec 2014 15:15:26 JPPCF.py[line:86]                            INFO Iter: 26	 Loss: 2053.43522153	 Delta: 9.13600866675

Sun, 21 Dec 2014 15:17:35 JPPCF.py[line:86]                            INFO Iter: 27	 Loss: 2043.7657157	 Delta: 9.66950583184

Sun, 21 Dec 2014 15:19:46 JPPCF.py[line:86]                            INFO Iter: 28	 Loss: 2030.39924938	 Delta: 13.3664663215

Sun, 21 Dec 2014 15:21:57 JPPCF.py[line:86]                            INFO Iter: 29	 Loss: 2018.3546486	 Delta: 12.0446007828

Sun, 21 Dec 2014 15:24:09 JPPCF.py[line:86]                            INFO Iter: 30	 Loss: 2007.33574066	 Delta: 11.0189079359

Sun, 21 Dec 2014 15:26:16 JPPCF.py[line:86]                            INFO Iter: 31	 Loss: 1997.62422204	 Delta: 9.71151861927

Sun, 21 Dec 2014 15:28:26 JPPCF.py[line:86]                            INFO Iter: 32	 Loss: 1991.43886413	 Delta: 6.18535790908

Sun, 21 Dec 2014 15:30:35 JPPCF.py[line:86]                            INFO Iter: 33	 Loss: 1986.75021473	 Delta: 4.68864940326

Sun, 21 Dec 2014 15:32:46 JPPCF.py[line:86]                            INFO Iter: 34	 Loss: 1982.55363179	 Delta: 4.19658294593

Sun, 21 Dec 2014 15:34:53 JPPCF.py[line:86]                            INFO Iter: 35	 Loss: 1979.20559441	 Delta: 3.34803737178

Sun, 21 Dec 2014 15:37:02 JPPCF.py[line:86]                            INFO Iter: 36	 Loss: 1976.83818791	 Delta: 2.36740650791

Sun, 21 Dec 2014 15:39:13 JPPCF.py[line:86]                            INFO Iter: 37	 Loss: 1974.72912691	 Delta: 2.10906099829

Sun, 21 Dec 2014 15:41:23 JPPCF.py[line:86]                            INFO Iter: 38	 Loss: 1971.77548972	 Delta: 2.95363719115

Sun, 21 Dec 2014 15:43:33 JPPCF.py[line:86]                            INFO Iter: 39	 Loss: 1969.23485803	 Delta: 2.54063168368

Sun, 21 Dec 2014 15:45:47 JPPCF.py[line:86]                            INFO Iter: 40	 Loss: 1967.31786684	 Delta: 1.91699119732

Sun, 21 Dec 2014 15:47:58 JPPCF.py[line:86]                            INFO Iter: 41	 Loss: 1965.46950124	 Delta: 1.8483655987

