Sun, 21 Dec 2014 10:56:39 demo_at_tsinghua_filter_by_10.py[line:82]                            INFO user num: 3431

Sun, 21 Dec 2014 10:56:39 demo_at_tsinghua_filter_by_10.py[line:83]                            INFO doc num: 7710

Sun, 21 Dec 2014 10:56:39 demo_at_tsinghua_filter_by_10.py[line:84]                            INFO time step num: 20

Sun, 21 Dec 2014 10:56:40 demo_at_tsinghua_filter_by_10.py[line:91]                            INFO non zero cell num: 1338
Sun, 21 Dec 2014 10:56:40 demo_at_tsinghua_filter_by_10.py[line:92]                            INFO start nmf:

Sun, 21 Dec 2014 10:56:59 nmf.py[line:109]                            INFO Iter: 1	 Loss: 1341.74583321	 Delta: 998658.254167

Sun, 21 Dec 2014 10:57:18 nmf.py[line:109]                            INFO Iter: 2	 Loss: 1242.36087206	 Delta: 99.3849611543

Sun, 21 Dec 2014 10:57:36 nmf.py[line:109]                            INFO Iter: 3	 Loss: 1107.4399248	 Delta: 134.92094726

Sun, 21 Dec 2014 10:57:54 nmf.py[line:109]                            INFO Iter: 4	 Loss: 892.125127939	 Delta: 215.314796858

Sun, 21 Dec 2014 10:58:13 nmf.py[line:109]                            INFO Iter: 5	 Loss: 689.567648753	 Delta: 202.557479186

Sun, 21 Dec 2014 10:58:31 nmf.py[line:109]                            INFO Iter: 6	 Loss: 550.324667682	 Delta: 139.242981071

Sun, 21 Dec 2014 10:58:50 nmf.py[line:109]                            INFO Iter: 7	 Loss: 442.244932206	 Delta: 108.079735477

Sun, 21 Dec 2014 10:59:08 nmf.py[line:109]                            INFO Iter: 8	 Loss: 364.823219248	 Delta: 77.4217129578

Sun, 21 Dec 2014 10:59:27 nmf.py[line:109]                            INFO Iter: 9	 Loss: 309.849113693	 Delta: 54.9741055544

Sun, 21 Dec 2014 10:59:47 nmf.py[line:109]                            INFO Iter: 10	 Loss: 273.670175603	 Delta: 36.1789380899

Sun, 21 Dec 2014 11:00:04 nmf.py[line:109]                            INFO Iter: 11	 Loss: 248.550008069	 Delta: 25.120167534

Sun, 21 Dec 2014 11:00:22 nmf.py[line:109]                            INFO Iter: 12	 Loss: 230.341082083	 Delta: 18.2089259865

Sun, 21 Dec 2014 11:00:40 nmf.py[line:109]                            INFO Iter: 13	 Loss: 216.556642933	 Delta: 13.78443915

Sun, 21 Dec 2014 11:01:00 nmf.py[line:109]                            INFO Iter: 14	 Loss: 205.474555756	 Delta: 11.082087177

Sun, 21 Dec 2014 11:01:19 nmf.py[line:109]                            INFO Iter: 15	 Loss: 195.8048498	 Delta: 9.66970595557

Sun, 21 Dec 2014 11:01:35 nmf.py[line:109]                            INFO Iter: 16	 Loss: 188.133575273	 Delta: 7.67127452784

Sun, 21 Dec 2014 11:01:54 nmf.py[line:109]                            INFO Iter: 17	 Loss: 180.586796543	 Delta: 7.54677872956

Sun, 21 Dec 2014 11:02:12 nmf.py[line:109]                            INFO Iter: 18	 Loss: 171.092781935	 Delta: 9.49401460829

Sun, 21 Dec 2014 11:02:32 nmf.py[line:109]                            INFO Iter: 19	 Loss: 164.916249908	 Delta: 6.17653202681

Sun, 21 Dec 2014 11:02:51 nmf.py[line:109]                            INFO Iter: 20	 Loss: 158.823482121	 Delta: 6.09276778721

Sun, 21 Dec 2014 11:03:11 nmf.py[line:109]                            INFO Iter: 21	 Loss: 151.422172541	 Delta: 7.40130957927

Sun, 21 Dec 2014 11:03:30 nmf.py[line:109]                            INFO Iter: 22	 Loss: 147.499101292	 Delta: 3.92307124929

Sun, 21 Dec 2014 11:03:49 nmf.py[line:109]                            INFO Iter: 23	 Loss: 144.612342187	 Delta: 2.88675910561

Sun, 21 Dec 2014 11:04:09 nmf.py[line:109]                            INFO Iter: 24	 Loss: 142.24518317	 Delta: 2.36715901611

Sun, 21 Dec 2014 11:04:27 nmf.py[line:109]                            INFO Iter: 25	 Loss: 139.810612754	 Delta: 2.434570416

Sun, 21 Dec 2014 11:04:45 nmf.py[line:109]                            INFO Iter: 26	 Loss: 137.086633904	 Delta: 2.72397885045

Sun, 21 Dec 2014 11:05:03 nmf.py[line:109]                            INFO Iter: 27	 Loss: 134.404156595	 Delta: 2.68247730906

Sun, 21 Dec 2014 11:05:20 nmf.py[line:109]                            INFO Iter: 28	 Loss: 132.190110758	 Delta: 2.21404583655

Sun, 21 Dec 2014 11:05:39 nmf.py[line:109]                            INFO Iter: 29	 Loss: 130.38812504	 Delta: 1.80198571846

Sun, 21 Dec 2014 11:05:59 nmf.py[line:109]                            INFO Iter: 30	 Loss: 128.896104936	 Delta: 1.49202010397

Sun, 21 Dec 2014 11:06:18 nmf.py[line:109]                            INFO Iter: 31	 Loss: 127.350328599	 Delta: 1.54577633673

Sun, 21 Dec 2014 11:06:36 nmf.py[line:109]                            INFO Iter: 32	 Loss: 125.123924945	 Delta: 2.22640365413

Sun, 21 Dec 2014 11:06:52 nmf.py[line:109]                            INFO Iter: 33	 Loss: 123.023170334	 Delta: 2.10075461146

Sun, 21 Dec 2014 11:07:09 nmf.py[line:109]                            INFO Iter: 34	 Loss: 121.397049352	 Delta: 1.62612098175

Sun, 21 Dec 2014 11:07:27 nmf.py[line:109]                            INFO Iter: 35	 Loss: 120.088977097	 Delta: 1.30807225468

Sun, 21 Dec 2014 11:07:46 nmf.py[line:109]                            INFO Iter: 36	 Loss: 118.801232367	 Delta: 1.2877447298

Sun, 21 Dec 2014 11:08:02 nmf.py[line:109]                            INFO Iter: 37	 Loss: 117.527872977	 Delta: 1.27335938999

Sun, 21 Dec 2014 11:08:18 nmf.py[line:109]                            INFO Iter: 38	 Loss: 116.29524252	 Delta: 1.23263045714

Sun, 21 Dec 2014 11:08:35 nmf.py[line:109]                            INFO Iter: 39	 Loss: 115.120338734	 Delta: 1.17490378598

Sun, 21 Dec 2014 11:08:54 nmf.py[line:109]                            INFO Iter: 40	 Loss: 114.119179846	 Delta: 1.00115888791

Sun, 21 Dec 2014 11:09:11 nmf.py[line:109]                            INFO Iter: 41	 Loss: 113.194293362	 Delta: 0.92488648398

Sun, 21 Dec 2014 11:09:11 nmf.py[line:113]                            INFO NMF OK
Sun, 21 Dec 2014 11:09:11 demo_at_tsinghua_filter_by_10.py[line:102]                            INFO 
=========================

Sun, 21 Dec 2014 11:09:11 demo_at_tsinghua_filter_by_10.py[line:103]                            INFO time_step number %i:	2
Sun, 21 Dec 2014 11:09:11 demo_at_tsinghua_filter_by_10.py[line:104]                            INFO ----------------

Sun, 21 Dec 2014 11:09:12 demo_at_tsinghua_filter_by_10.py[line:119]                            INFO non zero cell num: 1665
Sun, 21 Dec 2014 11:09:12 demo_at_tsinghua_filter_by_10.py[line:122]                            INFO computing JPP decomposition...
Sun, 21 Dec 2014 11:12:38 JPPCF.py[line:86]                            INFO Iter: 1	 Loss: 3497.88403375	 Delta: 996502.115966

Sun, 21 Dec 2014 11:15:46 JPPCF.py[line:86]                            INFO Iter: 2	 Loss: 3487.62037389	 Delta: 10.2636598689

Sun, 21 Dec 2014 11:19:15 JPPCF.py[line:86]                            INFO Iter: 3	 Loss: 2962.03830723	 Delta: 525.582066654

Sun, 21 Dec 2014 11:22:26 JPPCF.py[line:86]                            INFO Iter: 4	 Loss: 2517.96495782	 Delta: 444.073349407

Sun, 21 Dec 2014 11:25:46 JPPCF.py[line:86]                            INFO Iter: 5	 Loss: 2184.1212191	 Delta: 333.843738729

Sun, 21 Dec 2014 11:28:52 JPPCF.py[line:86]                            INFO Iter: 6	 Loss: 1935.28261187	 Delta: 248.838607226

Sun, 21 Dec 2014 11:32:01 JPPCF.py[line:86]                            INFO Iter: 7	 Loss: 1702.79429191	 Delta: 232.488319959

Sun, 21 Dec 2014 11:35:19 JPPCF.py[line:86]                            INFO Iter: 8	 Loss: 1558.56679331	 Delta: 144.227498604

Sun, 21 Dec 2014 11:38:31 JPPCF.py[line:86]                            INFO Iter: 9	 Loss: 1452.0626018	 Delta: 106.504191506

Sun, 21 Dec 2014 11:41:38 JPPCF.py[line:86]                            INFO Iter: 10	 Loss: 1369.31493848	 Delta: 82.7476633184

Sun, 21 Dec 2014 11:44:43 JPPCF.py[line:86]                            INFO Iter: 11	 Loss: 1305.94487319	 Delta: 63.3700652892

Sun, 21 Dec 2014 11:47:27 JPPCF.py[line:86]                            INFO Iter: 12	 Loss: 1252.66316875	 Delta: 53.2817044424

Sun, 21 Dec 2014 11:50:33 JPPCF.py[line:86]                            INFO Iter: 13	 Loss: 1207.0457884	 Delta: 45.6173803517

Sun, 21 Dec 2014 11:53:50 JPPCF.py[line:86]                            INFO Iter: 14	 Loss: 1175.39539927	 Delta: 31.6503891277

Sun, 21 Dec 2014 11:56:40 JPPCF.py[line:86]                            INFO Iter: 15	 Loss: 1152.55860515	 Delta: 22.8367941251

Sun, 21 Dec 2014 11:59:33 JPPCF.py[line:86]                            INFO Iter: 16	 Loss: 1134.33524128	 Delta: 18.2233638679

Sun, 21 Dec 2014 12:02:29 JPPCF.py[line:86]                            INFO Iter: 17	 Loss: 1119.52558817	 Delta: 14.8096531049

Sun, 21 Dec 2014 12:05:25 JPPCF.py[line:86]                            INFO Iter: 18	 Loss: 1095.72570884	 Delta: 23.799879329

Sun, 21 Dec 2014 12:08:19 JPPCF.py[line:86]                            INFO Iter: 19	 Loss: 1075.06930421	 Delta: 20.6564046342

Sun, 21 Dec 2014 12:11:24 JPPCF.py[line:86]                            INFO Iter: 20	 Loss: 1057.29188119	 Delta: 17.7774230203

Sun, 21 Dec 2014 12:14:25 JPPCF.py[line:86]                            INFO Iter: 21	 Loss: 1042.56187192	 Delta: 14.7300092666

Sun, 21 Dec 2014 12:17:29 JPPCF.py[line:86]                            INFO Iter: 22	 Loss: 1033.44286674	 Delta: 9.11900518053

Sun, 21 Dec 2014 12:20:20 JPPCF.py[line:86]                            INFO Iter: 23	 Loss: 1024.45076908	 Delta: 8.99209766751

Sun, 21 Dec 2014 12:23:11 JPPCF.py[line:86]                            INFO Iter: 24	 Loss: 1015.6509769	 Delta: 8.7997921771

Sun, 21 Dec 2014 12:25:45 JPPCF.py[line:86]                            INFO Iter: 25	 Loss: 1005.4509957	 Delta: 10.1999812015

Sun, 21 Dec 2014 12:28:34 JPPCF.py[line:86]                            INFO Iter: 26	 Loss: 994.806505836	 Delta: 10.6444898611

Sun, 21 Dec 2014 12:31:17 JPPCF.py[line:86]                            INFO Iter: 27	 Loss: 983.029744032	 Delta: 11.7767618043

Sun, 21 Dec 2014 12:33:54 JPPCF.py[line:86]                            INFO Iter: 28	 Loss: 973.762893258	 Delta: 9.2668507735

Sun, 21 Dec 2014 12:36:39 JPPCF.py[line:86]                            INFO Iter: 29	 Loss: 965.629951775	 Delta: 8.13294148292

Sun, 21 Dec 2014 12:39:27 JPPCF.py[line:86]                            INFO Iter: 30	 Loss: 958.446597769	 Delta: 7.18335400599

Sun, 21 Dec 2014 12:42:00 JPPCF.py[line:86]                            INFO Iter: 31	 Loss: 951.196725807	 Delta: 7.24987196173

Sun, 21 Dec 2014 12:44:38 JPPCF.py[line:86]                            INFO Iter: 32	 Loss: 943.318655529	 Delta: 7.87807027799

Sun, 21 Dec 2014 12:47:21 JPPCF.py[line:86]                            INFO Iter: 33	 Loss: 935.118199841	 Delta: 8.20045568857

Sun, 21 Dec 2014 12:49:39 JPPCF.py[line:86]                            INFO Iter: 34	 Loss: 927.635296622	 Delta: 7.48290321939

Sun, 21 Dec 2014 12:51:47 JPPCF.py[line:86]                            INFO Iter: 35	 Loss: 921.709900305	 Delta: 5.92539631679

Sun, 21 Dec 2014 12:53:56 JPPCF.py[line:86]                            INFO Iter: 36	 Loss: 916.569741567	 Delta: 5.14015873772

Sun, 21 Dec 2014 12:56:08 JPPCF.py[line:86]                            INFO Iter: 37	 Loss: 912.451563675	 Delta: 4.11817789237

Sun, 21 Dec 2014 12:58:18 JPPCF.py[line:86]                            INFO Iter: 38	 Loss: 908.477684987	 Delta: 3.97387868754

Sun, 21 Dec 2014 13:00:29 JPPCF.py[line:86]                            INFO Iter: 39	 Loss: 904.619501998	 Delta: 3.85818298936

Sun, 21 Dec 2014 13:02:36 JPPCF.py[line:86]                            INFO Iter: 40	 Loss: 899.726370335	 Delta: 4.89313166309

Sun, 21 Dec 2014 13:04:44 JPPCF.py[line:86]                            INFO Iter: 41	 Loss: 897.125460169	 Delta: 2.60091016547

Sun, 21 Dec 2014 13:06:51 JPPCF.py[line:86]                            INFO Iter: 42	 Loss: 895.665635598	 Delta: 1.45982457103

Sun, 21 Dec 2014 13:08:58 JPPCF.py[line:86]                            INFO Iter: 43	 Loss: 894.545959284	 Delta: 1.11967631423

Sun, 21 Dec 2014 13:11:08 JPPCF.py[line:86]                            INFO Iter: 44	 Loss: 893.362198498	 Delta: 1.18376078581

Sun, 21 Dec 2014 13:13:22 JPPCF.py[line:86]                            INFO Iter: 45	 Loss: 892.117052057	 Delta: 1.24514644153

Sun, 21 Dec 2014 13:15:33 JPPCF.py[line:86]                            INFO Iter: 46	 Loss: 890.763432061	 Delta: 1.35361999572

Sun, 21 Dec 2014 13:17:40 JPPCF.py[line:86]                            INFO Iter: 47	 Loss: 889.703502314	 Delta: 1.05992974652

Sun, 21 Dec 2014 13:19:49 JPPCF.py[line:86]                            INFO Iter: 48	 Loss: 888.284438627	 Delta: 1.41906368775

Sun, 21 Dec 2014 13:21:56 JPPCF.py[line:86]                            INFO Iter: 49	 Loss: 886.775669257	 Delta: 1.50876936918

Sun, 21 Dec 2014 13:24:01 JPPCF.py[line:86]                            INFO Iter: 50	 Loss: 885.081100737	 Delta: 1.6945685202

Sun, 21 Dec 2014 13:26:03 JPPCF.py[line:86]                            INFO Iter: 51	 Loss: 883.597724667	 Delta: 1.48337607037

Sun, 21 Dec 2014 13:28:00 JPPCF.py[line:86]                            INFO Iter: 52	 Loss: 882.657352587	 Delta: 0.940372079485

Sun, 21 Dec 2014 13:28:00 JPPCF.py[line:88]                            INFO JPPCF OK

Sun, 21 Dec 2014 13:28:03 demo_at_tsinghua_filter_by_10.py[line:128]                            INFO [ok]
computing t-model NMF decomposition...
Sun, 21 Dec 2014 13:28:13 nmf.py[line:109]                            INFO Iter: 1	 Loss: 1668.07343353	 Delta: 998331.926566

Sun, 21 Dec 2014 13:28:23 nmf.py[line:109]                            INFO Iter: 2	 Loss: 1651.07231078	 Delta: 17.0011227513

Sun, 21 Dec 2014 13:28:32 nmf.py[line:109]                            INFO Iter: 3	 Loss: 1537.66545798	 Delta: 113.406852804

Sun, 21 Dec 2014 13:28:42 nmf.py[line:109]                            INFO Iter: 4	 Loss: 1228.14686042	 Delta: 309.518597556

Sun, 21 Dec 2014 13:28:51 nmf.py[line:109]                            INFO Iter: 5	 Loss: 980.193195401	 Delta: 247.953665021

Sun, 21 Dec 2014 13:29:01 nmf.py[line:109]                            INFO Iter: 6	 Loss: 836.894112571	 Delta: 143.299082829

Sun, 21 Dec 2014 13:29:12 nmf.py[line:109]                            INFO Iter: 7	 Loss: 733.329551905	 Delta: 103.564560666

Sun, 21 Dec 2014 13:29:24 nmf.py[line:109]                            INFO Iter: 8	 Loss: 673.309541726	 Delta: 60.0200101788

Sun, 21 Dec 2014 13:29:34 nmf.py[line:109]                            INFO Iter: 9	 Loss: 625.519505281	 Delta: 47.7900364452

Sun, 21 Dec 2014 13:29:45 nmf.py[line:109]                            INFO Iter: 10	 Loss: 584.989624199	 Delta: 40.5298810821

Sun, 21 Dec 2014 13:29:57 nmf.py[line:109]                            INFO Iter: 11	 Loss: 548.241436054	 Delta: 36.7481881444

Sun, 21 Dec 2014 13:30:08 nmf.py[line:109]                            INFO Iter: 12	 Loss: 516.445157912	 Delta: 31.7962781426

Sun, 21 Dec 2014 13:30:20 nmf.py[line:109]                            INFO Iter: 13	 Loss: 488.099356005	 Delta: 28.3458019065

Sun, 21 Dec 2014 13:30:30 nmf.py[line:109]                            INFO Iter: 14	 Loss: 466.209871411	 Delta: 21.8894845947

Sun, 21 Dec 2014 13:30:41 nmf.py[line:109]                            INFO Iter: 15	 Loss: 452.553804775	 Delta: 13.6560666359

Sun, 21 Dec 2014 13:30:52 nmf.py[line:109]                            INFO Iter: 16	 Loss: 442.806525765	 Delta: 9.74727901013

Sun, 21 Dec 2014 13:31:02 nmf.py[line:109]                            INFO Iter: 17	 Loss: 435.000736416	 Delta: 7.80578934858

Sun, 21 Dec 2014 13:31:12 nmf.py[line:109]                            INFO Iter: 18	 Loss: 427.267160629	 Delta: 7.73357578743

Sun, 21 Dec 2014 13:31:24 nmf.py[line:109]                            INFO Iter: 19	 Loss: 421.520316447	 Delta: 5.74684418157

Sun, 21 Dec 2014 13:31:34 nmf.py[line:109]                            INFO Iter: 20	 Loss: 417.35914123	 Delta: 4.16117521692

Sun, 21 Dec 2014 13:31:46 nmf.py[line:109]                            INFO Iter: 21	 Loss: 413.00705544	 Delta: 4.35208579049

Sun, 21 Dec 2014 13:31:57 nmf.py[line:109]                            INFO Iter: 22	 Loss: 406.962399688	 Delta: 6.04465575213

Sun, 21 Dec 2014 13:32:08 nmf.py[line:109]                            INFO Iter: 23	 Loss: 398.529231367	 Delta: 8.43316832027

Sun, 21 Dec 2014 13:32:19 nmf.py[line:109]                            INFO Iter: 24	 Loss: 389.077177345	 Delta: 9.45205402266

Sun, 21 Dec 2014 13:32:30 nmf.py[line:109]                            INFO Iter: 25	 Loss: 379.638609831	 Delta: 9.43856751354

Sun, 21 Dec 2014 13:32:40 nmf.py[line:109]                            INFO Iter: 26	 Loss: 371.352067171	 Delta: 8.2865426601

Sun, 21 Dec 2014 13:32:51 nmf.py[line:109]                            INFO Iter: 27	 Loss: 365.033664987	 Delta: 6.3184021844

Sun, 21 Dec 2014 13:33:02 nmf.py[line:109]                            INFO Iter: 28	 Loss: 359.891009227	 Delta: 5.14265575941

Sun, 21 Dec 2014 13:33:13 nmf.py[line:109]                            INFO Iter: 29	 Loss: 354.860254543	 Delta: 5.03075468368

Sun, 21 Dec 2014 13:33:24 nmf.py[line:109]                            INFO Iter: 30	 Loss: 350.946009595	 Delta: 3.91424494851

Sun, 21 Dec 2014 13:33:35 nmf.py[line:109]                            INFO Iter: 31	 Loss: 347.512656044	 Delta: 3.43335355062

Sun, 21 Dec 2014 13:33:46 nmf.py[line:109]                            INFO Iter: 32	 Loss: 344.319212605	 Delta: 3.19344343905

Sun, 21 Dec 2014 13:33:57 nmf.py[line:109]                            INFO Iter: 33	 Loss: 341.244919501	 Delta: 3.07429310392

Sun, 21 Dec 2014 13:34:08 nmf.py[line:109]                            INFO Iter: 34	 Loss: 338.791719235	 Delta: 2.45320026642

Sun, 21 Dec 2014 13:34:19 nmf.py[line:109]                            INFO Iter: 35	 Loss: 336.732802438	 Delta: 2.05891679648

Sun, 21 Dec 2014 13:34:29 nmf.py[line:109]                            INFO Iter: 36	 Loss: 334.86830016	 Delta: 1.86450227848

Sun, 21 Dec 2014 13:34:41 nmf.py[line:109]                            INFO Iter: 37	 Loss: 333.256295085	 Delta: 1.6120050748

Sun, 21 Dec 2014 13:34:52 nmf.py[line:109]                            INFO Iter: 38	 Loss: 332.223528517	 Delta: 1.03276656855

Sun, 21 Dec 2014 13:35:03 nmf.py[line:109]                            INFO Iter: 39	 Loss: 331.606385536	 Delta: 0.617142980884

Sun, 21 Dec 2014 13:35:03 nmf.py[line:113]                            INFO NMF OK
Sun, 21 Dec 2014 13:35:06 demo_at_tsinghua_filter_by_10.py[line:134]                            INFO [ok]
computing fix_model NMF decomposition...
Sun, 21 Dec 2014 13:35:07 demo_at_tsinghua_filter_by_10.py[line:142]                            INFO non zero cell num: 1665
Sun, 21 Dec 2014 13:35:18 nmf.py[line:109]                            INFO Iter: 1	 Loss: 1668.08995852	 Delta: 998331.910041

Sun, 21 Dec 2014 13:35:28 nmf.py[line:109]                            INFO Iter: 2	 Loss: 1652.74758619	 Delta: 15.3423723259

Sun, 21 Dec 2014 13:35:38 nmf.py[line:109]                            INFO Iter: 3	 Loss: 1529.80435688	 Delta: 122.943229315

Sun, 21 Dec 2014 13:35:48 nmf.py[line:109]                            INFO Iter: 4	 Loss: 1259.30300181	 Delta: 270.501355072

Sun, 21 Dec 2014 13:35:59 nmf.py[line:109]                            INFO Iter: 5	 Loss: 1006.99939857	 Delta: 252.303603233

Sun, 21 Dec 2014 13:36:10 nmf.py[line:109]                            INFO Iter: 6	 Loss: 850.881093365	 Delta: 156.118305206

Sun, 21 Dec 2014 13:36:21 nmf.py[line:109]                            INFO Iter: 7	 Loss: 753.395127914	 Delta: 97.4859654511

Sun, 21 Dec 2014 13:36:32 nmf.py[line:109]                            INFO Iter: 8	 Loss: 680.630974627	 Delta: 72.7641532879

Sun, 21 Dec 2014 13:36:43 nmf.py[line:109]                            INFO Iter: 9	 Loss: 629.068401571	 Delta: 51.5625730558

Sun, 21 Dec 2014 13:36:54 nmf.py[line:109]                            INFO Iter: 10	 Loss: 585.351240674	 Delta: 43.7171608971

Sun, 21 Dec 2014 13:37:06 nmf.py[line:109]                            INFO Iter: 11	 Loss: 539.388092638	 Delta: 45.9631480358

Sun, 21 Dec 2014 13:37:17 nmf.py[line:109]                            INFO Iter: 12	 Loss: 504.819346899	 Delta: 34.5687457387

Sun, 21 Dec 2014 13:37:27 nmf.py[line:109]                            INFO Iter: 13	 Loss: 477.687042843	 Delta: 27.1323040563

Sun, 21 Dec 2014 13:37:38 nmf.py[line:109]                            INFO Iter: 14	 Loss: 458.354254435	 Delta: 19.3327884077

Sun, 21 Dec 2014 13:37:50 nmf.py[line:109]                            INFO Iter: 15	 Loss: 440.982005567	 Delta: 17.3722488678

Sun, 21 Dec 2014 13:38:01 nmf.py[line:109]                            INFO Iter: 16	 Loss: 428.590185975	 Delta: 12.3918195926

Sun, 21 Dec 2014 13:38:12 nmf.py[line:109]                            INFO Iter: 17	 Loss: 418.779946654	 Delta: 9.81023932107

Sun, 21 Dec 2014 13:38:22 nmf.py[line:109]                            INFO Iter: 18	 Loss: 412.112671702	 Delta: 6.66727495183

Sun, 21 Dec 2014 13:38:33 nmf.py[line:109]                            INFO Iter: 19	 Loss: 406.186982488	 Delta: 5.92568921419

Sun, 21 Dec 2014 13:38:44 nmf.py[line:109]                            INFO Iter: 20	 Loss: 402.463213341	 Delta: 3.72376914696

Sun, 21 Dec 2014 13:38:55 nmf.py[line:109]                            INFO Iter: 21	 Loss: 399.151484885	 Delta: 3.31172845528

Sun, 21 Dec 2014 13:39:07 nmf.py[line:109]                            INFO Iter: 22	 Loss: 395.796893348	 Delta: 3.35459153745

Sun, 21 Dec 2014 13:39:17 nmf.py[line:109]                            INFO Iter: 23	 Loss: 392.57676837	 Delta: 3.2201249774

Sun, 21 Dec 2014 13:39:27 nmf.py[line:109]                            INFO Iter: 24	 Loss: 389.809815393	 Delta: 2.76695297775

Sun, 21 Dec 2014 13:39:38 nmf.py[line:109]                            INFO Iter: 25	 Loss: 387.24919064	 Delta: 2.56062475307

Sun, 21 Dec 2014 13:39:50 nmf.py[line:109]                            INFO Iter: 26	 Loss: 384.620579754	 Delta: 2.62861088524

Sun, 21 Dec 2014 13:40:01 nmf.py[line:109]                            INFO Iter: 27	 Loss: 382.008064219	 Delta: 2.61251553514

Sun, 21 Dec 2014 13:40:11 nmf.py[line:109]                            INFO Iter: 28	 Loss: 380.212400702	 Delta: 1.79566351709

Sun, 21 Dec 2014 13:40:22 nmf.py[line:109]                            INFO Iter: 29	 Loss: 379.078271229	 Delta: 1.13412947311

Sun, 21 Dec 2014 13:40:32 nmf.py[line:109]                            INFO Iter: 30	 Loss: 378.120572157	 Delta: 0.957699071577

Sun, 21 Dec 2014 13:40:32 nmf.py[line:113]                            INFO NMF OK
Sun, 21 Dec 2014 13:40:36 demo_at_tsinghua_filter_by_10.py[line:148]                            INFO [ok]

Sun, 21 Dec 2014 13:40:36 demo_at_tsinghua_filter_by_10.py[line:150]                            INFO 	 fold_id:0

Sun, 21 Dec 2014 13:40:36 demo_at_tsinghua_filter_by_10.py[line:152]                            INFO 	recall at 10:
Sun, 21 Dec 2014 13:40:57 demo_at_tsinghua_filter_by_10.py[line:177]                            INFO 		t-model NMF :  0.261234493798

Sun, 21 Dec 2014 13:40:57 demo_at_tsinghua_filter_by_10.py[line:178]                            INFO 		f-model NMF :  0.282432973189

Sun, 21 Dec 2014 13:40:57 demo_at_tsinghua_filter_by_10.py[line:179]                            INFO 		JPPCF :  0.26451914099

Sun, 21 Dec 2014 13:40:57 demo_at_tsinghua_filter_by_10.py[line:152]                            INFO 	recall at 50:
Sun, 21 Dec 2014 13:41:18 demo_at_tsinghua_filter_by_10.py[line:177]                            INFO 		t-model NMF :  0.537301587302

Sun, 21 Dec 2014 13:41:18 demo_at_tsinghua_filter_by_10.py[line:178]                            INFO 		f-model NMF :  0.518273976257

Sun, 21 Dec 2014 13:41:18 demo_at_tsinghua_filter_by_10.py[line:179]                            INFO 		JPPCF :  0.526807389623

Sun, 21 Dec 2014 13:41:18 demo_at_tsinghua_filter_by_10.py[line:152]                            INFO 	recall at 100:
Sun, 21 Dec 2014 13:41:37 demo_at_tsinghua_filter_by_10.py[line:177]                            INFO 		t-model NMF :  0.651880752301

Sun, 21 Dec 2014 13:41:37 demo_at_tsinghua_filter_by_10.py[line:178]                            INFO 		f-model NMF :  0.639492463652

Sun, 21 Dec 2014 13:41:37 demo_at_tsinghua_filter_by_10.py[line:179]                            INFO 		JPPCF :  0.642046818727

Sun, 21 Dec 2014 13:41:37 demo_at_tsinghua_filter_by_10.py[line:152]                            INFO 	recall at 300:
Sun, 21 Dec 2014 13:41:56 demo_at_tsinghua_filter_by_10.py[line:177]                            INFO 		t-model NMF :  0.80995731626

Sun, 21 Dec 2014 13:41:56 demo_at_tsinghua_filter_by_10.py[line:178]                            INFO 		f-model NMF :  0.812091503268

Sun, 21 Dec 2014 13:41:56 demo_at_tsinghua_filter_by_10.py[line:179]                            INFO 		JPPCF :  0.810140722956

Sun, 21 Dec 2014 13:41:56 demo_at_tsinghua_filter_by_10.py[line:152]                            INFO 	recall at 500:
Sun, 21 Dec 2014 13:42:17 demo_at_tsinghua_filter_by_10.py[line:177]                            INFO 		t-model NMF :  0.856792717087

Sun, 21 Dec 2014 13:42:17 demo_at_tsinghua_filter_by_10.py[line:178]                            INFO 		f-model NMF :  0.865196078431

Sun, 21 Dec 2014 13:42:17 demo_at_tsinghua_filter_by_10.py[line:179]                            INFO 		JPPCF :  0.876400560224

Sun, 21 Dec 2014 13:42:17 demo_at_tsinghua_filter_by_10.py[line:152]                            INFO 	recall at 1000:
Sun, 21 Dec 2014 13:42:37 demo_at_tsinghua_filter_by_10.py[line:177]                            INFO 		t-model NMF :  0.872549019608

Sun, 21 Dec 2014 13:42:37 demo_at_tsinghua_filter_by_10.py[line:178]                            INFO 		f-model NMF :  0.882352941176

Sun, 21 Dec 2014 13:42:37 demo_at_tsinghua_filter_by_10.py[line:179]                            INFO 		JPPCF :  0.918767507003

Sun, 21 Dec 2014 13:42:37 demo_at_tsinghua_filter_by_10.py[line:181]                            INFO current_time_step: 2

Sun, 21 Dec 2014 13:42:37 demo_at_tsinghua_filter_by_10.py[line:184]                            INFO 	recall at 10:
Sun, 21 Dec 2014 13:42:37 demo_at_tsinghua_filter_by_10.py[line:188]                            INFO 		avg t-model NMF :  0.261234493798

Sun, 21 Dec 2014 13:42:37 demo_at_tsinghua_filter_by_10.py[line:189]                            INFO 		avg f-model NMF :  0.282432973189

Sun, 21 Dec 2014 13:42:37 demo_at_tsinghua_filter_by_10.py[line:190]                            INFO 		avg JPPCF :  0.26451914099

Sun, 21 Dec 2014 13:42:37 demo_at_tsinghua_filter_by_10.py[line:184]                            INFO 	recall at 50:
Sun, 21 Dec 2014 13:42:37 demo_at_tsinghua_filter_by_10.py[line:188]                            INFO 		avg t-model NMF :  0.537301587302

Sun, 21 Dec 2014 13:42:37 demo_at_tsinghua_filter_by_10.py[line:189]                            INFO 		avg f-model NMF :  0.518273976257

Sun, 21 Dec 2014 13:42:37 demo_at_tsinghua_filter_by_10.py[line:190]                            INFO 		avg JPPCF :  0.526807389623

Sun, 21 Dec 2014 13:42:37 demo_at_tsinghua_filter_by_10.py[line:184]                            INFO 	recall at 100:
Sun, 21 Dec 2014 13:42:37 demo_at_tsinghua_filter_by_10.py[line:188]                            INFO 		avg t-model NMF :  0.651880752301

Sun, 21 Dec 2014 13:42:37 demo_at_tsinghua_filter_by_10.py[line:189]                            INFO 		avg f-model NMF :  0.639492463652

Sun, 21 Dec 2014 13:42:37 demo_at_tsinghua_filter_by_10.py[line:190]                            INFO 		avg JPPCF :  0.642046818727

Sun, 21 Dec 2014 13:42:37 demo_at_tsinghua_filter_by_10.py[line:184]                            INFO 	recall at 300:
Sun, 21 Dec 2014 13:42:37 demo_at_tsinghua_filter_by_10.py[line:188]                            INFO 		avg t-model NMF :  0.80995731626

Sun, 21 Dec 2014 13:42:37 demo_at_tsinghua_filter_by_10.py[line:189]                            INFO 		avg f-model NMF :  0.812091503268

Sun, 21 Dec 2014 13:42:37 demo_at_tsinghua_filter_by_10.py[line:190]                            INFO 		avg JPPCF :  0.810140722956

Sun, 21 Dec 2014 13:42:37 demo_at_tsinghua_filter_by_10.py[line:184]                            INFO 	recall at 500:
Sun, 21 Dec 2014 13:42:37 demo_at_tsinghua_filter_by_10.py[line:188]                            INFO 		avg t-model NMF :  0.856792717087

Sun, 21 Dec 2014 13:42:37 demo_at_tsinghua_filter_by_10.py[line:189]                            INFO 		avg f-model NMF :  0.865196078431

Sun, 21 Dec 2014 13:42:37 demo_at_tsinghua_filter_by_10.py[line:190]                            INFO 		avg JPPCF :  0.876400560224

Sun, 21 Dec 2014 13:42:37 demo_at_tsinghua_filter_by_10.py[line:184]                            INFO 	recall at 1000:
Sun, 21 Dec 2014 13:42:37 demo_at_tsinghua_filter_by_10.py[line:188]                            INFO 		avg t-model NMF :  0.872549019608

Sun, 21 Dec 2014 13:42:37 demo_at_tsinghua_filter_by_10.py[line:189]                            INFO 		avg f-model NMF :  0.882352941176

Sun, 21 Dec 2014 13:42:37 demo_at_tsinghua_filter_by_10.py[line:190]                            INFO 		avg JPPCF :  0.918767507003

Sun, 21 Dec 2014 13:42:37 demo_at_tsinghua_filter_by_10.py[line:204]                            INFO =========================

Sun, 21 Dec 2014 13:42:37 demo_at_tsinghua_filter_by_10.py[line:102]                            INFO 
=========================

Sun, 21 Dec 2014 13:42:37 demo_at_tsinghua_filter_by_10.py[line:103]                            INFO time_step number %i:	3
Sun, 21 Dec 2014 13:42:37 demo_at_tsinghua_filter_by_10.py[line:104]                            INFO ----------------

Sun, 21 Dec 2014 13:42:38 demo_at_tsinghua_filter_by_10.py[line:119]                            INFO non zero cell num: 2740
Sun, 21 Dec 2014 13:42:38 demo_at_tsinghua_filter_by_10.py[line:122]                            INFO computing JPP decomposition...
Sun, 21 Dec 2014 13:44:47 JPPCF.py[line:86]                            INFO Iter: 1	 Loss: 5645.58625522	 Delta: 994354.413745

Sun, 21 Dec 2014 13:46:53 JPPCF.py[line:86]                            INFO Iter: 2	 Loss: 5605.44432889	 Delta: 40.1419263341

Sun, 21 Dec 2014 13:48:58 JPPCF.py[line:86]                            INFO Iter: 3	 Loss: 4214.86547496	 Delta: 1390.57885393

Sun, 21 Dec 2014 13:51:02 JPPCF.py[line:86]                            INFO Iter: 4	 Loss: 3742.29091742	 Delta: 472.574557544

Sun, 21 Dec 2014 13:53:09 JPPCF.py[line:86]                            INFO Iter: 5	 Loss: 3129.05724428	 Delta: 613.233673134

Sun, 21 Dec 2014 13:55:16 JPPCF.py[line:86]                            INFO Iter: 6	 Loss: 2743.50124774	 Delta: 385.555996538

Sun, 21 Dec 2014 13:57:19 JPPCF.py[line:86]                            INFO Iter: 7	 Loss: 2427.89990179	 Delta: 315.601345953

Sun, 21 Dec 2014 13:59:25 JPPCF.py[line:86]                            INFO Iter: 8	 Loss: 2160.94173748	 Delta: 266.958164308

Sun, 21 Dec 2014 14:01:27 JPPCF.py[line:86]                            INFO Iter: 9	 Loss: 1943.61666754	 Delta: 217.325069949

Sun, 21 Dec 2014 14:03:30 JPPCF.py[line:86]                            INFO Iter: 10	 Loss: 1766.03456837	 Delta: 177.582099161

Sun, 21 Dec 2014 14:05:38 JPPCF.py[line:86]                            INFO Iter: 11	 Loss: 1644.19773413	 Delta: 121.836834248

Sun, 21 Dec 2014 14:07:46 JPPCF.py[line:86]                            INFO Iter: 12	 Loss: 1562.46642683	 Delta: 81.7313072959

Sun, 21 Dec 2014 14:09:57 JPPCF.py[line:86]                            INFO Iter: 13	 Loss: 1501.83384017	 Delta: 60.6325866574

Sun, 21 Dec 2014 14:12:07 JPPCF.py[line:86]                            INFO Iter: 14	 Loss: 1456.57187481	 Delta: 45.2619653598

Sun, 21 Dec 2014 14:14:15 JPPCF.py[line:86]                            INFO Iter: 15	 Loss: 1418.31246029	 Delta: 38.2594145236

Sun, 21 Dec 2014 14:16:21 JPPCF.py[line:86]                            INFO Iter: 16	 Loss: 1389.08101381	 Delta: 29.231446476

Sun, 21 Dec 2014 14:18:34 JPPCF.py[line:86]                            INFO Iter: 17	 Loss: 1367.5022015	 Delta: 21.5788123096

Sun, 21 Dec 2014 14:20:45 JPPCF.py[line:86]                            INFO Iter: 18	 Loss: 1349.31711046	 Delta: 18.1850910407

Sun, 21 Dec 2014 14:22:59 JPPCF.py[line:86]                            INFO Iter: 19	 Loss: 1330.97775764	 Delta: 18.3393528256

Sun, 21 Dec 2014 14:25:11 JPPCF.py[line:86]                            INFO Iter: 20	 Loss: 1308.27444259	 Delta: 22.703315048

Sun, 21 Dec 2014 14:27:20 JPPCF.py[line:86]                            INFO Iter: 21	 Loss: 1295.76839995	 Delta: 12.5060426421

Sun, 21 Dec 2014 14:29:26 JPPCF.py[line:86]                            INFO Iter: 22	 Loss: 1288.6299557	 Delta: 7.13844424998

Sun, 21 Dec 2014 14:31:39 JPPCF.py[line:86]                            INFO Iter: 23	 Loss: 1281.95408535	 Delta: 6.67587035174

Sun, 21 Dec 2014 14:33:49 JPPCF.py[line:86]                            INFO Iter: 24	 Loss: 1274.47400949	 Delta: 7.4800758611

Sun, 21 Dec 2014 14:35:55 JPPCF.py[line:86]                            INFO Iter: 25	 Loss: 1267.34871824	 Delta: 7.12529124621

Sun, 21 Dec 2014 14:38:05 JPPCF.py[line:86]                            INFO Iter: 26	 Loss: 1260.97737299	 Delta: 6.3713452478

Sun, 21 Dec 2014 14:40:18 JPPCF.py[line:86]                            INFO Iter: 27	 Loss: 1255.65082771	 Delta: 5.32654527989

Sun, 21 Dec 2014 14:42:31 JPPCF.py[line:86]                            INFO Iter: 28	 Loss: 1250.44542234	 Delta: 5.20540537603

Sun, 21 Dec 2014 14:44:35 JPPCF.py[line:86]                            INFO Iter: 29	 Loss: 1246.02448331	 Delta: 4.42093902681

Sun, 21 Dec 2014 14:46:44 JPPCF.py[line:86]                            INFO Iter: 30	 Loss: 1241.59611609	 Delta: 4.42836722142

Sun, 21 Dec 2014 14:49:01 JPPCF.py[line:86]                            INFO Iter: 31	 Loss: 1235.23925077	 Delta: 6.35686532042

Sun, 21 Dec 2014 14:51:13 JPPCF.py[line:86]                            INFO Iter: 32	 Loss: 1227.19687207	 Delta: 8.04237870127

Sun, 21 Dec 2014 14:53:28 JPPCF.py[line:86]                            INFO Iter: 33	 Loss: 1219.96699415	 Delta: 7.22987791486

Sun, 21 Dec 2014 14:55:43 JPPCF.py[line:86]                            INFO Iter: 34	 Loss: 1215.23294547	 Delta: 4.73404868502

Sun, 21 Dec 2014 14:57:56 JPPCF.py[line:86]                            INFO Iter: 35	 Loss: 1212.21305115	 Delta: 3.01989431584

Sun, 21 Dec 2014 15:00:07 JPPCF.py[line:86]                            INFO Iter: 36	 Loss: 1209.83938043	 Delta: 2.37367072371

Sun, 21 Dec 2014 15:02:21 JPPCF.py[line:86]                            INFO Iter: 37	 Loss: 1207.65442377	 Delta: 2.18495666044

Sun, 21 Dec 2014 15:04:34 JPPCF.py[line:86]                            INFO Iter: 38	 Loss: 1206.1183811	 Delta: 1.53604266434

Sun, 21 Dec 2014 15:06:46 JPPCF.py[line:86]                            INFO Iter: 39	 Loss: 1205.45673244	 Delta: 0.661648664337

Sun, 21 Dec 2014 15:06:46 JPPCF.py[line:88]                            INFO JPPCF OK

Sun, 21 Dec 2014 15:06:50 demo_at_tsinghua_filter_by_10.py[line:128]                            INFO [ok]
computing t-model NMF decomposition...
Sun, 21 Dec 2014 15:07:01 nmf.py[line:109]                            INFO Iter: 1	 Loss: 2746.09879184	 Delta: 997253.901208

Sun, 21 Dec 2014 15:07:12 nmf.py[line:109]                            INFO Iter: 2	 Loss: 2673.12089786	 Delta: 72.977893979

Sun, 21 Dec 2014 15:07:22 nmf.py[line:109]                            INFO Iter: 3	 Loss: 2473.29219984	 Delta: 199.828698021

Sun, 21 Dec 2014 15:07:32 nmf.py[line:109]                            INFO Iter: 4	 Loss: 2168.9418813	 Delta: 304.35031854

Sun, 21 Dec 2014 15:07:43 nmf.py[line:109]                            INFO Iter: 5	 Loss: 1821.47216869	 Delta: 347.469712606

Sun, 21 Dec 2014 15:07:54 nmf.py[line:109]                            INFO Iter: 6	 Loss: 1560.27512044	 Delta: 261.197048251

Sun, 21 Dec 2014 15:08:04 nmf.py[line:109]                            INFO Iter: 7	 Loss: 1331.40274982	 Delta: 228.872370618

Sun, 21 Dec 2014 15:08:14 nmf.py[line:109]                            INFO Iter: 8	 Loss: 1168.63031226	 Delta: 162.772437563

Sun, 21 Dec 2014 15:08:25 nmf.py[line:109]                            INFO Iter: 9	 Loss: 1063.89806534	 Delta: 104.732246922

Sun, 21 Dec 2014 15:08:37 nmf.py[line:109]                            INFO Iter: 10	 Loss: 978.640403395	 Delta: 85.2576619409

Sun, 21 Dec 2014 15:08:49 nmf.py[line:109]                            INFO Iter: 11	 Loss: 912.557548128	 Delta: 66.0828552677

Sun, 21 Dec 2014 15:09:01 nmf.py[line:109]                            INFO Iter: 12	 Loss: 860.625944063	 Delta: 51.9316040641

Sun, 21 Dec 2014 15:09:12 nmf.py[line:109]                            INFO Iter: 13	 Loss: 815.682010494	 Delta: 44.9439335698

Sun, 21 Dec 2014 15:09:24 nmf.py[line:109]                            INFO Iter: 14	 Loss: 783.413461377	 Delta: 32.2685491171

Sun, 21 Dec 2014 15:09:35 nmf.py[line:109]                            INFO Iter: 15	 Loss: 761.572250507	 Delta: 21.8412108698

Sun, 21 Dec 2014 15:09:48 nmf.py[line:109]                            INFO Iter: 16	 Loss: 743.012112344	 Delta: 18.5601381631

Sun, 21 Dec 2014 15:09:58 nmf.py[line:109]                            INFO Iter: 17	 Loss: 728.267842926	 Delta: 14.7442694177

Sun, 21 Dec 2014 15:10:09 nmf.py[line:109]                            INFO Iter: 18	 Loss: 717.442707395	 Delta: 10.8251355305

Sun, 21 Dec 2014 15:10:20 nmf.py[line:109]                            INFO Iter: 19	 Loss: 708.474257855	 Delta: 8.96844954045

Sun, 21 Dec 2014 15:10:31 nmf.py[line:109]                            INFO Iter: 20	 Loss: 700.726815115	 Delta: 7.74744274033

Sun, 21 Dec 2014 15:10:42 nmf.py[line:109]                            INFO Iter: 21	 Loss: 693.267338005	 Delta: 7.45947710959

Sun, 21 Dec 2014 15:10:52 nmf.py[line:109]                            INFO Iter: 22	 Loss: 684.997298848	 Delta: 8.27003915753

Sun, 21 Dec 2014 15:11:03 nmf.py[line:109]                            INFO Iter: 23	 Loss: 678.830990599	 Delta: 6.16630824833

Sun, 21 Dec 2014 15:11:14 nmf.py[line:109]                            INFO Iter: 24	 Loss: 672.476352134	 Delta: 6.3546384652

Sun, 21 Dec 2014 15:11:24 nmf.py[line:109]                            INFO Iter: 25	 Loss: 665.144167761	 Delta: 7.33218437347

Sun, 21 Dec 2014 15:11:35 nmf.py[line:109]                            INFO Iter: 26	 Loss: 657.391850126	 Delta: 7.75231763498

Sun, 21 Dec 2014 15:11:46 nmf.py[line:109]                            INFO Iter: 27	 Loss: 651.370157973	 Delta: 6.02169215239

Sun, 21 Dec 2014 15:11:58 nmf.py[line:109]                            INFO Iter: 28	 Loss: 646.533256405	 Delta: 4.8369015678

Sun, 21 Dec 2014 15:12:08 nmf.py[line:109]                            INFO Iter: 29	 Loss: 642.238453338	 Delta: 4.29480306728

Sun, 21 Dec 2014 15:12:18 nmf.py[line:109]                            INFO Iter: 30	 Loss: 639.201979911	 Delta: 3.03647342687

Sun, 21 Dec 2014 15:12:29 nmf.py[line:109]                            INFO Iter: 31	 Loss: 636.702127682	 Delta: 2.49985222951

Sun, 21 Dec 2014 15:12:39 nmf.py[line:109]                            INFO Iter: 32	 Loss: 634.277843495	 Delta: 2.42428418672

Sun, 21 Dec 2014 15:12:50 nmf.py[line:109]                            INFO Iter: 33	 Loss: 631.762568515	 Delta: 2.51527498034

Sun, 21 Dec 2014 15:13:01 nmf.py[line:109]                            INFO Iter: 34	 Loss: 629.550564152	 Delta: 2.21200436282

Sun, 21 Dec 2014 15:13:11 nmf.py[line:109]                            INFO Iter: 35	 Loss: 627.780326854	 Delta: 1.77023729814

Sun, 21 Dec 2014 15:13:23 nmf.py[line:109]                            INFO Iter: 36	 Loss: 626.389603077	 Delta: 1.39072377657

Sun, 21 Dec 2014 15:13:34 nmf.py[line:109]                            INFO Iter: 37	 Loss: 625.223986116	 Delta: 1.16561696158

Sun, 21 Dec 2014 15:13:45 nmf.py[line:109]                            INFO Iter: 38	 Loss: 623.810712537	 Delta: 1.41327357833

Sun, 21 Dec 2014 15:13:55 nmf.py[line:109]                            INFO Iter: 39	 Loss: 622.540843499	 Delta: 1.26986903826

Sun, 21 Dec 2014 15:14:06 nmf.py[line:109]                            INFO Iter: 40	 Loss: 621.256935713	 Delta: 1.2839077856

Sun, 21 Dec 2014 15:14:16 nmf.py[line:109]                            INFO Iter: 41	 Loss: 620.061970842	 Delta: 1.19496487107

Sun, 21 Dec 2014 15:14:26 nmf.py[line:109]                            INFO Iter: 42	 Loss: 618.943568788	 Delta: 1.1184020547

Sun, 21 Dec 2014 15:14:36 nmf.py[line:109]                            INFO Iter: 43	 Loss: 617.823360203	 Delta: 1.12020858484

Sun, 21 Dec 2014 15:14:47 nmf.py[line:109]                            INFO Iter: 44	 Loss: 616.687661053	 Delta: 1.13569914939

Sun, 21 Dec 2014 15:14:58 nmf.py[line:109]                            INFO Iter: 45	 Loss: 615.396319107	 Delta: 1.29134194678

Sun, 21 Dec 2014 15:15:09 nmf.py[line:109]                            INFO Iter: 46	 Loss: 614.25826166	 Delta: 1.13805744689

Sun, 21 Dec 2014 15:15:20 nmf.py[line:109]                            INFO Iter: 47	 Loss: 613.269112975	 Delta: 0.989148684433

Sun, 21 Dec 2014 15:15:20 nmf.py[line:113]                            INFO NMF OK
Sun, 21 Dec 2014 15:15:24 demo_at_tsinghua_filter_by_10.py[line:134]                            INFO [ok]
computing fix_model NMF decomposition...
Sun, 21 Dec 2014 15:15:25 demo_at_tsinghua_filter_by_10.py[line:142]                            INFO non zero cell num: 4612
Sun, 21 Dec 2014 15:15:35 nmf.py[line:109]                            INFO Iter: 1	 Loss: 4625.02015496	 Delta: 995374.979845

Sun, 21 Dec 2014 15:15:44 nmf.py[line:109]                            INFO Iter: 2	 Loss: 4469.81757539	 Delta: 155.202579566

Sun, 21 Dec 2014 15:15:54 nmf.py[line:109]                            INFO Iter: 3	 Loss: 4187.84069874	 Delta: 281.976876651

Sun, 21 Dec 2014 15:16:04 nmf.py[line:109]                            INFO Iter: 4	 Loss: 3626.70255338	 Delta: 561.13814536

Sun, 21 Dec 2014 15:16:14 nmf.py[line:109]                            INFO Iter: 5	 Loss: 3025.04991537	 Delta: 601.652638008

Sun, 21 Dec 2014 15:16:25 nmf.py[line:109]                            INFO Iter: 6	 Loss: 2571.44856636	 Delta: 453.601349012

Sun, 21 Dec 2014 15:16:35 nmf.py[line:109]                            INFO Iter: 7	 Loss: 2237.44714999	 Delta: 334.001416365

Sun, 21 Dec 2014 15:16:45 nmf.py[line:109]                            INFO Iter: 8	 Loss: 1997.65120791	 Delta: 239.795942084

Sun, 21 Dec 2014 15:16:55 nmf.py[line:109]                            INFO Iter: 9	 Loss: 1819.86407554	 Delta: 177.787132364

Sun, 21 Dec 2014 15:17:06 nmf.py[line:109]                            INFO Iter: 10	 Loss: 1680.33794973	 Delta: 139.526125812

Sun, 21 Dec 2014 15:17:18 nmf.py[line:109]                            INFO Iter: 11	 Loss: 1568.32639069	 Delta: 112.011559046

Sun, 21 Dec 2014 15:17:30 nmf.py[line:109]                            INFO Iter: 12	 Loss: 1473.1717831	 Delta: 95.1546075837

Sun, 21 Dec 2014 15:17:42 nmf.py[line:109]                            INFO Iter: 13	 Loss: 1395.3516605	 Delta: 77.820122608

Sun, 21 Dec 2014 15:17:54 nmf.py[line:109]                            INFO Iter: 14	 Loss: 1331.24020298	 Delta: 64.1114575203

Sun, 21 Dec 2014 15:18:06 nmf.py[line:109]                            INFO Iter: 15	 Loss: 1278.92285164	 Delta: 52.3173513311

Sun, 21 Dec 2014 15:18:19 nmf.py[line:109]                            INFO Iter: 16	 Loss: 1237.50684155	 Delta: 41.4160100896

Sun, 21 Dec 2014 15:18:31 nmf.py[line:109]                            INFO Iter: 17	 Loss: 1205.95248465	 Delta: 31.5543568999

Sun, 21 Dec 2014 15:18:43 nmf.py[line:109]                            INFO Iter: 18	 Loss: 1180.40070715	 Delta: 25.5517775094

Sun, 21 Dec 2014 15:18:55 nmf.py[line:109]                            INFO Iter: 19	 Loss: 1158.86072896	 Delta: 21.5399781829

Sun, 21 Dec 2014 15:19:06 nmf.py[line:109]                            INFO Iter: 20	 Loss: 1140.72569071	 Delta: 18.1350382506

Sun, 21 Dec 2014 15:19:19 nmf.py[line:109]                            INFO Iter: 21	 Loss: 1125.22716171	 Delta: 15.4985290008

Sun, 21 Dec 2014 15:19:31 nmf.py[line:109]                            INFO Iter: 22	 Loss: 1112.03946985	 Delta: 13.1876918637

Sun, 21 Dec 2014 15:19:43 nmf.py[line:109]                            INFO Iter: 23	 Loss: 1100.76983171	 Delta: 11.2696381377

Sun, 21 Dec 2014 15:19:54 nmf.py[line:109]                            INFO Iter: 24	 Loss: 1091.32242632	 Delta: 9.44740538609

Sun, 21 Dec 2014 15:20:06 nmf.py[line:109]                            INFO Iter: 25	 Loss: 1083.01339812	 Delta: 8.30902820206

Sun, 21 Dec 2014 15:20:18 nmf.py[line:109]                            INFO Iter: 26	 Loss: 1076.02517066	 Delta: 6.98822745959

Sun, 21 Dec 2014 15:20:29 nmf.py[line:109]                            INFO Iter: 27	 Loss: 1069.77669572	 Delta: 6.24847494239

Sun, 21 Dec 2014 15:20:41 nmf.py[line:109]                            INFO Iter: 28	 Loss: 1063.91928944	 Delta: 5.85740628059

Sun, 21 Dec 2014 15:20:53 nmf.py[line:109]                            INFO Iter: 29	 Loss: 1058.82795447	 Delta: 5.09133497163

Sun, 21 Dec 2014 15:21:04 nmf.py[line:109]                            INFO Iter: 30	 Loss: 1054.92677913	 Delta: 3.90117533499

Sun, 21 Dec 2014 15:21:17 nmf.py[line:109]                            INFO Iter: 31	 Loss: 1051.52036197	 Delta: 3.40641715761

Sun, 21 Dec 2014 15:21:29 nmf.py[line:109]                            INFO Iter: 32	 Loss: 1048.87934949	 Delta: 2.64101248742

Sun, 21 Dec 2014 15:21:41 nmf.py[line:109]                            INFO Iter: 33	 Loss: 1046.57838989	 Delta: 2.30095960225

Sun, 21 Dec 2014 15:21:53 nmf.py[line:109]                            INFO Iter: 34	 Loss: 1044.28976333	 Delta: 2.28862655218

Sun, 21 Dec 2014 15:22:05 nmf.py[line:109]                            INFO Iter: 35	 Loss: 1042.12693966	 Delta: 2.16282367613

Sun, 21 Dec 2014 15:22:17 nmf.py[line:109]                            INFO Iter: 36	 Loss: 1040.27666877	 Delta: 1.8502708899

Sun, 21 Dec 2014 15:22:29 nmf.py[line:109]                            INFO Iter: 37	 Loss: 1038.49285991	 Delta: 1.78380886151

Sun, 21 Dec 2014 15:22:40 nmf.py[line:109]                            INFO Iter: 38	 Loss: 1036.97745672	 Delta: 1.51540318076

Sun, 21 Dec 2014 15:22:51 nmf.py[line:109]                            INFO Iter: 39	 Loss: 1035.74384111	 Delta: 1.2336156118

Sun, 21 Dec 2014 15:23:03 nmf.py[line:109]                            INFO Iter: 40	 Loss: 1034.61253052	 Delta: 1.13131059596

Sun, 21 Dec 2014 15:23:15 nmf.py[line:109]                            INFO Iter: 41	 Loss: 1033.54288644	 Delta: 1.06964407206

Sun, 21 Dec 2014 15:23:26 nmf.py[line:109]                            INFO Iter: 42	 Loss: 1032.54877908	 Delta: 0.99410736784

Sun, 21 Dec 2014 15:23:26 nmf.py[line:113]                            INFO NMF OK
Sun, 21 Dec 2014 15:23:30 demo_at_tsinghua_filter_by_10.py[line:148]                            INFO [ok]

Sun, 21 Dec 2014 15:23:30 demo_at_tsinghua_filter_by_10.py[line:150]                            INFO 	 fold_id:0

Sun, 21 Dec 2014 15:23:30 demo_at_tsinghua_filter_by_10.py[line:152]                            INFO 	recall at 10:
Sun, 21 Dec 2014 15:24:09 demo_at_tsinghua_filter_by_10.py[line:177]                            INFO 		t-model NMF :  0.308738732093

Sun, 21 Dec 2014 15:24:09 demo_at_tsinghua_filter_by_10.py[line:178]                            INFO 		f-model NMF :  0.258393706533

Sun, 21 Dec 2014 15:24:09 demo_at_tsinghua_filter_by_10.py[line:179]                            INFO 		JPPCF :  0.276157094445

Sun, 21 Dec 2014 15:24:09 demo_at_tsinghua_filter_by_10.py[line:152]                            INFO 	recall at 50:
Sun, 21 Dec 2014 15:24:48 demo_at_tsinghua_filter_by_10.py[line:177]                            INFO 		t-model NMF :  0.51682700109

Sun, 21 Dec 2014 15:24:48 demo_at_tsinghua_filter_by_10.py[line:178]                            INFO 		f-model NMF :  0.483239377646

Sun, 21 Dec 2014 15:24:48 demo_at_tsinghua_filter_by_10.py[line:179]                            INFO 		JPPCF :  0.50766058786

Sun, 21 Dec 2014 15:24:48 demo_at_tsinghua_filter_by_10.py[line:152]                            INFO 	recall at 100:
Sun, 21 Dec 2014 15:25:26 demo_at_tsinghua_filter_by_10.py[line:177]                            INFO 		t-model NMF :  0.622696065688

Sun, 21 Dec 2014 15:25:26 demo_at_tsinghua_filter_by_10.py[line:178]                            INFO 		f-model NMF :  0.605812614235

Sun, 21 Dec 2014 15:25:26 demo_at_tsinghua_filter_by_10.py[line:179]                            INFO 		JPPCF :  0.613262054817

Sun, 21 Dec 2014 15:25:26 demo_at_tsinghua_filter_by_10.py[line:152]                            INFO 	recall at 300:
Sun, 21 Dec 2014 15:26:04 demo_at_tsinghua_filter_by_10.py[line:177]                            INFO 		t-model NMF :  0.791209811005

Sun, 21 Dec 2014 15:26:04 demo_at_tsinghua_filter_by_10.py[line:178]                            INFO 		f-model NMF :  0.788095455566

Sun, 21 Dec 2014 15:26:04 demo_at_tsinghua_filter_by_10.py[line:179]                            INFO 		JPPCF :  0.790740860628

Sun, 21 Dec 2014 15:26:04 demo_at_tsinghua_filter_by_10.py[line:152]                            INFO 	recall at 500:
Sun, 21 Dec 2014 15:26:43 demo_at_tsinghua_filter_by_10.py[line:177]                            INFO 		t-model NMF :  0.853665852657

Sun, 21 Dec 2014 15:26:43 demo_at_tsinghua_filter_by_10.py[line:178]                            INFO 		f-model NMF :  0.892531555829

Sun, 21 Dec 2014 15:26:43 demo_at_tsinghua_filter_by_10.py[line:179]                            INFO 		JPPCF :  0.856994107214

Sun, 21 Dec 2014 15:26:43 demo_at_tsinghua_filter_by_10.py[line:152]                            INFO 	recall at 1000:
Sun, 21 Dec 2014 15:27:22 demo_at_tsinghua_filter_by_10.py[line:177]                            INFO 		t-model NMF :  0.91174743025

Sun, 21 Dec 2014 15:27:22 demo_at_tsinghua_filter_by_10.py[line:178]                            INFO 		f-model NMF :  0.97528144885

Sun, 21 Dec 2014 15:27:22 demo_at_tsinghua_filter_by_10.py[line:179]                            INFO 		JPPCF :  0.938200125865

Sun, 21 Dec 2014 15:27:22 demo_at_tsinghua_filter_by_10.py[line:181]                            INFO current_time_step: 3

Sun, 21 Dec 2014 15:27:22 demo_at_tsinghua_filter_by_10.py[line:184]                            INFO 	recall at 10:
Sun, 21 Dec 2014 15:27:22 demo_at_tsinghua_filter_by_10.py[line:188]                            INFO 		avg t-model NMF :  0.308738732093

Sun, 21 Dec 2014 15:27:22 demo_at_tsinghua_filter_by_10.py[line:189]                            INFO 		avg f-model NMF :  0.258393706533

Sun, 21 Dec 2014 15:27:22 demo_at_tsinghua_filter_by_10.py[line:190]                            INFO 		avg JPPCF :  0.276157094445

Sun, 21 Dec 2014 15:27:22 demo_at_tsinghua_filter_by_10.py[line:184]                            INFO 	recall at 50:
Sun, 21 Dec 2014 15:27:22 demo_at_tsinghua_filter_by_10.py[line:188]                            INFO 		avg t-model NMF :  0.51682700109

Sun, 21 Dec 2014 15:27:22 demo_at_tsinghua_filter_by_10.py[line:189]                            INFO 		avg f-model NMF :  0.483239377646

Sun, 21 Dec 2014 15:27:22 demo_at_tsinghua_filter_by_10.py[line:190]                            INFO 		avg JPPCF :  0.50766058786

Sun, 21 Dec 2014 15:27:22 demo_at_tsinghua_filter_by_10.py[line:184]                            INFO 	recall at 100:
Sun, 21 Dec 2014 15:27:22 demo_at_tsinghua_filter_by_10.py[line:188]                            INFO 		avg t-model NMF :  0.622696065688

Sun, 21 Dec 2014 15:27:22 demo_at_tsinghua_filter_by_10.py[line:189]                            INFO 		avg f-model NMF :  0.605812614235

Sun, 21 Dec 2014 15:27:22 demo_at_tsinghua_filter_by_10.py[line:190]                            INFO 		avg JPPCF :  0.613262054817

Sun, 21 Dec 2014 15:27:22 demo_at_tsinghua_filter_by_10.py[line:184]                            INFO 	recall at 300:
Sun, 21 Dec 2014 15:27:22 demo_at_tsinghua_filter_by_10.py[line:188]                            INFO 		avg t-model NMF :  0.791209811005

Sun, 21 Dec 2014 15:27:22 demo_at_tsinghua_filter_by_10.py[line:189]                            INFO 		avg f-model NMF :  0.788095455566

Sun, 21 Dec 2014 15:27:22 demo_at_tsinghua_filter_by_10.py[line:190]                            INFO 		avg JPPCF :  0.790740860628

Sun, 21 Dec 2014 15:27:22 demo_at_tsinghua_filter_by_10.py[line:184]                            INFO 	recall at 500:
Sun, 21 Dec 2014 15:27:22 demo_at_tsinghua_filter_by_10.py[line:188]                            INFO 		avg t-model NMF :  0.853665852657

Sun, 21 Dec 2014 15:27:22 demo_at_tsinghua_filter_by_10.py[line:189]                            INFO 		avg f-model NMF :  0.892531555829

Sun, 21 Dec 2014 15:27:22 demo_at_tsinghua_filter_by_10.py[line:190]                            INFO 		avg JPPCF :  0.856994107214

Sun, 21 Dec 2014 15:27:22 demo_at_tsinghua_filter_by_10.py[line:184]                            INFO 	recall at 1000:
Sun, 21 Dec 2014 15:27:22 demo_at_tsinghua_filter_by_10.py[line:188]                            INFO 		avg t-model NMF :  0.91174743025

Sun, 21 Dec 2014 15:27:22 demo_at_tsinghua_filter_by_10.py[line:189]                            INFO 		avg f-model NMF :  0.97528144885

Sun, 21 Dec 2014 15:27:22 demo_at_tsinghua_filter_by_10.py[line:190]                            INFO 		avg JPPCF :  0.938200125865

Sun, 21 Dec 2014 15:27:22 demo_at_tsinghua_filter_by_10.py[line:204]                            INFO =========================

Sun, 21 Dec 2014 15:27:22 demo_at_tsinghua_filter_by_10.py[line:102]                            INFO 
=========================

Sun, 21 Dec 2014 15:27:22 demo_at_tsinghua_filter_by_10.py[line:103]                            INFO time_step number %i:	4
Sun, 21 Dec 2014 15:27:22 demo_at_tsinghua_filter_by_10.py[line:104]                            INFO ----------------

Sun, 21 Dec 2014 15:27:23 demo_at_tsinghua_filter_by_10.py[line:119]                            INFO non zero cell num: 2707
Sun, 21 Dec 2014 15:27:23 demo_at_tsinghua_filter_by_10.py[line:122]                            INFO computing JPP decomposition...
Sun, 21 Dec 2014 15:29:28 JPPCF.py[line:86]                            INFO Iter: 1	 Loss: 5580.76539373	 Delta: 994419.234606

Sun, 21 Dec 2014 15:31:33 JPPCF.py[line:86]                            INFO Iter: 2	 Loss: 5555.05639741	 Delta: 25.7089963219

Sun, 21 Dec 2014 15:33:37 JPPCF.py[line:86]                            INFO Iter: 3	 Loss: 4256.10122149	 Delta: 1298.95517593

Sun, 21 Dec 2014 15:35:39 JPPCF.py[line:86]                            INFO Iter: 4	 Loss: 3703.04273508	 Delta: 553.058486406

Sun, 21 Dec 2014 15:37:40 JPPCF.py[line:86]                            INFO Iter: 5	 Loss: 2981.79467881	 Delta: 721.24805627

Sun, 21 Dec 2014 15:39:43 JPPCF.py[line:86]                            INFO Iter: 6	 Loss: 2538.59086781	 Delta: 443.203811004

Sun, 21 Dec 2014 15:41:54 JPPCF.py[line:86]                            INFO Iter: 7	 Loss: 2236.1195884	 Delta: 302.471279405

Sun, 21 Dec 2014 15:43:58 JPPCF.py[line:86]                            INFO Iter: 8	 Loss: 2007.83928552	 Delta: 228.280302884

Sun, 21 Dec 2014 15:46:05 JPPCF.py[line:86]                            INFO Iter: 9	 Loss: 1831.28303005	 Delta: 176.556255469

Sun, 21 Dec 2014 15:48:15 JPPCF.py[line:86]                            INFO Iter: 10	 Loss: 1698.28258563	 Delta: 133.000444415

