Sun, 21 Dec 2014 10:56:40 demo_at_tsinghua_filter_by_10.py[line:82]                            INFO user num: 3431

Sun, 21 Dec 2014 10:56:40 demo_at_tsinghua_filter_by_10.py[line:83]                            INFO doc num: 7710

Sun, 21 Dec 2014 10:56:40 demo_at_tsinghua_filter_by_10.py[line:84]                            INFO time step num: 20

Sun, 21 Dec 2014 10:56:41 demo_at_tsinghua_filter_by_10.py[line:91]                            INFO non zero cell num: 1338
Sun, 21 Dec 2014 10:56:41 demo_at_tsinghua_filter_by_10.py[line:92]                            INFO start nmf:

Sun, 21 Dec 2014 10:57:00 nmf.py[line:109]                            INFO Iter: 1	 Loss: 1341.77475662	 Delta: 998658.225243

Sun, 21 Dec 2014 10:57:17 nmf.py[line:109]                            INFO Iter: 2	 Loss: 1237.18729669	 Delta: 104.587459924

Sun, 21 Dec 2014 10:57:36 nmf.py[line:109]                            INFO Iter: 3	 Loss: 1097.54499984	 Delta: 139.642296853

Sun, 21 Dec 2014 10:57:54 nmf.py[line:109]                            INFO Iter: 4	 Loss: 913.890434532	 Delta: 183.654565306

Sun, 21 Dec 2014 10:58:12 nmf.py[line:109]                            INFO Iter: 5	 Loss: 707.849055829	 Delta: 206.041378703

Sun, 21 Dec 2014 10:58:28 nmf.py[line:109]                            INFO Iter: 6	 Loss: 534.540204917	 Delta: 173.308850912

Sun, 21 Dec 2014 10:58:46 nmf.py[line:109]                            INFO Iter: 7	 Loss: 429.962260011	 Delta: 104.577944906

Sun, 21 Dec 2014 10:59:03 nmf.py[line:109]                            INFO Iter: 8	 Loss: 363.182626848	 Delta: 66.7796331637

Sun, 21 Dec 2014 10:59:21 nmf.py[line:109]                            INFO Iter: 9	 Loss: 312.167490125	 Delta: 51.0151367227

Sun, 21 Dec 2014 10:59:39 nmf.py[line:109]                            INFO Iter: 10	 Loss: 275.425439324	 Delta: 36.742050801

Sun, 21 Dec 2014 10:59:57 nmf.py[line:109]                            INFO Iter: 11	 Loss: 249.202314027	 Delta: 26.2231252969

Sun, 21 Dec 2014 11:00:14 nmf.py[line:109]                            INFO Iter: 12	 Loss: 229.545648324	 Delta: 19.6566657029

Sun, 21 Dec 2014 11:00:32 nmf.py[line:109]                            INFO Iter: 13	 Loss: 213.205242972	 Delta: 16.3404053522

Sun, 21 Dec 2014 11:00:51 nmf.py[line:109]                            INFO Iter: 14	 Loss: 201.873270869	 Delta: 11.3319721028

Sun, 21 Dec 2014 11:01:09 nmf.py[line:109]                            INFO Iter: 15	 Loss: 191.619010699	 Delta: 10.2542601697

Sun, 21 Dec 2014 11:01:29 nmf.py[line:109]                            INFO Iter: 16	 Loss: 182.46671433	 Delta: 9.15229636901

Sun, 21 Dec 2014 11:01:48 nmf.py[line:109]                            INFO Iter: 17	 Loss: 174.728754292	 Delta: 7.73796003792

Sun, 21 Dec 2014 11:02:06 nmf.py[line:109]                            INFO Iter: 18	 Loss: 168.629242199	 Delta: 6.09951209377

Sun, 21 Dec 2014 11:02:25 nmf.py[line:109]                            INFO Iter: 19	 Loss: 163.800788687	 Delta: 4.82845351179

Sun, 21 Dec 2014 11:02:44 nmf.py[line:109]                            INFO Iter: 20	 Loss: 159.595332294	 Delta: 4.20545639257

Sun, 21 Dec 2014 11:03:02 nmf.py[line:109]                            INFO Iter: 21	 Loss: 155.860874996	 Delta: 3.73445729867

Sun, 21 Dec 2014 11:03:20 nmf.py[line:109]                            INFO Iter: 22	 Loss: 152.051786899	 Delta: 3.80908809672

Sun, 21 Dec 2014 11:03:37 nmf.py[line:109]                            INFO Iter: 23	 Loss: 145.050306588	 Delta: 7.00148031086

Sun, 21 Dec 2014 11:03:56 nmf.py[line:109]                            INFO Iter: 24	 Loss: 139.18837504	 Delta: 5.86193154832

Sun, 21 Dec 2014 11:04:15 nmf.py[line:109]                            INFO Iter: 25	 Loss: 136.014883701	 Delta: 3.17349133825

Sun, 21 Dec 2014 11:04:33 nmf.py[line:109]                            INFO Iter: 26	 Loss: 133.568540554	 Delta: 2.44634314716

Sun, 21 Dec 2014 11:04:50 nmf.py[line:109]                            INFO Iter: 27	 Loss: 131.624087797	 Delta: 1.94445275736

Sun, 21 Dec 2014 11:05:07 nmf.py[line:109]                            INFO Iter: 28	 Loss: 129.825987979	 Delta: 1.79809981795

Sun, 21 Dec 2014 11:05:27 nmf.py[line:109]                            INFO Iter: 29	 Loss: 128.124470803	 Delta: 1.70151717604

Sun, 21 Dec 2014 11:05:46 nmf.py[line:109]                            INFO Iter: 30	 Loss: 126.522292785	 Delta: 1.60217801842

Sun, 21 Dec 2014 11:06:05 nmf.py[line:109]                            INFO Iter: 31	 Loss: 125.114556634	 Delta: 1.40773615047

Sun, 21 Dec 2014 11:06:24 nmf.py[line:109]                            INFO Iter: 32	 Loss: 123.82469826	 Delta: 1.28985837394

Sun, 21 Dec 2014 11:06:43 nmf.py[line:109]                            INFO Iter: 33	 Loss: 122.583379956	 Delta: 1.24131830428

Sun, 21 Dec 2014 11:07:00 nmf.py[line:109]                            INFO Iter: 34	 Loss: 121.405383959	 Delta: 1.17799599689

Sun, 21 Dec 2014 11:07:18 nmf.py[line:109]                            INFO Iter: 35	 Loss: 120.543457386	 Delta: 0.861926572747

Sun, 21 Dec 2014 11:07:18 nmf.py[line:113]                            INFO NMF OK
Sun, 21 Dec 2014 11:07:18 demo_at_tsinghua_filter_by_10.py[line:102]                            INFO 
=========================

Sun, 21 Dec 2014 11:07:18 demo_at_tsinghua_filter_by_10.py[line:103]                            INFO time_step number %i:	2
Sun, 21 Dec 2014 11:07:18 demo_at_tsinghua_filter_by_10.py[line:104]                            INFO ----------------

Sun, 21 Dec 2014 11:07:20 demo_at_tsinghua_filter_by_10.py[line:119]                            INFO non zero cell num: 1665
Sun, 21 Dec 2014 11:07:20 demo_at_tsinghua_filter_by_10.py[line:122]                            INFO computing JPP decomposition...
Sun, 21 Dec 2014 11:10:51 JPPCF.py[line:86]                            INFO Iter: 1	 Loss: 3497.8787244	 Delta: 996502.121276

Sun, 21 Dec 2014 11:14:17 JPPCF.py[line:86]                            INFO Iter: 2	 Loss: 3488.66239387	 Delta: 9.21633052702

Sun, 21 Dec 2014 11:17:25 JPPCF.py[line:86]                            INFO Iter: 3	 Loss: 2955.4766826	 Delta: 533.185711273

Sun, 21 Dec 2014 11:20:26 JPPCF.py[line:86]                            INFO Iter: 4	 Loss: 2526.43027461	 Delta: 429.046407992

Sun, 21 Dec 2014 11:23:44 JPPCF.py[line:86]                            INFO Iter: 5	 Loss: 2152.02164333	 Delta: 374.40863128

Sun, 21 Dec 2014 11:27:04 JPPCF.py[line:86]                            INFO Iter: 6	 Loss: 1874.94420949	 Delta: 277.077433832

Sun, 21 Dec 2014 11:30:21 JPPCF.py[line:86]                            INFO Iter: 7	 Loss: 1659.8301346	 Delta: 215.114074894

Sun, 21 Dec 2014 11:33:40 JPPCF.py[line:86]                            INFO Iter: 8	 Loss: 1527.84814231	 Delta: 131.981992287

Sun, 21 Dec 2014 11:36:52 JPPCF.py[line:86]                            INFO Iter: 9	 Loss: 1425.50301512	 Delta: 102.345127195

Sun, 21 Dec 2014 11:39:59 JPPCF.py[line:86]                            INFO Iter: 10	 Loss: 1353.68477517	 Delta: 71.8182399437

Sun, 21 Dec 2014 11:43:08 JPPCF.py[line:86]                            INFO Iter: 11	 Loss: 1291.64158708	 Delta: 62.0431880895

Sun, 21 Dec 2014 11:46:17 JPPCF.py[line:86]                            INFO Iter: 12	 Loss: 1231.88453462	 Delta: 59.7570524603

Sun, 21 Dec 2014 11:49:17 JPPCF.py[line:86]                            INFO Iter: 13	 Loss: 1189.03291406	 Delta: 42.8516205636

Sun, 21 Dec 2014 11:52:28 JPPCF.py[line:86]                            INFO Iter: 14	 Loss: 1158.91122921	 Delta: 30.1216848476

Sun, 21 Dec 2014 11:55:41 JPPCF.py[line:86]                            INFO Iter: 15	 Loss: 1134.80267088	 Delta: 24.1085583314

Sun, 21 Dec 2014 11:58:34 JPPCF.py[line:86]                            INFO Iter: 16	 Loss: 1114.10887712	 Delta: 20.6937937622

Sun, 21 Dec 2014 12:01:27 JPPCF.py[line:86]                            INFO Iter: 17	 Loss: 1095.74016997	 Delta: 18.3687071467

Sun, 21 Dec 2014 12:04:11 JPPCF.py[line:86]                            INFO Iter: 18	 Loss: 1077.81675527	 Delta: 17.9234147011

Sun, 21 Dec 2014 12:07:01 JPPCF.py[line:86]                            INFO Iter: 19	 Loss: 1052.74590048	 Delta: 25.0708547867

Sun, 21 Dec 2014 12:10:03 JPPCF.py[line:86]                            INFO Iter: 20	 Loss: 1030.45352515	 Delta: 22.2923753306

Sun, 21 Dec 2014 12:13:06 JPPCF.py[line:86]                            INFO Iter: 21	 Loss: 1015.01373542	 Delta: 15.4397897358

Sun, 21 Dec 2014 12:15:57 JPPCF.py[line:86]                            INFO Iter: 22	 Loss: 999.082934047	 Delta: 15.9308013712

Sun, 21 Dec 2014 12:18:46 JPPCF.py[line:86]                            INFO Iter: 23	 Loss: 984.889652807	 Delta: 14.1932812404

Sun, 21 Dec 2014 12:21:39 JPPCF.py[line:86]                            INFO Iter: 24	 Loss: 972.488468873	 Delta: 12.4011839337

Sun, 21 Dec 2014 12:24:25 JPPCF.py[line:86]                            INFO Iter: 25	 Loss: 963.755665227	 Delta: 8.73280364624

Sun, 21 Dec 2014 12:27:17 JPPCF.py[line:86]                            INFO Iter: 26	 Loss: 956.585182893	 Delta: 7.17048233399

Sun, 21 Dec 2014 12:29:54 JPPCF.py[line:86]                            INFO Iter: 27	 Loss: 950.464858955	 Delta: 6.12032393791

Sun, 21 Dec 2014 12:32:34 JPPCF.py[line:86]                            INFO Iter: 28	 Loss: 946.794996057	 Delta: 3.66986289843

Sun, 21 Dec 2014 12:34:40 JPPCF.py[line:86]                            INFO Iter: 29	 Loss: 942.374238968	 Delta: 4.42075708807

Sun, 21 Dec 2014 12:36:46 JPPCF.py[line:86]                            INFO Iter: 30	 Loss: 940.529004431	 Delta: 1.8452345375

Sun, 21 Dec 2014 12:39:19 JPPCF.py[line:86]                            INFO Iter: 31	 Loss: 939.402844901	 Delta: 1.12615953018

Sun, 21 Dec 2014 12:42:01 JPPCF.py[line:86]                            INFO Iter: 32	 Loss: 938.345161599	 Delta: 1.05768330185

Sun, 21 Dec 2014 12:44:38 JPPCF.py[line:86]                            INFO Iter: 33	 Loss: 937.621569449	 Delta: 0.723592149793

Sun, 21 Dec 2014 12:44:38 JPPCF.py[line:88]                            INFO JPPCF OK

Sun, 21 Dec 2014 12:44:43 demo_at_tsinghua_filter_by_10.py[line:128]                            INFO [ok]
computing t-model NMF decomposition...
Sun, 21 Dec 2014 12:44:56 nmf.py[line:109]                            INFO Iter: 1	 Loss: 1668.10594596	 Delta: 998331.894054

Sun, 21 Dec 2014 12:45:11 nmf.py[line:109]                            INFO Iter: 2	 Loss: 1652.40241652	 Delta: 15.7035294411

Sun, 21 Dec 2014 12:45:26 nmf.py[line:109]                            INFO Iter: 3	 Loss: 1530.84962807	 Delta: 121.552788446

Sun, 21 Dec 2014 12:45:39 nmf.py[line:109]                            INFO Iter: 4	 Loss: 1256.47253738	 Delta: 274.377090697

Sun, 21 Dec 2014 12:45:50 nmf.py[line:109]                            INFO Iter: 5	 Loss: 974.940870957	 Delta: 281.53166642

Sun, 21 Dec 2014 12:46:02 nmf.py[line:109]                            INFO Iter: 6	 Loss: 822.249522185	 Delta: 152.691348772

Sun, 21 Dec 2014 12:46:14 nmf.py[line:109]                            INFO Iter: 7	 Loss: 706.951658098	 Delta: 115.297864087

Sun, 21 Dec 2014 12:46:30 nmf.py[line:109]                            INFO Iter: 8	 Loss: 634.032777636	 Delta: 72.918880462

Sun, 21 Dec 2014 12:46:45 nmf.py[line:109]                            INFO Iter: 9	 Loss: 587.775599845	 Delta: 46.2571777908

Sun, 21 Dec 2014 12:47:00 nmf.py[line:109]                            INFO Iter: 10	 Loss: 556.036014909	 Delta: 31.7395849359

Sun, 21 Dec 2014 12:47:12 nmf.py[line:109]                            INFO Iter: 11	 Loss: 533.464630715	 Delta: 22.5713841948

Sun, 21 Dec 2014 12:47:27 nmf.py[line:109]                            INFO Iter: 12	 Loss: 513.091052796	 Delta: 20.3735779183

Sun, 21 Dec 2014 12:47:41 nmf.py[line:109]                            INFO Iter: 13	 Loss: 497.636371916	 Delta: 15.4546808807

Sun, 21 Dec 2014 12:47:54 nmf.py[line:109]                            INFO Iter: 14	 Loss: 482.456845558	 Delta: 15.1795263578

Sun, 21 Dec 2014 12:48:05 nmf.py[line:109]                            INFO Iter: 15	 Loss: 461.960132522	 Delta: 20.4967130353

Sun, 21 Dec 2014 12:48:16 nmf.py[line:109]                            INFO Iter: 16	 Loss: 444.003567034	 Delta: 17.9565654882

Sun, 21 Dec 2014 12:48:28 nmf.py[line:109]                            INFO Iter: 17	 Loss: 431.141069287	 Delta: 12.8624977469

Sun, 21 Dec 2014 12:48:39 nmf.py[line:109]                            INFO Iter: 18	 Loss: 419.569115082	 Delta: 11.5719542049

Sun, 21 Dec 2014 12:48:51 nmf.py[line:109]                            INFO Iter: 19	 Loss: 408.369595257	 Delta: 11.1995198258

Sun, 21 Dec 2014 12:49:01 nmf.py[line:109]                            INFO Iter: 20	 Loss: 399.379402078	 Delta: 8.99019317871

Sun, 21 Dec 2014 12:49:11 nmf.py[line:109]                            INFO Iter: 21	 Loss: 391.592906142	 Delta: 7.7864959359

Sun, 21 Dec 2014 12:49:23 nmf.py[line:109]                            INFO Iter: 22	 Loss: 386.402064379	 Delta: 5.19084176342

Sun, 21 Dec 2014 12:49:33 nmf.py[line:109]                            INFO Iter: 23	 Loss: 382.929169452	 Delta: 3.47289492641

Sun, 21 Dec 2014 12:49:44 nmf.py[line:109]                            INFO Iter: 24	 Loss: 379.899693394	 Delta: 3.0294760579

Sun, 21 Dec 2014 12:49:55 nmf.py[line:109]                            INFO Iter: 25	 Loss: 377.108554396	 Delta: 2.79113899863

Sun, 21 Dec 2014 12:50:06 nmf.py[line:109]                            INFO Iter: 26	 Loss: 374.371413307	 Delta: 2.73714108844

Sun, 21 Dec 2014 12:50:16 nmf.py[line:109]                            INFO Iter: 27	 Loss: 371.720195687	 Delta: 2.65121762053

Sun, 21 Dec 2014 12:50:27 nmf.py[line:109]                            INFO Iter: 28	 Loss: 369.290104749	 Delta: 2.43009093727

Sun, 21 Dec 2014 12:50:38 nmf.py[line:109]                            INFO Iter: 29	 Loss: 367.379817338	 Delta: 1.91028741162

Sun, 21 Dec 2014 12:50:48 nmf.py[line:109]                            INFO Iter: 30	 Loss: 366.125775897	 Delta: 1.25404144111

Sun, 21 Dec 2014 12:50:59 nmf.py[line:109]                            INFO Iter: 31	 Loss: 364.964661695	 Delta: 1.16111420147

Sun, 21 Dec 2014 12:51:09 nmf.py[line:109]                            INFO Iter: 32	 Loss: 364.054121515	 Delta: 0.91054017987

Sun, 21 Dec 2014 12:51:09 nmf.py[line:113]                            INFO NMF OK
Sun, 21 Dec 2014 12:51:12 demo_at_tsinghua_filter_by_10.py[line:134]                            INFO [ok]
computing fix_model NMF decomposition...
Sun, 21 Dec 2014 12:51:13 demo_at_tsinghua_filter_by_10.py[line:142]                            INFO non zero cell num: 1665
Sun, 21 Dec 2014 12:51:24 nmf.py[line:109]                            INFO Iter: 1	 Loss: 1668.08057123	 Delta: 998331.919429

Sun, 21 Dec 2014 12:51:35 nmf.py[line:109]                            INFO Iter: 2	 Loss: 1654.55572982	 Delta: 13.5248414072

Sun, 21 Dec 2014 12:51:45 nmf.py[line:109]                            INFO Iter: 3	 Loss: 1536.46762743	 Delta: 118.08810239

Sun, 21 Dec 2014 12:51:55 nmf.py[line:109]                            INFO Iter: 4	 Loss: 1269.11009722	 Delta: 267.357530211

Sun, 21 Dec 2014 12:52:05 nmf.py[line:109]                            INFO Iter: 5	 Loss: 1017.73190463	 Delta: 251.378192588

Sun, 21 Dec 2014 12:52:16 nmf.py[line:109]                            INFO Iter: 6	 Loss: 834.602527111	 Delta: 183.12937752

Sun, 21 Dec 2014 12:52:26 nmf.py[line:109]                            INFO Iter: 7	 Loss: 720.058482173	 Delta: 114.544044938

Sun, 21 Dec 2014 12:52:37 nmf.py[line:109]                            INFO Iter: 8	 Loss: 644.386103685	 Delta: 75.6723784884

Sun, 21 Dec 2014 12:52:48 nmf.py[line:109]                            INFO Iter: 9	 Loss: 581.869342246	 Delta: 62.5167614391

Sun, 21 Dec 2014 12:53:01 nmf.py[line:109]                            INFO Iter: 10	 Loss: 531.051041064	 Delta: 50.8183011818

Sun, 21 Dec 2014 12:53:12 nmf.py[line:109]                            INFO Iter: 11	 Loss: 495.336753267	 Delta: 35.7142877969

Sun, 21 Dec 2014 12:53:23 nmf.py[line:109]                            INFO Iter: 12	 Loss: 467.358870574	 Delta: 27.9778826925

Sun, 21 Dec 2014 12:53:35 nmf.py[line:109]                            INFO Iter: 13	 Loss: 444.209497456	 Delta: 23.1493731185

Sun, 21 Dec 2014 12:53:46 nmf.py[line:109]                            INFO Iter: 14	 Loss: 429.803967197	 Delta: 14.4055302588

Sun, 21 Dec 2014 12:53:57 nmf.py[line:109]                            INFO Iter: 15	 Loss: 418.592347417	 Delta: 11.2116197797

Sun, 21 Dec 2014 12:54:08 nmf.py[line:109]                            INFO Iter: 16	 Loss: 408.859835383	 Delta: 9.73251203455

Sun, 21 Dec 2014 12:54:20 nmf.py[line:109]                            INFO Iter: 17	 Loss: 401.092323311	 Delta: 7.76751207152

Sun, 21 Dec 2014 12:54:31 nmf.py[line:109]                            INFO Iter: 18	 Loss: 392.043599173	 Delta: 9.04872413837

Sun, 21 Dec 2014 12:54:42 nmf.py[line:109]                            INFO Iter: 19	 Loss: 383.502024237	 Delta: 8.54157493615

Sun, 21 Dec 2014 12:54:53 nmf.py[line:109]                            INFO Iter: 20	 Loss: 377.278408941	 Delta: 6.22361529609

Sun, 21 Dec 2014 12:55:04 nmf.py[line:109]                            INFO Iter: 21	 Loss: 371.498842717	 Delta: 5.77956622403

Sun, 21 Dec 2014 12:55:17 nmf.py[line:109]                            INFO Iter: 22	 Loss: 363.896736345	 Delta: 7.60210637171

Sun, 21 Dec 2014 12:55:28 nmf.py[line:109]                            INFO Iter: 23	 Loss: 358.621307933	 Delta: 5.27542841203

Sun, 21 Dec 2014 12:55:39 nmf.py[line:109]                            INFO Iter: 24	 Loss: 354.730030269	 Delta: 3.89127766373

Sun, 21 Dec 2014 12:55:50 nmf.py[line:109]                            INFO Iter: 25	 Loss: 351.464665656	 Delta: 3.26536461302

Sun, 21 Dec 2014 12:56:02 nmf.py[line:109]                            INFO Iter: 26	 Loss: 348.686267335	 Delta: 2.77839832163

Sun, 21 Dec 2014 12:56:12 nmf.py[line:109]                            INFO Iter: 27	 Loss: 346.292294663	 Delta: 2.39397267186

Sun, 21 Dec 2014 12:56:23 nmf.py[line:109]                            INFO Iter: 28	 Loss: 344.279314489	 Delta: 2.01298017319

Sun, 21 Dec 2014 12:56:34 nmf.py[line:109]                            INFO Iter: 29	 Loss: 342.765769561	 Delta: 1.51354492842

Sun, 21 Dec 2014 12:56:44 nmf.py[line:109]                            INFO Iter: 30	 Loss: 341.599491299	 Delta: 1.16627826195

Sun, 21 Dec 2014 12:56:56 nmf.py[line:109]                            INFO Iter: 31	 Loss: 340.473484802	 Delta: 1.12600649741

Sun, 21 Dec 2014 12:57:07 nmf.py[line:109]                            INFO Iter: 32	 Loss: 339.397024158	 Delta: 1.0764606433

Sun, 21 Dec 2014 12:57:18 nmf.py[line:109]                            INFO Iter: 33	 Loss: 338.402522015	 Delta: 0.994502143112

Sun, 21 Dec 2014 12:57:18 nmf.py[line:113]                            INFO NMF OK
Sun, 21 Dec 2014 12:57:22 demo_at_tsinghua_filter_by_10.py[line:148]                            INFO [ok]

Sun, 21 Dec 2014 12:57:22 demo_at_tsinghua_filter_by_10.py[line:150]                            INFO 	 fold_id:0

Sun, 21 Dec 2014 12:57:22 demo_at_tsinghua_filter_by_10.py[line:152]                            INFO 	recall at 10:
Sun, 21 Dec 2014 12:57:39 demo_at_tsinghua_filter_by_10.py[line:177]                            INFO 		t-model NMF :  0.291299853275

Sun, 21 Dec 2014 12:57:39 demo_at_tsinghua_filter_by_10.py[line:178]                            INFO 		f-model NMF :  0.302714419101

Sun, 21 Dec 2014 12:57:39 demo_at_tsinghua_filter_by_10.py[line:179]                            INFO 		JPPCF :  0.278204615179

Sun, 21 Dec 2014 12:57:39 demo_at_tsinghua_filter_by_10.py[line:152]                            INFO 	recall at 50:
Sun, 21 Dec 2014 12:57:57 demo_at_tsinghua_filter_by_10.py[line:177]                            INFO 		t-model NMF :  0.541673336001

Sun, 21 Dec 2014 12:57:57 demo_at_tsinghua_filter_by_10.py[line:178]                            INFO 		f-model NMF :  0.55954048286

Sun, 21 Dec 2014 12:57:57 demo_at_tsinghua_filter_by_10.py[line:179]                            INFO 		JPPCF :  0.50647925837

Sun, 21 Dec 2014 12:57:57 demo_at_tsinghua_filter_by_10.py[line:152]                            INFO 	recall at 100:
Sun, 21 Dec 2014 12:58:14 demo_at_tsinghua_filter_by_10.py[line:177]                            INFO 		t-model NMF :  0.643290649593

Sun, 21 Dec 2014 12:58:14 demo_at_tsinghua_filter_by_10.py[line:178]                            INFO 		f-model NMF :  0.647428971589

Sun, 21 Dec 2014 12:58:14 demo_at_tsinghua_filter_by_10.py[line:179]                            INFO 		JPPCF :  0.618057222889

Sun, 21 Dec 2014 12:58:14 demo_at_tsinghua_filter_by_10.py[line:152]                            INFO 	recall at 300:
Sun, 21 Dec 2014 12:58:30 demo_at_tsinghua_filter_by_10.py[line:177]                            INFO 		t-model NMF :  0.839555822329

Sun, 21 Dec 2014 12:58:30 demo_at_tsinghua_filter_by_10.py[line:178]                            INFO 		f-model NMF :  0.845471521942

Sun, 21 Dec 2014 12:58:30 demo_at_tsinghua_filter_by_10.py[line:179]                            INFO 		JPPCF :  0.797255568894

Sun, 21 Dec 2014 12:58:30 demo_at_tsinghua_filter_by_10.py[line:152]                            INFO 	recall at 500:
Sun, 21 Dec 2014 12:58:48 demo_at_tsinghua_filter_by_10.py[line:177]                            INFO 		t-model NMF :  0.881722689076

Sun, 21 Dec 2014 12:58:48 demo_at_tsinghua_filter_by_10.py[line:178]                            INFO 		f-model NMF :  0.870798319328

Sun, 21 Dec 2014 12:58:48 demo_at_tsinghua_filter_by_10.py[line:179]                            INFO 		JPPCF :  0.866783380019

Sun, 21 Dec 2014 12:58:48 demo_at_tsinghua_filter_by_10.py[line:152]                            INFO 	recall at 1000:
Sun, 21 Dec 2014 12:59:05 demo_at_tsinghua_filter_by_10.py[line:177]                            INFO 		t-model NMF :  0.899159663866

Sun, 21 Dec 2014 12:59:05 demo_at_tsinghua_filter_by_10.py[line:178]                            INFO 		f-model NMF :  0.901960784314

Sun, 21 Dec 2014 12:59:05 demo_at_tsinghua_filter_by_10.py[line:179]                            INFO 		JPPCF :  0.922969187675

Sun, 21 Dec 2014 12:59:05 demo_at_tsinghua_filter_by_10.py[line:181]                            INFO current_time_step: 2

Sun, 21 Dec 2014 12:59:05 demo_at_tsinghua_filter_by_10.py[line:184]                            INFO 	recall at 10:
Sun, 21 Dec 2014 12:59:05 demo_at_tsinghua_filter_by_10.py[line:188]                            INFO 		avg t-model NMF :  0.291299853275

Sun, 21 Dec 2014 12:59:05 demo_at_tsinghua_filter_by_10.py[line:189]                            INFO 		avg f-model NMF :  0.302714419101

Sun, 21 Dec 2014 12:59:05 demo_at_tsinghua_filter_by_10.py[line:190]                            INFO 		avg JPPCF :  0.278204615179

Sun, 21 Dec 2014 12:59:05 demo_at_tsinghua_filter_by_10.py[line:184]                            INFO 	recall at 50:
Sun, 21 Dec 2014 12:59:05 demo_at_tsinghua_filter_by_10.py[line:188]                            INFO 		avg t-model NMF :  0.541673336001

Sun, 21 Dec 2014 12:59:05 demo_at_tsinghua_filter_by_10.py[line:189]                            INFO 		avg f-model NMF :  0.55954048286

Sun, 21 Dec 2014 12:59:05 demo_at_tsinghua_filter_by_10.py[line:190]                            INFO 		avg JPPCF :  0.50647925837

Sun, 21 Dec 2014 12:59:05 demo_at_tsinghua_filter_by_10.py[line:184]                            INFO 	recall at 100:
Sun, 21 Dec 2014 12:59:05 demo_at_tsinghua_filter_by_10.py[line:188]                            INFO 		avg t-model NMF :  0.643290649593

Sun, 21 Dec 2014 12:59:05 demo_at_tsinghua_filter_by_10.py[line:189]                            INFO 		avg f-model NMF :  0.647428971589

Sun, 21 Dec 2014 12:59:05 demo_at_tsinghua_filter_by_10.py[line:190]                            INFO 		avg JPPCF :  0.618057222889

Sun, 21 Dec 2014 12:59:05 demo_at_tsinghua_filter_by_10.py[line:184]                            INFO 	recall at 300:
Sun, 21 Dec 2014 12:59:05 demo_at_tsinghua_filter_by_10.py[line:188]                            INFO 		avg t-model NMF :  0.839555822329

Sun, 21 Dec 2014 12:59:05 demo_at_tsinghua_filter_by_10.py[line:189]                            INFO 		avg f-model NMF :  0.845471521942

Sun, 21 Dec 2014 12:59:05 demo_at_tsinghua_filter_by_10.py[line:190]                            INFO 		avg JPPCF :  0.797255568894

Sun, 21 Dec 2014 12:59:05 demo_at_tsinghua_filter_by_10.py[line:184]                            INFO 	recall at 500:
Sun, 21 Dec 2014 12:59:05 demo_at_tsinghua_filter_by_10.py[line:188]                            INFO 		avg t-model NMF :  0.881722689076

Sun, 21 Dec 2014 12:59:05 demo_at_tsinghua_filter_by_10.py[line:189]                            INFO 		avg f-model NMF :  0.870798319328

Sun, 21 Dec 2014 12:59:05 demo_at_tsinghua_filter_by_10.py[line:190]                            INFO 		avg JPPCF :  0.866783380019

Sun, 21 Dec 2014 12:59:05 demo_at_tsinghua_filter_by_10.py[line:184]                            INFO 	recall at 1000:
Sun, 21 Dec 2014 12:59:05 demo_at_tsinghua_filter_by_10.py[line:188]                            INFO 		avg t-model NMF :  0.899159663866

Sun, 21 Dec 2014 12:59:05 demo_at_tsinghua_filter_by_10.py[line:189]                            INFO 		avg f-model NMF :  0.901960784314

Sun, 21 Dec 2014 12:59:05 demo_at_tsinghua_filter_by_10.py[line:190]                            INFO 		avg JPPCF :  0.922969187675

Sun, 21 Dec 2014 12:59:05 demo_at_tsinghua_filter_by_10.py[line:204]                            INFO =========================

Sun, 21 Dec 2014 12:59:05 demo_at_tsinghua_filter_by_10.py[line:102]                            INFO 
=========================

Sun, 21 Dec 2014 12:59:05 demo_at_tsinghua_filter_by_10.py[line:103]                            INFO time_step number %i:	3
Sun, 21 Dec 2014 12:59:05 demo_at_tsinghua_filter_by_10.py[line:104]                            INFO ----------------

Sun, 21 Dec 2014 12:59:06 demo_at_tsinghua_filter_by_10.py[line:119]                            INFO non zero cell num: 2740
Sun, 21 Dec 2014 12:59:06 demo_at_tsinghua_filter_by_10.py[line:122]                            INFO computing JPP decomposition...
Sun, 21 Dec 2014 13:01:14 JPPCF.py[line:86]                            INFO Iter: 1	 Loss: 5645.13966797	 Delta: 994354.860332

Sun, 21 Dec 2014 13:03:18 JPPCF.py[line:86]                            INFO Iter: 2	 Loss: 5610.94290124	 Delta: 34.1967667288

Sun, 21 Dec 2014 13:05:27 JPPCF.py[line:86]                            INFO Iter: 3	 Loss: 4359.94781237	 Delta: 1250.99508887

Sun, 21 Dec 2014 13:07:32 JPPCF.py[line:86]                            INFO Iter: 4	 Loss: 3840.75563215	 Delta: 519.192180218

Sun, 21 Dec 2014 13:09:41 JPPCF.py[line:86]                            INFO Iter: 5	 Loss: 3255.92262106	 Delta: 584.833011085

Sun, 21 Dec 2014 13:11:51 JPPCF.py[line:86]                            INFO Iter: 6	 Loss: 2923.10464955	 Delta: 332.817971516

Sun, 21 Dec 2014 13:14:00 JPPCF.py[line:86]                            INFO Iter: 7	 Loss: 2606.90132679	 Delta: 316.203322756

Sun, 21 Dec 2014 13:16:08 JPPCF.py[line:86]                            INFO Iter: 8	 Loss: 2322.86068078	 Delta: 284.040646015

Sun, 21 Dec 2014 13:18:18 JPPCF.py[line:86]                            INFO Iter: 9	 Loss: 2095.98526558	 Delta: 226.875415199

Sun, 21 Dec 2014 13:20:25 JPPCF.py[line:86]                            INFO Iter: 10	 Loss: 1927.51199775	 Delta: 168.473267826

Sun, 21 Dec 2014 13:22:33 JPPCF.py[line:86]                            INFO Iter: 11	 Loss: 1808.3686161	 Delta: 119.143381648

Sun, 21 Dec 2014 13:24:37 JPPCF.py[line:86]                            INFO Iter: 12	 Loss: 1727.12228562	 Delta: 81.2463304837

Sun, 21 Dec 2014 13:26:39 JPPCF.py[line:86]                            INFO Iter: 13	 Loss: 1671.06848096	 Delta: 56.0538046565

Sun, 21 Dec 2014 13:28:38 JPPCF.py[line:86]                            INFO Iter: 14	 Loss: 1629.98061687	 Delta: 41.0878640934

Sun, 21 Dec 2014 13:30:44 JPPCF.py[line:86]                            INFO Iter: 15	 Loss: 1597.20044368	 Delta: 32.780173189

Sun, 21 Dec 2014 13:32:55 JPPCF.py[line:86]                            INFO Iter: 16	 Loss: 1570.68091502	 Delta: 26.5195286605

Sun, 21 Dec 2014 13:35:06 JPPCF.py[line:86]                            INFO Iter: 17	 Loss: 1547.4990464	 Delta: 23.1818686233

Sun, 21 Dec 2014 13:37:16 JPPCF.py[line:86]                            INFO Iter: 18	 Loss: 1524.02123277	 Delta: 23.4778136279

Sun, 21 Dec 2014 13:39:26 JPPCF.py[line:86]                            INFO Iter: 19	 Loss: 1506.95618427	 Delta: 17.0650484948

Sun, 21 Dec 2014 13:41:30 JPPCF.py[line:86]                            INFO Iter: 20	 Loss: 1494.8230287	 Delta: 12.1331555727

Sun, 21 Dec 2014 13:43:38 JPPCF.py[line:86]                            INFO Iter: 21	 Loss: 1484.95396053	 Delta: 9.86906817317

Sun, 21 Dec 2014 13:45:50 JPPCF.py[line:86]                            INFO Iter: 22	 Loss: 1476.14140964	 Delta: 8.8125508866

Sun, 21 Dec 2014 13:47:57 JPPCF.py[line:86]                            INFO Iter: 23	 Loss: 1465.24696887	 Delta: 10.8944407748

Sun, 21 Dec 2014 13:50:05 JPPCF.py[line:86]                            INFO Iter: 24	 Loss: 1454.02507007	 Delta: 11.2218988008

Sun, 21 Dec 2014 13:52:17 JPPCF.py[line:86]                            INFO Iter: 25	 Loss: 1441.47361181	 Delta: 12.5514582537

Sun, 21 Dec 2014 13:54:29 JPPCF.py[line:86]                            INFO Iter: 26	 Loss: 1430.60596167	 Delta: 10.8676501462

Sun, 21 Dec 2014 13:56:37 JPPCF.py[line:86]                            INFO Iter: 27	 Loss: 1422.69725413	 Delta: 7.90870753781

Sun, 21 Dec 2014 13:58:49 JPPCF.py[line:86]                            INFO Iter: 28	 Loss: 1415.67918819	 Delta: 7.0180659379

Sun, 21 Dec 2014 14:00:56 JPPCF.py[line:86]                            INFO Iter: 29	 Loss: 1408.49754313	 Delta: 7.18164506086

Sun, 21 Dec 2014 14:03:00 JPPCF.py[line:86]                            INFO Iter: 30	 Loss: 1401.24192335	 Delta: 7.25561977428

Sun, 21 Dec 2014 14:05:10 JPPCF.py[line:86]                            INFO Iter: 31	 Loss: 1394.07892029	 Delta: 7.16300306461

Sun, 21 Dec 2014 14:07:23 JPPCF.py[line:86]                            INFO Iter: 32	 Loss: 1387.09955181	 Delta: 6.97936848397

Sun, 21 Dec 2014 14:09:36 JPPCF.py[line:86]                            INFO Iter: 33	 Loss: 1377.88020502	 Delta: 9.21934678997

Sun, 21 Dec 2014 14:11:50 JPPCF.py[line:86]                            INFO Iter: 34	 Loss: 1369.9913936	 Delta: 7.88881141779

Sun, 21 Dec 2014 14:14:03 JPPCF.py[line:86]                            INFO Iter: 35	 Loss: 1361.83572489	 Delta: 8.15566871105

Sun, 21 Dec 2014 14:16:13 JPPCF.py[line:86]                            INFO Iter: 36	 Loss: 1352.68660207	 Delta: 9.14912282117

Sun, 21 Dec 2014 14:18:22 JPPCF.py[line:86]                            INFO Iter: 37	 Loss: 1343.77797608	 Delta: 8.9086259859

Sun, 21 Dec 2014 14:20:28 JPPCF.py[line:86]                            INFO Iter: 38	 Loss: 1335.95209863	 Delta: 7.82587745164

Sun, 21 Dec 2014 14:22:38 JPPCF.py[line:86]                            INFO Iter: 39	 Loss: 1328.16284185	 Delta: 7.78925677372

Sun, 21 Dec 2014 14:24:50 JPPCF.py[line:86]                            INFO Iter: 40	 Loss: 1319.94186567	 Delta: 8.22097618066

Sun, 21 Dec 2014 14:26:57 JPPCF.py[line:86]                            INFO Iter: 41	 Loss: 1311.89046768	 Delta: 8.0513979936

Sun, 21 Dec 2014 14:29:04 JPPCF.py[line:86]                            INFO Iter: 42	 Loss: 1305.49679984	 Delta: 6.39366784105

Sun, 21 Dec 2014 14:31:13 JPPCF.py[line:86]                            INFO Iter: 43	 Loss: 1300.25273828	 Delta: 5.24406155977

Sun, 21 Dec 2014 14:33:23 JPPCF.py[line:86]                            INFO Iter: 44	 Loss: 1295.91060519	 Delta: 4.34213308502

Sun, 21 Dec 2014 14:35:28 JPPCF.py[line:86]                            INFO Iter: 45	 Loss: 1293.07758526	 Delta: 2.83301993943

Sun, 21 Dec 2014 14:37:38 JPPCF.py[line:86]                            INFO Iter: 46	 Loss: 1291.15129681	 Delta: 1.92628844382

Sun, 21 Dec 2014 14:39:47 JPPCF.py[line:86]                            INFO Iter: 47	 Loss: 1289.34038655	 Delta: 1.81091026231

Sun, 21 Dec 2014 14:42:00 JPPCF.py[line:86]                            INFO Iter: 48	 Loss: 1287.39988626	 Delta: 1.94050028869

Sun, 21 Dec 2014 14:44:06 JPPCF.py[line:86]                            INFO Iter: 49	 Loss: 1285.6073401	 Delta: 1.79254616448

Sun, 21 Dec 2014 14:46:13 JPPCF.py[line:86]                            INFO Iter: 50	 Loss: 1284.04000876	 Delta: 1.56733133226

Sun, 21 Dec 2014 14:48:29 JPPCF.py[line:86]                            INFO Iter: 51	 Loss: 1282.20107564	 Delta: 1.83893312777

Sun, 21 Dec 2014 14:50:44 JPPCF.py[line:86]                            INFO Iter: 52	 Loss: 1279.37658535	 Delta: 2.82449028925

Sun, 21 Dec 2014 14:52:59 JPPCF.py[line:86]                            INFO Iter: 53	 Loss: 1276.55573851	 Delta: 2.82084683963

Sun, 21 Dec 2014 14:55:10 JPPCF.py[line:86]                            INFO Iter: 54	 Loss: 1274.86625114	 Delta: 1.68948736674

Sun, 21 Dec 2014 14:57:22 JPPCF.py[line:86]                            INFO Iter: 55	 Loss: 1273.39384442	 Delta: 1.47240671706

Sun, 21 Dec 2014 14:59:35 JPPCF.py[line:86]                            INFO Iter: 56	 Loss: 1270.90979499	 Delta: 2.48404943143

Sun, 21 Dec 2014 15:01:46 JPPCF.py[line:86]                            INFO Iter: 57	 Loss: 1269.38708483	 Delta: 1.52271016406

Sun, 21 Dec 2014 15:04:01 JPPCF.py[line:86]                            INFO Iter: 58	 Loss: 1267.81476411	 Delta: 1.57232071853

Sun, 21 Dec 2014 15:06:15 JPPCF.py[line:86]                            INFO Iter: 59	 Loss: 1265.69063144	 Delta: 2.12413266738

Sun, 21 Dec 2014 15:08:24 JPPCF.py[line:86]                            INFO Iter: 60	 Loss: 1263.67780359	 Delta: 2.01282784901

Sun, 21 Dec 2014 15:10:33 JPPCF.py[line:86]                            INFO Iter: 61	 Loss: 1262.51474501	 Delta: 1.16305857955

Sun, 21 Dec 2014 15:12:38 JPPCF.py[line:86]                            INFO Iter: 62	 Loss: 1261.40384938	 Delta: 1.11089563256

Sun, 21 Dec 2014 15:14:44 JPPCF.py[line:86]                            INFO Iter: 63	 Loss: 1259.41736148	 Delta: 1.98648790115

Sun, 21 Dec 2014 15:16:54 JPPCF.py[line:86]                            INFO Iter: 64	 Loss: 1257.34386927	 Delta: 2.07349220897

Sun, 21 Dec 2014 15:19:02 JPPCF.py[line:86]                            INFO Iter: 65	 Loss: 1256.51828712	 Delta: 0.825582146679

Sun, 21 Dec 2014 15:19:02 JPPCF.py[line:88]                            INFO JPPCF OK

Sun, 21 Dec 2014 15:19:07 demo_at_tsinghua_filter_by_10.py[line:128]                            INFO [ok]
computing t-model NMF decomposition...
Sun, 21 Dec 2014 15:19:18 nmf.py[line:109]                            INFO Iter: 1	 Loss: 2746.15197683	 Delta: 997253.848023

Sun, 21 Dec 2014 15:19:28 nmf.py[line:109]                            INFO Iter: 2	 Loss: 2667.4457645	 Delta: 78.7062123298

Sun, 21 Dec 2014 15:19:38 nmf.py[line:109]                            INFO Iter: 3	 Loss: 2463.23223005	 Delta: 204.213534447

Sun, 21 Dec 2014 15:19:48 nmf.py[line:109]                            INFO Iter: 4	 Loss: 2168.56801457	 Delta: 294.664215477

Sun, 21 Dec 2014 15:19:59 nmf.py[line:109]                            INFO Iter: 5	 Loss: 1866.43385366	 Delta: 302.13416091

Sun, 21 Dec 2014 15:20:09 nmf.py[line:109]                            INFO Iter: 6	 Loss: 1579.86502127	 Delta: 286.568832388

Sun, 21 Dec 2014 15:20:20 nmf.py[line:109]                            INFO Iter: 7	 Loss: 1364.625074	 Delta: 215.23994727

Sun, 21 Dec 2014 15:20:30 nmf.py[line:109]                            INFO Iter: 8	 Loss: 1220.27271751	 Delta: 144.352356491

Sun, 21 Dec 2014 15:20:41 nmf.py[line:109]                            INFO Iter: 9	 Loss: 1112.75022549	 Delta: 107.52249202

Sun, 21 Dec 2014 15:20:52 nmf.py[line:109]                            INFO Iter: 10	 Loss: 1026.86880244	 Delta: 85.8814230481

Sun, 21 Dec 2014 15:21:03 nmf.py[line:109]                            INFO Iter: 11	 Loss: 962.131529563	 Delta: 64.7372728812

Sun, 21 Dec 2014 15:21:14 nmf.py[line:109]                            INFO Iter: 12	 Loss: 904.530040008	 Delta: 57.601489555

Sun, 21 Dec 2014 15:21:26 nmf.py[line:109]                            INFO Iter: 13	 Loss: 849.707208103	 Delta: 54.8228319048

Sun, 21 Dec 2014 15:21:38 nmf.py[line:109]                            INFO Iter: 14	 Loss: 806.759686767	 Delta: 42.9475213363

Sun, 21 Dec 2014 15:21:49 nmf.py[line:109]                            INFO Iter: 15	 Loss: 775.256186178	 Delta: 31.5035005891

Sun, 21 Dec 2014 15:22:01 nmf.py[line:109]                            INFO Iter: 16	 Loss: 749.73964254	 Delta: 25.5165436377

Sun, 21 Dec 2014 15:22:13 nmf.py[line:109]                            INFO Iter: 17	 Loss: 730.926973434	 Delta: 18.8126691061

Sun, 21 Dec 2014 15:22:23 nmf.py[line:109]                            INFO Iter: 18	 Loss: 715.10311623	 Delta: 15.8238572037

Sun, 21 Dec 2014 15:22:35 nmf.py[line:109]                            INFO Iter: 19	 Loss: 701.537869333	 Delta: 13.5652468974

Sun, 21 Dec 2014 15:22:45 nmf.py[line:109]                            INFO Iter: 20	 Loss: 687.732179351	 Delta: 13.8056899823

Sun, 21 Dec 2014 15:22:57 nmf.py[line:109]                            INFO Iter: 21	 Loss: 678.159531399	 Delta: 9.57264795159

Sun, 21 Dec 2014 15:23:08 nmf.py[line:109]                            INFO Iter: 22	 Loss: 670.961399802	 Delta: 7.19813159658

Sun, 21 Dec 2014 15:23:19 nmf.py[line:109]                            INFO Iter: 23	 Loss: 664.501097023	 Delta: 6.46030277972

Sun, 21 Dec 2014 15:23:30 nmf.py[line:109]                            INFO Iter: 24	 Loss: 659.091058788	 Delta: 5.41003823513

Sun, 21 Dec 2014 15:23:41 nmf.py[line:109]                            INFO Iter: 25	 Loss: 653.91331631	 Delta: 5.17774247794

Sun, 21 Dec 2014 15:23:52 nmf.py[line:109]                            INFO Iter: 26	 Loss: 649.766751402	 Delta: 4.14656490767

Sun, 21 Dec 2014 15:24:03 nmf.py[line:109]                            INFO Iter: 27	 Loss: 646.065004165	 Delta: 3.7017472371

Sun, 21 Dec 2014 15:24:14 nmf.py[line:109]                            INFO Iter: 28	 Loss: 642.723572991	 Delta: 3.34143117376

Sun, 21 Dec 2014 15:24:25 nmf.py[line:109]                            INFO Iter: 29	 Loss: 639.509830987	 Delta: 3.21374200385

Sun, 21 Dec 2014 15:24:36 nmf.py[line:109]                            INFO Iter: 30	 Loss: 636.411806744	 Delta: 3.09802424345

Sun, 21 Dec 2014 15:24:47 nmf.py[line:109]                            INFO Iter: 31	 Loss: 633.852845509	 Delta: 2.55896123429

Sun, 21 Dec 2014 15:24:58 nmf.py[line:109]                            INFO Iter: 32	 Loss: 631.586310642	 Delta: 2.26653486755

Sun, 21 Dec 2014 15:25:08 nmf.py[line:109]                            INFO Iter: 33	 Loss: 629.569073446	 Delta: 2.01723719614

Sun, 21 Dec 2014 15:25:19 nmf.py[line:109]                            INFO Iter: 34	 Loss: 627.574324874	 Delta: 1.99474857176

Sun, 21 Dec 2014 15:25:29 nmf.py[line:109]                            INFO Iter: 35	 Loss: 625.823480611	 Delta: 1.75084426265

Sun, 21 Dec 2014 15:25:40 nmf.py[line:109]                            INFO Iter: 36	 Loss: 624.418138781	 Delta: 1.40534183056

Sun, 21 Dec 2014 15:25:51 nmf.py[line:109]                            INFO Iter: 37	 Loss: 622.925494928	 Delta: 1.49264385289

Sun, 21 Dec 2014 15:26:03 nmf.py[line:109]                            INFO Iter: 38	 Loss: 621.564641984	 Delta: 1.36085294429

Sun, 21 Dec 2014 15:26:13 nmf.py[line:109]                            INFO Iter: 39	 Loss: 620.558732201	 Delta: 1.00590978264

Sun, 21 Dec 2014 15:26:23 nmf.py[line:109]                            INFO Iter: 40	 Loss: 619.44920362	 Delta: 1.10952858134

Sun, 21 Dec 2014 15:26:34 nmf.py[line:109]                            INFO Iter: 41	 Loss: 618.465322185	 Delta: 0.983881434496

Sun, 21 Dec 2014 15:26:34 nmf.py[line:113]                            INFO NMF OK
Sun, 21 Dec 2014 15:26:37 demo_at_tsinghua_filter_by_10.py[line:134]                            INFO [ok]
computing fix_model NMF decomposition...
Sun, 21 Dec 2014 15:26:38 demo_at_tsinghua_filter_by_10.py[line:142]                            INFO non zero cell num: 4612
Sun, 21 Dec 2014 15:26:49 nmf.py[line:109]                            INFO Iter: 1	 Loss: 4625.00647032	 Delta: 995374.99353

Sun, 21 Dec 2014 15:26:59 nmf.py[line:109]                            INFO Iter: 2	 Loss: 4474.63366419	 Delta: 150.372806129

Sun, 21 Dec 2014 15:27:09 nmf.py[line:109]                            INFO Iter: 3	 Loss: 4214.04958038	 Delta: 260.584083809

Sun, 21 Dec 2014 15:27:19 nmf.py[line:109]                            INFO Iter: 4	 Loss: 3652.49605028	 Delta: 561.553530104

Sun, 21 Dec 2014 15:27:29 nmf.py[line:109]                            INFO Iter: 5	 Loss: 3063.16831458	 Delta: 589.327735696

Sun, 21 Dec 2014 15:27:39 nmf.py[line:109]                            INFO Iter: 6	 Loss: 2579.00650689	 Delta: 484.161807689

Sun, 21 Dec 2014 15:27:50 nmf.py[line:109]                            INFO Iter: 7	 Loss: 2229.04808438	 Delta: 349.958422513

Sun, 21 Dec 2014 15:28:01 nmf.py[line:109]                            INFO Iter: 8	 Loss: 1966.61020906	 Delta: 262.43787532

Sun, 21 Dec 2014 15:28:11 nmf.py[line:109]                            INFO Iter: 9	 Loss: 1776.56656626	 Delta: 190.043642802

Sun, 21 Dec 2014 15:28:22 nmf.py[line:109]                            INFO Iter: 10	 Loss: 1634.77157637	 Delta: 141.794989885

Sun, 21 Dec 2014 15:28:33 nmf.py[line:109]                            INFO Iter: 11	 Loss: 1522.28199102	 Delta: 112.489585352

Sun, 21 Dec 2014 15:28:45 nmf.py[line:109]                            INFO Iter: 12	 Loss: 1431.51689807	 Delta: 90.7650929487

Sun, 21 Dec 2014 15:28:57 nmf.py[line:109]                            INFO Iter: 13	 Loss: 1357.57899929	 Delta: 73.9378987771

Sun, 21 Dec 2014 15:29:09 nmf.py[line:109]                            INFO Iter: 14	 Loss: 1297.61020525	 Delta: 59.9687940417

Sun, 21 Dec 2014 15:29:22 nmf.py[line:109]                            INFO Iter: 15	 Loss: 1250.10627798	 Delta: 47.503927272

Sun, 21 Dec 2014 15:29:33 nmf.py[line:109]                            INFO Iter: 16	 Loss: 1213.37712239	 Delta: 36.7291555871

Sun, 21 Dec 2014 15:29:45 nmf.py[line:109]                            INFO Iter: 17	 Loss: 1184.65761587	 Delta: 28.719506528

Sun, 21 Dec 2014 15:29:57 nmf.py[line:109]                            INFO Iter: 18	 Loss: 1161.98826981	 Delta: 22.6693460512

Sun, 21 Dec 2014 15:30:09 nmf.py[line:109]                            INFO Iter: 19	 Loss: 1143.1828832	 Delta: 18.8053866099

Sun, 21 Dec 2014 15:30:21 nmf.py[line:109]                            INFO Iter: 20	 Loss: 1127.38046106	 Delta: 15.8024221486

Sun, 21 Dec 2014 15:30:33 nmf.py[line:109]                            INFO Iter: 21	 Loss: 1113.88506889	 Delta: 13.4953921607

Sun, 21 Dec 2014 15:30:46 nmf.py[line:109]                            INFO Iter: 22	 Loss: 1102.22493086	 Delta: 11.6601380314

Sun, 21 Dec 2014 15:30:58 nmf.py[line:109]                            INFO Iter: 23	 Loss: 1091.89500466	 Delta: 10.3299262036

Sun, 21 Dec 2014 15:31:10 nmf.py[line:109]                            INFO Iter: 24	 Loss: 1082.38710123	 Delta: 9.50790342512

Sun, 21 Dec 2014 15:31:22 nmf.py[line:109]                            INFO Iter: 25	 Loss: 1073.82992118	 Delta: 8.55718005304

Sun, 21 Dec 2014 15:31:34 nmf.py[line:109]                            INFO Iter: 26	 Loss: 1065.96817249	 Delta: 7.86174869479

Sun, 21 Dec 2014 15:31:46 nmf.py[line:109]                            INFO Iter: 27	 Loss: 1058.90009906	 Delta: 7.06807342946

Sun, 21 Dec 2014 15:31:56 nmf.py[line:109]                            INFO Iter: 28	 Loss: 1052.57688607	 Delta: 6.32321298676

Sun, 21 Dec 2014 15:32:07 nmf.py[line:109]                            INFO Iter: 29	 Loss: 1046.83505872	 Delta: 5.74182734921

Sun, 21 Dec 2014 15:32:18 nmf.py[line:109]                            INFO Iter: 30	 Loss: 1041.58336964	 Delta: 5.25168908587

Sun, 21 Dec 2014 15:32:30 nmf.py[line:109]                            INFO Iter: 31	 Loss: 1036.84100764	 Delta: 4.74236200014

Sun, 21 Dec 2014 15:32:41 nmf.py[line:109]                            INFO Iter: 32	 Loss: 1032.7735055	 Delta: 4.06750213811

Sun, 21 Dec 2014 15:32:53 nmf.py[line:109]                            INFO Iter: 33	 Loss: 1029.15301036	 Delta: 3.62049513286

Sun, 21 Dec 2014 15:33:04 nmf.py[line:109]                            INFO Iter: 34	 Loss: 1025.88368168	 Delta: 3.26932868231

Sun, 21 Dec 2014 15:33:15 nmf.py[line:109]                            INFO Iter: 35	 Loss: 1022.82826444	 Delta: 3.05541724636

Sun, 21 Dec 2014 15:33:27 nmf.py[line:109]                            INFO Iter: 36	 Loss: 1019.84453338	 Delta: 2.9837310602

Sun, 21 Dec 2014 15:33:38 nmf.py[line:109]                            INFO Iter: 37	 Loss: 1016.71832686	 Delta: 3.12620651892

Sun, 21 Dec 2014 15:33:49 nmf.py[line:109]                            INFO Iter: 38	 Loss: 1013.66874785	 Delta: 3.04957901122

Sun, 21 Dec 2014 15:33:59 nmf.py[line:109]                            INFO Iter: 39	 Loss: 1010.90493844	 Delta: 2.76380940491

Sun, 21 Dec 2014 15:34:09 nmf.py[line:109]                            INFO Iter: 40	 Loss: 1008.48414899	 Delta: 2.42078944597

Sun, 21 Dec 2014 15:34:21 nmf.py[line:109]                            INFO Iter: 41	 Loss: 1006.38556777	 Delta: 2.09858122864

Sun, 21 Dec 2014 15:34:33 nmf.py[line:109]                            INFO Iter: 42	 Loss: 1004.55609077	 Delta: 1.82947699136

Sun, 21 Dec 2014 15:34:45 nmf.py[line:109]                            INFO Iter: 43	 Loss: 1002.85848146	 Delta: 1.69760931177

Sun, 21 Dec 2014 15:34:56 nmf.py[line:109]                            INFO Iter: 44	 Loss: 1001.01750008	 Delta: 1.84098137805

Sun, 21 Dec 2014 15:35:07 nmf.py[line:109]                            INFO Iter: 45	 Loss: 999.479014497	 Delta: 1.53848558761

Sun, 21 Dec 2014 15:35:17 nmf.py[line:109]                            INFO Iter: 46	 Loss: 998.240245262	 Delta: 1.23876923545

Sun, 21 Dec 2014 15:35:29 nmf.py[line:109]                            INFO Iter: 47	 Loss: 997.199014704	 Delta: 1.04123055819

Sun, 21 Dec 2014 15:35:40 nmf.py[line:109]                            INFO Iter: 48	 Loss: 996.125252223	 Delta: 1.07376248066

Sun, 21 Dec 2014 15:35:51 nmf.py[line:109]                            INFO Iter: 49	 Loss: 994.925740495	 Delta: 1.19951172742

Sun, 21 Dec 2014 15:36:00 nmf.py[line:109]                            INFO Iter: 50	 Loss: 993.797235944	 Delta: 1.12850455145

Sun, 21 Dec 2014 15:36:10 nmf.py[line:109]                            INFO Iter: 51	 Loss: 992.641202827	 Delta: 1.15603311684

Sun, 21 Dec 2014 15:36:20 nmf.py[line:109]                            INFO Iter: 52	 Loss: 991.501172181	 Delta: 1.14003064563

Sun, 21 Dec 2014 15:36:31 nmf.py[line:109]                            INFO Iter: 53	 Loss: 990.442029172	 Delta: 1.05914300994

Sun, 21 Dec 2014 15:36:42 nmf.py[line:109]                            INFO Iter: 54	 Loss: 989.484661134	 Delta: 0.957368037343

Sun, 21 Dec 2014 15:36:42 nmf.py[line:113]                            INFO NMF OK
Sun, 21 Dec 2014 15:36:45 demo_at_tsinghua_filter_by_10.py[line:148]                            INFO [ok]

Sun, 21 Dec 2014 15:36:45 demo_at_tsinghua_filter_by_10.py[line:150]                            INFO 	 fold_id:0

Sun, 21 Dec 2014 15:36:45 demo_at_tsinghua_filter_by_10.py[line:152]                            INFO 	recall at 10:
Sun, 21 Dec 2014 15:37:24 demo_at_tsinghua_filter_by_10.py[line:177]                            INFO 		t-model NMF :  0.302602153495

Sun, 21 Dec 2014 15:37:24 demo_at_tsinghua_filter_by_10.py[line:178]                            INFO 		f-model NMF :  0.260646426505

Sun, 21 Dec 2014 15:37:24 demo_at_tsinghua_filter_by_10.py[line:179]                            INFO 		JPPCF :  0.296823966538

Sun, 21 Dec 2014 15:37:24 demo_at_tsinghua_filter_by_10.py[line:152]                            INFO 	recall at 50:
Sun, 21 Dec 2014 15:38:05 demo_at_tsinghua_filter_by_10.py[line:177]                            INFO 		t-model NMF :  0.482111357355

Sun, 21 Dec 2014 15:38:05 demo_at_tsinghua_filter_by_10.py[line:178]                            INFO 		f-model NMF :  0.489986220725

Sun, 21 Dec 2014 15:38:05 demo_at_tsinghua_filter_by_10.py[line:179]                            INFO 		JPPCF :  0.511851958357

Sun, 21 Dec 2014 15:38:05 demo_at_tsinghua_filter_by_10.py[line:152]                            INFO 	recall at 100:
Sun, 21 Dec 2014 15:38:45 demo_at_tsinghua_filter_by_10.py[line:177]                            INFO 		t-model NMF :  0.612196155855

Sun, 21 Dec 2014 15:38:45 demo_at_tsinghua_filter_by_10.py[line:178]                            INFO 		f-model NMF :  0.581626456342

Sun, 21 Dec 2014 15:38:45 demo_at_tsinghua_filter_by_10.py[line:179]                            INFO 		JPPCF :  0.632327640286

Sun, 21 Dec 2014 15:38:45 demo_at_tsinghua_filter_by_10.py[line:152]                            INFO 	recall at 300:
Sun, 21 Dec 2014 15:39:29 demo_at_tsinghua_filter_by_10.py[line:177]                            INFO 		t-model NMF :  0.803078966272

Sun, 21 Dec 2014 15:39:29 demo_at_tsinghua_filter_by_10.py[line:178]                            INFO 		f-model NMF :  0.812406684178

Sun, 21 Dec 2014 15:39:29 demo_at_tsinghua_filter_by_10.py[line:179]                            INFO 		JPPCF :  0.769710377599

Sun, 21 Dec 2014 15:39:29 demo_at_tsinghua_filter_by_10.py[line:152]                            INFO 	recall at 500:
Sun, 21 Dec 2014 15:40:10 demo_at_tsinghua_filter_by_10.py[line:177]                            INFO 		t-model NMF :  0.867183008917

Sun, 21 Dec 2014 15:40:10 demo_at_tsinghua_filter_by_10.py[line:178]                            INFO 		f-model NMF :  0.891535414762

Sun, 21 Dec 2014 15:40:10 demo_at_tsinghua_filter_by_10.py[line:179]                            INFO 		JPPCF :  0.84567005051

Sun, 21 Dec 2014 15:40:10 demo_at_tsinghua_filter_by_10.py[line:152]                            INFO 	recall at 1000:
Sun, 21 Dec 2014 15:40:52 demo_at_tsinghua_filter_by_10.py[line:177]                            INFO 		t-model NMF :  0.916299559471

Sun, 21 Dec 2014 15:40:52 demo_at_tsinghua_filter_by_10.py[line:178]                            INFO 		f-model NMF :  0.96328928047

Sun, 21 Dec 2014 15:40:52 demo_at_tsinghua_filter_by_10.py[line:179]                            INFO 		JPPCF :  0.932074680092

Sun, 21 Dec 2014 15:40:52 demo_at_tsinghua_filter_by_10.py[line:181]                            INFO current_time_step: 3

Sun, 21 Dec 2014 15:40:52 demo_at_tsinghua_filter_by_10.py[line:184]                            INFO 	recall at 10:
Sun, 21 Dec 2014 15:40:52 demo_at_tsinghua_filter_by_10.py[line:188]                            INFO 		avg t-model NMF :  0.302602153495

Sun, 21 Dec 2014 15:40:52 demo_at_tsinghua_filter_by_10.py[line:189]                            INFO 		avg f-model NMF :  0.260646426505

Sun, 21 Dec 2014 15:40:52 demo_at_tsinghua_filter_by_10.py[line:190]                            INFO 		avg JPPCF :  0.296823966538

Sun, 21 Dec 2014 15:40:52 demo_at_tsinghua_filter_by_10.py[line:184]                            INFO 	recall at 50:
Sun, 21 Dec 2014 15:40:52 demo_at_tsinghua_filter_by_10.py[line:188]                            INFO 		avg t-model NMF :  0.482111357355

Sun, 21 Dec 2014 15:40:52 demo_at_tsinghua_filter_by_10.py[line:189]                            INFO 		avg f-model NMF :  0.489986220725

Sun, 21 Dec 2014 15:40:52 demo_at_tsinghua_filter_by_10.py[line:190]                            INFO 		avg JPPCF :  0.511851958357

Sun, 21 Dec 2014 15:40:52 demo_at_tsinghua_filter_by_10.py[line:184]                            INFO 	recall at 100:
Sun, 21 Dec 2014 15:40:52 demo_at_tsinghua_filter_by_10.py[line:188]                            INFO 		avg t-model NMF :  0.612196155855

Sun, 21 Dec 2014 15:40:52 demo_at_tsinghua_filter_by_10.py[line:189]                            INFO 		avg f-model NMF :  0.581626456342

Sun, 21 Dec 2014 15:40:52 demo_at_tsinghua_filter_by_10.py[line:190]                            INFO 		avg JPPCF :  0.632327640286

Sun, 21 Dec 2014 15:40:52 demo_at_tsinghua_filter_by_10.py[line:184]                            INFO 	recall at 300:
Sun, 21 Dec 2014 15:40:52 demo_at_tsinghua_filter_by_10.py[line:188]                            INFO 		avg t-model NMF :  0.803078966272

Sun, 21 Dec 2014 15:40:52 demo_at_tsinghua_filter_by_10.py[line:189]                            INFO 		avg f-model NMF :  0.812406684178

Sun, 21 Dec 2014 15:40:52 demo_at_tsinghua_filter_by_10.py[line:190]                            INFO 		avg JPPCF :  0.769710377599

Sun, 21 Dec 2014 15:40:52 demo_at_tsinghua_filter_by_10.py[line:184]                            INFO 	recall at 500:
Sun, 21 Dec 2014 15:40:52 demo_at_tsinghua_filter_by_10.py[line:188]                            INFO 		avg t-model NMF :  0.867183008917

Sun, 21 Dec 2014 15:40:52 demo_at_tsinghua_filter_by_10.py[line:189]                            INFO 		avg f-model NMF :  0.891535414762

Sun, 21 Dec 2014 15:40:52 demo_at_tsinghua_filter_by_10.py[line:190]                            INFO 		avg JPPCF :  0.84567005051

Sun, 21 Dec 2014 15:40:52 demo_at_tsinghua_filter_by_10.py[line:184]                            INFO 	recall at 1000:
Sun, 21 Dec 2014 15:40:52 demo_at_tsinghua_filter_by_10.py[line:188]                            INFO 		avg t-model NMF :  0.916299559471

Sun, 21 Dec 2014 15:40:52 demo_at_tsinghua_filter_by_10.py[line:189]                            INFO 		avg f-model NMF :  0.96328928047

Sun, 21 Dec 2014 15:40:52 demo_at_tsinghua_filter_by_10.py[line:190]                            INFO 		avg JPPCF :  0.932074680092

Sun, 21 Dec 2014 15:40:52 demo_at_tsinghua_filter_by_10.py[line:204]                            INFO =========================

Sun, 21 Dec 2014 15:40:52 demo_at_tsinghua_filter_by_10.py[line:102]                            INFO 
=========================

Sun, 21 Dec 2014 15:40:52 demo_at_tsinghua_filter_by_10.py[line:103]                            INFO time_step number %i:	4
Sun, 21 Dec 2014 15:40:52 demo_at_tsinghua_filter_by_10.py[line:104]                            INFO ----------------

Sun, 21 Dec 2014 15:40:53 demo_at_tsinghua_filter_by_10.py[line:119]                            INFO non zero cell num: 2707
Sun, 21 Dec 2014 15:40:53 demo_at_tsinghua_filter_by_10.py[line:122]                            INFO computing JPP decomposition...
Sun, 21 Dec 2014 15:42:58 JPPCF.py[line:86]                            INFO Iter: 1	 Loss: 5580.56123356	 Delta: 994419.438766

Sun, 21 Dec 2014 15:45:04 JPPCF.py[line:86]                            INFO Iter: 2	 Loss: 5555.84520858	 Delta: 24.7160249822

Sun, 21 Dec 2014 15:47:12 JPPCF.py[line:86]                            INFO Iter: 3	 Loss: 4263.48707787	 Delta: 1292.35813071

