Sun, 21 Dec 2014 10:56:40 demo_at_tsinghua_filter_by_10.py[line:82]                            INFO user num: 3431

Sun, 21 Dec 2014 10:56:40 demo_at_tsinghua_filter_by_10.py[line:83]                            INFO doc num: 7710

Sun, 21 Dec 2014 10:56:40 demo_at_tsinghua_filter_by_10.py[line:84]                            INFO time step num: 20

Sun, 21 Dec 2014 10:56:41 demo_at_tsinghua_filter_by_10.py[line:91]                            INFO non zero cell num: 1338
Sun, 21 Dec 2014 10:56:41 demo_at_tsinghua_filter_by_10.py[line:92]                            INFO start nmf:

Sun, 21 Dec 2014 10:57:00 nmf.py[line:109]                            INFO Iter: 1	 Loss: 1341.75916471	 Delta: 998658.240835

Sun, 21 Dec 2014 10:57:18 nmf.py[line:109]                            INFO Iter: 2	 Loss: 1239.20510589	 Delta: 102.554058827

Sun, 21 Dec 2014 10:57:36 nmf.py[line:109]                            INFO Iter: 3	 Loss: 1107.13032411	 Delta: 132.07478178

Sun, 21 Dec 2014 10:57:53 nmf.py[line:109]                            INFO Iter: 4	 Loss: 893.031933156	 Delta: 214.09839095

Sun, 21 Dec 2014 10:58:12 nmf.py[line:109]                            INFO Iter: 5	 Loss: 705.247171464	 Delta: 187.784761692

Sun, 21 Dec 2014 10:58:30 nmf.py[line:109]                            INFO Iter: 6	 Loss: 533.187889939	 Delta: 172.059281525

Sun, 21 Dec 2014 10:58:49 nmf.py[line:109]                            INFO Iter: 7	 Loss: 424.140312677	 Delta: 109.047577263

Sun, 21 Dec 2014 10:59:07 nmf.py[line:109]                            INFO Iter: 8	 Loss: 351.079718464	 Delta: 73.0605942123

Sun, 21 Dec 2014 10:59:26 nmf.py[line:109]                            INFO Iter: 9	 Loss: 300.225402719	 Delta: 50.8543157454

Sun, 21 Dec 2014 10:59:45 nmf.py[line:109]                            INFO Iter: 10	 Loss: 263.05774979	 Delta: 37.1676529285

Sun, 21 Dec 2014 11:00:02 nmf.py[line:109]                            INFO Iter: 11	 Loss: 232.895382596	 Delta: 30.1623671944

Sun, 21 Dec 2014 11:00:18 nmf.py[line:109]                            INFO Iter: 12	 Loss: 208.788525606	 Delta: 24.1068569901

Sun, 21 Dec 2014 11:00:36 nmf.py[line:109]                            INFO Iter: 13	 Loss: 192.129442554	 Delta: 16.6590830518

Sun, 21 Dec 2014 11:00:55 nmf.py[line:109]                            INFO Iter: 14	 Loss: 180.028733178	 Delta: 12.100709376

Sun, 21 Dec 2014 11:01:13 nmf.py[line:109]                            INFO Iter: 15	 Loss: 168.66142537	 Delta: 11.3673078078

Sun, 21 Dec 2014 11:01:33 nmf.py[line:109]                            INFO Iter: 16	 Loss: 158.574593294	 Delta: 10.0868320763

Sun, 21 Dec 2014 11:01:53 nmf.py[line:109]                            INFO Iter: 17	 Loss: 150.999896601	 Delta: 7.57469669272

Sun, 21 Dec 2014 11:02:12 nmf.py[line:109]                            INFO Iter: 18	 Loss: 145.964181323	 Delta: 5.0357152779

Sun, 21 Dec 2014 11:02:32 nmf.py[line:109]                            INFO Iter: 19	 Loss: 142.886861134	 Delta: 3.07732018927

Sun, 21 Dec 2014 11:02:53 nmf.py[line:109]                            INFO Iter: 20	 Loss: 136.135810849	 Delta: 6.75105028476

Sun, 21 Dec 2014 11:03:11 nmf.py[line:109]                            INFO Iter: 21	 Loss: 131.353049053	 Delta: 4.78276179623

Sun, 21 Dec 2014 11:03:30 nmf.py[line:109]                            INFO Iter: 22	 Loss: 129.360827491	 Delta: 1.9922215617

Sun, 21 Dec 2014 11:03:48 nmf.py[line:109]                            INFO Iter: 23	 Loss: 127.900442203	 Delta: 1.46038528814

Sun, 21 Dec 2014 11:04:06 nmf.py[line:109]                            INFO Iter: 24	 Loss: 126.682936293	 Delta: 1.21750591002

Sun, 21 Dec 2014 11:04:25 nmf.py[line:109]                            INFO Iter: 25	 Loss: 125.499985313	 Delta: 1.18295098035

Sun, 21 Dec 2014 11:04:45 nmf.py[line:109]                            INFO Iter: 26	 Loss: 124.450334368	 Delta: 1.04965094447

Sun, 21 Dec 2014 11:05:02 nmf.py[line:109]                            INFO Iter: 27	 Loss: 123.463812195	 Delta: 0.98652217331

Sun, 21 Dec 2014 11:05:02 nmf.py[line:113]                            INFO NMF OK
Sun, 21 Dec 2014 11:05:02 demo_at_tsinghua_filter_by_10.py[line:102]                            INFO 
=========================

Sun, 21 Dec 2014 11:05:02 demo_at_tsinghua_filter_by_10.py[line:103]                            INFO time_step number %i:	2
Sun, 21 Dec 2014 11:05:02 demo_at_tsinghua_filter_by_10.py[line:104]                            INFO ----------------

Sun, 21 Dec 2014 11:05:03 demo_at_tsinghua_filter_by_10.py[line:119]                            INFO non zero cell num: 1665
Sun, 21 Dec 2014 11:05:03 demo_at_tsinghua_filter_by_10.py[line:122]                            INFO computing JPP decomposition...
Sun, 21 Dec 2014 11:08:32 JPPCF.py[line:86]                            INFO Iter: 1	 Loss: 3510.64637358	 Delta: 996489.353626

Sun, 21 Dec 2014 11:11:52 JPPCF.py[line:86]                            INFO Iter: 2	 Loss: 3491.77724827	 Delta: 18.8691253075

Sun, 21 Dec 2014 11:15:16 JPPCF.py[line:86]                            INFO Iter: 3	 Loss: 2988.73350821	 Delta: 503.043740061

Sun, 21 Dec 2014 11:18:45 JPPCF.py[line:86]                            INFO Iter: 4	 Loss: 2558.03511655	 Delta: 430.698391658

Sun, 21 Dec 2014 11:22:01 JPPCF.py[line:86]                            INFO Iter: 5	 Loss: 2212.75883703	 Delta: 345.276279521

Sun, 21 Dec 2014 11:25:23 JPPCF.py[line:86]                            INFO Iter: 6	 Loss: 1950.28475712	 Delta: 262.474079914

Sun, 21 Dec 2014 11:28:34 JPPCF.py[line:86]                            INFO Iter: 7	 Loss: 1710.89670006	 Delta: 239.388057056

Sun, 21 Dec 2014 11:32:07 JPPCF.py[line:86]                            INFO Iter: 8	 Loss: 1541.47246827	 Delta: 169.424231792

Sun, 21 Dec 2014 11:35:30 JPPCF.py[line:86]                            INFO Iter: 9	 Loss: 1430.85391755	 Delta: 110.618550715

Sun, 21 Dec 2014 11:38:44 JPPCF.py[line:86]                            INFO Iter: 10	 Loss: 1352.28162991	 Delta: 78.5722876376

Sun, 21 Dec 2014 11:41:44 JPPCF.py[line:86]                            INFO Iter: 11	 Loss: 1295.76256053	 Delta: 56.5190693869

Sun, 21 Dec 2014 11:44:57 JPPCF.py[line:86]                            INFO Iter: 12	 Loss: 1259.68740911	 Delta: 36.0751514136

Sun, 21 Dec 2014 11:47:47 JPPCF.py[line:86]                            INFO Iter: 13	 Loss: 1223.49044826	 Delta: 36.1969608531

Sun, 21 Dec 2014 11:50:33 JPPCF.py[line:86]                            INFO Iter: 14	 Loss: 1191.52573737	 Delta: 31.9647108865

Sun, 21 Dec 2014 11:53:26 JPPCF.py[line:86]                            INFO Iter: 15	 Loss: 1167.1141576	 Delta: 24.4115797782

Sun, 21 Dec 2014 11:56:35 JPPCF.py[line:86]                            INFO Iter: 16	 Loss: 1147.76772793	 Delta: 19.3464296699

Sun, 21 Dec 2014 11:59:30 JPPCF.py[line:86]                            INFO Iter: 17	 Loss: 1128.57461377	 Delta: 19.1931141585

Sun, 21 Dec 2014 12:02:15 JPPCF.py[line:86]                            INFO Iter: 18	 Loss: 1112.93192	 Delta: 15.6426937631

Sun, 21 Dec 2014 12:04:55 JPPCF.py[line:86]                            INFO Iter: 19	 Loss: 1102.50561701	 Delta: 10.4263029905

Sun, 21 Dec 2014 12:07:38 JPPCF.py[line:86]                            INFO Iter: 20	 Loss: 1094.33686937	 Delta: 8.16874764103

Sun, 21 Dec 2014 12:10:42 JPPCF.py[line:86]                            INFO Iter: 21	 Loss: 1086.23340159	 Delta: 8.10346778648

Sun, 21 Dec 2014 12:13:32 JPPCF.py[line:86]                            INFO Iter: 22	 Loss: 1077.48385703	 Delta: 8.74954455866

Sun, 21 Dec 2014 12:16:29 JPPCF.py[line:86]                            INFO Iter: 23	 Loss: 1068.15309642	 Delta: 9.33076060778

Sun, 21 Dec 2014 12:19:17 JPPCF.py[line:86]                            INFO Iter: 24	 Loss: 1055.28803396	 Delta: 12.8650624573

Sun, 21 Dec 2014 12:22:04 JPPCF.py[line:86]                            INFO Iter: 25	 Loss: 1041.61619751	 Delta: 13.6718364553

Sun, 21 Dec 2014 12:25:06 JPPCF.py[line:86]                            INFO Iter: 26	 Loss: 1035.80000582	 Delta: 5.81619168857

Sun, 21 Dec 2014 12:27:50 JPPCF.py[line:86]                            INFO Iter: 27	 Loss: 1031.04630451	 Delta: 4.75370131108

Sun, 21 Dec 2014 12:30:32 JPPCF.py[line:86]                            INFO Iter: 28	 Loss: 1026.821172	 Delta: 4.22513250361

Sun, 21 Dec 2014 12:33:08 JPPCF.py[line:86]                            INFO Iter: 29	 Loss: 1022.21003067	 Delta: 4.61114133248

Sun, 21 Dec 2014 12:36:05 JPPCF.py[line:86]                            INFO Iter: 30	 Loss: 1017.82755945	 Delta: 4.38247121701

Sun, 21 Dec 2014 12:38:55 JPPCF.py[line:86]                            INFO Iter: 31	 Loss: 1013.36015126	 Delta: 4.46740819849

Sun, 21 Dec 2014 12:41:28 JPPCF.py[line:86]                            INFO Iter: 32	 Loss: 1009.15937078	 Delta: 4.20078047174

Sun, 21 Dec 2014 12:44:01 JPPCF.py[line:86]                            INFO Iter: 33	 Loss: 1003.9356957	 Delta: 5.22367508195

Sun, 21 Dec 2014 12:46:27 JPPCF.py[line:86]                            INFO Iter: 34	 Loss: 998.847364597	 Delta: 5.08833110593

Sun, 21 Dec 2014 12:48:50 JPPCF.py[line:86]                            INFO Iter: 35	 Loss: 994.228189717	 Delta: 4.61917487979

Sun, 21 Dec 2014 12:50:59 JPPCF.py[line:86]                            INFO Iter: 36	 Loss: 989.24988454	 Delta: 4.97830517722

Sun, 21 Dec 2014 12:53:08 JPPCF.py[line:86]                            INFO Iter: 37	 Loss: 985.75307667	 Delta: 3.49680786961

Sun, 21 Dec 2014 12:55:19 JPPCF.py[line:86]                            INFO Iter: 38	 Loss: 982.536137595	 Delta: 3.21693907488

Sun, 21 Dec 2014 12:57:30 JPPCF.py[line:86]                            INFO Iter: 39	 Loss: 979.259319832	 Delta: 3.27681776364

Sun, 21 Dec 2014 12:59:41 JPPCF.py[line:86]                            INFO Iter: 40	 Loss: 976.338121632	 Delta: 2.92119819972

Sun, 21 Dec 2014 13:01:50 JPPCF.py[line:86]                            INFO Iter: 41	 Loss: 973.099308085	 Delta: 3.238813547

Sun, 21 Dec 2014 13:03:58 JPPCF.py[line:86]                            INFO Iter: 42	 Loss: 969.645755473	 Delta: 3.45355261225

Sun, 21 Dec 2014 13:06:13 JPPCF.py[line:86]                            INFO Iter: 43	 Loss: 966.137258859	 Delta: 3.5084966133

Sun, 21 Dec 2014 13:08:20 JPPCF.py[line:86]                            INFO Iter: 44	 Loss: 962.000319079	 Delta: 4.13693978052

Sun, 21 Dec 2014 13:10:33 JPPCF.py[line:86]                            INFO Iter: 45	 Loss: 958.17944806	 Delta: 3.82087101924

Sun, 21 Dec 2014 13:12:44 JPPCF.py[line:86]                            INFO Iter: 46	 Loss: 953.217220159	 Delta: 4.96222790041

Sun, 21 Dec 2014 13:14:55 JPPCF.py[line:86]                            INFO Iter: 47	 Loss: 946.590070494	 Delta: 6.62714966509

Sun, 21 Dec 2014 13:17:05 JPPCF.py[line:86]                            INFO Iter: 48	 Loss: 936.528210787	 Delta: 10.0618597068

Sun, 21 Dec 2014 13:19:14 JPPCF.py[line:86]                            INFO Iter: 49	 Loss: 934.406017287	 Delta: 2.12219349994

Sun, 21 Dec 2014 13:21:20 JPPCF.py[line:86]                            INFO Iter: 50	 Loss: 933.218121638	 Delta: 1.18789564985

Sun, 21 Dec 2014 13:23:24 JPPCF.py[line:86]                            INFO Iter: 51	 Loss: 930.926770071	 Delta: 2.29135156677

Sun, 21 Dec 2014 13:25:30 JPPCF.py[line:86]                            INFO Iter: 52	 Loss: 926.215694618	 Delta: 4.71107545246

Sun, 21 Dec 2014 13:27:34 JPPCF.py[line:86]                            INFO Iter: 53	 Loss: 923.580853275	 Delta: 2.63484134375

Sun, 21 Dec 2014 13:29:38 JPPCF.py[line:86]                            INFO Iter: 54	 Loss: 921.52841524	 Delta: 2.05243803429

Sun, 21 Dec 2014 13:31:45 JPPCF.py[line:86]                            INFO Iter: 55	 Loss: 919.167641608	 Delta: 2.36077363238

Sun, 21 Dec 2014 13:33:55 JPPCF.py[line:86]                            INFO Iter: 56	 Loss: 916.513525878	 Delta: 2.65411573035

Sun, 21 Dec 2014 13:36:07 JPPCF.py[line:86]                            INFO Iter: 57	 Loss: 913.900417157	 Delta: 2.61310872081

Sun, 21 Dec 2014 13:38:16 JPPCF.py[line:86]                            INFO Iter: 58	 Loss: 909.936588459	 Delta: 3.96382869808

Sun, 21 Dec 2014 13:40:26 JPPCF.py[line:86]                            INFO Iter: 59	 Loss: 905.777499383	 Delta: 4.15908907596

Sun, 21 Dec 2014 13:42:30 JPPCF.py[line:86]                            INFO Iter: 60	 Loss: 902.228294182	 Delta: 3.54920520072

Sun, 21 Dec 2014 13:44:37 JPPCF.py[line:86]                            INFO Iter: 61	 Loss: 899.721046721	 Delta: 2.5072474613

Sun, 21 Dec 2014 13:46:45 JPPCF.py[line:86]                            INFO Iter: 62	 Loss: 896.919154002	 Delta: 2.80189271905

Sun, 21 Dec 2014 13:48:52 JPPCF.py[line:86]                            INFO Iter: 63	 Loss: 893.686147497	 Delta: 3.23300650415

Sun, 21 Dec 2014 13:50:58 JPPCF.py[line:86]                            INFO Iter: 64	 Loss: 890.652114003	 Delta: 3.03403349431

Sun, 21 Dec 2014 13:53:06 JPPCF.py[line:86]                            INFO Iter: 65	 Loss: 887.974240808	 Delta: 2.67787319524

Sun, 21 Dec 2014 13:55:18 JPPCF.py[line:86]                            INFO Iter: 66	 Loss: 885.452185674	 Delta: 2.52205513371

Sun, 21 Dec 2014 13:57:25 JPPCF.py[line:86]                            INFO Iter: 67	 Loss: 882.560435691	 Delta: 2.89174998364

Sun, 21 Dec 2014 13:59:31 JPPCF.py[line:86]                            INFO Iter: 68	 Loss: 879.383516947	 Delta: 3.17691874364

Sun, 21 Dec 2014 14:01:38 JPPCF.py[line:86]                            INFO Iter: 69	 Loss: 875.742950858	 Delta: 3.64056608906

Sun, 21 Dec 2014 14:01:38 JPPCF.py[line:88]                            INFO JPPCF OK

Sun, 21 Dec 2014 14:01:41 demo_at_tsinghua_filter_by_10.py[line:128]                            INFO [ok]
computing t-model NMF decomposition...
Sun, 21 Dec 2014 14:01:51 nmf.py[line:109]                            INFO Iter: 1	 Loss: 1668.08380499	 Delta: 998331.916195

Sun, 21 Dec 2014 14:02:01 nmf.py[line:109]                            INFO Iter: 2	 Loss: 1652.26114694	 Delta: 15.8226580508

Sun, 21 Dec 2014 14:02:11 nmf.py[line:109]                            INFO Iter: 3	 Loss: 1540.6839528	 Delta: 111.577194139

Sun, 21 Dec 2014 14:02:21 nmf.py[line:109]                            INFO Iter: 4	 Loss: 1282.15886152	 Delta: 258.525091284

Sun, 21 Dec 2014 14:02:30 nmf.py[line:109]                            INFO Iter: 5	 Loss: 1018.48429673	 Delta: 263.674564783

Sun, 21 Dec 2014 14:02:41 nmf.py[line:109]                            INFO Iter: 6	 Loss: 822.71018456	 Delta: 195.774112172

Sun, 21 Dec 2014 14:02:52 nmf.py[line:109]                            INFO Iter: 7	 Loss: 733.617590265	 Delta: 89.0925942948

Sun, 21 Dec 2014 14:03:02 nmf.py[line:109]                            INFO Iter: 8	 Loss: 655.699407841	 Delta: 77.9181824243

Sun, 21 Dec 2014 14:03:12 nmf.py[line:109]                            INFO Iter: 9	 Loss: 595.704929551	 Delta: 59.9944782906

Sun, 21 Dec 2014 14:03:23 nmf.py[line:109]                            INFO Iter: 10	 Loss: 549.408289321	 Delta: 46.2966402296

Sun, 21 Dec 2014 14:03:34 nmf.py[line:109]                            INFO Iter: 11	 Loss: 506.857105888	 Delta: 42.5511834332

Sun, 21 Dec 2014 14:03:45 nmf.py[line:109]                            INFO Iter: 12	 Loss: 467.251509909	 Delta: 39.6055959787

Sun, 21 Dec 2014 14:03:55 nmf.py[line:109]                            INFO Iter: 13	 Loss: 441.344724442	 Delta: 25.9067854669

Sun, 21 Dec 2014 14:04:06 nmf.py[line:109]                            INFO Iter: 14	 Loss: 422.558638496	 Delta: 18.7860859461

Sun, 21 Dec 2014 14:04:18 nmf.py[line:109]                            INFO Iter: 15	 Loss: 406.577153295	 Delta: 15.9814852013

Sun, 21 Dec 2014 14:04:29 nmf.py[line:109]                            INFO Iter: 16	 Loss: 394.326030139	 Delta: 12.2511231557

Sun, 21 Dec 2014 14:04:39 nmf.py[line:109]                            INFO Iter: 17	 Loss: 385.094276879	 Delta: 9.23175326028

Sun, 21 Dec 2014 14:04:50 nmf.py[line:109]                            INFO Iter: 18	 Loss: 375.353600576	 Delta: 9.74067630287

Sun, 21 Dec 2014 14:05:00 nmf.py[line:109]                            INFO Iter: 19	 Loss: 368.506915691	 Delta: 6.84668488457

Sun, 21 Dec 2014 14:05:11 nmf.py[line:109]                            INFO Iter: 20	 Loss: 362.595902575	 Delta: 5.911013116

Sun, 21 Dec 2014 14:05:22 nmf.py[line:109]                            INFO Iter: 21	 Loss: 356.569161693	 Delta: 6.02674088206

Sun, 21 Dec 2014 14:05:33 nmf.py[line:109]                            INFO Iter: 22	 Loss: 351.041607845	 Delta: 5.52755384806

Sun, 21 Dec 2014 14:05:44 nmf.py[line:109]                            INFO Iter: 23	 Loss: 347.343821609	 Delta: 3.69778623622

Sun, 21 Dec 2014 14:05:55 nmf.py[line:109]                            INFO Iter: 24	 Loss: 344.250708336	 Delta: 3.09311327331

Sun, 21 Dec 2014 14:06:06 nmf.py[line:109]                            INFO Iter: 25	 Loss: 341.712016116	 Delta: 2.53869221937

Sun, 21 Dec 2014 14:06:18 nmf.py[line:109]                            INFO Iter: 26	 Loss: 339.424668755	 Delta: 2.28734736116

Sun, 21 Dec 2014 14:06:29 nmf.py[line:109]                            INFO Iter: 27	 Loss: 336.926186952	 Delta: 2.49848180322

Sun, 21 Dec 2014 14:06:40 nmf.py[line:109]                            INFO Iter: 28	 Loss: 334.407764662	 Delta: 2.51842229006

Sun, 21 Dec 2014 14:06:51 nmf.py[line:109]                            INFO Iter: 29	 Loss: 331.962858545	 Delta: 2.44490611692

Sun, 21 Dec 2014 14:07:02 nmf.py[line:109]                            INFO Iter: 30	 Loss: 329.735700725	 Delta: 2.22715781967

Sun, 21 Dec 2014 14:07:13 nmf.py[line:109]                            INFO Iter: 31	 Loss: 327.88175469	 Delta: 1.85394603555

Sun, 21 Dec 2014 14:07:25 nmf.py[line:109]                            INFO Iter: 32	 Loss: 326.26828047	 Delta: 1.61347421942

Sun, 21 Dec 2014 14:07:35 nmf.py[line:109]                            INFO Iter: 33	 Loss: 324.748959503	 Delta: 1.51932096726

Sun, 21 Dec 2014 14:07:46 nmf.py[line:109]                            INFO Iter: 34	 Loss: 323.333700303	 Delta: 1.41525919991

Sun, 21 Dec 2014 14:07:57 nmf.py[line:109]                            INFO Iter: 35	 Loss: 321.973219182	 Delta: 1.36048112089

Sun, 21 Dec 2014 14:08:08 nmf.py[line:109]                            INFO Iter: 36	 Loss: 320.915228859	 Delta: 1.05799032288

Sun, 21 Dec 2014 14:08:19 nmf.py[line:109]                            INFO Iter: 37	 Loss: 319.984122948	 Delta: 0.931105911056

Sun, 21 Dec 2014 14:08:19 nmf.py[line:113]                            INFO NMF OK
Sun, 21 Dec 2014 14:08:23 demo_at_tsinghua_filter_by_10.py[line:134]                            INFO [ok]
computing fix_model NMF decomposition...
Sun, 21 Dec 2014 14:08:24 demo_at_tsinghua_filter_by_10.py[line:142]                            INFO non zero cell num: 1665
Sun, 21 Dec 2014 14:08:36 nmf.py[line:109]                            INFO Iter: 1	 Loss: 1668.08167224	 Delta: 998331.918328

Sun, 21 Dec 2014 14:08:46 nmf.py[line:109]                            INFO Iter: 2	 Loss: 1651.47386247	 Delta: 16.6078097707

Sun, 21 Dec 2014 14:08:57 nmf.py[line:109]                            INFO Iter: 3	 Loss: 1533.60389138	 Delta: 117.869971091

Sun, 21 Dec 2014 14:09:07 nmf.py[line:109]                            INFO Iter: 4	 Loss: 1227.77657161	 Delta: 305.827319763

Sun, 21 Dec 2014 14:09:17 nmf.py[line:109]                            INFO Iter: 5	 Loss: 997.806252896	 Delta: 229.970318719

Sun, 21 Dec 2014 14:09:27 nmf.py[line:109]                            INFO Iter: 6	 Loss: 854.387568606	 Delta: 143.418684289

Sun, 21 Dec 2014 14:09:38 nmf.py[line:109]                            INFO Iter: 7	 Loss: 747.039826942	 Delta: 107.347741664

Sun, 21 Dec 2014 14:09:50 nmf.py[line:109]                            INFO Iter: 8	 Loss: 669.459231685	 Delta: 77.5805952573

Sun, 21 Dec 2014 14:10:00 nmf.py[line:109]                            INFO Iter: 9	 Loss: 613.055729158	 Delta: 56.4035025272

Sun, 21 Dec 2014 14:10:12 nmf.py[line:109]                            INFO Iter: 10	 Loss: 565.210212845	 Delta: 47.8455163128

Sun, 21 Dec 2014 14:10:23 nmf.py[line:109]                            INFO Iter: 11	 Loss: 516.502506683	 Delta: 48.7077061623

Sun, 21 Dec 2014 14:10:35 nmf.py[line:109]                            INFO Iter: 12	 Loss: 475.791752593	 Delta: 40.7107540902

Sun, 21 Dec 2014 14:10:47 nmf.py[line:109]                            INFO Iter: 13	 Loss: 448.238361336	 Delta: 27.5533912563

Sun, 21 Dec 2014 14:10:58 nmf.py[line:109]                            INFO Iter: 14	 Loss: 426.834823677	 Delta: 21.403537659

Sun, 21 Dec 2014 14:11:09 nmf.py[line:109]                            INFO Iter: 15	 Loss: 409.300153562	 Delta: 17.5346701151

Sun, 21 Dec 2014 14:11:21 nmf.py[line:109]                            INFO Iter: 16	 Loss: 392.682583539	 Delta: 16.6175700232

Sun, 21 Dec 2014 14:11:32 nmf.py[line:109]                            INFO Iter: 17	 Loss: 381.199803284	 Delta: 11.482780255

Sun, 21 Dec 2014 14:11:43 nmf.py[line:109]                            INFO Iter: 18	 Loss: 372.43001004	 Delta: 8.769793244

Sun, 21 Dec 2014 14:11:54 nmf.py[line:109]                            INFO Iter: 19	 Loss: 366.155192884	 Delta: 6.27481715585

Sun, 21 Dec 2014 14:12:05 nmf.py[line:109]                            INFO Iter: 20	 Loss: 361.739484118	 Delta: 4.41570876639

Sun, 21 Dec 2014 14:12:16 nmf.py[line:109]                            INFO Iter: 21	 Loss: 358.857904145	 Delta: 2.88157997262

Sun, 21 Dec 2014 14:12:28 nmf.py[line:109]                            INFO Iter: 22	 Loss: 356.942198738	 Delta: 1.91570540733

Sun, 21 Dec 2014 14:12:39 nmf.py[line:109]                            INFO Iter: 23	 Loss: 355.268296816	 Delta: 1.67390192161

Sun, 21 Dec 2014 14:12:50 nmf.py[line:109]                            INFO Iter: 24	 Loss: 352.724099345	 Delta: 2.54419747095

Sun, 21 Dec 2014 14:13:00 nmf.py[line:109]                            INFO Iter: 25	 Loss: 350.448810615	 Delta: 2.27528872998

Sun, 21 Dec 2014 14:13:11 nmf.py[line:109]                            INFO Iter: 26	 Loss: 348.861043852	 Delta: 1.58776676307

Sun, 21 Dec 2014 14:13:22 nmf.py[line:109]                            INFO Iter: 27	 Loss: 347.345937896	 Delta: 1.51510595581

Sun, 21 Dec 2014 14:13:33 nmf.py[line:109]                            INFO Iter: 28	 Loss: 345.851822431	 Delta: 1.4941154652

Sun, 21 Dec 2014 14:13:43 nmf.py[line:109]                            INFO Iter: 29	 Loss: 344.069141898	 Delta: 1.78268053306

Sun, 21 Dec 2014 14:13:54 nmf.py[line:109]                            INFO Iter: 30	 Loss: 342.275374138	 Delta: 1.79376776011

Sun, 21 Dec 2014 14:14:05 nmf.py[line:109]                            INFO Iter: 31	 Loss: 340.81332539	 Delta: 1.46204874805

Sun, 21 Dec 2014 14:14:16 nmf.py[line:109]                            INFO Iter: 32	 Loss: 339.459814333	 Delta: 1.35351105694

Sun, 21 Dec 2014 14:14:27 nmf.py[line:109]                            INFO Iter: 33	 Loss: 338.403894501	 Delta: 1.05591983235

Sun, 21 Dec 2014 14:14:37 nmf.py[line:109]                            INFO Iter: 34	 Loss: 337.398182136	 Delta: 1.00571236477

Sun, 21 Dec 2014 14:14:48 nmf.py[line:109]                            INFO Iter: 35	 Loss: 336.475302167	 Delta: 0.92287996906

Sun, 21 Dec 2014 14:14:48 nmf.py[line:113]                            INFO NMF OK
Sun, 21 Dec 2014 14:14:52 demo_at_tsinghua_filter_by_10.py[line:148]                            INFO [ok]

Sun, 21 Dec 2014 14:14:52 demo_at_tsinghua_filter_by_10.py[line:150]                            INFO 	 fold_id:0

Sun, 21 Dec 2014 14:14:52 demo_at_tsinghua_filter_by_10.py[line:152]                            INFO 	recall at 10:
Sun, 21 Dec 2014 14:15:10 demo_at_tsinghua_filter_by_10.py[line:177]                            INFO 		t-model NMF :  0.299533146592

Sun, 21 Dec 2014 14:15:10 demo_at_tsinghua_filter_by_10.py[line:178]                            INFO 		f-model NMF :  0.289899293051

Sun, 21 Dec 2014 14:15:10 demo_at_tsinghua_filter_by_10.py[line:179]                            INFO 		JPPCF :  0.277324263039

Sun, 21 Dec 2014 14:15:10 demo_at_tsinghua_filter_by_10.py[line:152]                            INFO 	recall at 50:
Sun, 21 Dec 2014 14:15:26 demo_at_tsinghua_filter_by_10.py[line:177]                            INFO 		t-model NMF :  0.56410230759

Sun, 21 Dec 2014 14:15:26 demo_at_tsinghua_filter_by_10.py[line:178]                            INFO 		f-model NMF :  0.561367880486

Sun, 21 Dec 2014 14:15:26 demo_at_tsinghua_filter_by_10.py[line:179]                            INFO 		JPPCF :  0.548842870482

Sun, 21 Dec 2014 14:15:26 demo_at_tsinghua_filter_by_10.py[line:152]                            INFO 	recall at 100:
Sun, 21 Dec 2014 14:15:42 demo_at_tsinghua_filter_by_10.py[line:177]                            INFO 		t-model NMF :  0.662234893958

Sun, 21 Dec 2014 14:15:42 demo_at_tsinghua_filter_by_10.py[line:178]                            INFO 		f-model NMF :  0.661297852474

Sun, 21 Dec 2014 14:15:42 demo_at_tsinghua_filter_by_10.py[line:179]                            INFO 		JPPCF :  0.632643057223

Sun, 21 Dec 2014 14:15:42 demo_at_tsinghua_filter_by_10.py[line:152]                            INFO 	recall at 300:
Sun, 21 Dec 2014 14:16:00 demo_at_tsinghua_filter_by_10.py[line:177]                            INFO 		t-model NMF :  0.848155929038

Sun, 21 Dec 2014 14:16:00 demo_at_tsinghua_filter_by_10.py[line:178]                            INFO 		f-model NMF :  0.843337334934

Sun, 21 Dec 2014 14:16:00 demo_at_tsinghua_filter_by_10.py[line:179]                            INFO 		JPPCF :  0.802407629719

Sun, 21 Dec 2014 14:16:00 demo_at_tsinghua_filter_by_10.py[line:152]                            INFO 	recall at 500:
Sun, 21 Dec 2014 14:16:16 demo_at_tsinghua_filter_by_10.py[line:177]                            INFO 		t-model NMF :  0.875

Sun, 21 Dec 2014 14:16:16 demo_at_tsinghua_filter_by_10.py[line:178]                            INFO 		f-model NMF :  0.860994397759

Sun, 21 Dec 2014 14:16:16 demo_at_tsinghua_filter_by_10.py[line:179]                            INFO 		JPPCF :  0.859710550887

Sun, 21 Dec 2014 14:16:16 demo_at_tsinghua_filter_by_10.py[line:152]                            INFO 	recall at 1000:
Sun, 21 Dec 2014 14:16:32 demo_at_tsinghua_filter_by_10.py[line:177]                            INFO 		t-model NMF :  0.886554621849

Sun, 21 Dec 2014 14:16:32 demo_at_tsinghua_filter_by_10.py[line:178]                            INFO 		f-model NMF :  0.889355742297

Sun, 21 Dec 2014 14:16:32 demo_at_tsinghua_filter_by_10.py[line:179]                            INFO 		JPPCF :  0.918767507003

Sun, 21 Dec 2014 14:16:32 demo_at_tsinghua_filter_by_10.py[line:181]                            INFO current_time_step: 2

Sun, 21 Dec 2014 14:16:32 demo_at_tsinghua_filter_by_10.py[line:184]                            INFO 	recall at 10:
Sun, 21 Dec 2014 14:16:32 demo_at_tsinghua_filter_by_10.py[line:188]                            INFO 		avg t-model NMF :  0.299533146592

Sun, 21 Dec 2014 14:16:32 demo_at_tsinghua_filter_by_10.py[line:189]                            INFO 		avg f-model NMF :  0.289899293051

Sun, 21 Dec 2014 14:16:32 demo_at_tsinghua_filter_by_10.py[line:190]                            INFO 		avg JPPCF :  0.277324263039

Sun, 21 Dec 2014 14:16:32 demo_at_tsinghua_filter_by_10.py[line:184]                            INFO 	recall at 50:
Sun, 21 Dec 2014 14:16:32 demo_at_tsinghua_filter_by_10.py[line:188]                            INFO 		avg t-model NMF :  0.56410230759

Sun, 21 Dec 2014 14:16:32 demo_at_tsinghua_filter_by_10.py[line:189]                            INFO 		avg f-model NMF :  0.561367880486

Sun, 21 Dec 2014 14:16:32 demo_at_tsinghua_filter_by_10.py[line:190]                            INFO 		avg JPPCF :  0.548842870482

Sun, 21 Dec 2014 14:16:32 demo_at_tsinghua_filter_by_10.py[line:184]                            INFO 	recall at 100:
Sun, 21 Dec 2014 14:16:32 demo_at_tsinghua_filter_by_10.py[line:188]                            INFO 		avg t-model NMF :  0.662234893958

Sun, 21 Dec 2014 14:16:32 demo_at_tsinghua_filter_by_10.py[line:189]                            INFO 		avg f-model NMF :  0.661297852474

Sun, 21 Dec 2014 14:16:32 demo_at_tsinghua_filter_by_10.py[line:190]                            INFO 		avg JPPCF :  0.632643057223

Sun, 21 Dec 2014 14:16:32 demo_at_tsinghua_filter_by_10.py[line:184]                            INFO 	recall at 300:
Sun, 21 Dec 2014 14:16:32 demo_at_tsinghua_filter_by_10.py[line:188]                            INFO 		avg t-model NMF :  0.848155929038

Sun, 21 Dec 2014 14:16:32 demo_at_tsinghua_filter_by_10.py[line:189]                            INFO 		avg f-model NMF :  0.843337334934

Sun, 21 Dec 2014 14:16:32 demo_at_tsinghua_filter_by_10.py[line:190]                            INFO 		avg JPPCF :  0.802407629719

Sun, 21 Dec 2014 14:16:32 demo_at_tsinghua_filter_by_10.py[line:184]                            INFO 	recall at 500:
Sun, 21 Dec 2014 14:16:32 demo_at_tsinghua_filter_by_10.py[line:188]                            INFO 		avg t-model NMF :  0.875

Sun, 21 Dec 2014 14:16:32 demo_at_tsinghua_filter_by_10.py[line:189]                            INFO 		avg f-model NMF :  0.860994397759

Sun, 21 Dec 2014 14:16:32 demo_at_tsinghua_filter_by_10.py[line:190]                            INFO 		avg JPPCF :  0.859710550887

Sun, 21 Dec 2014 14:16:32 demo_at_tsinghua_filter_by_10.py[line:184]                            INFO 	recall at 1000:
Sun, 21 Dec 2014 14:16:32 demo_at_tsinghua_filter_by_10.py[line:188]                            INFO 		avg t-model NMF :  0.886554621849

Sun, 21 Dec 2014 14:16:32 demo_at_tsinghua_filter_by_10.py[line:189]                            INFO 		avg f-model NMF :  0.889355742297

Sun, 21 Dec 2014 14:16:32 demo_at_tsinghua_filter_by_10.py[line:190]                            INFO 		avg JPPCF :  0.918767507003

Sun, 21 Dec 2014 14:16:32 demo_at_tsinghua_filter_by_10.py[line:204]                            INFO =========================

Sun, 21 Dec 2014 14:16:32 demo_at_tsinghua_filter_by_10.py[line:102]                            INFO 
=========================

Sun, 21 Dec 2014 14:16:32 demo_at_tsinghua_filter_by_10.py[line:103]                            INFO time_step number %i:	3
Sun, 21 Dec 2014 14:16:32 demo_at_tsinghua_filter_by_10.py[line:104]                            INFO ----------------

Sun, 21 Dec 2014 14:16:33 demo_at_tsinghua_filter_by_10.py[line:119]                            INFO non zero cell num: 2740
Sun, 21 Dec 2014 14:16:33 demo_at_tsinghua_filter_by_10.py[line:122]                            INFO computing JPP decomposition...
Sun, 21 Dec 2014 14:18:41 JPPCF.py[line:86]                            INFO Iter: 1	 Loss: 5645.23135002	 Delta: 994354.76865

Sun, 21 Dec 2014 14:20:48 JPPCF.py[line:86]                            INFO Iter: 2	 Loss: 5614.21115592	 Delta: 31.0201940987

Sun, 21 Dec 2014 14:22:54 JPPCF.py[line:86]                            INFO Iter: 3	 Loss: 4254.55750479	 Delta: 1359.65365113

Sun, 21 Dec 2014 14:25:00 JPPCF.py[line:86]                            INFO Iter: 4	 Loss: 3753.13379181	 Delta: 501.423712982

Sun, 21 Dec 2014 14:27:06 JPPCF.py[line:86]                            INFO Iter: 5	 Loss: 3101.05955339	 Delta: 652.074238419

Sun, 21 Dec 2014 14:29:07 JPPCF.py[line:86]                            INFO Iter: 6	 Loss: 2810.67825138	 Delta: 290.381302014

Sun, 21 Dec 2014 14:31:12 JPPCF.py[line:86]                            INFO Iter: 7	 Loss: 2540.22611996	 Delta: 270.452131421

Sun, 21 Dec 2014 14:33:19 JPPCF.py[line:86]                            INFO Iter: 8	 Loss: 2269.01503861	 Delta: 271.211081345

Sun, 21 Dec 2014 14:35:25 JPPCF.py[line:86]                            INFO Iter: 9	 Loss: 2051.90951838	 Delta: 217.105520239

Sun, 21 Dec 2014 14:37:30 JPPCF.py[line:86]                            INFO Iter: 10	 Loss: 1901.92214057	 Delta: 149.987377804

Sun, 21 Dec 2014 14:39:38 JPPCF.py[line:86]                            INFO Iter: 11	 Loss: 1798.90365043	 Delta: 103.018490139

Sun, 21 Dec 2014 14:41:48 JPPCF.py[line:86]                            INFO Iter: 12	 Loss: 1737.59557452	 Delta: 61.3080759108

Sun, 21 Dec 2014 14:43:50 JPPCF.py[line:86]                            INFO Iter: 13	 Loss: 1686.28630194	 Delta: 51.3092725842

Sun, 21 Dec 2014 14:45:52 JPPCF.py[line:86]                            INFO Iter: 14	 Loss: 1636.09383195	 Delta: 50.1924699853

Sun, 21 Dec 2014 14:48:05 JPPCF.py[line:86]                            INFO Iter: 15	 Loss: 1595.39871463	 Delta: 40.6951173258

Sun, 21 Dec 2014 14:50:18 JPPCF.py[line:86]                            INFO Iter: 16	 Loss: 1564.36727334	 Delta: 31.0314412828

Sun, 21 Dec 2014 14:52:30 JPPCF.py[line:86]                            INFO Iter: 17	 Loss: 1537.0291136	 Delta: 27.3381597395

Sun, 21 Dec 2014 14:54:48 JPPCF.py[line:86]                            INFO Iter: 18	 Loss: 1518.32350121	 Delta: 18.7056123963

Sun, 21 Dec 2014 14:57:01 JPPCF.py[line:86]                            INFO Iter: 19	 Loss: 1507.5641122	 Delta: 10.7593890071

Sun, 21 Dec 2014 14:59:15 JPPCF.py[line:86]                            INFO Iter: 20	 Loss: 1499.74844754	 Delta: 7.81566466479

Sun, 21 Dec 2014 15:01:29 JPPCF.py[line:86]                            INFO Iter: 21	 Loss: 1491.84826271	 Delta: 7.90018482635

Sun, 21 Dec 2014 15:03:39 JPPCF.py[line:86]                            INFO Iter: 22	 Loss: 1484.06799602	 Delta: 7.78026668765

Sun, 21 Dec 2014 15:05:52 JPPCF.py[line:86]                            INFO Iter: 23	 Loss: 1477.75999522	 Delta: 6.30800079854

Sun, 21 Dec 2014 15:08:02 JPPCF.py[line:86]                            INFO Iter: 24	 Loss: 1471.30375667	 Delta: 6.45623855222

Sun, 21 Dec 2014 15:10:08 JPPCF.py[line:86]                            INFO Iter: 25	 Loss: 1465.32200977	 Delta: 5.98174690567

Sun, 21 Dec 2014 15:12:14 JPPCF.py[line:86]                            INFO Iter: 26	 Loss: 1456.19505977	 Delta: 9.12694999926

Sun, 21 Dec 2014 15:14:22 JPPCF.py[line:86]                            INFO Iter: 27	 Loss: 1445.92760152	 Delta: 10.2674582477

Sun, 21 Dec 2014 15:16:31 JPPCF.py[line:86]                            INFO Iter: 28	 Loss: 1438.6561442	 Delta: 7.27145731736

Sun, 21 Dec 2014 15:18:42 JPPCF.py[line:86]                            INFO Iter: 29	 Loss: 1432.41829612	 Delta: 6.23784808037

Sun, 21 Dec 2014 15:20:50 JPPCF.py[line:86]                            INFO Iter: 30	 Loss: 1424.76006835	 Delta: 7.65822777479

Sun, 21 Dec 2014 15:23:02 JPPCF.py[line:86]                            INFO Iter: 31	 Loss: 1415.07553248	 Delta: 9.68453586531

Sun, 21 Dec 2014 15:25:13 JPPCF.py[line:86]                            INFO Iter: 32	 Loss: 1402.26658241	 Delta: 12.8089500734

Sun, 21 Dec 2014 15:27:19 JPPCF.py[line:86]                            INFO Iter: 33	 Loss: 1391.72436681	 Delta: 10.542215599

Sun, 21 Dec 2014 15:29:29 JPPCF.py[line:86]                            INFO Iter: 34	 Loss: 1382.1901904	 Delta: 9.53417640785

Sun, 21 Dec 2014 15:31:43 JPPCF.py[line:86]                            INFO Iter: 35	 Loss: 1373.54019958	 Delta: 8.64999081963

Sun, 21 Dec 2014 15:33:51 JPPCF.py[line:86]                            INFO Iter: 36	 Loss: 1366.40897369	 Delta: 7.13122588929

Sun, 21 Dec 2014 15:36:00 JPPCF.py[line:86]                            INFO Iter: 37	 Loss: 1360.11119155	 Delta: 6.29778213744

Sun, 21 Dec 2014 15:38:09 JPPCF.py[line:86]                            INFO Iter: 38	 Loss: 1354.46978964	 Delta: 5.64140190964

Sun, 21 Dec 2014 15:40:19 JPPCF.py[line:86]                            INFO Iter: 39	 Loss: 1349.73108677	 Delta: 4.73870287214

Sun, 21 Dec 2014 15:42:29 JPPCF.py[line:86]                            INFO Iter: 40	 Loss: 1344.6530053	 Delta: 5.07808147247

Sun, 21 Dec 2014 15:44:41 JPPCF.py[line:86]                            INFO Iter: 41	 Loss: 1338.42879525	 Delta: 6.22421004918

Sun, 21 Dec 2014 15:46:54 JPPCF.py[line:86]                            INFO Iter: 42	 Loss: 1330.00845115	 Delta: 8.42034409745

