Sun, 21 Dec 2014 21:06:51 demo_at_tsinghua_filter_by_10.py[line:82]                            INFO user num: 3431

Sun, 21 Dec 2014 21:06:51 demo_at_tsinghua_filter_by_10.py[line:83]                            INFO doc num: 7710

Sun, 21 Dec 2014 21:06:51 demo_at_tsinghua_filter_by_10.py[line:84]                            INFO time step num: 20

Sun, 21 Dec 2014 21:06:51 demo_at_tsinghua_filter_by_10.py[line:91]                            INFO non zero cell num: 1338
Sun, 21 Dec 2014 21:06:51 demo_at_tsinghua_filter_by_10.py[line:92]                            INFO start nmf:

Sun, 21 Dec 2014 21:06:57 nmf.py[line:109]                            INFO Iter: 1	 Loss: 1341.75911175	 Delta: 998658.240888

Sun, 21 Dec 2014 21:07:03 nmf.py[line:109]                            INFO Iter: 2	 Loss: 1242.56706575	 Delta: 99.1920460028

Sun, 21 Dec 2014 21:07:09 nmf.py[line:109]                            INFO Iter: 3	 Loss: 1106.79039617	 Delta: 135.776669574

Sun, 21 Dec 2014 21:07:15 nmf.py[line:109]                            INFO Iter: 4	 Loss: 904.959348512	 Delta: 201.831047659

Sun, 21 Dec 2014 21:07:20 nmf.py[line:109]                            INFO Iter: 5	 Loss: 719.821103247	 Delta: 185.138245265

Sun, 21 Dec 2014 21:07:26 nmf.py[line:109]                            INFO Iter: 6	 Loss: 568.705152448	 Delta: 151.115950799

Sun, 21 Dec 2014 21:07:31 nmf.py[line:109]                            INFO Iter: 7	 Loss: 448.6486169	 Delta: 120.056535548

Sun, 21 Dec 2014 21:07:37 nmf.py[line:109]                            INFO Iter: 8	 Loss: 364.297635693	 Delta: 84.3509812071

Sun, 21 Dec 2014 21:07:43 nmf.py[line:109]                            INFO Iter: 9	 Loss: 312.128963226	 Delta: 52.1686724668

Sun, 21 Dec 2014 21:07:48 nmf.py[line:109]                            INFO Iter: 10	 Loss: 276.64995092	 Delta: 35.4790123056

Sun, 21 Dec 2014 21:07:54 nmf.py[line:109]                            INFO Iter: 11	 Loss: 248.941949508	 Delta: 27.7080014122

Sun, 21 Dec 2014 21:08:00 nmf.py[line:109]                            INFO Iter: 12	 Loss: 227.057464811	 Delta: 21.884484697

Sun, 21 Dec 2014 21:08:06 nmf.py[line:109]                            INFO Iter: 13	 Loss: 211.596808026	 Delta: 15.4606567853

Sun, 21 Dec 2014 21:08:11 nmf.py[line:109]                            INFO Iter: 14	 Loss: 199.516720299	 Delta: 12.0800877271

Sun, 21 Dec 2014 21:08:17 nmf.py[line:109]                            INFO Iter: 15	 Loss: 188.578334977	 Delta: 10.9383853218

Sun, 21 Dec 2014 21:08:23 nmf.py[line:109]                            INFO Iter: 16	 Loss: 179.271470379	 Delta: 9.30686459787

Sun, 21 Dec 2014 21:08:28 nmf.py[line:109]                            INFO Iter: 17	 Loss: 171.726224262	 Delta: 7.54524611673

Sun, 21 Dec 2014 21:08:34 nmf.py[line:109]                            INFO Iter: 18	 Loss: 164.011872589	 Delta: 7.71435167368

Sun, 21 Dec 2014 21:08:40 nmf.py[line:109]                            INFO Iter: 19	 Loss: 153.279664	 Delta: 10.7322085883

Sun, 21 Dec 2014 21:08:46 nmf.py[line:109]                            INFO Iter: 20	 Loss: 144.835124736	 Delta: 8.44453926449

Sun, 21 Dec 2014 21:08:52 nmf.py[line:109]                            INFO Iter: 21	 Loss: 140.262572411	 Delta: 4.57255232502

Sun, 21 Dec 2014 21:08:58 nmf.py[line:109]                            INFO Iter: 22	 Loss: 136.876812912	 Delta: 3.38575949847

Sun, 21 Dec 2014 21:09:04 nmf.py[line:109]                            INFO Iter: 23	 Loss: 134.526485738	 Delta: 2.3503271745

Sun, 21 Dec 2014 21:09:10 nmf.py[line:109]                            INFO Iter: 24	 Loss: 132.048770362	 Delta: 2.47771537525

Sun, 21 Dec 2014 21:09:16 nmf.py[line:109]                            INFO Iter: 25	 Loss: 129.843503232	 Delta: 2.2052671306

Sun, 21 Dec 2014 21:09:21 nmf.py[line:109]                            INFO Iter: 26	 Loss: 127.782945683	 Delta: 2.06055754897

Sun, 21 Dec 2014 21:09:27 nmf.py[line:109]                            INFO Iter: 27	 Loss: 125.80814218	 Delta: 1.97480350327

Sun, 21 Dec 2014 21:09:33 nmf.py[line:109]                            INFO Iter: 28	 Loss: 123.950863932	 Delta: 1.85727824739

Sun, 21 Dec 2014 21:09:39 nmf.py[line:109]                            INFO Iter: 29	 Loss: 121.997229708	 Delta: 1.95363422385

Sun, 21 Dec 2014 21:09:44 nmf.py[line:109]                            INFO Iter: 30	 Loss: 119.558279701	 Delta: 2.43895000764

Sun, 21 Dec 2014 21:09:50 nmf.py[line:109]                            INFO Iter: 31	 Loss: 117.348307868	 Delta: 2.20997183236

Sun, 21 Dec 2014 21:09:56 nmf.py[line:109]                            INFO Iter: 32	 Loss: 115.687205407	 Delta: 1.66110246103

Sun, 21 Dec 2014 21:10:02 nmf.py[line:109]                            INFO Iter: 33	 Loss: 114.383894872	 Delta: 1.30331053515

Sun, 21 Dec 2014 21:10:08 nmf.py[line:109]                            INFO Iter: 34	 Loss: 112.494190138	 Delta: 1.88970473417

Sun, 21 Dec 2014 21:10:14 nmf.py[line:109]                            INFO Iter: 35	 Loss: 110.339843477	 Delta: 2.1543466615

Sun, 21 Dec 2014 21:10:20 nmf.py[line:109]                            INFO Iter: 36	 Loss: 108.696053231	 Delta: 1.64379024509

Sun, 21 Dec 2014 21:10:26 nmf.py[line:109]                            INFO Iter: 37	 Loss: 106.602691037	 Delta: 2.09336219484

Sun, 21 Dec 2014 21:10:32 nmf.py[line:109]                            INFO Iter: 38	 Loss: 103.617234391	 Delta: 2.98545664561

Sun, 21 Dec 2014 21:10:38 nmf.py[line:109]                            INFO Iter: 39	 Loss: 102.269412356	 Delta: 1.34782203466

Sun, 21 Dec 2014 21:10:44 nmf.py[line:109]                            INFO Iter: 40	 Loss: 101.260126706	 Delta: 1.00928565045

Sun, 21 Dec 2014 21:10:50 nmf.py[line:109]                            INFO Iter: 41	 Loss: 100.323359074	 Delta: 0.936767632297

Sun, 21 Dec 2014 21:10:50 nmf.py[line:113]                            INFO NMF OK
Sun, 21 Dec 2014 21:10:50 demo_at_tsinghua_filter_by_10.py[line:102]                            INFO 
=========================

Sun, 21 Dec 2014 21:10:50 demo_at_tsinghua_filter_by_10.py[line:103]                            INFO time_step number %i:	2
Sun, 21 Dec 2014 21:10:50 demo_at_tsinghua_filter_by_10.py[line:104]                            INFO ----------------

Sun, 21 Dec 2014 21:10:51 demo_at_tsinghua_filter_by_10.py[line:119]                            INFO non zero cell num: 1665
Sun, 21 Dec 2014 21:10:51 demo_at_tsinghua_filter_by_10.py[line:122]                            INFO computing JPP decomposition...
Sun, 21 Dec 2014 21:11:59 JPPCF.py[line:86]                            INFO Iter: 1	 Loss: 3383.26452903	 Delta: 996616.735471

Sun, 21 Dec 2014 21:13:06 JPPCF.py[line:86]                            INFO Iter: 2	 Loss: 3375.23774288	 Delta: 8.02678614174

Sun, 21 Dec 2014 21:14:11 JPPCF.py[line:86]                            INFO Iter: 3	 Loss: 3111.31276546	 Delta: 263.924977422

Sun, 21 Dec 2014 21:15:18 JPPCF.py[line:86]                            INFO Iter: 4	 Loss: 2837.36909851	 Delta: 273.943666951

Sun, 21 Dec 2014 21:16:24 JPPCF.py[line:86]                            INFO Iter: 5	 Loss: 2351.29837356	 Delta: 486.070724954

Sun, 21 Dec 2014 21:17:30 JPPCF.py[line:86]                            INFO Iter: 6	 Loss: 1979.38776713	 Delta: 371.910606428

Sun, 21 Dec 2014 21:18:36 JPPCF.py[line:86]                            INFO Iter: 7	 Loss: 1770.85778937	 Delta: 208.529977755

Sun, 21 Dec 2014 21:19:43 JPPCF.py[line:86]                            INFO Iter: 8	 Loss: 1620.55219395	 Delta: 150.305595426

Sun, 21 Dec 2014 21:20:49 JPPCF.py[line:86]                            INFO Iter: 9	 Loss: 1501.90306916	 Delta: 118.649124792

Sun, 21 Dec 2014 21:21:55 JPPCF.py[line:86]                            INFO Iter: 10	 Loss: 1423.19091884	 Delta: 78.7121503151

Sun, 21 Dec 2014 21:23:01 JPPCF.py[line:86]                            INFO Iter: 11	 Loss: 1354.95447065	 Delta: 68.2364481904

Sun, 21 Dec 2014 21:24:08 JPPCF.py[line:86]                            INFO Iter: 12	 Loss: 1285.89996853	 Delta: 69.0545021253

Sun, 21 Dec 2014 21:25:14 JPPCF.py[line:86]                            INFO Iter: 13	 Loss: 1226.21811964	 Delta: 59.6818488876

Sun, 21 Dec 2014 21:26:20 JPPCF.py[line:86]                            INFO Iter: 14	 Loss: 1177.15307781	 Delta: 49.0650418337

Sun, 21 Dec 2014 21:27:26 JPPCF.py[line:86]                            INFO Iter: 15	 Loss: 1142.07677187	 Delta: 35.0763059344

Sun, 21 Dec 2014 21:28:31 JPPCF.py[line:86]                            INFO Iter: 16	 Loss: 1110.04865726	 Delta: 32.0281146081

Sun, 21 Dec 2014 21:29:36 JPPCF.py[line:86]                            INFO Iter: 17	 Loss: 1081.68668825	 Delta: 28.3619690113

Sun, 21 Dec 2014 21:30:43 JPPCF.py[line:86]                            INFO Iter: 18	 Loss: 1057.91176226	 Delta: 23.7749259911

Sun, 21 Dec 2014 21:31:49 JPPCF.py[line:86]                            INFO Iter: 19	 Loss: 1039.67841412	 Delta: 18.2333481396

Sun, 21 Dec 2014 21:32:56 JPPCF.py[line:86]                            INFO Iter: 20	 Loss: 1024.88270536	 Delta: 14.7957087591

Sun, 21 Dec 2014 21:34:01 JPPCF.py[line:86]                            INFO Iter: 21	 Loss: 1010.12560708	 Delta: 14.7570982828

Sun, 21 Dec 2014 21:35:07 JPPCF.py[line:86]                            INFO Iter: 22	 Loss: 996.945041127	 Delta: 13.1805659516

Sun, 21 Dec 2014 21:36:14 JPPCF.py[line:86]                            INFO Iter: 23	 Loss: 986.598115989	 Delta: 10.3469251378

Sun, 21 Dec 2014 21:37:21 JPPCF.py[line:86]                            INFO Iter: 24	 Loss: 978.445485175	 Delta: 8.15263081426

Sun, 21 Dec 2014 21:38:27 JPPCF.py[line:86]                            INFO Iter: 25	 Loss: 970.703834562	 Delta: 7.74165061295

Sun, 21 Dec 2014 21:39:34 JPPCF.py[line:86]                            INFO Iter: 26	 Loss: 963.549893499	 Delta: 7.15394106243

Sun, 21 Dec 2014 21:40:41 JPPCF.py[line:86]                            INFO Iter: 27	 Loss: 956.438803476	 Delta: 7.11109002305

Sun, 21 Dec 2014 21:41:49 JPPCF.py[line:86]                            INFO Iter: 28	 Loss: 949.608351705	 Delta: 6.83045177109

Sun, 21 Dec 2014 21:42:56 JPPCF.py[line:86]                            INFO Iter: 29	 Loss: 944.185779251	 Delta: 5.42257245458

Sun, 21 Dec 2014 21:44:02 JPPCF.py[line:86]                            INFO Iter: 30	 Loss: 939.813436638	 Delta: 4.37234261231

Sun, 21 Dec 2014 21:45:07 JPPCF.py[line:86]                            INFO Iter: 31	 Loss: 935.500664504	 Delta: 4.3127721343

Sun, 21 Dec 2014 21:46:13 JPPCF.py[line:86]                            INFO Iter: 32	 Loss: 931.151344027	 Delta: 4.34932047688

Sun, 21 Dec 2014 21:47:21 JPPCF.py[line:86]                            INFO Iter: 33	 Loss: 926.913190326	 Delta: 4.2381537017

Sun, 21 Dec 2014 21:48:25 JPPCF.py[line:86]                            INFO Iter: 34	 Loss: 923.17343216	 Delta: 3.73975816539

Sun, 21 Dec 2014 21:49:31 JPPCF.py[line:86]                            INFO Iter: 35	 Loss: 919.821197462	 Delta: 3.35223469781

Sun, 21 Dec 2014 21:50:39 JPPCF.py[line:86]                            INFO Iter: 36	 Loss: 916.657884152	 Delta: 3.16331331013

Sun, 21 Dec 2014 21:51:45 JPPCF.py[line:86]                            INFO Iter: 37	 Loss: 913.745738905	 Delta: 2.912145247

Sun, 21 Dec 2014 21:52:49 JPPCF.py[line:86]                            INFO Iter: 38	 Loss: 911.226239634	 Delta: 2.51949927118

Sun, 21 Dec 2014 21:53:54 JPPCF.py[line:86]                            INFO Iter: 39	 Loss: 909.097121348	 Delta: 2.1291182862

Sun, 21 Dec 2014 21:55:02 JPPCF.py[line:86]                            INFO Iter: 40	 Loss: 907.346670853	 Delta: 1.75045049516

Sun, 21 Dec 2014 21:56:09 JPPCF.py[line:86]                            INFO Iter: 41	 Loss: 905.790203019	 Delta: 1.55646783322

Sun, 21 Dec 2014 21:57:16 JPPCF.py[line:86]                            INFO Iter: 42	 Loss: 904.32344896	 Delta: 1.46675405896

Sun, 21 Dec 2014 21:58:23 JPPCF.py[line:86]                            INFO Iter: 43	 Loss: 902.497636493	 Delta: 1.82581246743

Sun, 21 Dec 2014 21:59:31 JPPCF.py[line:86]                            INFO Iter: 44	 Loss: 899.866964605	 Delta: 2.63067188769

Sun, 21 Dec 2014 22:00:37 JPPCF.py[line:86]                            INFO Iter: 45	 Loss: 897.515845341	 Delta: 2.35111926448

Sun, 21 Dec 2014 22:01:45 JPPCF.py[line:86]                            INFO Iter: 46	 Loss: 894.469030528	 Delta: 3.0468148131

Sun, 21 Dec 2014 22:02:51 JPPCF.py[line:86]                            INFO Iter: 47	 Loss: 891.563494858	 Delta: 2.90553566945

Sun, 21 Dec 2014 22:03:57 JPPCF.py[line:86]                            INFO Iter: 48	 Loss: 888.479604764	 Delta: 3.08389009414

Sun, 21 Dec 2014 22:05:03 JPPCF.py[line:86]                            INFO Iter: 49	 Loss: 885.022534374	 Delta: 3.45707039015

Sun, 21 Dec 2014 22:06:08 JPPCF.py[line:86]                            INFO Iter: 50	 Loss: 883.215028289	 Delta: 1.80750608525

Sun, 21 Dec 2014 22:07:13 JPPCF.py[line:86]                            INFO Iter: 51	 Loss: 881.086150081	 Delta: 2.12887820735

Sun, 21 Dec 2014 22:08:21 JPPCF.py[line:86]                            INFO Iter: 52	 Loss: 878.525300603	 Delta: 2.56084947863

Sun, 21 Dec 2014 22:09:29 JPPCF.py[line:86]                            INFO Iter: 53	 Loss: 875.387405874	 Delta: 3.13789472859

Sun, 21 Dec 2014 22:10:37 JPPCF.py[line:86]                            INFO Iter: 54	 Loss: 871.5707684	 Delta: 3.81663747417

Sun, 21 Dec 2014 22:11:43 JPPCF.py[line:86]                            INFO Iter: 55	 Loss: 867.199039508	 Delta: 4.37172889174

Sun, 21 Dec 2014 22:12:49 JPPCF.py[line:86]                            INFO Iter: 56	 Loss: 863.1128297	 Delta: 4.08620980789

Sun, 21 Dec 2014 22:13:57 JPPCF.py[line:86]                            INFO Iter: 57	 Loss: 859.653986237	 Delta: 3.45884346377

Sun, 21 Dec 2014 22:15:05 JPPCF.py[line:86]                            INFO Iter: 58	 Loss: 857.425871441	 Delta: 2.22811479531

Sun, 21 Dec 2014 22:16:13 JPPCF.py[line:86]                            INFO Iter: 59	 Loss: 855.926014919	 Delta: 1.49985652237

Sun, 21 Dec 2014 22:17:21 JPPCF.py[line:86]                            INFO Iter: 60	 Loss: 854.83607885	 Delta: 1.08993606934

Sun, 21 Dec 2014 22:18:24 JPPCF.py[line:86]                            INFO Iter: 61	 Loss: 853.911219312	 Delta: 0.924859537128

Sun, 21 Dec 2014 22:18:24 JPPCF.py[line:88]                            INFO JPPCF OK

Sun, 21 Dec 2014 22:18:26 demo_at_tsinghua_filter_by_10.py[line:128]                            INFO [ok]
computing t-model NMF decomposition...
Sun, 21 Dec 2014 22:18:32 nmf.py[line:109]                            INFO Iter: 1	 Loss: 1668.07198767	 Delta: 998331.928012

Sun, 21 Dec 2014 22:18:37 nmf.py[line:109]                            INFO Iter: 2	 Loss: 1650.74167565	 Delta: 17.3303120143

Sun, 21 Dec 2014 22:18:43 nmf.py[line:109]                            INFO Iter: 3	 Loss: 1522.41747253	 Delta: 128.324203121

Sun, 21 Dec 2014 22:18:49 nmf.py[line:109]                            INFO Iter: 4	 Loss: 1237.33397019	 Delta: 285.083502346

Sun, 21 Dec 2014 22:18:54 nmf.py[line:109]                            INFO Iter: 5	 Loss: 1014.67648996	 Delta: 222.657480224

Sun, 21 Dec 2014 22:19:00 nmf.py[line:109]                            INFO Iter: 6	 Loss: 845.668105898	 Delta: 169.008384064

Sun, 21 Dec 2014 22:19:07 nmf.py[line:109]                            INFO Iter: 7	 Loss: 754.532466786	 Delta: 91.1356391128

Sun, 21 Dec 2014 22:19:12 nmf.py[line:109]                            INFO Iter: 8	 Loss: 690.162840277	 Delta: 64.3696265082

Sun, 21 Dec 2014 22:19:18 nmf.py[line:109]                            INFO Iter: 9	 Loss: 635.694399398	 Delta: 54.4684408797

Sun, 21 Dec 2014 22:19:24 nmf.py[line:109]                            INFO Iter: 10	 Loss: 591.188115585	 Delta: 44.506283813

Sun, 21 Dec 2014 22:19:31 nmf.py[line:109]                            INFO Iter: 11	 Loss: 557.273198062	 Delta: 33.9149175225

Sun, 21 Dec 2014 22:19:37 nmf.py[line:109]                            INFO Iter: 12	 Loss: 531.74246865	 Delta: 25.5307294122

Sun, 21 Dec 2014 22:19:43 nmf.py[line:109]                            INFO Iter: 13	 Loss: 513.936705448	 Delta: 17.8057632022

Sun, 21 Dec 2014 22:19:49 nmf.py[line:109]                            INFO Iter: 14	 Loss: 498.650140977	 Delta: 15.2865644706

Sun, 21 Dec 2014 22:19:55 nmf.py[line:109]                            INFO Iter: 15	 Loss: 487.569669126	 Delta: 11.0804718512

Sun, 21 Dec 2014 22:20:01 nmf.py[line:109]                            INFO Iter: 16	 Loss: 477.839115779	 Delta: 9.73055334706

Sun, 21 Dec 2014 22:20:07 nmf.py[line:109]                            INFO Iter: 17	 Loss: 467.370658533	 Delta: 10.4684572464

Sun, 21 Dec 2014 22:20:14 nmf.py[line:109]                            INFO Iter: 18	 Loss: 457.140014831	 Delta: 10.2306437012

Sun, 21 Dec 2014 22:20:19 nmf.py[line:109]                            INFO Iter: 19	 Loss: 448.088166728	 Delta: 9.05184810341

Sun, 21 Dec 2014 22:20:25 nmf.py[line:109]                            INFO Iter: 20	 Loss: 439.511993175	 Delta: 8.57617355287

Sun, 21 Dec 2014 22:20:31 nmf.py[line:109]                            INFO Iter: 21	 Loss: 431.720613325	 Delta: 7.79137985013

Sun, 21 Dec 2014 22:20:37 nmf.py[line:109]                            INFO Iter: 22	 Loss: 424.702084514	 Delta: 7.01852881072

Sun, 21 Dec 2014 22:20:43 nmf.py[line:109]                            INFO Iter: 23	 Loss: 419.517860189	 Delta: 5.18422432499

Sun, 21 Dec 2014 22:20:49 nmf.py[line:109]                            INFO Iter: 24	 Loss: 415.178894599	 Delta: 4.33896558979

Sun, 21 Dec 2014 22:20:56 nmf.py[line:109]                            INFO Iter: 25	 Loss: 410.517988809	 Delta: 4.66090579082

Sun, 21 Dec 2014 22:21:02 nmf.py[line:109]                            INFO Iter: 26	 Loss: 407.790513963	 Delta: 2.72747484542

Sun, 21 Dec 2014 22:21:08 nmf.py[line:109]                            INFO Iter: 27	 Loss: 405.48904738	 Delta: 2.30146658279

Sun, 21 Dec 2014 22:21:14 nmf.py[line:109]                            INFO Iter: 28	 Loss: 403.431875257	 Delta: 2.05717212384

Sun, 21 Dec 2014 22:21:20 nmf.py[line:109]                            INFO Iter: 29	 Loss: 401.132734839	 Delta: 2.29914041757

Sun, 21 Dec 2014 22:21:26 nmf.py[line:109]                            INFO Iter: 30	 Loss: 397.041984675	 Delta: 4.09075016426

Sun, 21 Dec 2014 22:21:31 nmf.py[line:109]                            INFO Iter: 31	 Loss: 395.027636667	 Delta: 2.01434800743

Sun, 21 Dec 2014 22:21:37 nmf.py[line:109]                            INFO Iter: 32	 Loss: 393.541896477	 Delta: 1.48574019026

Sun, 21 Dec 2014 22:21:43 nmf.py[line:109]                            INFO Iter: 33	 Loss: 392.386321643	 Delta: 1.15557483373

Sun, 21 Dec 2014 22:21:49 nmf.py[line:109]                            INFO Iter: 34	 Loss: 391.348489254	 Delta: 1.03783238941

Sun, 21 Dec 2014 22:21:55 nmf.py[line:109]                            INFO Iter: 35	 Loss: 390.559030819	 Delta: 0.789458435296

Sun, 21 Dec 2014 22:21:55 nmf.py[line:113]                            INFO NMF OK
Sun, 21 Dec 2014 22:21:57 demo_at_tsinghua_filter_by_10.py[line:134]                            INFO [ok]
computing fix_model NMF decomposition...
Sun, 21 Dec 2014 22:21:57 demo_at_tsinghua_filter_by_10.py[line:142]                            INFO non zero cell num: 1665
Sun, 21 Dec 2014 22:22:03 nmf.py[line:109]                            INFO Iter: 1	 Loss: 1668.05822962	 Delta: 998331.94177

Sun, 21 Dec 2014 22:22:09 nmf.py[line:109]                            INFO Iter: 2	 Loss: 1652.28016438	 Delta: 15.7780652418

Sun, 21 Dec 2014 22:22:15 nmf.py[line:109]                            INFO Iter: 3	 Loss: 1527.04222749	 Delta: 125.237936895

Sun, 21 Dec 2014 22:22:21 nmf.py[line:109]                            INFO Iter: 4	 Loss: 1257.9959161	 Delta: 269.046311386

Sun, 21 Dec 2014 22:22:27 nmf.py[line:109]                            INFO Iter: 5	 Loss: 981.925093673	 Delta: 276.070822428

Sun, 21 Dec 2014 22:22:32 nmf.py[line:109]                            INFO Iter: 6	 Loss: 830.958402836	 Delta: 150.966690837

Sun, 21 Dec 2014 22:22:38 nmf.py[line:109]                            INFO Iter: 7	 Loss: 741.00046297	 Delta: 89.9579398653

Sun, 21 Dec 2014 22:22:44 nmf.py[line:109]                            INFO Iter: 8	 Loss: 681.517609544	 Delta: 59.4828534267

Sun, 21 Dec 2014 22:22:50 nmf.py[line:109]                            INFO Iter: 9	 Loss: 625.781613082	 Delta: 55.7359964616

Sun, 21 Dec 2014 22:22:56 nmf.py[line:109]                            INFO Iter: 10	 Loss: 582.317083479	 Delta: 43.4645296027

Sun, 21 Dec 2014 22:23:02 nmf.py[line:109]                            INFO Iter: 11	 Loss: 543.645922448	 Delta: 38.6711610316

Sun, 21 Dec 2014 22:23:08 nmf.py[line:109]                            INFO Iter: 12	 Loss: 512.356152889	 Delta: 31.2897695588

Sun, 21 Dec 2014 22:23:15 nmf.py[line:109]                            INFO Iter: 13	 Loss: 487.689641784	 Delta: 24.6665111045

Sun, 21 Dec 2014 22:23:20 nmf.py[line:109]                            INFO Iter: 14	 Loss: 468.228565158	 Delta: 19.4610766267

Sun, 21 Dec 2014 22:23:26 nmf.py[line:109]                            INFO Iter: 15	 Loss: 449.483848261	 Delta: 18.7447168973

Sun, 21 Dec 2014 22:23:32 nmf.py[line:109]                            INFO Iter: 16	 Loss: 432.988523683	 Delta: 16.4953245771

Sun, 21 Dec 2014 22:23:38 nmf.py[line:109]                            INFO Iter: 17	 Loss: 421.342751537	 Delta: 11.6457721461

Sun, 21 Dec 2014 22:23:44 nmf.py[line:109]                            INFO Iter: 18	 Loss: 408.188822471	 Delta: 13.1539290661

Sun, 21 Dec 2014 22:23:49 nmf.py[line:109]                            INFO Iter: 19	 Loss: 396.555312245	 Delta: 11.6335102261

Sun, 21 Dec 2014 22:23:55 nmf.py[line:109]                            INFO Iter: 20	 Loss: 387.497623348	 Delta: 9.05768889754

Sun, 21 Dec 2014 22:24:01 nmf.py[line:109]                            INFO Iter: 21	 Loss: 381.218759251	 Delta: 6.27886409692

Sun, 21 Dec 2014 22:24:07 nmf.py[line:109]                            INFO Iter: 22	 Loss: 376.487116957	 Delta: 4.73164229368

Sun, 21 Dec 2014 22:24:13 nmf.py[line:109]                            INFO Iter: 23	 Loss: 372.431748852	 Delta: 4.05536810454

Sun, 21 Dec 2014 22:24:19 nmf.py[line:109]                            INFO Iter: 24	 Loss: 369.209783565	 Delta: 3.22196528772

Sun, 21 Dec 2014 22:24:24 nmf.py[line:109]                            INFO Iter: 25	 Loss: 366.712637497	 Delta: 2.49714606761

Sun, 21 Dec 2014 22:24:30 nmf.py[line:109]                            INFO Iter: 26	 Loss: 364.658511309	 Delta: 2.05412618849

Sun, 21 Dec 2014 22:24:36 nmf.py[line:109]                            INFO Iter: 27	 Loss: 362.670071673	 Delta: 1.98843963586

Sun, 21 Dec 2014 22:24:41 nmf.py[line:109]                            INFO Iter: 28	 Loss: 360.249591747	 Delta: 2.42047992606

Sun, 21 Dec 2014 22:24:47 nmf.py[line:109]                            INFO Iter: 29	 Loss: 357.644792909	 Delta: 2.60479883733

Sun, 21 Dec 2014 22:24:52 nmf.py[line:109]                            INFO Iter: 30	 Loss: 354.873409537	 Delta: 2.77138337283

Sun, 21 Dec 2014 22:24:58 nmf.py[line:109]                            INFO Iter: 31	 Loss: 352.047203521	 Delta: 2.82620601599

Sun, 21 Dec 2014 22:25:03 nmf.py[line:109]                            INFO Iter: 32	 Loss: 349.648234506	 Delta: 2.39896901494

Sun, 21 Dec 2014 22:25:09 nmf.py[line:109]                            INFO Iter: 33	 Loss: 347.953680627	 Delta: 1.69455387868

Sun, 21 Dec 2014 22:25:15 nmf.py[line:109]                            INFO Iter: 34	 Loss: 346.594189846	 Delta: 1.35949078128

Sun, 21 Dec 2014 22:25:21 nmf.py[line:109]                            INFO Iter: 35	 Loss: 345.336494883	 Delta: 1.25769496253

Sun, 21 Dec 2014 22:25:27 nmf.py[line:109]                            INFO Iter: 36	 Loss: 344.518801536	 Delta: 0.817693347379

Sun, 21 Dec 2014 22:25:27 nmf.py[line:113]                            INFO NMF OK
Sun, 21 Dec 2014 22:25:28 demo_at_tsinghua_filter_by_10.py[line:148]                            INFO [ok]

Sun, 21 Dec 2014 22:25:28 demo_at_tsinghua_filter_by_10.py[line:150]                            INFO 	 fold_id:0

Sun, 21 Dec 2014 22:25:28 demo_at_tsinghua_filter_by_10.py[line:152]                            INFO 	recall at 10:
Sun, 21 Dec 2014 22:25:38 demo_at_tsinghua_filter_by_10.py[line:177]                            INFO 		t-model NMF :  0.294100973723

Sun, 21 Dec 2014 22:25:38 demo_at_tsinghua_filter_by_10.py[line:178]                            INFO 		f-model NMF :  0.260917700413

Sun, 21 Dec 2014 22:25:38 demo_at_tsinghua_filter_by_10.py[line:179]                            INFO 		JPPCF :  0.248412698413

Sun, 21 Dec 2014 22:25:38 demo_at_tsinghua_filter_by_10.py[line:152]                            INFO 	recall at 50:
Sun, 21 Dec 2014 22:25:49 demo_at_tsinghua_filter_by_10.py[line:177]                            INFO 		t-model NMF :  0.545761637989

Sun, 21 Dec 2014 22:25:49 demo_at_tsinghua_filter_by_10.py[line:178]                            INFO 		f-model NMF :  0.551197145525

Sun, 21 Dec 2014 22:25:49 demo_at_tsinghua_filter_by_10.py[line:179]                            INFO 		JPPCF :  0.543787515006

Sun, 21 Dec 2014 22:25:49 demo_at_tsinghua_filter_by_10.py[line:152]                            INFO 	recall at 100:
Sun, 21 Dec 2014 22:25:59 demo_at_tsinghua_filter_by_10.py[line:177]                            INFO 		t-model NMF :  0.631422569028

Sun, 21 Dec 2014 22:25:59 demo_at_tsinghua_filter_by_10.py[line:178]                            INFO 		f-model NMF :  0.643524076297

Sun, 21 Dec 2014 22:25:59 demo_at_tsinghua_filter_by_10.py[line:179]                            INFO 		JPPCF :  0.649289715886

Sun, 21 Dec 2014 22:25:59 demo_at_tsinghua_filter_by_10.py[line:152]                            INFO 	recall at 300:
Sun, 21 Dec 2014 22:26:07 demo_at_tsinghua_filter_by_10.py[line:177]                            INFO 		t-model NMF :  0.855909030279

Sun, 21 Dec 2014 22:26:07 demo_at_tsinghua_filter_by_10.py[line:178]                            INFO 		f-model NMF :  0.84327064159

Sun, 21 Dec 2014 22:26:07 demo_at_tsinghua_filter_by_10.py[line:179]                            INFO 		JPPCF :  0.796171802054

Sun, 21 Dec 2014 22:26:07 demo_at_tsinghua_filter_by_10.py[line:152]                            INFO 	recall at 500:
Sun, 21 Dec 2014 22:26:15 demo_at_tsinghua_filter_by_10.py[line:177]                            INFO 		t-model NMF :  0.870448179272

Sun, 21 Dec 2014 22:26:15 demo_at_tsinghua_filter_by_10.py[line:178]                            INFO 		f-model NMF :  0.887605042017

Sun, 21 Dec 2014 22:26:15 demo_at_tsinghua_filter_by_10.py[line:179]                            INFO 		JPPCF :  0.879785247432

Sun, 21 Dec 2014 22:26:15 demo_at_tsinghua_filter_by_10.py[line:152]                            INFO 	recall at 1000:
Sun, 21 Dec 2014 22:26:23 demo_at_tsinghua_filter_by_10.py[line:177]                            INFO 		t-model NMF :  0.889355742297

Sun, 21 Dec 2014 22:26:23 demo_at_tsinghua_filter_by_10.py[line:178]                            INFO 		f-model NMF :  0.90056022409

Sun, 21 Dec 2014 22:26:23 demo_at_tsinghua_filter_by_10.py[line:179]                            INFO 		JPPCF :  0.941176470588

Sun, 21 Dec 2014 22:26:23 demo_at_tsinghua_filter_by_10.py[line:181]                            INFO current_time_step: 2

Sun, 21 Dec 2014 22:26:23 demo_at_tsinghua_filter_by_10.py[line:184]                            INFO 	recall at 10:
Sun, 21 Dec 2014 22:26:23 demo_at_tsinghua_filter_by_10.py[line:188]                            INFO 		avg t-model NMF :  0.294100973723

Sun, 21 Dec 2014 22:26:23 demo_at_tsinghua_filter_by_10.py[line:189]                            INFO 		avg f-model NMF :  0.260917700413

Sun, 21 Dec 2014 22:26:23 demo_at_tsinghua_filter_by_10.py[line:190]                            INFO 		avg JPPCF :  0.248412698413

Sun, 21 Dec 2014 22:26:23 demo_at_tsinghua_filter_by_10.py[line:184]                            INFO 	recall at 50:
Sun, 21 Dec 2014 22:26:23 demo_at_tsinghua_filter_by_10.py[line:188]                            INFO 		avg t-model NMF :  0.545761637989

Sun, 21 Dec 2014 22:26:23 demo_at_tsinghua_filter_by_10.py[line:189]                            INFO 		avg f-model NMF :  0.551197145525

Sun, 21 Dec 2014 22:26:23 demo_at_tsinghua_filter_by_10.py[line:190]                            INFO 		avg JPPCF :  0.543787515006

Sun, 21 Dec 2014 22:26:23 demo_at_tsinghua_filter_by_10.py[line:184]                            INFO 	recall at 100:
Sun, 21 Dec 2014 22:26:23 demo_at_tsinghua_filter_by_10.py[line:188]                            INFO 		avg t-model NMF :  0.631422569028

Sun, 21 Dec 2014 22:26:23 demo_at_tsinghua_filter_by_10.py[line:189]                            INFO 		avg f-model NMF :  0.643524076297

Sun, 21 Dec 2014 22:26:23 demo_at_tsinghua_filter_by_10.py[line:190]                            INFO 		avg JPPCF :  0.649289715886

Sun, 21 Dec 2014 22:26:23 demo_at_tsinghua_filter_by_10.py[line:184]                            INFO 	recall at 300:
Sun, 21 Dec 2014 22:26:23 demo_at_tsinghua_filter_by_10.py[line:188]                            INFO 		avg t-model NMF :  0.855909030279

Sun, 21 Dec 2014 22:26:23 demo_at_tsinghua_filter_by_10.py[line:189]                            INFO 		avg f-model NMF :  0.84327064159

Sun, 21 Dec 2014 22:26:23 demo_at_tsinghua_filter_by_10.py[line:190]                            INFO 		avg JPPCF :  0.796171802054

Sun, 21 Dec 2014 22:26:23 demo_at_tsinghua_filter_by_10.py[line:184]                            INFO 	recall at 500:
Sun, 21 Dec 2014 22:26:23 demo_at_tsinghua_filter_by_10.py[line:188]                            INFO 		avg t-model NMF :  0.870448179272

Sun, 21 Dec 2014 22:26:23 demo_at_tsinghua_filter_by_10.py[line:189]                            INFO 		avg f-model NMF :  0.887605042017

Sun, 21 Dec 2014 22:26:23 demo_at_tsinghua_filter_by_10.py[line:190]                            INFO 		avg JPPCF :  0.879785247432

Sun, 21 Dec 2014 22:26:23 demo_at_tsinghua_filter_by_10.py[line:184]                            INFO 	recall at 1000:
Sun, 21 Dec 2014 22:26:23 demo_at_tsinghua_filter_by_10.py[line:188]                            INFO 		avg t-model NMF :  0.889355742297

Sun, 21 Dec 2014 22:26:23 demo_at_tsinghua_filter_by_10.py[line:189]                            INFO 		avg f-model NMF :  0.90056022409

Sun, 21 Dec 2014 22:26:23 demo_at_tsinghua_filter_by_10.py[line:190]                            INFO 		avg JPPCF :  0.941176470588

Sun, 21 Dec 2014 22:26:23 demo_at_tsinghua_filter_by_10.py[line:204]                            INFO =========================

Sun, 21 Dec 2014 22:26:23 demo_at_tsinghua_filter_by_10.py[line:102]                            INFO 
=========================

Sun, 21 Dec 2014 22:26:23 demo_at_tsinghua_filter_by_10.py[line:103]                            INFO time_step number %i:	3
Sun, 21 Dec 2014 22:26:23 demo_at_tsinghua_filter_by_10.py[line:104]                            INFO ----------------

Sun, 21 Dec 2014 22:26:23 demo_at_tsinghua_filter_by_10.py[line:119]                            INFO non zero cell num: 2740
Sun, 21 Dec 2014 22:26:23 demo_at_tsinghua_filter_by_10.py[line:122]                            INFO computing JPP decomposition...
Sun, 21 Dec 2014 22:27:28 JPPCF.py[line:86]                            INFO Iter: 1	 Loss: 5534.04356953	 Delta: 994465.95643

Sun, 21 Dec 2014 22:28:35 JPPCF.py[line:86]                            INFO Iter: 2	 Loss: 5510.75478656	 Delta: 23.2887829731

