Sun, 21 Dec 2014 10:56:39 demo_at_tsinghua_filter_by_10.py[line:82]                            INFO user num: 3431

Sun, 21 Dec 2014 10:56:39 demo_at_tsinghua_filter_by_10.py[line:83]                            INFO doc num: 7710

Sun, 21 Dec 2014 10:56:39 demo_at_tsinghua_filter_by_10.py[line:84]                            INFO time step num: 20

Sun, 21 Dec 2014 10:56:40 demo_at_tsinghua_filter_by_10.py[line:91]                            INFO non zero cell num: 1338
Sun, 21 Dec 2014 10:56:40 demo_at_tsinghua_filter_by_10.py[line:92]                            INFO start nmf:

Sun, 21 Dec 2014 10:56:58 nmf.py[line:109]                            INFO Iter: 1	 Loss: 1341.78385666	 Delta: 998658.216143

Sun, 21 Dec 2014 10:57:16 nmf.py[line:109]                            INFO Iter: 2	 Loss: 1235.83293786	 Delta: 105.950918799

Sun, 21 Dec 2014 10:57:36 nmf.py[line:109]                            INFO Iter: 3	 Loss: 1101.33496071	 Delta: 134.497977146

Sun, 21 Dec 2014 10:57:55 nmf.py[line:109]                            INFO Iter: 4	 Loss: 911.901954935	 Delta: 189.433005775

Sun, 21 Dec 2014 10:58:13 nmf.py[line:109]                            INFO Iter: 5	 Loss: 720.532293618	 Delta: 191.369661317

Sun, 21 Dec 2014 10:58:31 nmf.py[line:109]                            INFO Iter: 6	 Loss: 547.89104966	 Delta: 172.641243958

Sun, 21 Dec 2014 10:58:50 nmf.py[line:109]                            INFO Iter: 7	 Loss: 425.671283788	 Delta: 122.219765873

Sun, 21 Dec 2014 10:59:09 nmf.py[line:109]                            INFO Iter: 8	 Loss: 353.40396314	 Delta: 72.267320648

Sun, 21 Dec 2014 10:59:28 nmf.py[line:109]                            INFO Iter: 9	 Loss: 299.930591294	 Delta: 53.4733718457

Sun, 21 Dec 2014 10:59:46 nmf.py[line:109]                            INFO Iter: 10	 Loss: 269.124891246	 Delta: 30.8057000483

Sun, 21 Dec 2014 11:00:05 nmf.py[line:109]                            INFO Iter: 11	 Loss: 243.984096227	 Delta: 25.140795019

Sun, 21 Dec 2014 11:00:22 nmf.py[line:109]                            INFO Iter: 12	 Loss: 224.679329754	 Delta: 19.3047664725

Sun, 21 Dec 2014 11:00:39 nmf.py[line:109]                            INFO Iter: 13	 Loss: 211.469071329	 Delta: 13.2102584252

Sun, 21 Dec 2014 11:00:59 nmf.py[line:109]                            INFO Iter: 14	 Loss: 200.223366335	 Delta: 11.2457049935

Sun, 21 Dec 2014 11:01:17 nmf.py[line:109]                            INFO Iter: 15	 Loss: 189.912426065	 Delta: 10.31094027

Sun, 21 Dec 2014 11:01:35 nmf.py[line:109]                            INFO Iter: 16	 Loss: 180.808070529	 Delta: 9.10435553629

Sun, 21 Dec 2014 11:01:53 nmf.py[line:109]                            INFO Iter: 17	 Loss: 170.80392731	 Delta: 10.0041432186

Sun, 21 Dec 2014 11:02:11 nmf.py[line:109]                            INFO Iter: 18	 Loss: 164.383984829	 Delta: 6.41994248133

Sun, 21 Dec 2014 11:02:31 nmf.py[line:109]                            INFO Iter: 19	 Loss: 159.649336867	 Delta: 4.73464796245

Sun, 21 Dec 2014 11:02:51 nmf.py[line:109]                            INFO Iter: 20	 Loss: 154.600387393	 Delta: 5.04894947326

Sun, 21 Dec 2014 11:03:10 nmf.py[line:109]                            INFO Iter: 21	 Loss: 149.798179291	 Delta: 4.80220810276

Sun, 21 Dec 2014 11:03:27 nmf.py[line:109]                            INFO Iter: 22	 Loss: 145.849267373	 Delta: 3.94891191734

Sun, 21 Dec 2014 11:03:46 nmf.py[line:109]                            INFO Iter: 23	 Loss: 142.904265997	 Delta: 2.94500137591

Sun, 21 Dec 2014 11:04:05 nmf.py[line:109]                            INFO Iter: 24	 Loss: 140.552666031	 Delta: 2.35159996638

Sun, 21 Dec 2014 11:04:24 nmf.py[line:109]                            INFO Iter: 25	 Loss: 138.336188262	 Delta: 2.21647776939

Sun, 21 Dec 2014 11:04:43 nmf.py[line:109]                            INFO Iter: 26	 Loss: 135.98237501	 Delta: 2.35381325128

Sun, 21 Dec 2014 11:05:02 nmf.py[line:109]                            INFO Iter: 27	 Loss: 133.740859334	 Delta: 2.24151567599

Sun, 21 Dec 2014 11:05:20 nmf.py[line:109]                            INFO Iter: 28	 Loss: 131.729406968	 Delta: 2.0114523663

Sun, 21 Dec 2014 11:05:40 nmf.py[line:109]                            INFO Iter: 29	 Loss: 130.371889713	 Delta: 1.35751725507

Sun, 21 Dec 2014 11:05:59 nmf.py[line:109]                            INFO Iter: 30	 Loss: 129.178844107	 Delta: 1.19304560591

Sun, 21 Dec 2014 11:06:18 nmf.py[line:109]                            INFO Iter: 31	 Loss: 128.037019678	 Delta: 1.14182442902

Sun, 21 Dec 2014 11:06:37 nmf.py[line:109]                            INFO Iter: 32	 Loss: 126.903146084	 Delta: 1.13387359381

Sun, 21 Dec 2014 11:06:55 nmf.py[line:109]                            INFO Iter: 33	 Loss: 125.75061621	 Delta: 1.15252987395

Sun, 21 Dec 2014 11:07:12 nmf.py[line:109]                            INFO Iter: 34	 Loss: 124.393884905	 Delta: 1.35673130503

Sun, 21 Dec 2014 11:07:32 nmf.py[line:109]                            INFO Iter: 35	 Loss: 122.432749649	 Delta: 1.96113525665

Sun, 21 Dec 2014 11:07:50 nmf.py[line:109]                            INFO Iter: 36	 Loss: 120.491595512	 Delta: 1.9411541363

Sun, 21 Dec 2014 11:08:07 nmf.py[line:109]                            INFO Iter: 37	 Loss: 118.791024853	 Delta: 1.70057065959

Sun, 21 Dec 2014 11:08:23 nmf.py[line:109]                            INFO Iter: 38	 Loss: 117.351180612	 Delta: 1.43984424029

Sun, 21 Dec 2014 11:08:41 nmf.py[line:109]                            INFO Iter: 39	 Loss: 116.106192177	 Delta: 1.24498843548

Sun, 21 Dec 2014 11:08:59 nmf.py[line:109]                            INFO Iter: 40	 Loss: 114.969732201	 Delta: 1.13645997627

Sun, 21 Dec 2014 11:09:19 nmf.py[line:109]                            INFO Iter: 41	 Loss: 113.90050249	 Delta: 1.06922971062

Sun, 21 Dec 2014 11:09:38 nmf.py[line:109]                            INFO Iter: 42	 Loss: 112.856334372	 Delta: 1.04416811775

Sun, 21 Dec 2014 11:09:58 nmf.py[line:109]                            INFO Iter: 43	 Loss: 111.830001373	 Delta: 1.0263329994

Sun, 21 Dec 2014 11:10:17 nmf.py[line:109]                            INFO Iter: 44	 Loss: 110.815536228	 Delta: 1.01446514506

Sun, 21 Dec 2014 11:10:36 nmf.py[line:109]                            INFO Iter: 45	 Loss: 109.848210202	 Delta: 0.967326026232

Sun, 21 Dec 2014 11:10:36 nmf.py[line:113]                            INFO NMF OK
Sun, 21 Dec 2014 11:10:36 demo_at_tsinghua_filter_by_10.py[line:102]                            INFO 
=========================

Sun, 21 Dec 2014 11:10:36 demo_at_tsinghua_filter_by_10.py[line:103]                            INFO time_step number %i:	2
Sun, 21 Dec 2014 11:10:36 demo_at_tsinghua_filter_by_10.py[line:104]                            INFO ----------------

Sun, 21 Dec 2014 11:10:37 demo_at_tsinghua_filter_by_10.py[line:119]                            INFO non zero cell num: 1665
Sun, 21 Dec 2014 11:10:37 demo_at_tsinghua_filter_by_10.py[line:122]                            INFO computing JPP decomposition...
Sun, 21 Dec 2014 11:14:03 JPPCF.py[line:86]                            INFO Iter: 1	 Loss: 3499.25604795	 Delta: 996500.743952

Sun, 21 Dec 2014 11:17:14 JPPCF.py[line:86]                            INFO Iter: 2	 Loss: 3487.13747418	 Delta: 12.1185737735

Sun, 21 Dec 2014 11:20:20 JPPCF.py[line:86]                            INFO Iter: 3	 Loss: 2928.26826243	 Delta: 558.869211753

Sun, 21 Dec 2014 11:23:20 JPPCF.py[line:86]                            INFO Iter: 4	 Loss: 2486.73492933	 Delta: 441.533333101

Sun, 21 Dec 2014 11:26:44 JPPCF.py[line:86]                            INFO Iter: 5	 Loss: 2159.84416545	 Delta: 326.890763875

Sun, 21 Dec 2014 11:30:07 JPPCF.py[line:86]                            INFO Iter: 6	 Loss: 1934.98236045	 Delta: 224.861805006

Sun, 21 Dec 2014 11:33:45 JPPCF.py[line:86]                            INFO Iter: 7	 Loss: 1692.96795224	 Delta: 242.014408202

Sun, 21 Dec 2014 11:36:59 JPPCF.py[line:86]                            INFO Iter: 8	 Loss: 1548.97591915	 Delta: 143.992033095

Sun, 21 Dec 2014 11:40:23 JPPCF.py[line:86]                            INFO Iter: 9	 Loss: 1429.70035367	 Delta: 119.275565484

Sun, 21 Dec 2014 11:43:26 JPPCF.py[line:86]                            INFO Iter: 10	 Loss: 1351.20982425	 Delta: 78.4905294158

Sun, 21 Dec 2014 11:46:27 JPPCF.py[line:86]                            INFO Iter: 11	 Loss: 1295.11069361	 Delta: 56.09913064

Sun, 21 Dec 2014 11:49:29 JPPCF.py[line:86]                            INFO Iter: 12	 Loss: 1248.11523624	 Delta: 46.9954573693

Sun, 21 Dec 2014 11:52:30 JPPCF.py[line:86]                            INFO Iter: 13	 Loss: 1212.00915974	 Delta: 36.1060764999

Sun, 21 Dec 2014 11:55:47 JPPCF.py[line:86]                            INFO Iter: 14	 Loss: 1175.52157646	 Delta: 36.4875832779

Sun, 21 Dec 2014 11:58:43 JPPCF.py[line:86]                            INFO Iter: 15	 Loss: 1133.75568612	 Delta: 41.7658903378

Sun, 21 Dec 2014 12:01:32 JPPCF.py[line:86]                            INFO Iter: 16	 Loss: 1104.28252804	 Delta: 29.473158088

Sun, 21 Dec 2014 12:04:28 JPPCF.py[line:86]                            INFO Iter: 17	 Loss: 1084.78824534	 Delta: 19.4942826967

Sun, 21 Dec 2014 12:07:11 JPPCF.py[line:86]                            INFO Iter: 18	 Loss: 1068.91056039	 Delta: 15.87768495

Sun, 21 Dec 2014 12:09:54 JPPCF.py[line:86]                            INFO Iter: 19	 Loss: 1051.39077189	 Delta: 17.5197884979

Sun, 21 Dec 2014 12:12:34 JPPCF.py[line:86]                            INFO Iter: 20	 Loss: 1032.28338646	 Delta: 19.1073854299

Sun, 21 Dec 2014 12:15:28 JPPCF.py[line:86]                            INFO Iter: 21	 Loss: 1012.95677288	 Delta: 19.3266135789

Sun, 21 Dec 2014 12:18:09 JPPCF.py[line:86]                            INFO Iter: 22	 Loss: 996.642644737	 Delta: 16.3141281468

Sun, 21 Dec 2014 12:20:57 JPPCF.py[line:86]                            INFO Iter: 23	 Loss: 982.954699882	 Delta: 13.6879448543

Sun, 21 Dec 2014 12:23:55 JPPCF.py[line:86]                            INFO Iter: 24	 Loss: 971.586773566	 Delta: 11.3679263159

Sun, 21 Dec 2014 12:26:29 JPPCF.py[line:86]                            INFO Iter: 25	 Loss: 962.843549504	 Delta: 8.74322406288

Sun, 21 Dec 2014 12:29:08 JPPCF.py[line:86]                            INFO Iter: 26	 Loss: 954.965786948	 Delta: 7.87776255517

Sun, 21 Dec 2014 12:31:46 JPPCF.py[line:86]                            INFO Iter: 27	 Loss: 947.803320701	 Delta: 7.16246624764

Sun, 21 Dec 2014 12:34:20 JPPCF.py[line:86]                            INFO Iter: 28	 Loss: 941.761364944	 Delta: 6.04195575645

Sun, 21 Dec 2014 12:36:39 JPPCF.py[line:86]                            INFO Iter: 29	 Loss: 935.967979489	 Delta: 5.79338545555

Sun, 21 Dec 2014 12:39:21 JPPCF.py[line:86]                            INFO Iter: 30	 Loss: 929.343101288	 Delta: 6.6248782008

Sun, 21 Dec 2014 12:41:51 JPPCF.py[line:86]                            INFO Iter: 31	 Loss: 923.861710077	 Delta: 5.4813912111

Sun, 21 Dec 2014 12:44:19 JPPCF.py[line:86]                            INFO Iter: 32	 Loss: 918.990818679	 Delta: 4.87089139777

Sun, 21 Dec 2014 12:46:49 JPPCF.py[line:86]                            INFO Iter: 33	 Loss: 914.838222757	 Delta: 4.15259592256

Sun, 21 Dec 2014 12:49:16 JPPCF.py[line:86]                            INFO Iter: 34	 Loss: 910.515667459	 Delta: 4.32255529798

Sun, 21 Dec 2014 12:51:22 JPPCF.py[line:86]                            INFO Iter: 35	 Loss: 905.697370246	 Delta: 4.81829721231

Sun, 21 Dec 2014 12:53:35 JPPCF.py[line:86]                            INFO Iter: 36	 Loss: 901.996061233	 Delta: 3.701309013

Sun, 21 Dec 2014 12:55:47 JPPCF.py[line:86]                            INFO Iter: 37	 Loss: 899.183929397	 Delta: 2.81213183659

Sun, 21 Dec 2014 12:57:57 JPPCF.py[line:86]                            INFO Iter: 38	 Loss: 897.062418402	 Delta: 2.1215109946

Sun, 21 Dec 2014 13:00:07 JPPCF.py[line:86]                            INFO Iter: 39	 Loss: 894.38667608	 Delta: 2.675742322

Sun, 21 Dec 2014 13:02:14 JPPCF.py[line:86]                            INFO Iter: 40	 Loss: 891.373740882	 Delta: 3.01293519841

Sun, 21 Dec 2014 13:04:24 JPPCF.py[line:86]                            INFO Iter: 41	 Loss: 888.190175149	 Delta: 3.18356573304

Sun, 21 Dec 2014 13:06:33 JPPCF.py[line:86]                            INFO Iter: 42	 Loss: 884.923688848	 Delta: 3.26648630101

Sun, 21 Dec 2014 13:08:43 JPPCF.py[line:86]                            INFO Iter: 43	 Loss: 882.305753163	 Delta: 2.61793568486

Sun, 21 Dec 2014 13:10:52 JPPCF.py[line:86]                            INFO Iter: 44	 Loss: 880.317451222	 Delta: 1.98830194069

Sun, 21 Dec 2014 13:13:03 JPPCF.py[line:86]                            INFO Iter: 45	 Loss: 878.307064843	 Delta: 2.01038637854

Sun, 21 Dec 2014 13:15:08 JPPCF.py[line:86]                            INFO Iter: 46	 Loss: 877.608575395	 Delta: 0.698489448476

Sun, 21 Dec 2014 13:15:08 JPPCF.py[line:88]                            INFO JPPCF OK

Sun, 21 Dec 2014 13:15:11 demo_at_tsinghua_filter_by_10.py[line:128]                            INFO [ok]
computing t-model NMF decomposition...
Sun, 21 Dec 2014 13:15:22 nmf.py[line:109]                            INFO Iter: 1	 Loss: 1668.10396487	 Delta: 998331.896035

Sun, 21 Dec 2014 13:15:33 nmf.py[line:109]                            INFO Iter: 2	 Loss: 1651.01802874	 Delta: 17.0859361345

Sun, 21 Dec 2014 13:15:44 nmf.py[line:109]                            INFO Iter: 3	 Loss: 1525.70384392	 Delta: 125.314184822

Sun, 21 Dec 2014 13:15:55 nmf.py[line:109]                            INFO Iter: 4	 Loss: 1260.18635534	 Delta: 265.51748858

Sun, 21 Dec 2014 13:16:06 nmf.py[line:109]                            INFO Iter: 5	 Loss: 983.946108798	 Delta: 276.240246538

Sun, 21 Dec 2014 13:16:17 nmf.py[line:109]                            INFO Iter: 6	 Loss: 802.0015732	 Delta: 181.944535598

Sun, 21 Dec 2014 13:16:28 nmf.py[line:109]                            INFO Iter: 7	 Loss: 705.106834632	 Delta: 96.8947385684

Sun, 21 Dec 2014 13:16:39 nmf.py[line:109]                            INFO Iter: 8	 Loss: 641.889937895	 Delta: 63.2168967373

Sun, 21 Dec 2014 13:16:51 nmf.py[line:109]                            INFO Iter: 9	 Loss: 587.411314963	 Delta: 54.4786229313

Sun, 21 Dec 2014 13:17:03 nmf.py[line:109]                            INFO Iter: 10	 Loss: 543.057461386	 Delta: 44.3538535776

Sun, 21 Dec 2014 13:17:14 nmf.py[line:109]                            INFO Iter: 11	 Loss: 510.021034768	 Delta: 33.0364266178

Sun, 21 Dec 2014 13:17:26 nmf.py[line:109]                            INFO Iter: 12	 Loss: 478.736047428	 Delta: 31.2849873403

Sun, 21 Dec 2014 13:17:37 nmf.py[line:109]                            INFO Iter: 13	 Loss: 454.536293628	 Delta: 24.1997537993

Sun, 21 Dec 2014 13:17:48 nmf.py[line:109]                            INFO Iter: 14	 Loss: 439.977569828	 Delta: 14.5587238004

Sun, 21 Dec 2014 13:18:00 nmf.py[line:109]                            INFO Iter: 15	 Loss: 426.620741552	 Delta: 13.3568282759

Sun, 21 Dec 2014 13:18:11 nmf.py[line:109]                            INFO Iter: 16	 Loss: 410.995428393	 Delta: 15.6253131592

Sun, 21 Dec 2014 13:18:23 nmf.py[line:109]                            INFO Iter: 17	 Loss: 396.367481175	 Delta: 14.6279472176

Sun, 21 Dec 2014 13:18:34 nmf.py[line:109]                            INFO Iter: 18	 Loss: 386.654082184	 Delta: 9.71339899155

Sun, 21 Dec 2014 13:18:46 nmf.py[line:109]                            INFO Iter: 19	 Loss: 381.258882484	 Delta: 5.39519969977

Sun, 21 Dec 2014 13:18:57 nmf.py[line:109]                            INFO Iter: 20	 Loss: 377.140326697	 Delta: 4.11855578683

Sun, 21 Dec 2014 13:19:09 nmf.py[line:109]                            INFO Iter: 21	 Loss: 373.961828252	 Delta: 3.17849844561

Sun, 21 Dec 2014 13:19:20 nmf.py[line:109]                            INFO Iter: 22	 Loss: 370.714786067	 Delta: 3.24704218484

Sun, 21 Dec 2014 13:19:31 nmf.py[line:109]                            INFO Iter: 23	 Loss: 368.3424288	 Delta: 2.37235726661

Sun, 21 Dec 2014 13:19:43 nmf.py[line:109]                            INFO Iter: 24	 Loss: 366.176286343	 Delta: 2.16614245704

Sun, 21 Dec 2014 13:19:53 nmf.py[line:109]                            INFO Iter: 25	 Loss: 363.639990639	 Delta: 2.53629570392

Sun, 21 Dec 2014 13:20:05 nmf.py[line:109]                            INFO Iter: 26	 Loss: 361.583435022	 Delta: 2.05655561714

Sun, 21 Dec 2014 13:20:16 nmf.py[line:109]                            INFO Iter: 27	 Loss: 359.384437702	 Delta: 2.19899732

Sun, 21 Dec 2014 13:20:27 nmf.py[line:109]                            INFO Iter: 28	 Loss: 356.029920657	 Delta: 3.35451704463

Sun, 21 Dec 2014 13:20:38 nmf.py[line:109]                            INFO Iter: 29	 Loss: 353.063756265	 Delta: 2.96616439262

Sun, 21 Dec 2014 13:20:48 nmf.py[line:109]                            INFO Iter: 30	 Loss: 351.934076797	 Delta: 1.12967946824

Sun, 21 Dec 2014 13:20:59 nmf.py[line:109]                            INFO Iter: 31	 Loss: 351.288234023	 Delta: 0.645842773487

Sun, 21 Dec 2014 13:20:59 nmf.py[line:113]                            INFO NMF OK
Sun, 21 Dec 2014 13:21:03 demo_at_tsinghua_filter_by_10.py[line:134]                            INFO [ok]
computing fix_model NMF decomposition...
Sun, 21 Dec 2014 13:21:04 demo_at_tsinghua_filter_by_10.py[line:142]                            INFO non zero cell num: 1665
Sun, 21 Dec 2014 13:21:15 nmf.py[line:109]                            INFO Iter: 1	 Loss: 1668.07891104	 Delta: 998331.921089

Sun, 21 Dec 2014 13:21:25 nmf.py[line:109]                            INFO Iter: 2	 Loss: 1648.59954914	 Delta: 19.4793618955

Sun, 21 Dec 2014 13:21:35 nmf.py[line:109]                            INFO Iter: 3	 Loss: 1519.13802761	 Delta: 129.461521527

Sun, 21 Dec 2014 13:21:45 nmf.py[line:109]                            INFO Iter: 4	 Loss: 1212.15742938	 Delta: 306.980598238

Sun, 21 Dec 2014 13:21:55 nmf.py[line:109]                            INFO Iter: 5	 Loss: 985.438406247	 Delta: 226.71902313

Sun, 21 Dec 2014 13:22:06 nmf.py[line:109]                            INFO Iter: 6	 Loss: 856.918977815	 Delta: 128.519428432

Sun, 21 Dec 2014 13:22:17 nmf.py[line:109]                            INFO Iter: 7	 Loss: 747.529119032	 Delta: 109.389858783

Sun, 21 Dec 2014 13:22:27 nmf.py[line:109]                            INFO Iter: 8	 Loss: 664.822849112	 Delta: 82.7062699202

Sun, 21 Dec 2014 13:22:37 nmf.py[line:109]                            INFO Iter: 9	 Loss: 599.620093123	 Delta: 65.202755989

Sun, 21 Dec 2014 13:22:49 nmf.py[line:109]                            INFO Iter: 10	 Loss: 546.626931992	 Delta: 52.9931611309

Sun, 21 Dec 2014 13:23:00 nmf.py[line:109]                            INFO Iter: 11	 Loss: 506.063376322	 Delta: 40.5635556698

Sun, 21 Dec 2014 13:23:11 nmf.py[line:109]                            INFO Iter: 12	 Loss: 476.217436399	 Delta: 29.8459399235

Sun, 21 Dec 2014 13:23:22 nmf.py[line:109]                            INFO Iter: 13	 Loss: 451.988711566	 Delta: 24.2287248329

Sun, 21 Dec 2014 13:23:33 nmf.py[line:109]                            INFO Iter: 14	 Loss: 430.646598678	 Delta: 21.3421128883

Sun, 21 Dec 2014 13:23:44 nmf.py[line:109]                            INFO Iter: 15	 Loss: 412.414726226	 Delta: 18.2318724514

Sun, 21 Dec 2014 13:23:55 nmf.py[line:109]                            INFO Iter: 16	 Loss: 397.750745539	 Delta: 14.6639806873

Sun, 21 Dec 2014 13:24:05 nmf.py[line:109]                            INFO Iter: 17	 Loss: 386.656218398	 Delta: 11.0945271404

Sun, 21 Dec 2014 13:24:16 nmf.py[line:109]                            INFO Iter: 18	 Loss: 377.181276758	 Delta: 9.47494164028

Sun, 21 Dec 2014 13:24:26 nmf.py[line:109]                            INFO Iter: 19	 Loss: 370.364030995	 Delta: 6.81724576316

Sun, 21 Dec 2014 13:24:37 nmf.py[line:109]                            INFO Iter: 20	 Loss: 364.536871376	 Delta: 5.82715961927

Sun, 21 Dec 2014 13:24:47 nmf.py[line:109]                            INFO Iter: 21	 Loss: 358.783736396	 Delta: 5.7531349799

Sun, 21 Dec 2014 13:24:57 nmf.py[line:109]                            INFO Iter: 22	 Loss: 353.840840683	 Delta: 4.94289571264

Sun, 21 Dec 2014 13:25:08 nmf.py[line:109]                            INFO Iter: 23	 Loss: 349.369536174	 Delta: 4.47130450937

Sun, 21 Dec 2014 13:25:18 nmf.py[line:109]                            INFO Iter: 24	 Loss: 345.385296427	 Delta: 3.98423974645

Sun, 21 Dec 2014 13:25:29 nmf.py[line:109]                            INFO Iter: 25	 Loss: 341.258665766	 Delta: 4.12663066148

Sun, 21 Dec 2014 13:25:39 nmf.py[line:109]                            INFO Iter: 26	 Loss: 339.00513313	 Delta: 2.25353263618

Sun, 21 Dec 2014 13:25:49 nmf.py[line:109]                            INFO Iter: 27	 Loss: 337.078335074	 Delta: 1.92679805589

Sun, 21 Dec 2014 13:25:59 nmf.py[line:109]                            INFO Iter: 28	 Loss: 335.369420668	 Delta: 1.70891440561

Sun, 21 Dec 2014 13:26:09 nmf.py[line:109]                            INFO Iter: 29	 Loss: 334.142374061	 Delta: 1.22704660767

Sun, 21 Dec 2014 13:26:19 nmf.py[line:109]                            INFO Iter: 30	 Loss: 332.999693747	 Delta: 1.14268031398

Sun, 21 Dec 2014 13:26:29 nmf.py[line:109]                            INFO Iter: 31	 Loss: 331.921272607	 Delta: 1.07842113958

Sun, 21 Dec 2014 13:26:40 nmf.py[line:109]                            INFO Iter: 32	 Loss: 330.889831288	 Delta: 1.03144131945

Sun, 21 Dec 2014 13:26:50 nmf.py[line:109]                            INFO Iter: 33	 Loss: 330.06774607	 Delta: 0.822085217496

Sun, 21 Dec 2014 13:26:50 nmf.py[line:113]                            INFO NMF OK
Sun, 21 Dec 2014 13:26:53 demo_at_tsinghua_filter_by_10.py[line:148]                            INFO [ok]

Sun, 21 Dec 2014 13:26:53 demo_at_tsinghua_filter_by_10.py[line:150]                            INFO 	 fold_id:0

Sun, 21 Dec 2014 13:26:53 demo_at_tsinghua_filter_by_10.py[line:152]                            INFO 	recall at 10:
Sun, 21 Dec 2014 13:27:12 demo_at_tsinghua_filter_by_10.py[line:177]                            INFO 		t-model NMF :  0.262838468721

Sun, 21 Dec 2014 13:27:12 demo_at_tsinghua_filter_by_10.py[line:178]                            INFO 		f-model NMF :  0.288895558223

Sun, 21 Dec 2014 13:27:12 demo_at_tsinghua_filter_by_10.py[line:179]                            INFO 		JPPCF :  0.269251033747

Sun, 21 Dec 2014 13:27:12 demo_at_tsinghua_filter_by_10.py[line:152]                            INFO 	recall at 50:
Sun, 21 Dec 2014 13:27:32 demo_at_tsinghua_filter_by_10.py[line:177]                            INFO 		t-model NMF :  0.536171135121

Sun, 21 Dec 2014 13:27:32 demo_at_tsinghua_filter_by_10.py[line:178]                            INFO 		f-model NMF :  0.546375216753

Sun, 21 Dec 2014 13:27:32 demo_at_tsinghua_filter_by_10.py[line:179]                            INFO 		JPPCF :  0.56526944111

Sun, 21 Dec 2014 13:27:32 demo_at_tsinghua_filter_by_10.py[line:152]                            INFO 	recall at 100:
Sun, 21 Dec 2014 13:27:49 demo_at_tsinghua_filter_by_10.py[line:177]                            INFO 		t-model NMF :  0.634783913565

Sun, 21 Dec 2014 13:27:49 demo_at_tsinghua_filter_by_10.py[line:178]                            INFO 		f-model NMF :  0.650336801387

Sun, 21 Dec 2014 13:27:49 demo_at_tsinghua_filter_by_10.py[line:179]                            INFO 		JPPCF :  0.64335400827

Sun, 21 Dec 2014 13:27:49 demo_at_tsinghua_filter_by_10.py[line:152]                            INFO 	recall at 300:
Sun, 21 Dec 2014 13:28:06 demo_at_tsinghua_filter_by_10.py[line:177]                            INFO 		t-model NMF :  0.835574229692

Sun, 21 Dec 2014 13:28:06 demo_at_tsinghua_filter_by_10.py[line:178]                            INFO 		f-model NMF :  0.820261437908

Sun, 21 Dec 2014 13:28:06 demo_at_tsinghua_filter_by_10.py[line:179]                            INFO 		JPPCF :  0.810947712418

Sun, 21 Dec 2014 13:28:06 demo_at_tsinghua_filter_by_10.py[line:152]                            INFO 	recall at 500:
Sun, 21 Dec 2014 13:28:25 demo_at_tsinghua_filter_by_10.py[line:177]                            INFO 		t-model NMF :  0.876400560224

Sun, 21 Dec 2014 13:28:25 demo_at_tsinghua_filter_by_10.py[line:178]                            INFO 		f-model NMF :  0.862861811391

Sun, 21 Dec 2014 13:28:25 demo_at_tsinghua_filter_by_10.py[line:179]                            INFO 		JPPCF :  0.881769374416

Sun, 21 Dec 2014 13:28:25 demo_at_tsinghua_filter_by_10.py[line:152]                            INFO 	recall at 1000:
Sun, 21 Dec 2014 13:28:44 demo_at_tsinghua_filter_by_10.py[line:177]                            INFO 		t-model NMF :  0.901960784314

Sun, 21 Dec 2014 13:28:44 demo_at_tsinghua_filter_by_10.py[line:178]                            INFO 		f-model NMF :  0.885154061625

Sun, 21 Dec 2014 13:28:44 demo_at_tsinghua_filter_by_10.py[line:179]                            INFO 		JPPCF :  0.918767507003

Sun, 21 Dec 2014 13:28:44 demo_at_tsinghua_filter_by_10.py[line:181]                            INFO current_time_step: 2

Sun, 21 Dec 2014 13:28:44 demo_at_tsinghua_filter_by_10.py[line:184]                            INFO 	recall at 10:
Sun, 21 Dec 2014 13:28:44 demo_at_tsinghua_filter_by_10.py[line:188]                            INFO 		avg t-model NMF :  0.262838468721

Sun, 21 Dec 2014 13:28:44 demo_at_tsinghua_filter_by_10.py[line:189]                            INFO 		avg f-model NMF :  0.288895558223

Sun, 21 Dec 2014 13:28:44 demo_at_tsinghua_filter_by_10.py[line:190]                            INFO 		avg JPPCF :  0.269251033747

Sun, 21 Dec 2014 13:28:44 demo_at_tsinghua_filter_by_10.py[line:184]                            INFO 	recall at 50:
Sun, 21 Dec 2014 13:28:44 demo_at_tsinghua_filter_by_10.py[line:188]                            INFO 		avg t-model NMF :  0.536171135121

Sun, 21 Dec 2014 13:28:44 demo_at_tsinghua_filter_by_10.py[line:189]                            INFO 		avg f-model NMF :  0.546375216753

Sun, 21 Dec 2014 13:28:44 demo_at_tsinghua_filter_by_10.py[line:190]                            INFO 		avg JPPCF :  0.56526944111

Sun, 21 Dec 2014 13:28:44 demo_at_tsinghua_filter_by_10.py[line:184]                            INFO 	recall at 100:
Sun, 21 Dec 2014 13:28:44 demo_at_tsinghua_filter_by_10.py[line:188]                            INFO 		avg t-model NMF :  0.634783913565

Sun, 21 Dec 2014 13:28:44 demo_at_tsinghua_filter_by_10.py[line:189]                            INFO 		avg f-model NMF :  0.650336801387

Sun, 21 Dec 2014 13:28:44 demo_at_tsinghua_filter_by_10.py[line:190]                            INFO 		avg JPPCF :  0.64335400827

Sun, 21 Dec 2014 13:28:44 demo_at_tsinghua_filter_by_10.py[line:184]                            INFO 	recall at 300:
Sun, 21 Dec 2014 13:28:44 demo_at_tsinghua_filter_by_10.py[line:188]                            INFO 		avg t-model NMF :  0.835574229692

Sun, 21 Dec 2014 13:28:44 demo_at_tsinghua_filter_by_10.py[line:189]                            INFO 		avg f-model NMF :  0.820261437908

Sun, 21 Dec 2014 13:28:44 demo_at_tsinghua_filter_by_10.py[line:190]                            INFO 		avg JPPCF :  0.810947712418

Sun, 21 Dec 2014 13:28:44 demo_at_tsinghua_filter_by_10.py[line:184]                            INFO 	recall at 500:
Sun, 21 Dec 2014 13:28:44 demo_at_tsinghua_filter_by_10.py[line:188]                            INFO 		avg t-model NMF :  0.876400560224

Sun, 21 Dec 2014 13:28:44 demo_at_tsinghua_filter_by_10.py[line:189]                            INFO 		avg f-model NMF :  0.862861811391

Sun, 21 Dec 2014 13:28:44 demo_at_tsinghua_filter_by_10.py[line:190]                            INFO 		avg JPPCF :  0.881769374416

Sun, 21 Dec 2014 13:28:44 demo_at_tsinghua_filter_by_10.py[line:184]                            INFO 	recall at 1000:
Sun, 21 Dec 2014 13:28:44 demo_at_tsinghua_filter_by_10.py[line:188]                            INFO 		avg t-model NMF :  0.901960784314

Sun, 21 Dec 2014 13:28:44 demo_at_tsinghua_filter_by_10.py[line:189]                            INFO 		avg f-model NMF :  0.885154061625

Sun, 21 Dec 2014 13:28:44 demo_at_tsinghua_filter_by_10.py[line:190]                            INFO 		avg JPPCF :  0.918767507003

Sun, 21 Dec 2014 13:28:44 demo_at_tsinghua_filter_by_10.py[line:204]                            INFO =========================

Sun, 21 Dec 2014 13:28:44 demo_at_tsinghua_filter_by_10.py[line:102]                            INFO 
=========================

Sun, 21 Dec 2014 13:28:44 demo_at_tsinghua_filter_by_10.py[line:103]                            INFO time_step number %i:	3
Sun, 21 Dec 2014 13:28:44 demo_at_tsinghua_filter_by_10.py[line:104]                            INFO ----------------

Sun, 21 Dec 2014 13:28:45 demo_at_tsinghua_filter_by_10.py[line:119]                            INFO non zero cell num: 2740
Sun, 21 Dec 2014 13:28:45 demo_at_tsinghua_filter_by_10.py[line:122]                            INFO computing JPP decomposition...
Sun, 21 Dec 2014 13:30:55 JPPCF.py[line:86]                            INFO Iter: 1	 Loss: 5645.27794484	 Delta: 994354.722055

Sun, 21 Dec 2014 13:33:00 JPPCF.py[line:86]                            INFO Iter: 2	 Loss: 5615.34527071	 Delta: 29.9326741252

Sun, 21 Dec 2014 13:35:08 JPPCF.py[line:86]                            INFO Iter: 3	 Loss: 4167.92636874	 Delta: 1447.41890197

Sun, 21 Dec 2014 13:37:13 JPPCF.py[line:86]                            INFO Iter: 4	 Loss: 3693.88260928	 Delta: 474.043759459

Sun, 21 Dec 2014 13:39:17 JPPCF.py[line:86]                            INFO Iter: 5	 Loss: 3085.98993737	 Delta: 607.892671916

Sun, 21 Dec 2014 13:41:20 JPPCF.py[line:86]                            INFO Iter: 6	 Loss: 2781.35090953	 Delta: 304.639027835

Sun, 21 Dec 2014 13:43:21 JPPCF.py[line:86]                            INFO Iter: 7	 Loss: 2523.91218591	 Delta: 257.438723619

Sun, 21 Dec 2014 13:45:27 JPPCF.py[line:86]                            INFO Iter: 8	 Loss: 2279.74015551	 Delta: 244.172030399

Sun, 21 Dec 2014 13:47:35 JPPCF.py[line:86]                            INFO Iter: 9	 Loss: 2075.67893302	 Delta: 204.061222494

Sun, 21 Dec 2014 13:49:43 JPPCF.py[line:86]                            INFO Iter: 10	 Loss: 1906.11693303	 Delta: 169.561999987

Sun, 21 Dec 2014 13:51:48 JPPCF.py[line:86]                            INFO Iter: 11	 Loss: 1765.6812227	 Delta: 140.435710336

Sun, 21 Dec 2014 13:54:00 JPPCF.py[line:86]                            INFO Iter: 12	 Loss: 1667.12422135	 Delta: 98.5570013422

Sun, 21 Dec 2014 13:56:08 JPPCF.py[line:86]                            INFO Iter: 13	 Loss: 1605.18946114	 Delta: 61.9347602142

Sun, 21 Dec 2014 13:58:17 JPPCF.py[line:86]                            INFO Iter: 14	 Loss: 1567.42309855	 Delta: 37.7663625862

Sun, 21 Dec 2014 14:00:23 JPPCF.py[line:86]                            INFO Iter: 15	 Loss: 1534.45790895	 Delta: 32.9651896075

Sun, 21 Dec 2014 14:02:29 JPPCF.py[line:86]                            INFO Iter: 16	 Loss: 1508.33019611	 Delta: 26.1277128348

Sun, 21 Dec 2014 14:04:34 JPPCF.py[line:86]                            INFO Iter: 17	 Loss: 1483.53944713	 Delta: 24.7907489767

Sun, 21 Dec 2014 14:06:45 JPPCF.py[line:86]                            INFO Iter: 18	 Loss: 1463.6100124	 Delta: 19.9294347366

Sun, 21 Dec 2014 14:08:57 JPPCF.py[line:86]                            INFO Iter: 19	 Loss: 1446.42251073	 Delta: 17.1875016711

Sun, 21 Dec 2014 14:11:10 JPPCF.py[line:86]                            INFO Iter: 20	 Loss: 1432.84622093	 Delta: 13.5762897985

Sun, 21 Dec 2014 14:13:20 JPPCF.py[line:86]                            INFO Iter: 21	 Loss: 1421.09788679	 Delta: 11.748334137

Sun, 21 Dec 2014 14:15:30 JPPCF.py[line:86]                            INFO Iter: 22	 Loss: 1409.08508377	 Delta: 12.0128030164

Sun, 21 Dec 2014 14:17:39 JPPCF.py[line:86]                            INFO Iter: 23	 Loss: 1400.20358063	 Delta: 8.88150314334

Sun, 21 Dec 2014 14:19:46 JPPCF.py[line:86]                            INFO Iter: 24	 Loss: 1391.80950377	 Delta: 8.39407686074

Sun, 21 Dec 2014 14:21:57 JPPCF.py[line:86]                            INFO Iter: 25	 Loss: 1383.40269205	 Delta: 8.40681171912

Sun, 21 Dec 2014 14:24:07 JPPCF.py[line:86]                            INFO Iter: 26	 Loss: 1376.79967382	 Delta: 6.60301822632

Sun, 21 Dec 2014 14:26:20 JPPCF.py[line:86]                            INFO Iter: 27	 Loss: 1369.60956393	 Delta: 7.19010989091

Sun, 21 Dec 2014 14:28:31 JPPCF.py[line:86]                            INFO Iter: 28	 Loss: 1362.85099071	 Delta: 6.75857322479

Sun, 21 Dec 2014 14:30:38 JPPCF.py[line:86]                            INFO Iter: 29	 Loss: 1357.23466523	 Delta: 5.61632548105

Sun, 21 Dec 2014 14:32:47 JPPCF.py[line:86]                            INFO Iter: 30	 Loss: 1352.57793379	 Delta: 4.65673143344

Sun, 21 Dec 2014 14:34:59 JPPCF.py[line:86]                            INFO Iter: 31	 Loss: 1347.17073734	 Delta: 5.40719645184

Sun, 21 Dec 2014 14:37:08 JPPCF.py[line:86]                            INFO Iter: 32	 Loss: 1340.78668174	 Delta: 6.38405560461

Sun, 21 Dec 2014 14:39:19 JPPCF.py[line:86]                            INFO Iter: 33	 Loss: 1334.97174056	 Delta: 5.8149411798

Sun, 21 Dec 2014 14:41:33 JPPCF.py[line:86]                            INFO Iter: 34	 Loss: 1328.87864694	 Delta: 6.09309361373

Sun, 21 Dec 2014 14:43:40 JPPCF.py[line:86]                            INFO Iter: 35	 Loss: 1322.05299591	 Delta: 6.82565103229

Sun, 21 Dec 2014 14:45:48 JPPCF.py[line:86]                            INFO Iter: 36	 Loss: 1316.17824854	 Delta: 5.87474737203

Sun, 21 Dec 2014 14:48:01 JPPCF.py[line:86]                            INFO Iter: 37	 Loss: 1312.01103004	 Delta: 4.16721850162

Sun, 21 Dec 2014 14:50:14 JPPCF.py[line:86]                            INFO Iter: 38	 Loss: 1308.69442274	 Delta: 3.31660729556

Sun, 21 Dec 2014 14:52:27 JPPCF.py[line:86]                            INFO Iter: 39	 Loss: 1306.21803794	 Delta: 2.47638480411

Sun, 21 Dec 2014 14:54:38 JPPCF.py[line:86]                            INFO Iter: 40	 Loss: 1304.15488113	 Delta: 2.06315680414

Sun, 21 Dec 2014 14:56:54 JPPCF.py[line:86]                            INFO Iter: 41	 Loss: 1301.86867401	 Delta: 2.28620712862

Sun, 21 Dec 2014 14:59:12 JPPCF.py[line:86]                            INFO Iter: 42	 Loss: 1299.79548756	 Delta: 2.07318644751

Sun, 21 Dec 2014 15:01:22 JPPCF.py[line:86]                            INFO Iter: 43	 Loss: 1295.89104647	 Delta: 3.90444109234

Sun, 21 Dec 2014 15:03:32 JPPCF.py[line:86]                            INFO Iter: 44	 Loss: 1292.86874361	 Delta: 3.02230286127

Sun, 21 Dec 2014 15:05:45 JPPCF.py[line:86]                            INFO Iter: 45	 Loss: 1290.26007348	 Delta: 2.60867012993

Sun, 21 Dec 2014 15:07:57 JPPCF.py[line:86]                            INFO Iter: 46	 Loss: 1288.12776566	 Delta: 2.1323078104

Sun, 21 Dec 2014 15:10:03 JPPCF.py[line:86]                            INFO Iter: 47	 Loss: 1285.59266688	 Delta: 2.53509878175

Sun, 21 Dec 2014 15:12:12 JPPCF.py[line:86]                            INFO Iter: 48	 Loss: 1282.46893132	 Delta: 3.12373555986

Sun, 21 Dec 2014 15:14:16 JPPCF.py[line:86]                            INFO Iter: 49	 Loss: 1279.79146858	 Delta: 2.67746274593

Sun, 21 Dec 2014 15:16:27 JPPCF.py[line:86]                            INFO Iter: 50	 Loss: 1276.92677464	 Delta: 2.8646939344

Sun, 21 Dec 2014 15:18:34 JPPCF.py[line:86]                            INFO Iter: 51	 Loss: 1274.51480907	 Delta: 2.41196557272

Sun, 21 Dec 2014 15:20:43 JPPCF.py[line:86]                            INFO Iter: 52	 Loss: 1271.75210289	 Delta: 2.76270618186

Sun, 21 Dec 2014 15:22:55 JPPCF.py[line:86]                            INFO Iter: 53	 Loss: 1268.36572064	 Delta: 3.38638224849

Sun, 21 Dec 2014 15:25:06 JPPCF.py[line:86]                            INFO Iter: 54	 Loss: 1265.2339442	 Delta: 3.1317764428

Sun, 21 Dec 2014 15:27:12 JPPCF.py[line:86]                            INFO Iter: 55	 Loss: 1262.84815106	 Delta: 2.38579313438

Sun, 21 Dec 2014 15:29:20 JPPCF.py[line:86]                            INFO Iter: 56	 Loss: 1260.07530944	 Delta: 2.77284162288

Sun, 21 Dec 2014 15:31:30 JPPCF.py[line:86]                            INFO Iter: 57	 Loss: 1257.2972603	 Delta: 2.77804914116

Sun, 21 Dec 2014 15:33:37 JPPCF.py[line:86]                            INFO Iter: 58	 Loss: 1254.45793716	 Delta: 2.83932313753

Sun, 21 Dec 2014 15:35:46 JPPCF.py[line:86]                            INFO Iter: 59	 Loss: 1251.62720754	 Delta: 2.83072962472

Sun, 21 Dec 2014 15:37:53 JPPCF.py[line:86]                            INFO Iter: 60	 Loss: 1249.04033336	 Delta: 2.58687417851

Sun, 21 Dec 2014 15:40:01 JPPCF.py[line:86]                            INFO Iter: 61	 Loss: 1246.89112735	 Delta: 2.14920600717

Sun, 21 Dec 2014 15:42:14 JPPCF.py[line:86]                            INFO Iter: 62	 Loss: 1244.71338021	 Delta: 2.17774713967

Sun, 21 Dec 2014 15:44:21 JPPCF.py[line:86]                            INFO Iter: 63	 Loss: 1242.41924666	 Delta: 2.29413355038

Sun, 21 Dec 2014 15:46:33 JPPCF.py[line:86]                            INFO Iter: 64	 Loss: 1240.12019599	 Delta: 2.29905067274

