Sun, 21 Dec 2014 10:56:39 demo_at_tsinghua_filter_by_10.py[line:82]                            INFO user num: 3431

Sun, 21 Dec 2014 10:56:39 demo_at_tsinghua_filter_by_10.py[line:83]                            INFO doc num: 7710

Sun, 21 Dec 2014 10:56:39 demo_at_tsinghua_filter_by_10.py[line:84]                            INFO time step num: 20

Sun, 21 Dec 2014 10:56:40 demo_at_tsinghua_filter_by_10.py[line:91]                            INFO non zero cell num: 1338
Sun, 21 Dec 2014 10:56:40 demo_at_tsinghua_filter_by_10.py[line:92]                            INFO start nmf:

Sun, 21 Dec 2014 10:56:58 nmf.py[line:109]                            INFO Iter: 1	 Loss: 1341.74991654	 Delta: 998658.250083

Sun, 21 Dec 2014 10:57:16 nmf.py[line:109]                            INFO Iter: 2	 Loss: 1239.20354187	 Delta: 102.546374671

Sun, 21 Dec 2014 10:57:34 nmf.py[line:109]                            INFO Iter: 3	 Loss: 1098.36625255	 Delta: 140.837289318

Sun, 21 Dec 2014 10:57:51 nmf.py[line:109]                            INFO Iter: 4	 Loss: 920.533051159	 Delta: 177.833201391

Sun, 21 Dec 2014 10:58:10 nmf.py[line:109]                            INFO Iter: 5	 Loss: 720.086127921	 Delta: 200.446923238

Sun, 21 Dec 2014 10:58:28 nmf.py[line:109]                            INFO Iter: 6	 Loss: 567.021018279	 Delta: 153.065109642

Sun, 21 Dec 2014 10:58:46 nmf.py[line:109]                            INFO Iter: 7	 Loss: 446.800556778	 Delta: 120.220461501

Sun, 21 Dec 2014 10:59:04 nmf.py[line:109]                            INFO Iter: 8	 Loss: 367.56504248	 Delta: 79.2355142983

Sun, 21 Dec 2014 10:59:24 nmf.py[line:109]                            INFO Iter: 9	 Loss: 312.913064463	 Delta: 54.6519780167

Sun, 21 Dec 2014 10:59:43 nmf.py[line:109]                            INFO Iter: 10	 Loss: 275.707224122	 Delta: 37.2058403406

Sun, 21 Dec 2014 11:00:00 nmf.py[line:109]                            INFO Iter: 11	 Loss: 251.086621927	 Delta: 24.620602195

Sun, 21 Dec 2014 11:00:18 nmf.py[line:109]                            INFO Iter: 12	 Loss: 233.066312328	 Delta: 18.0203095994

Sun, 21 Dec 2014 11:00:37 nmf.py[line:109]                            INFO Iter: 13	 Loss: 219.183612671	 Delta: 13.8826996568

Sun, 21 Dec 2014 11:00:55 nmf.py[line:109]                            INFO Iter: 14	 Loss: 208.788754834	 Delta: 10.3948578377

Sun, 21 Dec 2014 11:01:15 nmf.py[line:109]                            INFO Iter: 15	 Loss: 200.551892947	 Delta: 8.23686188605

Sun, 21 Dec 2014 11:01:34 nmf.py[line:109]                            INFO Iter: 16	 Loss: 193.700352871	 Delta: 6.85154007604

Sun, 21 Dec 2014 11:01:53 nmf.py[line:109]                            INFO Iter: 17	 Loss: 187.220497904	 Delta: 6.47985496786

Sun, 21 Dec 2014 11:02:12 nmf.py[line:109]                            INFO Iter: 18	 Loss: 180.920838799	 Delta: 6.29965910499

Sun, 21 Dec 2014 11:02:32 nmf.py[line:109]                            INFO Iter: 19	 Loss: 172.874328456	 Delta: 8.04651034301

Sun, 21 Dec 2014 11:02:52 nmf.py[line:109]                            INFO Iter: 20	 Loss: 163.154818933	 Delta: 9.71950952229

Sun, 21 Dec 2014 11:03:11 nmf.py[line:109]                            INFO Iter: 21	 Loss: 154.76669527	 Delta: 8.38812366372

Sun, 21 Dec 2014 11:03:30 nmf.py[line:109]                            INFO Iter: 22	 Loss: 147.253214902	 Delta: 7.51348036736

Sun, 21 Dec 2014 11:03:48 nmf.py[line:109]                            INFO Iter: 23	 Loss: 141.834919825	 Delta: 5.41829507751

Sun, 21 Dec 2014 11:04:07 nmf.py[line:109]                            INFO Iter: 24	 Loss: 137.560416095	 Delta: 4.27450372947

Sun, 21 Dec 2014 11:04:26 nmf.py[line:109]                            INFO Iter: 25	 Loss: 134.089577235	 Delta: 3.47083886069

Sun, 21 Dec 2014 11:04:44 nmf.py[line:109]                            INFO Iter: 26	 Loss: 131.082988574	 Delta: 3.00658866011

Sun, 21 Dec 2014 11:05:01 nmf.py[line:109]                            INFO Iter: 27	 Loss: 128.320456952	 Delta: 2.76253162234

Sun, 21 Dec 2014 11:05:20 nmf.py[line:109]                            INFO Iter: 28	 Loss: 125.671189017	 Delta: 2.6492679348

Sun, 21 Dec 2014 11:05:39 nmf.py[line:109]                            INFO Iter: 29	 Loss: 123.360970522	 Delta: 2.31021849503

Sun, 21 Dec 2014 11:05:59 nmf.py[line:109]                            INFO Iter: 30	 Loss: 121.437818736	 Delta: 1.9231517863

Sun, 21 Dec 2014 11:06:19 nmf.py[line:109]                            INFO Iter: 31	 Loss: 119.961151656	 Delta: 1.47666707984

Sun, 21 Dec 2014 11:06:38 nmf.py[line:109]                            INFO Iter: 32	 Loss: 118.639667422	 Delta: 1.32148423379

Sun, 21 Dec 2014 11:06:54 nmf.py[line:109]                            INFO Iter: 33	 Loss: 117.21660377	 Delta: 1.42306365199

Sun, 21 Dec 2014 11:07:12 nmf.py[line:109]                            INFO Iter: 34	 Loss: 115.80577597	 Delta: 1.41082779998

Sun, 21 Dec 2014 11:07:31 nmf.py[line:109]                            INFO Iter: 35	 Loss: 114.538128916	 Delta: 1.2676470548

Sun, 21 Dec 2014 11:07:48 nmf.py[line:109]                            INFO Iter: 36	 Loss: 113.403797722	 Delta: 1.13433119355

Sun, 21 Dec 2014 11:08:06 nmf.py[line:109]                            INFO Iter: 37	 Loss: 112.295275063	 Delta: 1.10852265858

Sun, 21 Dec 2014 11:08:23 nmf.py[line:109]                            INFO Iter: 38	 Loss: 111.151621602	 Delta: 1.1436534617

Sun, 21 Dec 2014 11:08:40 nmf.py[line:109]                            INFO Iter: 39	 Loss: 110.057141781	 Delta: 1.09447982046

Sun, 21 Dec 2014 11:08:59 nmf.py[line:109]                            INFO Iter: 40	 Loss: 108.955306122	 Delta: 1.10183565932

Sun, 21 Dec 2014 11:09:19 nmf.py[line:109]                            INFO Iter: 41	 Loss: 107.794630659	 Delta: 1.16067546285

Sun, 21 Dec 2014 11:09:37 nmf.py[line:109]                            INFO Iter: 42	 Loss: 106.655272811	 Delta: 1.13935784816

Sun, 21 Dec 2014 11:09:55 nmf.py[line:109]                            INFO Iter: 43	 Loss: 105.594249177	 Delta: 1.06102363402

Sun, 21 Dec 2014 11:10:10 nmf.py[line:109]                            INFO Iter: 44	 Loss: 104.717484042	 Delta: 0.876765135173

Sun, 21 Dec 2014 11:10:10 nmf.py[line:113]                            INFO NMF OK
Sun, 21 Dec 2014 11:10:10 demo_at_tsinghua_filter_by_10.py[line:102]                            INFO 
=========================

Sun, 21 Dec 2014 11:10:10 demo_at_tsinghua_filter_by_10.py[line:103]                            INFO time_step number %i:	2
Sun, 21 Dec 2014 11:10:10 demo_at_tsinghua_filter_by_10.py[line:104]                            INFO ----------------

Sun, 21 Dec 2014 11:10:11 demo_at_tsinghua_filter_by_10.py[line:119]                            INFO non zero cell num: 1665
Sun, 21 Dec 2014 11:10:11 demo_at_tsinghua_filter_by_10.py[line:122]                            INFO computing JPP decomposition...
Sun, 21 Dec 2014 11:13:33 JPPCF.py[line:86]                            INFO Iter: 1	 Loss: 3503.7815702	 Delta: 996496.21843

Sun, 21 Dec 2014 11:16:32 JPPCF.py[line:86]                            INFO Iter: 2	 Loss: 3488.64433304	 Delta: 15.1372371617

Sun, 21 Dec 2014 11:19:49 JPPCF.py[line:86]                            INFO Iter: 3	 Loss: 3053.06128286	 Delta: 435.583050176

Sun, 21 Dec 2014 11:22:55 JPPCF.py[line:86]                            INFO Iter: 4	 Loss: 2654.74318491	 Delta: 398.318097949

Sun, 21 Dec 2014 11:26:05 JPPCF.py[line:86]                            INFO Iter: 5	 Loss: 2268.30038574	 Delta: 386.442799175

Sun, 21 Dec 2014 11:29:38 JPPCF.py[line:86]                            INFO Iter: 6	 Loss: 2044.23526415	 Delta: 224.065121587

Sun, 21 Dec 2014 11:33:04 JPPCF.py[line:86]                            INFO Iter: 7	 Loss: 1886.16875236	 Delta: 158.06651179

Sun, 21 Dec 2014 11:36:09 JPPCF.py[line:86]                            INFO Iter: 8	 Loss: 1788.12832826	 Delta: 98.0404241049

Sun, 21 Dec 2014 11:39:25 JPPCF.py[line:86]                            INFO Iter: 9	 Loss: 1711.03850861	 Delta: 77.0898196465

Sun, 21 Dec 2014 11:42:32 JPPCF.py[line:86]                            INFO Iter: 10	 Loss: 1646.02789894	 Delta: 65.0106096703

Sun, 21 Dec 2014 11:45:09 JPPCF.py[line:86]                            INFO Iter: 11	 Loss: 1581.89218774	 Delta: 64.1357112

Sun, 21 Dec 2014 11:48:03 JPPCF.py[line:86]                            INFO Iter: 12	 Loss: 1531.06190161	 Delta: 50.8302861293

Sun, 21 Dec 2014 11:51:22 JPPCF.py[line:86]                            INFO Iter: 13	 Loss: 1490.04752124	 Delta: 41.01438037

Sun, 21 Dec 2014 11:54:23 JPPCF.py[line:86]                            INFO Iter: 14	 Loss: 1451.44269455	 Delta: 38.6048266897

Sun, 21 Dec 2014 11:57:07 JPPCF.py[line:86]                            INFO Iter: 15	 Loss: 1420.92241181	 Delta: 30.5202827458

Sun, 21 Dec 2014 11:59:48 JPPCF.py[line:86]                            INFO Iter: 16	 Loss: 1392.82576131	 Delta: 28.0966504955

Sun, 21 Dec 2014 12:02:48 JPPCF.py[line:86]                            INFO Iter: 17	 Loss: 1365.36261225	 Delta: 27.4631490563

Sun, 21 Dec 2014 12:05:38 JPPCF.py[line:86]                            INFO Iter: 18	 Loss: 1344.12268066	 Delta: 21.2399315961

Sun, 21 Dec 2014 12:08:42 JPPCF.py[line:86]                            INFO Iter: 19	 Loss: 1326.62209976	 Delta: 17.5005808951

Sun, 21 Dec 2014 12:11:38 JPPCF.py[line:86]                            INFO Iter: 20	 Loss: 1312.35254529	 Delta: 14.2695544729

Sun, 21 Dec 2014 12:14:24 JPPCF.py[line:86]                            INFO Iter: 21	 Loss: 1300.45679057	 Delta: 11.8957547196

Sun, 21 Dec 2014 12:17:20 JPPCF.py[line:86]                            INFO Iter: 22	 Loss: 1290.47031868	 Delta: 9.98647189277

Sun, 21 Dec 2014 12:20:19 JPPCF.py[line:86]                            INFO Iter: 23	 Loss: 1281.863855	 Delta: 8.60646367987

Sun, 21 Dec 2014 12:23:11 JPPCF.py[line:86]                            INFO Iter: 24	 Loss: 1274.24194378	 Delta: 7.6219112147

Sun, 21 Dec 2014 12:26:09 JPPCF.py[line:86]                            INFO Iter: 25	 Loss: 1266.61439129	 Delta: 7.6275524969

Sun, 21 Dec 2014 12:28:50 JPPCF.py[line:86]                            INFO Iter: 26	 Loss: 1259.81967744	 Delta: 6.79471384712

Sun, 21 Dec 2014 12:31:11 JPPCF.py[line:86]                            INFO Iter: 27	 Loss: 1253.12716114	 Delta: 6.69251629674

Sun, 21 Dec 2014 12:33:55 JPPCF.py[line:86]                            INFO Iter: 28	 Loss: 1247.00940423	 Delta: 6.11775690894

Sun, 21 Dec 2014 12:36:53 JPPCF.py[line:86]                            INFO Iter: 29	 Loss: 1241.39855741	 Delta: 5.61084682212

Sun, 21 Dec 2014 12:39:47 JPPCF.py[line:86]                            INFO Iter: 30	 Loss: 1237.13452202	 Delta: 4.26403539523

Sun, 21 Dec 2014 12:42:18 JPPCF.py[line:86]                            INFO Iter: 31	 Loss: 1234.22240239	 Delta: 2.91211962707

Sun, 21 Dec 2014 12:45:08 JPPCF.py[line:86]                            INFO Iter: 32	 Loss: 1230.89458578	 Delta: 3.32781660613

Sun, 21 Dec 2014 12:47:48 JPPCF.py[line:86]                            INFO Iter: 33	 Loss: 1227.5410364	 Delta: 3.35354938664

Sun, 21 Dec 2014 12:50:01 JPPCF.py[line:86]                            INFO Iter: 34	 Loss: 1224.03361711	 Delta: 3.50741928642

Sun, 21 Dec 2014 12:52:10 JPPCF.py[line:86]                            INFO Iter: 35	 Loss: 1221.36101801	 Delta: 2.67259910129

Sun, 21 Dec 2014 12:54:22 JPPCF.py[line:86]                            INFO Iter: 36	 Loss: 1218.52433951	 Delta: 2.83667849709

Sun, 21 Dec 2014 12:56:32 JPPCF.py[line:86]                            INFO Iter: 37	 Loss: 1215.65945249	 Delta: 2.86488702116

Sun, 21 Dec 2014 12:58:41 JPPCF.py[line:86]                            INFO Iter: 38	 Loss: 1209.4802738	 Delta: 6.17917869199

Sun, 21 Dec 2014 13:00:53 JPPCF.py[line:86]                            INFO Iter: 39	 Loss: 1203.46244193	 Delta: 6.0178318653

Sun, 21 Dec 2014 13:03:02 JPPCF.py[line:86]                            INFO Iter: 40	 Loss: 1199.02699436	 Delta: 4.43544756961

Sun, 21 Dec 2014 13:05:13 JPPCF.py[line:86]                            INFO Iter: 41	 Loss: 1194.84707379	 Delta: 4.17992057795

Sun, 21 Dec 2014 13:07:20 JPPCF.py[line:86]                            INFO Iter: 42	 Loss: 1191.92914994	 Delta: 2.9179238423

Sun, 21 Dec 2014 13:09:31 JPPCF.py[line:86]                            INFO Iter: 43	 Loss: 1188.94736198	 Delta: 2.98178796188

Sun, 21 Dec 2014 13:11:42 JPPCF.py[line:86]                            INFO Iter: 44	 Loss: 1185.38960595	 Delta: 3.55775603252

Sun, 21 Dec 2014 13:13:54 JPPCF.py[line:86]                            INFO Iter: 45	 Loss: 1181.44769786	 Delta: 3.94190808924

Sun, 21 Dec 2014 13:16:04 JPPCF.py[line:86]                            INFO Iter: 46	 Loss: 1177.20807834	 Delta: 4.23961951767

Sun, 21 Dec 2014 13:18:14 JPPCF.py[line:86]                            INFO Iter: 47	 Loss: 1172.06367124	 Delta: 5.1444070982

Sun, 21 Dec 2014 13:20:21 JPPCF.py[line:86]                            INFO Iter: 48	 Loss: 1165.52791235	 Delta: 6.53575889827

Sun, 21 Dec 2014 13:22:32 JPPCF.py[line:86]                            INFO Iter: 49	 Loss: 1160.11232764	 Delta: 5.41558470202

Sun, 21 Dec 2014 13:24:35 JPPCF.py[line:86]                            INFO Iter: 50	 Loss: 1157.73628849	 Delta: 2.37603915849

Sun, 21 Dec 2014 13:26:37 JPPCF.py[line:86]                            INFO Iter: 51	 Loss: 1156.28413485	 Delta: 1.45215364037

Sun, 21 Dec 2014 13:28:36 JPPCF.py[line:86]                            INFO Iter: 52	 Loss: 1154.90297968	 Delta: 1.38115516719

Sun, 21 Dec 2014 13:30:45 JPPCF.py[line:86]                            INFO Iter: 53	 Loss: 1153.71631543	 Delta: 1.18666424506

Sun, 21 Dec 2014 13:32:51 JPPCF.py[line:86]                            INFO Iter: 54	 Loss: 1152.20274744	 Delta: 1.51356799366

Sun, 21 Dec 2014 13:35:01 JPPCF.py[line:86]                            INFO Iter: 55	 Loss: 1150.27292917	 Delta: 1.9298182709

Sun, 21 Dec 2014 13:37:13 JPPCF.py[line:86]                            INFO Iter: 56	 Loss: 1148.20276828	 Delta: 2.07016089027

Sun, 21 Dec 2014 13:39:20 JPPCF.py[line:86]                            INFO Iter: 57	 Loss: 1145.06681923	 Delta: 3.13594904323

Sun, 21 Dec 2014 13:41:24 JPPCF.py[line:86]                            INFO Iter: 58	 Loss: 1141.11031568	 Delta: 3.9565035548

Sun, 21 Dec 2014 13:43:25 JPPCF.py[line:86]                            INFO Iter: 59	 Loss: 1137.78504375	 Delta: 3.32527193355

Sun, 21 Dec 2014 13:45:36 JPPCF.py[line:86]                            INFO Iter: 60	 Loss: 1135.18970216	 Delta: 2.59534158487

Sun, 21 Dec 2014 13:47:48 JPPCF.py[line:86]                            INFO Iter: 61	 Loss: 1132.71195913	 Delta: 2.47774303639

Sun, 21 Dec 2014 13:49:54 JPPCF.py[line:86]                            INFO Iter: 62	 Loss: 1129.8420399	 Delta: 2.8699192228

Sun, 21 Dec 2014 13:52:03 JPPCF.py[line:86]                            INFO Iter: 63	 Loss: 1125.13880322	 Delta: 4.70323668236

Sun, 21 Dec 2014 13:54:14 JPPCF.py[line:86]                            INFO Iter: 64	 Loss: 1121.33426617	 Delta: 3.80453704896

Sun, 21 Dec 2014 13:56:23 JPPCF.py[line:86]                            INFO Iter: 65	 Loss: 1118.94967401	 Delta: 2.38459216155

Sun, 21 Dec 2014 13:58:34 JPPCF.py[line:86]                            INFO Iter: 66	 Loss: 1117.04633702	 Delta: 1.9033369931

Sun, 21 Dec 2014 14:00:39 JPPCF.py[line:86]                            INFO Iter: 67	 Loss: 1114.31536239	 Delta: 2.73097463089

Sun, 21 Dec 2014 14:02:40 JPPCF.py[line:86]                            INFO Iter: 68	 Loss: 1107.39763547	 Delta: 6.91772691241

Sun, 21 Dec 2014 14:04:42 JPPCF.py[line:86]                            INFO Iter: 69	 Loss: 1106.15194785	 Delta: 1.24568761933

Sun, 21 Dec 2014 14:04:42 JPPCF.py[line:88]                            INFO JPPCF OK

Sun, 21 Dec 2014 14:04:46 demo_at_tsinghua_filter_by_10.py[line:128]                            INFO [ok]
computing t-model NMF decomposition...
Sun, 21 Dec 2014 14:04:56 nmf.py[line:109]                            INFO Iter: 1	 Loss: 1668.08964574	 Delta: 998331.910354

Sun, 21 Dec 2014 14:05:06 nmf.py[line:109]                            INFO Iter: 2	 Loss: 1650.53450131	 Delta: 17.5551444316

Sun, 21 Dec 2014 14:05:17 nmf.py[line:109]                            INFO Iter: 3	 Loss: 1527.81378702	 Delta: 122.720714288

Sun, 21 Dec 2014 14:05:27 nmf.py[line:109]                            INFO Iter: 4	 Loss: 1260.98513103	 Delta: 266.828655989

Sun, 21 Dec 2014 14:05:38 nmf.py[line:109]                            INFO Iter: 5	 Loss: 978.997335711	 Delta: 281.987795321

Sun, 21 Dec 2014 14:05:48 nmf.py[line:109]                            INFO Iter: 6	 Loss: 807.07159705	 Delta: 171.925738661

Sun, 21 Dec 2014 14:05:59 nmf.py[line:109]                            INFO Iter: 7	 Loss: 711.171266404	 Delta: 95.9003306462

Sun, 21 Dec 2014 14:06:11 nmf.py[line:109]                            INFO Iter: 8	 Loss: 625.189886702	 Delta: 85.981379702

Sun, 21 Dec 2014 14:06:23 nmf.py[line:109]                            INFO Iter: 9	 Loss: 567.43168405	 Delta: 57.7582026514

Sun, 21 Dec 2014 14:06:35 nmf.py[line:109]                            INFO Iter: 10	 Loss: 526.277824452	 Delta: 41.1538595984

Sun, 21 Dec 2014 14:06:46 nmf.py[line:109]                            INFO Iter: 11	 Loss: 493.002352862	 Delta: 33.2754715902

Sun, 21 Dec 2014 14:06:57 nmf.py[line:109]                            INFO Iter: 12	 Loss: 461.568880997	 Delta: 31.4334718649

Sun, 21 Dec 2014 14:07:09 nmf.py[line:109]                            INFO Iter: 13	 Loss: 437.544767979	 Delta: 24.024113018

Sun, 21 Dec 2014 14:07:20 nmf.py[line:109]                            INFO Iter: 14	 Loss: 418.739926633	 Delta: 18.804841346

Sun, 21 Dec 2014 14:07:31 nmf.py[line:109]                            INFO Iter: 15	 Loss: 402.435264398	 Delta: 16.3046622352

Sun, 21 Dec 2014 14:07:42 nmf.py[line:109]                            INFO Iter: 16	 Loss: 389.347289878	 Delta: 13.0879745193

Sun, 21 Dec 2014 14:07:52 nmf.py[line:109]                            INFO Iter: 17	 Loss: 379.580898338	 Delta: 9.76639154082

Sun, 21 Dec 2014 14:08:03 nmf.py[line:109]                            INFO Iter: 18	 Loss: 371.482384056	 Delta: 8.09851428135

Sun, 21 Dec 2014 14:08:15 nmf.py[line:109]                            INFO Iter: 19	 Loss: 362.239124706	 Delta: 9.24325934997

Sun, 21 Dec 2014 14:08:26 nmf.py[line:109]                            INFO Iter: 20	 Loss: 353.080245824	 Delta: 9.15887888187

Sun, 21 Dec 2014 14:08:38 nmf.py[line:109]                            INFO Iter: 21	 Loss: 347.005308345	 Delta: 6.0749374794

Sun, 21 Dec 2014 14:08:49 nmf.py[line:109]                            INFO Iter: 22	 Loss: 340.66513795	 Delta: 6.34017039497

Sun, 21 Dec 2014 14:09:00 nmf.py[line:109]                            INFO Iter: 23	 Loss: 336.49147853	 Delta: 4.17365941963

Sun, 21 Dec 2014 14:09:12 nmf.py[line:109]                            INFO Iter: 24	 Loss: 333.305479167	 Delta: 3.18599936293

Sun, 21 Dec 2014 14:09:24 nmf.py[line:109]                            INFO Iter: 25	 Loss: 330.860914313	 Delta: 2.44456485458

Sun, 21 Dec 2014 14:09:35 nmf.py[line:109]                            INFO Iter: 26	 Loss: 329.027098988	 Delta: 1.83381532454

Sun, 21 Dec 2014 14:09:46 nmf.py[line:109]                            INFO Iter: 27	 Loss: 327.463855774	 Delta: 1.56324321403

Sun, 21 Dec 2014 14:09:58 nmf.py[line:109]                            INFO Iter: 28	 Loss: 326.088462238	 Delta: 1.37539353613

Sun, 21 Dec 2014 14:10:09 nmf.py[line:109]                            INFO Iter: 29	 Loss: 324.510178344	 Delta: 1.57828389403

Sun, 21 Dec 2014 14:10:20 nmf.py[line:109]                            INFO Iter: 30	 Loss: 322.622033409	 Delta: 1.88814493523

Sun, 21 Dec 2014 14:10:31 nmf.py[line:109]                            INFO Iter: 31	 Loss: 321.543454717	 Delta: 1.07857869168

Sun, 21 Dec 2014 14:10:43 nmf.py[line:109]                            INFO Iter: 32	 Loss: 320.812002642	 Delta: 0.731452075455

Sun, 21 Dec 2014 14:10:43 nmf.py[line:113]                            INFO NMF OK
Sun, 21 Dec 2014 14:10:46 demo_at_tsinghua_filter_by_10.py[line:134]                            INFO [ok]
computing fix_model NMF decomposition...
Sun, 21 Dec 2014 14:10:47 demo_at_tsinghua_filter_by_10.py[line:142]                            INFO non zero cell num: 1665
Sun, 21 Dec 2014 14:10:58 nmf.py[line:109]                            INFO Iter: 1	 Loss: 1668.07034037	 Delta: 998331.92966

Sun, 21 Dec 2014 14:11:09 nmf.py[line:109]                            INFO Iter: 2	 Loss: 1650.4432405	 Delta: 17.6270998726

Sun, 21 Dec 2014 14:11:19 nmf.py[line:109]                            INFO Iter: 3	 Loss: 1535.82341714	 Delta: 114.619823363

Sun, 21 Dec 2014 14:11:29 nmf.py[line:109]                            INFO Iter: 4	 Loss: 1259.42976243	 Delta: 276.393654709

Sun, 21 Dec 2014 14:11:40 nmf.py[line:109]                            INFO Iter: 5	 Loss: 996.000807399	 Delta: 263.428955029

Sun, 21 Dec 2014 14:11:52 nmf.py[line:109]                            INFO Iter: 6	 Loss: 834.077403082	 Delta: 161.923404317

Sun, 21 Dec 2014 14:12:02 nmf.py[line:109]                            INFO Iter: 7	 Loss: 722.217993345	 Delta: 111.859409737

Sun, 21 Dec 2014 14:12:13 nmf.py[line:109]                            INFO Iter: 8	 Loss: 628.921200923	 Delta: 93.2967924223

Sun, 21 Dec 2014 14:12:24 nmf.py[line:109]                            INFO Iter: 9	 Loss: 564.330450046	 Delta: 64.5907508768

Sun, 21 Dec 2014 14:12:36 nmf.py[line:109]                            INFO Iter: 10	 Loss: 520.629781956	 Delta: 43.7006680899

Sun, 21 Dec 2014 14:12:47 nmf.py[line:109]                            INFO Iter: 11	 Loss: 486.689381155	 Delta: 33.9404008016

Sun, 21 Dec 2014 14:12:58 nmf.py[line:109]                            INFO Iter: 12	 Loss: 460.089312608	 Delta: 26.600068547

Sun, 21 Dec 2014 14:13:08 nmf.py[line:109]                            INFO Iter: 13	 Loss: 436.451476895	 Delta: 23.6378357124

Sun, 21 Dec 2014 14:13:19 nmf.py[line:109]                            INFO Iter: 14	 Loss: 417.878887241	 Delta: 18.5725896544

Sun, 21 Dec 2014 14:13:29 nmf.py[line:109]                            INFO Iter: 15	 Loss: 402.855836457	 Delta: 15.023050784

Sun, 21 Dec 2014 14:13:39 nmf.py[line:109]                            INFO Iter: 16	 Loss: 390.929310165	 Delta: 11.9265262915

Sun, 21 Dec 2014 14:13:50 nmf.py[line:109]                            INFO Iter: 17	 Loss: 380.578012745	 Delta: 10.3512974207

Sun, 21 Dec 2014 14:14:01 nmf.py[line:109]                            INFO Iter: 18	 Loss: 370.073964824	 Delta: 10.5040479206

Sun, 21 Dec 2014 14:14:12 nmf.py[line:109]                            INFO Iter: 19	 Loss: 360.678868259	 Delta: 9.39509656549

Sun, 21 Dec 2014 14:14:23 nmf.py[line:109]                            INFO Iter: 20	 Loss: 353.910781126	 Delta: 6.76808713244

Sun, 21 Dec 2014 14:14:33 nmf.py[line:109]                            INFO Iter: 21	 Loss: 348.334181375	 Delta: 5.57659975074

Sun, 21 Dec 2014 14:14:44 nmf.py[line:109]                            INFO Iter: 22	 Loss: 344.196914157	 Delta: 4.13726721808

Sun, 21 Dec 2014 14:14:55 nmf.py[line:109]                            INFO Iter: 23	 Loss: 340.979616869	 Delta: 3.21729728841

Sun, 21 Dec 2014 14:15:06 nmf.py[line:109]                            INFO Iter: 24	 Loss: 337.959982977	 Delta: 3.01963389165

Sun, 21 Dec 2014 14:15:16 nmf.py[line:109]                            INFO Iter: 25	 Loss: 334.942345938	 Delta: 3.01763703927

Sun, 21 Dec 2014 14:15:27 nmf.py[line:109]                            INFO Iter: 26	 Loss: 332.374247037	 Delta: 2.56809890072

Sun, 21 Dec 2014 14:15:37 nmf.py[line:109]                            INFO Iter: 27	 Loss: 329.496655296	 Delta: 2.87759174101

Sun, 21 Dec 2014 14:15:47 nmf.py[line:109]                            INFO Iter: 28	 Loss: 326.065207849	 Delta: 3.43144744729

Sun, 21 Dec 2014 14:15:58 nmf.py[line:109]                            INFO Iter: 29	 Loss: 322.542576464	 Delta: 3.52263138461

Sun, 21 Dec 2014 14:16:09 nmf.py[line:109]                            INFO Iter: 30	 Loss: 318.87713501	 Delta: 3.66544145435

Sun, 21 Dec 2014 14:16:19 nmf.py[line:109]                            INFO Iter: 31	 Loss: 315.799636374	 Delta: 3.07749863639

Sun, 21 Dec 2014 14:16:30 nmf.py[line:109]                            INFO Iter: 32	 Loss: 313.767592092	 Delta: 2.03204428127

Sun, 21 Dec 2014 14:16:40 nmf.py[line:109]                            INFO Iter: 33	 Loss: 312.557180098	 Delta: 1.21041199424

Sun, 21 Dec 2014 14:16:51 nmf.py[line:109]                            INFO Iter: 34	 Loss: 311.518352618	 Delta: 1.03882748007

Sun, 21 Dec 2014 14:17:03 nmf.py[line:109]                            INFO Iter: 35	 Loss: 310.852396113	 Delta: 0.665956504655

Sun, 21 Dec 2014 14:17:03 nmf.py[line:113]                            INFO NMF OK
Sun, 21 Dec 2014 14:17:06 demo_at_tsinghua_filter_by_10.py[line:148]                            INFO [ok]

Sun, 21 Dec 2014 14:17:06 demo_at_tsinghua_filter_by_10.py[line:150]                            INFO 	 fold_id:0

Sun, 21 Dec 2014 14:17:07 demo_at_tsinghua_filter_by_10.py[line:152]                            INFO 	recall at 10:
Sun, 21 Dec 2014 14:17:25 demo_at_tsinghua_filter_by_10.py[line:177]                            INFO 		t-model NMF :  0.259987328265

Sun, 21 Dec 2014 14:17:25 demo_at_tsinghua_filter_by_10.py[line:178]                            INFO 		f-model NMF :  0.300933706816

Sun, 21 Dec 2014 14:17:25 demo_at_tsinghua_filter_by_10.py[line:179]                            INFO 		JPPCF :  0.261718020542

Sun, 21 Dec 2014 14:17:25 demo_at_tsinghua_filter_by_10.py[line:152]                            INFO 	recall at 50:
Sun, 21 Dec 2014 14:17:46 demo_at_tsinghua_filter_by_10.py[line:177]                            INFO 		t-model NMF :  0.528974923303

Sun, 21 Dec 2014 14:17:46 demo_at_tsinghua_filter_by_10.py[line:178]                            INFO 		f-model NMF :  0.548336001067

Sun, 21 Dec 2014 14:17:46 demo_at_tsinghua_filter_by_10.py[line:179]                            INFO 		JPPCF :  0.496742030145

Sun, 21 Dec 2014 14:17:46 demo_at_tsinghua_filter_by_10.py[line:152]                            INFO 	recall at 100:
Sun, 21 Dec 2014 14:18:04 demo_at_tsinghua_filter_by_10.py[line:177]                            INFO 		t-model NMF :  0.675760304122

Sun, 21 Dec 2014 14:18:04 demo_at_tsinghua_filter_by_10.py[line:178]                            INFO 		f-model NMF :  0.662294917967

Sun, 21 Dec 2014 14:18:04 demo_at_tsinghua_filter_by_10.py[line:179]                            INFO 		JPPCF :  0.631095771642

Sun, 21 Dec 2014 14:18:04 demo_at_tsinghua_filter_by_10.py[line:152]                            INFO 	recall at 300:
Sun, 21 Dec 2014 14:18:23 demo_at_tsinghua_filter_by_10.py[line:177]                            INFO 		t-model NMF :  0.84318727491

Sun, 21 Dec 2014 14:18:23 demo_at_tsinghua_filter_by_10.py[line:178]                            INFO 		f-model NMF :  0.849593170602

Sun, 21 Dec 2014 14:18:23 demo_at_tsinghua_filter_by_10.py[line:179]                            INFO 		JPPCF :  0.811277844471

Sun, 21 Dec 2014 14:18:23 demo_at_tsinghua_filter_by_10.py[line:152]                            INFO 	recall at 500:
Sun, 21 Dec 2014 14:18:41 demo_at_tsinghua_filter_by_10.py[line:177]                            INFO 		t-model NMF :  0.880602240896

Sun, 21 Dec 2014 14:18:41 demo_at_tsinghua_filter_by_10.py[line:178]                            INFO 		f-model NMF :  0.871465252768

Sun, 21 Dec 2014 14:18:41 demo_at_tsinghua_filter_by_10.py[line:179]                            INFO 		JPPCF :  0.878338001867

Sun, 21 Dec 2014 14:18:41 demo_at_tsinghua_filter_by_10.py[line:152]                            INFO 	recall at 1000:
Sun, 21 Dec 2014 14:19:01 demo_at_tsinghua_filter_by_10.py[line:177]                            INFO 		t-model NMF :  0.910364145658

Sun, 21 Dec 2014 14:19:01 demo_at_tsinghua_filter_by_10.py[line:178]                            INFO 		f-model NMF :  0.889355742297

Sun, 21 Dec 2014 14:19:01 demo_at_tsinghua_filter_by_10.py[line:179]                            INFO 		JPPCF :  0.914565826331

Sun, 21 Dec 2014 14:19:01 demo_at_tsinghua_filter_by_10.py[line:181]                            INFO current_time_step: 2

Sun, 21 Dec 2014 14:19:01 demo_at_tsinghua_filter_by_10.py[line:184]                            INFO 	recall at 10:
Sun, 21 Dec 2014 14:19:01 demo_at_tsinghua_filter_by_10.py[line:188]                            INFO 		avg t-model NMF :  0.259987328265

Sun, 21 Dec 2014 14:19:01 demo_at_tsinghua_filter_by_10.py[line:189]                            INFO 		avg f-model NMF :  0.300933706816

Sun, 21 Dec 2014 14:19:01 demo_at_tsinghua_filter_by_10.py[line:190]                            INFO 		avg JPPCF :  0.261718020542

Sun, 21 Dec 2014 14:19:01 demo_at_tsinghua_filter_by_10.py[line:184]                            INFO 	recall at 50:
Sun, 21 Dec 2014 14:19:01 demo_at_tsinghua_filter_by_10.py[line:188]                            INFO 		avg t-model NMF :  0.528974923303

Sun, 21 Dec 2014 14:19:01 demo_at_tsinghua_filter_by_10.py[line:189]                            INFO 		avg f-model NMF :  0.548336001067

Sun, 21 Dec 2014 14:19:01 demo_at_tsinghua_filter_by_10.py[line:190]                            INFO 		avg JPPCF :  0.496742030145

Sun, 21 Dec 2014 14:19:01 demo_at_tsinghua_filter_by_10.py[line:184]                            INFO 	recall at 100:
Sun, 21 Dec 2014 14:19:01 demo_at_tsinghua_filter_by_10.py[line:188]                            INFO 		avg t-model NMF :  0.675760304122

Sun, 21 Dec 2014 14:19:01 demo_at_tsinghua_filter_by_10.py[line:189]                            INFO 		avg f-model NMF :  0.662294917967

Sun, 21 Dec 2014 14:19:01 demo_at_tsinghua_filter_by_10.py[line:190]                            INFO 		avg JPPCF :  0.631095771642

Sun, 21 Dec 2014 14:19:01 demo_at_tsinghua_filter_by_10.py[line:184]                            INFO 	recall at 300:
Sun, 21 Dec 2014 14:19:01 demo_at_tsinghua_filter_by_10.py[line:188]                            INFO 		avg t-model NMF :  0.84318727491

Sun, 21 Dec 2014 14:19:01 demo_at_tsinghua_filter_by_10.py[line:189]                            INFO 		avg f-model NMF :  0.849593170602

Sun, 21 Dec 2014 14:19:01 demo_at_tsinghua_filter_by_10.py[line:190]                            INFO 		avg JPPCF :  0.811277844471

Sun, 21 Dec 2014 14:19:01 demo_at_tsinghua_filter_by_10.py[line:184]                            INFO 	recall at 500:
Sun, 21 Dec 2014 14:19:01 demo_at_tsinghua_filter_by_10.py[line:188]                            INFO 		avg t-model NMF :  0.880602240896

Sun, 21 Dec 2014 14:19:01 demo_at_tsinghua_filter_by_10.py[line:189]                            INFO 		avg f-model NMF :  0.871465252768

Sun, 21 Dec 2014 14:19:01 demo_at_tsinghua_filter_by_10.py[line:190]                            INFO 		avg JPPCF :  0.878338001867

Sun, 21 Dec 2014 14:19:01 demo_at_tsinghua_filter_by_10.py[line:184]                            INFO 	recall at 1000:
Sun, 21 Dec 2014 14:19:01 demo_at_tsinghua_filter_by_10.py[line:188]                            INFO 		avg t-model NMF :  0.910364145658

Sun, 21 Dec 2014 14:19:01 demo_at_tsinghua_filter_by_10.py[line:189]                            INFO 		avg f-model NMF :  0.889355742297

Sun, 21 Dec 2014 14:19:01 demo_at_tsinghua_filter_by_10.py[line:190]                            INFO 		avg JPPCF :  0.914565826331

Sun, 21 Dec 2014 14:19:01 demo_at_tsinghua_filter_by_10.py[line:204]                            INFO =========================

Sun, 21 Dec 2014 14:19:01 demo_at_tsinghua_filter_by_10.py[line:102]                            INFO 
=========================

Sun, 21 Dec 2014 14:19:01 demo_at_tsinghua_filter_by_10.py[line:103]                            INFO time_step number %i:	3
Sun, 21 Dec 2014 14:19:01 demo_at_tsinghua_filter_by_10.py[line:104]                            INFO ----------------

Sun, 21 Dec 2014 14:19:02 demo_at_tsinghua_filter_by_10.py[line:119]                            INFO non zero cell num: 2740
Sun, 21 Dec 2014 14:19:02 demo_at_tsinghua_filter_by_10.py[line:122]                            INFO computing JPP decomposition...
Sun, 21 Dec 2014 14:21:10 JPPCF.py[line:86]                            INFO Iter: 1	 Loss: 5645.28008976	 Delta: 994354.71991

Sun, 21 Dec 2014 14:23:17 JPPCF.py[line:86]                            INFO Iter: 2	 Loss: 5614.58944164	 Delta: 30.6906481157

Sun, 21 Dec 2014 14:25:20 JPPCF.py[line:86]                            INFO Iter: 3	 Loss: 4489.18295628	 Delta: 1125.40648536

Sun, 21 Dec 2014 14:27:24 JPPCF.py[line:86]                            INFO Iter: 4	 Loss: 4043.90647781	 Delta: 445.276478471

Sun, 21 Dec 2014 14:29:25 JPPCF.py[line:86]                            INFO Iter: 5	 Loss: 3448.73871634	 Delta: 595.167761466

Sun, 21 Dec 2014 14:31:31 JPPCF.py[line:86]                            INFO Iter: 6	 Loss: 3110.92267286	 Delta: 337.816043482

Sun, 21 Dec 2014 14:33:37 JPPCF.py[line:86]                            INFO Iter: 7	 Loss: 2891.56880054	 Delta: 219.353872325

Sun, 21 Dec 2014 14:35:38 JPPCF.py[line:86]                            INFO Iter: 8	 Loss: 2699.61393345	 Delta: 191.954867087

Sun, 21 Dec 2014 14:37:43 JPPCF.py[line:86]                            INFO Iter: 9	 Loss: 2542.40186541	 Delta: 157.212068043

Sun, 21 Dec 2014 14:39:51 JPPCF.py[line:86]                            INFO Iter: 10	 Loss: 2415.70492526	 Delta: 126.696940142

Sun, 21 Dec 2014 14:41:59 JPPCF.py[line:86]                            INFO Iter: 11	 Loss: 2326.00690745	 Delta: 89.6980178188

Sun, 21 Dec 2014 14:44:02 JPPCF.py[line:86]                            INFO Iter: 12	 Loss: 2256.04156868	 Delta: 69.9653387692

Sun, 21 Dec 2014 14:46:05 JPPCF.py[line:86]                            INFO Iter: 13	 Loss: 2196.21816591	 Delta: 59.8234027696

Sun, 21 Dec 2014 14:48:15 JPPCF.py[line:86]                            INFO Iter: 14	 Loss: 2149.98331168	 Delta: 46.2348542311

Sun, 21 Dec 2014 14:50:28 JPPCF.py[line:86]                            INFO Iter: 15	 Loss: 2112.62786556	 Delta: 37.3554461191

Sun, 21 Dec 2014 14:52:41 JPPCF.py[line:86]                            INFO Iter: 16	 Loss: 2081.62716922	 Delta: 31.0006963412

Sun, 21 Dec 2014 14:54:54 JPPCF.py[line:86]                            INFO Iter: 17	 Loss: 2056.03642862	 Delta: 25.5907405917

Sun, 21 Dec 2014 14:57:08 JPPCF.py[line:86]                            INFO Iter: 18	 Loss: 2031.3224912	 Delta: 24.713937424

Sun, 21 Dec 2014 14:59:22 JPPCF.py[line:86]                            INFO Iter: 19	 Loss: 2008.37089044	 Delta: 22.9516007566

Sun, 21 Dec 2014 15:01:38 JPPCF.py[line:86]                            INFO Iter: 20	 Loss: 1989.49493562	 Delta: 18.8759548272

Sun, 21 Dec 2014 15:03:49 JPPCF.py[line:86]                            INFO Iter: 21	 Loss: 1975.00346264	 Delta: 14.4914729715

Sun, 21 Dec 2014 15:06:00 JPPCF.py[line:86]                            INFO Iter: 22	 Loss: 1962.49649149	 Delta: 12.5069711593

Sun, 21 Dec 2014 15:08:12 JPPCF.py[line:86]                            INFO Iter: 23	 Loss: 1950.50476018	 Delta: 11.9917313005

Sun, 21 Dec 2014 15:10:21 JPPCF.py[line:86]                            INFO Iter: 24	 Loss: 1939.35649515	 Delta: 11.14826503

Sun, 21 Dec 2014 15:12:26 JPPCF.py[line:86]                            INFO Iter: 25	 Loss: 1927.90757542	 Delta: 11.4489197301

Sun, 21 Dec 2014 15:14:33 JPPCF.py[line:86]                            INFO Iter: 26	 Loss: 1917.57362776	 Delta: 10.3339476664

Sun, 21 Dec 2014 15:16:43 JPPCF.py[line:86]                            INFO Iter: 27	 Loss: 1908.86112927	 Delta: 8.71249848352

Sun, 21 Dec 2014 15:18:54 JPPCF.py[line:86]                            INFO Iter: 28	 Loss: 1900.83759024	 Delta: 8.02353903648

Sun, 21 Dec 2014 15:21:03 JPPCF.py[line:86]                            INFO Iter: 29	 Loss: 1887.88703448	 Delta: 12.9505557627

Sun, 21 Dec 2014 15:23:12 JPPCF.py[line:86]                            INFO Iter: 30	 Loss: 1871.91703833	 Delta: 15.9699961408

Sun, 21 Dec 2014 15:25:19 JPPCF.py[line:86]                            INFO Iter: 31	 Loss: 1863.10330873	 Delta: 8.81372960162

Sun, 21 Dec 2014 15:27:26 JPPCF.py[line:86]                            INFO Iter: 32	 Loss: 1856.65486048	 Delta: 6.4484482486

Sun, 21 Dec 2014 15:29:37 JPPCF.py[line:86]                            INFO Iter: 33	 Loss: 1851.39887571	 Delta: 5.25598477923

Sun, 21 Dec 2014 15:31:47 JPPCF.py[line:86]                            INFO Iter: 34	 Loss: 1847.48628997	 Delta: 3.91258573315

Sun, 21 Dec 2014 15:33:52 JPPCF.py[line:86]                            INFO Iter: 35	 Loss: 1844.99612661	 Delta: 2.49016336519

Sun, 21 Dec 2014 15:36:00 JPPCF.py[line:86]                            INFO Iter: 36	 Loss: 1843.25273756	 Delta: 1.74338904195

Sun, 21 Dec 2014 15:38:04 JPPCF.py[line:86]                            INFO Iter: 37	 Loss: 1840.92581715	 Delta: 2.32692041488

Sun, 21 Dec 2014 15:40:11 JPPCF.py[line:86]                            INFO Iter: 38	 Loss: 1838.61862495	 Delta: 2.30719219622

Sun, 21 Dec 2014 15:42:23 JPPCF.py[line:86]                            INFO Iter: 39	 Loss: 1835.99905383	 Delta: 2.61957112239

Sun, 21 Dec 2014 15:44:35 JPPCF.py[line:86]                            INFO Iter: 40	 Loss: 1832.15241568	 Delta: 3.84663815024

Sun, 21 Dec 2014 15:46:49 JPPCF.py[line:86]                            INFO Iter: 41	 Loss: 1827.86667039	 Delta: 4.28574529506

