Sun, 21 Dec 2014 10:56:39 demo_at_tsinghua_filter_by_10.py[line:82]                            INFO user num: 3431

Sun, 21 Dec 2014 10:56:39 demo_at_tsinghua_filter_by_10.py[line:83]                            INFO doc num: 7710

Sun, 21 Dec 2014 10:56:39 demo_at_tsinghua_filter_by_10.py[line:84]                            INFO time step num: 20

Sun, 21 Dec 2014 10:56:40 demo_at_tsinghua_filter_by_10.py[line:91]                            INFO non zero cell num: 1338
Sun, 21 Dec 2014 10:56:40 demo_at_tsinghua_filter_by_10.py[line:92]                            INFO start nmf:

Sun, 21 Dec 2014 10:56:58 nmf.py[line:109]                            INFO Iter: 1	 Loss: 1341.77722317	 Delta: 998658.222777

Sun, 21 Dec 2014 10:57:16 nmf.py[line:109]                            INFO Iter: 2	 Loss: 1239.87154747	 Delta: 101.905675699

Sun, 21 Dec 2014 10:57:35 nmf.py[line:109]                            INFO Iter: 3	 Loss: 1098.99769025	 Delta: 140.873857226

Sun, 21 Dec 2014 10:57:54 nmf.py[line:109]                            INFO Iter: 4	 Loss: 907.54369396	 Delta: 191.453996285

Sun, 21 Dec 2014 10:58:14 nmf.py[line:109]                            INFO Iter: 5	 Loss: 682.195407071	 Delta: 225.348286889

Sun, 21 Dec 2014 10:58:31 nmf.py[line:109]                            INFO Iter: 6	 Loss: 530.068408994	 Delta: 152.126998076

Sun, 21 Dec 2014 10:58:50 nmf.py[line:109]                            INFO Iter: 7	 Loss: 427.911995737	 Delta: 102.156413257

Sun, 21 Dec 2014 10:59:10 nmf.py[line:109]                            INFO Iter: 8	 Loss: 367.456771991	 Delta: 60.455223746

Sun, 21 Dec 2014 10:59:28 nmf.py[line:109]                            INFO Iter: 9	 Loss: 322.712572858	 Delta: 44.7441991336

Sun, 21 Dec 2014 10:59:47 nmf.py[line:109]                            INFO Iter: 10	 Loss: 287.169184588	 Delta: 35.5433882698

Sun, 21 Dec 2014 11:00:05 nmf.py[line:109]                            INFO Iter: 11	 Loss: 261.201693445	 Delta: 25.9674911433

Sun, 21 Dec 2014 11:00:22 nmf.py[line:109]                            INFO Iter: 12	 Loss: 237.599809217	 Delta: 23.6018842276

Sun, 21 Dec 2014 11:00:40 nmf.py[line:109]                            INFO Iter: 13	 Loss: 221.140594598	 Delta: 16.4592146195

Sun, 21 Dec 2014 11:01:00 nmf.py[line:109]                            INFO Iter: 14	 Loss: 208.592390831	 Delta: 12.5482037662

Sun, 21 Dec 2014 11:01:19 nmf.py[line:109]                            INFO Iter: 15	 Loss: 198.031301544	 Delta: 10.5610892869

Sun, 21 Dec 2014 11:01:37 nmf.py[line:109]                            INFO Iter: 16	 Loss: 188.212228807	 Delta: 9.81907273736

Sun, 21 Dec 2014 11:01:56 nmf.py[line:109]                            INFO Iter: 17	 Loss: 179.721318777	 Delta: 8.4909100298

Sun, 21 Dec 2014 11:02:15 nmf.py[line:109]                            INFO Iter: 18	 Loss: 174.211815842	 Delta: 5.50950293541

Sun, 21 Dec 2014 11:02:34 nmf.py[line:109]                            INFO Iter: 19	 Loss: 169.72591856	 Delta: 4.48589728159

Sun, 21 Dec 2014 11:02:53 nmf.py[line:109]                            INFO Iter: 20	 Loss: 165.74719411	 Delta: 3.97872445019

Sun, 21 Dec 2014 11:03:11 nmf.py[line:109]                            INFO Iter: 21	 Loss: 161.673695413	 Delta: 4.07349869676

Sun, 21 Dec 2014 11:03:29 nmf.py[line:109]                            INFO Iter: 22	 Loss: 157.882249361	 Delta: 3.79144605255

Sun, 21 Dec 2014 11:03:48 nmf.py[line:109]                            INFO Iter: 23	 Loss: 154.267130741	 Delta: 3.6151186198

Sun, 21 Dec 2014 11:04:08 nmf.py[line:109]                            INFO Iter: 24	 Loss: 150.797089955	 Delta: 3.47004078622

Sun, 21 Dec 2014 11:04:28 nmf.py[line:109]                            INFO Iter: 25	 Loss: 146.190693252	 Delta: 4.60639670295

Sun, 21 Dec 2014 11:04:47 nmf.py[line:109]                            INFO Iter: 26	 Loss: 141.513459142	 Delta: 4.67723410999

Sun, 21 Dec 2014 11:05:06 nmf.py[line:109]                            INFO Iter: 27	 Loss: 137.785007049	 Delta: 3.72845209298

Sun, 21 Dec 2014 11:05:25 nmf.py[line:109]                            INFO Iter: 28	 Loss: 134.475791667	 Delta: 3.30921538158

Sun, 21 Dec 2014 11:05:45 nmf.py[line:109]                            INFO Iter: 29	 Loss: 131.54624191	 Delta: 2.92954975697

Sun, 21 Dec 2014 11:06:05 nmf.py[line:109]                            INFO Iter: 30	 Loss: 128.998735873	 Delta: 2.54750603765

Sun, 21 Dec 2014 11:06:24 nmf.py[line:109]                            INFO Iter: 31	 Loss: 126.655730186	 Delta: 2.34300568708

Sun, 21 Dec 2014 11:06:43 nmf.py[line:109]                            INFO Iter: 32	 Loss: 124.474166831	 Delta: 2.18156335441

Sun, 21 Dec 2014 11:07:00 nmf.py[line:109]                            INFO Iter: 33	 Loss: 122.585928917	 Delta: 1.88823791466

Sun, 21 Dec 2014 11:07:18 nmf.py[line:109]                            INFO Iter: 34	 Loss: 121.025625142	 Delta: 1.5603037748

Sun, 21 Dec 2014 11:07:34 nmf.py[line:109]                            INFO Iter: 35	 Loss: 119.717246868	 Delta: 1.30837827418

Sun, 21 Dec 2014 11:07:52 nmf.py[line:109]                            INFO Iter: 36	 Loss: 118.525049546	 Delta: 1.19219732153

Sun, 21 Dec 2014 11:08:10 nmf.py[line:109]                            INFO Iter: 37	 Loss: 117.573958181	 Delta: 0.951091365432

Sun, 21 Dec 2014 11:08:10 nmf.py[line:113]                            INFO NMF OK
Sun, 21 Dec 2014 11:08:10 demo_at_tsinghua_filter_by_10.py[line:102]                            INFO 
=========================

Sun, 21 Dec 2014 11:08:10 demo_at_tsinghua_filter_by_10.py[line:103]                            INFO time_step number %i:	2
Sun, 21 Dec 2014 11:08:10 demo_at_tsinghua_filter_by_10.py[line:104]                            INFO ----------------

Sun, 21 Dec 2014 11:08:12 demo_at_tsinghua_filter_by_10.py[line:119]                            INFO non zero cell num: 1665
Sun, 21 Dec 2014 11:08:12 demo_at_tsinghua_filter_by_10.py[line:122]                            INFO computing JPP decomposition...
Sun, 21 Dec 2014 11:11:42 JPPCF.py[line:86]                            INFO Iter: 1	 Loss: 3497.89475568	 Delta: 996502.105244

Sun, 21 Dec 2014 11:15:12 JPPCF.py[line:86]                            INFO Iter: 2	 Loss: 3490.66258322	 Delta: 7.23217245686

Sun, 21 Dec 2014 11:18:40 JPPCF.py[line:86]                            INFO Iter: 3	 Loss: 2938.5836856	 Delta: 552.078897615

Sun, 21 Dec 2014 11:21:59 JPPCF.py[line:86]                            INFO Iter: 4	 Loss: 2505.41068622	 Delta: 433.172999389

Sun, 21 Dec 2014 11:25:10 JPPCF.py[line:86]                            INFO Iter: 5	 Loss: 2133.90503149	 Delta: 371.505654727

Sun, 21 Dec 2014 11:28:24 JPPCF.py[line:86]                            INFO Iter: 6	 Loss: 1856.70152431	 Delta: 277.203507183

Sun, 21 Dec 2014 11:31:45 JPPCF.py[line:86]                            INFO Iter: 7	 Loss: 1639.55004061	 Delta: 217.151483693

Sun, 21 Dec 2014 11:34:50 JPPCF.py[line:86]                            INFO Iter: 8	 Loss: 1500.68258433	 Delta: 138.867456282

Sun, 21 Dec 2014 11:38:00 JPPCF.py[line:86]                            INFO Iter: 9	 Loss: 1398.09868574	 Delta: 102.58389859

Sun, 21 Dec 2014 11:41:18 JPPCF.py[line:86]                            INFO Iter: 10	 Loss: 1321.29890774	 Delta: 76.7997780009

Sun, 21 Dec 2014 11:44:22 JPPCF.py[line:86]                            INFO Iter: 11	 Loss: 1260.78180255	 Delta: 60.517105194

Sun, 21 Dec 2014 11:47:04 JPPCF.py[line:86]                            INFO Iter: 12	 Loss: 1215.17381054	 Delta: 45.6079920033

Sun, 21 Dec 2014 11:50:02 JPPCF.py[line:86]                            INFO Iter: 13	 Loss: 1179.47025765	 Delta: 35.7035528913

Sun, 21 Dec 2014 11:53:09 JPPCF.py[line:86]                            INFO Iter: 14	 Loss: 1148.65095821	 Delta: 30.8192994442

Sun, 21 Dec 2014 11:56:02 JPPCF.py[line:86]                            INFO Iter: 15	 Loss: 1126.71845286	 Delta: 21.9325053487

Sun, 21 Dec 2014 11:59:01 JPPCF.py[line:86]                            INFO Iter: 16	 Loss: 1109.26984164	 Delta: 17.4486112212

Sun, 21 Dec 2014 12:01:42 JPPCF.py[line:86]                            INFO Iter: 17	 Loss: 1094.95005146	 Delta: 14.3197901773

Sun, 21 Dec 2014 12:04:33 JPPCF.py[line:86]                            INFO Iter: 18	 Loss: 1080.52531989	 Delta: 14.4247315702

Sun, 21 Dec 2014 12:07:34 JPPCF.py[line:86]                            INFO Iter: 19	 Loss: 1068.36021324	 Delta: 12.1651066474

Sun, 21 Dec 2014 12:10:19 JPPCF.py[line:86]                            INFO Iter: 20	 Loss: 1056.88012724	 Delta: 11.4800860061

Sun, 21 Dec 2014 12:13:09 JPPCF.py[line:86]                            INFO Iter: 21	 Loss: 1049.53537454	 Delta: 7.3447526976

Sun, 21 Dec 2014 12:15:55 JPPCF.py[line:86]                            INFO Iter: 22	 Loss: 1042.01006906	 Delta: 7.52530548215

Sun, 21 Dec 2014 12:18:48 JPPCF.py[line:86]                            INFO Iter: 23	 Loss: 1035.63590424	 Delta: 6.37416481766

Sun, 21 Dec 2014 12:21:33 JPPCF.py[line:86]                            INFO Iter: 24	 Loss: 1027.29858786	 Delta: 8.33731637421

Sun, 21 Dec 2014 12:24:14 JPPCF.py[line:86]                            INFO Iter: 25	 Loss: 1016.30333007	 Delta: 10.9952577936

Sun, 21 Dec 2014 12:27:01 JPPCF.py[line:86]                            INFO Iter: 26	 Loss: 1011.03578371	 Delta: 5.26754636484

Sun, 21 Dec 2014 12:29:36 JPPCF.py[line:86]                            INFO Iter: 27	 Loss: 1006.32786521	 Delta: 4.70791849716

Sun, 21 Dec 2014 12:32:15 JPPCF.py[line:86]                            INFO Iter: 28	 Loss: 1001.08052856	 Delta: 5.24733664974

Sun, 21 Dec 2014 12:35:06 JPPCF.py[line:86]                            INFO Iter: 29	 Loss: 996.277528699	 Delta: 4.80299985972

Sun, 21 Dec 2014 12:37:47 JPPCF.py[line:86]                            INFO Iter: 30	 Loss: 991.869333481	 Delta: 4.40819521838

Sun, 21 Dec 2014 12:40:18 JPPCF.py[line:86]                            INFO Iter: 31	 Loss: 987.997816011	 Delta: 3.87151747003

Sun, 21 Dec 2014 12:42:50 JPPCF.py[line:86]                            INFO Iter: 32	 Loss: 983.944326239	 Delta: 4.05348977196

Sun, 21 Dec 2014 12:45:42 JPPCF.py[line:86]                            INFO Iter: 33	 Loss: 978.222990567	 Delta: 5.7213356718

Sun, 21 Dec 2014 12:48:19 JPPCF.py[line:86]                            INFO Iter: 34	 Loss: 971.599026675	 Delta: 6.62396389162

Sun, 21 Dec 2014 12:50:25 JPPCF.py[line:86]                            INFO Iter: 35	 Loss: 963.913518465	 Delta: 7.68550821054

Sun, 21 Dec 2014 12:52:35 JPPCF.py[line:86]                            INFO Iter: 36	 Loss: 956.922368654	 Delta: 6.99114981035

Sun, 21 Dec 2014 12:54:45 JPPCF.py[line:86]                            INFO Iter: 37	 Loss: 950.938622845	 Delta: 5.98374580966

Sun, 21 Dec 2014 12:56:58 JPPCF.py[line:86]                            INFO Iter: 38	 Loss: 946.674743474	 Delta: 4.26387937084

Sun, 21 Dec 2014 12:59:07 JPPCF.py[line:86]                            INFO Iter: 39	 Loss: 942.718818431	 Delta: 3.95592504258

Sun, 21 Dec 2014 13:01:19 JPPCF.py[line:86]                            INFO Iter: 40	 Loss: 937.814968424	 Delta: 4.90385000724

Sun, 21 Dec 2014 13:03:29 JPPCF.py[line:86]                            INFO Iter: 41	 Loss: 934.567607294	 Delta: 3.24736112985

Sun, 21 Dec 2014 13:05:41 JPPCF.py[line:86]                            INFO Iter: 42	 Loss: 930.82995217	 Delta: 3.73765512424

Sun, 21 Dec 2014 13:07:48 JPPCF.py[line:86]                            INFO Iter: 43	 Loss: 925.870409882	 Delta: 4.95954228759

Sun, 21 Dec 2014 13:09:56 JPPCF.py[line:86]                            INFO Iter: 44	 Loss: 922.321251283	 Delta: 3.54915859907

Sun, 21 Dec 2014 13:12:10 JPPCF.py[line:86]                            INFO Iter: 45	 Loss: 918.485460364	 Delta: 3.83579091895

Sun, 21 Dec 2014 13:14:21 JPPCF.py[line:86]                            INFO Iter: 46	 Loss: 915.175091033	 Delta: 3.31036933127

Sun, 21 Dec 2014 13:16:34 JPPCF.py[line:86]                            INFO Iter: 47	 Loss: 911.985215279	 Delta: 3.18987575385

Sun, 21 Dec 2014 13:18:43 JPPCF.py[line:86]                            INFO Iter: 48	 Loss: 909.166422812	 Delta: 2.81879246754

Sun, 21 Dec 2014 13:20:51 JPPCF.py[line:86]                            INFO Iter: 49	 Loss: 906.325790173	 Delta: 2.84063263828

Sun, 21 Dec 2014 13:22:53 JPPCF.py[line:86]                            INFO Iter: 50	 Loss: 903.627223898	 Delta: 2.69856627516

Sun, 21 Dec 2014 13:24:59 JPPCF.py[line:86]                            INFO Iter: 51	 Loss: 900.219937273	 Delta: 3.40728662488

Sun, 21 Dec 2014 13:27:00 JPPCF.py[line:86]                            INFO Iter: 52	 Loss: 896.884958467	 Delta: 3.33497880608

Sun, 21 Dec 2014 13:28:59 JPPCF.py[line:86]                            INFO Iter: 53	 Loss: 894.588667548	 Delta: 2.29629091894

Sun, 21 Dec 2014 13:31:07 JPPCF.py[line:86]                            INFO Iter: 54	 Loss: 892.775375305	 Delta: 1.81329224335

Sun, 21 Dec 2014 13:33:12 JPPCF.py[line:86]                            INFO Iter: 55	 Loss: 891.262747142	 Delta: 1.51262816266

Sun, 21 Dec 2014 13:35:21 JPPCF.py[line:86]                            INFO Iter: 56	 Loss: 889.728169075	 Delta: 1.53457806741

Sun, 21 Dec 2014 13:37:31 JPPCF.py[line:86]                            INFO Iter: 57	 Loss: 887.821559894	 Delta: 1.90660918044

Sun, 21 Dec 2014 13:39:39 JPPCF.py[line:86]                            INFO Iter: 58	 Loss: 885.582077368	 Delta: 2.23948252688

Sun, 21 Dec 2014 13:41:46 JPPCF.py[line:86]                            INFO Iter: 59	 Loss: 883.525652367	 Delta: 2.05642500095

Sun, 21 Dec 2014 13:43:49 JPPCF.py[line:86]                            INFO Iter: 60	 Loss: 881.890729155	 Delta: 1.63492321136

Sun, 21 Dec 2014 13:45:59 JPPCF.py[line:86]                            INFO Iter: 61	 Loss: 880.602760889	 Delta: 1.28796826631

Sun, 21 Dec 2014 13:48:10 JPPCF.py[line:86]                            INFO Iter: 62	 Loss: 879.221299639	 Delta: 1.38146125039

Sun, 21 Dec 2014 13:50:13 JPPCF.py[line:86]                            INFO Iter: 63	 Loss: 877.916644018	 Delta: 1.30465562028

Sun, 21 Dec 2014 13:52:22 JPPCF.py[line:86]                            INFO Iter: 64	 Loss: 876.584612725	 Delta: 1.33203129317

Sun, 21 Dec 2014 13:54:30 JPPCF.py[line:86]                            INFO Iter: 65	 Loss: 875.177568543	 Delta: 1.40704418206

Sun, 21 Dec 2014 13:56:37 JPPCF.py[line:86]                            INFO Iter: 66	 Loss: 873.804976545	 Delta: 1.37259199852

Sun, 21 Dec 2014 13:58:45 JPPCF.py[line:86]                            INFO Iter: 67	 Loss: 872.300912962	 Delta: 1.50406358265

Sun, 21 Dec 2014 14:00:53 JPPCF.py[line:86]                            INFO Iter: 68	 Loss: 871.133320814	 Delta: 1.16759214745

Sun, 21 Dec 2014 14:02:54 JPPCF.py[line:86]                            INFO Iter: 69	 Loss: 870.122567632	 Delta: 1.01075318274

Sun, 21 Dec 2014 14:02:54 JPPCF.py[line:88]                            INFO JPPCF OK

Sun, 21 Dec 2014 14:02:57 demo_at_tsinghua_filter_by_10.py[line:128]                            INFO [ok]
computing t-model NMF decomposition...
Sun, 21 Dec 2014 14:03:07 nmf.py[line:109]                            INFO Iter: 1	 Loss: 1668.08253162	 Delta: 998331.917468

Sun, 21 Dec 2014 14:03:17 nmf.py[line:109]                            INFO Iter: 2	 Loss: 1651.40974432	 Delta: 16.6727872926

Sun, 21 Dec 2014 14:03:27 nmf.py[line:109]                            INFO Iter: 3	 Loss: 1534.30311024	 Delta: 117.106634081

Sun, 21 Dec 2014 14:03:37 nmf.py[line:109]                            INFO Iter: 4	 Loss: 1244.82348827	 Delta: 289.479621977

Sun, 21 Dec 2014 14:03:46 nmf.py[line:109]                            INFO Iter: 5	 Loss: 1001.7334586	 Delta: 243.09002967

Sun, 21 Dec 2014 14:03:56 nmf.py[line:109]                            INFO Iter: 6	 Loss: 851.456143098	 Delta: 150.277315497

Sun, 21 Dec 2014 14:04:07 nmf.py[line:109]                            INFO Iter: 7	 Loss: 752.667869688	 Delta: 98.7882734098

Sun, 21 Dec 2014 14:04:18 nmf.py[line:109]                            INFO Iter: 8	 Loss: 681.045094578	 Delta: 71.6227751102

Sun, 21 Dec 2014 14:04:29 nmf.py[line:109]                            INFO Iter: 9	 Loss: 615.844765797	 Delta: 65.2003287806

Sun, 21 Dec 2014 14:04:40 nmf.py[line:109]                            INFO Iter: 10	 Loss: 566.169767279	 Delta: 49.6749985186

Sun, 21 Dec 2014 14:04:50 nmf.py[line:109]                            INFO Iter: 11	 Loss: 525.52352706	 Delta: 40.6462402189

Sun, 21 Dec 2014 14:05:01 nmf.py[line:109]                            INFO Iter: 12	 Loss: 494.143001889	 Delta: 31.3805251703

Sun, 21 Dec 2014 14:05:13 nmf.py[line:109]                            INFO Iter: 13	 Loss: 468.442749386	 Delta: 25.7002525032

Sun, 21 Dec 2014 14:05:25 nmf.py[line:109]                            INFO Iter: 14	 Loss: 452.570452739	 Delta: 15.8722966471

Sun, 21 Dec 2014 14:05:35 nmf.py[line:109]                            INFO Iter: 15	 Loss: 441.2055514	 Delta: 11.3649013387

Sun, 21 Dec 2014 14:05:47 nmf.py[line:109]                            INFO Iter: 16	 Loss: 432.101223715	 Delta: 9.10432768506

Sun, 21 Dec 2014 14:05:57 nmf.py[line:109]                            INFO Iter: 17	 Loss: 422.259577435	 Delta: 9.84164628059

Sun, 21 Dec 2014 14:06:09 nmf.py[line:109]                            INFO Iter: 18	 Loss: 408.352327964	 Delta: 13.9072494704

Sun, 21 Dec 2014 14:06:20 nmf.py[line:109]                            INFO Iter: 19	 Loss: 394.095038916	 Delta: 14.2572890478

Sun, 21 Dec 2014 14:06:32 nmf.py[line:109]                            INFO Iter: 20	 Loss: 385.640483574	 Delta: 8.45455534269

Sun, 21 Dec 2014 14:06:42 nmf.py[line:109]                            INFO Iter: 21	 Loss: 379.459143643	 Delta: 6.18133993108

Sun, 21 Dec 2014 14:06:53 nmf.py[line:109]                            INFO Iter: 22	 Loss: 374.578578837	 Delta: 4.88056480565

Sun, 21 Dec 2014 14:07:04 nmf.py[line:109]                            INFO Iter: 23	 Loss: 370.016332483	 Delta: 4.5622463539

Sun, 21 Dec 2014 14:07:15 nmf.py[line:109]                            INFO Iter: 24	 Loss: 366.039775876	 Delta: 3.97655660742

Sun, 21 Dec 2014 14:07:26 nmf.py[line:109]                            INFO Iter: 25	 Loss: 363.158918883	 Delta: 2.88085699312

Sun, 21 Dec 2014 14:07:37 nmf.py[line:109]                            INFO Iter: 26	 Loss: 359.933145469	 Delta: 3.22577341389

Sun, 21 Dec 2014 14:07:48 nmf.py[line:109]                            INFO Iter: 27	 Loss: 356.773312685	 Delta: 3.15983278389

Sun, 21 Dec 2014 14:07:58 nmf.py[line:109]                            INFO Iter: 28	 Loss: 353.819181266	 Delta: 2.95413141847

Sun, 21 Dec 2014 14:08:10 nmf.py[line:109]                            INFO Iter: 29	 Loss: 351.484700191	 Delta: 2.33448107526

Sun, 21 Dec 2014 14:08:22 nmf.py[line:109]                            INFO Iter: 30	 Loss: 349.871725127	 Delta: 1.61297506368

Sun, 21 Dec 2014 14:08:33 nmf.py[line:109]                            INFO Iter: 31	 Loss: 348.748378621	 Delta: 1.12334650687

Sun, 21 Dec 2014 14:08:44 nmf.py[line:109]                            INFO Iter: 32	 Loss: 347.919228428	 Delta: 0.829150192906

Sun, 21 Dec 2014 14:08:44 nmf.py[line:113]                            INFO NMF OK
Sun, 21 Dec 2014 14:08:47 demo_at_tsinghua_filter_by_10.py[line:134]                            INFO [ok]
computing fix_model NMF decomposition...
Sun, 21 Dec 2014 14:08:48 demo_at_tsinghua_filter_by_10.py[line:142]                            INFO non zero cell num: 1665
Sun, 21 Dec 2014 14:08:58 nmf.py[line:109]                            INFO Iter: 1	 Loss: 1668.08472376	 Delta: 998331.915276

Sun, 21 Dec 2014 14:09:09 nmf.py[line:109]                            INFO Iter: 2	 Loss: 1651.62440213	 Delta: 16.4603216256

Sun, 21 Dec 2014 14:09:20 nmf.py[line:109]                            INFO Iter: 3	 Loss: 1527.4556604	 Delta: 124.16874173

Sun, 21 Dec 2014 14:09:30 nmf.py[line:109]                            INFO Iter: 4	 Loss: 1247.94782237	 Delta: 279.507838028

Sun, 21 Dec 2014 14:09:40 nmf.py[line:109]                            INFO Iter: 5	 Loss: 986.901801424	 Delta: 261.046020951

Sun, 21 Dec 2014 14:09:52 nmf.py[line:109]                            INFO Iter: 6	 Loss: 801.689816162	 Delta: 185.211985261

Sun, 21 Dec 2014 14:10:03 nmf.py[line:109]                            INFO Iter: 7	 Loss: 720.485567203	 Delta: 81.2042489588

Sun, 21 Dec 2014 14:10:13 nmf.py[line:109]                            INFO Iter: 8	 Loss: 661.254342081	 Delta: 59.2312251228

Sun, 21 Dec 2014 14:10:23 nmf.py[line:109]                            INFO Iter: 9	 Loss: 611.223840472	 Delta: 50.0305016082

Sun, 21 Dec 2014 14:10:34 nmf.py[line:109]                            INFO Iter: 10	 Loss: 561.35538181	 Delta: 49.8684586628

Sun, 21 Dec 2014 14:10:46 nmf.py[line:109]                            INFO Iter: 11	 Loss: 528.836406504	 Delta: 32.5189753053

Sun, 21 Dec 2014 14:10:56 nmf.py[line:109]                            INFO Iter: 12	 Loss: 503.260831601	 Delta: 25.5755749031

Sun, 21 Dec 2014 14:11:08 nmf.py[line:109]                            INFO Iter: 13	 Loss: 481.472722622	 Delta: 21.7881089795

Sun, 21 Dec 2014 14:11:19 nmf.py[line:109]                            INFO Iter: 14	 Loss: 459.403138189	 Delta: 22.0695844331

Sun, 21 Dec 2014 14:11:30 nmf.py[line:109]                            INFO Iter: 15	 Loss: 440.418973769	 Delta: 18.98416442

Sun, 21 Dec 2014 14:11:41 nmf.py[line:109]                            INFO Iter: 16	 Loss: 423.830358207	 Delta: 16.5886155622

Sun, 21 Dec 2014 14:11:53 nmf.py[line:109]                            INFO Iter: 17	 Loss: 410.661624539	 Delta: 13.1687336679

Sun, 21 Dec 2014 14:12:04 nmf.py[line:109]                            INFO Iter: 18	 Loss: 399.879593249	 Delta: 10.7820312901

Sun, 21 Dec 2014 14:12:15 nmf.py[line:109]                            INFO Iter: 19	 Loss: 391.349828678	 Delta: 8.52976457043

Sun, 21 Dec 2014 14:12:27 nmf.py[line:109]                            INFO Iter: 20	 Loss: 384.985143135	 Delta: 6.36468554289

Sun, 21 Dec 2014 14:12:38 nmf.py[line:109]                            INFO Iter: 21	 Loss: 379.581802726	 Delta: 5.40334040878

Sun, 21 Dec 2014 14:12:49 nmf.py[line:109]                            INFO Iter: 22	 Loss: 375.090102791	 Delta: 4.49169993577

Sun, 21 Dec 2014 14:13:01 nmf.py[line:109]                            INFO Iter: 23	 Loss: 370.650058517	 Delta: 4.44004427377

Sun, 21 Dec 2014 14:13:12 nmf.py[line:109]                            INFO Iter: 24	 Loss: 367.058155472	 Delta: 3.59190304492

Sun, 21 Dec 2014 14:13:23 nmf.py[line:109]                            INFO Iter: 25	 Loss: 363.957945745	 Delta: 3.10020972666

Sun, 21 Dec 2014 14:13:33 nmf.py[line:109]                            INFO Iter: 26	 Loss: 361.361648322	 Delta: 2.59629742324

Sun, 21 Dec 2014 14:13:44 nmf.py[line:109]                            INFO Iter: 27	 Loss: 359.490726501	 Delta: 1.87092182132

Sun, 21 Dec 2014 14:13:55 nmf.py[line:109]                            INFO Iter: 28	 Loss: 358.091521869	 Delta: 1.39920463131

Sun, 21 Dec 2014 14:14:06 nmf.py[line:109]                            INFO Iter: 29	 Loss: 356.902556019	 Delta: 1.18896585023

Sun, 21 Dec 2014 14:14:17 nmf.py[line:109]                            INFO Iter: 30	 Loss: 355.840115902	 Delta: 1.06244011748

Sun, 21 Dec 2014 14:14:28 nmf.py[line:109]                            INFO Iter: 31	 Loss: 354.950291579	 Delta: 0.889824322436

Sun, 21 Dec 2014 14:14:28 nmf.py[line:113]                            INFO NMF OK
Sun, 21 Dec 2014 14:14:31 demo_at_tsinghua_filter_by_10.py[line:148]                            INFO [ok]

Sun, 21 Dec 2014 14:14:31 demo_at_tsinghua_filter_by_10.py[line:150]                            INFO 	 fold_id:0

Sun, 21 Dec 2014 14:14:31 demo_at_tsinghua_filter_by_10.py[line:152]                            INFO 	recall at 10:
Sun, 21 Dec 2014 14:14:50 demo_at_tsinghua_filter_by_10.py[line:177]                            INFO 		t-model NMF :  0.263568760838

Sun, 21 Dec 2014 14:14:50 demo_at_tsinghua_filter_by_10.py[line:178]                            INFO 		f-model NMF :  0.284437108177

Sun, 21 Dec 2014 14:14:50 demo_at_tsinghua_filter_by_10.py[line:179]                            INFO 		JPPCF :  0.301113778845

Sun, 21 Dec 2014 14:14:50 demo_at_tsinghua_filter_by_10.py[line:152]                            INFO 	recall at 50:
Sun, 21 Dec 2014 14:15:10 demo_at_tsinghua_filter_by_10.py[line:177]                            INFO 		t-model NMF :  0.529238362011

Sun, 21 Dec 2014 14:15:10 demo_at_tsinghua_filter_by_10.py[line:178]                            INFO 		f-model NMF :  0.571591970121

Sun, 21 Dec 2014 14:15:10 demo_at_tsinghua_filter_by_10.py[line:179]                            INFO 		JPPCF :  0.511327864479

Sun, 21 Dec 2014 14:15:10 demo_at_tsinghua_filter_by_10.py[line:152]                            INFO 	recall at 100:
Sun, 21 Dec 2014 14:15:29 demo_at_tsinghua_filter_by_10.py[line:177]                            INFO 		t-model NMF :  0.645001333867

Sun, 21 Dec 2014 14:15:29 demo_at_tsinghua_filter_by_10.py[line:178]                            INFO 		f-model NMF :  0.662655062025

Sun, 21 Dec 2014 14:15:29 demo_at_tsinghua_filter_by_10.py[line:179]                            INFO 		JPPCF :  0.641029745231

Sun, 21 Dec 2014 14:15:29 demo_at_tsinghua_filter_by_10.py[line:152]                            INFO 	recall at 300:
Sun, 21 Dec 2014 14:15:49 demo_at_tsinghua_filter_by_10.py[line:177]                            INFO 		t-model NMF :  0.821011738029

Sun, 21 Dec 2014 14:15:49 demo_at_tsinghua_filter_by_10.py[line:178]                            INFO 		f-model NMF :  0.839589169001

Sun, 21 Dec 2014 14:15:49 demo_at_tsinghua_filter_by_10.py[line:179]                            INFO 		JPPCF :  0.77133186608

Sun, 21 Dec 2014 14:15:49 demo_at_tsinghua_filter_by_10.py[line:152]                            INFO 	recall at 500:
Sun, 21 Dec 2014 14:16:09 demo_at_tsinghua_filter_by_10.py[line:177]                            INFO 		t-model NMF :  0.858193277311

Sun, 21 Dec 2014 14:16:09 demo_at_tsinghua_filter_by_10.py[line:178]                            INFO 		f-model NMF :  0.880602240896

Sun, 21 Dec 2014 14:16:09 demo_at_tsinghua_filter_by_10.py[line:179]                            INFO 		JPPCF :  0.839052287582

Sun, 21 Dec 2014 14:16:09 demo_at_tsinghua_filter_by_10.py[line:152]                            INFO 	recall at 1000:
Sun, 21 Dec 2014 14:16:30 demo_at_tsinghua_filter_by_10.py[line:177]                            INFO 		t-model NMF :  0.886554621849

Sun, 21 Dec 2014 14:16:30 demo_at_tsinghua_filter_by_10.py[line:178]                            INFO 		f-model NMF :  0.901960784314

Sun, 21 Dec 2014 14:16:30 demo_at_tsinghua_filter_by_10.py[line:179]                            INFO 		JPPCF :  0.922969187675

Sun, 21 Dec 2014 14:16:30 demo_at_tsinghua_filter_by_10.py[line:181]                            INFO current_time_step: 2

Sun, 21 Dec 2014 14:16:30 demo_at_tsinghua_filter_by_10.py[line:184]                            INFO 	recall at 10:
Sun, 21 Dec 2014 14:16:30 demo_at_tsinghua_filter_by_10.py[line:188]                            INFO 		avg t-model NMF :  0.263568760838

Sun, 21 Dec 2014 14:16:30 demo_at_tsinghua_filter_by_10.py[line:189]                            INFO 		avg f-model NMF :  0.284437108177

Sun, 21 Dec 2014 14:16:30 demo_at_tsinghua_filter_by_10.py[line:190]                            INFO 		avg JPPCF :  0.301113778845

Sun, 21 Dec 2014 14:16:30 demo_at_tsinghua_filter_by_10.py[line:184]                            INFO 	recall at 50:
Sun, 21 Dec 2014 14:16:30 demo_at_tsinghua_filter_by_10.py[line:188]                            INFO 		avg t-model NMF :  0.529238362011

Sun, 21 Dec 2014 14:16:30 demo_at_tsinghua_filter_by_10.py[line:189]                            INFO 		avg f-model NMF :  0.571591970121

Sun, 21 Dec 2014 14:16:30 demo_at_tsinghua_filter_by_10.py[line:190]                            INFO 		avg JPPCF :  0.511327864479

Sun, 21 Dec 2014 14:16:30 demo_at_tsinghua_filter_by_10.py[line:184]                            INFO 	recall at 100:
Sun, 21 Dec 2014 14:16:30 demo_at_tsinghua_filter_by_10.py[line:188]                            INFO 		avg t-model NMF :  0.645001333867

Sun, 21 Dec 2014 14:16:30 demo_at_tsinghua_filter_by_10.py[line:189]                            INFO 		avg f-model NMF :  0.662655062025

Sun, 21 Dec 2014 14:16:30 demo_at_tsinghua_filter_by_10.py[line:190]                            INFO 		avg JPPCF :  0.641029745231

Sun, 21 Dec 2014 14:16:30 demo_at_tsinghua_filter_by_10.py[line:184]                            INFO 	recall at 300:
Sun, 21 Dec 2014 14:16:30 demo_at_tsinghua_filter_by_10.py[line:188]                            INFO 		avg t-model NMF :  0.821011738029

Sun, 21 Dec 2014 14:16:30 demo_at_tsinghua_filter_by_10.py[line:189]                            INFO 		avg f-model NMF :  0.839589169001

Sun, 21 Dec 2014 14:16:30 demo_at_tsinghua_filter_by_10.py[line:190]                            INFO 		avg JPPCF :  0.77133186608

Sun, 21 Dec 2014 14:16:30 demo_at_tsinghua_filter_by_10.py[line:184]                            INFO 	recall at 500:
Sun, 21 Dec 2014 14:16:30 demo_at_tsinghua_filter_by_10.py[line:188]                            INFO 		avg t-model NMF :  0.858193277311

Sun, 21 Dec 2014 14:16:30 demo_at_tsinghua_filter_by_10.py[line:189]                            INFO 		avg f-model NMF :  0.880602240896

Sun, 21 Dec 2014 14:16:30 demo_at_tsinghua_filter_by_10.py[line:190]                            INFO 		avg JPPCF :  0.839052287582

Sun, 21 Dec 2014 14:16:30 demo_at_tsinghua_filter_by_10.py[line:184]                            INFO 	recall at 1000:
Sun, 21 Dec 2014 14:16:30 demo_at_tsinghua_filter_by_10.py[line:188]                            INFO 		avg t-model NMF :  0.886554621849

Sun, 21 Dec 2014 14:16:30 demo_at_tsinghua_filter_by_10.py[line:189]                            INFO 		avg f-model NMF :  0.901960784314

Sun, 21 Dec 2014 14:16:30 demo_at_tsinghua_filter_by_10.py[line:190]                            INFO 		avg JPPCF :  0.922969187675

Sun, 21 Dec 2014 14:16:30 demo_at_tsinghua_filter_by_10.py[line:204]                            INFO =========================

Sun, 21 Dec 2014 14:16:30 demo_at_tsinghua_filter_by_10.py[line:102]                            INFO 
=========================

Sun, 21 Dec 2014 14:16:30 demo_at_tsinghua_filter_by_10.py[line:103]                            INFO time_step number %i:	3
Sun, 21 Dec 2014 14:16:30 demo_at_tsinghua_filter_by_10.py[line:104]                            INFO ----------------

Sun, 21 Dec 2014 14:16:30 demo_at_tsinghua_filter_by_10.py[line:119]                            INFO non zero cell num: 2740
Sun, 21 Dec 2014 14:16:30 demo_at_tsinghua_filter_by_10.py[line:122]                            INFO computing JPP decomposition...
Sun, 21 Dec 2014 14:18:37 JPPCF.py[line:86]                            INFO Iter: 1	 Loss: 5645.49518939	 Delta: 994354.504811

Sun, 21 Dec 2014 14:20:42 JPPCF.py[line:86]                            INFO Iter: 2	 Loss: 5611.63128941	 Delta: 33.8638999821

Sun, 21 Dec 2014 14:22:47 JPPCF.py[line:86]                            INFO Iter: 3	 Loss: 4235.74123238	 Delta: 1375.89005702

Sun, 21 Dec 2014 14:24:54 JPPCF.py[line:86]                            INFO Iter: 4	 Loss: 3744.94221005	 Delta: 490.799022339

Sun, 21 Dec 2014 14:26:57 JPPCF.py[line:86]                            INFO Iter: 5	 Loss: 3136.47845052	 Delta: 608.463759528

Sun, 21 Dec 2014 14:28:59 JPPCF.py[line:86]                            INFO Iter: 6	 Loss: 2811.92699113	 Delta: 324.551459385

Sun, 21 Dec 2014 14:31:05 JPPCF.py[line:86]                            INFO Iter: 7	 Loss: 2553.92005979	 Delta: 258.006931341

Sun, 21 Dec 2014 14:33:11 JPPCF.py[line:86]                            INFO Iter: 8	 Loss: 2335.19960064	 Delta: 218.720459157

Sun, 21 Dec 2014 14:35:15 JPPCF.py[line:86]                            INFO Iter: 9	 Loss: 2138.90970838	 Delta: 196.289892258

Sun, 21 Dec 2014 14:37:21 JPPCF.py[line:86]                            INFO Iter: 10	 Loss: 1964.29683627	 Delta: 174.612872106

Sun, 21 Dec 2014 14:39:29 JPPCF.py[line:86]                            INFO Iter: 11	 Loss: 1841.4496562	 Delta: 122.847180074

Sun, 21 Dec 2014 14:41:35 JPPCF.py[line:86]                            INFO Iter: 12	 Loss: 1769.59641919	 Delta: 71.8532370049

Sun, 21 Dec 2014 14:43:42 JPPCF.py[line:86]                            INFO Iter: 13	 Loss: 1719.88016282	 Delta: 49.7162563732

Sun, 21 Dec 2014 14:45:48 JPPCF.py[line:86]                            INFO Iter: 14	 Loss: 1678.42173239	 Delta: 41.4584304342

Sun, 21 Dec 2014 14:47:59 JPPCF.py[line:86]                            INFO Iter: 15	 Loss: 1644.56018333	 Delta: 33.8615490544

Sun, 21 Dec 2014 14:50:18 JPPCF.py[line:86]                            INFO Iter: 16	 Loss: 1611.78403011	 Delta: 32.7761532227

Sun, 21 Dec 2014 14:52:32 JPPCF.py[line:86]                            INFO Iter: 17	 Loss: 1587.01066426	 Delta: 24.7733658528

Sun, 21 Dec 2014 14:54:44 JPPCF.py[line:86]                            INFO Iter: 18	 Loss: 1569.28963439	 Delta: 17.7210298612

Sun, 21 Dec 2014 14:56:58 JPPCF.py[line:86]                            INFO Iter: 19	 Loss: 1552.12014575	 Delta: 17.169488646

Sun, 21 Dec 2014 14:59:14 JPPCF.py[line:86]                            INFO Iter: 20	 Loss: 1535.45599388	 Delta: 16.6641518637

Sun, 21 Dec 2014 15:01:26 JPPCF.py[line:86]                            INFO Iter: 21	 Loss: 1520.02174239	 Delta: 15.4342514933

Sun, 21 Dec 2014 15:03:37 JPPCF.py[line:86]                            INFO Iter: 22	 Loss: 1506.62579914	 Delta: 13.3959432497

Sun, 21 Dec 2014 15:05:53 JPPCF.py[line:86]                            INFO Iter: 23	 Loss: 1496.83007176	 Delta: 9.79572738404

Sun, 21 Dec 2014 15:08:06 JPPCF.py[line:86]                            INFO Iter: 24	 Loss: 1486.45462076	 Delta: 10.3754509946

Sun, 21 Dec 2014 15:10:16 JPPCF.py[line:86]                            INFO Iter: 25	 Loss: 1476.87542205	 Delta: 9.57919871204

Sun, 21 Dec 2014 15:12:24 JPPCF.py[line:86]                            INFO Iter: 26	 Loss: 1467.13859136	 Delta: 9.73683068978

Sun, 21 Dec 2014 15:14:33 JPPCF.py[line:86]                            INFO Iter: 27	 Loss: 1456.68712171	 Delta: 10.4514696486

Sun, 21 Dec 2014 15:16:43 JPPCF.py[line:86]                            INFO Iter: 28	 Loss: 1445.55249116	 Delta: 11.1346305479

Sun, 21 Dec 2014 15:18:53 JPPCF.py[line:86]                            INFO Iter: 29	 Loss: 1435.18993903	 Delta: 10.3625521299

Sun, 21 Dec 2014 15:21:02 JPPCF.py[line:86]                            INFO Iter: 30	 Loss: 1425.12684388	 Delta: 10.0630951524

Sun, 21 Dec 2014 15:23:14 JPPCF.py[line:86]                            INFO Iter: 31	 Loss: 1416.98271495	 Delta: 8.14412893147

Sun, 21 Dec 2014 15:25:24 JPPCF.py[line:86]                            INFO Iter: 32	 Loss: 1408.99850771	 Delta: 7.98420723808

Sun, 21 Dec 2014 15:27:30 JPPCF.py[line:86]                            INFO Iter: 33	 Loss: 1401.74240269	 Delta: 7.25610502047

Sun, 21 Dec 2014 15:29:40 JPPCF.py[line:86]                            INFO Iter: 34	 Loss: 1395.75520623	 Delta: 5.98719646533

Sun, 21 Dec 2014 15:31:50 JPPCF.py[line:86]                            INFO Iter: 35	 Loss: 1391.34099493	 Delta: 4.41421129913

Sun, 21 Dec 2014 15:33:59 JPPCF.py[line:86]                            INFO Iter: 36	 Loss: 1388.21122398	 Delta: 3.12977094376

Sun, 21 Dec 2014 15:36:05 JPPCF.py[line:86]                            INFO Iter: 37	 Loss: 1385.00915209	 Delta: 3.20207189501

Sun, 21 Dec 2014 15:38:11 JPPCF.py[line:86]                            INFO Iter: 38	 Loss: 1380.96286556	 Delta: 4.04628653097

Sun, 21 Dec 2014 15:40:21 JPPCF.py[line:86]                            INFO Iter: 39	 Loss: 1376.71380291	 Delta: 4.2490626503

Sun, 21 Dec 2014 15:42:31 JPPCF.py[line:86]                            INFO Iter: 40	 Loss: 1373.40218087	 Delta: 3.31162203377

Sun, 21 Dec 2014 15:44:43 JPPCF.py[line:86]                            INFO Iter: 41	 Loss: 1370.86529998	 Delta: 2.53688089563

Sun, 21 Dec 2014 15:47:00 JPPCF.py[line:86]                            INFO Iter: 42	 Loss: 1369.20183603	 Delta: 1.6634639525

